2.0,20.4005,38.7748,39.4205
8002.0,23.8008,39.1221,43.3049
16002.0,25.4353,39.0025,47.2202
24002.0,25.5423,38.8648,2.60452
32002.0,25.9754,38.6004,6.5968
40002.0,26.3567,38.6873,11.3511
48002.0,26.9694,38.2177,15.5166
56002.0,26.785,37.6464,19.9138
64002.0,26.4871,37.8505,23.881999999999998
72002.0,28.5372,37.7298,27.6359
80002.0,29.0636,37.9819,31.1396
88002.0,29.9392,37.8399,35.8356
96002.0,30.4433,37.8925,40.0017
104002.0,30.8884,37.7245,43.6936
112002.0,31.1285,37.1841,46.0134
120002.0,31.6894,37.4002,0.471137
128002.0,32.1766,36.2081,5.44315
136002.0,34.1401,36.3643,10.2779
144002.0,34.6115,36.5487,14.7785
152002.0,35.3608,37.1986,18.7745
160002.0,38.5418,36.8901,22.8699
168002.0,38.9314,36.9338,27.3684
176002.0,38.7817,36.4974,31.906999999999996
184002.0,39.1504,36.1817,35.8752
192002.0,39.0162,36.0433,40.4806
200002.0,39.5631,36.0448,45.1971
208002.0,40.3764,36.2727,49.0395
216002.0,41.1563,36.3339,4.637
224002.0,41.5135,36.0414,9.230260000000001
232002.0,42.1703,35.221,14.2282
240002.0,42.8651,34.6035,18.5694
248002.0,43.4561,34.007,22.8751
256002.0,43.8515,34.199,28.1005
264002.0,44.4252,34.3237,33.428000000000004
272002.0,45.1839,34.2897,38.3361
280002.0,46.0777,34.1936,42.5926
288002.0,47.0726,34.0168,47.6719
296002.0,46.6486,34.6382,2.57808
304002.0,47.9782,33.8971,7.259410000000001
312002.0,4.64686,32.984,12.1979
320002.0,8.304210000000001,30.5908,19.3586
328002.0,10.5589,31.2044,23.8554
336002.0,11.6782,31.2945,28.7144
344002.0,12.0846,31.6027,34.2737
352002.0,12.8624,31.4675,37.5595
360002.0,13.8807,31.9835,41.8238
368002.0,14.7545,31.7776,46.3979
376002.0,14.1762,32.1115,2.34735
384002.0,15.4424,32.1564,6.23843
392002.0,15.6079,32.1505,10.3698
400002.0,15.8384,32.346,15.4791
408002.0,16.1283,31.9778,19.9761
416002.0,16.4147,32.1482,24.2156
424002.0,17.1981,32.757,29.0891
432002.0,18.027,32.8539,33.3257
440002.0,18.2213,32.8632,38.5089
448002.0,18.3052,33.1174,43.4026
456002.0,18.4205,33.7445,46.9643
464002.0,19.0794,34.195,1.24777
472002.0,19.5208,34.9735,6.10506
480002.0,20.3457,35.6527,10.9437
488002.0,20.7328,35.4014,15.4868
496002.0,21.6564,35.5217,20.3361
504002.0,20.8602,35.6112,25.203000000000003
512002.0,21.0529,35.8907,29.8456
520002.0,21.374000000000002,36.1862,34.5444
528002.0,21.3054,35.8979,39.7346
536002.0,22.4496,35.9781,44.4695
544002.0,24.3164,36.2659,48.6082
552002.0,25.87,36.2063,3.70644
560002.0,27.2158,36.4621,7.67373
568002.0,27.872,36.2183,11.6647
576002.0,28.7824,36.1691,17.0974
584002.0,29.1559,36.1018,21.893
592002.0,30.546999999999997,36.4095,25.2495
600002.0,31.0831,36.5391,30.1751
608002.0,31.7603,36.6064,34.1994
616002.0,33.2027,36.3252,38.9432
624002.0,33.2633,35.7873,43.795
632002.0,33.0217,35.85,48.4568
640002.0,33.3279,35.969,3.26083
648002.0,33.7816,36.1342,6.126
656002.0,34.1759,35.8624,10.5258
664002.0,34.5118,35.7606,15.2786
672002.0,34.5314,35.7824,20.0511
680002.0,34.5348,36.0055,24.319000000000003
688002.0,34.9169,36.1698,29.1737
696002.0,34.9974,36.3667,33.8186
704002.0,34.9481,36.2968,39.1507
712002.0,34.507,36.3391,44.2782
720002.0,34.836,36.5712,48.6335
728002.0,34.6377,36.0616,4.01034
736002.0,34.3759,36.5913,8.84115
744002.0,35.1816,36.8057,14.0381
752002.0,34.9089,36.6813,18.6278
760002.0,35.4351,36.8681,23.6493
768002.0,35.6333,37.1085,28.2737
776002.0,35.9191,37.1248,33.8889
784002.0,36.0509,37.099000000000004,37.9643
792002.0,36.5569,37.1894,42.4488
800002.0,36.9354,36.8897,47.4142
808002.0,37.2746,37.0739,2.78363
816002.0,37.4825,37.3364,7.698739999999999
824002.0,37.8363,37.1644,11.9199
832002.0,38.0747,37.1182,16.9877
840002.0,38.3672,37.1987,21.6774
848002.0,39.7246,37.7319,27.0109
856002.0,41.3774,37.836999999999996,31.5224
864002.0,41.9747,37.7042,36.2652
872002.0,41.913000000000004,37.3058,40.7887
880002.0,42.5291,37.1262,45.349
888002.0,43.2817,37.7114,0.7054699999999999
896002.0,44.4949,37.5266,4.65233
904002.0,45.4102,37.6016,9.78725
912002.0,46.5447,37.5942,13.6973
920002.0,47.2452,37.6495,18.0123
928002.0,46.7948,37.7479,23.2559
936002.0,47.3681,37.8208,27.7943
944002.0,48.1543,37.4409,31.7923
952002.0,49.3414,37.0825,35.9235
960002.0,49.3796,37.1339,40.8693
968002.0,49.2639,37.304,45.6796
976002.0,0.371278,37.5098,0.9647389999999999
984002.0,0.459924,37.8254,5.67047
992002.0,49.2869,38.0342,9.28533
1000002.0,49.3296,38.2977,13.5305
1008002.0,49.1175,38.4426,17.6181
1016002.0,49.2261,38.8723,22.2923
1024002.0,49.4615,39.0179,26.8309
1032002.0,0.113679,38.8846,30.6326
1040002.0,0.322823,38.9697,35.2257
1048002.0,0.218023,39.0376,40.0847
1056002.0,0.0102482,38.5303,44.2377
1064002.0,0.456074,38.5699,49.0367
1072002.0,0.7815409999999999,38.5628,4.2574
1080002.0,0.831592,38.3766,8.895010000000001
1088002.0,1.17784,38.5239,13.3804
1096002.0,1.52593,38.6654,18.4192
1104002.0,1.8004099999999998,38.7871,22.9312
1112002.0,1.9534200000000002,38.8321,27.8627
1120002.0,1.9438900000000001,38.7707,32.4413
1128002.0,2.5007200000000003,39.1797,37.236
1136002.0,2.83663,38.8586,42.3813
1144002.0,2.88033,38.6173,46.3812
1152002.0,3.42147,38.3252,1.74122
1160002.0,3.5945699999999996,38.6431,7.020760000000001
1168002.0,3.77708,38.4623,11.8069
1176002.0,4.0587,38.4874,16.563
1184002.0,4.53998,38.9376,21.4205
1192002.0,4.80391,39.0785,25.7731
1200002.0,5.315580000000001,39.0794,29.9575
1208002.0,5.83587,39.0067,34.9238
1216002.0,6.41064,39.2209,38.9056
1224002.0,6.3230699999999995,39.1399,44.1634
1232002.0,6.77584,39.2635,49.1864
1240002.0,7.05128,39.2767,4.33767
1248002.0,7.48958,39.3016,8.78392
1256002.0,7.98689,38.6734,13.937000000000001
1264002.0,8.22277,38.8756,18.9198
1272002.0,8.48006,38.9066,24.0762
1280002.0,9.66468,38.8299,28.7997
1288002.0,10.0589,38.7571,33.3074
1296002.0,10.2955,39.0783,38.071
1304002.0,10.9415,39.0175,42.4603
1312002.0,11.2168,38.9382,47.6546
1320002.0,12.1728,38.7901,2.91378
1328002.0,12.8008,38.8764,7.78032
1336002.0,13.5508,39.0239,12.7844
1344002.0,13.6654,39.4938,17.1606
1352002.0,14.1559,39.2657,22.916
1360002.0,14.3413,39.3037,27.8544
1368002.0,14.9304,39.4517,32.4984
1376002.0,15.2283,39.3298,37.5856
1384002.0,15.5657,39.1606,41.9646
1392002.0,15.5305,39.4446,46.9726
1400002.0,16.4716,39.2418,2.9342799999999998
1408002.0,16.5298,39.8127,8.52807
1416002.0,16.6881,39.9173,13.7867
1424002.0,16.9476,40.2184,18.7654
1432002.0,17.0573,40.3857,23.9492
1440002.0,18.3774,40.6176,29.281999999999996
1448002.0,18.3373,40.3103,33.9929
1456002.0,19.4565,40.0494,38.0939
1464002.0,19.9894,39.7827,42.8018
1472002.0,19.9866,39.2179,47.5639
1480002.0,20.9372,38.4802,2.97296
1488002.0,21.3145,38.5442,7.14633
1496002.0,22.0367,38.3508,11.6537
1504002.0,21.7832,38.4392,17.7109
1512002.0,22.1983,38.3431,23.1629
1520002.0,22.9373,38.3373,27.5953
1528002.0,24.0063,38.1188,32.5979
1536002.0,24.898000000000003,38.1416,36.6432
1544002.0,25.4756,38.2682,41.3592
1552002.0,27.5391,38.326,45.4992
1560002.0,28.6046,38.538000000000004,0.9885940000000001
1568002.0,28.9768,38.75,5.64179
1576002.0,28.8617,39.0078,10.8768
1584002.0,29.2647,39.1204,16.1251
1592002.0,29.614,39.3447,20.9988
1600002.0,30.2549,39.483000000000004,25.9263
1608002.0,30.278000000000002,39.5937,30.9878
1616002.0,30.6329,39.9643,35.757
1624002.0,31.0879,39.8794,40.3441
1632002.0,31.4876,39.6639,44.9234
1640002.0,32.0693,39.7036,0.656779
1648002.0,32.4228,39.7759,4.8901699999999995
1656002.0,32.4557,40.5975,9.85924
1664002.0,32.6582,40.5835,14.7362
1672002.0,32.9405,40.6442,19.25
1680002.0,33.1475,40.6198,24.5846
1688002.0,32.9143,40.8365,29.4319
1696002.0,32.9399,40.8296,34.621
1704002.0,32.9093,41.1741,39.6337
1712002.0,32.9147,41.2702,44.6555
1720002.0,33.0758,41.4814,49.0265
1728002.0,33.4667,41.5552,3.99197
1736002.0,33.6236,41.5836,8.83584
1744002.0,33.4732,41.7523,13.3325
1752002.0,33.2814,41.9996,17.4432
1760002.0,33.2867,41.8616,22.1828
1768002.0,33.2829,41.9331,26.758000000000003
1776002.0,33.4315,41.7734,31.8515
1784002.0,33.7346,41.8187,36.1183
1792002.0,33.8592,41.6978,40.5886
1800002.0,34.1382,41.633,45.7401
1808002.0,34.6397,41.5744,0.796929
1816002.0,34.8556,41.992,5.11845
1824002.0,34.9339,42.3101,10.0229
1832002.0,35.1111,42.4841,14.5834
1840002.0,35.7703,42.4975,19.2391
1848002.0,36.0275,42.3475,23.9671
1856002.0,36.4804,42.1356,28.6373
1864002.0,36.3091,42.7692,32.5634
1872002.0,36.4882,42.781000000000006,37.5016
1880002.0,37.5229,42.4491,42.2549
1888002.0,38.8134,42.4016,47.1218
1896002.0,39.1788,42.5202,2.64137
1904002.0,39.2375,42.4688,8.02941
1912002.0,39.042,43.1236,12.9771
1920002.0,39.1231,43.4177,17.9825
1928002.0,39.1906,43.6679,23.1203
1936002.0,39.2373,43.7404,28.3148
1944002.0,39.2331,43.8634,33.2146
1952002.0,39.3132,44.5858,38.4134
1960002.0,39.1756,44.5066,43.1539
1968002.0,39.3452,44.6762,47.9821
1976002.0,39.8557,45.1307,3.23374
1984002.0,40.0683,45.1517,8.14787
1992002.0,40.1608,45.0683,12.9796
2000002.0,40.7153,44.8401,17.7459
2008002.0,40.9108,45.0058,23.0277
2016002.0,41.0525,45.0437,28.1984
2024002.0,41.0627,44.9244,33.0996
2032002.0,41.2572,44.5554,37.6429
2040002.0,41.434,44.9393,42.4741
2048002.0,41.7276,44.7969,47.5159
2056002.0,42.098,44.6836,2.6676
2064002.0,42.2717,44.5363,7.04501
2072002.0,42.8407,44.2145,11.3936
2080002.0,42.902,43.9628,16.1469
2088002.0,43.3115,44.1047,20.7695
2096002.0,43.3759,44.1284,25.8686
2104002.0,43.6807,44.4305,29.799
2112002.0,44.0348,45.0158,34.6853
2120002.0,44.1869,45.3836,40.6782
2128002.0,44.2097,45.4638,45.6853
2136002.0,44.5437,45.2708,1.19833
2144002.0,44.9566,45.743,6.52996
2152002.0,45.0327,45.7091,11.373
2160002.0,45.1831,46.0557,16.4746
2168002.0,45.5704,46.4844,21.8126
2176002.0,45.6555,46.3756,26.6896
2184002.0,46.1961,46.4795,32.2997
2192002.0,45.9386,46.7485,37.2054
2200002.0,45.5999,46.5974,42.0477
2208002.0,45.7328,46.5834,46.6431
2216002.0,45.8196,46.6113,1.8438299999999999
2224002.0,46.2605,46.7421,7.721030000000001
2232002.0,46.328,46.7169,12.8645
2240002.0,46.5242,46.6707,17.8714
2248002.0,46.6757,46.5843,22.5735
2256002.0,46.6133,46.9646,26.703000000000003
2264002.0,46.7399,46.8631,31.6395
2272002.0,47.1159,46.6243,37.4456
2280002.0,47.4097,46.8236,42.3198
2288002.0,47.4892,46.6854,47.3638
2296002.0,47.5091,46.6927,2.45873
2304002.0,48.1056,46.7654,7.2007699999999994
2312002.0,47.7929,46.8221,11.9822
2320002.0,48.2796,46.675,16.8033
2328002.0,48.7303,46.5677,21.5046
2336002.0,49.0117,46.3032,26.1505
2344002.0,0.0187684,46.0969,31.2597
2352002.0,0.317452,46.1651,36.3779
2360002.0,0.750302,46.2979,41.0742
2368002.0,0.781844,46.6174,45.9612
2376002.0,0.150131,47.1188,1.59742
2384002.0,0.0270077,46.7405,6.684
2392002.0,0.0321986,46.7307,11.7192
2400002.0,0.142735,46.7411,16.6117
2408002.0,0.159196,46.7168,21.4356
2414002.0,0.0830862,46.7826,25.275
2422002.0,0.516559,46.8596,31.1329
2430002.0,1.6682,47.3603,36.4307
2438002.0,3.05176,47.4678,41.5061
2446002.0,3.7996800000000004,47.2962,46.5209
2454002.0,3.6112300000000004,47.365,1.84454
2462002.0,3.90889,47.4912,6.88219
2470002.0,4.70719,47.3089,11.5751
2478002.0,4.95463,47.5752,16.4663
2486002.0,4.94194,47.6591,21.4695
2494002.0,4.93762,47.4957,26.1826
2502002.0,4.9215,47.4446,31.1206
2510002.0,5.502190000000001,47.4934,35.8231
2518002.0,5.27775,47.5298,40.3513
2526002.0,6.3331,47.4489,44.8612
2534002.0,7.09558,47.5356,49.1419
2542002.0,7.24712,47.4223,4.57083
2550002.0,7.7876,47.4388,9.53595
2558002.0,8.44309,47.4733,14.1147
2566002.0,9.38412,47.7684,19.3179
2574002.0,11.5212,47.8515,24.1237
2582002.0,13.7196,47.6965,28.3922
2590002.0,15.4207,47.6386,33.286
2598002.0,17.2529,47.6911,38.5822
2606002.0,17.988,47.7188,43.2087
2614002.0,18.882,47.6109,48.2742
2622002.0,19.9994,47.7075,3.32427
2630002.0,20.3077,47.6517,8.03474
2638002.0,20.3956,47.7072,12.815999999999999
2646002.0,20.8561,47.711000000000006,17.7229
2654002.0,21.2893,47.6612,22.6707
2662002.0,21.3235,47.6382,27.3024
2670002.0,21.6876,47.6376,32.4159
2678002.0,22.5396,47.6517,37.4555
2686002.0,23.9358,47.5487,42.5565
2694002.0,24.4855,47.573,47.4806
2702002.0,24.9009,47.5576,3.10426
2710002.0,25.3801,47.5273,8.28042
2718002.0,26.1633,47.6323,13.405
2726002.0,26.7176,47.6309,18.2392
2734002.0,27.1611,47.6283,23.0143
2742002.0,27.605999999999998,47.6325,27.8807
2750002.0,28.703000000000003,47.64,32.8823
2758002.0,30.4137,47.7131,38.0666
2766002.0,30.5443,47.5904,43.162
2774002.0,30.5808,47.553000000000004,47.9548
2782002.0,30.6652,47.5132,3.57919
2790002.0,30.4494,47.4898,8.37059
2798002.0,30.9233,47.5882,13.3187
2806002.0,31.67,47.6007,18.3153
2814002.0,31.724,47.5662,23.4526
2822002.0,32.0552,47.6292,28.313000000000002
2830002.0,32.3119,47.7283,33.2865
2838002.0,32.6756,47.6584,38.0909
2846002.0,34.7368,47.7329,43.1604
2854002.0,35.4996,47.7139,48.2762
2862002.0,36.4552,47.7838,4.00493
2870002.0,36.7281,47.7455,9.35628
2878002.0,37.53,47.743,13.9748
2886002.0,37.4799,47.7694,19.0333
2894002.0,37.6173,47.6745,23.8528
2902002.0,37.8184,47.6191,28.593000000000004
2910002.0,38.3932,47.5336,33.7012
2918002.0,39.2599,47.41,39.2406
2926002.0,39.6885,47.5621,44.5844
2934002.0,40.0319,47.5937,0.35275100000000004
2942002.0,40.0686,47.531000000000006,5.47754
2950002.0,40.0227,47.313,10.3738
2958002.0,40.0995,47.1924,15.2134
2966002.0,40.3435,47.1183,20.203
2974002.0,40.5779,47.076,25.1718
2982002.0,40.6637,47.0077,30.273000000000003
2990002.0,40.6444,47.0145,35.1638
2998002.0,40.5931,46.9722,40.0276
3006002.0,40.7803,46.9387,45.0358
3014002.0,40.7737,46.9816,0.729671
3022002.0,40.9432,46.9709,5.64746
3030002.0,41.3342,46.9277,10.7203
3038002.0,41.9339,46.9904,15.7596
3046002.0,42.3492,46.911,21.0923
3054002.0,43.4246,47.092,26.342
3062002.0,43.9046,47.1309,31.4797
3070002.0,44.1832,47.0634,36.9948
3078002.0,44.0316,47.1428,42.148
3086002.0,43.9454,46.9214,47.3434
3094002.0,44.1423,46.9169,2.8633900000000003
3102002.0,44.7249,46.4861,7.16144
3110002.0,44.7699,46.5587,12.1601
3118002.0,45.0756,46.4484,17.0435
3126002.0,45.1655,46.6451,22.5088
3134002.0,45.176,46.8859,27.4066
3142002.0,45.075,47.1245,32.1836
3150002.0,45.5897,47.145,36.6191
3158002.0,46.8203,47.5345,41.7351
3166002.0,47.3287,47.556999999999995,46.0878
3174002.0,47.3168,47.5656,49.4061
3182002.0,47.36600000000001,47.6095,4.93076
3190002.0,47.5705,47.5271,9.50197
3198002.0,47.6525,47.4978,14.4109
3206002.0,48.4464,47.4913,18.7895
3214002.0,0.012569499999999999,47.5208,23.1759
3222002.0,0.515482,47.5975,27.9896
3230002.0,0.6513770000000001,47.4899,33.0666
3238002.0,1.0322799999999999,47.4897,38.0229
3246002.0,1.06483,47.5034,42.8724
3254002.0,1.52072,47.4896,47.6288
3262002.0,1.54329,47.5164,2.45127
3270002.0,1.7399900000000001,47.4822,7.0273699999999995
3278002.0,1.9133200000000001,47.3814,12.0402
3286002.0,2.19411,47.1586,17.143
3294002.0,2.10185,47.2486,21.0543
3302002.0,2.3052200000000003,47.3385,25.9227
3310002.0,2.6754700000000002,47.3628,30.5745
3318002.0,2.8127400000000002,47.3611,35.0364
3326002.0,2.84516,47.2575,39.3014
3334002.0,3.1448,47.4501,44.1147
3342002.0,3.3320800000000004,47.5125,49.1994
3350002.0,3.40668,47.442,4.28165
3358002.0,3.92559,47.4385,9.24837
3366002.0,5.2709,47.4076,13.991
3374002.0,5.3271,47.3669,18.1036
3382002.0,5.765569999999999,47.1112,23.315
3390002.0,7.090310000000001,46.93600000000001,27.8495
3398002.0,7.29622,46.9117,32.6549
3406002.0,7.63841,47.0307,37.3512
3414002.0,8.755560000000001,47.0732,42.5399
3422002.0,9.87066,47.248999999999995,47.342
3430002.0,11.3374,47.141999999999996,2.9319900000000003
3438002.0,11.6451,47.1969,8.020389999999999
3446002.0,11.6282,47.1809,12.9938
3454002.0,11.562999999999999,46.9952,18.159000000000002
3462002.0,12.3685,47.0046,22.7518
3470002.0,12.587,46.9809,27.2043
3478002.0,12.6203,47.114,32.1027
3486002.0,13.1747,46.8275,36.565
3494002.0,13.349,46.8518,41.3414
3502002.0,13.6413,46.5192,46.3986
3510002.0,13.5757,46.3932,1.5949799999999998
3518002.0,13.6004,46.3949,6.5781
3526002.0,14.2025,46.727,11.4436
3534002.0,14.01,46.7655,16.3653
3542002.0,13.5721,46.3233,21.6277
3550002.0,13.9296,46.6873,26.2485
3558002.0,14.0918,46.6354,31.1928
3566002.0,14.5314,46.6614,36.2121
3574002.0,15.0444,46.851000000000006,40.8459
3582002.0,15.1415,46.5566,46.1281
3590002.0,14.8657,46.6339,1.7068
3598002.0,14.8575,46.733000000000004,7.037719999999999
3606002.0,15.1686,46.5764,12.2516
3614002.0,15.2199,46.5507,17.272000000000002
3622002.0,15.2352,46.2453,22.0887
3630002.0,15.532,46.3467,26.9838
3638002.0,15.6381,46.2098,31.9366
3646002.0,15.7165,45.8476,36.4437
3654002.0,16.0208,45.6165,41.4595
3662002.0,16.1361,46.0815,46.3146
3670002.0,16.4587,46.2734,1.18016
3678002.0,16.557000000000002,46.2226,5.95849
3686002.0,16.6863,46.0675,11.0937
3694002.0,16.7515,46.4119,16.3288
3702002.0,16.8949,46.6004,21.6482
3710002.0,16.6477,46.7488,26.5004
3718002.0,16.6431,46.64,31.4634
3726002.0,16.4623,46.4284,36.2149
3734002.0,16.3521,46.5522,41.4081
3742002.0,16.5699,46.7109,46.4671
3750002.0,17.5539,46.6919,2.19523
3758002.0,18.5967,46.7411,7.56278
3766002.0,20.0227,46.7804,12.3252
3774002.0,20.4535,46.8493,17.6742
3782002.0,20.985,47.0083,22.6618
3790002.0,20.935,46.7635,27.6743
3798002.0,21.2167,46.7846,32.650999999999996
3806002.0,21.6773,46.9677,37.7253
3814002.0,22.7264,46.4304,42.3762
3822002.0,23.8248,46.5722,47.2441
3830002.0,24.7515,46.7693,2.74473
3838002.0,24.9526,46.7893,7.6094100000000005
3846002.0,24.9316,46.7014,12.6569
3854002.0,25.2294,46.6813,17.6699
3862002.0,25.6138,46.4195,22.4575
3870002.0,26.2428,46.6693,27.6212
3878002.0,25.9713,46.33,32.4202
3886002.0,26.6686,47.1431,37.7386
3894002.0,26.8274,47.0499,42.6419
3902002.0,27.0824,47.0474,47.6347
3910002.0,28.1174,47.1697,3.2233
3918002.0,29.1507,47.0834,8.54106
3926002.0,30.2413,46.8124,13.015
3934002.0,30.2668,46.8092,18.0123
3942002.0,30.195,46.8647,22.9723
3950002.0,30.0953,46.71,27.7538
3958002.0,29.8281,46.75,32.6726
3966002.0,30.1894,46.843,37.6127
3974002.0,30.8539,47.0342,42.4713
3982002.0,31.2126,47.1049,47.2297
3990002.0,31.3431,47.2569,2.5968299999999997
3998002.0,31.66,47.1911,7.357239999999999
4006002.0,32.389,47.2757,12.524000000000001
4014002.0,32.5235,47.2591,17.4953
4022002.0,32.7199,47.1517,22.3655
4030002.0,33.0654,47.0447,27.1857
4038002.0,33.4781,46.923,31.9085
4046002.0,34.3738,46.3456,35.9314
4054002.0,34.8937,46.0043,40.8452
4062002.0,35.7689,46.0931,45.8212
4070002.0,35.7062,46.0958,0.725396
4078002.0,35.5318,46.5124,6.02683
4086002.0,35.9515,46.6948,10.7967
4094002.0,36.1833,46.6156,15.3604
4102002.0,35.7845,46.6524,20.1434
4110002.0,35.827,46.7639,24.9938
4118002.0,36.0922,46.574,29.8748
4126002.0,35.977,46.5511,34.9881
4134002.0,36.5546,46.19,39.0297
4142002.0,36.1954,45.6977,43.361000000000004
4150002.0,35.9504,44.8508,47.7965
4158002.0,36.1538,44.7443,3.08716
4166002.0,37.1254,44.3653,7.83127
4174002.0,37.8692,43.9431,12.6618
4182002.0,38.5866,43.8484,17.6696
4190002.0,39.4073,44.25,22.1362
4198002.0,40.1514,44.3016,26.9809
4206002.0,40.8085,44.4067,31.72
4214002.0,41.4903,44.6615,36.7988
4222002.0,42.4042,44.2842,41.7375
4230002.0,43.2039,44.1395,46.2557
4238002.0,44.2621,43.8049,1.4758200000000001
4246002.0,44.9317,43.9247,6.314080000000001
4254002.0,45.748999999999995,43.9555,12.1088
4262002.0,46.6248,43.9445,17.5009
4270002.0,46.6552,43.8561,22.505
4278002.0,46.9848,43.794,27.6422
4286002.0,47.1913,43.7783,32.7799
4294002.0,47.3563,43.845,37.7753
4302002.0,48.096000000000004,43.9069,42.8871
4310002.0,47.6578,43.8831,48.0026
4318002.0,47.7668,43.8612,2.94099
4326002.0,48.1896,43.7824,7.548989999999999
4334002.0,49.1843,43.5617,12.0607
4342002.0,49.4665,43.0163,16.4333
4350002.0,49.3267,43.3641,21.1776
4358002.0,0.0892755,43.6396,25.8595
4366002.0,0.57304,43.3328,30.1704
4374002.0,0.552615,43.0083,34.257
4382002.0,0.7767390000000001,42.861000000000004,38.6045
4390002.0,1.27924,42.4872,43.3722
4398002.0,1.33782,42.7156,49.0389
4406002.0,1.8177400000000001,42.7718,4.70167
4414002.0,2.50464,42.9478,9.82142
4422002.0,2.5303400000000003,43.2626,14.8065
4430002.0,2.54588,43.3924,19.8324
4438002.0,2.50672,43.5961,24.7813
4446002.0,2.48367,43.552,29.6776
4454002.0,2.91554,43.3202,34.7301
4462002.0,3.17594,43.2158,39.7935
4470002.0,4.29286,43.3098,45.0356
4478002.0,4.64449,43.467,0.338519
4486002.0,4.88,43.5727,5.30489
4494002.0,5.1997800000000005,43.6169,10.0981
4502002.0,5.52312,43.7559,15.1714
4510002.0,5.45956,44.0575,20.4101
4518002.0,5.290030000000001,44.0711,24.6586
4526002.0,5.12194,44.0678,29.427
4534002.0,5.37144,44.1712,34.316
4542002.0,5.63646,44.25899999999999,39.426
4550002.0,6.10767,44.3499,44.2984
4558002.0,6.2694,44.4361,49.4671
4566002.0,6.1028199999999995,44.5544,5.1048
4574002.0,7.20206,44.5432,10.0923
4582002.0,8.396930000000001,44.5891,15.1328
4590002.0,10.0823,44.7684,19.9685
4598002.0,11.6042,44.9549,24.936
4606002.0,12.8292,45.2592,29.4919
4614002.0,13.6042,45.5529,34.4225
4622002.0,14.4968,46.2436,39.229
4630002.0,15.1783,47.0735,44.0461
4638002.0,15.4211,46.971000000000004,47.8689
4646002.0,15.5736,46.8772,2.32206
4654002.0,15.607999999999999,46.7644,6.414540000000001
4662002.0,16.3592,46.4071,10.6149
4670002.0,16.8193,46.0092,14.8294
4678002.0,17.0102,45.7923,19.1835
4686002.0,17.4888,45.8706,23.3933
4694002.0,18.0042,46.1707,27.1215
4702002.0,18.3929,46.4462,30.8704
4710002.0,18.9184,46.3676,35.0171
4718002.0,19.4094,46.333999999999996,39.4998
4726002.0,19.2586,46.3404,43.8332
4734002.0,19.4432,46.7232,49.001999999999995
4742002.0,19.4724,46.6671,4.21854
4750002.0,19.8186,46.6771,9.684989999999999
4758002.0,20.4887,46.6381,13.9514
4760002.0,20.5455,46.7562,15.0228
4768002.0,20.6027,46.9219,20.2374
4776002.0,20.7075,47.2841,24.0364
4784002.0,21.8675,47.2241,28.4803
4792002.0,22.0156,47.3228,32.8478
4800002.0,21.9755,47.4856,37.4311
4808002.0,22.1479,47.4593,42.3015
4816002.0,23.767,47.4874,47.4038
4824002.0,25.0934,47.2783,2.87981
4832002.0,26.2005,47.3288,7.97628
4840002.0,26.7775,47.2676,12.933
4848002.0,27.698,46.6416,18.0547
4856002.0,29.5032,46.7031,22.6472
4864002.0,29.8787,46.7647,28.3524
4872002.0,31.0776,46.7185,32.9506
4880002.0,31.3053,46.7121,37.3635
4888002.0,31.8043,46.607,42.3087
4896002.0,32.818000000000005,46.7643,47.282
4904002.0,33.6709,46.6958,2.17741
4912002.0,34.2795,46.8327,7.09273
4920002.0,35.7649,46.818999999999996,11.8572
4928002.0,37.1927,46.7828,16.6665
4936002.0,38.217,46.4593,21.8109
4944002.0,38.3885,46.3199,26.1786
4952002.0,38.6234,46.4367,30.9379
4960002.0,38.7561,46.5411,35.8131
4968002.0,38.685,46.5193,40.7414
4976002.0,38.9394,46.6692,46.0348
4984002.0,39.0116,46.7324,1.5117399999999999
4992002.0,39.5257,46.5063,6.06651
5000002.0,39.8221,46.4895,11.4636
5008002.0,40.0619,46.74100000000001,16.0787
5016002.0,40.2826,46.8185,20.7753
5024002.0,40.251999999999995,46.8753,25.3864
5032002.0,40.5624,46.7821,30.4449
5040002.0,41.5891,46.8272,35.905
5048002.0,42.0575,46.9281,40.6525
5056002.0,43.0329,46.9037,45.8862
5064002.0,44.302,46.888999999999996,1.22827
5072002.0,45.2825,46.7908,5.87421
5080002.0,46.4785,46.7789,11.1362
5088002.0,47.4394,46.6618,16.1821
5096002.0,49.218,46.895,21.793000000000003
5104002.0,0.769903,46.8292,26.8673
5112002.0,1.51642,46.9577,31.9484
5120002.0,2.10858,46.9319,37.0922
5128002.0,2.58003,47.1176,42.396
5136002.0,2.60299,47.1423,47.3323
5144002.0,2.9306099999999997,47.1449,3.13338
5152002.0,3.3346699999999996,47.152,8.26645
5160002.0,3.65608,47.1232,13.3853
5168002.0,3.65695,47.125,18.4818
5176002.0,4.03458,46.7722,22.6595
5184002.0,4.20469,46.7465,27.1566
5192002.0,4.55077,46.7062,31.9163
5200002.0,5.1676,46.7124,36.8613
5208002.0,5.3906,46.7935,41.3661
5216002.0,5.80933,46.88399999999999,46.0664
5224002.0,6.40676,46.7932,0.871323
5232002.0,6.75422,46.7056,6.00635
5240002.0,7.000489999999999,46.6524,10.9118
5248002.0,7.20626,46.545,15.1806
5256002.0,7.30708,46.6552,19.2534
5264002.0,7.38835,46.7578,23.5077
5272002.0,7.58465,46.6313,28.2199
5280002.0,8.11319,46.8801,32.8916
5288002.0,8.19172,46.7994,37.8367
5296002.0,8.53577,46.7025,42.5943
5304002.0,8.497,46.9364,47.5359
5312002.0,9.664530000000001,46.9217,3.0751
5320002.0,9.956539999999999,47.0995,7.8975800000000005
5328002.0,9.73156,47.1808,12.5106
5336002.0,9.84367,47.4548,17.2831
5344002.0,10.8291,47.2775,22.1611
5352002.0,10.8305,47.3795,27.2629
5360002.0,11.3256,47.3249,31.3029
5368002.0,11.6111,47.305,36.3135
5376002.0,12.3681,47.2025,40.8467
5384002.0,13.9041,47.2505,46.1108
5392002.0,13.8356,47.1323,1.07284
5400002.0,13.8422,47.3203,6.06913
5408002.0,13.7553,47.4052,11.0232
5416002.0,13.799000000000001,47.6323,15.4986
5424002.0,13.9161,47.583999999999996,20.4338
5432002.0,13.9659,47.4031,24.9134
5440002.0,14.9418,47.7408,29.7148
5448002.0,15.4642,47.669,34.4931
5456002.0,15.5743,47.8711,39.372
5464002.0,15.1881,47.783,43.3642
5472002.0,15.3427,47.7917,47.9193
5480002.0,15.7471,47.7041,3.53524
5488002.0,15.8765,47.7053,8.49429
5496002.0,16.2462,47.4785,13.509
5504002.0,16.358,47.5119,18.4566
5512002.0,16.8408,47.6238,23.4333
5520002.0,17.0872,47.5892,28.5847
5528002.0,17.7319,47.5248,33.2352
5536002.0,17.3698,47.5597,38.2139
5544002.0,17.4167,47.5448,43.3479
5552002.0,17.6042,47.5328,48.324
5560002.0,17.7015,47.3862,3.70024
5568002.0,18.0928,47.306000000000004,8.62397
5576002.0,18.4665,47.32,12.8636
5584002.0,18.8896,47.3782,17.8498
5592002.0,19.5777,47.3475,23.0827
5600002.0,19.6201,46.9855,27.951999999999998
5608002.0,20.4375,46.5837,32.0526
5616002.0,20.8356,46.4962,37.1353
5624002.0,21.1996,46.6408,42.0063
5632002.0,21.97,46.4712,46.473
5640002.0,23.5602,46.4442,1.80168
5648002.0,24.5782,46.6822,6.71775
5656002.0,25.0711,46.7849,11.5978
5664002.0,25.2212,47.2562,17.0612
5672002.0,26.0815,47.174,21.7446
5680002.0,26.07,47.211999999999996,26.9456
5688002.0,26.3582,47.309,31.6926
5696002.0,26.5103,47.4272,36.218
5704002.0,26.4333,47.3059,41.0543
5712002.0,26.4069,47.2424,46.1312
5720002.0,26.4298,47.2624,1.71225
5728002.0,26.4574,47.199,6.58795
5736002.0,26.5143,46.9973,11.5422
5744002.0,26.6686,47.1352,16.6839
5752002.0,26.8782,47.3605,21.709
5760002.0,27.0966,47.6114,26.5017
5768002.0,28.3456,47.49,31.5783
5776002.0,29.1667,47.61,36.5719
5784002.0,29.3232,47.6774,41.5886
5792002.0,29.884,47.6973,46.505
5800002.0,30.5892,47.5467,2.27375
5808002.0,31.2212,47.5525,7.2892399999999995
5816002.0,32.3685,47.4829,12.3347
5824002.0,32.638000000000005,47.4238,17.2189
5832002.0,32.944,47.3247,22.2946
5840002.0,33.5191,47.1178,27.2963
5848002.0,34.851,47.0931,32.278
5856002.0,35.6471,47.11,37.464
5864002.0,36.6212,47.4095,42.3609
5872002.0,36.6138,47.6619,47.0363
5880002.0,36.6499,47.7457,2.448
5888002.0,37.2314,47.644,7.619489999999999
5896002.0,37.4091,47.5295,12.8601
5904002.0,37.4147,47.575,17.7446
5912002.0,37.3674,47.5832,22.843000000000004
5920002.0,37.4012,47.6803,27.8362
5928002.0,37.5393,47.6935,32.8901
5936002.0,37.4593,47.6828,38.0653
5944002.0,37.6027,47.7468,43.001000000000005
5952002.0,37.5121,47.6879,47.6109
5960002.0,37.574,47.674,3.04389
5968002.0,37.7072,47.711999999999996,7.8636
5976002.0,37.5335,47.7273,12.6713
5984002.0,37.461999999999996,47.672,17.5458
5992002.0,37.4479,47.7018,22.6955
6000002.0,37.3459,47.7149,27.4007
6008002.0,37.3667,47.7691,32.2472
6016002.0,37.3798,47.6854,36.6044
6024002.0,37.5819,47.75899999999999,41.4157
6032002.0,37.9315,47.8371,46.4012
6040002.0,38.0871,47.7792,1.86959
6048002.0,38.2806,47.7465,6.8048
6056002.0,38.5835,47.7726,11.6723
6064002.0,38.9031,47.7463,16.3929
6072002.0,38.9095,47.4206,21.0647
6080002.0,38.854,47.4094,26.0891
6088002.0,39.0322,47.4302,30.8075
6096002.0,39.4599,47.4439,35.6643
6104002.0,39.472,47.3465,40.6983
6112002.0,39.5642,47.333999999999996,45.3825
6120002.0,39.9661,47.2545,0.7797930000000001
6128002.0,39.9275,47.2686,6.010330000000001
6136002.0,40.2373,47.129,11.1507
6144002.0,40.1632,47.1116,16.2985
6152002.0,40.1886,47.1542,21.2641
6160002.0,40.2639,47.2294,26.3548
6168002.0,40.3913,47.2994,31.5516
6176002.0,40.5607,47.3178,36.548
6184002.0,40.4017,47.4622,41.3735
6192002.0,40.3796,47.3874,46.3997
6200002.0,40.2759,47.6548,1.78463
6208002.0,40.2621,47.7777,6.77485
6216002.0,40.2232,47.7232,11.7823
6224002.0,40.2795,47.7743,16.6648
6232002.0,40.4987,47.6214,21.5267
6240002.0,40.9811,47.5773,26.5154
6248002.0,42.0289,47.5853,31.7321
6256002.0,43.0758,47.5457,36.7798
6264002.0,43.7116,47.5062,41.5785
6272002.0,43.933,47.4166,46.3557
6280002.0,44.0865,47.3381,1.9974900000000002
6288002.0,44.0456,47.2722,7.22376
6296002.0,44.2979,47.1278,11.7517
6304002.0,44.6157,47.0755,16.5496
6312002.0,44.9308,47.347,21.4724
6320002.0,45.6075,47.5525,26.6168
6328002.0,46.5913,47.5042,31.7622
6336002.0,46.7206,47.4906,36.6651
6344002.0,47.1196,47.4085,41.7376
6352002.0,47.2096,47.1572,46.4373
6360002.0,47.3583,47.1348,1.6619400000000002
6368002.0,47.3542,46.9952,6.71201
6376002.0,47.2767,47.1242,12.064
6384002.0,47.196000000000005,47.1998,17.2149
6392002.0,47.2073,47.0183,22.103
6400002.0,47.2609,46.8563,27.0685
6408002.0,47.2888,46.8544,31.9296
6416002.0,47.2054,46.7529,36.691
6424002.0,47.162,46.7046,41.6917
6432002.0,47.343999999999994,46.5696,46.3704
6440002.0,47.3213,46.6794,1.4642600000000001
6448002.0,47.098,46.6344,6.3179300000000005
6456002.0,47.3812,46.8758,10.8521
6464002.0,48.0517,46.9213,15.6323
6472002.0,48.7196,46.8841,20.7336
6480002.0,49.01,46.9057,25.5381
6488002.0,49.1896,46.9699,30.1508
6496002.0,49.3305,46.9429,34.5719
6504002.0,49.473,47.0779,39.0731
6512002.0,49.3461,46.4929,42.8859
6520002.0,47.623000000000005,44.6394,40.7063
6528002.0,48.7935,44.2085,45.1982
6536002.0,49.1162,43.7632,49.4891
6544002.0,49.3829,43.7586,4.69919
6552002.0,0.06391290000000001,43.9569,9.55225
6560002.0,0.8624940000000001,44.0133,14.7281
6568002.0,1.3106,43.9795,19.3284
6576002.0,1.67798,44.0636,24.114
6584002.0,2.79712,43.8116,29.0956
6592002.0,3.6460000000000004,43.8038,34.1662
6600002.0,4.25913,43.8398,39.3652
6608002.0,4.799919999999999,43.806000000000004,44.1072
6616002.0,5.47804,43.9085,48.1959
6624002.0,7.07178,44.038999999999994,3.40029
6632002.0,8.574869999999999,44.2888,8.565430000000001
6640002.0,9.149289999999999,44.0781,13.3629
6648002.0,9.9974,43.9397,17.7708
6656002.0,11.1914,43.9136,22.3099
6664002.0,11.6372,44.2768,25.7374
6672002.0,12.277999999999999,44.5737,30.494
6680002.0,13.0962,44.7316,35.7806
6688002.0,13.0071,44.8494,40.8184
6696002.0,13.8893,44.9514,45.1392
6704002.0,15.0641,44.7591,49.3527
6712002.0,13.9934,44.126999999999995,2.95663
6720002.0,15.5656,44.9062,7.09398
6728002.0,16.8314,44.6264,11.7257
6736002.0,16.6257,44.5243,14.6779
6744002.0,16.9228,47.1138,19.2748
6752002.0,24.2603,44.9063,39.0158
6760002.0,22.5548,38.9938,43.498000000000005
6768002.0,21.8045,40.0588,47.7481
6776002.0,23.2451,40.4515,2.57249
6784002.0,23.4857,39.8512,7.29708
6792002.0,23.7556,39.999,11.9844
6800002.0,25.7649,40.2412,15.788
6808002.0,26.0302,40.0284,19.7881
6816002.0,25.8186,39.8381,24.2073
6824002.0,26.2982,39.7297,29.6079
6832002.0,27.8824,40.0811,34.2078
6840002.0,28.0698,39.7263,39.1703
6848002.0,29.2091,39.5545,43.5776
6856002.0,29.6067,40.1194,48.1357
6864002.0,30.41,40.3467,3.28135
6872002.0,30.6827,40.7242,8.317110000000001
6880002.0,31.5711,40.626,12.4309
6888002.0,31.9223,40.5769,17.1503
6896002.0,32.4167,40.4105,21.339000000000002
6904002.0,33.0575,40.282,25.8158
6912002.0,34.8902,40.542,31.1659
6920002.0,36.0418,40.4689,35.8443
6928002.0,36.9292,40.6957,40.478
6936002.0,37.6385,40.578,43.9244
6944002.0,38.9525,40.3991,48.0471
6952002.0,40.6426,40.3784,1.4629299999999998
6960002.0,41.992,40.6161,4.46314
6968002.0,42.2331,40.4298,7.704560000000001
6976002.0,43.0923,40.8138,13.2923
6984002.0,43.162,40.7455,18.0717
6992002.0,43.7199,40.8533,22.8629
7000002.0,43.9804,41.6066,27.2948
7008002.0,44.3995,41.8788,32.0054
7016002.0,44.608999999999995,41.9973,35.711
7024002.0,44.8697,42.1158,40.031
7032002.0,44.6097,40.4403,42.9936
7040002.0,45.9347,44.7674,44.9517
7048002.0,48.33,45.14,1.84745
7056002.0,42.9872,47.9512,1.01817
7064002.0,43.1872,47.2788,7.8686300000000005
7072002.0,43.6104,47.2828,12.8006
7080002.0,44.3821,47.4924,17.1978
7088002.0,45.3714,47.556999999999995,22.05
7096002.0,45.3337,47.5482,26.2517
7104002.0,45.5161,47.5127,30.8547
7112002.0,45.6205,47.5201,35.8677
7120002.0,46.0059,47.4314,40.8104
7128002.0,46.2175,47.3549,45.6618
7136002.0,46.6751,47.2711,1.1205
7144002.0,46.7277,47.2455,5.898969999999999
7152002.0,46.7177,47.2428,10.8284
7160002.0,47.0462,47.2601,15.8997
7168002.0,47.2038,47.2302,20.4804
7176002.0,47.3367,47.2267,25.3297
7184002.0,47.7905,47.2894,30.2242
7192002.0,47.6881,47.3252,35.0529
7200002.0,48.0352,47.3606,40.1622
7204002.0,47.9498,47.3385,42.5929
7212002.0,48.7182,47.548,47.7584
7220002.0,0.388495,47.5615,2.51167
7228002.0,0.616157,47.6052,6.64509
7236002.0,1.08236,47.5705,11.5468
7244002.0,1.09866,47.5727,16.521
7252002.0,1.6636900000000001,47.4342,21.4143
7260002.0,1.86338,47.4352,26.2703
7268002.0,1.8573,47.4674,31.4258
7276002.0,2.1355,47.5494,36.4678
7284002.0,1.96735,47.5342,41.0386
7292002.0,1.97019,47.5685,45.7496
7300002.0,2.54783,47.4879,0.98339
7308002.0,3.08316,47.5725,5.870019999999999
7316002.0,3.0268599999999997,47.5455,10.4737
7324002.0,2.91489,47.5348,15.2502
7332002.0,2.9182900000000003,47.5534,20.2265
7340002.0,2.66072,47.7247,24.7433
7348002.0,2.4891099999999997,47.7089,29.2586
7356002.0,2.08661,47.7317,33.0398
7364002.0,2.18145,47.7353,37.2592
7372002.0,2.19976,47.7238,41.6579
7380002.0,2.24397,47.7238,46.0508
7388002.0,2.21857,47.7438,1.04069
7396002.0,2.17119,47.7653,5.75601
7404002.0,2.3633,47.7085,10.7752
7412002.0,2.04472,47.7718,15.1242
7420002.0,2.01664,47.6848,19.9406
7428002.0,1.85833,47.2828,24.2529
7436002.0,1.8762,47.4348,29.1295
7444002.0,1.8105799999999999,47.5653,33.9324
7452002.0,1.7459,47.5611,38.8945
7460002.0,1.5073,47.701,43.4899
7468002.0,1.46904,47.7297,48.0613
7476002.0,1.40449,47.4788,3.0665400000000003
7484002.0,1.21122,47.2536,7.9534899999999995
7492002.0,1.26149,47.138000000000005,12.4458
7500002.0,1.2475,47.091,17.3888
7508002.0,1.0796700000000001,47.0467,21.9156
7516002.0,1.08566,47.1016,26.9772
7524002.0,0.986965,47.0181,31.9041
7532002.0,0.73358,47.0012,36.7241
7540002.0,0.60542,47.02,41.8288
7548002.0,0.5667909999999999,47.2607,46.4087
7556002.0,0.530692,47.3488,1.8557099999999997
7564002.0,0.587294,47.2791,6.7422
7572002.0,0.6123310000000001,47.196999999999996,11.550999999999998
7580002.0,0.367411,47.0204,16.5844
7588002.0,49.3929,47.0017,21.5371
7596002.0,49.4953,46.9212,26.1059
7604002.0,0.0940923,46.849,30.8019
7612002.0,0.294006,46.8841,35.7313
7620002.0,0.49342700000000006,46.878,40.2111
7628002.0,0.614848,46.7602,45.1083
7636002.0,0.796133,46.593999999999994,0.09962289999999999
7644002.0,1.0859,46.6962,4.8947
7652002.0,1.26545,46.8109,9.16817
7660002.0,1.54188,46.863,13.7155
7668002.0,2.51131,46.5209,18.6727
7676002.0,2.75791,46.5173,23.6973
7684002.0,2.9458,46.4818,28.8688
7692002.0,3.3060300000000002,46.4439,34.3822
7700002.0,3.3273599999999997,46.3394,39.0744
7708002.0,3.4646800000000004,46.2086,43.8254
7716002.0,4.02338,46.1677,47.9882
7724002.0,4.28865,46.1944,3.1190599999999997
7732002.0,4.52588,46.0443,7.937819999999999
7740002.0,5.46255,46.1542,12.5903
7748002.0,5.77728,46.1978,17.2753
7756002.0,6.41274,46.1288,21.7857
7764002.0,6.54183,46.2548,26.4708
7772002.0,6.51736,46.401,31.1046
7780002.0,6.47144,46.6048,36.1337
7788002.0,6.38111,46.5933,41.1186
7796002.0,6.50741,46.5054,45.4148
7804002.0,6.53822,46.327,0.616171
7812002.0,6.66039,46.4403,5.6603
7820002.0,6.49872,46.6399,10.3862
7828002.0,6.83599,46.7509,15.1474
7836002.0,7.12701,46.6999,19.9527
7844002.0,7.20132,46.6759,25.0792
7852002.0,7.05275,46.653,30.009
7860002.0,7.2234300000000005,46.5862,34.8335
7868002.0,7.384339999999999,46.5209,40.0023
7876002.0,7.81838,46.9297,45.077
7884002.0,8.12497,46.7595,0.263013
7892002.0,8.78483,46.6739,5.01467
7900002.0,9.09937,46.6047,9.92262
7908002.0,9.19235,46.3764,14.7586
7916002.0,8.96325,46.1605,19.2292
7924002.0,9.418280000000001,46.4274,24.234
7932002.0,9.4263,46.403999999999996,28.8442
7940002.0,9.39257,46.4309,33.516999999999996
7948002.0,9.41935,46.2802,38.3011
7956002.0,9.42186,46.3021,42.6849
7964002.0,9.74972,46.3924,47.7009
7972002.0,9.747639999999999,46.431999999999995,3.06604
7980002.0,9.74271,46.4825,8.03731
7988002.0,9.830010000000001,46.4206,12.449000000000002
7996002.0,9.81979,46.5009,17.0721
