2.0,35.2849,47.7292,33.0268
8002.0,38.4295,47.5309,36.9724
16002.0,39.8653,47.4227,41.1567
24002.0,40.031,47.5695,46.1573
32002.0,40.0827,47.6256,1.06199
40002.0,40.034,47.6516,6.17614
48002.0,40.0557,47.5847,11.0342
56002.0,40.1566,47.56,15.9977
64002.0,40.1937,47.5328,20.1228
72002.0,40.6567,47.5257,24.1811
80002.0,41.1846,47.5517,27.2458
88002.0,41.8146,47.5288,32.2261
96002.0,42.0566,47.558,36.3857
104002.0,42.1773,47.5222,40.3233
112002.0,42.5122,47.5272,42.996
120002.0,45.8904,47.6105,47.0999
128002.0,46.9628,47.614,1.9630599999999998
136002.0,47.4748,47.5684,6.70495
144002.0,47.6696,47.7641,10.9126
152002.0,47.7748,47.7331,15.4307
160002.0,0.810417,47.8435,19.9019
168002.0,1.371,47.7998,24.8
176002.0,1.56318,47.6982,29.8411
184002.0,1.84263,47.6271,34.3698
192002.0,1.93475,47.6558,39.4857
200002.0,2.23298,47.6468,44.4244
208002.0,2.9184799999999997,47.7229,48.1819
216002.0,3.62379,47.6248,3.68545
224002.0,3.83282,47.8062,8.50155
232002.0,3.87921,47.7839,13.6781
240002.0,4.399859999999999,47.8662,18.6955
248002.0,5.26279,47.9215,23.7275
256002.0,5.80527,47.8304,28.8181
264002.0,6.3516699999999995,47.7852,33.8547
272002.0,6.30265,47.7358,38.9556
280002.0,6.90844,47.6586,43.5568
288002.0,8.35759,47.8433,48.8827
296002.0,8.41363,47.8472,4.28034
304002.0,9.591000000000001,47.8786,9.23771
312002.0,10.8558,47.7998,13.8343
320002.0,11.325999999999999,47.6683,18.9047
328002.0,12.5623,47.5228,24.2363
336002.0,13.9048,47.3891,29.4785
344002.0,14.2528,47.35,34.7395
352002.0,14.3236,47.2906,39.4165
360002.0,14.4911,47.3775,44.3509
368002.0,14.9353,47.2306,0.11393900000000001
376002.0,14.9011,47.3464,4.97236
384002.0,15.1954,47.286,9.45988
392002.0,15.3808,47.4931,13.9397
400002.0,15.5539,47.4389,18.7129
408002.0,15.4875,47.4913,23.4571
416002.0,15.5853,47.6438,27.9835
424002.0,15.7385,47.6212,32.9331
432002.0,15.9644,47.6139,37.5337
440002.0,16.0063,47.6266,42.4582
448002.0,16.078,47.6956,46.9667
456002.0,16.1077,47.6151,1.6620700000000002
464002.0,16.4913,47.6528,5.85508
472002.0,16.612000000000002,47.7241,10.5511
480002.0,17.1855,47.6298,15.6326
488002.0,17.6944,47.5525,20.6399
496002.0,18.6662,47.5062,25.5297
504002.0,18.7445,47.5063,30.4437
512002.0,18.7222,47.54600000000001,35.4063
520002.0,18.7117,47.5155,40.3029
528002.0,18.9658,47.5718,45.2986
536002.0,19.7244,47.4768,0.750786
544002.0,20.5587,47.5637,5.59401
552002.0,21.5901,47.5305,10.2214
560002.0,22.5691,47.5827,15.0693
568002.0,22.6451,47.6811,20.0176
576002.0,23.0656,47.6177,24.98
584002.0,23.1341,47.6768,29.9503
592002.0,24.0892,47.7242,34.5431
600002.0,24.5096,47.727,39.5369
608002.0,24.8254,47.7184,44.1844
616002.0,25.2481,47.7434,48.8072
624002.0,25.5447,47.6456,4.50932
632002.0,25.4533,47.6346,9.11651
640002.0,25.6238,47.7161,13.9482
648002.0,25.4506,47.7104,17.7952
656002.0,25.5684,47.8009,22.6132
664002.0,25.6246,47.8386,27.4878
672002.0,25.7297,47.8202,32.5848
680002.0,25.7826,47.8319,37.4454
688002.0,25.9328,47.7322,42.498000000000005
696002.0,25.9762,47.806000000000004,47.2678
704002.0,26.0968,47.8026,2.88121
712002.0,26.1198,47.8634,7.94433
720002.0,26.2369,47.7963,12.9458
728002.0,26.2488,47.8474,17.8135
736002.0,26.0916,47.7046,22.8226
744002.0,26.041,47.8155,27.7831
752002.0,26.0374,47.8575,32.7397
760002.0,26.0375,47.8633,37.6801
768002.0,26.046,47.8722,42.4929
776002.0,26.0519,47.7112,47.5626
784002.0,26.0009,47.6707,2.4922299999999997
792002.0,26.0969,47.6289,7.134119999999999
800002.0,26.0431,47.6608,11.9429
808002.0,26.1477,47.3356,16.9184
816002.0,25.9925,47.2196,21.9167
824002.0,25.9429,47.327,26.5965
832002.0,25.8188,47.5744,31.357
840002.0,25.7688,47.8287,36.2683
848002.0,26.0841,47.6513,41.2885
856002.0,26.467,47.643,46.0007
864002.0,26.6905,47.6572,1.23336
872002.0,26.7742,47.6697,6.17359
880002.0,26.8474,47.63399999999999,10.7871
888002.0,26.9191,47.6163,15.6424
896002.0,27.4215,47.666000000000004,20.1163
904002.0,27.5229,47.6195,24.7462
912002.0,27.4748,47.5495,28.891
920002.0,27.6626,47.6659,33.6131
928002.0,27.7224,47.6821,38.3822
936002.0,27.721999999999998,47.6811,43.0076
944002.0,27.9872,47.6611,47.3347
952002.0,28.1571,47.5518,2.2756
960002.0,27.9895,47.5254,7.26813
968002.0,27.8906,47.3349,11.5891
976002.0,28.0154,47.3598,16.5166
984002.0,28.1543,47.5239,21.4435
992002.0,28.1868,47.8067,26.1549
1000002.0,28.1697,47.7782,30.6728
1008002.0,28.2264,47.7998,35.1628
1016002.0,28.1419,47.7791,39.9317
1024002.0,28.3173,47.7763,44.1536
1032002.0,28.355999999999998,47.8289,48.6984
1040002.0,28.7284,47.6578,3.64584
1048002.0,28.7678,47.6724,8.711319999999999
1056002.0,28.6981,47.625,13.5843
1064002.0,28.6395,47.684,18.3406
1072002.0,28.7588,47.7527,23.3328
1080002.0,28.7642,47.7622,28.2634
1088002.0,28.7212,47.6792,32.7124
1096002.0,29.0155,47.7319,37.7216
1104002.0,29.2396,47.6934,42.7335
1112002.0,29.2273,47.7203,47.7497
1120002.0,29.215999999999998,47.729,3.08802
1128002.0,29.4241,47.7925,8.279060000000001
1136002.0,29.5339,47.8623,12.8636
1144002.0,29.574,47.8471,17.3956
1152002.0,29.5055,47.8606,22.5356
1160002.0,29.5724,47.8722,27.6003
1168002.0,29.5225,47.7767,32.5869
1176002.0,29.4555,47.7017,37.5126
1184002.0,29.5116,47.7154,42.4875
1192002.0,29.4385,47.7262,47.5014
1200002.0,29.5501,47.5803,2.6629
1208002.0,29.4779,47.6969,7.6192899999999995
1216002.0,29.9954,47.7139,12.5745
1224002.0,30.0741,47.7403,17.679000000000002
1232002.0,30.495,47.7278,22.94
1240002.0,30.5597,47.7129,27.9321
1248002.0,30.7043,47.735,32.7799
1256002.0,31.0563,47.7376,37.4608
1264002.0,31.0356,47.8105,42.1907
1272002.0,30.4449,47.8333,46.8523
1280002.0,30.5301,47.8802,2.34666
1288002.0,30.5226,47.82899999999999,6.850110000000001
1296002.0,30.5672,47.8512,11.455
1304002.0,30.6323,47.8451,16.4666
1312002.0,31.011999999999997,47.8167,21.6073
1320002.0,31.5202,47.7772,26.6388
1328002.0,31.4731,47.786,31.5294
1336002.0,31.6936,47.7976,36.4532
1344002.0,31.5196,47.8472,41.4366
1352002.0,32.2618,47.613,47.4142
1360002.0,32.6762,47.4787,2.84308
1368002.0,32.8004,47.4945,7.727589999999999
1376002.0,32.7738,47.6824,12.9297
1384002.0,32.9887,47.7879,17.843
1392002.0,33.1781,47.7498,23.3172
1400002.0,34.3734,47.6986,28.1829
1408002.0,34.8255,47.6667,33.215
1416002.0,35.3004,47.6733,38.3037
1424002.0,35.3572,47.792,43.0219
1432002.0,35.5558,47.8153,48.2327
1440002.0,36.5002,47.8697,3.82269
1448002.0,36.84,47.7854,8.67357
1456002.0,37.2212,47.7935,13.640999999999998
1464002.0,37.655,47.8461,18.554000000000002
1472002.0,37.817,47.8107,24.2127
1480002.0,38.0709,47.8285,29.1739
1488002.0,38.3556,47.8434,34.0994
1496002.0,38.3542,47.856,38.756
1504002.0,38.4591,47.8959,43.8834
1512002.0,38.7789,47.8986,48.8844
1520002.0,39.4962,47.8264,4.5235199999999995
1528002.0,39.6215,47.9059,9.49163
1536002.0,39.9092,47.8615,14.550999999999998
1544002.0,40.1723,47.8958,18.9934
1552002.0,41.0975,47.8297,24.1171
1560002.0,41.4991,47.77,29.086
1568002.0,41.4873,47.6921,34.1018
1576002.0,41.7651,47.651,39.0649
1584002.0,42.1161,47.6783,44.0325
1592002.0,42.0388,47.8361,48.7699
1600002.0,41.9774,47.7937,4.102869999999999
1608002.0,42.0667,47.8212,8.86239
1616002.0,42.0742,47.8274,13.6224
1624002.0,42.526,47.8294,18.7146
1632002.0,42.6193,47.8342,23.8644
1640002.0,43.0527,47.8356,28.9056
1648002.0,43.1751,47.823,33.8551
1656002.0,43.1614,47.8185,38.8931
1664002.0,43.2064,47.7622,43.9749
1672002.0,43.2778,47.8185,48.9515
1680002.0,43.5352,47.8099,4.4354
1688002.0,43.5946,47.8201,9.19154
1696002.0,43.6121,47.8306,14.2299
1704002.0,43.5689,47.7745,19.3408
1712002.0,43.5905,47.7694,24.2203
1720002.0,43.673,47.7645,29.0987
1728002.0,43.6398,47.8571,33.8535
1736002.0,43.6187,47.8293,38.6045
1744002.0,43.6391,47.8447,43.4221
1752002.0,43.6065,47.8303,47.9989
1760002.0,43.5092,47.871,3.4824599999999997
1768002.0,43.5885,47.7789,8.52257
1776002.0,43.6454,47.7782,13.5371
1784002.0,43.4884,47.7484,19.0495
1792002.0,43.3507,47.6862,23.9545
1800002.0,43.4641,47.7244,29.1236
1808002.0,43.3397,47.7519,33.8311
1816002.0,43.4157,47.7311,38.853
1824002.0,43.386,47.7387,43.338
1832002.0,43.4528,47.7487,48.0858
1840002.0,43.5972,47.7863,3.5261699999999996
1848002.0,43.5617,47.7759,8.42915
1856002.0,43.7688,47.8369,12.890999999999998
1864002.0,43.7234,47.8316,17.8257
1872002.0,44.0233,47.7562,22.8639
1880002.0,45.0553,47.7148,27.8801
1888002.0,45.7433,47.6489,32.8643
1896002.0,45.7099,47.7738,37.5224
1904002.0,46.0719,47.7994,42.466
1912002.0,45.9855,47.7217,47.4242
1920002.0,46.0086,47.6003,3.06678
1928002.0,46.0386,47.5724,8.07028
1936002.0,46.1101,47.585,13.0506
1944002.0,46.2146,47.6242,17.9847
1952002.0,46.6365,47.544,22.9431
1960002.0,46.6064,47.6077,27.4582
1968002.0,46.5484,47.5167,32.3365
1976002.0,46.5362,47.5608,37.4898
1984002.0,46.4561,47.586999999999996,42.5419
1992002.0,46.5518,47.5812,47.5284
2000002.0,46.6734,47.5628,2.92803
2008002.0,46.7523,47.556000000000004,7.88093
2016002.0,46.9144,47.6832,12.6517
2024002.0,47.011,47.5859,17.4483
2032002.0,47.3298,47.5943,22.5274
2040002.0,47.4529,47.6263,27.496
2048002.0,47.6523,47.4966,32.3472
2056002.0,48.0175,47.7328,36.9194
2064002.0,48.4392,47.4871,41.2113
2072002.0,48.5917,47.5707,45.8848
2080002.0,48.9471,47.4188,1.1974799999999999
2088002.0,49.1675,47.5105,5.70765
2096002.0,0.174454,47.4441,10.474
2104002.0,0.47015500000000005,47.6572,15.4253
2112002.0,1.4884899999999999,47.5167,20.3146
2120002.0,1.89166,47.5535,25.441
2128002.0,2.03848,47.6167,30.281999999999996
2136002.0,2.81265,47.4069,34.8479
2144002.0,2.84986,47.4076,40.0101
2152002.0,3.12037,47.4496,45.0357
2160002.0,2.9923900000000003,47.3825,0.46323400000000003
2168002.0,3.0080299999999998,47.5123,5.4344
2176002.0,3.0565,47.4709,10.2788
2184002.0,2.9834400000000003,47.4087,15.1969
2192002.0,2.70785,47.6929,20.0312
2200002.0,2.89787,47.9178,24.5287
2208002.0,3.13092,47.7766,29.4173
2216002.0,3.53494,47.8867,33.9876
2224002.0,3.74749,47.5158,39.0534
2232002.0,3.97514,47.5272,43.8439
2240002.0,4.26705,47.262,48.6149
2248002.0,4.8205599999999995,47.4481,3.5705199999999997
2256002.0,4.4328199999999995,47.248999999999995,7.222739999999999
2264002.0,4.484430000000001,47.2675,11.9048
2272002.0,4.54104,47.4541,16.8667
2280002.0,4.65115,47.4358,21.9232
2288002.0,4.71525,47.7555,27.2271
2296002.0,4.98754,47.7603,32.2299
2304002.0,5.26621,47.8615,37.5258
2312002.0,5.21888,47.85,42.424
2320002.0,5.67321,47.7559,47.5728
2328002.0,6.1299,47.641999999999996,3.26055
2336002.0,6.24371,47.6492,8.26287
2344002.0,6.36559,47.5931,13.4068
2352002.0,6.38289,47.5837,17.851
2360002.0,6.85423,47.3769,22.6018
2368002.0,7.28823,47.2736,27.5227
2376002.0,7.22151,47.3447,32.2767
2384002.0,7.2591399999999995,47.2699,37.196
2392002.0,7.35153,47.214,42.1934
2400002.0,7.3200899999999995,47.2286,47.2801
2408002.0,7.351839999999999,47.3243,2.74571
2414002.0,7.56723,47.364,6.45967
2422002.0,7.70401,47.4763,11.5678
2430002.0,9.27285,47.3779,16.5043
2438002.0,11.3667,47.0114,21.6833
2446002.0,12.2708,46.711000000000006,26.3654
2454002.0,12.4696,46.6944,31.2234
2462002.0,13.6664,46.6132,35.695
2470002.0,14.2363,46.3852,40.1652
2478002.0,14.5562,46.4358,45.3511
2486002.0,15.1172,46.5329,0.865014
2494002.0,15.7348,46.6982,5.7515
2502002.0,15.7027,46.6897,10.8314
2510002.0,16.4456,46.8029,15.907
2518002.0,16.0967,46.8981,20.7997
2526002.0,16.9925,46.8664,25.1664
2534002.0,18.3902,47.1864,30.186
2542002.0,18.8185,47.178000000000004,35.2562
2550002.0,19.6972,47.1315,39.8999
2558002.0,20.4905,47.103,44.2429
2566002.0,21.7562,47.2068,48.731
2574002.0,23.3725,47.0032,3.30366
2582002.0,23.4354,46.9089,6.79396
2590002.0,24.7465,46.7174,12.0637
2598002.0,26.4234,46.8202,16.8295
2606002.0,26.9706,46.6403,22.0855
2614002.0,27.701999999999998,46.599,27.3785
2622002.0,27.7554,46.5922,31.4426
2630002.0,28.2849,46.7062,36.3745
2638002.0,28.6418,46.5699,41.3121
2646002.0,29.1754,46.665,46.242
2654002.0,28.7069,46.6403,2.00922
2662002.0,29.8113,47.4233,6.93492
2670002.0,30.0151,47.2675,11.5848
2678002.0,30.5606,47.5051,16.526
2686002.0,31.938000000000002,47.3716,21.6309
2694002.0,32.3872,47.228,26.5826
2702002.0,32.7605,47.2056,31.616999999999997
2710002.0,33.1854,47.1989,36.6238
2718002.0,33.5011,46.9065,41.8401
2726002.0,34.1934,46.8881,46.601000000000006
2734002.0,34.7035,46.9339,2.15828
2742002.0,35.8309,46.9403,7.16869
2750002.0,35.9562,46.8321,12.4803
2758002.0,36.1397,46.7159,17.329
2766002.0,36.4634,46.6808,22.3384
2774002.0,36.4142,46.4341,27.0414
2782002.0,36.334,46.4549,32.0448
2790002.0,36.4843,46.56100000000001,37.0542
2798002.0,36.429,46.365,41.9023
2806002.0,36.8721,46.5041,46.9869
2814002.0,37.02,46.5664,2.3336900000000003
2822002.0,37.1777,46.5655,7.450010000000001
2830002.0,37.2263,46.5869,12.3742
2838002.0,37.5942,46.543,17.0423
2846002.0,38.7525,46.4655,21.6827
2854002.0,39.874,46.2354,26.6419
2862002.0,41.3947,45.9616,31.9161
2870002.0,40.7512,46.1773,36.4064
2878002.0,41.625,46.0553,41.357
2886002.0,41.8634,46.0561,46.2826
2894002.0,42.1327,46.1187,1.63067
2902002.0,43.1092,46.113,6.56314
2910002.0,43.0277,46.2494,11.7189
2918002.0,43.3323,46.6614,16.0743
2926002.0,43.3953,46.6701,21.533
2934002.0,43.5085,46.6975,26.6599
2942002.0,43.5916,46.7724,31.5743
2950002.0,43.8932,46.7936,36.2485
2958002.0,44.0065,46.8862,41.0082
2966002.0,44.5784,46.6429,45.9564
2974002.0,44.6606,46.7656,1.1338700000000002
2982002.0,44.732,46.7531,5.9623
2990002.0,45.1554,46.7986,10.8393
2998002.0,45.7104,46.6644,15.4721
3006002.0,45.7521,46.8949,20.3658
3014002.0,46.0535,46.8224,25.3494
3022002.0,46.2044,46.6864,30.4996
3030002.0,46.0053,47.0364,35.6199
3038002.0,46.4305,46.8094,40.7711
3046002.0,46.8714,46.7665,46.3407
3054002.0,47.8779,46.7664,1.9124
3062002.0,48.273999999999994,46.5088,6.7092
3070002.0,49.4648,46.5706,12.1925
3078002.0,48.542,46.4984,16.7471
3086002.0,48.7174,46.5213,21.7135
3094002.0,49.0081,46.6131,26.8488
3102002.0,49.2653,46.6105,31.2134
3110002.0,49.467,46.6899,36.0336
3118002.0,0.31047800000000003,46.6417,40.9491
3126002.0,0.0658595,46.5414,46.1156
3134002.0,0.157095,46.4753,1.6511099999999999
3142002.0,0.155525,46.563,6.16535
3150002.0,1.06186,46.7204,11.3541
3158002.0,2.75474,46.8202,15.5547
3166002.0,2.6863099999999998,46.7125,20.1491
3174002.0,3.0960799999999997,46.8105,23.714000000000002
3182002.0,3.7122599999999997,46.6097,28.8388
3190002.0,4.51657,46.6211,33.0305
3198002.0,5.22958,46.5282,37.9192
3206002.0,6.04012,46.4913,42.2432
3214002.0,6.32001,46.6556,46.8367
3222002.0,6.93447,46.4143,2.18388
3230002.0,7.7884899999999995,46.513999999999996,7.268110000000001
3238002.0,8.12769,46.6222,12.2554
3246002.0,8.60989,46.6126,17.1334
3254002.0,8.7391,46.6848,21.3591
3262002.0,8.84608,46.3814,25.7242
3270002.0,9.34935,46.2732,30.9041
3278002.0,9.22467,46.2226,35.9229
3286002.0,9.39914,46.4788,40.4123
3294002.0,9.26807,46.4087,44.1712
3302002.0,8.73188,45.586999999999996,0.27573400000000003
3310002.0,8.67093,45.356,4.0357400000000005
3318002.0,8.3033,43.9857,7.94124
3326002.0,9.0178,43.7823,12.0905
3334002.0,10.099,42.7284,16.4587
3342002.0,11.3757,42.6079,21.1517
3350002.0,12.1307,42.696000000000005,25.5704
3358002.0,14.1394,41.5792,29.8818
3366002.0,17.881,40.7212,35.9265
3374002.0,18.6599,40.6909,41.0779
3382002.0,20.4989,39.931999999999995,46.6536
3390002.0,23.6196,40.2008,3.21176
3398002.0,20.4201,41.5941,4.87849
3406002.0,23.4165,46.7422,6.49452
3414002.0,26.6071,46.9579,13.9572
3422002.0,27.1694,46.95399999999999,18.4118
3430002.0,28.0006,46.7678,23.4389
3438002.0,28.7256,46.4823,28.4344
3446002.0,28.7911,46.5471,33.2599
3454002.0,28.7492,46.5206,38.0842
3462002.0,28.919,46.3911,43.0016
3470002.0,28.9003,46.4477,47.8283
3478002.0,28.8389,46.3627,3.47579
3486002.0,28.7939,46.4065,8.46647
3494002.0,28.8143,46.3753,13.582
3502002.0,28.945,46.2955,18.4796
3510002.0,29.0503,46.3029,23.5949
3518002.0,28.8817,46.2726,28.965999999999998
3526002.0,28.6308,46.3332,34.0873
3534002.0,28.5116,46.2323,39.1699
3542002.0,28.6751,46.3741,43.6538
3550002.0,28.5809,46.3744,48.4894
3558002.0,28.5256,46.3912,4.120419999999999
3566002.0,28.7245,46.2943,9.010489999999999
3574002.0,28.8723,46.3786,13.8762
3582002.0,29.0051,46.3558,19.154
3590002.0,29.3182,46.4201,24.1046
3598002.0,29.6763,46.5517,29.0111
3606002.0,29.8574,46.6955,33.9611
3614002.0,29.9971,46.6307,38.8645
3622002.0,30.4773,46.7734,43.5642
3630002.0,31.005,46.7697,48.4184
3638002.0,31.194000000000003,46.7054,3.97479
3646002.0,31.5906,46.6838,8.74788
3654002.0,31.9161,46.6357,13.4415
3662002.0,31.8782,46.6776,18.7751
3670002.0,31.9916,46.6577,23.6108
3678002.0,32.1692,46.5999,28.5324
3686002.0,32.5762,46.656000000000006,33.5336
3694002.0,32.5878,46.54600000000001,38.5256
3702002.0,32.8846,46.5377,43.5411
3710002.0,32.9392,46.5096,48.4428
3718002.0,33.0157,46.5631,3.6856400000000002
3726002.0,33.1922,46.378,8.86545
3734002.0,33.5635,46.3224,13.9838
3742002.0,33.7501,46.4102,18.9313
3750002.0,34.0764,46.4572,23.85
3758002.0,34.9991,46.4287,29.314
3766002.0,36.2595,46.6101,34.3523
3774002.0,37.1785,46.6532,39.6938
3782002.0,37.6337,46.6708,44.7623
3790002.0,38.0847,46.6535,0.339395
3798002.0,38.3199,46.6882,5.29934
3806002.0,38.2078,46.6022,10.0384
3814002.0,39.4195,46.4261,14.911
3822002.0,40.9837,46.4387,19.4771
3830002.0,41.1873,46.5572,24.4797
3838002.0,41.3588,46.577,29.6403
3846002.0,41.4974,46.5302,34.6183
3854002.0,41.6713,46.4619,39.6485
3862002.0,41.787,46.3986,44.4214
3870002.0,41.666000000000004,46.5496,49.431000000000004
3878002.0,41.8879,46.4749,5.01775
3886002.0,41.9662,46.4221,9.89063
3894002.0,42.5809,46.3416,14.5211
3902002.0,42.9548,46.4209,19.2839
3910002.0,43.857,46.4133,24.1829
3918002.0,44.8557,46.1943,29.3456
3926002.0,46.3216,46.2292,34.0889
3934002.0,47.0881,46.2465,39.1403
3942002.0,47.4113,46.2501,44.1534
3950002.0,47.565,46.3677,48.7989
3958002.0,47.6813,46.4491,4.13886
3966002.0,48.2885,46.4432,8.86017
3974002.0,48.8194,46.4299,13.8028
3982002.0,49.1818,46.5018,18.5408
3990002.0,0.11945399999999999,46.6832,23.5678
3998002.0,0.195193,46.7467,27.6687
4006002.0,0.813174,46.6036,32.5199
4014002.0,1.4169,46.6037,37.2066
4022002.0,1.8297299999999999,46.5117,42.1229
4030002.0,2.40224,46.6485,46.5651
4038002.0,2.19598,46.5721,2.00211
4046002.0,3.59774,46.4942,6.17901
4054002.0,3.93401,46.3268,10.8637
4062002.0,4.77844,46.1254,16.052
4070002.0,5.10815,45.9855,19.7513
4078002.0,5.07199,45.9925,24.522
4086002.0,5.67223,45.731,28.8658
4094002.0,5.47047,46.3804,31.6968
4102002.0,5.9326,46.4241,37.1869
4110002.0,6.4173800000000005,46.1596,41.7111
4118002.0,6.702160000000001,46.4027,47.2384
4126002.0,7.14433,46.3148,2.8378099999999997
4134002.0,7.568010000000001,46.4094,7.50858
4142002.0,7.67248,46.4175,12.3775
4150002.0,8.31585,46.6026,17.3041
4158002.0,8.46575,46.5056,21.8835
4166002.0,9.70536,46.383,26.6632
4174002.0,11.1103,46.8292,30.534000000000002
4182002.0,10.8082,46.7646,35.6024
4190002.0,11.8195,46.7416,40.6755
4198002.0,12.6446,46.5066,45.8594
4206002.0,13.202,46.5858,1.51016
4214002.0,13.3097,46.8358,6.16913
4222002.0,13.3287,47.0944,11.606
4230002.0,14.2197,47.1085,16.539
4238002.0,14.7125,47.119,22.0667
4246002.0,15.7273,47.1231,27.7438
4254002.0,16.2238,47.3234,34.0591
4262002.0,16.3103,47.5586,39.941
4270002.0,16.0354,47.4768,45.2841
4278002.0,16.386,47.3551,0.959952
4286002.0,16.7325,47.2984,6.54321
4294002.0,17.4822,47.2886,11.4994
4302002.0,17.7432,47.2584,16.3875
4310002.0,17.8779,47.3602,21.5231
4318002.0,17.8336,47.3927,26.7086
4326002.0,17.781,47.6303,31.6605
4334002.0,17.8812,47.7288,37.5593
4342002.0,17.4658,47.7524,42.5922
4350002.0,17.4887,47.6501,48.0933
4358002.0,17.544,47.6284,3.60779
4366002.0,17.7006,47.6087,8.61325
4374002.0,18.1792,47.586000000000006,13.5771
4382002.0,18.5549,47.5798,18.6566
4390002.0,19.0154,47.6681,24.14
4398002.0,19.3896,47.6717,29.5529
4406002.0,19.8287,47.6736,34.4166
4414002.0,20.1089,47.6294,39.4188
4422002.0,20.4378,47.5081,44.3239
4430002.0,20.5082,47.7885,49.4895
4438002.0,20.557,47.8328,4.98001
4446002.0,20.5846,47.7872,9.919789999999999
4454002.0,20.8124,47.5981,15.1639
4462002.0,20.7243,47.6598,20.1712
4470002.0,21.2219,47.5727,25.2108
4478002.0,21.4571,47.3143,30.2026
4486002.0,22.4622,47.1,35.1797
4494002.0,22.6521,46.9538,39.9906
4502002.0,23.0621,47.4101,45.9844
4510002.0,22.8482,47.1669,1.15057
4518002.0,23.2007,47.333,5.86801
4526002.0,23.3302,47.223,11.1689
4534002.0,23.8011,47.2577,16.1455
4542002.0,24.0971,47.4248,20.9339
4550002.0,24.2875,47.379,25.6405
4558002.0,25.1512,47.4082,30.845
4566002.0,25.4698,47.2658,35.6521
4574002.0,26.2594,47.2511,40.7329
4582002.0,27.1313,47.7232,45.9441
4590002.0,29.0248,47.7758,49.3004
4598002.0,30.0917,47.4824,5.0624199999999995
4606002.0,31.34,47.3226,9.41564
4614002.0,32.3202,47.2855,13.7195
4622002.0,32.1441,47.5419,18.4237
4630002.0,32.7725,47.0878,22.3973
4638002.0,32.8041,46.7222,27.2454
4646002.0,33.0867,46.6049,32.3384
4654002.0,33.6907,45.8941,36.7894
4662002.0,34.279,46.0339,41.3329
4670002.0,34.9205,46.4827,45.3115
4678002.0,34.6884,46.4517,0.838557
4686002.0,35.6358,46.6154,5.143
4694002.0,36.2881,46.5109,10.0819
4702002.0,36.6014,46.6676,14.2379
4710002.0,37.2301,46.4463,18.0463
4718002.0,37.6826,46.2602,22.9328
4726002.0,38.1473,46.638000000000005,27.9372
4734002.0,38.5541,46.3838,32.6611
4742002.0,38.5718,46.4417,37.5598
4750002.0,38.0839,46.6745,41.9171
4758002.0,38.4708,46.3305,46.0975
4760002.0,38.4435,46.4952,47.4537
4768002.0,37.4055,46.7411,3.78284
4776002.0,36.7109,46.9497,8.977089999999999
4784002.0,38.628,46.6273,13.2809
4792002.0,38.7822,46.661,18.0288
4800002.0,38.1887,46.5231,23.2263
4808002.0,38.2611,46.4508,28.3088
4816002.0,39.5454,46.5118,32.6226
4824002.0,41.2465,46.5488,37.4498
4832002.0,41.8978,46.7312,42.3272
4840002.0,42.648999999999994,46.5872,47.2444
4848002.0,43.455,46.986999999999995,2.48523
4856002.0,45.1264,46.8641,7.65159
4864002.0,45.2668,46.9414,12.9741
4872002.0,46.8662,46.7541,18.0861
4880002.0,46.4435,46.7273,22.898000000000003
4888002.0,46.7768,46.6719,27.3454
4896002.0,47.7893,46.3894,32.2289
4904002.0,48.7815,46.4572,36.2247
4912002.0,49.4739,46.0132,40.9982
4920002.0,1.07171,45.9828,45.7916
4928002.0,2.63826,45.8146,0.8888030000000001
4936002.0,3.4725900000000003,46.6849,5.5212900000000005
4944002.0,3.67545,46.6099,10.1341
4952002.0,3.57425,46.5703,15.0615
4960002.0,3.6103,46.5856,20.0166
4968002.0,3.37016,46.4796,25.0177
4976002.0,3.66566,46.6285,29.7447
4984002.0,4.19147,46.5841,34.9185
4992002.0,4.4850900000000005,46.6536,39.441
5000002.0,5.25052,46.8777,44.2475
5008002.0,5.2007699999999994,46.6793,49.2696
5016002.0,5.3559,46.461000000000006,4.53546
5024002.0,5.7378599999999995,46.431999999999995,9.22219
5032002.0,6.26156,46.5475,14.4307
5040002.0,6.80005,46.3004,19.2675
5048002.0,6.69203,46.5148,23.5265
5056002.0,7.73503,46.4871,28.6495
5064002.0,8.91672,46.5455,33.9265
5072002.0,9.20931,46.402,38.4902
5080002.0,9.79097,46.367,43.7495
5088002.0,10.0987,46.438,48.95
5096002.0,11.5012,46.4899,4.548019999999999
5104002.0,12.3051,46.4904,9.75504
5112002.0,13.1365,46.3261,15.1071
5120002.0,14.1332,46.538000000000004,20.4663
5128002.0,14.5858,46.5572,25.9013
5136002.0,15.1276,46.343999999999994,30.8142
5144002.0,15.1383,46.3075,35.9352
5152002.0,15.2009,46.3841,41.1502
5160002.0,15.6906,46.5202,46.3263
5168002.0,15.9489,46.446999999999996,2.23632
5176002.0,15.9678,46.2965,7.35122
5184002.0,16.1507,45.7072,12.7265
5192002.0,16.9425,45.49100000000001,17.3985
5200002.0,17.5981,45.5362,22.5071
5208002.0,17.6151,45.6281,27.1113
5216002.0,17.837,46.0185,32.1142
5224002.0,18.3978,46.4766,36.6706
5232002.0,18.3075,46.7827,41.683
5240002.0,18.6397,46.6856,46.7009
5248002.0,17.8881,46.5044,2.0744599999999997
5256002.0,16.8732,46.6246,6.98845
5264002.0,17.6051,46.4351,10.8027
5272002.0,18.1958,46.5238,15.0563
5280002.0,19.1799,46.6422,20.7906
5288002.0,19.2963,46.6294,25.5148
5296002.0,19.5896,46.5492,30.1041
5304002.0,20.1716,46.7387,35.356
5312002.0,21.6566,46.6043,40.4764
5320002.0,22.0519,46.6629,45.6445
5328002.0,22.3591,46.5755,0.858226
5336002.0,22.9683,46.5234,5.82803
5344002.0,24.0526,46.0344,10.1407
5352002.0,24.2565,45.6307,14.9833
5360002.0,25.3326,46.0568,19.0113
5368002.0,25.8773,46.0095,24.2363
5376002.0,26.2279,46.2425,29.0269
5384002.0,27.2896,45.9837,33.8426
5392002.0,27.246,45.7024,37.7964
5400002.0,27.8198,45.7761,42.5205
5408002.0,27.8266,45.9277,47.2549
5416002.0,28.8108,45.7238,2.89885
5424002.0,28.3431,46.5068,7.124510000000001
5432002.0,27.9039,47.2533,11.4848
5440002.0,28.8081,46.9989,15.2289
5448002.0,29.0431,47.0271,20.0635
5456002.0,29.2092,47.0764,25.8879
5464002.0,36.4205,46.878,21.3664
5472002.0,35.2558,45.9061,28.2686
5480002.0,35.7345,45.7843,33.1544
5488002.0,35.2807,46.498000000000005,37.2309
5496002.0,35.7701,46.4861,42.5408
5504002.0,36.1092,46.6001,47.4424
5512002.0,36.4836,46.638999999999996,1.92389
5520002.0,36.715,46.7564,6.78255
5528002.0,37.0486,46.9847,11.759
5536002.0,37.3171,47.1558,17.061
5544002.0,37.5274,47.1244,22.0198
5552002.0,37.2986,47.2932,26.8829
5560002.0,37.4949,47.3835,31.959
5568002.0,37.7277,47.3694,36.5309
5576002.0,37.7966,47.372,41.1794
5584002.0,38.0547,47.2919,46.268
5592002.0,38.2466,47.2305,1.68101
5600002.0,38.4168,47.2374,6.860239999999999
5608002.0,38.5726,47.3035,11.5915
5616002.0,38.7002,47.3497,16.4455
5624002.0,38.7976,47.3479,21.1205
5632002.0,39.2985,47.3817,26.1022
5640002.0,40.4105,47.3753,31.0166
5648002.0,41.2893,47.2907,35.5808
5656002.0,41.6616,47.133,40.5827
5664002.0,42.3466,47.0915,45.0721
5672002.0,42.4106,47.1432,0.104147
5680002.0,42.6069,47.4271,4.93537
5688002.0,42.5236,47.4943,9.65961
5696002.0,42.6556,47.2466,14.3092
5704002.0,43.0444,47.4495,19.0593
5712002.0,43.3526,47.4707,23.7698
5720002.0,43.101000000000006,47.5473,28.886999999999997
5728002.0,43.0006,47.5847,33.8283
5736002.0,42.7799,47.5769,38.2647
5744002.0,42.2804,47.6589,43.3688
5752002.0,42.6049,47.6337,48.4425
5760002.0,42.8462,47.6119,3.9818300000000004
5768002.0,43.7328,47.5327,8.96677
5776002.0,44.6264,47.5056,13.9068
5784002.0,44.6769,47.5377,19.0193
5792002.0,44.7563,47.4964,23.9587
5800002.0,44.9372,47.5077,28.846
5808002.0,45.0436,47.5132,33.8243
5816002.0,46.0486,47.32899999999999,38.8728
5824002.0,46.5955,47.2675,43.7872
5832002.0,46.6007,46.9923,49.1034
5840002.0,46.8713,47.0235,4.73533
5848002.0,48.005,46.7802,9.868030000000001
5856002.0,48.1387,46.6763,15.1819
5864002.0,48.9226,46.4558,20.1529
5872002.0,49.3287,46.4965,25.1499
5880002.0,0.607917,46.4638,30.2691
5888002.0,1.2511700000000001,46.4183,35.0973
5896002.0,1.79499,46.5115,40.0019
5904002.0,2.4394099999999996,46.5483,45.1558
5912002.0,2.6616,46.4286,0.688934
5920002.0,3.4114800000000005,46.3258,5.98785
5928002.0,4.3394,46.293,11.6361
5936002.0,4.49426,46.2752,16.7119
5944002.0,5.14729,46.2408,21.9386
5952002.0,6.09549,46.3384,26.9026
5960002.0,6.37208,45.8124,32.0162
5968002.0,6.80179,45.461000000000006,36.7556
5976002.0,6.898630000000001,45.3072,41.7717
5984002.0,7.446160000000001,45.6304,46.6398
5992002.0,6.9776,45.6308,2.22022
6000002.0,6.990460000000001,45.5474,7.134530000000001
6008002.0,7.200139999999999,45.2846,11.6753
6016002.0,7.16225,44.8738,16.2226
6024002.0,7.45835,44.6948,20.896
6032002.0,7.41973,44.4096,25.8216
6040002.0,7.6674,44.2276,30.7779
6048002.0,7.7673,44.6191,35.8998
6056002.0,7.9035899999999994,44.4829,41.1336
6064002.0,8.611139999999999,44.7566,46.0094
6072002.0,9.00848,44.7246,1.6823599999999999
6080002.0,9.1865,44.4067,6.64611
6088002.0,9.42591,44.6703,11.7937
6096002.0,9.84135,44.662,17.0258
6104002.0,10.2529,44.5638,22.1368
6112002.0,10.7901,44.6232,27.2152
6120002.0,11.3606,44.3531,32.156
6128002.0,11.8848,44.4145,37.5198
6136002.0,12.1572,44.6351,42.7808
6144002.0,12.3103,44.832,47.9465
6152002.0,12.4075,44.9026,3.5672
6160002.0,12.5669,44.9769,8.6152
6168002.0,12.8376,45.0143,13.7879
6176002.0,12.794,44.9963,18.9435
6184002.0,12.6453,45.0977,23.9223
6192002.0,12.8733,45.2471,29.0481
6200002.0,12.9889,45.0034,33.9523
6208002.0,13.1705,44.9444,39.0376
6216002.0,13.2814,45.0649,44.1085
6224002.0,13.3363,45.1497,49.3331
6232002.0,13.6696,44.9469,4.41282
6240002.0,14.4326,45.0562,9.41743
6248002.0,15.7644,45.3941,14.3939
6256002.0,16.8423,45.3009,19.4011
6264002.0,17.8096,45.0294,24.5541
6272002.0,18.5038,45.218,29.5016
6280002.0,19.0856,45.2295,34.5784
6288002.0,18.9425,45.618,39.5941
6296002.0,19.3069,45.7052,44.4523
6304002.0,20.1283,45.7584,0.00988076
6312002.0,20.8284,45.8359,4.7851
6320002.0,21.6744,46.0376,9.88055
6328002.0,22.7621,46.0736,14.9198
6336002.0,23.4286,45.9009,19.7426
6344002.0,23.8069,45.7962,24.6117
6352002.0,23.8036,45.6762,29.1011
6360002.0,23.9563,45.8007,34.1269
6368002.0,24.1567,45.8576,39.2727
6376002.0,24.301,45.8879,44.3103
6384002.0,24.4332,45.8724,49.3948
6392002.0,24.4292,46.1484,4.98864
6400002.0,24.5726,46.0795,9.832939999999999
6408002.0,24.6345,46.1331,14.7494
6416002.0,24.8,46.2147,19.5818
6424002.0,24.6916,46.2178,24.3772
6432002.0,24.6069,46.2599,29.3028
6440002.0,24.3601,46.3626,33.8567
6448002.0,24.5702,46.5021,38.5627
6456002.0,25.0734,45.8793,42.9239
6464002.0,26.1748,45.7193,48.0003
6472002.0,26.2489,46.5266,4.1818
6480002.0,26.333000000000002,46.658,8.92323
6488002.0,26.6265,46.6106,13.6652
6496002.0,26.3777,46.6748,18.5893
6504002.0,26.3461,46.7414,23.5026
6512002.0,26.9271,46.7406,28.4528
6520002.0,26.8713,46.7384,33.3087
6528002.0,27.1544,46.9278,38.0862
6536002.0,27.438000000000002,46.8687,43.0666
6544002.0,27.2822,46.7406,48.111000000000004
6552002.0,27.5706,46.7307,3.3098400000000003
6560002.0,27.8831,46.9358,8.57007
6568002.0,28.4392,46.783,13.3105
6576002.0,29.0413,46.8252,18.159000000000002
6584002.0,29.6962,46.7897,23.2098
6592002.0,30.0338,46.8759,28.6454
6600002.0,31.2868,46.6928,33.4872
6608002.0,31.5377,46.8887,38.4703
6616002.0,31.8332,46.6481,43.6374
6624002.0,33.1111,46.6418,48.5339
6632002.0,34.1025,46.6609,4.32827
6640002.0,34.3794,46.7604,9.78607
6648002.0,34.7875,47.0237,15.1041
6656002.0,35.7336,47.2699,20.1474
6664002.0,36.3265,47.0192,25.1266
6672002.0,36.765,47.085,30.129
6680002.0,36.4406,47.4545,35.3664
6688002.0,36.2188,47.2995,40.0002
6696002.0,36.6051,47.2219,44.4815
6704002.0,37.1737,47.1909,49.0445
6712002.0,38.0813,46.8456,3.9118699999999995
6720002.0,38.6836,46.2354,8.23886
6728002.0,39.678000000000004,46.0186,12.9722
6736002.0,40.3597,46.004,17.6806
6744002.0,40.5859,45.9091,23.0448
6752002.0,41.0814,45.9161,28.0563
6760002.0,41.2713,45.9325,33.1889
6768002.0,41.3204,45.9274,38.2202
6776002.0,41.0299,45.9142,43.0326
6784002.0,41.6241,45.9973,47.7923
6792002.0,41.74100000000001,46.0123,2.93945
6800002.0,42.3849,45.9949,7.291639999999999
6808002.0,42.3069,45.9961,11.7595
6816002.0,42.2632,45.8947,16.5048
6824002.0,43.3993,45.8704,21.6088
6832002.0,44.4956,46.1265,26.3804
6840002.0,43.8354,46.0896,31.4669
6848002.0,44.1977,46.25,36.6189
6856002.0,45.1978,46.3253,41.7338
6864002.0,45.0007,46.1966,46.2207
6872002.0,44.4861,46.4577,0.726893
6880002.0,44.717,46.6157,5.39559
6888002.0,45.0924,46.4712,10.2779
6896002.0,45.6809,46.4492,15.3757
6904002.0,46.0009,46.5907,20.397000000000002
6912002.0,47.1528,46.5675,25.5031
6920002.0,47.8615,46.4063,30.2635
6928002.0,48.3671,46.5085,35.2449
6936002.0,48.5671,46.7642,39.8143
6944002.0,49.1017,46.7935,44.6657
6952002.0,1.31492,46.7285,49.016000000000005
6960002.0,2.4975,46.7299,3.53915
6968002.0,2.95015,46.3979,7.38425
6976002.0,3.1414299999999997,46.7772,11.9566
6984002.0,2.58866,46.9431,16.5304
6992002.0,2.6181200000000002,46.7254,20.5003
7000002.0,2.6012,46.516999999999996,24.9671
7008002.0,3.13295,46.4053,29.6756
7016002.0,3.6524199999999998,46.43,33.9845
7024002.0,3.34974,46.7643,39.0802
7032002.0,4.20371,47.2782,42.2051
7040002.0,3.2142,47.6484,46.455
7048002.0,3.55156,47.6752,1.8983400000000001
7056002.0,2.50342,47.494,6.1134699999999995
7064002.0,2.77705,47.3197,11.3357
7072002.0,3.3710699999999996,47.0935,16.5745
7080002.0,4.1549,46.8417,21.6367
7088002.0,4.41833,46.8916,26.593000000000004
7096002.0,3.84723,46.6229,31.0711
7104002.0,3.80641,46.7284,35.5128
7112002.0,4.15998,47.1409,40.3444
7120002.0,4.7320400000000005,46.6368,45.2538
7128002.0,4.83555,46.4492,0.808228
7136002.0,5.39619,46.086000000000006,6.12101
7144002.0,5.5412,45.9957,11.2751
7152002.0,5.56625,45.8351,16.254
7160002.0,6.346509999999999,45.8204,21.6435
7168002.0,6.53674,45.6088,26.503
7176002.0,6.98712,45.4692,31.3047
7184002.0,7.52493,45.8118,36.4386
7192002.0,7.4767,45.6812,41.5772
7200002.0,7.94722,45.4979,46.328
7204002.0,7.95613,45.5723,48.4522
7212002.0,10.124,45.4727,4.56536
7220002.0,11.5448,45.0999,8.94974
7228002.0,11.745999999999999,45.0016,13.8697
7236002.0,12.2587,44.9866,18.4955
7244002.0,12.3541,45.0815,23.2864
7252002.0,12.535,44.9542,28.3085
7260002.0,13.1057,45.0638,33.3738
7268002.0,13.2065,45.0865,38.4805
7276002.0,13.8,44.9938,43.3252
7284002.0,13.7761,44.9563,48.5773
7292002.0,13.9739,44.8955,4.11601
7300002.0,14.7054,44.9121,8.98714
7308002.0,15.4051,44.8464,14.0404
7316002.0,15.3622,44.6114,18.1967
7324002.0,15.4427,44.6673,22.996
7332002.0,15.4223,44.2135,27.9191
7340002.0,15.7156,44.2119,32.148
7348002.0,15.911,44.5882,36.8107
7356002.0,16.8405,44.7055,41.2219
7364002.0,17.6599,44.4052,45.5817
7372002.0,17.5337,44.4372,0.346669
7380002.0,17.6271,44.4256,4.4729
7388002.0,17.6815,44.3759,8.98098
7396002.0,17.7465,44.3419,13.4189
7404002.0,17.993,44.5022,18.3131
7412002.0,18.5889,44.4544,23.2342
7420002.0,18.7288,44.4713,28.038
7428002.0,18.7083,44.513999999999996,33.1135
7436002.0,18.6308,44.4016,38.0947
7444002.0,18.87,44.4666,43.3008
7452002.0,19.1281,44.5707,48.2283
7460002.0,19.2445,44.6673,3.71483
7468002.0,19.2125,44.6359,8.64228
7476002.0,19.1989,44.6824,13.4218
7484002.0,19.4824,44.4984,18.6034
7492002.0,19.9875,44.4445,23.5655
7500002.0,20.4676,44.4137,28.5782
7508002.0,20.6632,44.2679,33.0915
7516002.0,20.7793,44.346000000000004,38.5606
7524002.0,20.8604,44.3097,43.2362
7532002.0,21.0358,44.3384,48.5979
7540002.0,21.5723,44.1762,4.46671
7548002.0,21.4545,44.1413,8.78867
7556002.0,21.8037,44.1563,13.9161
7564002.0,22.1534,44.1195,18.7896
7572002.0,22.679000000000002,44.3724,23.1003
7580002.0,23.7716,44.2031,28.0101
7588002.0,24.0139,44.3807,32.3827
7596002.0,23.9933,44.2963,37.2173
7604002.0,24.4036,44.2342,42.2247
7612002.0,24.2699,44.3386,47.0438
7620002.0,24.3796,44.5398,2.57547
7628002.0,24.4076,44.4454,7.081689999999999
7636002.0,24.6161,44.556999999999995,11.4376
7644002.0,24.8014,44.3144,15.9217
7652002.0,24.7844,44.2772,20.6809
7660002.0,24.9615,44.2109,25.6491
7668002.0,25.7076,44.1684,30.7479
7676002.0,25.9735,44.2082,35.6094
7684002.0,26.0477,44.1076,40.3293
7692002.0,26.6969,44.242,45.3904
7700002.0,26.9208,44.2113,0.555759
7708002.0,27.3525,43.8207,5.18088
7716002.0,27.6862,43.6269,9.71544
7724002.0,27.9333,43.515,14.2698
7732002.0,28.3686,43.4855,19.1162
7740002.0,29.5173,43.5109,23.6498
7748002.0,29.7199,43.35,28.3309
7756002.0,31.1702,43.6187,32.8839
7764002.0,32.0766,43.5735,37.5518
7772002.0,32.2386,43.6192,42.1701
7780002.0,32.5909,43.6231,47.1617
7788002.0,32.726,43.5243,2.49458
7796002.0,32.8184,43.4185,7.97307
7804002.0,32.8055,43.2432,12.8169
7812002.0,33.150999999999996,43.1779,18.1158
7820002.0,33.4821,43.133,22.8367
7828002.0,33.805,42.9216,28.1405
7836002.0,34.423,42.7308,33.0915
7844002.0,35.4473,41.7171,38.2695
7852002.0,35.2543,42.1459,43.3617
7860002.0,35.5714,42.1013,48.6648
7868002.0,35.6133,42.0888,4.15008
7876002.0,36.1586,42.3773,9.20487
7884002.0,36.8962,42.4816,13.9557
7892002.0,37.7785,42.4702,18.9922
7900002.0,38.4587,42.2819,23.288
7908002.0,38.9115,41.8914,28.0798
7916002.0,39.6488,41.4855,33.3855
7924002.0,40.0007,41.3646,38.0913
7932002.0,40.5249,41.5215,42.143
7940002.0,40.8321,41.5737,46.2678
7948002.0,40.8803,42.0697,1.06273
7956002.0,41.3439,42.0598,5.10798
7964002.0,42.9981,41.6451,9.83667
7972002.0,42.7292,41.4472,14.5383
7980002.0,41.8178,40.8656,19.8219
7988002.0,41.7789,40.6996,24.1881
7996002.0,41.4405,40.4966,28.9268
