2.0,6.653989999999999,24.7264,25.3801
8002.0,13.0099,25.1298,28.6709
16002.0,14.8965,25.2329,32.3067
24002.0,14.7307,24.3882,36.5758
32002.0,15.2162,24.0636,40.1255
40002.0,15.8147,24.0692,43.4107
48002.0,16.2402,23.8583,46.8669
56002.0,16.6887,23.7468,1.27601
64002.0,15.4478,23.8266,4.14308
72002.0,15.7762,23.4679,6.17708
80002.0,16.0704,23.4983,8.62021
88002.0,16.5004,22.8437,12.2509
96002.0,17.1564,22.5123,15.6976
104002.0,17.7405,22.6654,18.7868
112002.0,18.5555,22.5884,19.9775
120002.0,19.521,23.1282,22.0263
128002.0,20.2873,23.2779,25.206999999999997
136002.0,22.2138,23.3724,28.8348
144002.0,23.6675,23.7685,32.0395
152002.0,25.6698,23.8567,34.1109
160002.0,29.82,24.2463,36.1308
168002.0,27.6643,23.5332,34.3248
176002.0,27.6212,23.8147,37.2954
184002.0,27.6561,23.8282,40.1547
192002.0,27.6528,23.8918,44.1833
200002.0,28.2383,24.1165,48.5428
208002.0,29.3082,24.1429,2.61828
216002.0,30.2368,24.3978,7.63788
224002.0,30.5274,24.4129,12.2163
232002.0,31.1229,24.2268,17.4904
240002.0,32.2046,24.0051,21.6398
248002.0,32.9821,24.3014,25.6827
256002.0,33.8238,24.4675,29.8596
264002.0,34.3276,24.0262,33.8248
272002.0,35.8826,24.0877,38.2042
280002.0,36.8767,23.4393,41.8812
288002.0,38.2734,23.1278,47.0845
296002.0,38.8333,22.9015,2.05124
304002.0,40.3287,22.1946,6.17732
312002.0,42.1356,22.1353,9.85255
320002.0,44.165,22.0124,13.3324
328002.0,45.9606,22.3043,17.1106
336002.0,48.0688,21.8972,20.8079
344002.0,48.5831,21.6719,24.8604
352002.0,0.215381,22.0498,28.0027
360002.0,1.98615,22.2204,30.8314
368002.0,3.59406,23.0493,32.2764
376002.0,4.02603,23.4837,36.6396
384002.0,5.87271,23.7377,39.5898
392002.0,6.163959999999999,23.6192,43.486999999999995
400002.0,6.6306899999999995,23.6878,48.2726
408002.0,7.2912,24.1505,3.41335
416002.0,7.71232,24.4292,7.18508
424002.0,8.77153,24.6965,11.5759
432002.0,9.91991,25.1007,14.8508
440002.0,10.3936,25.2051,19.9559
448002.0,10.8976,25.2158,23.9299
456002.0,11.6685,25.0991,27.3743
464002.0,12.4072,24.9683,29.862
472002.0,12.8569,24.9542,34.866
480002.0,14.2532,24.8542,39.465
488002.0,14.9331,24.3605,43.7711
496002.0,16.3196,24.1191,48.2682
504002.0,16.0364,24.4543,3.3580099999999997
512002.0,16.6839,24.6322,7.678030000000001
520002.0,17.5754,24.7041,12.050999999999998
528002.0,18.58,24.6193,16.6567
536002.0,20.0279,24.1381,21.1931
544002.0,22.6701,23.6037,24.9282
552002.0,24.8176,23.5291,28.9418
560002.0,26.9931,23.9689,32.7894
568002.0,27.3324,24.0641,36.0075
576002.0,27.7824,24.7129,40.908
584002.0,29.1244,24.7876,45.9474
592002.0,30.3601,24.9951,48.8311
600002.0,31.3114,25.3919,2.73928
608002.0,31.825,25.6722,5.73652
616002.0,33.2724,26.4688,10.2157
624002.0,34.1846,26.3152,14.4947
632002.0,34.5555,26.69,19.3752
640002.0,35.7481,27.1371,23.1066
648002.0,36.065,27.2335,25.8759
656002.0,36.2789,27.1698,30.1036
664002.0,36.8306,27.0864,34.4558
672002.0,37.434,26.6648,39.0142
680002.0,37.7089,26.6675,42.9319
688002.0,38.559,26.8389,47.0134
696002.0,38.6407,26.2797,1.49343
704002.0,39.0238,26.1583,6.65027
712002.0,39.8321,26.094,10.8945
720002.0,40.663000000000004,25.66,13.5364
728002.0,40.3627,25.6238,17.9055
736002.0,39.8419,25.9364,21.2946
744002.0,40.5869,25.746,25.1784
752002.0,40.6381,25.996,29.1613
760002.0,41.4246,25.9759,33.8274
768002.0,42.0482,25.8555,37.5472
776002.0,42.5799,25.7914,43.188
784002.0,42.67,25.5999,46.5701
792002.0,44.2913,25.7703,0.0377484
800002.0,45.03,25.5781,3.8825300000000005
808002.0,45.7889,25.7528,8.18783
816002.0,46.2558,26.0095,12.1056
824002.0,47.0504,25.7793,15.4552
832002.0,47.5667,25.7645,19.525
840002.0,47.8671,25.3105,23.3908
848002.0,49.2407,25.2538,26.7721
856002.0,2.34429,25.186999999999998,30.976
864002.0,3.95034,25.1523,34.3165
872002.0,3.62822,25.1983,38.2319
880002.0,4.2544,24.8622,42.6537
888002.0,5.87814,25.0079,46.6867
896002.0,7.18588,25.1462,1.46202
904002.0,8.42322,25.4549,5.97839
912002.0,9.609630000000001,25.4678,9.76552
920002.0,10.4712,25.320999999999998,13.582
928002.0,10.4996,25.4752,18.0688
936002.0,10.6303,26.0798,20.7156
944002.0,10.9642,26.2141,23.6276
952002.0,12.9372,25.8401,27.3106
960002.0,13.1324,26.0957,30.9649
968002.0,13.8764,26.2385,35.2283
976002.0,15.1421,26.1536,38.7513
984002.0,15.6957,25.7321,42.6794
992002.0,15.6793,25.9532,45.8628
1000002.0,16.7149,26.6023,48.7446
1008002.0,17.8809,26.4362,2.53686
1016002.0,18.017,26.3491,6.79495
1024002.0,19.5458,26.2605,9.92482
1032002.0,20.8502,25.6066,12.1145
1040002.0,22.5004,25.6264,16.4195
1048002.0,22.7481,25.5009,20.7283
1056002.0,22.4257,25.8105,24.1518
1064002.0,22.9128,25.6095,28.6032
1072002.0,23.4366,25.513,32.5019
1080002.0,23.9646,25.4735,35.7148
1088002.0,24.6479,25.7473,38.6119
1096002.0,26.0519,25.6018,42.4216
1104002.0,27.0818,25.5824,46.3581
1112002.0,26.8927,25.2382,2.4150099999999997
1120002.0,27.3393,25.3044,6.71294
1128002.0,28.1974,25.0497,10.3224
1136002.0,29.0228,25.0325,14.3699
1144002.0,29.8887,24.8255,17.2283
1152002.0,30.3143,24.5308,21.9769
1160002.0,30.5723,24.064,26.5807
1168002.0,30.7448,24.4371,30.1454
1176002.0,30.9,24.6345,34.382
1184002.0,31.3209,24.6916,38.9936
1192002.0,31.9574,24.3324,42.2397
1200002.0,32.8845,25.2053,46.6649
1208002.0,34.0032,23.712,0.850925
1216002.0,35.5706,23.9177,3.34714
1224002.0,36.729,23.18,7.0000800000000005
1232002.0,38.0445,22.8892,10.5875
1240002.0,38.8805,22.3828,14.725999999999999
1248002.0,38.8853,23.0318,19.4554
1256002.0,40.2577,23.2405,22.4397
1264002.0,41.1064,23.0891,26.671
1272002.0,41.8749,22.4813,31.0431
1280002.0,44.2203,22.1822,34.7303
1288002.0,45.4389,22.2062,37.2128
1296002.0,45.7937,22.3647,41.3372
1304002.0,47.4764,22.1218,44.9251
1312002.0,48.1223,22.1899,49.3949
1320002.0,0.473183,21.7337,3.3411800000000005
1328002.0,1.89268,21.6564,7.11702
1336002.0,3.40936,22.5365,10.3154
1344002.0,3.7351199999999998,22.7195,12.9543
1352002.0,4.38215,22.4133,17.718
1360002.0,4.79689,22.4946,21.9069
1368002.0,5.9236,22.6541,25.7794
1376002.0,6.9919899999999995,22.4073,30.0653
1384002.0,7.3827,22.2842,33.7807
1392002.0,8.84035,22.8593,37.5141
1400002.0,10.5921,22.4502,42.0697
1408002.0,11.4329,22.2853,45.0687
1416002.0,11.4832,22.4919,48.1826
1424002.0,12.1732,22.7226,3.19938
1432002.0,13.4291,22.5284,7.803839999999999
1440002.0,15.5361,22.5339,12.4551
1448002.0,16.1327,22.5502,15.6536
1456002.0,17.7048,22.5529,19.4114
1464002.0,18.459,21.7725,22.6431
1472002.0,19.28,21.7186,26.5312
1480002.0,20.0544,21.5294,29.7145
1488002.0,20.9033,21.4511,33.4353
1496002.0,21.4148,21.6467,37.5098
1504002.0,22.4756,21.3937,40.8618
1512002.0,24.0839,21.1244,45.9303
1520002.0,24.5974,21.1798,0.733488
1528002.0,25.2258,21.2256,5.63645
1536002.0,25.9579,21.11,9.41184
1544002.0,26.3316,21.2384,13.2297
1552002.0,28.6277,21.0498,16.4861
1560002.0,28.7399,21.2045,21.3919
1568002.0,29.8139,20.8723,25.4824
1576002.0,29.5611,21.1645,29.9487
1584002.0,30.0619,21.1235,34.0278
1592002.0,29.9496,21.1325,37.9227
1600002.0,30.4077,20.923000000000002,42.1366
1608002.0,30.7622,21.0219,46.3235
1616002.0,31.362,21.0057,0.738342
1624002.0,31.9124,20.8974,4.97089
1632002.0,32.6264,20.8708,9.29315
1640002.0,34.2281,21.3553,13.9225
1648002.0,35.7166,21.4975,17.3035
1656002.0,36.6042,21.9305,21.7666
1664002.0,38.3459,22.2687,26.5446
1672002.0,40.0585,22.0431,31.3335
1680002.0,41.6424,21.5798,35.7731
1688002.0,41.1518,21.7977,39.9442
1696002.0,40.3451,21.6571,44.8519
1704002.0,40.0772,21.3985,0.143709
1712002.0,39.6228,21.4753,5.34914
1720002.0,41.1475,21.3356,8.53713
1728002.0,42.4757,21.6855,12.1382
1736002.0,42.9338,21.7437,16.1008
1744002.0,43.0532,22.0213,20.0552
1752002.0,44.8433,22.6555,22.4657
1760002.0,44.9856,22.3812,26.6772
1768002.0,47.9952,23.3646,28.482
1776002.0,48.7601,23.2042,32.7646
1784002.0,0.499831,23.7276,38.9607
1792002.0,48.0052,23.7516,41.1731
1800002.0,48.0635,23.8239,46.458999999999996
1808002.0,49.305,21.098000000000003,0.512493
1816002.0,1.3595,20.9716,2.1398900000000003
1824002.0,1.45371,20.3395,6.40626
1832002.0,3.3763699999999996,20.3126,8.70449
1840002.0,6.0212900000000005,21.2633,10.1363
1848002.0,5.74051,21.8224,13.5579
1856002.0,5.88819,21.7363,16.0955
1864002.0,6.43241,21.7549,19.2259
1872002.0,7.3458,22.8421,22.5147
1880002.0,8.3249,22.8336,26.5867
1888002.0,9.864189999999999,22.9094,29.3933
1896002.0,10.7602,22.7172,32.9193
1904002.0,10.7425,22.454,36.138000000000005
1912002.0,11.4055,22.375999999999998,39.593
1920002.0,11.7541,22.5331,44.188
1928002.0,13.7567,22.7584,48.1899
1936002.0,14.479000000000001,22.9539,2.78105
1944002.0,15.3488,23.0482,6.78385
1952002.0,16.0997,23.0861,11.3851
1960002.0,16.1009,23.1984,15.7749
1968002.0,16.4847,22.9732,19.3458
1976002.0,16.9662,23.0898,22.607
1984002.0,17.7479,22.926,26.6963
1992002.0,18.480999999999998,22.8348,31.3738
2000002.0,19.7131,23.1797,34.9793
2008002.0,20.511,23.1173,39.2957
2016002.0,22.2709,23.6783,42.6885
2024002.0,23.27,23.9326,44.9903
2032002.0,23.8968,23.8678,47.507
2040002.0,25.1596,23.7431,1.4856
2048002.0,26.5809,23.76,5.8444400000000005
2056002.0,28.4346,23.9756,8.5015
2064002.0,30.0246,23.5921,11.8331
2072002.0,32.1943,23.5836,14.8378
2080002.0,33.1545,23.8426,17.9506
2088002.0,34.8831,23.8505,20.6609
2096002.0,36.3485,24.0419,24.1086
2104002.0,38.4246,23.8434,26.8132
2112002.0,40.7204,23.3905,31.4762
2120002.0,41.4689,23.3756,36.1816
2128002.0,42.0839,23.2447,38.8454
2136002.0,42.8316,23.6395,42.5517
2144002.0,43.3771,23.2899,46.542
2152002.0,43.7277,22.6217,49.1154
2160002.0,44.2816,21.9429,2.90334
2168002.0,44.3133,21.9766,6.08062
2176002.0,44.5425,21.6701,8.218169999999999
2184002.0,45.2826,21.5502,9.38043
2192002.0,45.8394,21.4057,11.1132
2200002.0,45.9724,20.97,13.4852
2208002.0,47.3067,20.7318,15.732000000000001
2216002.0,0.15171700000000002,20.8077,18.6896
2224002.0,1.7945400000000002,20.9702,23.2912
2232002.0,2.7985599999999997,21.1237,26.5859
2240002.0,4.405819999999999,21.2676,29.4537
2248002.0,5.30173,21.635,32.0189
2256002.0,5.72829,21.2951,33.1857
2264002.0,6.47365,21.1423,35.0074
2272002.0,6.95975,21.2055,38.5198
2280002.0,7.796860000000001,21.3368,41.6936
2288002.0,8.09431,21.6558,46.652
2296002.0,9.3279,21.9956,2.15374
2304002.0,11.7607,22.4964,4.88823
2312002.0,12.3283,22.4012,9.2068
2320002.0,14.3212,21.9005,12.857999999999999
2328002.0,15.130999999999998,21.6817,16.1643
2336002.0,15.3354,21.5156,19.1928
2344002.0,16.2442,21.5763,22.5916
2352002.0,16.734,22.0003,26.4138
2360002.0,17.97,22.7726,29.5674
2368002.0,18.1807,23.0395,34.2193
2376002.0,18.5452,23.29,38.2648
2384002.0,19.1155,23.3093,42.12
2392002.0,20.0691,23.379,45.9328
2400002.0,20.7331,23.5765,0.357904
2408002.0,21.4441,23.3174,4.76255
2414002.0,22.9462,24.4296,8.99548
2422002.0,23.3476,23.4021,14.5295
2430002.0,27.331,21.3564,16.4529
2438002.0,30.7638,22.2491,21.3837
2446002.0,32.3338,22.9795,24.191999999999997
2454002.0,33.031,22.8684,27.0379
2462002.0,34.7694,22.7268,29.9731
2470002.0,35.9965,23.121,32.4745
2478002.0,37.1057,23.094,35.7647
2486002.0,37.9531,23.1158,38.39
2494002.0,38.7047,23.6101,39.9219
2502002.0,38.786,23.6316,42.8228
2510002.0,40.8506,23.8345,47.2132
2518002.0,41.6084,24.0052,1.2306
2526002.0,43.8097,23.9934,3.4371199999999997
2534002.0,45.4984,23.7895,6.242380000000001
2542002.0,45.1105,23.1479,10.1781
2550002.0,45.6993,22.9324,13.7367
2558002.0,47.193000000000005,22.5361,16.0489
2566002.0,48.4449,22.3793,18.9205
2574002.0,0.456006,22.2327,21.7276
2582002.0,1.10056,21.6848,24.7236
2590002.0,4.0764,21.8686,27.9724
2598002.0,6.00263,21.5445,32.7572
2606002.0,6.73636,21.4066,37.0927
2614002.0,7.990530000000001,21.6523,40.7058
2622002.0,8.32898,21.9576,44.8045
2630002.0,9.469339999999999,21.9153,48.534
2638002.0,9.99923,21.2697,2.56439
2646002.0,10.6466,21.3901,7.22479
2654002.0,11.6731,21.2366,10.7721
2662002.0,11.856,21.3593,13.6554
2670002.0,11.9375,20.748,18.3232
2678002.0,13.4253,20.6761,23.4161
2686002.0,16.9278,20.695,26.6517
2694002.0,19.3682,20.771,27.7134
2702002.0,20.8633,20.2108,31.884
2710002.0,22.8947,19.351,36.5424
2718002.0,24.4203,19.3877,40.5231
2726002.0,24.8357,19.6387,42.5202
2734002.0,26.4808,19.0581,46.8024
2742002.0,28.5376,19.2757,1.4470299999999998
2750002.0,30.5073,19.7074,5.460030000000001
2758002.0,31.3722,20.5463,10.2439
2766002.0,32.3786,20.4605,14.857999999999999
2774002.0,32.732,20.7123,18.4227
2782002.0,33.8815,20.698,22.9991
2790002.0,33.7319,21.239,27.3518
2798002.0,33.3892,21.5794,31.7258
2806002.0,34.8093,21.9903,36.1936
2814002.0,34.4035,21.9892,41.3268
2822002.0,35.3321,21.401,45.9146
2830002.0,36.3853,21.5602,48.0998
2838002.0,37.4525,21.6545,1.7333
2846002.0,40.0736,21.4486,5.74621
2854002.0,41.855,21.4226,10.1321
2862002.0,43.1782,21.0451,14.2473
2870002.0,43.3095,20.9358,17.7991
2878002.0,44.0173,20.9568,21.2091
2886002.0,44.4852,20.7843,24.6192
2894002.0,45.3267,21.0114,27.5136
2902002.0,46.7385,21.2984,30.7702
2910002.0,46.3757,21.2327,34.0675
2918002.0,46.3082,21.1007,37.1715
2926002.0,46.0163,21.4499,42.3748
2934002.0,46.7863,21.4348,47.2067
2942002.0,46.2936,22.1641,1.98255
2950002.0,46.3578,21.3682,5.56884
2958002.0,46.978,21.5856,9.74628
2966002.0,48.1494,21.3632,13.5289
2974002.0,47.7338,21.2775,17.175
2982002.0,47.9141,21.2979,21.9038
2990002.0,48.5379,21.5421,26.1038
2998002.0,48.886,21.5914,29.4855
3006002.0,49.2475,21.6379,32.5874
3014002.0,0.324191,21.4798,37.1593
3022002.0,0.9534549999999999,20.8242,40.0212
3030002.0,1.93172,20.1461,44.4903
3038002.0,2.12958,19.835,47.9139
3046002.0,3.07383,19.3311,2.41792
3054002.0,4.198840000000001,18.8943,5.68379
3062002.0,4.77036,18.8298,7.9363399999999995
3070002.0,5.99141,18.1104,12.1548
3078002.0,5.85273,18.1461,15.0838
3086002.0,6.59727,18.3504,18.8595
3094002.0,7.99245,18.4292,22.4449
3102002.0,8.75648,18.625999999999998,25.8832
3110002.0,9.83479,18.7285,29.479
3118002.0,10.8501,19.1269,33.0902
3126002.0,11.3451,19.0893,37.3467
3134002.0,12.6026,18.6606,41.8229
3142002.0,12.7638,18.9116,45.4443
3150002.0,13.984000000000002,19.0629,48.1942
3158002.0,16.6597,18.8145,2.1353400000000002
3166002.0,17.289,18.422,4.8727800000000006
3174002.0,18.5441,18.531,6.74835
3182002.0,19.9999,18.2323,10.427
3190002.0,21.5346,18.3172,14.1147
3198002.0,21.8623,18.899,17.6377
3206002.0,23.9903,18.9892,21.0565
3214002.0,25.7732,19.4411,24.0326
3222002.0,28.078000000000003,19.4094,28.2279
3230002.0,30.2538,20.2225,32.6609
3238002.0,31.1853,20.4682,37.1896
3246002.0,32.0512,20.4341,40.5408
3254002.0,32.5223,20.42,43.3005
3262002.0,33.3124,20.8823,46.3154
3270002.0,34.0229,21.1579,1.11684
3278002.0,34.0575,21.7277,3.9672699999999996
3286002.0,35.1553,21.6445,7.027480000000001
3294002.0,35.471,21.6601,9.54583
3302002.0,35.8645,21.5039,14.6467
3310002.0,36.3038,21.6733,17.0881
3318002.0,36.5872,21.8639,20.4585
3326002.0,37.6339,21.8775,23.8922
3334002.0,39.4665,22.2038,27.7798
3342002.0,40.6626,21.7645,31.89
3350002.0,41.1704,21.5494,35.0504
3358002.0,43.1257,21.1308,39.1427
3366002.0,46.0837,21.1473,43.9148
3374002.0,47.0098,21.1747,48.001000000000005
3382002.0,48.1973,20.8478,2.87521
3390002.0,1.16377,20.8487,5.25068
3398002.0,2.22007,20.8706,9.15345
3406002.0,3.4906599999999997,20.9582,12.8994
3414002.0,6.21494,20.9966,16.8719
3422002.0,8.952589999999999,20.9797,20.2948
3430002.0,11.1755,21.3389,24.4965
3438002.0,12.1338,21.592,28.5173
3446002.0,12.0453,21.4865,31.8295
3454002.0,12.4755,21.5289,34.8743
3462002.0,12.7446,21.5797,38.4366
3470002.0,11.0519,20.2493,42.6767
3478002.0,16.3729,18.6107,43.6079
3486002.0,16.5101,18.9567,47.6504
3494002.0,17.6457,18.3941,2.29658
3502002.0,17.2979,18.3036,5.79249
3510002.0,17.8975,18.1506,10.503
3518002.0,18.2214,18.5749,13.7799
3526002.0,19.3205,18.3667,17.9727
3534002.0,19.3684,18.3355,21.6912
3542002.0,19.1493,18.4757,25.9823
3550002.0,19.5526,18.3989,29.1384
3558002.0,19.7067,18.6243,32.1795
3566002.0,20.0202,18.4324,36.5849
3574002.0,20.0872,18.4831,41.1539
3582002.0,20.4068,18.3917,45.7072
3590002.0,20.7357,18.6958,0.699936
3598002.0,22.0227,18.5127,4.4357
3606002.0,23.0316,18.6451,7.38196
3614002.0,24.7525,19.077,8.99255
3622002.0,26.1,19.1609,10.4505
3630002.0,25.7958,18.6372,14.2501
3638002.0,26.1641,18.3576,16.8698
3646002.0,26.2678,17.395,20.7691
3654002.0,26.3956,17.0471,23.5425
3662002.0,26.7584,16.7315,27.3665
3670002.0,26.8664,16.8869,30.633000000000003
3678002.0,28.03,15.9699,35.0694
3686002.0,28.9448,15.9997,39.2454
3694002.0,29.6615,16.3167,43.3102
3702002.0,30.3168,16.5607,47.019
3710002.0,30.8844,16.6601,0.540465
3718002.0,31.6277,16.8387,3.67825
3726002.0,31.5687,17.0237,7.17709
3734002.0,31.6565,16.8726,10.4889
3742002.0,33.022,16.5494,13.5659
3750002.0,33.9773,16.8769,16.2316
3758002.0,35.5745,16.9601,19.3201
3766002.0,36.1576,16.7738,22.2877
3774002.0,37.4511,16.9087,24.8714
3782002.0,38.5556,16.4897,27.3686
3790002.0,39.5245,16.3261,31.2987
3798002.0,39.0873,16.0651,32.694
3806002.0,39.6073,16.164,35.2298
3814002.0,40.5416,16.660999999999998,36.6491
3822002.0,40.6316,16.9445,39.955
3830002.0,40.6874,16.863,42.7807
3838002.0,41.0343,17.0134,46.2383
3846002.0,41.1423,16.5944,0.937833
3854002.0,40.9234,15.7976,4.65824
3862002.0,40.400999999999996,16.0128,7.65309
3870002.0,41.8727,16.6459,11.4213
3878002.0,42.8914,16.4876,15.2924
3886002.0,42.151,16.0906,18.4622
3894002.0,42.0464,16.0351,21.1864
3902002.0,41.5606,16.6564,23.8899
3910002.0,42.2234,16.8649,26.9516
3918002.0,43.8842,16.5879,30.7866
3926002.0,44.7916,16.6787,32.7262
3934002.0,45.9625,15.8226,35.5715
3942002.0,46.9837,16.0475,38.8777
3950002.0,47.5924,15.3372,42.3942
3958002.0,47.97,14.9999,45.8322
3966002.0,48.2747,15.7361,48.4335
3974002.0,48.5486,14.4703,2.4367400000000004
3982002.0,48.5929,14.1017,4.82595
3990002.0,0.0642833,14.3547,7.24045
3998002.0,1.6042100000000001,14.6842,9.23593
4006002.0,2.59028,14.7304,10.6545
4014002.0,3.70285,14.6197,12.6008
4022002.0,3.9030199999999997,14.2032,14.2343
4030002.0,3.6799800000000005,14.8674,16.6983
4038002.0,5.56246,14.7377,18.3031
4046002.0,7.23597,14.6974,20.804000000000002
4054002.0,7.866280000000001,14.5692,23.8664
4062002.0,8.809460000000001,14.4591,27.3977
4070002.0,8.80215,14.5824,30.1138
4078002.0,8.35625,14.7627,33.8949
4086002.0,8.94805,14.8227,37.4596
4094002.0,9.96782,14.9834,40.4822
4102002.0,10.4603,14.9741,42.8674
4110002.0,10.8666,15.3968,45.4841
4118002.0,11.8793,15.5097,48.0694
4126002.0,13.4427,15.8256,1.0950799999999998
4134002.0,14.1015,16.2781,3.6346300000000005
4142002.0,14.6226,16.5726,6.1088
4150002.0,15.7071,16.8464,8.825380000000001
4158002.0,17.5525,16.8569,11.6785
4166002.0,18.4924,16.7067,14.9616
4174002.0,19.6477,16.6124,18.4054
4182002.0,20.8105,15.9208,21.5406
4190002.0,22.2854,15.7328,25.1472
4198002.0,24.03,15.3861,29.1398
4206002.0,25.5118,15.2105,32.5624
4214002.0,27.1572,15.2763,36.7889
4222002.0,28.8255,15.193,40.6181
4230002.0,30.0627,15.588,43.7172
4238002.0,32.085,15.6046,47.8945
4246002.0,34.8314,15.7227,1.9403
4254002.0,36.8668,15.4012,5.9743699999999995
4262002.0,37.7968,15.4796,9.91741
4270002.0,38.8936,15.857000000000001,13.3447
4278002.0,40.3356,15.6739,17.0382
4286002.0,40.6957,15.9745,21.3775
4294002.0,40.7898,15.6973,24.6256
4302002.0,41.2457,15.2712,27.6105
4310002.0,41.4878,15.3067,30.1011
4318002.0,40.454,15.7125,32.3529
4326002.0,41.0641,15.5982,36.2263
4334002.0,41.5417,14.0522,38.6845
4342002.0,41.906000000000006,14.6073,40.9283
4350002.0,42.3466,14.2715,43.9994
4358002.0,43.1225,14.9559,46.0724
4366002.0,44.0597,15.3134,48.46
4374002.0,44.3422,15.8087,0.507512
4382002.0,44.3384,15.62,2.96203
4390002.0,44.9308,15.8654,6.04935
4398002.0,44.4104,15.9651,11.4129
4406002.0,45.2488,16.1013,14.4672
4414002.0,45.3763,16.3833,17.382
4422002.0,45.6487,16.879,19.5417
4430002.0,45.4208,16.9794,23.7435
4438002.0,45.8905,16.5753,27.3704
4446002.0,45.7131,17.1538,29.3733
4454002.0,46.8177,17.5177,32.8381
4462002.0,47.8867,17.6889,36.3401
4470002.0,0.12415799999999999,18.4314,39.2989
4478002.0,1.37731,18.8773,42.2719
4486002.0,2.7363299999999997,19.4872,45.3413
4494002.0,3.5226,19.5457,48.7617
4502002.0,4.98519,19.6617,2.16743
4510002.0,5.238519999999999,19.7525,5.44246
4518002.0,5.58703,19.9787,6.73459
4526002.0,6.720680000000001,19.5668,10.2025
4534002.0,8.2548,19.7283,12.7037
4542002.0,9.031880000000001,19.7069,15.4739
4550002.0,10.2971,20.2896,18.7323
4558002.0,11.9777,20.1062,22.0011
4566002.0,12.8629,19.9945,25.5006
4574002.0,14.6856,19.8308,29.0417
4582002.0,16.3529,19.769000000000002,32.455999999999996
4590002.0,18.4781,19.7343,34.5556
4598002.0,20.549,19.5748,37.8008
4606002.0,22.174,19.1208,39.1515
4614002.0,23.2483,18.9551,41.0025
4622002.0,23.6309,18.5935,43.0386
4630002.0,24.7857,18.6362,44.498000000000005
4638002.0,26.1918,18.0377,45.4376
4646002.0,26.8765,18.3288,48.2321
4654002.0,27.6577,18.387999999999998,0.953731
4662002.0,29.4814,18.8834,4.242369999999999
4670002.0,29.6695,18.9034,6.661239999999999
4678002.0,30.168000000000003,19.2519,10.0765
4686002.0,31.1245,18.837,13.2287
4694002.0,32.509,19.2157,17.8558
4702002.0,33.2162,19.7839,20.6421
4710002.0,34.3727,19.9746,23.453000000000003
4718002.0,35.2427,20.1246,26.7905
4726002.0,35.4576,20.5244,30.3637
4734002.0,35.9012,20.7734,32.0603
4742002.0,36.3358,20.8476,35.2984
4750002.0,37.3167,20.3577,38.4327
4758002.0,37.7545,20.4122,40.6191
4760002.0,37.6943,20.4223,41.0125
4768002.0,37.8111,20.7394,45.3399
4776002.0,40.5135,20.5948,46.5148
4784002.0,42.5255,20.4974,0.44773900000000005
4792002.0,43.6886,20.4297,3.31734
4800002.0,44.5021,20.5894,6.3075
4808002.0,45.9235,20.8374,9.20234
4816002.0,48.558,21.1586,12.4321
4824002.0,1.48609,20.9015,14.466
4832002.0,3.5048,21.0862,16.8997
4840002.0,5.38226,21.4525,19.83
4848002.0,6.858569999999999,21.8291,22.258000000000003
4856002.0,9.087639999999999,22.1607,25.9255
4864002.0,8.97666,21.8284,30.4353
4872002.0,11.6013,21.988000000000003,33.6649
4880002.0,11.5284,21.3571,36.4439
4888002.0,11.8715,21.2597,39.0637
4896002.0,14.6964,22.4195,41.6065
4904002.0,16.8214,22.438000000000002,42.9441
4912002.0,18.1347,23.0134,44.8624
4920002.0,21.5729,23.3426,48.214
4928002.0,23.8856,23.6276,2.0114799999999997
4936002.0,25.0363,22.986,6.00451
4944002.0,25.4552,23.0458,9.57552
4952002.0,26.8387,23.2451,13.72
4960002.0,26.9423,23.3708,17.8732
4968002.0,27.5503,23.3951,21.6356
4976002.0,28.3089,23.1916,25.5014
4984002.0,28.4491,22.6983,29.1254
4992002.0,29.5636,22.713,32.2563
5000002.0,30.9928,23.17,36.5042
5008002.0,31.4043,23.037,40.7011
5016002.0,31.9145,23.0149,43.6835
5024002.0,32.6619,22.6066,47.074
5032002.0,32.5995,22.8355,0.945176
5040002.0,33.8452,23.4358,4.54094
5048002.0,33.7652,23.5354,7.05888
5056002.0,34.6885,23.284000000000002,10.9127
5064002.0,36.1807,22.2937,14.3966
5072002.0,37.1078,22.5112,18.0941
5080002.0,37.9258,22.1381,22.3564
5088002.0,39.4101,21.6029,26.8676
5096002.0,41.7011,21.6033,31.0215
5104002.0,44.0335,21.8966,36.1741
5112002.0,44.2576,21.8497,40.0539
5120002.0,44.5873,21.7957,44.5077
5128002.0,46.2227,21.5689,49.394
5136002.0,46.4753,21.3353,3.9121599999999996
5144002.0,47.8308,20.7968,8.23189
5152002.0,48.5594,20.7176,12.7418
5160002.0,0.07412260000000001,21.0122,17.0371
5168002.0,0.972498,20.8174,21.5913
5176002.0,1.77417,20.2209,26.1095
5184002.0,2.42727,19.9963,29.8574
5192002.0,3.01238,19.6245,32.9524
5200002.0,3.76484,19.7279,36.9306
5208002.0,4.54116,19.8962,39.74
5216002.0,5.79549,19.621,43.3186
5224002.0,6.895810000000001,19.5626,46.6846
5232002.0,7.99125,19.7795,1.23691
5240002.0,8.89246,18.8687,4.67307
5248002.0,9.79833,18.8437,7.4389899999999995
5256002.0,10.1417,18.7692,9.82213
5264002.0,10.6653,18.787,13.7085
5272002.0,11.852,19.0537,17.0321
5280002.0,13.1484,18.8499,21.5978
5288002.0,13.7616,18.6399,24.8767
5296002.0,14.6411,19.0131,29.0703
5304002.0,15.924000000000001,19.1659,32.6578
5312002.0,18.1211,19.3521,35.9222
5320002.0,18.2682,18.9488,39.5987
5328002.0,18.6347,18.7088,42.1616
5336002.0,19.7752,18.9268,45.8101
5344002.0,21.5245,18.7945,0.0558067
5352002.0,22.0931,18.7687,3.25412
5360002.0,22.1597,19.1499,6.19831
5368002.0,22.9726,19.6904,10.4937
5376002.0,22.9937,19.6566,13.7959
5384002.0,23.750999999999998,19.9814,18.4106
5392002.0,23.9022,20.234,20.9856
5400002.0,24.3533,20.4574,24.343000000000004
5408002.0,24.8094,20.9744,28.3842
5416002.0,26.6435,20.8451,32.1754
5424002.0,27.4719,20.5862,34.9071
5432002.0,27.7964,21.0111,37.2396
5440002.0,29.8908,20.9072,38.8927
5448002.0,30.8291,20.9239,41.9531
5456002.0,31.8274,21.2045,46.0376
5464002.0,32.4749,21.2968,0.287454
5472002.0,32.7581,20.9522,4.41529
5480002.0,34.4088,20.7306,7.75427
5488002.0,35.4057,20.7763,10.8349
5496002.0,36.121,20.6787,14.8366
5504002.0,36.5623,21.1074,18.3671
5512002.0,37.4592,21.3268,21.4732
5520002.0,37.9864,21.5354,25.2385
5528002.0,39.527,21.6728,28.8894
5536002.0,40.8697,21.7336,31.7441
5544002.0,41.6321,21.8721,35.1251
5552002.0,42.3984,21.9057,38.4744
5560002.0,43.3201,21.7663,42.7342
5568002.0,44.7801,22.147,46.1829
5576002.0,45.8025,22.3307,48.1666
5584002.0,46.2949,22.2953,3.09041
5592002.0,46.7929,22.6781,7.01387
5600002.0,46.8117,22.9078,10.6762
5608002.0,46.9241,22.8771,13.8266
5616002.0,47.2835,23.054000000000002,17.1379
5624002.0,47.9186,23.1184,19.8575
5632002.0,49.2319,23.4857,23.3389
5640002.0,1.00629,23.291999999999998,26.8498
5648002.0,2.48683,23.0755,31.5381
5656002.0,3.43079,22.8624,35.6914
5664002.0,3.84593,23.3044,39.9495
5672002.0,4.90191,23.4759,43.312
5680002.0,5.6787,23.811,47.1317
5688002.0,6.83097,24.2143,0.665795
5696002.0,7.24138,24.4594,4.07066
5704002.0,9.137369999999999,24.2014,8.430769999999999
5712002.0,9.51796,24.1644,12.2557
5720002.0,9.683530000000001,24.3254,16.07
5728002.0,10.3627,24.2506,20.146
5736002.0,10.7405,24.0024,24.0411
5744002.0,11.5076,24.0779,29.2956
5752002.0,11.45,24.7181,32.52
5760002.0,11.0103,24.769000000000002,34.8004
5768002.0,12.6179,23.8367,38.0046
5776002.0,13.7794,23.9205,42.3342
5784002.0,13.8548,22.9736,46.312
5792002.0,14.8084,23.5639,1.3949
5800002.0,15.8007,23.7243,6.42214
5808002.0,17.4657,23.3167,10.5801
5816002.0,19.2992,23.3135,14.6494
5824002.0,19.5629,22.9882,17.3544
5832002.0,19.2509,22.9398,20.4228
5840002.0,19.4792,23.3166,24.0173
5848002.0,21.664,23.7145,27.529
5856002.0,22.5506,23.7503,31.2941
5864002.0,24.3744,23.8206,34.1585
5872002.0,24.5055,23.7685,37.650999999999996
5880002.0,24.7617,24.2245,41.4006
5888002.0,25.3315,24.5342,45.8989
5896002.0,26.2969,24.4285,49.0211
5904002.0,27.2445,24.1429,3.14653
5912002.0,27.5093,24.4521,6.983280000000001
5920002.0,28.2385,24.6516,11.0491
5928002.0,28.9727,24.6044,15.7985
5936002.0,29.3786,24.0821,20.2758
5944002.0,29.7864,24.2456,24.7032
5952002.0,30.5463,23.2568,28.9812
5960002.0,31.2724,23.3719,33.2777
5968002.0,32.3431,23.1123,37.2524
5976002.0,32.8514,22.9185,41.526
5984002.0,34.1083,22.9932,44.7545
5992002.0,34.1581,22.5105,0.127054
6000002.0,34.895,22.8422,4.29051
6008002.0,34.6982,23.4308,8.17411
6016002.0,36.4833,22.8427,10.937999999999999
6024002.0,37.3545,22.7181,15.7391
6032002.0,37.3123,22.5642,19.8585
6040002.0,37.2669,22.2336,23.9207
6048002.0,37.7435,21.7483,27.641
6056002.0,38.2215,21.7952,31.9582
6064002.0,38.8365,21.5317,36.678000000000004
6072002.0,39.2411,21.9991,40.9423
6080002.0,40.9865,21.7316,45.2736
6088002.0,42.4765,21.7785,48.2682
6096002.0,43.3562,22.2139,1.53173
6104002.0,43.7453,22.5316,5.42592
6112002.0,44.2661,22.8071,10.0478
6120002.0,44.9214,22.538,14.2681
6128002.0,44.5565,23.3346,18.8836
6136002.0,45.1068,23.5226,22.7546
6144002.0,45.2257,23.7356,26.9074
6152002.0,45.5332,23.8876,30.5935
6160002.0,45.9039,23.8708,34.5839
6168002.0,46.4254,24.2348,39.2222
6176002.0,46.761,23.975,44.3572
6184002.0,46.8476,23.8822,48.028999999999996
6192002.0,47.1074,24.0445,2.21846
6200002.0,47.625,23.7629,5.437
6208002.0,48.0182,23.8721,9.59103
6216002.0,48.8434,23.7779,13.6254
6224002.0,49.4838,23.9941,18.0263
6232002.0,0.6528149999999999,23.7714,22.8976
6240002.0,1.9912900000000002,24.1005,28.6546
6248002.0,3.45577,24.2659,33.6244
6256002.0,4.86728,24.5185,38.0685
6264002.0,5.84578,24.5952,41.5781
6272002.0,6.45488,24.5536,45.1097
6280002.0,7.14823,24.0896,49.1239
6288002.0,7.05254,24.2907,3.77106
6296002.0,7.65895,24.456,7.5484
6304002.0,9.20847,24.0635,12.2532
6312002.0,10.0029,23.9831,16.2819
6320002.0,11.3631,24.186,20.2144
6328002.0,13.3289,24.5588,25.1247
6336002.0,13.867,25.2422,29.0192
6344002.0,14.7729,24.3191,33.8002
6352002.0,14.5056,24.2153,37.7272
6360002.0,14.6565,24.3307,41.8863
6368002.0,14.8104,24.9405,47.2447
6376002.0,14.5674,25.3947,2.82816
6384002.0,14.8947,25.9436,7.66407
6392002.0,14.5576,26.1943,11.6511
6400002.0,15.3439,25.7033,16.1863
6408002.0,15.415,26.0748,21.9232
6416002.0,15.9512,25.64,25.3079
6424002.0,16.7096,25.6203,28.6394
6432002.0,17.3399,25.6487,32.4938
6440002.0,17.2188,25.8728,35.667
6448002.0,16.7346,25.8247,39.2822
6456002.0,17.3118,25.951999999999998,42.6069
6464002.0,18.4587,25.8051,46.2582
6472002.0,19.0178,25.5882,2.3856
6480002.0,19.8386,25.6907,5.76736
6488002.0,20.6163,25.3836,9.6079
6496002.0,21.1482,25.8437,13.6293
6504002.0,22.9727,25.6629,18.1602
6512002.0,24.2158,25.4409,21.8914
6520002.0,25.1983,25.504,25.7235
6528002.0,25.9436,25.4159,30.2163
6536002.0,26.814,24.675,34.8745
6544002.0,27.0819,24.8736,38.2741
6552002.0,27.5182,24.7992,41.3441
6560002.0,28.4088,24.4959,45.398999999999994
6568002.0,28.8983,25.1729,48.3183
6576002.0,29.6554,24.9641,2.9832
6584002.0,30.6278,25.2942,7.78481
6592002.0,31.628,25.2727,12.315999999999999
6600002.0,33.1678,25.3933,16.3837
6608002.0,34.0203,25.1718,20.5515
6616002.0,35.5423,24.6356,24.5515
6624002.0,37.5314,24.4649,28.0602
6632002.0,39.5133,23.6568,31.5996
6640002.0,40.0311,23.0947,35.8
6648002.0,41.2721,23.1277,39.1165
6656002.0,43.1609,23.3368,43.3459
6664002.0,44.4175,22.9247,46.2436
6672002.0,45.8822,23.2636,1.2109299999999998
6680002.0,46.4996,22.5887,5.43801
6688002.0,46.7764,22.883000000000003,9.42308
6696002.0,49.0642,22.8822,12.192
6704002.0,1.37962,23.6703,16.942999999999998
6712002.0,3.15798,24.2059,20.7357
6720002.0,5.97018,24.735,23.6929
6728002.0,7.570880000000001,24.8149,26.8733
6736002.0,8.56125,24.8932,30.4774
6744002.0,9.22433,25.0961,35.1004
6752002.0,10.7013,24.8718,40.119
6760002.0,11.3709,25.1367,44.1822
6768002.0,11.485,25.2534,48.3376
6776002.0,12.1226,25.7901,3.86266
6784002.0,13.1776,26.105,8.26041
6792002.0,13.1924,25.7548,12.2014
6800002.0,13.6373,26.1236,16.0529
6808002.0,14.6205,25.9597,20.0945
6816002.0,14.2148,25.5825,24.1512
6824002.0,15.012,25.7975,28.1083
6832002.0,15.927,25.8153,32.2066
6840002.0,15.7376,25.778000000000002,36.743
6848002.0,16.6253,25.8483,40.5141
6856002.0,16.6862,25.9616,44.5255
6864002.0,16.9651,25.6149,49.0395
6872002.0,17.4599,25.6386,3.7088300000000003
6880002.0,18.9628,25.3957,8.00567
6888002.0,20.0582,25.4924,12.9436
6896002.0,21.2492,25.0246,16.255
6904002.0,22.1293,24.884,19.6468
6912002.0,23.5218,24.6936,23.7374
6920002.0,25.0276,24.4991,28.163
6928002.0,26.6425,24.2325,32.4639
6936002.0,27.1218,24.061999999999998,35.2405
6944002.0,29.0403,24.5174,38.655
6952002.0,31.805999999999997,24.453000000000003,41.7039
6960002.0,33.3903,23.9672,43.2857
6968002.0,34.6995,23.8577,46.663999999999994
6976002.0,36.4932,24.3565,1.0090000000000001
6984002.0,37.5318,24.3281,5.02722
6992002.0,38.9869,24.3935,9.418339999999999
7000002.0,39.9126,24.2143,12.5736
7008002.0,41.4808,24.5416,15.6157
7016002.0,42.4422,25.0777,19.437
7024002.0,42.7464,25.4696,23.6772
7032002.0,43.6019,25.8405,26.7761
7040002.0,44.9063,25.7204,30.5768
7048002.0,46.0577,25.9088,34.311
7056002.0,47.1219,26.3994,37.9714
7064002.0,48.9047,26.601999999999997,41.4919
7072002.0,1.26709,27.23,46.1424
7080002.0,2.4212700000000003,27.6363,0.23563299999999998
7088002.0,2.83523,27.7684,3.4003900000000002
7096002.0,3.64163,27.8538,5.911969999999999
7104002.0,5.36512,28.3119,7.496560000000001
7112002.0,6.52971,29.1244,12.0042
7120002.0,9.3541,32.3913,16.3133
7128002.0,4.23585,31.4532,23.6488
7136002.0,5.56645,31.1241,28.1118
7144002.0,4.07873,30.7609,32.558
7152002.0,4.7199,31.9743,38.0096
7160002.0,2.20823,39.5585,44.7321
7168002.0,2.79595,37.8521,46.9735
7176002.0,2.9693400000000003,39.2911,1.84602
7184002.0,4.10515,38.2111,5.6748400000000006
7192002.0,2.13395,38.8401,9.57092
7200002.0,3.9585199999999996,38.6952,15.0302
7204002.0,2.4485200000000003,39.0014,16.687
7212002.0,3.60892,39.3213,23.4802
7220002.0,4.64279,39.1084,27.1646
7228002.0,5.67143,38.4435,31.3384
7236002.0,6.8867,38.2752,35.6984
7244002.0,7.254760000000001,37.6995,40.382
7252002.0,7.4162300000000005,37.739000000000004,45.2815
7260002.0,7.7953600000000005,37.5266,0.31122
7268002.0,7.627619999999999,37.3148,5.32209
7276002.0,8.30822,37.1909,9.596210000000001
7284002.0,7.91096,37.0583,15.0817
7292002.0,7.8693,37.5339,19.5578
7300002.0,9.01252,37.2053,24.1167
7308002.0,9.64753,36.7214,29.0909
7316002.0,9.857619999999999,37.0868,32.4523
7324002.0,10.0698,37.0217,36.8568
7332002.0,10.4612,36.5651,41.6809
7340002.0,11.1612,36.1216,45.8818
7348002.0,11.4944,36.046,0.0808044
7356002.0,11.7013,35.9746,3.25577
7364002.0,12.3536,35.7975,7.11257
7372002.0,12.748,35.9457,11.0911
7380002.0,12.8368,35.6653,15.3854
7388002.0,12.5811,35.53,19.9821
7396002.0,12.8383,35.4095,24.1117
7404002.0,13.3226,35.455,28.6972
7412002.0,14.2647,35.5192,33.3471
7420002.0,14.6353,34.9627,37.9502
7428002.0,15.1687,34.6858,42.0027
7436002.0,15.6287,34.5852,46.4554
7444002.0,16.076,34.7576,1.68901
7452002.0,16.991,34.5982,6.25654
7460002.0,17.182000000000002,34.5894,10.9202
7468002.0,17.5114,34.5995,15.5774
7476002.0,17.9773,34.6384,19.5878
7484002.0,18.5645,34.6162,23.7128
7492002.0,19.5052,34.7967,27.5139
7500002.0,20.0563,35.2341,31.8749
7508002.0,21.2712,35.2916,36.0691
7516002.0,21.4986,34.8623,41.3041
7524002.0,21.6193,34.7015,46.19
7532002.0,21.8539,35.0886,1.37964
7540002.0,22.5246,34.8244,6.24371
7548002.0,22.9873,34.8695,9.388919999999999
7556002.0,23.889,34.4026,14.5552
7564002.0,24.2097,34.2106,19.3453
7572002.0,25.0573,34.2958,23.5575
7580002.0,25.4088,34.227,28.2654
7588002.0,25.5539,33.8372,33.7423
7596002.0,25.7869,33.7467,38.1169
7604002.0,26.2144,33.7402,42.1386
7612002.0,26.9077,33.6307,47.208
7620002.0,27.4433,33.8298,2.16527
7628002.0,27.7968,33.9813,6.84382
7636002.0,29.1032,33.9635,10.8416
7644002.0,30.0415,33.8322,14.966
7652002.0,30.820999999999998,33.6525,19.2485
7660002.0,31.377,33.5841,23.7565
7668002.0,33.049,33.5103,29.4392
7676002.0,33.6091,33.2231,34.5836
7684002.0,34.3268,32.8052,39.13
7692002.0,36.2915,32.7009,44.3701
7700002.0,37.4778,32.9318,48.1363
7708002.0,37.7775,32.9596,3.2959400000000003
7716002.0,38.8198,32.6652,7.72313
7724002.0,39.6796,33.7237,11.9556
7732002.0,40.7054,33.4884,17.5697
7740002.0,42.4913,33.1523,22.5857
7748002.0,43.0673,33.1956,27.3862
7756002.0,44.2695,33.3566,31.0538
7764002.0,44.7989,32.6085,36.1466
7772002.0,44.3898,32.6312,40.1652
7780002.0,44.5838,32.5241,44.9547
7788002.0,44.9713,32.4408,0.341438
7796002.0,45.651,32.7681,4.93843
7804002.0,46.1442,33.0374,9.44257
7812002.0,46.6967,32.6763,14.1415
7820002.0,47.5486,32.1927,18.5028
7828002.0,48.9476,32.0764,23.4088
7836002.0,0.225975,32.510999999999996,28.1249
7844002.0,0.7885949999999999,32.6786,31.9083
7852002.0,1.0779299999999998,32.8964,37.1936
7860002.0,1.9189900000000002,32.9592,41.4899
7868002.0,2.3202599999999998,33.1655,46.9539
7876002.0,3.3036300000000005,33.3466,2.202
7884002.0,4.401269999999999,33.1445,6.617539999999999
7892002.0,5.38146,33.2819,11.5984
7900002.0,5.69935,33.161,16.1806
7908002.0,5.98252,32.5583,20.4084
7916002.0,5.91022,32.9377,25.3548
7924002.0,6.06257,32.9844,29.7095
7932002.0,6.23259,32.6538,32.948
7940002.0,5.9107400000000005,32.7249,37.1918
7948002.0,6.49996,33.2825,41.5376
7956002.0,6.96869,32.9721,45.6729
7964002.0,7.30168,32.6942,0.809373
7972002.0,6.89767,32.4214,5.389469999999999
7980002.0,6.51446,31.9594,10.3234
7988002.0,6.03523,32.0113,13.982999999999999
7996002.0,4.83509,32.0026,16.9915
