2.0,40.3823,46.3798,43.3812
8002.0,43.504,46.7844,48.7966
16002.0,45.339,47.0038,3.3712800000000005
24002.0,45.6777,46.9536,8.25863
32002.0,45.7575,46.8681,12.7341
40002.0,46.1638,47.0421,17.4378
48002.0,46.4387,47.067,22.2228
56002.0,46.8419,47.2195,26.8494
64002.0,46.7155,47.1059,30.982
72002.0,47.5958,46.9178,34.5235
80002.0,48.275,46.9261,37.7294
88002.0,49.3074,46.8054,42.4536
96002.0,0.214765,47.0608,46.6455
104002.0,0.689515,47.0594,1.43484
112002.0,0.6568649999999999,47.0157,4.29306
120002.0,1.11409,47.0999,8.49088
128002.0,1.87875,46.9529,13.129000000000001
136002.0,2.27643,47.5593,17.1966
144002.0,2.55669,47.6082,21.8498
152002.0,2.9128,47.4598,26.6486
160002.0,5.27536,47.446999999999996,31.4728
168002.0,5.87552,47.4347,36.4437
176002.0,5.87984,47.4173,41.4994
184002.0,6.10283,47.3498,46.0381
192002.0,6.44865,47.3084,1.2865799999999998
200002.0,6.456119999999999,47.4844,7.00875
208002.0,7.03945,47.3251,10.3467
216002.0,7.9281,47.2835,15.2189
224002.0,8.52725,47.1161,20.3333
232002.0,9.03313,47.2833,25.4559
240002.0,9.563089999999999,47.3206,30.5475
248002.0,10.2351,47.3748,35.5436
256002.0,11.1283,47.2304,40.5353
264002.0,11.8019,47.1528,45.6724
272002.0,12.6441,47.1919,1.22469
280002.0,12.4635,47.1417,6.15214
288002.0,13.2973,47.2797,11.7394
296002.0,13.5443,47.0804,16.6061
304002.0,14.5083,47.2052,21.9801
312002.0,15.0635,47.1533,26.6197
320002.0,15.9269,47.1579,31.5155
328002.0,17.0185,46.9581,36.5416
336002.0,17.6236,46.8678,41.6044
344002.0,17.7351,46.7908,46.9313
352002.0,17.7989,46.8058,2.05792
360002.0,17.7945,46.6894,6.871360000000001
368002.0,18.0645,46.7004,11.5279
376002.0,18.1817,46.838,16.5628
384002.0,18.5844,46.803999999999995,20.8986
392002.0,18.735,46.7772,25.1402
400002.0,18.5702,46.8292,29.6946
408002.0,18.4062,46.8651,34.379
416002.0,18.6572,46.9835,39.2486
424002.0,19.5952,46.8836,44.244
432002.0,19.852,46.9331,49.0648
440002.0,19.8837,46.9559,4.42853
448002.0,19.8832,46.986999999999995,9.11904
456002.0,19.9241,47.2336,13.8074
464002.0,20.4122,47.1213,17.7332
472002.0,20.8626,47.1951,22.7017
480002.0,21.386,47.2183,27.6784
488002.0,21.5737,47.2389,32.3729
496002.0,22.3309,47.2403,37.2667
504002.0,22.4221,47.2715,42.211999999999996
512002.0,22.4788,47.4323,46.7629
520002.0,22.6066,47.3489,2.12692
528002.0,22.9996,47.4364,7.144889999999999
536002.0,23.5792,47.4881,12.0649
544002.0,24.5056,47.506,16.3083
552002.0,25.4364,47.379,20.7618
560002.0,26.4506,47.4236,25.2131
568002.0,26.8965,47.3433,29.9383
576002.0,27.607,47.3088,34.7357
584002.0,28.0102,47.4083,39.6167
592002.0,28.666999999999998,47.5962,43.413999999999994
600002.0,29.4776,47.4706,48.2314
608002.0,29.6185,47.536,2.9520299999999997
616002.0,29.7404,47.5379,7.550210000000001
624002.0,29.7613,47.474,12.4744
632002.0,29.69,47.4972,17.3619
640002.0,29.8536,47.4339,22.1439
648002.0,29.4421,47.3246,26.5254
656002.0,29.3385,47.1653,31.1963
664002.0,29.3674,47.0518,36.191
672002.0,29.4425,47.2098,41.0661
680002.0,29.3309,47.3946,45.7911
688002.0,29.3929,47.2878,1.2701200000000001
696002.0,29.6169,47.2521,6.1329199999999995
704002.0,29.5577,47.2221,10.8691
712002.0,29.574,47.3746,15.765
720002.0,29.6357,47.4821,20.7737
728002.0,29.8323,47.3504,25.4558
736002.0,29.6916,47.2518,30.351999999999997
744002.0,29.5326,47.2728,35.1195
752002.0,29.5974,47.3355,40.0042
760002.0,29.6247,47.4216,44.9688
768002.0,29.5936,47.3431,0.16159400000000002
776002.0,29.5526,47.2482,5.21622
784002.0,29.4422,47.338,9.93269
792002.0,29.9206,47.1977,14.3973
800002.0,29.8964,47.146,19.4117
808002.0,30.0832,46.938,23.9163
816002.0,30.0976,47.0424,28.421999999999997
824002.0,30.1124,46.9489,32.979
832002.0,30.1727,46.956,37.9972
840002.0,30.0655,46.9842,42.7743
848002.0,30.6343,47.0275,47.8553
856002.0,30.9833,47.2917,3.06409
864002.0,31.6034,47.2926,7.52446
872002.0,31.7849,47.2161,12.4963
880002.0,32.0494,47.2689,17.232
888002.0,32.5669,47.1518,22.168000000000003
896002.0,33.3162,47.008,26.3757
904002.0,33.7217,46.995,31.2847
912002.0,33.8233,47.1397,35.4891
920002.0,34.0808,47.1776,40.0788
928002.0,34.3381,47.1669,44.9839
936002.0,34.3989,47.2294,49.3607
944002.0,34.8472,47.4921,4.0519099999999995
952002.0,35.1438,47.3507,8.761389999999999
960002.0,35.0576,47.4221,13.8504
968002.0,35.3278,47.411,18.2241
976002.0,35.3953,47.4544,23.0314
984002.0,35.7034,47.3501,28.1161
992002.0,35.8825,47.2742,32.1408
1000002.0,36.0224,47.2584,36.308
1008002.0,36.3508,47.0729,40.9403
1016002.0,36.388000000000005,47.1652,45.8054
1024002.0,36.9392,47.1224,0.107329
1032002.0,37.1894,47.4759,4.93872
1040002.0,37.498000000000005,47.6615,9.44187
1048002.0,37.5075,47.6185,14.5052
1056002.0,37.4416,47.7284,19.3816
1064002.0,37.5922,47.7647,24.2512
1072002.0,37.8249,47.7135,28.8376
1080002.0,37.9533,47.7037,33.7875
1088002.0,37.9515,47.6125,38.458
1096002.0,38.2922,47.5738,43.603
1104002.0,38.3786,47.6002,48.5979
1112002.0,38.4074,47.5743,4.0618
1120002.0,38.4826,47.5868,8.99982
1128002.0,38.5019,47.6958,14.0906
1136002.0,38.4857,47.6587,18.8193
1144002.0,38.503,47.7143,23.58
1152002.0,38.5912,47.6725,28.6563
1160002.0,38.8609,47.5853,33.6738
1168002.0,38.8314,47.6225,38.6337
1176002.0,38.5881,47.653999999999996,43.3406
1184002.0,38.603,47.6841,48.391999999999996
1192002.0,39.4467,47.482,3.9326800000000004
1200002.0,39.6584,47.3946,8.94922
1208002.0,39.8217,47.4631,14.0178
1216002.0,40.0289,47.4516,18.7839
1224002.0,39.9676,47.4161,23.7286
1232002.0,40.7796,47.7167,28.4334
1240002.0,41.6777,47.63,33.3616
1248002.0,41.8069,47.5586,38.5061
1256002.0,42.1996,47.6498,42.9702
1264002.0,42.4055,47.6814,47.7625
1272002.0,42.4997,47.6535,2.82689
1280002.0,42.9046,47.7412,7.41495
1288002.0,43.373999999999995,47.6308,11.494000000000002
1296002.0,43.3354,47.5653,16.1003
1304002.0,43.4244,47.5337,20.9856
1312002.0,43.5397,47.604,26.0582
1320002.0,43.6904,47.8001,31.1213
1328002.0,43.6639,47.8063,35.4801
1336002.0,44.1208,47.8417,40.5078
1344002.0,43.9764,47.6692,45.3156
1352002.0,44.426,47.4847,1.0831899999999999
1360002.0,44.8013,47.6325,5.94815
1368002.0,45.181999999999995,47.5035,10.9065
1376002.0,45.2037,47.6101,16.0811
1384002.0,45.5222,47.5811,21.0104
1392002.0,45.8408,47.6485,25.9744
1400002.0,46.5981,47.5843,31.0361
1408002.0,47.0782,47.5364,35.9345
1416002.0,47.2929,47.6103,41.0551
1424002.0,47.6498,47.7219,46.0664
1432002.0,47.5497,47.6076,1.8700299999999999
1440002.0,48.4384,47.7368,6.88328
1448002.0,48.7238,47.7404,11.3509
1456002.0,49.1422,47.7499,16.2089
1464002.0,49.1514,47.8131,21.1035
1472002.0,49.393,47.6463,25.9139
1480002.0,0.0820661,47.6877,30.5363
1488002.0,0.356587,47.8574,34.5205
1496002.0,0.602956,47.8491,38.6659
1504002.0,0.40902,47.6978,43.533
1512002.0,0.454952,47.5415,48.5577
1520002.0,0.774465,47.5345,3.7309300000000003
1528002.0,1.00747,47.5864,9.067860000000001
1536002.0,1.09546,47.6527,14.0943
1544002.0,1.48317,47.7925,18.2592
1552002.0,2.6602200000000003,48.0,21.9175
1560002.0,2.94259,47.9924,26.4176
1568002.0,2.89475,47.8751,31.3711
1576002.0,2.8123099999999996,47.9442,35.9553
1584002.0,2.90981,47.8973,40.8593
1592002.0,2.9149700000000003,47.9315,45.456
1600002.0,2.95159,47.8939,0.9116569999999999
1608002.0,2.93367,47.8943,5.4057900000000005
1616002.0,2.8044599999999997,47.9407,9.542689999999999
1624002.0,2.89197,47.912,13.9812
1632002.0,3.2242900000000003,47.8795,17.9835
1640002.0,3.7239999999999998,47.8741,22.7979
1648002.0,3.7513,47.8301,27.776
1656002.0,3.747,47.7903,32.6672
1664002.0,3.65045,47.6769,37.2748
1672002.0,3.6164300000000003,47.6326,42.2512
1680002.0,3.49785,47.6363,47.3099
1688002.0,2.65912,47.6331,2.44936
1696002.0,2.71728,47.5774,7.51308
1704002.0,2.64321,47.4319,12.3324
1712002.0,2.70739,47.4844,17.0393
1720002.0,2.49127,47.6042,21.9307
1728002.0,2.42777,47.699,26.4422
1736002.0,2.37831,47.5907,31.3421
1744002.0,2.09673,47.5915,35.8411
1752002.0,2.29527,47.4899,40.6921
1760002.0,1.9877,47.4594,45.2924
1768002.0,2.1350599999999997,47.2301,0.54486
1776002.0,2.12246,47.1836,5.42791
1784002.0,1.9015799999999998,47.2815,10.1609
1792002.0,2.0228,47.3314,15.1371
1800002.0,2.5905299999999998,47.4886,20.3329
1808002.0,2.96165,47.5258,25.1892
1816002.0,3.07081,47.5343,29.9593
1824002.0,2.9919599999999997,47.4091,34.7164
1832002.0,2.8930700000000003,47.3021,39.5627
1840002.0,3.0712900000000003,47.2624,44.0142
1848002.0,3.0504,47.5441,48.9604
1856002.0,2.8336799999999998,47.736000000000004,4.09396
1864002.0,2.61537,47.6312,9.37182
1872002.0,2.4689799999999997,47.534,13.8264
1880002.0,3.4161,47.614,19.0467
1888002.0,4.10227,47.5973,24.1574
1896002.0,4.2522,47.6351,28.9094
1904002.0,4.171130000000001,47.6129,33.9349
1912002.0,4.2297400000000005,47.6702,39.0572
1920002.0,4.04944,47.7192,44.4153
1928002.0,4.25305,47.7408,49.4661
1936002.0,4.22317,47.7151,4.88681
1944002.0,4.173030000000001,47.6399,10.1035
1952002.0,4.26419,47.7021,15.0807
1960002.0,4.24177,47.7237,19.9171
1968002.0,4.06498,47.6089,24.6911
1976002.0,4.60168,47.5045,29.6827
1984002.0,4.75026,47.2805,35.045
1992002.0,4.73334,47.1921,39.9555
2000002.0,4.74768,47.1423,44.7083
2008002.0,4.6085400000000005,47.1602,0.09438939999999998
2016002.0,4.48778,47.1089,5.1969199999999995
2024002.0,4.49234,47.2593,10.0706
2032002.0,4.85775,47.315,14.7313
2040002.0,5.2580599999999995,47.0983,19.531
2048002.0,5.263380000000001,47.226000000000006,24.3061
2056002.0,5.062530000000001,47.4938,29.2205
2064002.0,5.10687,47.6099,34.1332
2072002.0,5.77254,47.621,38.933
2080002.0,6.22989,47.6649,43.9791
2088002.0,6.50117,47.5866,48.9222
2096002.0,6.4459,47.5475,3.9178
2104002.0,7.0366,47.574,8.431289999999999
2112002.0,8.05515,47.4695,13.4057
2120002.0,8.160219999999999,47.5067,18.577
2128002.0,8.287239999999999,47.3911,23.0846
2136002.0,8.51122,47.604,27.8081
2144002.0,8.46894,47.7354,32.7514
2152002.0,8.527239999999999,47.7412,37.6466
2160002.0,8.29589,47.5994,42.3688
2168002.0,8.20573,47.3604,47.4316
2176002.0,7.834739999999999,47.4642,2.8096200000000002
2184002.0,7.991289999999999,47.6788,7.55359
2192002.0,7.94649,47.7702,12.533
2200002.0,8.04309,47.7318,17.0694
2208002.0,8.04702,47.776,22.0568
2216002.0,8.52379,47.8606,27.0216
2224002.0,8.50065,47.8764,32.125
2232002.0,8.539660000000001,47.8791,37.0856
2240002.0,8.47719,47.5705,42.699
2248002.0,8.93474,47.4317,46.7704
2256002.0,9.36617,47.4013,0.821356
2264002.0,9.25344,47.4515,5.88633
2272002.0,9.22592,47.4941,10.8671
2280002.0,9.44288,47.7802,16.1606
2288002.0,9.385489999999999,47.7839,21.5425
2296002.0,9.77558,47.8458,26.5169
2304002.0,9.908489999999999,47.7499,32.032
2312002.0,9.89622,47.7967,37.1541
2320002.0,10.7302,47.6409,42.1088
2328002.0,10.9978,47.6318,47.4051
2336002.0,11.0092,47.6064,2.90289
2344002.0,10.9324,47.5013,8.15088
2352002.0,11.0174,47.515,13.0715
2360002.0,11.2464,47.7575,19.0265
2368002.0,11.2201,47.7139,24.1646
2376002.0,11.1338,47.6592,29.2194
2384002.0,11.0265,47.5717,34.1923
2392002.0,10.4437,47.5145,39.0811
2400002.0,10.4233,47.5053,44.0885
2408002.0,10.3975,47.5202,49.0008
2414002.0,10.4342,47.5729,3.16834
2422002.0,10.6791,47.496,8.00125
2430002.0,11.4811,47.3475,12.8434
2438002.0,13.4022,47.1026,18.2948
2446002.0,13.9676,46.9084,23.2679
2454002.0,13.7883,46.7238,28.0059
2462002.0,14.4263,46.6463,32.4159
2470002.0,14.5632,46.5085,37.1692
2478002.0,14.7475,46.5799,42.0997
2486002.0,15.3245,46.6466,47.1442
2494002.0,15.8229,46.6664,2.55408
2502002.0,15.7793,46.5752,7.45653
2510002.0,16.3505,46.5519,12.2615
2518002.0,15.7692,46.95399999999999,16.9084
2526002.0,17.3597,46.8515,21.142
2534002.0,18.7082,46.8344,25.9804
2542002.0,19.1482,46.5109,31.2795
2550002.0,19.5614,46.742,35.8945
2558002.0,20.6392,46.2656,40.1786
2566002.0,22.0916,46.3679,44.5149
2574002.0,23.2435,46.4483,48.9117
2582002.0,23.6728,46.2686,2.8191
2590002.0,25.0628,46.5793,7.70445
2598002.0,27.1338,46.7624,12.4862
2606002.0,28.0608,46.6502,17.5196
2614002.0,28.7293,46.9766,21.7018
2622002.0,28.77,46.9185,26.7744
2630002.0,29.1809,46.8384,31.7304
2638002.0,29.3489,46.9241,37.0225
2646002.0,29.8562,46.7429,41.7308
2654002.0,29.5731,46.7883,45.3605
2662002.0,32.8599,42.2177,2.23407
2670002.0,34.0107,41.8909,7.63318
2678002.0,35.0636,41.995,12.8974
2686002.0,37.1436,41.7817,18.0696
2694002.0,37.4801,41.67,22.6007
2702002.0,37.7747,41.7082,27.7328
2710002.0,38.0147,41.3852,33.048
2718002.0,38.6145,41.4885,37.7685
2726002.0,39.2348,41.291000000000004,41.8733
2734002.0,39.9099,41.4258,46.9132
2742002.0,41.0764,41.0874,2.0664700000000003
2750002.0,42.02,41.0755,7.106889999999999
2758002.0,42.5943,40.9768,11.6505
2766002.0,42.8429,41.0282,16.7143
2774002.0,42.9184,41.3975,21.2182
2782002.0,42.6105,41.4611,26.1814
2790002.0,42.6458,41.5445,31.2073
2798002.0,42.898,41.3598,35.867
2806002.0,43.4907,41.4423,41.0052
2814002.0,43.4126,41.3201,46.01
2822002.0,43.5904,41.3384,1.62933
2830002.0,43.6179,41.5309,6.51322
2838002.0,43.9956,41.6067,11.2553
2846002.0,45.1263,41.7794,15.4591
2854002.0,46.6491,41.7225,20.842
2862002.0,48.4441,41.4864,25.3447
2870002.0,48.6915,41.6549,29.3911
2878002.0,0.7549939999999999,41.7097,34.3051
2886002.0,0.757608,41.7711,38.8997
2894002.0,1.6775900000000001,41.7646,43.3594
2902002.0,2.70017,41.6651,47.9688
2910002.0,2.88853,41.6942,3.4719300000000004
2918002.0,3.3172300000000003,41.7244,7.724489999999999
2926002.0,3.57744,41.7878,13.0907
2934002.0,3.67224,42.1921,18.2874
2942002.0,3.9119099999999998,42.608999999999995,23.4313
2950002.0,3.8898699999999997,42.7059,28.5545
2958002.0,3.9039800000000002,42.5172,33.189
2966002.0,4.24834,42.4405,38.035
2974002.0,4.08444,42.4852,42.8368
2982002.0,4.2176,42.5782,47.9363
2990002.0,4.81931,42.5653,3.76831
2998002.0,5.19183,43.1265,8.86939
3006002.0,5.72769,43.351000000000006,13.7438
3014002.0,5.7973,43.5239,18.7318
3022002.0,5.95109,43.3027,23.8116
3030002.0,6.14274,43.2275,29.3943
3038002.0,6.1711800000000006,43.5457,34.5889
3046002.0,6.43228,43.5058,39.7148
3054002.0,7.77168,43.6251,44.6848
3062002.0,7.798139999999999,43.5886,49.3167
3070002.0,9.05908,43.7042,5.56205
3078002.0,7.850169999999999,43.5314,9.97382
3086002.0,8.4058,43.8766,14.9424
3094002.0,8.85692,43.8558,20.2161
3102002.0,9.06523,43.7803,24.6634
3110002.0,9.36277,43.7292,29.4047
3118002.0,9.95507,43.8721,34.4762
3126002.0,9.56237,43.6988,39.644
3134002.0,9.04485,43.4625,44.6337
3142002.0,9.27448,43.6886,0.533421
3150002.0,11.5787,43.6634,5.1913
3158002.0,12.1565,43.5511,11.0301
3166002.0,12.4928,43.9355,15.0262
3174002.0,12.1397,43.8919,17.7565
3182002.0,13.4969,44.1705,22.9095
3190002.0,14.9788,43.886,26.5727
3198002.0,15.8745,43.7581,31.6299
3206002.0,17.2471,43.7527,35.7433
3214002.0,18.0965,43.8722,40.0267
3222002.0,19.2829,43.8298,45.0851
3230002.0,20.0515,43.5533,0.307632
3238002.0,20.1846,43.4304,4.80449
3246002.0,20.682,43.7614,9.48472
3254002.0,21.0886,44.099,13.4668
3262002.0,21.9085,43.9354,17.264
3270002.0,22.1632,43.9526,22.0309
3278002.0,22.2903,43.8234,26.162
3286002.0,22.5577,43.903999999999996,30.204
3294002.0,22.9309,43.7439,33.3478
3302002.0,22.7513,43.8412,38.8962
3310002.0,23.7979,43.4783,42.0553
3318002.0,24.176,43.6106,47.2139
3326002.0,25.987,43.2682,1.9513200000000002
3334002.0,27.1982,43.45399999999999,6.31421
3342002.0,28.1855,43.224,10.8398
3350002.0,29.6496,43.1787,14.9979
3358002.0,31.7338,42.8878,20.0781
3366002.0,33.7437,42.6642,25.2118
3374002.0,34.4168,42.4571,30.3416
3382002.0,35.3794,42.3347,35.1254
3390002.0,36.9987,41.9854,38.7468
3398002.0,37.4789,41.8374,43.9678
3406002.0,38.3381,41.9864,48.7535
3414002.0,40.5521,41.8538,4.00545
3422002.0,42.9658,41.6682,8.61392
3430002.0,44.7547,41.4168,12.8529
3438002.0,45.4381,41.2764,18.1117
3446002.0,45.6615,41.4198,22.1977
3454002.0,45.8085,41.1941,27.1422
3462002.0,45.8882,41.2609,31.618000000000002
3470002.0,45.7108,41.1695,36.5834
3478002.0,46.1988,41.115,41.489
3486002.0,46.4384,40.9138,46.7213
3494002.0,46.668,41.1024,2.27299
3502002.0,46.4909,40.9831,7.3270800000000005
3510002.0,45.6673,40.8219,12.0219
3518002.0,45.6972,40.7867,16.9666
3526002.0,45.8122,40.9652,22.0097
3534002.0,45.8704,40.8612,26.5703
3542002.0,46.1667,40.912,31.534000000000002
3550002.0,46.4334,40.5749,36.0741
3558002.0,46.2786,40.325,41.0955
3566002.0,46.203,40.1941,45.8672
3574002.0,46.245,40.4648,1.5823200000000002
3582002.0,46.3263,40.4738,6.98154
3590002.0,46.6898,40.1631,12.0295
3598002.0,47.1243,40.0759,16.9005
3606002.0,47.2539,40.5752,22.0325
3614002.0,47.4534,40.9418,26.7163
3622002.0,48.2375,40.9231,31.2988
3630002.0,48.6377,40.6834,36.4083
3638002.0,48.7836,40.7012,41.2091
3646002.0,48.9979,40.5442,46.2738
3654002.0,49.0278,40.4778,1.6680099999999998
3662002.0,48.997,40.5503,7.032889999999999
3670002.0,49.2148,40.2613,11.2392
3678002.0,49.2645,40.4426,16.1738
3686002.0,0.193053,40.3397,21.191999999999997
3694002.0,0.617825,40.2012,26.1365
3702002.0,0.48833999999999994,40.4463,31.1576
3710002.0,0.530308,40.5701,35.7076
3718002.0,0.6080840000000001,40.6836,40.5999
3726002.0,0.67733,40.7624,45.0882
3734002.0,0.939852,40.7767,0.779954
3742002.0,1.80463,40.255,6.17851
3750002.0,2.60851,40.4734,11.0781
3758002.0,4.253480000000001,40.4341,15.9298
3766002.0,6.067080000000001,40.6743,19.6224
3774002.0,7.378019999999999,40.5503,24.9399
3782002.0,7.821060000000001,40.6332,29.2617
3790002.0,8.72573,40.3365,34.4908
3798002.0,8.97981,40.0573,39.2236
3806002.0,9.70149,39.812,43.4423
3814002.0,11.4232,39.5092,47.8229
3822002.0,12.6486,39.4401,2.50543
3830002.0,12.9901,39.346,7.0366
3838002.0,13.1891,39.2788,12.1523
3846002.0,13.6851,39.0677,17.6282
3854002.0,14.0094,39.2899,22.8493
3862002.0,14.3079,39.475,27.6114
3870002.0,14.855,39.2733,32.9621
3878002.0,15.0472,39.2607,37.8371
3886002.0,15.1536,39.2518,42.3817
3894002.0,15.9156,39.1289,47.0571
3902002.0,16.2884,38.8679,2.4321200000000003
3910002.0,17.59,39.2921,7.27579
3918002.0,19.3019,39.1402,12.618
3926002.0,21.0148,39.3014,17.1363
3934002.0,21.9051,39.342,21.9355
3942002.0,22.673000000000002,39.6512,26.3313
3950002.0,23.2032,39.6547,31.1293
3958002.0,23.1359,39.8104,36.2646
3966002.0,23.5762,39.9211,40.7883
3974002.0,24.3533,40.1727,45.1759
3982002.0,24.5167,39.6579,0.047426499999999996
3990002.0,24.7234,39.93,4.77193
3998002.0,25.3355,39.5596,9.4142
4006002.0,26.4886,39.4861,14.2211
4014002.0,26.984,39.3139,18.9791
4022002.0,27.6222,39.0879,23.4427
4030002.0,27.6932,38.8584,27.8523
4038002.0,28.2612,38.784,32.0922
4046002.0,29.7861,38.6413,36.0426
4054002.0,30.2793,38.7599,40.8018
4062002.0,31.2141,39.0123,45.4811
4070002.0,31.1242,39.0669,0.352918
4078002.0,31.1789,39.1136,5.9343900000000005
4086002.0,31.5627,39.1517,10.5625
4094002.0,32.2447,39.0805,14.5084
4102002.0,32.5356,39.1129,19.1695
4110002.0,33.1797,38.7665,23.7036
4118002.0,33.6051,38.529,28.6617
4126002.0,34.2437,38.1135,33.6596
4134002.0,34.5228,38.1953,37.6805
4142002.0,35.1036,38.0038,42.215
4150002.0,35.946999999999996,37.9396,47.2736
4158002.0,36.495,37.953,3.0058700000000003
4166002.0,37.3082,38.1097,7.39695
4174002.0,38.3336,38.0071,12.1239
4182002.0,39.0987,37.7887,16.4254
4190002.0,39.7537,37.773,20.9555
4198002.0,40.5018,37.7748,25.7415
4206002.0,41.2189,38.061,30.3401
4214002.0,41.9534,38.3171,35.7056
4222002.0,42.4117,38.1523,41.0697
4230002.0,43.4442,37.8153,45.6653
4238002.0,44.9509,37.5881,1.27557
4246002.0,46.516999999999996,37.8066,5.7605699999999995
4254002.0,48.5865,37.7824,11.7968
4262002.0,0.0416478,37.7878,17.4967
4270002.0,0.0448654,37.9113,21.9503
4278002.0,0.699601,37.7618,27.4382
4286002.0,1.04519,38.0241,32.7014
4294002.0,1.3120399999999999,38.0078,37.5753
4302002.0,1.92668,38.047,42.2418
4310002.0,2.15003,38.0028,47.1376
4318002.0,2.24666,38.0075,1.8960299999999999
4326002.0,2.32261,37.8916,6.652089999999999
4334002.0,2.91798,37.7032,11.3583
4342002.0,3.53415,37.3228,16.2959
4350002.0,3.20648,37.1501,20.9915
4358002.0,3.6697800000000003,36.9231,25.5499
4366002.0,4.35302,36.6921,29.6333
4374002.0,4.179819999999999,36.5726,33.6978
4382002.0,4.901680000000001,36.8462,38.3102
4390002.0,6.05635,36.8528,43.3863
4398002.0,6.77683,37.2363,49.2603
4406002.0,7.14455,37.3407,4.70496
4414002.0,7.7980100000000006,37.2897,9.36765
4422002.0,8.058760000000001,37.3119,14.2407
4430002.0,8.291,37.5962,19.7458
4438002.0,8.18878,37.7009,24.5883
4446002.0,7.6555,37.5852,29.1961
4454002.0,7.99458,37.8109,33.9519
4462002.0,8.54279,37.8449,39.1798
4470002.0,9.905560000000001,37.9213,44.4312
4478002.0,11.0552,38.0643,48.6764
4486002.0,11.535,38.4023,4.03486
4494002.0,11.7258,37.9493,8.67923
4502002.0,11.9994,38.0173,13.0521
4510002.0,11.8972,38.6983,17.5325
4518002.0,11.7722,38.4952,20.0856
4526002.0,12.3121,38.4286,25.0337
4534002.0,12.4017,38.2483,29.2057
4542002.0,12.931,37.7031,33.3717
4550002.0,13.422,37.8102,38.0482
4558002.0,14.218,37.8686,42.9029
4566002.0,14.3142,38.0258,47.8607
4574002.0,15.1565,38.2312,3.26647
4582002.0,16.6061,38.0118,8.83517
4590002.0,19.0673,38.2994,11.9345
4598002.0,20.8086,38.2744,16.8944
4606002.0,22.3316,38.4153,21.0842
4614002.0,23.265,38.8642,24.9845
4622002.0,23.5982,38.8464,28.6833
4630002.0,24.3684,39.2739,31.9853
4638002.0,24.7428,39.7208,35.1953
4646002.0,25.3821,39.8128,40.0687
4654002.0,25.4309,39.7174,43.876999999999995
4662002.0,26.8824,39.634,48.1696
4670002.0,26.9193,39.7983,2.8862
4678002.0,27.0719,39.6776,8.01415
4686002.0,28.3349,39.541,12.3698
4694002.0,28.0147,39.9406,16.9439
4702002.0,28.8569,39.9869,20.9661
4710002.0,28.2996,39.2682,24.5314
4718002.0,27.9759,39.4669,28.9314
4726002.0,27.3677,39.2541,32.5511
4734002.0,28.6894,39.0406,36.9915
4742002.0,29.115,38.9444,41.4998
4750002.0,29.6203,38.6203,45.6515
4758002.0,29.982,38.931999999999995,0.132679
4760002.0,30.2113,38.9325,1.11006
4768002.0,30.4475,39.1195,5.91516
4776002.0,31.8564,38.9669,9.79118
4784002.0,33.8147,39.1252,14.8089
4792002.0,34.1882,39.4231,19.1255
4800002.0,34.7163,39.7533,23.6459
4808002.0,35.2983,39.6102,28.2986
4816002.0,36.9857,39.7088,32.5812
4824002.0,39.7032,39.5975,36.968
4832002.0,41.5176,39.194,41.467
4840002.0,43.2521,39.6027,46.1948
4848002.0,44.7971,39.6517,1.02577
4856002.0,47.1541,39.4067,5.96435
4864002.0,47.1001,39.4464,11.6373
4872002.0,0.55401,39.1617,16.4734
4880002.0,49.5001,39.3715,20.9927
4888002.0,0.00816755,39.1167,25.6718
4896002.0,1.99718,39.1204,30.8734
4904002.0,3.7187300000000003,39.0135,35.5029
4912002.0,4.269,38.7732,39.4244
4920002.0,6.8360899999999996,38.8041,43.5029
4928002.0,8.89242,38.7225,47.7764
4936002.0,9.82858,38.7133,2.83561
4944002.0,10.1903,39.0164,5.7282
4952002.0,11.6468,39.4915,9.47241
4960002.0,11.8689,39.6126,13.774000000000001
4968002.0,12.27,39.5062,17.3596
4976002.0,13.1317,39.6225,21.7359
4984002.0,14.0355,39.5208,26.7017
4992002.0,15.1981,39.4453,30.6681
5000002.0,16.0335,39.4868,35.5666
5008002.0,16.7493,39.7333,40.3672
5016002.0,17.5364,39.8764,44.1373
5024002.0,17.6112,40.0497,48.7164
5032002.0,19.0737,40.6172,3.9252
5040002.0,19.8601,40.7408,8.29544
5048002.0,19.7758,40.5348,11.9951
5056002.0,20.6991,40.7524,16.7346
5064002.0,22.9917,40.2106,20.6541
5072002.0,23.2327,40.6726,25.3865
5080002.0,24.3619,40.561,30.0891
5088002.0,24.8052,40.7435,35.2367
5096002.0,26.7876,41.3108,39.6824
5104002.0,27.0481,41.089,43.5635
5112002.0,27.5398,41.6557,47.8004
5120002.0,28.0393,41.861000000000004,4.6258
5128002.0,28.6757,41.6773,10.1692
5136002.0,28.7331,41.7037,15.2015
5144002.0,29.1778,41.2368,20.6645
5152002.0,29.4057,41.7061,25.3292
5160002.0,29.8642,40.9418,29.9529
5168002.0,29.4736,40.8998,35.4198
5176002.0,29.7737,41.354,40.1674
5184002.0,29.023000000000003,41.5981,45.1187
5192002.0,29.2734,41.4556,49.4155
5200002.0,30.6459,41.3741,6.3705099999999995
5208002.0,31.1256,40.5433,10.22
5216002.0,32.6597,40.7838,15.3753
5224002.0,33.4851,40.8733,19.2343
5232002.0,33.4392,41.1529,25.052
5240002.0,34.1703,41.2161,30.3224
5248002.0,34.5645,41.6193,34.549
5256002.0,34.6739,41.8177,38.8316
5264002.0,35.5675,41.8725,43.8247
5272002.0,36.4026,41.5738,48.6508
5280002.0,37.72,41.571999999999996,4.39955
5288002.0,38.3457,41.5807,9.22676
5296002.0,39.9056,41.6882,14.3481
5304002.0,40.2266,41.641999999999996,19.3899
5312002.0,41.648999999999994,41.8652,23.6831
5320002.0,41.8588,41.9037,28.7811
5328002.0,42.7002,42.4691,32.9008
5336002.0,43.8327,42.8679,37.556999999999995
5344002.0,45.1828,42.8906,41.3363
5352002.0,45.4982,43.1169,45.9267
5360002.0,45.6414,43.036,0.238015
5368002.0,45.7356,43.1463,5.34086
5376002.0,45.7175,43.2059,10.0956
5384002.0,46.3307,43.2066,15.6032
5392002.0,46.1935,43.2005,19.6302
5400002.0,46.4742,43.0901,24.725
5408002.0,46.4238,43.1742,29.096
5416002.0,47.1073,43.1014,34.3577
5424002.0,47.4325,42.8163,39.4397
5432002.0,47.8708,42.6906,43.8177
5440002.0,48.3935,42.4971,47.8792
5448002.0,48.0943,42.6361,3.38997
5456002.0,48.3561,42.5741,8.570269999999999
5464002.0,48.3046,42.806000000000004,13.5918
5472002.0,48.2874,42.9106,19.5112
5480002.0,48.7379,43.2299,24.5898
5488002.0,49.1501,43.2304,28.8327
5496002.0,0.818852,43.4321,33.4064
5504002.0,1.36325,43.4966,38.3788
5512002.0,1.8689200000000001,43.2902,42.8869
5520002.0,2.3031200000000003,43.4214,48.0544
5528002.0,2.54848,44.0995,2.99293
5536002.0,2.7493,44.2921,7.50785
5544002.0,3.24186,44.1628,12.532
5552002.0,3.73101,44.123000000000005,17.2235
5560002.0,3.95281,43.9027,22.4445
5568002.0,4.63054,43.8965,27.1831
5576002.0,5.0831,43.85,31.7135
5584002.0,5.85688,43.6344,36.7268
5592002.0,6.46695,43.5158,41.5732
5600002.0,6.4560699999999995,43.5534,46.6756
5608002.0,6.785889999999999,43.386,1.90205
5616002.0,7.276610000000001,43.1674,6.7575
5624002.0,7.53954,42.998000000000005,11.4469
5632002.0,8.49318,42.8753,16.7105
5640002.0,10.3672,42.5539,21.7717
5648002.0,11.4828,42.4691,26.7813
5656002.0,11.8055,42.3315,31.5373
5664002.0,12.0158,42.2285,36.819
5672002.0,12.8181,42.3318,41.3989
5680002.0,13.1612,41.9836,46.3279
5688002.0,13.5506,41.9503,1.30474
5696002.0,13.8778,42.2665,5.75157
5704002.0,14.2385,42.2021,10.5689
5712002.0,14.3415,42.2838,15.3325
5720002.0,14.32,42.4448,20.3852
5728002.0,14.3564,42.5084,24.8524
5736002.0,14.5464,42.6622,29.7315
5744002.0,14.6906,42.4489,34.8874
5752002.0,15.0945,42.6361,40.0321
5760002.0,15.122,42.3876,44.278
5768002.0,16.5397,42.8436,48.6461
5776002.0,17.4061,42.8561,3.8322300000000005
5784002.0,17.5006,42.2071,8.49124
5792002.0,17.8123,42.0671,13.5418
5800002.0,18.1743,41.9399,18.6435
5808002.0,18.9267,41.9678,23.1684
5816002.0,20.0263,41.7983,28.4731
5824002.0,20.3722,41.4763,34.0438
5832002.0,20.8187,41.7223,38.6456
5840002.0,21.2658,41.6246,43.345
5848002.0,22.6603,41.5429,47.7314
5856002.0,23.3179,41.4621,2.97425
5864002.0,24.7937,41.6326,7.745260000000001
5872002.0,25.2354,41.6895,12.3291
5880002.0,25.636999999999997,41.6698,16.8764
5888002.0,26.4791,41.6666,22.0648
5896002.0,27.2828,41.4785,26.8066
5904002.0,28.0343,41.4856,31.6545
5912002.0,28.4902,41.6137,36.6955
5920002.0,28.9601,41.9721,41.5071
5928002.0,29.2588,41.8664,46.2228
5936002.0,29.3594,41.7856,1.5056399999999999
5944002.0,29.6097,41.6477,6.26802
5952002.0,29.531999999999996,41.4682,11.1778
5960002.0,29.5426,41.4344,16.1104
5968002.0,29.8346,41.6069,20.6315
5976002.0,29.7573,41.4706,25.9746
5984002.0,30.386999999999997,41.5583,31.0739
5992002.0,30.8502,41.6363,36.3499
6000002.0,31.6155,41.6725,41.7354
6008002.0,31.9553,41.6535,46.9193
6016002.0,32.35,41.1651,1.73597
6024002.0,32.3244,41.1644,6.59635
6032002.0,32.4055,41.2913,11.6651
6040002.0,32.6316,40.8791,16.1605
6048002.0,32.8701,40.914,20.8431
6056002.0,33.2867,40.8398,25.5426
6064002.0,33.4398,40.6738,30.8619
6072002.0,33.538000000000004,40.7428,35.6908
6080002.0,34.0905,40.8585,40.5159
6088002.0,34.7755,41.05,45.5359
6096002.0,35.1217,41.0199,0.8352569999999999
6104002.0,35.4594,41.0051,5.83057
6112002.0,35.8137,41.0878,10.468
6120002.0,36.2301,41.4911,15.3944
6128002.0,36.8143,41.448,20.3181
6136002.0,37.4278,41.6616,25.3586
6144002.0,37.6691,41.6342,30.5221
6152002.0,37.9596,41.5628,35.387
6160002.0,38.3487,41.893,40.6296
6168002.0,38.5503,42.1225,46.1678
6176002.0,38.5487,42.4794,1.84585
6184002.0,38.6915,42.54600000000001,6.57676
6192002.0,38.8607,42.8929,11.3748
6200002.0,39.0611,42.6958,15.9073
6208002.0,39.1474,42.8019,21.0435
6216002.0,39.8372,42.7244,25.916
6224002.0,40.3584,42.5669,31.3515
6232002.0,40.9187,42.4654,36.0047
6240002.0,41.65,42.6484,40.9045
6248002.0,43.2967,42.4734,45.541000000000004
6256002.0,44.528999999999996,42.1774,1.26416
6264002.0,45.2301,42.4263,6.29124
6272002.0,46.0979,42.3974,10.5714
6280002.0,46.1609,42.4872,15.5612
6288002.0,46.2604,42.6153,20.5591
6296002.0,46.3558,42.8005,25.3887
6304002.0,46.9261,42.4476,30.6244
6312002.0,47.9997,42.4747,35.8036
6320002.0,49.1788,42.4881,40.5016
6328002.0,1.1228799999999999,42.5227,45.4815
6336002.0,1.58433,42.5437,0.848707
6344002.0,1.7832400000000002,42.4106,6.06497
6352002.0,2.05127,42.4142,10.9763
6360002.0,2.4299,42.2756,15.8671
6368002.0,3.18368,42.1404,20.8223
6376002.0,3.62587,42.2916,25.679000000000002
6384002.0,3.9036,42.1416,30.5764
6392002.0,4.06719,42.1632,35.4886
6400002.0,4.06194,42.0511,40.4633
6408002.0,4.18122,42.2279,44.9533
6416002.0,4.28828,42.2397,0.108301
6424002.0,4.59424,41.9735,4.57843
6432002.0,4.721509999999999,41.6045,9.42258
6440002.0,4.55255,41.8801,14.152999999999999
6448002.0,4.46441,42.3077,18.8407
6456002.0,5.31557,42.3849,23.2106
6464002.0,5.95374,42.6145,27.4932
6472002.0,6.660069999999999,42.8684,32.7625
6480002.0,6.2664,42.721000000000004,37.2007
6488002.0,5.34238,43.5651,42.637
6496002.0,4.97505,43.7017,47.4253
6504002.0,5.41078,44.1592,4.17879
6512002.0,4.95603,44.3723,8.900739999999999
6520002.0,5.55448,44.2553,12.7137
6528002.0,5.57292,44.2944,17.6204
6536002.0,6.173030000000001,44.0544,22.5112
6544002.0,6.01192,44.7635,28.1307
6552002.0,5.945069999999999,45.1048,33.3258
6560002.0,7.051880000000001,45.1031,38.255
6568002.0,7.89997,45.3506,43.1482
6576002.0,9.05514,45.6392,48.4381
6584002.0,9.24993,45.6963,3.70735
6592002.0,9.60516,45.8009,8.94478
6600002.0,10.2689,45.6685,14.2344
6608002.0,11.0033,45.5212,19.0396
6616002.0,11.6621,45.7281,23.6373
6624002.0,13.114,44.9462,28.4949
6632002.0,14.7842,45.309,34.1743
6640002.0,15.323,45.4967,39.9337
6648002.0,16.6409,46.5938,44.1218
6656002.0,17.6081,46.5982,48.4535
6664002.0,18.6088,46.7892,2.45065
6672002.0,19.336,46.545,7.03948
6680002.0,19.1594,46.3086,11.5005
6688002.0,19.3798,46.1938,16.4837
6696002.0,20.6132,46.428999999999995,21.1014
6704002.0,21.4061,46.5899,25.686999999999998
6712002.0,22.4059,46.622,30.0081
6720002.0,23.5199,46.5681,34.5108
6728002.0,24.4711,46.7246,39.5579
6736002.0,25.4086,46.7966,44.0105
6744002.0,25.944000000000003,46.7567,48.7037
6752002.0,26.7371,46.4879,4.12335
6760002.0,26.7993,46.5464,8.70358
6768002.0,27.2284,46.4596,13.6684
6776002.0,27.5696,46.3699,18.9325
6784002.0,28.3013,45.9471,24.8546
6792002.0,28.7683,45.3808,28.9853
6800002.0,29.1607,44.7973,33.5343
6808002.0,29.655,44.5683,37.7706
6816002.0,29.1321,45.1941,42.0371
6824002.0,29.6626,45.2068,47.4397
6832002.0,31.1899,45.3989,3.0514099999999997
6840002.0,31.6308,45.4335,8.33238
6848002.0,32.0667,45.3737,13.2959
6856002.0,31.982,45.5288,18.3206
6864002.0,32.4768,45.0977,22.5908
6872002.0,32.8289,44.9955,27.3553
6880002.0,32.9987,44.6487,31.1714
6888002.0,33.1782,44.5275,36.184
6896002.0,33.5607,45.09,40.8335
6904002.0,33.9189,44.8576,45.3563
6912002.0,34.8366,44.8837,1.7017400000000003
6920002.0,35.0395,43.4096,4.91973
6928002.0,35.8229,42.6411,9.593869999999999
6936002.0,33.1753,40.0002,12.8011
6944002.0,35.3286,39.8885,16.7192
6952002.0,37.5051,40.4375,20.6327
6960002.0,38.8252,40.3367,23.1597
6968002.0,41.6285,40.4041,27.4223
6976002.0,42.7392,40.0304,31.8513
6984002.0,42.4325,39.4716,36.8835
6992002.0,43.7637,39.2514,41.0456
7000002.0,44.1295,38.0103,44.9413
7008002.0,45.45,37.7634,49.2503
7016002.0,45.8293,36.9701,3.4609199999999998
7024002.0,45.2157,37.208,8.19407
7032002.0,46.0552,39.5379,11.0096
7040002.0,46.6053,39.2964,15.0833
7048002.0,47.3425,39.0172,19.866
7056002.0,48.06,38.7045,24.2454
7064002.0,0.116351,38.3588,28.9307
7072002.0,1.3592799999999998,38.0295,32.6231
7080002.0,2.11632,38.0552,36.6992
7088002.0,2.0409,38.3576,41.3779
7096002.0,2.62552,38.2526,45.1932
7104002.0,2.89797,38.6402,48.6106
7112002.0,3.05764,38.4527,4.65888
7120002.0,3.6530400000000003,39.0521,9.20018
7128002.0,4.39398,38.6671,14.5916
7136002.0,5.43201,38.954,19.5179
7144002.0,5.25275,38.9329,23.9812
7152002.0,5.70512,39.3106,28.9
7160002.0,6.85991,39.5549,33.4022
7168002.0,7.21258,39.7181,37.719
7176002.0,7.23647,39.4539,42.1112
7184002.0,7.95463,39.2064,47.1586
7192002.0,7.1346,39.4672,2.5369200000000003
7200002.0,8.28478,39.3242,7.15862
7204002.0,7.8646899999999995,39.6157,8.81328
7212002.0,10.6486,38.6602,14.6887
7220002.0,11.6703,38.6043,18.5278
7228002.0,12.334000000000001,38.5279,23.211
7236002.0,12.9687,38.4797,27.3667
7244002.0,12.7466,38.7176,32.1387
7252002.0,12.9378,38.7588,37.1758
7260002.0,13.6929,38.4561,41.4782
7268002.0,13.8647,38.0866,46.4527
7276002.0,14.5307,38.0588,1.69415
7284002.0,14.437000000000001,37.954,7.023219999999999
7292002.0,15.0291,37.9289,11.5922
7300002.0,15.9171,37.6009,16.2608
7308002.0,16.0487,37.2088,20.9924
7316002.0,16.0678,36.9851,24.6485
7324002.0,16.119,36.8022,28.9856
7332002.0,16.3334,36.2426,33.9949
7340002.0,17.051,36.2595,37.8266
7348002.0,17.0863,36.028,41.8879
7356002.0,17.296,35.9051,45.5125
7364002.0,17.5842,36.0909,49.1728
7372002.0,18.5325,36.3404,3.81055
7380002.0,18.7675,36.515,8.21563
7388002.0,18.6835,36.4674,12.5909
7396002.0,19.0324,36.654,17.1625
7404002.0,19.2706,36.8951,21.9469
7412002.0,20.1724,36.9459,26.4567
7420002.0,20.417,37.2273,30.9606
7428002.0,21.045,36.8937,35.6164
7436002.0,21.2683,36.9832,39.9905
7444002.0,21.9296,37.0422,44.7889
7452002.0,22.9738,37.0743,49.3852
7460002.0,23.1227,37.3308,4.80401
7468002.0,23.4732,37.3425,9.8846
7476002.0,23.6991,37.135999999999996,14.8309
7484002.0,23.9055,36.6539,19.6194
7492002.0,24.8688,36.7263,23.9965
7500002.0,25.5232,36.8612,28.8946
7508002.0,25.7331,36.1788,33.0995
7516002.0,25.6053,35.5602,37.8175
7524002.0,25.3468,35.3233,42.4172
7532002.0,25.7813,35.556999999999995,47.4396
7540002.0,26.288,35.9091,3.5710699999999997
7548002.0,26.6869,35.9289,7.552010000000001
7556002.0,27.069000000000003,35.9446,12.9736
7564002.0,27.5371,36.5939,17.8073
7572002.0,28.3382,36.8676,21.7839
7580002.0,28.7962,36.3773,26.8623
7588002.0,28.8193,36.1075,32.0243
7596002.0,29.096,36.1738,36.477
7604002.0,29.7977,36.3629,40.3881
7612002.0,30.19,36.417,45.2678
7620002.0,30.5511,36.8278,0.5297390000000001
7628002.0,30.8611,36.8799,5.2057400000000005
7636002.0,31.9519,36.5709,9.3062
7644002.0,32.2777,36.6341,13.8108
7652002.0,32.7909,37.0341,18.4489
7660002.0,33.3083,37.1407,22.8606
7668002.0,34.7903,37.1442,28.229
7676002.0,35.4815,36.845,33.3118
7684002.0,35.9119,36.4001,37.699
7692002.0,37.6393,36.102,43.2141
7700002.0,38.097,36.6807,47.0206
7708002.0,38.6798,36.6333,2.21332
7716002.0,39.6104,36.7353,6.68452
7724002.0,40.0998,37.0628,10.8803
7732002.0,41.0632,36.891999999999996,16.2833
7740002.0,42.375,37.0258,21.0432
7748002.0,43.2012,37.3104,25.8937
7756002.0,44.3202,37.5086,30.3007
7764002.0,44.5211,37.0372,34.7656
7772002.0,44.3885,36.9134,38.6823
7780002.0,44.3557,37.2279,43.8029
7788002.0,45.0572,36.838,48.9803
7796002.0,45.4004,37.077,4.59845
7804002.0,46.2387,36.6918,9.26627
7812002.0,46.5789,36.6437,14.5116
7820002.0,47.1277,36.1103,19.0493
7828002.0,48.7402,35.7925,23.9569
7836002.0,0.38190999999999997,35.8164,28.7687
7844002.0,1.42878,35.3332,32.8533
7852002.0,1.30081,35.0527,37.4511
7860002.0,2.0697799999999997,35.3073,42.0755
7868002.0,2.1720200000000003,35.2759,47.0102
7876002.0,2.92856,35.5029,2.24701
7884002.0,3.87074,35.2406,6.526619999999999
7892002.0,5.23635,35.5681,11.5584
7900002.0,5.52514,35.476,16.1076
7908002.0,5.95641,35.2366,20.3658
7916002.0,6.45224,35.4748,25.1454
7924002.0,6.81394,35.5063,29.6147
7932002.0,7.13703,34.9588,33.8857
7940002.0,7.39807,34.7865,38.2483
7948002.0,9.073360000000001,34.819,42.7335
7956002.0,9.85598,34.6695,47.2732
7964002.0,9.9147,33.9602,2.1539200000000003
7972002.0,9.8685,33.1605,6.793260000000001
7980002.0,10.2209,32.2041,12.1247
7988002.0,9.99643,31.9956,16.1102
7996002.0,9.04597,31.9515,19.3095
