2.0,11.2208,39.2161,48.637
8002.0,13.6019,39.7072,2.12371
16002.0,15.4455,39.7869,5.57829
24002.0,15.3978,39.7314,10.5682
32002.0,15.7441,40.2439,14.3088
40002.0,16.0477,40.0518,19.2373
48002.0,16.8836,39.7398,23.5985
56002.0,17.4996,39.3913,27.8108
64002.0,17.035,39.4569,32.0951
72002.0,19.7937,40.2356,35.0784
80002.0,20.4868,40.854,38.5599
88002.0,20.8982,42.3649,42.306000000000004
96002.0,21.4873,42.313,46.3809
104002.0,20.7736,41.6116,48.3495
112002.0,20.9586,41.9956,1.0859299999999998
120002.0,22.0016,43.4123,4.27005
128002.0,22.2686,43.3899,9.29082
136002.0,23.2773,43.4689,14.4778
144002.0,23.8136,43.2711,19.0463
152002.0,24.320999999999998,43.1001,23.5022
160002.0,26.8917,43.2209,27.6841
168002.0,28.0356,42.9446,32.1957
176002.0,28.1546,42.9721,36.9616
184002.0,28.5821,43.1502,41.3856
192002.0,28.9903,43.3232,46.5274
200002.0,29.6579,43.2477,1.83424
208002.0,30.7967,43.3293,5.94135
216002.0,33.1996,43.6301,11.4722
224002.0,33.4459,43.1662,16.7412
232002.0,33.41,42.7855,22.4663
240002.0,34.1749,43.1874,26.3115
248002.0,34.8219,43.4678,30.0898
256002.0,35.3008,43.0299,35.6548
264002.0,35.657,43.0052,40.7978
272002.0,35.9231,41.9485,46.2058
280002.0,36.075,41.5954,0.759019
288002.0,37.0005,42.228,6.4900400000000005
296002.0,37.7912,42.6219,10.8753
304002.0,39.1909,43.8299,17.317999999999998
312002.0,42.0096,43.3305,19.643
320002.0,42.913999999999994,43.4369,24.4705
328002.0,44.8617,43.9707,29.7621
336002.0,45.5563,43.667,34.0061
344002.0,46.2023,44.1403,39.2778
352002.0,44.7329,45.5059,43.8152
360002.0,45.385,45.803000000000004,47.9048
368002.0,46.1073,45.8017,2.7335
376002.0,46.2934,45.923,7.7606399999999995
384002.0,46.748000000000005,46.3009,11.9299
392002.0,47.0567,46.4377,16.6847
400002.0,47.1018,46.3483,21.1857
408002.0,47.3293,45.9715,25.8132
416002.0,47.1912,46.0747,30.3029
424002.0,47.4944,45.9585,35.2421
432002.0,47.7728,46.1929,39.7557
440002.0,48.0098,45.9469,44.8684
448002.0,47.9993,46.2121,49.2908
456002.0,47.9029,46.3451,4.488090000000001
464002.0,48.1552,46.4543,8.84728
472002.0,48.6488,46.4906,13.3473
480002.0,49.02,46.7281,18.2643
488002.0,49.1746,46.9156,23.4512
496002.0,0.4154,46.7159,28.7011
504002.0,0.288122,46.6012,33.6707
512002.0,0.624003,46.6824,38.2619
520002.0,0.7003590000000001,46.6098,43.1893
528002.0,0.36284099999999997,46.2608,48.5874
536002.0,1.25324,46.7367,3.84314
544002.0,2.1225400000000003,46.5395,8.42211
552002.0,3.12463,46.3309,12.8485
560002.0,4.11496,46.3607,17.2861
568002.0,4.0,45.5748,21.5093
576002.0,4.5660099999999995,45.5215,26.4405
584002.0,4.6044,45.5209,31.359
592002.0,5.64992,45.1445,35.1627
600002.0,5.95982,45.0026,39.9765
608002.0,6.23353,45.2502,44.7368
616002.0,6.68496,45.2434,49.3155
624002.0,6.47231,45.1068,4.62711
632002.0,6.55854,45.0835,8.3315
640002.0,6.96254,44.7214,12.5517
648002.0,6.50044,44.6456,15.6751
656002.0,6.2429,44.3302,20.1425
664002.0,7.36367,44.2629,24.8766
672002.0,6.498480000000001,44.3517,29.9113
680002.0,6.972010000000001,44.2967,34.854
688002.0,7.275289999999999,44.2017,40.2407
696002.0,6.9701699999999995,44.1522,45.2067
704002.0,7.0758600000000005,44.1691,0.824732
712002.0,6.93433,44.1686,6.0197
720002.0,7.073289999999999,44.2921,11.4923
728002.0,6.63386,44.0883,16.1592
736002.0,7.161969999999999,44.2323,20.9119
744002.0,7.14423,44.2327,25.9623
752002.0,6.790039999999999,44.3086,30.5123
760002.0,6.86941,44.067,35.9264
768002.0,6.56641,43.8897,40.9431
776002.0,6.78539,43.8034,46.4767
784002.0,6.581060000000001,43.988,1.18767
792002.0,6.591360000000001,44.0354,5.67894
800002.0,6.690289999999999,43.9786,10.6379
808002.0,6.90505,44.0857,15.4003
816002.0,7.140160000000001,44.0043,20.2036
824002.0,7.04563,44.2731,24.3399
832002.0,7.19071,44.1041,29.5398
840002.0,7.04162,44.1098,34.1736
848002.0,7.9958,44.3846,39.6978
856002.0,8.57982,44.7139,44.4991
864002.0,8.864419999999999,43.8271,0.332181
872002.0,8.87608,43.9762,4.89578
880002.0,8.90677,43.2889,9.9934
888002.0,9.60406,43.5939,15.1618
896002.0,10.1769,43.4503,19.4821
904002.0,10.6881,43.6902,24.142
912002.0,11.2305,44.1785,27.9853
920002.0,10.9485,43.7644,32.7878
928002.0,10.829,44.1199,37.9953
936002.0,10.8725,43.9085,42.7384
944002.0,11.3278,43.7371,46.8807
952002.0,12.3272,43.5747,1.97452
960002.0,12.3084,43.5115,6.7667600000000006
968002.0,12.5207,43.542,11.4231
976002.0,12.8036,43.4551,16.2278
984002.0,12.9878,43.4192,21.0269
992002.0,13.2878,43.5154,25.320999999999998
1000002.0,13.4084,43.6987,29.8804
1008002.0,13.8649,43.535,34.193000000000005
1016002.0,13.8226,43.4515,39.0978
1024002.0,14.5061,43.2878,43.5788
1032002.0,14.8765,43.4028,48.4289
1040002.0,15.2695,43.2595,3.676
1048002.0,15.1642,43.45,8.64305
1056002.0,15.1475,43.5981,13.208
1064002.0,15.5729,43.4847,18.2182
1072002.0,16.107,43.7693,23.1511
1080002.0,16.4039,43.9118,28.0301
1088002.0,16.4793,44.1458,32.3
1096002.0,16.8641,44.1357,37.1188
1104002.0,17.6317,43.996,42.2025
1112002.0,17.9585,43.8564,47.1898
1120002.0,18.4183,43.7603,2.5287900000000003
1128002.0,19.0186,43.6782,7.33838
1136002.0,18.922,44.1822,12.2222
1144002.0,19.2014,44.5585,16.8205
1152002.0,19.3701,44.3607,21.666
1160002.0,19.1762,44.6324,26.4836
1168002.0,19.3346,44.5237,31.3943
1176002.0,19.4264,44.7187,36.4912
1184002.0,19.5677,44.8294,41.2414
1192002.0,20.1352,45.2782,46.211999999999996
1200002.0,20.4422,45.528,1.69859
1208002.0,20.4378,45.538000000000004,6.83763
1216002.0,21.1087,45.8536,11.6069
1224002.0,21.4595,45.8299,17.2083
1232002.0,21.6119,45.8531,22.3789
1240002.0,21.6647,45.7778,27.5454
1248002.0,21.6541,45.9778,32.7478
1256002.0,22.0749,45.9448,37.3884
1264002.0,22.0967,46.2518,42.3715
1272002.0,21.9587,46.0408,47.7498
1280002.0,22.3627,46.4661,3.4297699999999995
1288002.0,22.4688,46.5696,8.17157
1296002.0,22.5981,46.4406,12.7417
1304002.0,22.3718,46.3813,17.8886
1312002.0,22.4625,46.413000000000004,22.9789
1320002.0,22.8011,46.3096,28.1366
1328002.0,22.9218,46.3147,32.81
1336002.0,23.2848,46.2201,38.0141
1344002.0,23.487,46.5608,42.8995
1352002.0,23.7542,46.5447,48.2162
1360002.0,24.1018,46.5855,3.8643300000000003
1368002.0,24.435,46.5439,8.85286
1376002.0,24.8304,46.2199,13.8927
1384002.0,25.0225,45.8934,18.3799
1392002.0,25.1507,46.0331,23.383000000000003
1400002.0,26.0318,46.1873,28.5247
1408002.0,26.427,46.5152,33.8919
1416002.0,26.9614,46.4756,38.9089
1424002.0,27.1601,46.2693,44.2483
1432002.0,27.0265,46.2332,0.28576
1440002.0,28.0058,46.4089,5.30872
1448002.0,28.2642,46.5247,10.4587
1456002.0,28.6964,46.5329,15.2222
1464002.0,29.0778,46.5774,20.3451
1472002.0,29.2308,46.449,25.374000000000002
1480002.0,29.6563,46.1477,30.0999
1488002.0,30.56,45.5243,34.8994
1496002.0,30.7958,45.7024,40.1935
1504002.0,30.2371,45.7889,45.5109
1512002.0,31.0267,45.898,1.2212399999999999
1520002.0,31.3945,45.9011,6.45495
1528002.0,31.9302,45.8813,11.600999999999999
1536002.0,32.5472,45.7953,16.758
1544002.0,32.7626,46.0832,21.8247
1552002.0,34.58,45.8401,26.6148
1560002.0,34.4757,46.1076,31.3025
1568002.0,34.2452,46.1641,36.3046
1576002.0,33.84,46.8563,40.9764
1584002.0,33.8235,47.0407,46.3346
1592002.0,33.7126,47.3379,1.7154099999999999
1600002.0,33.4652,47.6456,6.30502
1608002.0,33.2366,47.7028,10.642000000000001
1616002.0,33.4422,47.583,15.0639
1624002.0,33.5606,47.5911,19.9665
1632002.0,33.7574,47.5961,24.808000000000003
1640002.0,34.7026,47.0402,29.836
1648002.0,34.657,47.3888,34.9194
1656002.0,34.6838,47.2838,39.8339
1664002.0,34.8177,47.2928,44.5411
1672002.0,34.8003,47.2536,0.038073199999999995
1680002.0,34.8446,47.2936,4.99474
1688002.0,34.8292,47.2976,9.95807
1696002.0,34.9222,47.2126,15.175999999999998
1704002.0,34.9477,47.2039,19.7648
1712002.0,34.9519,47.1898,24.788
1720002.0,34.8451,47.321999999999996,29.315
1728002.0,34.76,47.2268,34.2157
1736002.0,35.0329,47.2024,39.0561
1744002.0,35.0216,47.2989,43.881
1752002.0,34.9954,47.2014,48.2318
1760002.0,34.8414,47.2142,3.4241599999999996
1768002.0,35.2184,47.1431,8.05922
1776002.0,35.0565,47.1014,13.3087
1784002.0,35.010999999999996,47.1346,17.9788
1792002.0,34.9484,47.3395,22.1466
1800002.0,34.9122,47.2857,27.3985
1808002.0,34.8023,47.4331,32.7632
1816002.0,34.8507,47.445,37.7104
1824002.0,34.9161,47.5148,42.3604
1832002.0,34.9668,47.6267,47.4041
1840002.0,35.415,47.6567,2.47494
1848002.0,35.3817,47.6592,7.47642
1856002.0,35.4047,47.6853,11.8889
1864002.0,35.4089,47.6381,16.7604
1872002.0,35.6167,47.6914,21.4834
1880002.0,36.4094,47.6211,26.483
1888002.0,37.0909,47.6604,31.3356
1896002.0,37.53,47.6151,36.5794
1904002.0,37.4407,47.4632,41.4988
1912002.0,37.4008,47.5037,46.5156
1920002.0,37.5241,47.5807,2.0592
1928002.0,37.999,47.3863,6.769760000000001
1936002.0,38.2286,47.5717,12.1833
1944002.0,38.4349,47.5025,17.019000000000002
1952002.0,38.2953,47.5827,22.089000000000002
1960002.0,38.1449,47.4644,27.418000000000003
1968002.0,38.5383,47.3869,32.3361
1976002.0,39.2604,47.2986,37.1898
1984002.0,39.1762,47.4778,42.6184
1992002.0,39.1731,47.4484,47.41
2000002.0,39.3787,47.3847,2.63762
2008002.0,39.3759,47.263000000000005,7.832389999999999
2016002.0,39.5135,47.3864,12.9347
2024002.0,39.885999999999996,47.4608,18.1701
2032002.0,40.0101,47.7004,23.1866
2040002.0,40.2652,47.7018,27.5916
2048002.0,40.4612,47.6385,32.3427
2056002.0,40.7284,47.7044,37.3055
2064002.0,41.1221,47.668,42.3594
2072002.0,41.1608,47.6801,46.6735
2080002.0,41.5161,47.6473,1.95728
2088002.0,41.8278,47.6582,6.88542
2096002.0,41.8995,47.7127,11.5923
2104002.0,42.0866,47.621,16.0558
2112002.0,43.0378,47.5806,21.1337
2120002.0,43.1951,47.6579,26.145
2128002.0,43.3431,47.6773,30.8401
2136002.0,42.965,47.6653,35.17
2144002.0,42.9294,47.5433,39.7746
2152002.0,43.0947,47.5073,44.762
2160002.0,43.0996,47.4857,0.37716
2168002.0,43.3256,47.4682,5.503430000000001
2176002.0,43.3878,47.3851,10.222999999999999
2184002.0,43.4525,47.251000000000005,15.1474
2192002.0,43.1933,47.2804,19.7659
2200002.0,43.0546,47.4323,24.6183
2208002.0,43.1902,47.4928,29.4496
2216002.0,43.2114,47.4409,34.2877
2224002.0,43.4041,47.4477,39.5474
2232002.0,43.505,47.4005,44.4905
2240002.0,43.6944,47.3225,49.2051
2248002.0,43.8114,47.2568,4.25127
2256002.0,43.9855,47.3599,8.1785
2264002.0,44.0694,47.4144,13.0714
2272002.0,43.9905,47.5135,17.7283
2280002.0,44.0667,47.2878,22.4703
2288002.0,43.9296,47.3424,27.0845
2296002.0,44.0851,47.2214,32.185
2304002.0,44.2765,47.2264,36.9009
2312002.0,44.3663,47.2421,41.8967
2320002.0,44.7801,47.2437,47.0355
2328002.0,45.4353,47.2543,2.36607
2336002.0,45.6293,47.2591,7.44733
2344002.0,45.9471,47.0985,12.4043
2352002.0,45.9284,47.1005,16.822
2360002.0,46.5466,46.5023,21.7452
2368002.0,46.7175,46.4072,26.8576
2376002.0,46.8435,46.4794,31.9208
2384002.0,46.8155,46.4636,36.7359
2392002.0,46.8556,46.4316,41.9166
2400002.0,46.8162,46.5333,46.8958
2408002.0,46.8793,46.5279,2.33148
2414002.0,47.0577,46.3905,6.00455
2422002.0,48.1146,46.125,12.1741
2430002.0,0.340237,46.1956,17.2827
2438002.0,1.80814,46.3957,22.5575
2446002.0,2.26518,46.4786,27.7318
2454002.0,1.21221,46.3182,32.1039
2462002.0,2.25135,46.4646,37.3497
2470002.0,3.0222900000000004,46.4201,41.9874
2478002.0,3.5504599999999997,46.507,47.5853
2486002.0,4.09692,46.1771,3.58207
2494002.0,4.45681,45.8502,8.214780000000001
2502002.0,4.53884,45.7879,13.0957
2510002.0,5.44986,45.7847,18.1033
2518002.0,5.29702,45.5027,23.0518
2526002.0,6.6093399999999995,45.3105,26.9048
2534002.0,7.57136,45.7237,31.6306
2542002.0,7.948689999999999,45.7483,36.2971
2550002.0,8.58142,46.2159,41.2841
2558002.0,9.69295,46.2291,45.364
2566002.0,10.7021,46.3824,48.9852
2574002.0,12.1208,46.393,3.02343
2582002.0,12.9244,46.5324,6.4496
2590002.0,13.3114,46.1752,11.8092
2598002.0,14.835999999999999,46.6372,17.5091
2606002.0,15.3335,46.0144,23.1003
2614002.0,16.1666,45.8153,28.915
2622002.0,16.4074,46.5013,32.6599
2630002.0,16.7682,46.6145,37.7672
2638002.0,16.9308,46.7724,42.4393
2646002.0,17.2149,46.7142,47.6959
2654002.0,17.2851,46.8579,3.1989099999999997
2662002.0,17.7511,46.9006,8.09702
2670002.0,18.0584,47.0276,13.2502
2678002.0,19.0013,46.9222,18.4409
2686002.0,20.5571,46.9798,23.4312
2694002.0,21.2218,47.0657,28.4157
2702002.0,21.4553,47.1073,33.54
2710002.0,21.8688,46.7509,38.2673
2718002.0,22.305999999999997,46.549,43.1705
2726002.0,23.0049,46.6762,47.7776
2734002.0,23.2816,46.8892,3.36392
2742002.0,24.471999999999998,46.5705,8.201789999999999
2750002.0,25.1295,46.5198,13.3242
2758002.0,25.313000000000002,46.3069,18.2956
2766002.0,25.0788,46.3449,23.3967
2774002.0,25.1305,46.5311,28.3165
2782002.0,25.0502,46.5814,33.4302
2790002.0,25.1271,46.5833,38.1748
2798002.0,25.3365,46.7323,43.1893
2806002.0,25.6404,46.7552,48.3657
2814002.0,25.8594,46.7289,4.06944
2822002.0,25.9213,46.8065,9.05705
2830002.0,25.7847,46.9566,14.0311
2838002.0,26.454,47.0818,19.4317
2846002.0,27.6054,46.9964,24.6188
2854002.0,28.4896,46.9172,29.7314
2862002.0,29.6627,46.94,34.7399
2870002.0,29.7138,47.0609,38.5926
2878002.0,30.5187,47.0319,43.9889
2886002.0,30.794,46.9122,48.9738
2894002.0,31.1443,46.8749,4.42782
2902002.0,31.6157,46.9343,9.72665
2910002.0,31.8752,47.0334,14.488
2918002.0,32.1783,47.1716,19.2117
2926002.0,32.2534,47.1097,24.7197
2934002.0,32.6241,47.1213,29.9348
2942002.0,32.7219,47.1262,34.9051
2950002.0,32.9395,46.9957,39.9515
2958002.0,33.1548,47.1408,44.6123
2966002.0,33.5516,47.1878,49.361000000000004
2974002.0,33.7703,47.1618,4.63127
2982002.0,33.7781,47.2573,9.59639
2990002.0,33.9996,47.4583,14.5283
2998002.0,34.6229,47.5526,19.3254
3006002.0,34.6861,47.5267,24.4123
3014002.0,34.9005,47.6571,29.7731
3022002.0,34.8637,47.4881,34.8332
3030002.0,34.9438,47.4856,40.2424
3038002.0,35.1665,47.4515,45.2655
3046002.0,35.4904,47.4638,1.01023
3054002.0,36.3242,47.4568,6.05716
3062002.0,36.6611,47.4417,11.0159
3070002.0,37.1012,47.4331,17.1447
3078002.0,36.9257,47.5903,21.6468
3086002.0,37.0566,47.6836,26.6367
3094002.0,37.6566,47.6337,31.750999999999998
3102002.0,37.5442,47.7548,35.4997
3110002.0,37.6966,47.6968,40.9624
3118002.0,38.1214,47.7168,45.9668
3126002.0,37.6481,47.7315,1.93481
3134002.0,38.0673,47.7295,6.82028
3142002.0,37.9726,47.7664,11.9226
3150002.0,38.4774,47.7985,16.929000000000002
3158002.0,39.7832,47.8251,21.5546
3166002.0,39.8748,47.827,26.0721
3174002.0,40.1015,47.8625,29.912
3182002.0,40.9152,47.565,35.0655
3190002.0,42.2685,47.5139,39.4263
3198002.0,43.0227,47.6314,43.8227
3206002.0,43.9636,47.6845,47.8676
3214002.0,44.5214,47.6517,2.2777700000000003
3222002.0,45.1894,47.7404,6.71881
3230002.0,45.7116,47.7377,11.5192
3238002.0,46.1074,47.6764,16.4635
3246002.0,46.8336,47.7031,21.249000000000002
3254002.0,46.9117,47.7934,25.5983
3262002.0,47.0046,47.7831,29.9691
3270002.0,47.6069,47.775,34.8536
3278002.0,47.5419,47.7007,39.1566
3286002.0,47.6954,47.5182,43.4803
3294002.0,47.6643,47.3201,47.4719
3302002.0,47.3205,47.4857,2.6472599999999997
3310002.0,47.4622,47.2659,7.164289999999999
3318002.0,47.5753,47.2322,11.8352
3326002.0,48.0591,47.2196,16.1761
3334002.0,48.9526,47.0077,20.7147
3342002.0,49.4958,46.7785,25.5833
3350002.0,49.4738,46.685,30.1618
3358002.0,1.70757,46.5417,35.2347
3366002.0,3.69602,46.6788,39.6696
3374002.0,4.25798,46.6637,44.5021
3382002.0,5.5117199999999995,46.5259,0.012960900000000001
3390002.0,7.0128699999999995,46.6867,4.67588
3398002.0,7.01748,46.5589,9.98979
3406002.0,7.8362300000000005,46.5932,14.8879
3414002.0,9.27562,46.2814,20.0145
3422002.0,11.2347,45.7187,25.3916
3430002.0,13.272,45.8447,29.8608
3438002.0,14.095999999999998,45.6407,34.7654
3446002.0,14.08,45.9562,39.6361
3454002.0,14.0701,46.255,44.4224
3462002.0,14.1232,46.5869,48.9026
3470002.0,14.0444,46.6338,4.03164
3478002.0,14.0547,46.4874,9.061860000000001
3486002.0,14.1151,46.6899,13.642000000000001
3494002.0,14.1644,46.6603,18.5011
3502002.0,14.3458,46.5417,23.5088
3510002.0,14.3968,46.4544,28.4118
3518002.0,14.2472,46.4763,33.6798
3526002.0,14.2,46.4154,38.766
3534002.0,14.3219,46.4796,43.7504
3542002.0,14.3027,46.5858,48.4492
3550002.0,14.487,46.3686,3.51609
3558002.0,14.402999999999999,46.291000000000004,8.68615
3566002.0,14.5226,46.2383,13.7633
3574002.0,14.4285,46.5353,18.6647
3582002.0,14.4988,46.5477,24.0042
3590002.0,14.4975,46.6205,28.9993
3598002.0,14.6339,46.5168,34.58
3606002.0,14.8833,46.5553,39.4912
3614002.0,14.8032,46.5369,44.6177
3622002.0,14.7613,46.495,0.42025
3630002.0,14.9369,46.5713,4.72882
3638002.0,15.4507,46.628,9.5473
3646002.0,16.0743,46.5646,14.7847
3654002.0,16.6216,46.6163,19.6166
3662002.0,16.8622,46.6122,24.5381
3670002.0,16.8762,46.629,29.3372
3678002.0,17.0363,46.5621,34.3669
3686002.0,17.4088,46.6288,39.4835
3694002.0,17.6621,46.5066,44.5268
3702002.0,17.9319,46.4324,49.2836
3710002.0,18.0658,46.5365,4.71354
3718002.0,18.0409,46.605,9.840110000000001
3726002.0,18.0623,46.6015,14.8801
3734002.0,18.2064,46.6783,19.7675
3742002.0,18.4366,46.7274,24.3864
3750002.0,18.6178,46.8423,28.9086
3758002.0,19.4915,46.8641,34.0104
3766002.0,20.1182,46.8203,38.3122
3774002.0,20.8542,46.8291,43.2503
3782002.0,21.4183,46.7874,47.8056
3790002.0,21.9398,46.6132,3.5451599999999996
3798002.0,22.1141,46.573,8.3894
3806002.0,22.2443,46.7323,13.2758
3814002.0,23.2507,46.61,18.0055
3822002.0,23.8586,46.8764,22.4078
3830002.0,24.026,46.9428,27.2548
3838002.0,24.2323,46.7556,32.3176
3846002.0,24.2882,46.8563,37.375
3854002.0,24.4067,46.8123,42.3337
3862002.0,24.4478,46.8715,47.0246
3870002.0,24.8259,46.63,2.64718
3878002.0,24.9062,46.7247,7.72997
3886002.0,24.7597,46.9797,12.8622
3894002.0,25.3633,46.8007,17.9806
3902002.0,25.8889,46.8956,22.7715
3910002.0,26.7102,46.7026,28.285
3918002.0,27.31,46.9437,33.4402
3926002.0,28.0988,46.8988,38.254
3934002.0,28.3718,46.8819,43.2312
3942002.0,28.2182,46.8507,48.4431
3950002.0,28.2225,47.1452,3.9172599999999997
3958002.0,28.16,46.9267,9.18299
3966002.0,28.3819,47.1449,13.7217
3974002.0,28.8442,47.1994,18.3989
3982002.0,29.1866,47.2511,23.0161
3990002.0,29.5657,47.2332,28.0159
3998002.0,29.7206,47.1803,32.7491
4006002.0,29.6804,47.4379,37.7587
4014002.0,29.8999,47.3992,42.8237
4022002.0,29.7373,47.3738,47.8666
4030002.0,29.5009,47.3896,2.85973
4038002.0,30.0496,47.4738,7.26633
4046002.0,31.2831,47.4725,11.9355
4054002.0,31.8836,47.4374,16.9121
4062002.0,32.7608,47.5001,21.8147
4070002.0,33.4344,47.2902,26.3516
4078002.0,33.1533,47.4868,31.4315
4086002.0,33.5946,47.6561,36.5914
4094002.0,34.9732,47.5358,41.5552
4102002.0,35.3366,47.3511,46.6617
4110002.0,35.6334,47.4803,2.39025
4118002.0,35.9816,47.4205,7.0557
4126002.0,36.2663,47.2949,12.1119
4134002.0,35.3784,46.9987,15.4844
4142002.0,34.4796,47.1551,21.6601
4150002.0,36.1593,47.7744,25.6703
4158002.0,37.8067,47.163999999999994,30.7518
4166002.0,38.8309,46.9729,35.0112
4174002.0,39.5952,46.5348,40.6577
4182002.0,39.625,46.0126,46.4984
4190002.0,45.3075,47.3657,45.3167
4198002.0,47.9684,46.4895,3.96844
4206002.0,49.5006,47.2011,7.00661
4214002.0,2.56812,46.1211,11.3891
4222002.0,1.94376,45.8417,15.673
4230002.0,5.78273,46.9141,23.1517
4238002.0,8.33163,44.8132,30.8024
4246002.0,9.8896,44.5206,36.2739
4254002.0,10.7705,44.1957,42.3067
4262002.0,11.1671,44.1593,48.0981
4270002.0,10.8696,44.4268,3.7633900000000002
4278002.0,11.3481,44.148999999999994,8.98506
4286002.0,11.9425,44.1757,14.8714
4294002.0,12.2313,43.9104,19.5243
4302002.0,12.3913,43.8679,24.4992
4310002.0,12.825999999999999,43.7866,29.5764
4318002.0,12.773,43.7131,34.2195
4326002.0,12.7478,43.5814,38.9191
4334002.0,12.9227,43.433,43.6685
4342002.0,13.2306,43.4733,48.5269
4350002.0,13.2407,43.5743,4.3427
4358002.0,13.3774,43.493,9.21932
4366002.0,13.5259,43.5605,13.8494
4374002.0,13.8261,43.3713,18.2619
4382002.0,13.7067,43.3521,22.3311
4390002.0,14.0398,43.1023,27.2551
4398002.0,14.2976,43.0228,32.9085
4406002.0,14.4489,42.9693,38.1565
4414002.0,14.6048,43.013999999999996,43.0555
4422002.0,15.1354,43.2118,47.9541
4430002.0,14.9456,43.0574,3.24495
4438002.0,14.7741,42.9851,8.3362
4446002.0,14.9203,42.911,12.7601
4454002.0,15.0908,43.2191,17.6229
4462002.0,15.0872,43.2504,22.6931
4470002.0,15.6365,43.4031,28.0643
4478002.0,16.11,43.1644,32.6694
4486002.0,17.4051,43.526,37.4711
4494002.0,17.4582,43.2472,42.2016
4502002.0,17.407,42.9986,47.3339
4510002.0,17.41,42.9238,2.7116700000000002
4518002.0,18.2453,43.3631,7.27573
4526002.0,18.433,43.0391,12.4359
4534002.0,18.9597,42.9642,17.4225
4542002.0,19.3088,42.6238,22.0065
4550002.0,19.7686,42.0693,26.9299
4558002.0,20.3931,42.4065,32.048
4566002.0,20.7411,42.3746,36.8439
4574002.0,21.9499,42.7733,42.1791
4582002.0,22.4572,43.2187,47.8453
4590002.0,25.3357,43.2601,1.55021
4598002.0,26.3559,42.9546,6.27074
4606002.0,27.9034,42.0736,9.478810000000001
4614002.0,28.2468,42.3687,13.5798
4622002.0,28.2039,42.2595,18.0636
4630002.0,28.2383,38.9146,15.2267
4638002.0,30.8262,39.7482,17.1697
4646002.0,30.9169,39.589,21.9663
4654002.0,31.2575,39.4959,25.3989
4662002.0,32.8999,40.5757,29.535
4670002.0,33.8736,40.6674,33.2493
4678002.0,34.2269,40.9457,38.1656
4686002.0,35.4388,41.358000000000004,41.9745
4694002.0,36.7978,41.3693,47.1432
4702002.0,37.7247,41.0143,1.58984
4710002.0,39.0878,40.8939,5.319380000000001
4718002.0,39.4794,41.1693,9.66342
4726002.0,39.607,41.662,14.2949
4734002.0,40.1536,41.8213,19.0161
4742002.0,41.0461,42.2458,23.383000000000003
4750002.0,41.3299,42.3668,27.1428
4758002.0,41.7882,42.6419,31.3252
4760002.0,41.6706,42.831,32.2067
4768002.0,42.0214,43.1933,36.9279
4776002.0,43.181999999999995,42.716,40.6255
4784002.0,44.817,43.1035,45.7726
4792002.0,46.0859,43.3204,0.6950569999999999
4800002.0,46.6645,43.3089,4.95351
4808002.0,46.9178,43.2286,9.83896
4816002.0,48.6432,43.3153,14.8745
4824002.0,0.714302,43.3334,19.12
4832002.0,2.33622,43.3568,23.7599
4840002.0,3.32084,43.1831,29.0613
4848002.0,4.39227,43.1423,33.714
4856002.0,6.25191,43.2875,38.4313
4864002.0,6.5077300000000005,43.4215,43.3009
4872002.0,8.53806,43.3667,47.8788
4880002.0,8.84567,43.6195,2.77507
4888002.0,9.48305,43.8974,7.28863
4896002.0,11.3345,43.8309,12.123
4904002.0,12.3545,44.1034,16.098
4912002.0,12.5342,43.9777,20.755
4920002.0,15.13,43.88,25.0769
4928002.0,17.4177,43.9838,29.9293
4936002.0,18.9695,43.8732,34.8244
4944002.0,19.5774,43.8096,38.8638
4952002.0,20.9014,44.1574,43.457
4960002.0,20.8423,44.301,48.498999999999995
4968002.0,20.8462,44.4135,3.79037
4976002.0,20.9936,44.1255,8.65579
4984002.0,21.3283,43.8677,13.3963
4992002.0,21.8847,44.3556,18.0126
5000002.0,22.496,44.3334,22.816
5008002.0,22.6687,44.3809,27.5519
5016002.0,22.8739,44.1783,31.9368
5024002.0,23.371,44.1839,36.3476
5032002.0,23.9806,44.1667,41.7686
5040002.0,24.8012,44.1449,46.7127
5048002.0,24.9631,43.9774,1.95127
5056002.0,25.6155,44.0027,6.969060000000001
5064002.0,26.6073,44.0606,11.4636
5072002.0,27.1085,44.3955,16.0249
5080002.0,28.017,44.2578,21.1037
5088002.0,28.4788,44.2621,26.2749
5096002.0,30.2083,44.3148,31.3651
5104002.0,30.6497,44.2637,36.2477
5112002.0,31.4434,44.2906,41.2594
5120002.0,31.4427,44.1093,46.9437
5128002.0,32.0031,44.0643,3.05849
5136002.0,32.1751,43.9923,8.12159
5144002.0,32.3105,44.0435,13.3293
5152002.0,32.64,44.3197,18.3222
5160002.0,33.23,44.3107,23.5299
5168002.0,33.417,44.1827,28.5717
5176002.0,33.8086,44.1113,33.6186
5184002.0,34.6816,44.2553,38.1503
5192002.0,35.1187,44.3172,42.265
5200002.0,35.681999999999995,44.3559,47.931999999999995
5208002.0,36.1111,44.3626,2.4315700000000002
5216002.0,36.645,44.4179,7.54908
5224002.0,37.2302,44.4058,11.8683
5232002.0,37.6883,44.5671,17.1705
5240002.0,37.8886,44.6543,22.3872
5248002.0,38.6087,44.5594,26.6919
5256002.0,38.8025,44.4901,30.9068
5264002.0,39.1604,44.5996,35.5768
5272002.0,39.9985,44.6688,40.3215
5280002.0,41.118,44.6158,45.5938
5288002.0,41.1381,44.8247,1.03284
5296002.0,42.7646,44.8275,5.57901
5304002.0,43.6392,44.7476,10.525
5312002.0,44.8178,44.7784,15.1206
5320002.0,45.1151,44.8383,20.177
5328002.0,45.5831,44.8623,24.862
5336002.0,46.8065,44.8294,29.4625
5344002.0,48.0505,44.7746,32.5921
5352002.0,48.343,44.6231,37.1192
5360002.0,48.6306,44.646,40.6742
5368002.0,48.8888,44.604,45.5625
5376002.0,49.1634,44.6195,0.804266
5384002.0,0.943426,44.4607,5.8434800000000005
5392002.0,0.8224020000000001,44.2153,10.2378
5400002.0,1.2007,44.4467,14.7773
5408002.0,1.08155,44.3675,19.3141
5416002.0,2.2561,43.8493,24.5506
5424002.0,2.55302,43.803999999999995,28.8313
5432002.0,2.93582,43.677,33.1869
5440002.0,3.5415900000000002,43.5867,37.2561
5448002.0,3.42495,43.6941,41.7861
5456002.0,3.5422800000000003,43.5702,46.4611
5464002.0,3.42801,43.7741,1.89592
5472002.0,3.78809,43.5173,7.955419999999999
5480002.0,4.63074,43.5835,12.6934
5488002.0,5.18043,43.3452,16.9333
5496002.0,6.3501900000000004,43.7723,21.2577
5504002.0,7.04737,44.0369,26.1796
5512002.0,7.6894,44.1383,30.8746
5520002.0,8.046439999999999,44.3347,36.0532
5528002.0,8.83648,44.5745,40.6291
5536002.0,9.37885,44.254,45.848
5544002.0,9.528360000000001,44.2894,1.39768
5552002.0,10.1606,43.9633,6.40073
5560002.0,10.9247,44.0763,11.3341
5568002.0,11.6606,44.0312,16.0146
5576002.0,11.9707,44.4877,20.5182
5584002.0,12.3258,44.6993,25.427
5592002.0,12.7375,44.993,30.4167
5600002.0,13.1305,45.2453,35.478
5608002.0,13.3534,45.3807,40.0731
5616002.0,13.890999999999998,45.5733,44.9171
5624002.0,14.3228,45.4596,0.27689600000000003
5632002.0,14.8177,45.5038,5.07828
5640002.0,16.116,45.5474,10.0458
5648002.0,16.9474,45.5675,14.8738
5656002.0,17.2975,45.5863,19.8559
5664002.0,17.4632,45.5953,24.8152
5672002.0,18.0426,45.5791,29.5473
5680002.0,18.0431,45.4994,34.2583
5688002.0,18.615,45.6846,38.8453
5696002.0,18.9428,45.5666,43.0997
5704002.0,18.8626,44.957,48.331
5712002.0,18.9842,44.9967,3.51911
5720002.0,19.1694,44.8327,8.757
5728002.0,19.1382,44.9862,13.2255
5736002.0,19.275,44.9456,18.1392
5744002.0,18.9689,44.5487,23.1135
5752002.0,19.0454,44.5128,27.8649
5760002.0,19.2282,45.2534,32.5534
5768002.0,20.3766,46.2095,37.4401
5776002.0,21.3894,46.461000000000006,42.4267
5784002.0,21.3612,46.3606,47.6968
5792002.0,21.7693,46.3572,3.38254
5800002.0,21.9991,46.3578,8.79706
5808002.0,22.8768,46.3447,13.8902
5816002.0,23.8769,46.3742,18.901
5824002.0,24.3022,46.3438,23.7561
5832002.0,24.3998,46.5879,28.2645
5840002.0,24.6176,46.7803,33.3114
5848002.0,25.7165,47.1413,38.466
5856002.0,26.3875,47.3972,43.5602
5864002.0,27.7885,47.3419,48.2222
5872002.0,27.9321,47.328,3.7685800000000005
5880002.0,27.9582,47.467,8.643930000000001
5888002.0,28.9635,47.2471,13.6833
5896002.0,29.6308,47.1302,18.5594
5904002.0,30.1459,47.1785,23.4729
5912002.0,30.3522,47.1177,28.5785
5920002.0,30.6367,47.276,33.7227
5928002.0,31.212,47.2604,38.6327
5936002.0,31.2208,47.0087,43.5287
5944002.0,31.3112,47.0252,48.4282
5952002.0,31.455,46.8677,3.7257
5960002.0,31.432,46.8609,8.61492
5968002.0,31.4931,46.9503,13.1762
5976002.0,31.709,46.9724,18.4679
5984002.0,31.5023,46.9524,23.3349
5992002.0,31.4398,47.1343,28.7654
6000002.0,31.5087,47.2015,33.708
6008002.0,31.6708,47.4339,38.4761
6016002.0,32.2812,47.162,43.2182
6024002.0,32.3419,47.1436,47.8708
6032002.0,32.5952,47.2828,3.16249
6040002.0,32.8235,47.1114,8.01644
6048002.0,32.8943,47.1561,13.0653
6056002.0,33.3623,47.0276,18.1149
6064002.0,33.916,46.9943,22.6388
6072002.0,34.3756,47.0987,27.2221
6080002.0,34.7326,47.0531,32.2125
6088002.0,34.6305,47.1503,37.2278
6096002.0,34.482,47.2911,42.0327
6104002.0,34.5926,47.3311,46.9365
6112002.0,35.1116,47.2552,2.627
6120002.0,35.3536,47.2957,7.246010000000001
6128002.0,35.474000000000004,47.3014,12.2468
6136002.0,35.4738,47.3078,17.1078
6144002.0,35.4576,47.2238,22.2283
6152002.0,35.1304,47.3108,27.2957
6160002.0,35.2906,47.3334,32.2348
6168002.0,35.0678,47.3269,36.9378
6176002.0,34.2827,47.5658,41.8799
6184002.0,34.3501,47.5032,46.817
6192002.0,34.3302,47.5656,2.36975
6200002.0,34.2594,47.5719,7.18938
6208002.0,34.2786,47.5701,12.3542
6216002.0,34.8522,47.5513,17.0411
6224002.0,35.1321,47.3971,22.0985
6232002.0,35.3348,47.3371,26.9576
6240002.0,35.5238,47.2667,32.2021
6248002.0,36.4985,47.4148,36.8366
6256002.0,36.8544,47.4112,42.0728
6264002.0,37.537,47.1649,47.0603
6272002.0,38.4154,47.0943,2.3195799999999998
6280002.0,38.9151,47.2051,6.69681
6288002.0,38.842,47.0665,11.6098
6296002.0,38.9621,47.1299,16.3483
6304002.0,39.0702,47.075,21.193
6312002.0,39.5903,47.1171,26.1179
6320002.0,40.0244,47.2328,30.9642
6328002.0,40.6015,47.1748,35.9972
6336002.0,40.6893,47.1369,40.9324
6344002.0,40.8744,47.2064,45.8652
6352002.0,41.0098,47.2811,1.34657
6360002.0,41.0477,47.2752,6.24608
6368002.0,41.2129,47.2616,11.2011
6376002.0,41.1346,47.3837,16.118
6384002.0,41.3299,47.3918,20.9379
6392002.0,41.6006,47.3114,26.0821
6400002.0,41.6505,47.2759,31.0543
6408002.0,40.8627,47.2267,36.5494
6416002.0,40.9519,47.1019,41.262
6424002.0,41.4746,46.9148,45.5555
6432002.0,41.3512,46.8405,0.926423
6440002.0,41.3212,47.2347,5.63439
6448002.0,41.735,47.495,10.4116
6456002.0,42.2515,47.5792,14.6103
6464002.0,42.7168,47.1965,19.6835
6472002.0,43.0997,47.2733,24.7279
6480002.0,43.3866,47.3566,29.8771
6488002.0,43.5734,47.22,34.8205
6496002.0,44.0624,47.3848,39.6363
6504002.0,43.986999999999995,47.4955,44.4114
6512002.0,43.4586,47.5724,0.102243
6520002.0,42.8255,47.4306,4.52226
6528002.0,42.6787,46.8835,9.42055
6536002.0,43.1969,46.9223,13.972000000000001
6544002.0,43.3827,46.9805,19.2568
6552002.0,44.1594,47.1214,24.1143
6560002.0,45.2326,47.2613,28.397
6568002.0,45.9965,47.1962,33.1764
6576002.0,46.6967,47.0998,37.7244
6584002.0,46.922,47.1326,42.3523
6592002.0,47.2953,47.1301,47.9188
6600002.0,47.9601,47.1408,3.5537199999999998
6608002.0,49.3143,47.28,8.84773
6616002.0,1.34429,47.2163,13.6432
6624002.0,3.87908,47.1002,18.3789
6632002.0,4.57749,47.2376,22.7989
6640002.0,4.63933,47.2221,27.4726
6648002.0,5.4154,47.1941,32.4664
6656002.0,5.86294,47.3646,37.5624
6664002.0,5.9322,47.5835,41.3929
6672002.0,18.1553,44.3114,44.0747
6680002.0,15.6804,43.9475,48.216
6688002.0,4.78691,45.2482,4.8632599999999995
6696002.0,5.14285,44.0453,6.19102
6704002.0,11.5057,45.7107,14.5533
6712002.0,14.5523,47.5425,17.9644
6720002.0,14.8861,47.1034,23.5794
6728002.0,15.2593,46.871,28.5566
6736002.0,16.1632,46.8368,32.7981
6744002.0,16.5793,46.8194,37.7913
6752002.0,16.9467,47.0357,43.4231
6760002.0,17.4259,47.1031,48.7578
6768002.0,17.5989,47.3959,4.47829
6776002.0,17.2573,47.5455,9.70081
6784002.0,18.4935,47.3743,14.4002
6792002.0,19.6119,47.0756,18.3169
6800002.0,20.2472,47.2371,23.2496
6808002.0,20.4457,47.1852,27.4098
6816002.0,20.3797,46.9246,32.3306
6824002.0,20.795,46.9372,37.3319
6832002.0,21.1131,47.5605,42.4062
6840002.0,21.3804,47.5642,47.5944
6848002.0,21.962,47.4888,3.0889
6856002.0,22.0095,47.3741,8.068760000000001
6864002.0,22.3539,47.2973,12.7394
6872002.0,22.6859,46.8355,17.3376
6880002.0,23.2287,46.7614,21.7094
6888002.0,23.0587,46.8504,26.5023
6896002.0,23.5874,47.0443,31.5865
6904002.0,23.8662,47.1475,36.3023
6912002.0,24.6137,47.3019,41.599
6920002.0,25.1558,47.2495,46.0242
6928002.0,25.7751,47.3783,1.53514
6936002.0,25.349,47.2481,6.19001
6944002.0,26.4942,47.1881,10.9796
6952002.0,28.0778,47.2778,15.7006
6960002.0,28.4214,47.297,19.4525
6968002.0,29.7861,47.114,23.5273
6976002.0,30.7488,47.5148,27.828000000000003
6984002.0,30.8633,47.4073,32.8463
6992002.0,31.5849,47.5259,37.8569
7000002.0,31.9805,47.5578,42.3296
7008002.0,32.5455,47.4994,47.3437
7016002.0,32.9205,47.636,2.20878
7024002.0,33.0601,47.68899999999999,6.10968
7032002.0,33.9284,47.6541,10.3881
7040002.0,33.9291,47.6895,14.9052
7048002.0,33.9357,47.6315,19.8914
7056002.0,34.6714,47.5668,24.482
7064002.0,35.4311,47.6243,29.4616
7072002.0,35.1399,47.4157,33.89
7080002.0,35.0961,47.453,38.8113
7088002.0,35.1339,47.5206,43.845
7096002.0,34.9878,47.3948,48.013000000000005
7104002.0,35.2461,47.4416,2.41376
7112002.0,35.5277,47.5721,6.87316
7120002.0,36.2275,47.5746,11.6254
7128002.0,36.5163,47.4436,16.1712
7136002.0,37.0391,47.5088,20.901999999999997
7144002.0,37.0793,47.5869,25.6446
7152002.0,36.9859,47.7231,30.6437
7160002.0,37.5371,47.4364,35.4157
7168002.0,37.992,47.6547,40.0101
7176002.0,38.1833,47.7299,45.0101
7184002.0,39.4607,47.681999999999995,0.439533
7192002.0,39.3566,47.6375,5.1296
7200002.0,40.5127,47.3926,10.1318
7204002.0,40.3002,47.4323,11.9398
7212002.0,41.4022,47.4013,16.7275
7220002.0,41.812,47.391000000000005,21.3456
7228002.0,42.4446,47.6076,25.9086
7236002.0,42.5725,47.623000000000005,30.9289
7244002.0,42.4802,47.5676,36.2725
7252002.0,42.485,47.6226,41.3246
7260002.0,42.4731,47.5029,45.871
7268002.0,42.3186,47.54,1.5941100000000001
7276002.0,42.549,47.5427,6.4313199999999995
7284002.0,42.8102,47.3706,11.4121
7292002.0,42.9059,47.2732,16.302
7300002.0,43.0312,47.3495,21.5296
7308002.0,43.8836,47.5909,26.0627
7316002.0,44.0493,47.5143,31.0364
7324002.0,43.9601,47.2506,36.2253
7332002.0,44.2028,47.0967,41.2445
7340002.0,44.6087,47.3591,46.4324
7348002.0,43.891999999999996,47.4306,1.37012
7356002.0,43.9438,47.6511,5.144830000000001
7364002.0,44.3975,47.6981,9.19005
7372002.0,44.4713,47.7634,14.0881
7380002.0,44.8545,47.3044,18.4673
7388002.0,44.7978,47.0827,22.9312
7396002.0,44.9773,46.9021,27.61
7404002.0,44.9911,46.8465,32.6803
7412002.0,45.1347,46.8942,37.5027
7420002.0,45.1652,46.6943,42.157
7428002.0,45.2045,46.5931,47.3593
7436002.0,45.0367,46.5445,2.78594
7444002.0,45.2848,46.4488,7.41075
7452002.0,45.7054,46.5006,12.5992
7460002.0,46.1314,46.7331,17.6227
7468002.0,46.1258,46.7429,22.4466
7476002.0,46.0189,46.7443,26.9471
7484002.0,46.4291,46.6929,31.9491
7492002.0,46.7791,46.7423,36.2695
7500002.0,46.95399999999999,46.7705,41.1722
7508002.0,47.1533,47.0108,45.6419
7516002.0,47.9698,46.9835,1.00981
7524002.0,48.2877,47.0761,6.1005199999999995
7532002.0,48.3126,46.6086,11.3956
7540002.0,48.4459,46.5892,16.5984
7548002.0,48.6899,46.6085,20.9414
7556002.0,48.8067,46.7043,25.980999999999998
7564002.0,48.9966,46.6999,30.7994
7572002.0,49.3658,46.7107,35.6877
7580002.0,49.2241,46.6581,40.5712
7588002.0,49.4384,46.7826,45.2323
7596002.0,0.0508135,46.6499,0.5038729999999999
7604002.0,49.4136,46.4258,5.23874
7612002.0,0.224964,46.4894,9.96113
7620002.0,0.16204200000000002,46.4879,14.6918
7628002.0,0.23857199999999998,46.4719,19.3224
7636002.0,0.343161,46.3998,23.7042
7644002.0,0.478354,46.3592,28.4306
7652002.0,0.826066,46.3752,32.7567
7660002.0,1.2358799999999999,46.347,37.7788
7668002.0,2.1914700000000003,46.2762,42.8813
7676002.0,2.16515,46.0805,48.2009
7684002.0,2.35337,46.1764,3.53275
7692002.0,3.18756,46.5312,8.5824
7700002.0,3.24189,46.7798,13.2594
7708002.0,3.00495,46.9985,17.9283
7716002.0,3.13068,47.1326,22.3172
7724002.0,3.04993,46.9066,27.5196
7732002.0,4.16794,47.0123,32.4665
7740002.0,4.937130000000001,46.8464,37.2715
7748002.0,5.66666,46.9258,42.3741
7756002.0,5.91568,46.9555,47.2141
7764002.0,5.9560900000000006,46.9417,2.70119
7772002.0,5.9023,47.0159,7.691439999999999
7780002.0,5.91805,46.9532,12.5899
7788002.0,5.92765,47.0196,17.3371
7796002.0,6.01243,47.0187,22.3709
7804002.0,6.35615,47.062,27.0439
7812002.0,6.81302,47.1565,31.9023
7820002.0,7.1712,47.1427,36.5883
7828002.0,7.92037,47.1678,41.8126
7836002.0,7.89601,47.0913,46.9373
7844002.0,8.12855,47.2608,1.92472
7852002.0,8.04922,47.3889,6.89353
7860002.0,8.30883,47.3394,11.6846
7868002.0,8.52745,47.348,16.5084
7876002.0,8.80717,47.4217,21.5666
7884002.0,8.66583,47.2514,26.6441
7892002.0,9.26431,47.2443,31.7657
7900002.0,9.53605,47.3214,36.6868
7908002.0,9.80715,47.2475,41.4603
7916002.0,9.71394,47.1876,46.2787
7924002.0,9.794189999999999,47.1586,1.63239
7932002.0,9.96832,47.1341,6.2095400000000005
7940002.0,9.90835,47.0229,11.110999999999999
7948002.0,9.94029,46.9894,15.7478
7956002.0,10.1341,46.9467,20.1596
7964002.0,10.1916,46.9751,25.1802
7972002.0,9.93165,46.8509,30.2042
7980002.0,9.903360000000001,46.873999999999995,35.1511
7988002.0,9.95796,46.8785,39.7
7996002.0,10.0226,46.8545,43.6339
