2.0,3.8448300000000004,30.3297,2.1180000000000003
8002.0,8.58297,29.9725,5.51126
16002.0,10.5047,30.3418,9.4347
24002.0,10.1051,30.0782,14.2149
32002.0,10.686,30.1982,18.0863
40002.0,11.5541,30.0068,22.3208
48002.0,12.3257,30.1366,26.6432
56002.0,12.0514,30.0353,30.9594
64002.0,10.4664,30.0537,34.3779
72002.0,11.4007,29.9183,36.7712
80002.0,12.0045,30.2754,39.1488
88002.0,13.0066,30.6959,43.7421
96002.0,13.5624,30.9142,47.545
104002.0,13.6105,31.5105,1.31413
112002.0,13.9464,31.5465,3.45163
120002.0,14.5104,32.0413,6.22023
128002.0,15.1326,32.0759,10.2309
136002.0,16.1916,32.7626,14.9005
144002.0,16.6723,32.9905,17.8464
152002.0,17.9361,33.4582,21.6341
160002.0,21.9075,33.2424,24.9362
168002.0,22.5626,32.5514,29.2905
176002.0,22.1605,32.4925,32.7717
184002.0,23.3393,32.6793,36.0273
192002.0,23.7397,32.3265,40.6279
200002.0,24.764,32.1478,45.1428
208002.0,25.613000000000003,31.733,48.8431
216002.0,26.2938,31.7354,3.98812
224002.0,26.3723,31.9053,8.398019999999999
232002.0,27.1636,32.0216,13.9394
240002.0,27.8271,32.102,18.6624
248002.0,28.3941,31.9116,23.1853
256002.0,29.2512,31.6873,28.201
264002.0,29.7675,31.3071,33.6002
272002.0,31.206,30.8647,38.4746
280002.0,32.6577,30.3657,42.4628
288002.0,33.0978,30.4062,48.1468
296002.0,33.4169,30.3296,3.17853
304002.0,35.5157,30.1942,7.72646
312002.0,37.9089,30.5449,11.2944
320002.0,39.5259,30.8465,15.8413
328002.0,41.3167,30.9303,20.9239
336002.0,43.278,30.5867,25.5961
344002.0,43.5123,30.5646,30.6503
352002.0,43.5784,29.5995,33.8538
360002.0,44.7205,30.3088,36.3405
368002.0,45.8107,29.0251,41.3296
376002.0,44.7691,28.7789,45.7755
384002.0,46.1646,28.8735,49.4929
392002.0,46.7585,29.1548,4.55722
400002.0,47.2834,29.2412,8.9391
408002.0,47.5721,29.0938,13.1614
416002.0,47.7107,28.7925,17.1162
424002.0,48.9156,28.8242,21.6705
432002.0,0.00531224,28.6888,25.5688
440002.0,0.0408302,28.6391,30.9936
448002.0,0.27620900000000004,28.6745,35.2126
456002.0,0.7445189999999999,28.6649,39.0317
464002.0,1.63124,29.1991,42.0218
472002.0,2.32076,29.1757,47.3059
480002.0,2.97684,29.1312,2.28536
488002.0,3.32758,29.1382,6.58874
496002.0,4.6859,29.2253,11.0858
504002.0,4.6746300000000005,28.2624,15.9716
512002.0,5.34277,27.5107,20.7786
520002.0,5.92813,27.2246,24.7822
528002.0,5.7025,27.4827,29.7295
536002.0,6.51959,27.2712,34.1069
544002.0,8.612860000000001,27.1433,38.2531
552002.0,10.8157,26.3714,41.3588
560002.0,12.5456,26.4427,45.3515
568002.0,13.0068,26.5749,48.7584
576002.0,13.542,26.7759,4.55894
584002.0,14.095,26.8027,9.21697
592002.0,15.6623,26.3152,12.1138
600002.0,16.0924,27.041,16.6075
608002.0,16.9266,27.4236,19.9068
616002.0,18.7115,27.1045,22.8126
624002.0,19.4009,26.9068,27.6031
632002.0,20.3627,26.884,32.1506
640002.0,22.5401,26.2308,35.1534
648002.0,23.5813,25.3124,36.7284
656002.0,23.5656,26.27,40.6021
664002.0,24.1218,26.1769,44.4528
672002.0,24.4569,25.9499,49.0848
680002.0,24.9154,25.9968,3.7793699999999997
688002.0,25.414,25.9421,8.65279
696002.0,26.0122,25.9867,12.3349
704002.0,26.3149,26.5367,17.2687
712002.0,27.2395,26.7532,22.3151
720002.0,27.8531,26.4847,26.0976
728002.0,27.7306,27.179000000000002,30.5869
736002.0,27.4007,27.5458,34.2873
744002.0,27.8311,27.3891,38.0799
752002.0,27.9833,27.8835,42.6825
760002.0,28.615,27.7209,47.5498
768002.0,28.7744,27.8031,1.76997
776002.0,29.2977,27.8365,7.349010000000001
784002.0,29.1547,27.6641,10.9108
792002.0,30.1935,28.1292,14.5015
800002.0,30.006999999999998,28.4734,18.3394
808002.0,30.4944,27.8679,21.3896
816002.0,31.1097,27.6649,25.4212
824002.0,31.8496,27.6865,28.8794
832002.0,32.9199,27.5308,33.2556
840002.0,33.1988,27.305,36.4647
848002.0,34.4419,27.5621,40.9574
856002.0,36.959,27.6511,44.8407
864002.0,38.3959,27.5141,47.7702
872002.0,37.9225,26.8947,1.83266
880002.0,38.1363,26.9161,5.894369999999999
888002.0,39.5579,27.1183,9.577010000000001
896002.0,40.3667,27.7926,12.5859
904002.0,40.9496,27.6144,17.4128
912002.0,41.8699,28.6557,19.5116
920002.0,42.4385,28.3704,22.86
928002.0,42.5646,27.6387,26.815
936002.0,43.0879,27.6558,29.2632
944002.0,43.7392,26.191,32.6312
952002.0,46.181999999999995,26.279,36.5913
960002.0,46.5594,26.3157,40.9345
968002.0,47.0047,26.3048,44.7578
976002.0,49.1179,27.2947,47.6294
984002.0,2.76237,25.0889,2.92042
992002.0,48.57,25.2199,4.3205
1000002.0,48.7882,26.999000000000002,8.48968
1008002.0,48.8659,27.7112,12.6502
1016002.0,48.4872,26.9223,16.9558
1024002.0,49.4655,27.5065,20.7869
1032002.0,2.94325,27.1579,22.7486
1040002.0,4.125,27.3513,27.0853
1048002.0,4.4789,27.123,31.2211
1056002.0,4.502680000000001,27.0584,34.7452
1064002.0,5.3827300000000005,27.2623,39.6166
1072002.0,6.07324,27.3178,44.2702
1080002.0,6.81685,27.504,48.5465
1088002.0,7.5545,27.5644,3.00117
1096002.0,8.33912,27.531999999999996,7.72615
1104002.0,8.91041,27.279,11.912
1112002.0,9.098180000000001,27.3536,16.8753
1120002.0,9.60036,27.1276,21.52
1128002.0,10.7196,27.2089,25.9059
1136002.0,11.5981,27.2029,30.2686
1144002.0,12.2933,26.8171,33.6309
1152002.0,13.5306,26.2703,37.8253
1160002.0,14.0159,26.0317,41.9993
1168002.0,15.0607,25.6016,45.6943
1176002.0,15.9246,25.0089,0.1714
1184002.0,16.6391,25.206,4.07289
1192002.0,17.2084,25.4197,7.260860000000001
1200002.0,18.119,25.1419,11.3774
1208002.0,20.0212,25.3951,14.8648
1216002.0,21.5515,25.5707,17.7169
1224002.0,22.1086,25.7538,22.4518
1232002.0,22.7957,25.9616,26.718000000000004
1240002.0,23.1891,26.025,31.3846
1248002.0,23.4859,25.6266,36.8194
1256002.0,24.5393,25.4812,40.5835
1264002.0,24.8242,25.6395,45.8895
1272002.0,25.2533,25.6415,2.56447
1280002.0,27.3483,25.8908,7.45109
1288002.0,27.8105,26.5188,10.4582
1296002.0,28.0064,26.4176,14.8303
1304002.0,29.4499,26.3408,18.2797
1312002.0,31.3951,25.2038,23.8688
1320002.0,34.2178,24.2651,29.1803
1328002.0,34.1573,24.0991,33.0463
1336002.0,35.6136,22.9152,35.7707
1344002.0,37.2946,22.7514,36.2407
1352002.0,39.1893,23.1158,41.2136
1360002.0,40.1001,21.4632,43.9663
1368002.0,41.7516,22.3334,44.9327
1376002.0,42.9768,22.7861,0.9055700000000001
1384002.0,43.7602,23.2553,3.57879
1392002.0,44.42,22.0577,7.3529800000000005
1400002.0,45.4606,22.8151,13.4898
1408002.0,47.7691,23.3751,16.5283
1416002.0,46.9391,21.6902,18.236
1424002.0,46.8909,21.5465,22.3659
1432002.0,47.8669,22.7675,26.4592
1440002.0,0.46103999999999995,23.5476,30.5805
1448002.0,0.980217,22.326999999999998,33.9389
1456002.0,2.4344099999999997,22.144000000000002,37.2719
1464002.0,2.62102,21.9038,40.6657
1472002.0,2.77204,22.0818,44.5163
1480002.0,3.1734,21.5243,47.5918
1488002.0,3.39636,21.5985,1.3925
1496002.0,3.9668,21.7341,5.30997
1504002.0,5.3373099999999996,21.7486,9.351189999999999
1512002.0,7.09393,21.605999999999998,14.4306
1520002.0,7.59207,21.2828,18.3609
1528002.0,8.88291,21.6562,23.5171
1536002.0,9.587110000000001,21.69,27.1806
1544002.0,10.5918,22.0617,31.9169
1552002.0,12.9494,22.1575,35.3048
1560002.0,14.0037,22.5217,40.5537
1568002.0,14.7173,22.3319,44.8529
1576002.0,14.75,22.3748,49.3813
1584002.0,15.0768,22.0412,4.90414
1592002.0,15.1456,21.5059,9.15232
1600002.0,16.4819,21.646,13.1662
1608002.0,16.3033,21.8399,17.8988
1616002.0,17.3747,21.7881,21.3321
1624002.0,18.3254,21.9451,25.9188
1632002.0,18.7066,21.5831,29.6959
1640002.0,20.2234,20.6701,34.1695
1648002.0,20.9134,20.5307,36.7108
1656002.0,21.4125,20.7144,40.8231
1664002.0,22.5869,19.8563,44.7142
1672002.0,23.1258,19.3605,48.3708
1680002.0,24.1322,19.0116,3.61309
1688002.0,24.7143,18.8482,8.0802
1696002.0,25.8547,18.8733,13.0928
1704002.0,27.4321,19.2007,17.5849
1712002.0,26.943,19.1504,21.6913
1720002.0,29.0046,19.497,24.4516
1728002.0,31.0249,18.1422,27.945
1736002.0,31.5781,18.6395,31.1557
1744002.0,32.5519,18.6447,35.2045
1752002.0,32.4838,18.1002,37.9966
1760002.0,33.4751,18.209,42.4311
1768002.0,34.3362,18.1304,44.2704
1776002.0,34.8764,18.6013,48.2404
1784002.0,34.8465,18.4048,2.15781
1792002.0,35.3534,18.3761,5.2275599999999995
1800002.0,36.8141,17.8299,9.23547
1808002.0,38.1678,18.2943,12.4845
1816002.0,39.2356,18.5385,14.4003
1824002.0,39.3774,18.782,17.4161
1832002.0,40.1184,19.2237,20.5828
1840002.0,42.7807,18.9881,22.3964
1848002.0,43.0708,19.2177,25.4077
1856002.0,44.1792,19.2636,28.0406
1864002.0,45.3301,19.6774,30.858
1872002.0,46.9249,20.1658,32.911
1880002.0,48.581,20.2867,36.2474
1888002.0,0.863575,20.563000000000002,39.7421
1896002.0,1.80699,20.6682,43.1879
1904002.0,2.21634,20.4727,46.7782
1912002.0,2.92963,20.441,0.9715159999999999
1920002.0,2.81695,20.5467,5.27105
1928002.0,5.09149,20.4036,9.160839999999999
1936002.0,5.147069999999999,20.0278,13.0678
1944002.0,5.0877,19.8298,17.1333
1952002.0,5.3141300000000005,19.6907,21.6413
1960002.0,4.85685,19.7685,25.5879
1968002.0,5.2552900000000005,19.6025,29.1846
1976002.0,5.167590000000001,19.7157,32.8966
1984002.0,4.91541,19.1235,36.851
1992002.0,5.059830000000001,19.5579,41.1326
2000002.0,5.82065,19.3051,44.7412
2008002.0,6.23367,19.4478,48.7961
2016002.0,7.490410000000001,19.4717,3.7344199999999996
2024002.0,7.645989999999999,19.5306,6.01877
2032002.0,8.01349,19.4583,8.224269999999999
2040002.0,9.62673,19.6161,11.5712
2048002.0,10.7211,19.956,15.9624
2056002.0,11.9191,20.1753,18.2655
2064002.0,12.9835,20.2095,21.171
2072002.0,15.2947,20.2897,23.5433
2080002.0,16.2366,20.3339,26.4822
2088002.0,18.2763,20.7076,28.2281
2096002.0,19.6926,21.5353,31.7289
2104002.0,21.3512,21.6358,33.5514
2112002.0,22.5669,21.6979,38.1104
2120002.0,22.794,21.4739,42.8218
2128002.0,23.21,21.8194,45.1396
2136002.0,24.2828,22.1795,48.261
2144002.0,24.918000000000003,22.1208,2.80238
2152002.0,25.485,22.2323,5.61514
2160002.0,25.8856,22.1741,9.11375
2168002.0,27.0828,22.455,12.8915
2176002.0,27.3128,23.1511,16.5618
2184002.0,28.319000000000003,23.4864,19.1263
2192002.0,28.7858,24.1701,21.339000000000002
2200002.0,28.5743,24.4288,24.7311
2208002.0,29.3582,24.6582,28.4186
2216002.0,30.8835,24.7477,31.0236
2224002.0,30.8231,24.5173,35.5603
2232002.0,31.3542,24.6746,39.2234
2240002.0,32.7417,24.8329,43.1116
2248002.0,33.5956,24.9759,47.2039
2256002.0,33.3623,24.9017,0.0391449
2264002.0,33.6059,24.6921,2.55788
2272002.0,34.2384,24.7803,6.4804699999999995
2280002.0,35.1645,24.504,9.88258
2288002.0,35.3996,24.3223,14.4253
2296002.0,36.5252,24.3569,19.7202
2304002.0,37.9097,24.6309,23.5694
2312002.0,36.1034,24.7199,29.729
2320002.0,38.2524,25.1366,33.5577
2328002.0,39.4195,25.4075,38.1444
2336002.0,39.6368,25.5993,42.0643
2344002.0,40.4923,25.0861,46.7484
2352002.0,40.4332,24.995,1.4703
2360002.0,41.3792,24.7766,5.5436
2368002.0,41.3146,24.8491,10.4238
2376002.0,40.1196,24.6878,14.585
2384002.0,40.8397,24.8943,18.5758
2392002.0,41.303000000000004,24.8661,22.7501
2400002.0,42.058,24.0305,27.0074
2408002.0,41.9238,23.7752,31.3345
2414002.0,43.2782,23.4494,35.2123
2422002.0,45.9022,23.5495,41.1932
2430002.0,0.6979270000000001,23.9985,44.0253
2438002.0,4.68136,23.8185,49.1924
2446002.0,6.88059,23.8418,3.6916300000000004
2454002.0,7.63052,24.3033,7.459460000000001
2462002.0,9.189969999999999,23.8651,11.3712
2470002.0,10.3896,23.0493,14.0759
2478002.0,11.5647,23.1101,17.3722
2486002.0,12.9787,22.8613,20.4375
2494002.0,14.0351,22.7093,23.5321
2502002.0,14.2767,22.8319,26.4757
2510002.0,16.2867,22.9824,30.5435
2518002.0,16.6911,22.6735,33.6129
2526002.0,18.9099,22.6723,36.4445
2534002.0,20.7953,22.406999999999996,39.6524
2542002.0,20.9659,22.0751,43.8481
2550002.0,21.311,21.5755,48.2098
2558002.0,22.7071,22.037,1.21369
2566002.0,24.1829,22.0548,4.17146
2574002.0,25.5066,22.1237,6.868010000000001
2582002.0,25.7818,22.2142,9.14073
2590002.0,28.1335,22.4034,12.7993
2598002.0,29.7776,22.6778,17.2191
2606002.0,29.8991,22.6441,21.3356
2614002.0,30.945,22.4565,24.6011
2622002.0,31.256,22.7913,27.8365
2630002.0,31.9091,22.8858,31.3973
2638002.0,32.1954,23.0469,35.1509
2646002.0,32.6506,23.4842,40.0297
2654002.0,33.6789,23.268,44.0006
2662002.0,34.6556,22.2736,46.7872
2670002.0,35.2164,22.0346,1.03233
2678002.0,36.3615,22.5105,6.3899
2686002.0,39.1267,23.0441,9.89385
2694002.0,40.3819,23.5341,11.065999999999999
2702002.0,41.1491,23.3077,14.5228
2710002.0,41.8337,23.3879,19.1676
2718002.0,43.388000000000005,23.2541,23.1526
2726002.0,44.2508,23.6307,24.9872
2734002.0,44.452,23.2162,29.4297
2742002.0,46.3693,23.689,33.4051
2750002.0,47.36600000000001,23.9163,38.0123
2758002.0,48.3953,23.0717,42.1053
2766002.0,48.7995,22.8021,46.7846
2774002.0,49.456,22.8373,0.394912
2782002.0,0.27472199999999997,22.9712,4.7
2790002.0,0.64326,22.6193,9.08835
2798002.0,1.1245399999999999,22.5,13.3798
2806002.0,2.80575,22.2394,17.4301
2814002.0,2.70388,22.2843,22.3521
2822002.0,3.5913699999999995,22.2997,27.2864
2830002.0,4.54369,22.0403,30.5886
2838002.0,5.69756,22.0948,34.154
2846002.0,7.98111,21.6602,37.1675
2854002.0,9.06906,21.0673,41.7809
2862002.0,10.1018,21.2453,45.7725
2870002.0,10.421,20.8586,48.3207
2878002.0,11.5609,21.2567,2.03594
2886002.0,11.6443,21.2114,5.7326
2894002.0,12.8803,21.3544,8.80063
2902002.0,14.0952,21.5963,12.578
2910002.0,14.6289,21.9867,16.1482
2918002.0,14.7223,22.8393,19.5342
2926002.0,14.9293,21.616999999999997,25.2515
2934002.0,15.6392,21.9311,29.8074
2942002.0,15.5916,22.3839,34.4034
2950002.0,15.9598,23.0655,38.8409
2958002.0,16.3261,23.1133,43.0717
2966002.0,17.1093,23.0039,47.2387
2974002.0,17.1412,22.8288,1.11459
2982002.0,18.1262,22.7534,5.55693
2990002.0,19.1086,22.7018,9.637830000000001
2998002.0,19.6043,22.8366,13.812999999999999
3006002.0,21.2881,23.1628,16.7639
3014002.0,22.3892,22.7582,20.7341
3022002.0,24.2042,22.1737,23.608
3030002.0,25.9267,23.3025,29.4405
3038002.0,26.6744,23.9663,32.5037
3046002.0,26.4545,24.660999999999998,39.2078
3054002.0,28.3336,25.5929,43.2566
3062002.0,28.6416,26.0182,46.8245
3070002.0,29.7662,26.6417,1.92798
3078002.0,29.689,26.7409,5.45926
3086002.0,30.4436,26.9655,9.88435
3094002.0,31.3747,27.1348,14.3581
3102002.0,32.2888,27.3777,18.3603
3110002.0,33.6543,27.859,22.7416
3118002.0,34.8057,27.6494,27.06
3126002.0,35.2876,28.1681,32.2052
3134002.0,36.73,28.3637,37.3132
3142002.0,37.0131,28.291999999999998,42.1279
3150002.0,38.5389,27.546,46.157
3158002.0,41.926,27.8241,0.636959
3166002.0,42.4001,27.6497,3.7364300000000004
3174002.0,43.5282,27.4444,6.56234
3182002.0,45.0553,27.3396,10.8262
3190002.0,47.208,27.1056,14.5954
3198002.0,48.1719,26.9842,18.7952
3206002.0,1.1614799999999998,27.0769,22.0641
3214002.0,2.40658,27.1898,24.5697
3222002.0,5.37948,27.5266,29.0367
3230002.0,6.81493,27.002,33.2609
3238002.0,7.73515,27.2765,36.9214
3246002.0,8.40848,27.068,41.1069
3254002.0,8.27636,27.3355,43.8776
3262002.0,9.17479,27.2689,47.1047
3270002.0,9.796389999999999,26.8731,2.95444
3278002.0,10.0955,25.7965,6.78028
3286002.0,11.2823,25.8011,9.14107
3294002.0,11.3384,25.9794,11.9285
3302002.0,11.81,25.9235,16.8793
3310002.0,12.561,26.1756,19.2711
3318002.0,13.0826,26.4426,22.8816
3326002.0,14.5414,26.7426,26.2767
3334002.0,15.8829,26.4116,30.7842
3342002.0,17.4475,25.7591,34.9395
3350002.0,18.7396,25.4949,38.4288
3358002.0,20.8417,25.5494,43.0556
3366002.0,24.0778,25.6921,47.8937
3374002.0,25.2793,25.2621,2.91087
3382002.0,26.3992,25.2894,7.70815
3390002.0,28.3912,25.2905,10.8968
3398002.0,29.5666,25.958000000000002,14.9707
3406002.0,30.844,26.199,19.5316
3414002.0,33.1441,26.121,23.8123
3422002.0,35.4454,26.6894,27.6526
3430002.0,38.1427,26.4023,32.4139
3438002.0,39.4357,25.496,36.0678
3446002.0,38.4791,27.4531,38.959
3454002.0,38.9401,26.8516,43.2162
3462002.0,38.7031,27.287,47.1969
3470002.0,39.0907,27.8301,2.5837
3478002.0,39.8211,27.7566,7.310960000000001
3486002.0,39.833,27.7369,11.7788
3494002.0,40.7196,27.7563,16.8872
3502002.0,40.9917,27.0503,21.8816
3510002.0,41.3961,26.9463,27.0088
3518002.0,41.5398,26.8249,30.9404
3526002.0,41.6233,27.0642,35.3506
3534002.0,41.3829,27.03,39.6509
3542002.0,41.0469,26.8005,44.1655
3550002.0,40.9993,26.7655,48.1398
3558002.0,41.2865,26.3424,3.01378
3566002.0,41.4308,26.5226,7.41575
3574002.0,41.629,26.4599,12.532
3582002.0,41.9192,26.545,17.5529
3590002.0,42.2678,26.5722,22.1563
3598002.0,42.7479,26.2661,26.6961
3606002.0,43.4911,26.6399,31.3266
3614002.0,44.0843,26.9954,34.4897
3622002.0,45.1229,26.7728,38.4889
3630002.0,45.0428,26.9653,43.1323
3638002.0,45.2556,26.9771,48.2486
3646002.0,46.2619,26.8263,3.12996
3654002.0,46.8612,27.0434,7.390510000000001
3662002.0,47.6279,26.9199,11.8356
3670002.0,47.9298,26.5434,15.8436
3678002.0,48.0461,26.4125,21.0246
3686002.0,49.4927,26.3189,25.7007
3694002.0,0.290175,26.0787,29.6867
3702002.0,0.486202,25.6448,34.7262
3710002.0,0.555545,25.5053,39.1525
3718002.0,0.315709,25.6275,42.893
3726002.0,49.4763,25.8504,46.5503
3734002.0,0.49087200000000003,26.185,2.02127
3742002.0,0.938722,26.1912,5.916
3750002.0,1.67094,26.369,9.20866
3758002.0,3.82277,26.0221,13.3613
3766002.0,5.42133,25.6261,16.8071
3774002.0,7.34139,25.8623,21.8586
3782002.0,8.11117,26.0934,25.6024
3790002.0,9.115089999999999,25.9141,29.9971
3798002.0,9.61169,25.8596,32.9737
3806002.0,10.3534,26.0698,37.0804
3814002.0,11.2946,25.9756,40.2259
3822002.0,12.2276,25.4781,44.3136
3830002.0,12.5148,25.2575,48.2981
3838002.0,13.2435,25.1459,3.93224
3846002.0,13.7918,25.1652,8.66882
3854002.0,14.0299,25.3719,13.4142
3862002.0,14.1427,24.6584,18.0881
3870002.0,15.1616,24.796,22.8297
3878002.0,15.8352,25.0764,27.6822
3886002.0,16.3067,25.2358,31.245
3894002.0,17.2764,25.2406,35.0168
3902002.0,18.396,25.8377,39.8156
3910002.0,19.5862,26.0005,44.3884
3918002.0,21.7103,25.7414,49.3737
3926002.0,23.4528,26.016,3.7023900000000003
3934002.0,24.6432,25.8862,7.688089999999999
3942002.0,25.5107,26.1124,12.1014
3950002.0,26.2875,26.0121,16.6828
3958002.0,27.0767,25.8216,21.6287
3966002.0,28.066999999999997,25.7668,25.6109
3974002.0,29.4079,25.1732,29.7468
3982002.0,29.6819,25.1848,32.827
3990002.0,30.6091,25.9259,36.5172
3998002.0,32.0539,26.5813,39.7587
4006002.0,33.5299,27.3335,43.3348
4014002.0,34.5982,27.4465,47.1364
4022002.0,35.8198,27.4747,0.768251
4030002.0,35.7747,27.2437,4.70052
4038002.0,37.1754,27.0425,7.5906
4046002.0,38.9627,26.794,10.8413
4054002.0,39.6361,26.9224,15.4532
4062002.0,41.5291,26.8084,20.6756
4070002.0,41.7608,26.3302,23.5279
4078002.0,41.8993,26.3026,28.2158
4086002.0,43.4679,25.9823,31.8801
4094002.0,44.5526,26.22,35.5051
4102002.0,44.9396,26.5446,39.8854
4110002.0,45.3931,26.9674,44.2481
4118002.0,46.285,27.0413,47.501999999999995
4126002.0,47.2416,27.1148,2.6239999999999997
4134002.0,47.5278,27.3581,5.2748800000000005
4142002.0,48.1688,27.1196,9.19667
4150002.0,49.3797,27.0218,14.1077
4158002.0,1.3897899999999999,27.0322,18.5439
4166002.0,2.55029,26.9329,22.6544
4174002.0,4.21082,26.9478,26.7161
4182002.0,5.03981,27.1681,30.7464
4190002.0,6.40342,27.2119,34.781
4198002.0,7.87418,27.4596,39.2392
4206002.0,9.45322,27.666,43.9696
4214002.0,10.7669,27.96,49.443000000000005
4222002.0,11.902000000000001,28.1348,5.27502
4230002.0,13.224,28.4383,9.69484
4238002.0,15.4593,28.5186,15.1539
4246002.0,17.9125,28.7491,19.1376
4254002.0,20.9366,28.846999999999998,25.1143
4262002.0,22.0318,28.9273,30.1962
4270002.0,22.5472,28.8556,34.108000000000004
4278002.0,23.7879,28.7198,39.2139
4286002.0,24.58,28.3065,43.7504
4294002.0,26.0335,28.9677,47.6789
4302002.0,26.3871,28.0818,1.82611
4310002.0,27.2227,27.715,6.65291
4318002.0,27.4913,27.6006,10.4178
4326002.0,27.3559,27.2696,14.5919
4334002.0,27.9341,27.2951,18.4217
4342002.0,28.6393,26.9093,22.4187
4350002.0,28.6609,26.2233,26.7081
4358002.0,27.6515,25.6073,30.3661
4366002.0,27.9622,24.4166,33.3598
4374002.0,29.2486,24.1707,36.9413
4382002.0,30.2979,24.2071,40.5383
4390002.0,31.1341,24.3027,44.8225
4398002.0,31.2916,24.3903,0.97946
4406002.0,31.9895,24.983,5.80069
4414002.0,32.2475,25.4224,10.0185
4422002.0,32.7125,25.3201,14.4561
4430002.0,32.7426,25.9011,19.1647
4438002.0,33.4025,27.4995,25.2244
4446002.0,28.7123,28.553,31.6066
4454002.0,29.3323,28.6556,36.5754
4462002.0,30.2266,29.3562,41.1918
4470002.0,32.887,31.1491,44.6848
4478002.0,33.6541,31.5304,47.6471
4486002.0,34.738,31.2838,2.4955
4494002.0,35.0296,31.4295,6.62668
4502002.0,35.5019,31.6698,11.9015
4510002.0,35.7384,32.2813,15.2454
4518002.0,36.0556,31.9769,18.4488
4526002.0,36.7204,31.8688,23.1879
4534002.0,36.9562,31.6635,27.0215
4542002.0,37.1695,31.5891,30.5746
4550002.0,37.8114,31.5893,34.6939
4558002.0,38.4875,30.863000000000003,38.9582
4566002.0,38.6647,30.7504,43.8272
4574002.0,40.6146,30.5548,48.2508
4582002.0,41.7882,30.5196,2.86869
4590002.0,44.0552,30.0684,6.16742
4598002.0,45.8251,30.0308,10.9176
4606002.0,47.224,30.0863,14.1689
4614002.0,47.9312,30.2996,17.5826
4622002.0,47.8047,30.427,20.1588
4630002.0,47.8724,30.5359,22.8882
4638002.0,48.6836,30.5868,25.717
4646002.0,49.2752,30.1229,30.2216
4654002.0,49.4495,30.3073,33.3636
4662002.0,1.75643,30.0448,36.7625
4670002.0,2.61884,30.0172,40.5813
4678002.0,3.1558200000000003,29.706,44.7215
4686002.0,4.280469999999999,29.5936,48.7362
4694002.0,5.58162,29.0959,4.14975
4702002.0,6.5808,29.1715,7.092219999999999
4710002.0,8.70102,28.7137,10.3206
4718002.0,9.715110000000001,28.7477,14.0384
4726002.0,9.799610000000001,28.2181,17.5945
4734002.0,11.6454,28.5993,21.3775
4742002.0,12.3462,28.5099,25.2161
4750002.0,13.2158,28.0077,28.9411
4758002.0,13.8725,28.092,32.1368
4760002.0,13.8934,28.0007,32.8437
4768002.0,13.3222,28.0018,38.2798
4776002.0,15.2158,27.7632,40.6876
4784002.0,17.4872,27.0616,45.2731
4792002.0,18.4999,26.5423,47.9788
4800002.0,19.3762,26.6089,2.05614
4808002.0,20.4836,26.5667,6.139130000000001
4816002.0,22.9553,25.9292,9.50184
4824002.0,25.0957,25.8346,12.7946
4832002.0,27.2137,25.7065,16.4873
4840002.0,28.3801,25.7222,20.6309
4848002.0,29.8443,26.0144,23.8387
4856002.0,32.7102,26.0662,28.4799
4864002.0,33.0,26.2368,33.3984
4872002.0,35.8206,26.1163,37.0823
4880002.0,36.1489,26.8506,40.2423
4888002.0,36.7723,26.9366,43.4354
4896002.0,39.1315,27.2662,47.2807
4904002.0,41.485,27.2796,49.0852
4912002.0,43.3522,27.3949,2.40981
4920002.0,46.7563,27.0288,5.3857
4928002.0,49.0506,26.4766,8.79686
4936002.0,0.911647,26.2124,13.1558
4944002.0,1.7323099999999998,25.5838,15.9704
4952002.0,3.25287,25.6207,20.6891
4960002.0,3.26913,25.9087,24.548000000000002
4968002.0,3.91943,26.3082,28.5095
4976002.0,5.20915,25.9721,32.7374
4984002.0,5.87415,25.9998,37.1991
4992002.0,7.16438,26.0491,40.457
5000002.0,8.4346,26.5486,44.1656
5008002.0,9.166080000000001,26.6746,48.6199
5016002.0,9.35542,26.6533,2.1701099999999998
5024002.0,9.788789999999999,26.6627,5.9806
5032002.0,10.412,26.8004,10.3868
5040002.0,12.5249,26.81,14.8392
5048002.0,13.0806,26.9338,17.7813
5056002.0,14.5157,27.1737,21.5583
5064002.0,17.2224,26.9868,25.495
5072002.0,20.4134,26.5234,28.565
5080002.0,21.8221,26.1454,33.4044
5088002.0,23.2972,26.4451,38.6802
5096002.0,26.3653,26.2118,43.7022
5104002.0,28.308000000000003,26.4153,48.3408
5112002.0,29.3064,26.1663,3.21113
5120002.0,30.4636,26.0582,8.578439999999999
5128002.0,32.3184,26.0674,14.2186
5136002.0,33.1607,25.7266,18.3287
5144002.0,34.8555,25.353,22.9069
5152002.0,35.6943,25.3672,27.7587
5160002.0,36.7276,25.1382,32.874
5168002.0,37.0713,25.4668,38.0641
5176002.0,37.7324,25.3661,42.9045
5184002.0,38.3805,25.2999,47.2137
5192002.0,39.0088,24.828000000000003,1.36625
5200002.0,39.7966,24.8001,5.52341
5208002.0,40.5704,24.2624,8.25163
5216002.0,41.5492,23.7161,12.2938
5224002.0,42.395,24.1218,16.3034
5232002.0,43.3932,23.9569,20.5949
5240002.0,44.2341,23.8732,25.1617
5248002.0,44.8898,23.4875,28.3967
5256002.0,45.0309,23.1199,30.9503
5264002.0,46.3643,23.0069,35.1428
5272002.0,47.7937,23.0738,38.916
5280002.0,49.0689,23.1336,43.8419
5288002.0,48.9403,23.3893,47.1655
5296002.0,0.0275159,23.3477,2.25123
5304002.0,1.14232,23.3195,7.3514800000000005
5312002.0,3.55079,23.2754,11.6472
5320002.0,3.2820699999999996,23.2349,15.8024
5328002.0,3.1653,23.0855,19.0449
5336002.0,4.74706,22.791999999999998,23.4651
5344002.0,6.351459999999999,22.7208,27.4617
5352002.0,6.793489999999999,22.8949,31.4796
5360002.0,6.769710000000001,22.4332,34.2043
5368002.0,8.53668,22.4949,38.9697
5376002.0,9.50698,22.3706,42.3397
5384002.0,10.6154,22.5494,46.7075
5392002.0,10.4112,22.623,49.126000000000005
5400002.0,10.533,22.7874,3.10005
5408002.0,10.3086,23.4758,6.742039999999999
5416002.0,11.3657,24.0072,10.6141
5424002.0,11.7262,23.8595,14.9156
5432002.0,12.432,23.9473,19.5631
5440002.0,13.7242,24.2613,22.0994
5448002.0,13.3963,24.8794,24.9569
5456002.0,13.5689,25.1686,29.9756
5464002.0,13.943,25.1123,34.2297
5472002.0,13.2245,25.2572,39.4538
5480002.0,14.2383,25.8027,43.3477
5488002.0,15.2228,25.965,47.0171
5496002.0,16.5766,26.2563,1.61095
5504002.0,16.8223,26.1889,5.646730000000001
5512002.0,17.8075,26.6232,9.48744
5520002.0,18.8969,26.7311,13.7424
5528002.0,20.5713,26.5817,17.4585
5536002.0,21.3789,26.3808,20.5801
5544002.0,21.8335,25.9454,23.7502
5552002.0,22.706999999999997,26.0335,27.7031
5560002.0,23.3541,26.6406,32.9761
5568002.0,24.7127,26.6529,37.0025
5576002.0,25.3363,26.3318,39.527
5584002.0,25.8087,26.3348,43.9198
5592002.0,26.4625,26.6703,47.9819
5600002.0,26.6287,27.5429,3.19442
5608002.0,27.2198,27.8239,6.48249
5616002.0,27.8891,27.846,10.5686
5624002.0,28.166,27.9577,14.0821
5632002.0,29.1251,28.6036,18.5074
5640002.0,31.0428,28.9307,23.1048
5648002.0,32.4423,28.9676,28.676
5656002.0,33.1221,28.7329,33.3821
5664002.0,33.0718,28.9107,37.926
5672002.0,34.17,29.2612,41.5679
5680002.0,35.8126,29.0216,45.29
5688002.0,35.9834,29.6512,48.8457
5696002.0,36.8296,29.6906,3.21916
5704002.0,38.0819,29.8438,8.5238
5712002.0,38.2878,29.7532,13.0857
5720002.0,37.7748,29.8974,17.5578
5728002.0,37.8711,29.8519,21.6595
5736002.0,38.2889,29.9939,25.9824
5744002.0,38.753,30.1193,31.4778
5752002.0,38.9597,30.0709,36.3027
5760002.0,39.5009,30.2444,40.3421
5768002.0,41.6676,30.2853,44.6231
5776002.0,43.231,29.9398,0.539139
5784002.0,43.6798,29.98,5.4793
5792002.0,43.716,30.3445,10.0934
5800002.0,44.3494,30.6803,15.4908
5808002.0,45.8596,30.6013,19.7901
5816002.0,47.2269,30.9781,24.601999999999997
5824002.0,47.9073,31.0721,28.4422
5832002.0,48.7929,31.2926,32.1442
5840002.0,0.215342,30.8449,36.4998
5848002.0,1.8066200000000001,31.2288,40.412
5856002.0,2.6604900000000002,31.1676,46.082
5864002.0,4.16009,31.2913,1.1221700000000001
5872002.0,4.53354,31.0666,5.79674
5880002.0,4.881869999999999,30.2894,10.277000000000001
5888002.0,6.15563,29.6878,15.192
5896002.0,7.25608,29.9406,19.3354
5904002.0,8.53485,30.0386,23.6996
5912002.0,9.25548,29.7484,28.0883
5920002.0,9.50717,29.6731,33.0737
5928002.0,9.80387,29.627,37.6152
5936002.0,9.86404,29.6849,42.5113
5944002.0,10.5418,30.0705,47.299
5952002.0,11.0982,30.4014,2.65999
5960002.0,11.8552,30.1685,7.44265
5968002.0,12.4355,30.1982,11.8021
5976002.0,12.753,30.3899,16.7686
5984002.0,13.2233,30.5497,21.6128
5992002.0,13.3538,30.6173,26.8504
6000002.0,13.9958,30.6183,31.8701
6008002.0,13.6608,30.886,36.2768
6016002.0,13.0557,31.3317,40.0693
6024002.0,13.3533,31.2589,45.4589
6032002.0,13.7147,31.3681,0.452017
6040002.0,14.0192,31.9444,4.77254
6048002.0,14.6023,31.8155,8.61169
6056002.0,15.3415,31.4368,13.0676
6064002.0,16.4045,31.3831,18.4556
6072002.0,17.0942,31.5787,22.9528
6080002.0,18.0638,31.9839,27.7849
6088002.0,19.0744,31.9315,32.1224
6096002.0,19.3433,31.8631,36.917
6104002.0,20.1563,31.9413,41.4573
6112002.0,20.866999999999997,32.1178,46.2752
6120002.0,20.9975,32.4222,1.4612
6128002.0,21.0562,32.5044,6.7181
6136002.0,21.5887,32.4926,11.5535
6144002.0,22.0585,32.4118,16.3087
6152002.0,22.5952,32.954,20.898000000000003
6160002.0,22.996,32.9936,25.9908
6168002.0,24.057,32.8044,30.7509
6176002.0,24.3819,32.6277,35.9761
6184002.0,25.127,32.2226,40.3724
6192002.0,25.5045,32.3806,44.9864
6200002.0,26.2623,32.6674,49.3164
6208002.0,26.8579,32.5019,4.34676
6216002.0,27.79,33.1694,9.30919
6224002.0,28.491999999999997,33.4246,14.3933
6232002.0,29.2793,33.602,19.3254
6240002.0,30.0114,33.5102,24.4883
6248002.0,31.189,33.6554,29.2878
6256002.0,31.8588,33.6097,33.7595
6264002.0,33.1693,33.6538,38.1565
6272002.0,33.8317,33.2045,42.1843
6280002.0,34.0139,33.411,46.6286
6288002.0,33.9678,32.8868,1.96813
6296002.0,34.5028,32.708,6.25892
6304002.0,35.407,32.7464,10.2762
6312002.0,36.4114,32.4826,14.9966
6320002.0,37.5323,32.618,19.6513
6328002.0,39.2202,32.2976,25.0578
6336002.0,39.6375,32.4692,29.3243
6344002.0,40.0051,32.5273,34.5756
6352002.0,39.7272,32.5617,39.611999999999995
6360002.0,39.9414,32.1983,44.7262
6368002.0,40.6094,31.8239,49.4051
6376002.0,40.7143,32.5173,5.04601
6384002.0,40.5565,32.6528,10.0046
6392002.0,40.835,32.5981,14.4964
6400002.0,41.2829,32.9449,19.1126
6408002.0,41.5925,32.7839,24.0346
6416002.0,41.2809,32.3638,28.9084
6424002.0,41.4784,32.74,33.7371
6432002.0,41.8501,32.7733,38.9967
6440002.0,41.3796,32.6096,43.1534
6448002.0,41.1352,32.5769,47.7012
6456002.0,41.9009,32.5902,2.38475
6464002.0,42.4853,33.0996,6.68647
6472002.0,42.6628,33.3441,12.5061
6480002.0,42.5907,33.2984,17.2905
6488002.0,42.9346,33.7863,21.6243
6496002.0,42.8227,33.9877,26.4793
6504002.0,43.4531,34.156,31.3231
6512002.0,44.1952,34.1093,36.0795
6520002.0,44.5807,33.7648,39.8807
6528002.0,45.1914,33.8661,44.5613
6536002.0,45.1846,34.586,49.1486
6544002.0,45.216,34.9508,3.3123699999999996
6552002.0,45.5162,34.8015,6.984189999999999
6560002.0,46.3001,35.6697,11.985
6568002.0,46.9865,36.0729,16.2651
6576002.0,48.0932,36.1,21.5097
6584002.0,48.9738,36.0222,26.8921
6592002.0,0.05558969999999999,36.0518,32.2512
6600002.0,1.1218700000000001,36.4431,37.3178
6608002.0,1.7331900000000002,36.5981,42.5142
6616002.0,3.09537,36.7524,46.5659
6624002.0,5.12244,37.0787,1.4942600000000001
6632002.0,7.11751,37.3706,5.927230000000001
6640002.0,8.238719999999999,37.1585,10.4812
6648002.0,9.40813,36.9683,14.4697
6656002.0,10.9197,36.7927,18.8827
6664002.0,12.4252,37.0001,21.7346
6672002.0,14.4184,37.3382,26.4587
6680002.0,15.3827,37.6718,31.6352
6688002.0,15.6189,37.7015,36.3811
6696002.0,17.4071,37.2869,40.0046
6704002.0,18.3703,36.9126,44.3917
6712002.0,19.1859,36.1296,48.0001
6720002.0,20.8797,36.5992,2.4691099999999997
6728002.0,22.5862,36.2995,6.40067
6736002.0,24.0635,35.8858,10.415
6744002.0,24.4907,36.1891,15.825
6752002.0,26.2448,37.3472,21.7337
6760002.0,27.3264,37.3259,25.858
6768002.0,27.5922,37.1515,30.2417
6776002.0,27.9279,36.8253,35.1547
6784002.0,28.8054,36.6485,39.4112
6792002.0,29.0735,36.5241,43.4469
6800002.0,29.7071,35.5587,46.714
6808002.0,29.9604,35.2949,0.7067220000000001
6816002.0,30.2611,35.1752,5.13389
6824002.0,31.0351,35.2717,9.96401
6832002.0,32.4889,35.3487,14.4875
6840002.0,32.9293,35.4161,19.3038
6848002.0,33.9398,35.3582,23.9681
6856002.0,34.613,35.2934,28.8113
6864002.0,35.6418,34.7425,33.3092
6872002.0,36.3794,34.6215,37.4142
6880002.0,37.699,34.3161,41.4179
6888002.0,38.287,34.2248,45.9375
6896002.0,39.6403,34.1583,0.43571400000000005
6904002.0,41.1712,34.4179,5.312
6912002.0,44.0086,34.9679,10.0382
6920002.0,45.498000000000005,35.6718,14.5676
6928002.0,46.7154,35.8328,19.4666
6936002.0,47.2277,36.3943,22.7208
6944002.0,48.8628,36.216,26.9578
6952002.0,2.03326,36.4094,30.8748
6960002.0,3.6747300000000003,36.5338,33.9059
6968002.0,4.5948199999999995,36.4396,37.6613
6976002.0,6.17422,36.4237,42.2919
6984002.0,6.433590000000001,36.2917,46.7644
6992002.0,7.53719,36.216,1.8293099999999998
7000002.0,8.86037,36.2544,5.83691
7008002.0,10.3142,35.8154,10.3369
7016002.0,11.0528,36.2649,14.2786
7024002.0,11.1403,36.3579,18.9703
7032002.0,11.8832,36.2557,22.7251
7040002.0,12.4163,36.2571,26.9435
7048002.0,13.072000000000001,36.1706,31.5169
7056002.0,14.1995,36.1097,36.3986
7064002.0,15.6753,36.2338,40.9742
7072002.0,16.6963,36.4329,45.3656
7080002.0,16.9954,36.6647,0.0826172
7088002.0,16.7161,36.9344,5.09133
7096002.0,16.6318,37.0011,9.0516
7104002.0,17.4698,36.9997,12.8082
7112002.0,17.6425,37.0788,18.1209
7120002.0,18.8647,37.2277,23.1383
7128002.0,18.8792,37.3981,27.6257
7136002.0,19.2594,37.3607,32.3737
7144002.0,18.9273,37.2691,37.3629
7152002.0,19.5849,37.3834,42.31399999999999
7160002.0,20.5122,37.3031,47.9
7168002.0,21.0766,37.2523,2.6139799999999997
7176002.0,22.7672,37.128,7.112610000000001
7184002.0,24.0895,37.2498,11.0675
7192002.0,23.0006,37.318000000000005,15.9094
7200002.0,24.554000000000002,37.1922,20.783
7204002.0,22.4356,36.7965,23.0082
7212002.0,25.4882,36.5979,28.4853
7220002.0,26.5269,36.796,32.3971
7228002.0,27.59,37.6331,37.2583
7236002.0,28.32,37.909,41.9266
7244002.0,28.4714,37.7613,46.5399
7252002.0,28.761,38.2075,1.53452
7260002.0,29.2139,38.3828,6.02043
7268002.0,29.218000000000004,38.9467,11.37
7276002.0,30.055999999999997,38.8896,16.1076
7284002.0,29.8686,38.7718,21.1104
7292002.0,30.5716,39.1977,25.8748
7300002.0,31.4662,39.0403,30.349
7308002.0,32.3777,38.867,34.6057
7316002.0,32.8391,38.8378,38.4104
7324002.0,32.8093,39.1685,42.5419
7332002.0,33.2843,39.3374,47.0852
7340002.0,33.5612,39.3452,1.67268
7348002.0,33.7813,39.2816,5.99756
7356002.0,34.1716,39.2975,9.6585
7364002.0,34.7036,39.2976,13.2271
7372002.0,35.0144,39.2549,17.5779
7380002.0,35.3246,39.1878,21.3326
7388002.0,35.1158,39.0909,26.0858
7396002.0,35.4,39.0385,30.325
7404002.0,36.0134,38.8978,34.4267
7412002.0,36.6548,38.9683,38.5611
7420002.0,36.8449,38.9248,42.816
7428002.0,37.1012,38.9597,47.4044
7436002.0,37.0406,38.9954,2.93702
7444002.0,37.249,38.9562,7.73597
7452002.0,37.6247,38.9011,12.8853
7460002.0,37.6706,39.1,17.3942
7468002.0,37.9728,39.0467,22.3353
7476002.0,37.9746,39.2623,26.8727
7484002.0,38.4888,39.1187,31.7245
7492002.0,39.1214,39.1792,36.1265
7500002.0,39.4772,39.0217,40.4613
7508002.0,39.8319,38.9094,44.4009
7516002.0,39.7688,39.0359,49.4703
7524002.0,39.8987,39.0681,4.64262
7532002.0,39.9402,38.7466,9.27996
7540002.0,40.3005,38.3248,14.0284
7548002.0,40.4256,38.7353,17.5146
7556002.0,41.293,38.547,22.3815
7564002.0,41.7042,38.7212,26.4365
7572002.0,42.2414,38.3822,30.9311
7580002.0,42.3543,38.2927,35.4994
7588002.0,42.5042,38.2088,39.8735
7596002.0,42.9423,38.3819,44.4406
7604002.0,43.501999999999995,38.4872,49.1273
7612002.0,43.7791,38.5328,4.84035
7620002.0,44.3384,38.4988,9.53917
7628002.0,44.7936,38.5352,13.7179
7636002.0,45.3481,38.1992,17.5727
7644002.0,46.2721,37.9371,21.4693
7652002.0,46.9674,37.6141,25.4673
7660002.0,47.1774,37.6744,29.8269
7668002.0,48.7455,37.6035,34.5606
7676002.0,48.8965,37.6859,39.7329
7684002.0,49.4095,38.4354,44.2433
7692002.0,1.45164,38.1695,48.9387
7700002.0,1.61522,37.7083,4.22907
7708002.0,2.37122,36.5515,8.33605
7716002.0,3.34821,35.5839,12.4235
7724002.0,3.8561699999999997,35.6572,16.4151
7732002.0,4.9197,35.1903,21.1567
7740002.0,7.13622,35.0878,26.6129
7748002.0,7.980919999999999,35.4593,31.0159
7756002.0,9.195839999999999,35.6357,35.2746
7764002.0,9.36731,35.417,39.8403
7772002.0,9.34908,35.3338,44.4719
7780002.0,9.94876,34.8758,0.0929198
7788002.0,10.0428,34.3972,4.99907
7796002.0,10.7295,34.1567,9.36675
7804002.0,11.565,34.2483,14.0119
7812002.0,12.3069,34.1864,18.8949
7820002.0,12.9438,34.0519,23.1386
7828002.0,14.5193,33.7669,28.0923
7836002.0,15.5394,33.8343,32.9427
7844002.0,16.0516,33.6086,37.0329
7852002.0,16.269000000000002,33.7679,42.2126
7860002.0,16.6649,34.4235,46.7116
7868002.0,16.594,34.6726,2.4859
7876002.0,17.312,34.8189,7.20666
7884002.0,18.5628,34.8615,11.386
7892002.0,19.6276,34.8916,15.9565
7900002.0,19.9654,35.1719,20.5929
7908002.0,20.2899,34.6942,24.923000000000002
7916002.0,20.3974,34.5668,29.3263
7924002.0,20.5039,34.7022,33.8005
7932002.0,21.1846,35.6332,37.6666
7940002.0,21.4655,36.1599,41.9612
7948002.0,21.9979,36.3941,46.2913
7956002.0,22.0922,36.5252,0.252488
7964002.0,22.4024,37.2089,4.5465
7972002.0,22.2403,37.4138,9.25265
7980002.0,21.9404,37.8421,13.1196
7988002.0,22.6601,38.0822,17.5826
7996002.0,22.9522,37.8002,21.4242
