2.0,35.9087,17.9195,46.9091
8002.0,40.2205,17.2746,48.4231
16002.0,42.2846,16.768,1.88612
24002.0,42.8113,16.8153,5.6250599999999995
32002.0,42.867,17.1787,7.9505
40002.0,44.0578,17.5056,10.427
48002.0,45.8482,19.3232,16.8991
56002.0,46.8487,19.7893,21.9832
64002.0,46.1721,19.4429,24.1314
72002.0,45.9103,19.637999999999998,25.8448
80002.0,46.2859,19.863,27.7288
88002.0,47.2571,20.1064,32.0508
96002.0,47.9309,20.0064,35.7167
104002.0,47.9036,20.1493,38.6397
112002.0,47.9616,20.758000000000003,39.92
120002.0,48.7481,21.0913,41.7726
128002.0,49.1178,20.8788,44.6437
136002.0,1.3328799999999998,20.9823,48.1006
144002.0,2.13441,20.9284,0.6094069999999999
152002.0,5.02508,21.2318,0.316746
160002.0,9.91643,21.1725,3.10202
168002.0,10.3343,20.6308,5.72865
176002.0,9.96625,20.5312,8.46907
184002.0,10.2023,20.537,11.334000000000001
192002.0,10.2689,20.4818,15.2014
200002.0,11.2147,20.0742,18.9635
208002.0,11.7656,20.0396,22.4984
216002.0,12.5977,19.6785,26.3134
224002.0,13.012,19.7143,30.4927
232002.0,13.429,19.5342,34.7791
240002.0,13.9192,19.4163,39.4305
248002.0,13.9684,19.262999999999998,43.0348
256002.0,15.0926,18.8092,47.0747
264002.0,16.2939,17.889,1.15095
272002.0,18.127,17.7256,4.576980000000001
280002.0,18.4639,17.7885,7.766380000000001
288002.0,18.9788,17.9632,11.7845
296002.0,19.5052,17.9145,15.319
304002.0,20.4986,17.8162,18.9055
312002.0,22.2482,17.6728,22.4856
320002.0,24.3193,17.6496,25.9445
328002.0,26.6557,17.8148,29.756999999999998
336002.0,28.0961,17.8635,33.2684
344002.0,28.7192,18.5251,37.6355
352002.0,29.5945,18.4113,40.8864
360002.0,31.022,18.3892,43.6884
368002.0,32.6565,17.9093,46.2789
376002.0,33.216,17.6641,0.364262
384002.0,34.7577,17.8946,1.46827
392002.0,35.2777,17.7985,4.562819999999999
400002.0,35.6999,17.7089,8.42185
408002.0,36.257,17.5272,12.2359
416002.0,37.0882,17.3592,14.5224
424002.0,37.9916,16.7939,17.597
432002.0,38.4468,16.9826,19.852999999999998
440002.0,39.0041,16.682000000000002,24.8545
448002.0,39.5555,16.7325,28.7198
456002.0,40.3758,16.553,31.9631
464002.0,40.6942,17.0434,34.2085
472002.0,41.4951,16.9995,38.5919
480002.0,42.6535,17.5035,41.3631
488002.0,43.6238,17.3306,44.7824
496002.0,45.332,17.7051,48.3522
504002.0,45.2082,17.4172,1.93897
512002.0,46.2113,17.8309,4.97347
520002.0,47.5824,18.3574,8.17352
528002.0,48.5882,19.0179,12.3
536002.0,2.03765,20.272000000000002,13.4141
544002.0,6.9382,17.9321,22.9043
552002.0,8.6949,18.7344,24.0039
560002.0,10.4079,19.0232,27.3858
568002.0,10.8227,19.619,30.1662
576002.0,11.1954,19.2983,35.1826
584002.0,11.9004,19.3262,39.2033
592002.0,12.9576,19.557000000000002,41.6552
600002.0,13.7128,19.8252,45.1857
608002.0,13.9667,19.5614,48.1528
616002.0,15.0092,19.2326,1.96302
624002.0,15.7658,18.9893,5.27112
632002.0,15.8231,18.8254,8.217189999999999
640002.0,16.6473,18.7593,11.0558
648002.0,17.2477,18.2151,12.5717
656002.0,17.6657,17.9542,15.7154
664002.0,18.4686,17.9377,18.7755
672002.0,18.9007,17.8125,22.6754
680002.0,19.0985,17.9839,25.9774
688002.0,20.0188,17.6369,30.3175
696002.0,20.3454,17.485,32.7144
704002.0,20.3526,17.54,37.2732
712002.0,21.3479,17.5713,40.7595
720002.0,22.3816,17.2514,43.1956
728002.0,22.2068,17.6993,46.4761
736002.0,22.2124,18.1137,49.1048
744002.0,23.4775,18.4594,1.4479799999999998
752002.0,23.2922,18.575,4.9741599999999995
760002.0,24.1958,18.9066,8.90088
768002.0,24.8163,18.8148,12.0234
776002.0,25.5968,18.4889,16.249000000000002
784002.0,25.0295,18.2479,17.7644
792002.0,25.9032,13.8697,16.4983
800002.0,27.4068,14.0851,19.2285
808002.0,28.1853,12.96,19.6755
816002.0,29.0114,13.1488,22.4815
824002.0,29.682,12.5626,24.2744
832002.0,31.0864,12.2038,27.7373
840002.0,31.7879,12.0548,30.5045
848002.0,33.5709,12.044,32.5422
856002.0,36.381,12.0164,34.8741
864002.0,37.9964,12.8263,37.2441
872002.0,38.0985,13.3546,39.2814
880002.0,39.2856,13.530999999999999,42.5939
888002.0,40.7926,14.4197,45.8686
896002.0,42.3519,14.4945,48.5893
904002.0,42.9209,14.8115,1.94452
912002.0,44.2497,14.7929,3.9006
920002.0,44.9424,14.3435,7.0126800000000005
928002.0,45.1976,14.3124,10.0383
936002.0,45.9684,14.3092,11.3468
944002.0,46.5823,14.7388,12.5333
952002.0,47.9147,14.5243,14.9183
960002.0,48.5109,14.4204,17.3455
968002.0,49.312,14.228,19.2647
976002.0,0.792788,14.4094,21.6553
984002.0,1.9200099999999998,14.5076,24.2167
992002.0,2.7423599999999997,15.012,26.0511
1000002.0,3.7761,15.3658,28.7883
1008002.0,5.2516,15.4331,31.3396
1016002.0,6.10283,15.6106,34.2062
1024002.0,7.2996,14.981,36.9348
1032002.0,7.97461,14.9414,38.1054
1040002.0,9.259830000000001,14.4156,41.4265
1048002.0,9.75124,14.4057,44.9553
1056002.0,9.97823,14.6621,47.4536
1064002.0,10.5989,14.8139,1.9747
1072002.0,11.1728,14.8747,5.50157
1080002.0,12.2443,15.0133,8.50717
1088002.0,13.3415,14.7473,11.5105
1096002.0,15.0185,14.4598,14.1389
1104002.0,16.0281,14.3624,17.4847
1112002.0,16.4113,14.0296,21.3994
1120002.0,17.9284,14.2878,24.9712
1128002.0,18.9101,14.097000000000001,27.4343
1136002.0,20.506999999999998,14.0261,30.4209
1144002.0,21.4093,13.9256,31.8734
1152002.0,24.7737,12.2802,40.1998
1160002.0,24.0347,12.4457,43.0887
1168002.0,25.2809,11.9792,45.1873
1176002.0,26.1266,11.5993,47.6063
1184002.0,26.2217,11.5065,0.25403400000000004
1192002.0,27.1389,11.899000000000001,1.41154
1200002.0,28.2453,12.0936,3.50925
1208002.0,29.3588,12.4099,5.748069999999999
1216002.0,31.6049,12.7464,7.92557
1224002.0,32.9926,12.8521,11.5666
1232002.0,34.1298,12.432,15.2124
1240002.0,34.7401,12.9303,18.4031
1248002.0,35.0666,13.5478,21.8524
1256002.0,36.4973,14.7464,23.6286
1264002.0,37.1364,15.3756,27.0041
1272002.0,37.2687,15.6274,30.9535
1280002.0,37.516,16.1651,34.4056
1288002.0,38.1117,16.6813,36.5435
1296002.0,38.2487,17.4324,40.5235
1304002.0,39.7237,17.9808,43.2543
1312002.0,40.3145,18.1535,46.9937
1320002.0,41.8485,17.8247,0.813469
1328002.0,42.6,17.1164,4.27789
1336002.0,43.8507,16.7724,7.004860000000001
1344002.0,44.827,16.7137,9.6018
1352002.0,45.8825,16.3718,14.219000000000001
1360002.0,46.5233,16.2994,17.2386
1368002.0,47.2124,15.8488,20.0603
1376002.0,47.99100000000001,15.6872,24.0283
1384002.0,48.7934,15.5642,26.8073
1392002.0,1.1122100000000001,15.7937,29.6686
1400002.0,2.38311,15.3673,33.1337
1408002.0,2.7206900000000003,15.0615,35.5499
1416002.0,2.54497,15.1748,37.3582
1424002.0,2.9156299999999997,15.4427,41.3158
1432002.0,3.25549,15.8046,44.8658
1440002.0,5.48614,15.7029,48.4646
1448002.0,5.80098,16.0366,1.05165
1456002.0,6.632639999999999,16.1671,3.3261800000000004
1464002.0,7.10606,17.0708,4.89803
1472002.0,8.4774,17.4524,9.20916
1480002.0,8.89891,19.0983,12.1849
1488002.0,10.7858,19.1405,16.6146
1496002.0,11.5046,19.4855,20.4692
1504002.0,13.1031,19.0668,24.4567
1512002.0,15.3209,18.3472,28.8194
1520002.0,16.1378,18.3093,32.5229
1528002.0,16.7975,17.9013,36.8761
1536002.0,17.1037,17.5171,39.7803
1544002.0,18.0473,17.3464,43.0476
1552002.0,20.9071,16.9645,45.9924
1560002.0,21.5897,17.2406,1.19632
1568002.0,22.4458,16.8023,5.14814
1576002.0,22.842,16.1409,9.07818
1584002.0,23.639,15.6511,13.2326
1592002.0,23.5908,15.9846,16.6192
1600002.0,24.5036,15.8379,20.1486
1608002.0,24.319000000000003,15.8756,23.5188
1616002.0,25.5001,15.8945,26.6009
1624002.0,26.0924,15.5005,30.3336
1632002.0,27.6415,15.379000000000001,34.2786
1640002.0,30.0561,15.1662,38.34
1648002.0,31.2218,14.4133,40.8699
1656002.0,32.2026,14.3016,44.372
1664002.0,33.4761,14.1332,47.5948
1672002.0,34.6072,14.1296,0.82619
1680002.0,35.2721,14.109000000000002,4.298830000000001
1688002.0,35.5142,14.524000000000001,6.88126
1696002.0,36.1558,13.94,9.98088
1704002.0,37.6091,13.6324,13.0708
1712002.0,37.6363,13.5733,16.3146
1720002.0,38.7422,13.6949,18.8672
1728002.0,40.400999999999996,13.7043,21.6784
1736002.0,40.7295,14.0393,24.0039
1744002.0,41.5569,13.8627,27.4088
1752002.0,41.7638,14.2369,29.7911
1760002.0,42.7352,14.1726,33.7168
1768002.0,41.9354,14.7172,33.0916
1776002.0,43.6738,14.1536,37.4263
1784002.0,44.398,14.623,39.4079
1792002.0,44.3592,14.4561,42.0446
1800002.0,45.9119,14.6777,45.0859
1808002.0,46.7871,14.065,47.791000000000004
1816002.0,47.8862,13.8718,48.3111
1824002.0,47.0969,12.6368,2.35935
1832002.0,0.09068949999999999,13.5183,3.05137
1840002.0,3.91215,13.9542,4.09048
1848002.0,4.032019999999999,14.1655,6.74507
1856002.0,4.49403,14.2271,8.77256
1864002.0,4.9147,14.0009,10.2991
1872002.0,5.45027,14.1218,11.9047
1880002.0,6.15945,14.2916,14.6379
1888002.0,7.44875,13.8286,15.7146
1896002.0,8.31458,13.8771,17.3729
1904002.0,8.08715,13.6553,19.1718
1912002.0,8.00502,13.7596,21.4241
1920002.0,7.549119999999999,13.6362,24.8669
1928002.0,8.396180000000001,13.6189,27.2839
1936002.0,7.9043600000000005,13.6179,30.2678
1944002.0,7.312880000000001,13.2677,32.9464
1952002.0,7.554139999999999,12.8772,36.571999999999996
1960002.0,7.135739999999999,12.3403,39.7908
1968002.0,7.1311,12.3255,42.5702
1976002.0,7.24913,12.2375,44.968
1984002.0,7.41018,11.9637,47.9342
1992002.0,7.94808,12.0931,0.9997370000000001
2000002.0,8.62313,11.5432,3.7632800000000004
2008002.0,9.67261,11.9629,6.776960000000001
2016002.0,11.3307,12.6922,9.75614
2024002.0,11.4117,12.9491,11.509
2032002.0,11.9997,13.3445,13.677
2040002.0,13.2855,13.5019,16.355999999999998
2048002.0,14.3099,13.6134,19.1222
2056002.0,15.7936,13.4945,20.226
2064002.0,16.2187,13.5428,22.5676
2072002.0,18.0205,13.2918,24.1463
2080002.0,18.1215,13.4885,26.5295
2088002.0,19.2007,13.4806,28.4435
2096002.0,20.2392,13.3682,30.3345
2104002.0,21.6393,13.1142,31.4983
2112002.0,21.096999999999998,13.1511,34.7024
2120002.0,21.3404,13.2213,38.4542
2128002.0,21.4456,13.6015,40.0892
2136002.0,21.8154,14.3668,41.9665
2144002.0,22.2698,14.8072,45.1622
2152002.0,22.7892,14.6817,47.1368
2160002.0,22.7894,14.8705,1.1387
2168002.0,23.7641,14.7572,4.2522199999999994
2176002.0,23.9086,14.8886,7.11763
2184002.0,24.6826,14.8039,7.96632
2192002.0,24.509,14.7092,9.20853
2200002.0,23.0775,15.1769,11.2466
2208002.0,23.1943,15.4746,13.2135
2216002.0,24.354,15.6968,14.3171
2224002.0,24.9237,15.8991,17.882
2232002.0,25.3314,15.7234,20.925
2240002.0,26.4637,15.1345,24.3793
2248002.0,26.9922,15.0566,27.2889
2256002.0,27.1511,15.0483,29.0434
2264002.0,27.3145,14.8633,30.8796
2272002.0,27.3797,14.4709,33.718
2280002.0,27.9368,14.3465,35.9196
2288002.0,28.4011,14.2887,39.0598
2296002.0,29.6035,14.0862,42.7258
2304002.0,31.0561,13.972999999999999,45.6582
2312002.0,30.9422,13.2502,48.5663
2320002.0,32.6926,13.0719,1.46489
2328002.0,34.0974,13.1163,3.76621
2336002.0,34.3138,13.214,5.99231
2344002.0,35.992,13.302999999999999,8.98135
2352002.0,35.6964,13.1683,12.4241
2360002.0,37.2809,13.3248,14.937000000000001
2368002.0,38.4045,12.943,19.0342
2376002.0,38.6218,12.8451,22.265
2384002.0,39.0943,13.4285,25.3435
2392002.0,40.4651,13.6051,27.9205
2400002.0,42.0165,13.6574,30.359
2408002.0,42.4864,12.9988,33.6942
2414002.0,43.4869,12.9811,36.3612
2422002.0,44.7906,13.5192,40.4687
2430002.0,47.211999999999996,13.5422,41.4141
2438002.0,49.4388,13.1427,44.925
2446002.0,1.09616,12.7739,47.1462
2454002.0,1.6622700000000001,12.6591,49.1546
2462002.0,2.73644,12.8915,1.9799900000000001
2470002.0,3.2857300000000005,13.0821,3.62641
2478002.0,4.04098,13.4852,6.44356
2486002.0,5.08587,13.5408,8.77932
2494002.0,6.00451,13.3656,10.7401
2502002.0,5.86943,13.5031,13.3552
2510002.0,7.92771,13.065999999999999,16.1624
2518002.0,7.9920800000000005,12.7718,18.5754
2526002.0,9.930439999999999,12.3353,19.9927
2534002.0,11.3433,11.6251,21.3372
2542002.0,11.3479,11.5299,24.1181
2550002.0,11.0313,11.4922,26.9646
2558002.0,11.3569,11.4135,28.7801
2566002.0,11.9147,11.0096,30.6131
2574002.0,13.2354,9.83056,31.9236
2582002.0,13.459000000000001,9.823189999999999,33.2378
2590002.0,15.4124,9.94028,34.6263
2598002.0,16.6068,9.7624,37.2229
2606002.0,16.7018,10.4206,39.3551
2614002.0,17.4388,10.423,41.1474
2622002.0,18.2695,10.6726,43.8236
2630002.0,19.3895,10.5802,46.0959
2638002.0,19.723,10.2884,48.2008
2646002.0,20.0471,10.3094,1.63491
2654002.0,21.0827,10.3532,4.33138
2662002.0,21.3447,10.4166,6.34491
2670002.0,21.5627,10.4003,9.92709
2678002.0,22.4638,10.661,14.1346
2686002.0,24.823,10.9183,16.097
2694002.0,25.947,11.0627,17.0362
2702002.0,27.0062,11.4048,19.7373
2710002.0,27.9162,11.0944,23.5403
2718002.0,28.8228,10.922,26.2169
2726002.0,28.8082,11.5337,27.5783
2734002.0,29.6001,11.5077,30.1119
2742002.0,31.851,12.374,32.5558
2750002.0,33.0814,12.0078,35.5446
2758002.0,33.7746,11.6082,39.9635
2766002.0,34.3408,10.9276,44.2823
2774002.0,34.4073,10.9041,45.7703
2782002.0,34.836,10.6591,48.828
2790002.0,34.3035,11.0126,2.36151
2798002.0,34.5142,10.7462,4.13154
2806002.0,35.7024,11.42,8.00106
2814002.0,35.9708,11.2664,10.9571
2822002.0,36.537,10.9389,12.7097
2830002.0,37.5536,10.4882,12.7688
2838002.0,38.9517,10.1469,13.8658
2846002.0,40.2563,9.556239999999999,16.3092
2854002.0,41.2095,8.85556,18.6965
2862002.0,41.6078,8.8082,20.9777
2870002.0,42.1347,8.359060000000001,22.8037
2878002.0,42.8978,8.4652,24.5994
2886002.0,43.532,8.39432,26.412
2894002.0,44.2754,8.43895,28.64
2902002.0,44.7742,8.33675,30.3602
2910002.0,44.8397,8.64161,32.4295
2918002.0,44.8187,8.66094,34.0078
2926002.0,45.3187,9.09266,37.3306
2934002.0,45.9629,9.04922,39.8169
2942002.0,45.9136,9.04166,42.9944
2950002.0,46.0779,8.76817,46.4434
2958002.0,46.6216,8.63448,49.2434
2966002.0,48.3616,8.4665,2.70973
2974002.0,48.6757,7.90353,5.251530000000001
2982002.0,0.167576,7.62807,8.38655
2990002.0,1.5043,7.43228,10.5887
2998002.0,1.7789599999999999,7.1764600000000005,12.4266
3006002.0,2.4513700000000003,7.41454,14.4074
3014002.0,3.3110699999999995,7.537669999999999,17.1243
3022002.0,4.19611,7.38024,18.5397
3030002.0,5.57233,7.295610000000001,21.3539
3038002.0,5.72622,7.4085,23.6113
3046002.0,6.49721,7.40049,26.383000000000003
3054002.0,7.18432,7.366110000000001,28.4209
3062002.0,7.7506699999999995,7.25132,29.8804
3070002.0,8.01869,6.94958,32.4963
3078002.0,8.40267,6.32446,34.2498
3086002.0,8.45756,6.10393,37.0746
3094002.0,9.22973,5.67499,40.2033
3102002.0,9.42028,5.040019999999999,42.8193
3110002.0,9.8373,4.9205,45.1494
3118002.0,10.225,4.80203,46.9991
3126002.0,10.9002,4.1887300000000005,48.8533
3134002.0,11.7229,4.03567,1.5045899999999999
3142002.0,12.3565,4.02853,3.05673
3150002.0,12.825,4.12784,4.26157
3158002.0,13.9761,4.11348,5.98054
3166002.0,14.3663,4.13362,7.1361300000000005
3174002.0,14.972999999999999,4.08287,7.88974
3182002.0,15.5297,4.05401,9.1199
3190002.0,16.2592,4.09514,10.2002
3198002.0,16.7255,4.360580000000001,11.65
3206002.0,17.482,4.44039,13.1631
3214002.0,18.1311,4.49696,14.5602
3222002.0,18.7632,4.45908,16.2904
3230002.0,18.9641,4.51551,17.32
3238002.0,19.1053,4.52736,18.4232
3246002.0,19.395,4.53613,20.1693
3254002.0,19.8806,4.09508,21.2992
3262002.0,20.1721,4.0554,22.7607
3270002.0,20.0015,3.82447,23.7127
3278002.0,19.8797,3.67136,24.281
3286002.0,20.1626,4.01956,24.9533
3294002.0,20.3772,3.82113,25.4805
3302002.0,21.0414,3.97226,27.5672
3310002.0,21.355999999999998,4.04245,28.563000000000002
3318002.0,21.1624,4.13842,29.7893
3326002.0,21.6038,4.27991,31.191999999999997
3334002.0,22.3061,3.99007,32.1606
3342002.0,22.5425,3.8116,33.5706
3350002.0,22.0996,3.83949,34.7405
3358002.0,22.4342,3.93906,36.3157
3366002.0,23.3249,3.81791,37.8872
3374002.0,23.9088,4.01467,39.5862
3382002.0,24.1748,3.86396,40.8355
3390002.0,24.99,3.99076,41.7143
3398002.0,24.857,3.8616300000000003,42.7927
3406002.0,24.6844,3.24728,43.5961
3414002.0,25.4015,3.29852,45.2385
3422002.0,25.7616,3.48866,46.3846
3430002.0,25.7771,2.96104,46.4718
3438002.0,25.6423,2.68527,46.4096
3446002.0,25.6594,2.9132700000000002,46.6343
3454002.0,25.6374,3.09125,46.9256
3462002.0,25.8492,3.04243,48.1035
3470002.0,25.5682,3.2486,49.46
3478002.0,25.8699,3.20708,1.25482
3486002.0,25.9848,3.26462,1.9062400000000002
3494002.0,26.5277,3.29512,3.5350599999999996
3502002.0,26.5666,3.3784400000000003,4.62614
3510002.0,26.7939,3.53705,6.040719999999999
3518002.0,26.750999999999998,3.36231,6.88355
3526002.0,27.3676,3.1655900000000003,8.359589999999999
3534002.0,27.5491,3.24761,9.69323
3542002.0,27.6669,3.06986,10.9288
3550002.0,27.6659,2.9275900000000004,11.6964
3558002.0,27.2411,2.5575900000000003,11.7611
3566002.0,27.8446,2.58034,13.4348
3574002.0,28.3097,2.8278,14.0669
3582002.0,28.0953,2.52501,15.6974
3590002.0,29.0055,2.79827,16.6615
3598002.0,29.0261,2.45624,18.3663
3606002.0,29.5169,2.50105,18.5105
3614002.0,30.4907,2.4163799999999998,18.5068
3622002.0,30.484,2.35177,18.5119
3630002.0,30.0718,2.4689,19.6347
3638002.0,29.7042,2.4394299999999998,20.6094
3646002.0,30.4843,2.56859,21.447
3654002.0,29.9363,2.68833,22.5727
3662002.0,29.9365,2.5846,25.3293
3670002.0,29.9713,2.66283,26.7379
3678002.0,30.0346,2.64989,28.174
3686002.0,30.217,2.74395,29.1327
3694002.0,30.3919,2.77199,30.0284
3702002.0,30.5833,2.77659,31.1846
3710002.0,30.9454,2.82828,32.0535
3718002.0,31.0753,2.82903,33.0456
3726002.0,31.1897,2.83431,33.7352
3734002.0,31.4024,2.92048,34.5553
3742002.0,31.8559,2.9902,35.0703
3750002.0,32.195,3.05389,35.9428
3758002.0,32.5562,2.95375,36.4818
3766002.0,32.7516,2.90214,36.9443
3774002.0,33.0581,3.19985,37.5268
3782002.0,33.1245,2.97098,38.3328
3790002.0,33.4381,2.58743,38.8351
3798002.0,33.378,2.4811900000000002,38.8729
3806002.0,33.3833,2.48927,38.9384
3814002.0,33.8671,2.52798,39.6006
3822002.0,33.8019,2.4704,40.717
3830002.0,33.3934,2.48578,42.4886
3838002.0,33.1507,2.6936299999999997,44.4696
3846002.0,31.941999999999997,3.4670099999999997,47.2449
3854002.0,30.686999999999998,3.5846,48.1559
3862002.0,30.3884,3.7469699999999997,48.8417
3870002.0,30.5242,3.7125,0.13957999999999998
3878002.0,30.0436,3.707,1.1847299999999998
3886002.0,29.7744,3.58356,2.37741
3894002.0,29.4334,3.432,3.5899699999999997
3902002.0,29.7017,3.34135,4.96623
3910002.0,30.3994,3.3498699999999997,6.10696
3918002.0,31.1106,3.09164,7.337339999999999
3926002.0,32.1445,3.08639,8.19181
3934002.0,32.893,3.08692,9.119539999999999
3942002.0,33.6462,3.2535,10.3559
3950002.0,34.3764,3.11101,11.7985
3958002.0,35.8474,2.90217,13.7092
3966002.0,36.5802,3.4506300000000003,15.6006
3974002.0,37.8998,3.7342699999999995,17.0535
3982002.0,38.0582,3.5198400000000003,17.6534
3990002.0,38.2563,3.9130599999999998,18.334
3998002.0,38.7055,4.06514,18.8444
4006002.0,38.8864,4.88604,19.8308
4014002.0,39.0907,5.35898,21.4172
4022002.0,39.0698,5.49159,22.383000000000003
4030002.0,39.0079,5.25136,23.4549
4038002.0,39.0431,5.1151599999999995,23.7196
4046002.0,39.5571,5.89709,25.0229
4054002.0,40.3356,5.7673,25.94
4062002.0,40.4393,6.71289,27.1647
4070002.0,40.2748,7.12821,28.7147
4078002.0,40.4229,7.19314,30.2848
4086002.0,41.005,7.26158,32.1436
4094002.0,41.1836,7.3185899999999995,34.0479
4102002.0,41.0697,7.3013699999999995,34.9046
4110002.0,41.1939,7.09503,36.7676
4118002.0,41.5289,6.865639999999999,37.9909
4126002.0,42.1212,6.891960000000001,39.6625
4134002.0,42.6821,6.87743,39.9471
4142002.0,42.9037,6.843610000000001,41.4004
4150002.0,43.4078,6.90475,42.6139
4158002.0,44.1727,6.87908,43.9205
4166002.0,44.3422,6.99165,45.0614
4174002.0,44.9822,6.7035,46.3903
4182002.0,45.4209,6.726960000000001,47.3977
4190002.0,46.076,6.34806,48.5599
4198002.0,47.2022,6.54384,1.04341
4206002.0,48.1475,6.8750100000000005,2.99897
4214002.0,49.098,7.03923,5.08522
4222002.0,0.319907,6.91137,7.32995
4230002.0,1.65753,7.027989999999999,9.3771
4238002.0,3.54946,7.42134,11.9839
4246002.0,4.9688,7.616410000000001,13.6482
4254002.0,6.480580000000001,7.48495,15.7152
4262002.0,7.23355,7.64808,17.8428
4270002.0,7.84161,7.653239999999999,19.9264
4278002.0,9.109119999999999,7.553030000000001,22.0155
4286002.0,9.3894,7.411239999999999,24.7056
4294002.0,9.86544,7.3018,27.4972
4302002.0,9.60375,6.75518,29.4673
4310002.0,9.931460000000001,6.6090800000000005,31.5108
4318002.0,10.0945,6.49691,32.9991
4326002.0,9.70365,5.8161,34.6086
4334002.0,9.95343,5.97576,35.6191
4342002.0,10.1879,6.16386,37.3126
4350002.0,10.517000000000001,5.85009,37.8369
4358002.0,10.3961,5.55858,38.6908
4366002.0,10.9153,5.70953,39.4854
4374002.0,11.0444,6.12599,40.4579
4382002.0,11.8314,6.01433,40.6544
4390002.0,12.5229,6.20744,41.288000000000004
4398002.0,12.4725,6.53705,43.0588
4406002.0,13.2056,6.809260000000001,44.339
4414002.0,13.1533,6.73327,45.7956
4422002.0,12.8294,6.798939999999999,47.1165
4430002.0,12.1058,6.98942,49.2341
4438002.0,12.0687,7.19318,1.0741100000000001
4446002.0,12.1397,7.28958,2.15457
4454002.0,12.2128,7.22265,3.4747199999999996
4462002.0,12.1474,7.19315,4.6079099999999995
4470002.0,12.4353,7.6169,6.06875
4478002.0,13.3129,7.915539999999999,7.6592899999999995
4486002.0,13.6513,8.74831,9.87116
4494002.0,14.1654,9.12382,11.5205
4502002.0,15.2241,9.22227,12.964
4510002.0,15.8007,9.18263,14.2687
4518002.0,15.7865,8.914010000000001,13.9332
4526002.0,16.5056,8.95759,14.9047
4534002.0,17.0453,9.66346,15.9969
4542002.0,17.355999999999998,10.0272,17.3284
4550002.0,18.4256,10.1625,18.4123
4558002.0,19.5419,9.79568,20.3228
4566002.0,20.6674,9.78485,21.8464
4574002.0,22.1105,9.70232,24.0788
4582002.0,22.9084,9.434330000000001,25.2656
4590002.0,24.3977,9.0027,26.2352
4598002.0,25.3349,9.40037,28.0307
4606002.0,26.5361,9.731630000000001,29.0229
4614002.0,27.1033,9.9437,30.1971
4622002.0,27.5521,9.986260000000001,31.4982
4630002.0,27.9749,9.85316,32.3734
4638002.0,28.7479,9.97408,32.8931
4646002.0,29.0343,9.907969999999999,34.056
4654002.0,29.2437,10.1988,35.686
4662002.0,30.4691,10.2865,37.3401
4670002.0,30.7609,10.6547,38.6807
4678002.0,31.3441,10.7021,40.1948
4686002.0,31.84,11.0788,41.4986
4694002.0,32.4895,11.4776,44.6863
4702002.0,33.6664,11.7809,46.3205
4710002.0,35.2775,11.5925,48.0084
4718002.0,35.8602,11.8511,0.42096400000000006
4726002.0,36.3081,11.6805,2.64776
4734002.0,37.7838,11.8481,4.04552
4742002.0,38.4739,12.3954,6.43714
4750002.0,39.0656,12.4213,9.17256
4758002.0,40.0642,12.6662,10.9106
4760002.0,39.8713,12.9164,11.2723
4768002.0,40.1278,12.6304,14.0028
4776002.0,42.2018,13.3406,15.6834
4784002.0,44.1925,13.3398,18.6795
4792002.0,45.2836,13.1983,20.4779
4800002.0,47.1686,13.6876,22.3281
4808002.0,48.6475,13.9908,24.7684
4816002.0,1.17804,14.5229,27.3533
4824002.0,3.39644,14.8946,29.3841
4832002.0,4.22645,15.2536,31.8317
4840002.0,5.42393,15.8621,34.3047
4848002.0,6.24717,15.6982,36.1938
4856002.0,7.967739999999999,15.298,38.9628
4864002.0,8.01866,15.1397,43.2093
4872002.0,9.664539999999999,14.9568,46.7758
4880002.0,9.9134,14.6999,49.388999999999996
4888002.0,10.1998,14.7315,2.35616
4896002.0,11.3674,14.7477,4.8926099999999995
4904002.0,12.9114,14.9661,6.36573
4912002.0,13.6921,15.2643,8.512889999999999
4920002.0,16.1248,15.4385,10.9213
4928002.0,17.8136,15.0336,13.0063
4936002.0,18.2415,14.8316,15.4435
4944002.0,18.2661,14.7466,17.5617
4952002.0,18.5847,14.6945,20.0607
4960002.0,17.9752,14.5976,22.244
4968002.0,18.157,14.5283,24.2474
4976002.0,18.6046,14.3277,26.5408
4984002.0,18.1714,13.8903,28.7221
4992002.0,18.7264,13.3461,30.6037
5000002.0,19.6772,13.401,33.7725
5008002.0,19.7408,12.7683,36.7368
5016002.0,19.5695,11.9047,37.9912
5024002.0,19.5437,11.8131,40.3765
5032002.0,19.5182,12.0211,43.7839
5040002.0,20.5845,12.1699,45.8216
5048002.0,20.6412,12.0235,46.285
5056002.0,21.6694,11.8171,48.8342
5064002.0,22.6042,11.6807,2.22682
5072002.0,23.728,12.0826,4.28301
5080002.0,24.4307,12.5125,6.86384
5088002.0,25.2392,12.7918,9.89305
5096002.0,26.8105,12.7465,12.904000000000002
5104002.0,28.4327,12.7438,16.3543
5112002.0,28.9079,12.889000000000001,19.1241
5120002.0,29.7642,12.7249,22.8691
5128002.0,31.0053,12.7895,26.5693
5136002.0,31.528000000000002,12.8628,29.6085
5144002.0,32.8288,13.0582,32.7231
5152002.0,33.5893,12.7683,36.1883
5160002.0,35.3589,12.8569,39.2793
5168002.0,36.3579,13.2405,42.4519
5176002.0,36.9707,13.2328,45.5903
5184002.0,37.6531,12.9652,48.227
5192002.0,37.857,12.8154,1.25755
5200002.0,38.2098,12.8699,3.66004
5208002.0,39.0826,13.2309,5.0606800000000005
5216002.0,39.7817,12.9549,7.7824800000000005
5224002.0,40.8077,12.751,10.5428
5232002.0,42.287,12.3924,13.6391
5240002.0,43.3178,12.4235,16.1601
5248002.0,44.2376,11.8873,18.4867
5256002.0,44.7192,11.8795,20.0335
5264002.0,45.0077,11.8011,23.1738
5272002.0,46.2803,11.8493,25.5595
5280002.0,47.8563,11.8128,28.831
5288002.0,47.8604,11.5615,31.2125
5296002.0,48.4488,11.1877,33.544000000000004
5304002.0,0.391743,10.9731,35.6831
5312002.0,2.36287,11.515,37.3315
5320002.0,2.4847200000000003,12.07,39.4594
5328002.0,2.58592,11.7097,41.5221
5336002.0,3.2871599999999996,11.7722,44.497
5344002.0,4.6132800000000005,11.8161,47.4937
5352002.0,5.8581900000000005,11.5397,0.0249655
5360002.0,6.37453,12.0775,2.44266
5368002.0,6.77331,11.9475,5.1258099999999995
5376002.0,7.34231,12.4587,8.27387
5384002.0,7.769839999999999,12.8851,11.0939
5392002.0,7.660539999999999,13.1274,12.7019
5400002.0,8.09787,13.3208,15.0652
5408002.0,8.63762,13.4112,17.1903
5416002.0,9.26953,13.3619,19.6829
5424002.0,8.88212,13.128,21.84
5432002.0,9.38693,12.9354,23.8391
5440002.0,10.9743,12.7723,25.3494
5448002.0,11.6548,13.0097,28.0966
5456002.0,11.7192,13.4827,32.0525
5464002.0,12.1596,13.2328,34.9571
5472002.0,12.0035,13.1241,37.8991
5480002.0,13.0137,13.3994,40.768
5488002.0,14.4204,13.4467,43.0437
5496002.0,14.9037,13.561,45.9786
5504002.0,15.2254,13.5542,48.7049
5512002.0,15.7503,13.8224,0.97129
5520002.0,16.3718,14.1015,3.59962
5528002.0,17.5785,14.4554,5.94597
5536002.0,18.7244,14.4548,7.4207399999999994
5544002.0,19.6732,14.2932,9.7383
5552002.0,21.0881,15.5255,12.6403
5560002.0,21.5497,15.6478,16.2241
5568002.0,22.8525,14.9431,18.4497
5576002.0,22.9989,14.3368,19.4513
5584002.0,24.1203,13.5343,22.6227
5592002.0,23.8837,8.96532,23.3764
5600002.0,22.7228,8.98087,25.2514
5608002.0,23.2782,8.55547,27.1694
5616002.0,25.2378,9.99738,30.5086
5624002.0,26.0378,9.409469999999999,32.5374
5632002.0,26.5232,8.92477,34.3808
5640002.0,27.4027,9.5438,37.332
5648002.0,28.1153,8.64921,40.0415
5656002.0,28.4757,9.11818,43.1844
5664002.0,28.97,8.93946,45.4421
5672002.0,29.6017,8.26726,47.0945
5680002.0,30.0951,7.6597,47.8794
5688002.0,30.6793,7.4481,49.0382
5696002.0,31.8063,7.41546,49.4424
5704002.0,33.2048,7.8907,1.8842299999999998
5712002.0,33.2337,8.209019999999999,3.6643800000000004
5720002.0,33.3074,8.17958,5.1409
5728002.0,34.2597,8.11117,6.56417
5736002.0,34.7061,7.99333,7.78815
5744002.0,35.5522,7.98204,9.50222
5752002.0,36.9661,9.08787,12.6359
5760002.0,37.4091,9.60716,14.892999999999999
5768002.0,38.7783,9.92954,15.697000000000001
5776002.0,40.3711,10.3299,18.1578
5784002.0,40.7468,10.6679,20.5277
5792002.0,41.8157,10.8139,22.0395
5800002.0,43.0516,11.4947,25.1631
5808002.0,44.919,12.0381,27.2955
5816002.0,46.3825,12.1041,29.563000000000002
5824002.0,46.3306,12.1741,30.59
5832002.0,46.5062,12.613,32.7718
5840002.0,46.6817,12.4639,34.7454
5848002.0,47.5796,12.7593,37.3414
5856002.0,48.4818,12.8181,39.5482
5864002.0,0.6537149999999999,13.4387,40.5759
5872002.0,1.07751,13.075999999999999,43.0295
5880002.0,1.44445,12.3236,46.3787
5888002.0,2.45265,12.5502,48.8265
5896002.0,5.28454,11.1121,1.5253700000000001
5904002.0,6.15641,10.825999999999999,3.408
5912002.0,7.36573,10.1555,5.91756
5920002.0,8.61669,9.77708,7.7052
5928002.0,9.56958,9.740789999999999,9.74644
5936002.0,10.0366,9.628630000000001,12.8261
5944002.0,10.3369,8.66005,15.7317
5952002.0,10.7784,8.474839999999999,17.6807
5960002.0,11.3192,8.418569999999999,19.2075
5968002.0,12.1341,8.52813,21.185
5976002.0,12.7091,8.56243,23.7307
5984002.0,12.9069,9.03213,25.5691
5992002.0,13.4849,9.02476,27.189
6000002.0,14.2543,8.92216,28.9512
6008002.0,14.4145,8.77563,30.8355
6016002.0,14.8494,8.81419,31.759
6024002.0,15.2317,8.7617,34.1231
6032002.0,15.0065,8.49409,36.1738
6040002.0,15.5567,8.599839999999999,38.0423
6048002.0,15.5749,9.051039999999999,39.1054
6056002.0,16.9836,8.823960000000001,40.7014
6064002.0,17.777,9.32825,42.2974
6072002.0,18.2927,9.48975,44.02
6080002.0,19.3199,9.6669,45.4638
6088002.0,20.1627,9.72968,46.7632
6096002.0,20.7805,9.86483,47.5233
6104002.0,21.0819,9.65865,49.3508
6112002.0,21.505,9.7336,2.58609
6120002.0,22.0265,10.7393,5.545059999999999
6128002.0,22.619,11.1316,8.43868
6136002.0,23.1491,11.1672,10.9977
6144002.0,23.4333,10.5676,13.1918
6152002.0,23.6223,10.7557,16.0109
6160002.0,24.1523,10.8206,18.1105
6168002.0,24.7917,10.7328,20.5275
6176002.0,25.381,10.6434,22.7705
6184002.0,25.7358,11.4009,24.2715
6192002.0,26.3068,11.2051,25.3525
6200002.0,27.1832,11.9837,26.8444
6208002.0,27.8132,11.7595,29.0938
6216002.0,28.9934,12.1515,31.7334
6224002.0,29.8565,12.2479,34.0166
6232002.0,30.5865,11.8731,37.1173
6240002.0,31.4098,11.3011,40.2155
6248002.0,32.5444,10.9896,42.3775
6256002.0,34.4118,11.4467,43.65
6264002.0,35.8788,11.4451,45.8296
6272002.0,37.4835,11.2981,47.6606
6280002.0,36.6783,9.91305,1.1224399999999999
6288002.0,36.6287,6.626539999999999,3.3938599999999997
6296002.0,38.4538,5.72617,5.41964
6304002.0,39.6479,5.294169999999999,6.49224
6312002.0,40.5029,5.0028,8.01646
6320002.0,40.8509,5.05349,9.42602
6328002.0,41.9711,5.02991,10.8622
6336002.0,43.1915,4.90361,12.1854
6344002.0,42.8109,4.4110000000000005,13.3932
6352002.0,42.5285,4.18519,14.8215
6360002.0,42.1704,3.88631,15.8191
6368002.0,42.6269,3.5118300000000002,17.4478
6376002.0,43.1922,3.27938,18.2883
6384002.0,43.3279,3.35143,20.0999
6392002.0,43.786,3.2488799999999998,21.5777
6400002.0,44.4145,3.12935,22.3485
6408002.0,44.577,3.05903,23.384
6416002.0,44.7747,3.02391,24.467
6424002.0,45.1281,2.99086,25.2291
6432002.0,45.2849,3.05061,25.991
6440002.0,45.4932,2.99644,26.6923
6448002.0,45.5087,2.7738,27.2498
6456002.0,45.6544,2.74917,27.7375
6464002.0,45.7835,2.74657,28.0804
6472002.0,45.5992,2.88003,29.4548
6480002.0,45.7765,2.91419,30.5371
6488002.0,46.0242,3.02515,31.4755
6496002.0,46.4031,3.08134,32.2858
6504002.0,46.9426,3.2584400000000002,33.4715
6512002.0,47.4388,3.39815,34.5002
6520002.0,47.8123,3.4488,35.6289
6528002.0,48.1053,3.4505800000000004,36.9777
6536002.0,48.1564,3.4988300000000003,38.4615
6544002.0,48.2073,3.4342099999999998,39.2312
6552002.0,48.4294,3.4502300000000004,39.9682
6560002.0,48.6887,3.5600300000000002,40.6159
6568002.0,48.9097,3.68675,41.2159
6576002.0,49.0938,3.80367,42.0051
6584002.0,0.058159300000000004,3.9165099999999997,42.888999999999996
6592002.0,0.33925700000000003,4.08856,43.6712
6600002.0,0.7688229999999999,4.306830000000001,44.4321
6608002.0,0.913539,4.22227,45.205
6616002.0,1.28696,4.58767,45.9177
6624002.0,1.86275,4.99979,46.83
6632002.0,2.49832,5.3152099999999995,47.9946
6640002.0,2.99746,5.50894,49.4244
6648002.0,4.2531,6.10578,1.3649200000000001
6656002.0,5.7449900000000005,6.17397,2.8749700000000002
6664002.0,6.54284,6.3068800000000005,3.9197599999999997
6672002.0,7.1300300000000005,6.27729,5.36534
6680002.0,7.569710000000001,6.61843,7.2165300000000006
6688002.0,7.971480000000001,6.792260000000001,9.580589999999999
6696002.0,9.03278,6.87718,11.1869
6704002.0,10.1622,6.80059,12.8733
6712002.0,11.0479,6.9488,14.5036
6720002.0,11.741,7.14215,15.904000000000002
6728002.0,12.5611,6.95395,16.5704
6736002.0,13.4117,6.992310000000001,17.8186
6744002.0,13.9286,7.00109,19.4564
6752002.0,14.9893,6.7367300000000006,20.8824
6760002.0,15.9713,6.43842,21.9667
6768002.0,16.1588,6.52705,23.3762
6776002.0,16.6803,6.60853,24.6556
6784002.0,16.6896,6.93818,26.1377
6792002.0,17.1432,7.08113,27.25
6800002.0,17.4774,7.035880000000001,28.4898
6808002.0,17.7569,7.4961899999999995,29.3793
6816002.0,17.5238,7.721189999999999,30.6376
6824002.0,17.8767,8.11837,32.0706
6832002.0,18.8433,8.83584,34.3055
6840002.0,19.178,9.10058,36.6553
6848002.0,20.4546,10.3562,39.1581
6856002.0,21.1407,10.4514,41.1875
6864002.0,21.5158,10.4823,43.1324
6872002.0,21.9405,10.3974,44.763000000000005
6880002.0,22.8679,11.3214,45.1595
6888002.0,22.9371,12.3032,46.6471
6896002.0,24.0384,12.3377,48.2921
6904002.0,25.1396,12.4163,1.0771700000000002
6912002.0,26.8577,12.649000000000001,3.96234
6920002.0,28.4666,12.6651,6.780310000000001
6928002.0,29.8639,12.3898,9.29378
6936002.0,30.1173,12.532,11.0674
6944002.0,31.8663,12.243,12.6827
6952002.0,34.4112,12.0776,13.9948
6960002.0,35.5385,11.5254,14.3358
6968002.0,36.6952,11.6725,16.1751
6976002.0,37.6006,11.5612,18.7504
6984002.0,38.287,11.2065,21.0772
6992002.0,38.9084,10.9337,22.804000000000002
7000002.0,39.5554,10.9128,24.4351
7008002.0,40.2964,11.0468,25.9628
7016002.0,40.8543,10.8288,27.6863
7024002.0,41.7046,10.7129,29.7689
7032002.0,42.7589,11.4037,31.8951
7040002.0,43.5573,11.3951,34.1337
7048002.0,44.5768,11.4792,36.7143
7056002.0,46.0662,11.862,38.9577
7064002.0,48.6724,11.9111,40.6753
7072002.0,0.794411,11.8688,43.1618
7080002.0,2.4245400000000004,12.0207,46.0
7088002.0,3.27912,11.9114,47.9986
7096002.0,3.4404,11.7827,0.101701
7104002.0,3.8506199999999997,11.7601,1.1003399999999999
7112002.0,4.97471,11.6047,2.91681
7120002.0,7.42714,11.6602,4.67314
7128002.0,8.00652,11.6371,5.73503
7136002.0,8.82104,11.703,7.7933699999999995
7144002.0,9.21107,11.8037,9.78905
7152002.0,10.0649,11.9205,12.2444
7160002.0,10.8603,11.7316,14.4214
7168002.0,11.0318,11.9506,16.1859
7176002.0,10.970999999999998,12.1387,18.9603
7184002.0,11.9107,12.6153,21.1596
7192002.0,12.3514,12.6763,23.9497
7200002.0,14.0319,13.0289,28.014
7204002.0,14.004000000000001,13.2441,28.8166
7212002.0,16.2329,12.0508,34.3088
7220002.0,17.9562,11.7723,37.0971
7228002.0,19.142,11.568,39.6702
7236002.0,20.5398,11.7108,41.69
7244002.0,22.1339,11.8434,45.4339
7252002.0,22.7576,12.1044,48.136
7260002.0,23.8085,11.9102,0.7689
7268002.0,24.8116,12.4355,4.01564
7276002.0,25.9486,12.4344,5.563280000000001
7284002.0,26.5146,12.3629,8.089839999999999
7292002.0,28.2619,12.6826,9.39362
7300002.0,29.7188,12.7904,12.2071
7308002.0,30.5549,12.8298,14.630999999999998
7316002.0,31.5145,12.7987,16.1821
7324002.0,31.4218,13.0311,18.3484
7332002.0,31.8685,13.0507,22.0611
7340002.0,32.4546,13.2313,24.008000000000003
7348002.0,32.8915,13.2786,25.6008
7356002.0,33.423,13.4932,26.9343
7364002.0,34.367,13.7412,28.6203
7372002.0,34.9603,13.6918,30.4003
7380002.0,34.6554,13.607000000000001,31.8414
7388002.0,34.6086,13.5252,34.5222
7396002.0,35.4905,13.3387,36.3036
7404002.0,36.4188,12.9631,38.8416
7412002.0,37.1946,12.6284,40.9371
7420002.0,38.6406,12.2166,43.894
7428002.0,40.6384,11.785,46.0081
7436002.0,40.9079,11.6782,47.498000000000005
7444002.0,40.8972,11.7684,0.411242
7452002.0,42.1829,11.0676,2.39281
7460002.0,42.9689,10.5575,3.6734199999999997
7468002.0,42.0842,13.0526,6.51671
7476002.0,41.8433,13.9083,8.341239999999999
7484002.0,42.1007,14.1206,11.5714
7492002.0,42.6773,13.3673,13.6366
7500002.0,44.0492,13.3357,17.1045
7508002.0,44.8229,13.4536,18.8826
7516002.0,45.1789,13.5023,21.0545
7524002.0,46.0569,13.6027,23.8892
7532002.0,46.841,14.0434,28.004
7540002.0,47.6117,13.2586,30.4864
7548002.0,47.6544,13.1968,31.493000000000002
7556002.0,48.8287,12.9998,34.4953
7564002.0,48.9772,12.8645,36.3134
7572002.0,0.139231,12.8524,38.1678
7580002.0,0.396856,12.636,40.4104
7588002.0,0.5981390000000001,12.468,43.0939
7596002.0,1.22106,12.7766,45.04
7604002.0,2.21295,13.1853,47.1404
7612002.0,2.88889,13.2433,0.842391
7620002.0,3.40118,13.4099,3.34406
7628002.0,4.61581,13.2774,6.51604
7636002.0,5.6012900000000005,13.3851,8.84671
7644002.0,6.26003,13.3985,10.8677
7652002.0,7.041589999999999,12.9583,12.7914
7660002.0,7.52728,13.1914,15.8214
7668002.0,9.11875,13.3981,19.1407
7676002.0,9.33035,13.5571,22.6039
7684002.0,9.96653,13.565999999999999,25.3748
7692002.0,11.857000000000001,13.6432,27.8047
7700002.0,12.4852,13.9672,29.4917
7708002.0,11.9701,14.6066,32.3863
7716002.0,12.4747,15.1105,34.6812
7724002.0,12.8738,15.4999,36.9858
7732002.0,13.9281,16.1431,40.2807
7740002.0,16.0185,16.498,42.9863
7748002.0,16.6474,16.4655,46.1752
7756002.0,18.088,16.187,48.6683
7764002.0,18.8281,16.2687,2.0474099999999997
7772002.0,18.8891,16.2625,5.2382800000000005
7780002.0,19.3782,15.9958,8.41008
7788002.0,19.3012,16.0981,11.8654
7796002.0,19.3904,16.4188,14.8576
7804002.0,20.0751,16.236,17.0136
7812002.0,19.7228,16.3232,20.5791
7820002.0,20.4006,16.3495,22.9551
7828002.0,20.7142,16.3132,26.7785
7836002.0,21.19,16.4447,30.9578
7844002.0,21.7581,16.5904,33.6762
7852002.0,22.236,17.0777,38.2966
7860002.0,23.1003,16.7817,40.9053
7868002.0,24.593000000000004,16.3943,45.467
7876002.0,26.0254,15.9276,48.4094
7884002.0,28.3495,15.6224,2.95533
7892002.0,29.8215,15.9195,6.97547
7900002.0,30.6089,16.1156,10.5095
7908002.0,31.4298,16.2844,13.2598
7916002.0,30.7899,16.7352,16.3403
7924002.0,30.0546,17.2145,19.46
7932002.0,32.0737,15.5409,17.0082
7940002.0,31.9523,15.709000000000001,18.9716
7948002.0,34.0231,15.3615,20.3713
7956002.0,35.2653,15.2304,21.9336
7964002.0,35.345,15.0885,24.1193
7972002.0,35.5274,15.1504,26.9915
7980002.0,34.8314,15.1099,30.4859
7988002.0,34.9473,14.8918,32.1523
7996002.0,35.1938,14.8454,33.9389
