2.0,26.9214,28.7658,33.5894
8002.0,31.9858,29.2802,37.1166
16002.0,34.5313,29.0403,40.6574
24002.0,34.4135,29.0975,45.62
32002.0,34.7678,29.1224,48.7935
40002.0,35.2105,29.1525,3.5223800000000005
48002.0,36.4097,28.6615,7.631710000000001
56002.0,36.1833,28.8188,11.9438
64002.0,35.2352,29.1171,14.8974
72002.0,36.2064,29.493000000000002,17.752
80002.0,36.3571,30.0565,20.7637
88002.0,37.4983,30.4993,25.0899
96002.0,37.7959,30.3345,29.0538
104002.0,38.2084,30.3291,32.5329
112002.0,38.6034,30.6544,34.2628
120002.0,39.378,29.8044,37.1871
128002.0,39.5002,29.7824,41.2274
136002.0,40.9672,29.8325,45.2794
144002.0,41.6474,29.7434,48.7042
152002.0,43.1906,29.5206,2.392
160002.0,47.6128,30.0944,5.53285
168002.0,47.8886,30.0606,9.16013
176002.0,47.7727,29.8695,12.744000000000002
184002.0,48.2217,29.3709,15.8007
192002.0,48.13399999999999,29.1357,19.5259
200002.0,48.6771,29.182,23.7542
208002.0,48.9057,29.8357,27.3271
216002.0,49.1935,30.0409,32.0888
224002.0,49.4382,30.3146,36.6404
232002.0,0.242854,30.4904,41.2875
240002.0,0.47892399999999996,30.9604,45.2058
248002.0,0.560983,30.8911,49.1717
256002.0,1.13894,31.0584,4.75041
264002.0,1.36131,31.2158,9.613669999999999
272002.0,2.69802,31.4395,14.0959
280002.0,3.1978,31.1871,17.7518
288002.0,3.9018599999999997,31.2373,22.5975
296002.0,4.089230000000001,30.8473,26.5392
304002.0,5.512569999999999,30.2891,30.0129
312002.0,6.53683,30.3934,33.6888
320002.0,8.47828,30.3781,38.6888
328002.0,11.3318,28.8844,44.0106
336002.0,12.6695,29.2226,48.369
344002.0,12.6563,29.3472,3.86107
352002.0,13.4274,29.3236,7.254110000000001
360002.0,14.1089,29.3308,11.1508
368002.0,15.2747,29.4086,14.5408
376002.0,15.4397,29.726,19.4509
384002.0,16.5771,29.9644,23.0003
392002.0,16.8956,30.1024,26.7156
400002.0,17.0705,30.5778,31.6516
408002.0,17.1652,30.7329,36.6541
416002.0,17.1629,30.4206,40.3438
424002.0,18.1078,30.4756,44.4484
432002.0,18.6908,30.2767,48.2101
440002.0,19.0855,30.2701,3.6173900000000003
448002.0,19.1967,30.3958,7.948589999999999
456002.0,19.3872,30.5566,11.7679
464002.0,20.0025,30.0803,15.0749
472002.0,21.1306,29.9764,20.0397
480002.0,22.0734,30.1658,24.7468
488002.0,22.9534,29.9983,29.2856
496002.0,23.9783,29.889,33.8821
504002.0,24.0765,29.7287,38.702
512002.0,24.6193,29.5068,43.2274
520002.0,24.9382,29.925,47.3924
528002.0,25.3274,30.0806,3.10145
536002.0,26.3406,30.1134,7.69154
544002.0,28.3862,30.0097,11.9127
552002.0,30.2937,29.9844,15.7632
560002.0,32.4184,30.3912,19.398
568002.0,33.0469,30.179000000000002,23.4421
576002.0,33.9677,29.4669,29.3297
584002.0,35.056999999999995,29.896,33.7192
592002.0,36.2536,30.0857,36.4117
600002.0,36.6174,29.5675,40.5349
608002.0,37.2334,29.6031,43.9095
616002.0,38.6356,30.5098,49.0075
624002.0,39.080999999999996,30.4479,4.2255
632002.0,39.4916,30.3512,8.72287
640002.0,40.5562,30.3777,12.6201
648002.0,40.7264,30.5648,15.2918
656002.0,40.8077,30.6418,19.4758
664002.0,41.3387,30.2309,24.0126
672002.0,41.773,30.1921,28.6203
680002.0,42.3547,31.025,33.3112
688002.0,43.1468,31.3794,38.3016
696002.0,43.6398,31.3161,42.9486
704002.0,44.2691,31.1365,48.4871
712002.0,44.6181,31.2552,3.83596
720002.0,45.2435,31.1119,7.46685
728002.0,45.1609,31.0386,12.4007
736002.0,44.9356,31.1976,17.0001
744002.0,45.9518,30.9784,21.2555
752002.0,45.9832,31.4217,25.8024
760002.0,46.5845,31.4306,30.9109
768002.0,46.6198,31.5058,34.9148
776002.0,46.9781,31.6526,40.569
784002.0,46.6429,31.6757,44.4215
792002.0,47.4045,31.8121,48.1473
800002.0,47.485,31.8968,3.66046
808002.0,48.1585,31.8369,8.255519999999999
816002.0,48.7978,31.7984,12.4867
824002.0,49.4872,31.6053,16.4516
832002.0,0.8402940000000001,31.3185,21.3302
840002.0,1.74898,30.5551,25.3434
848002.0,3.15081,30.1523,29.5972
856002.0,5.78635,29.7497,33.4952
864002.0,7.43266,29.5761,37.404
872002.0,7.06474,29.2325,41.2674
880002.0,7.8487800000000005,28.6233,45.3624
888002.0,9.38615,28.8175,0.177677
896002.0,10.6865,28.6917,4.35548
904002.0,11.5348,28.9088,8.86529
912002.0,12.8915,28.8956,12.2956
920002.0,13.9128,28.6097,16.2925
928002.0,13.883,29.1218,20.7728
936002.0,14.7283,29.1,23.6231
944002.0,15.3885,29.0985,27.1259
952002.0,17.8884,28.9656,30.5964
960002.0,18.5702,29.2914,34.9736
968002.0,20.4998,29.6422,38.486
976002.0,21.5422,29.5215,42.5812
984002.0,22.0056,29.4279,47.0792
992002.0,22.0397,29.4671,0.988566
1000002.0,22.5974,29.5967,4.37539
1008002.0,23.0929,29.3572,8.67053
1016002.0,22.6504,29.2224,13.0101
1024002.0,24.6074,29.3119,17.021
1032002.0,24.8933,28.9945,20.1523
1040002.0,25.3564,29.0929,24.8857
1048002.0,24.9144,28.8038,28.704
1056002.0,24.4593,28.8032,32.7346
1064002.0,24.6779,28.7738,37.6074
1072002.0,25.0254,28.5002,41.7644
1080002.0,25.3353,28.5638,45.3998
1088002.0,25.6596,28.7289,48.6324
1096002.0,26.5002,28.695,3.3708
1104002.0,27.2724,28.5267,7.73997
1112002.0,27.5749,28.3815,12.3244
1120002.0,28.0651,28.1919,16.596
1128002.0,28.533,28.5276,20.3954
1136002.0,29.2819,28.9311,25.208000000000002
1144002.0,30.0118,29.0902,28.9497
1152002.0,30.7944,28.5086,33.9557
1160002.0,31.2289,28.5961,38.4722
1168002.0,31.7075,28.8162,42.4713
1176002.0,32.4406,28.671999999999997,46.905
1184002.0,33.2587,28.8906,2.0211
1192002.0,33.9389,28.9749,5.52206
1200002.0,34.4301,29.2482,9.72213
1208002.0,35.0496,29.3048,14.3691
1216002.0,35.9015,28.8776,18.3306
1224002.0,36.5839,28.9034,23.5409
1232002.0,37.7928,29.0097,28.0399
1240002.0,38.388000000000005,28.9294,32.6754
1248002.0,38.7378,28.953000000000003,37.9043
1256002.0,39.7305,29.3785,42.0434
1264002.0,40.5699,29.6011,46.6141
1272002.0,41.1748,29.4028,2.26416
1280002.0,42.8216,29.3638,6.692
1288002.0,43.4996,29.2415,9.9962
1296002.0,43.3732,29.0474,14.4946
1304002.0,45.038999999999994,29.2111,18.0202
1312002.0,45.626000000000005,29.0263,22.5796
1320002.0,47.4945,29.4929,27.491999999999997
1328002.0,47.6648,29.2013,31.553
1336002.0,48.6894,29.4433,36.3085
1344002.0,0.344808,29.6325,40.0471
1352002.0,0.9339780000000001,29.5331,45.1757
1360002.0,1.17405,29.6039,0.191399
1368002.0,2.42044,29.7989,5.13079
1376002.0,3.01746,30.3913,10.2049
1384002.0,3.0773099999999998,30.285999999999998,15.5982
1392002.0,3.0571900000000003,29.888,20.2016
1400002.0,4.48645,30.1244,25.221999999999998
1408002.0,5.2862,29.6148,29.9977
1416002.0,5.8868,29.7242,34.2673
1424002.0,6.22313,30.006999999999998,39.1167
1432002.0,6.84346,29.9716,44.4379
1440002.0,9.049669999999999,30.1391,0.0624597
1448002.0,9.67083,29.8808,3.9769400000000004
1456002.0,10.8331,30.0039,8.00531
1464002.0,11.6898,30.2496,12.1184
1472002.0,12.0576,30.3267,16.314
1480002.0,12.9351,30.7133,20.3927
1488002.0,13.5435,30.7809,24.535
1496002.0,13.6893,30.8538,28.6069
1504002.0,13.9661,30.4784,33.0544
1512002.0,15.1997,30.2295,37.9545
1520002.0,15.5735,30.4037,42.2813
1528002.0,16.39,30.5167,47.326
1536002.0,16.7442,30.5526,2.34491
1544002.0,17.6524,30.4619,6.7849699999999995
1552002.0,19.5036,29.991999999999997,10.7778
1560002.0,20.0113,29.9462,15.8071
1568002.0,20.6278,29.6827,20.6156
1576002.0,20.635,29.2844,25.8307
1584002.0,21.2598,29.6564,30.9299
1592002.0,21.4704,29.9084,35.1372
1600002.0,22.0492,30.3628,39.6505
1608002.0,22.5259,30.3301,44.8059
1616002.0,22.8622,29.8792,49.1103
1624002.0,22.9015,29.4114,3.97877
1632002.0,23.1573,29.7259,8.69722
1640002.0,24.1359,29.441,13.6189
1648002.0,25.1175,29.9691,17.5434
1656002.0,25.1172,29.7761,22.6291
1664002.0,25.6533,30.1949,27.4962
1672002.0,26.2637,30.3061,32.0705
1680002.0,25.6957,32.2201,37.2081
1688002.0,27.48,32.6627,47.2915
1696002.0,25.6623,31.0601,2.08996
1704002.0,26.2414,31.482,6.8099300000000005
1712002.0,25.9489,31.3561,11.9733
1720002.0,28.0531,32.0119,15.104000000000001
1728002.0,27.5972,30.5708,19.3805
1736002.0,27.6542,30.6025,23.6773
1744002.0,27.5989,29.9903,27.1415
1752002.0,28.0469,30.4926,30.8729
1760002.0,28.1089,30.4935,35.1388
1768002.0,29.2082,30.299,39.1316
1776002.0,30.1361,30.568,43.4272
1784002.0,30.4709,30.4813,47.5791
1792002.0,30.5987,30.7637,2.25247
1800002.0,31.5426,30.6866,7.47107
1808002.0,32.5,30.8766,11.8838
1816002.0,33.649,31.0711,14.9823
1824002.0,34.7699,31.9886,19.2285
1832002.0,35.9677,32.5409,23.17
1840002.0,37.8015,32.629,26.4329
1848002.0,37.6892,32.4307,30.6975
1856002.0,39.0453,32.6398,35.194
1864002.0,40.2552,33.1259,39.977
1872002.0,40.5075,33.427,43.9061
1880002.0,41.8075,33.6261,48.3919
1888002.0,43.2128,33.6886,3.04508
1896002.0,44.242,33.9135,7.765110000000001
1904002.0,44.3026,33.8575,11.8088
1912002.0,44.7981,34.2267,16.6306
1920002.0,45.0558,33.9547,22.105
1928002.0,46.4662,34.3555,26.901
1936002.0,46.5285,33.9585,31.4778
1944002.0,47.0026,34.2606,35.9433
1952002.0,47.6833,33.8015,40.9681
1960002.0,47.3292,33.6013,45.6661
1968002.0,47.8766,33.6071,0.42781499999999995
1976002.0,49.1006,33.525999999999996,5.4804699999999995
1984002.0,0.17285799999999998,33.764,10.394
1992002.0,0.5142899999999999,33.9985,14.9408
2000002.0,1.65388,33.7961,19.2483
2008002.0,2.12929,33.2083,24.3356
2016002.0,3.1686,33.0305,29.6998
2024002.0,3.5325,32.9616,34.3604
2032002.0,4.37937,32.9507,37.9821
2040002.0,5.88879,32.9552,42.8973
2048002.0,6.31995,32.7424,47.891999999999996
2056002.0,7.3169699999999995,33.3508,2.08256
2064002.0,8.10608,33.7057,6.70609
2072002.0,9.60395,33.7793,11.2345
2080002.0,10.513,33.6853,15.6212
2088002.0,11.7234,33.8357,19.3107
2096002.0,12.4854,33.6672,24.029
2104002.0,14.327,34.232,27.2439
2112002.0,15.8303,34.2232,32.6892
2120002.0,16.265,34.3158,38.1602
2128002.0,16.4495,34.7421,42.082
2136002.0,17.1049,34.9497,46.8665
2144002.0,17.6746,35.0223,2.53926
2152002.0,18.346,35.292,7.02982
2160002.0,18.7092,35.3718,11.2811
2168002.0,18.9725,35.4352,16.3952
2176002.0,19.1542,35.6042,21.3913
2184002.0,20.2005,35.9828,25.4127
2192002.0,20.7072,36.391999999999996,28.5857
2200002.0,20.5394,35.4748,32.7142
2208002.0,21.3932,36.0568,37.1468
2216002.0,21.4915,36.6523,41.685
2224002.0,22.6455,37.3004,47.3693
2232002.0,22.6158,38.4533,4.21509
2240002.0,23.0385,38.6757,8.75671
2248002.0,23.1108,38.5695,12.6466
2256002.0,22.6001,38.7265,16.4308
2264002.0,23.1223,38.7831,20.9466
2272002.0,23.3857,38.4321,26.4167
2280002.0,23.4368,38.7221,31.4419
2288002.0,23.1421,38.8833,36.7331
2296002.0,24.2864,39.1302,42.5995
2304002.0,25.1688,39.1988,47.0029
2312002.0,25.6432,39.3996,2.41273
2320002.0,26.5864,39.326,7.50518
2328002.0,27.0687,39.3456,12.2585
2336002.0,27.1752,39.309,17.4015
2344002.0,27.7971,39.2911,22.6379
2352002.0,28.2937,39.378,27.346999999999998
2360002.0,28.9014,39.5902,32.3106
2368002.0,29.4069,39.5481,37.5186
2376002.0,29.8401,39.5856,42.8589
2384002.0,29.9351,39.4835,47.7926
2392002.0,30.4859,39.5741,3.7491199999999996
2400002.0,30.9904,39.6057,8.767489999999999
2408002.0,31.031,39.3699,13.8992
2414002.0,31.3423,39.3037,17.6498
2422002.0,32.619,38.6965,24.1071
2430002.0,36.3476,38.2873,28.862
2438002.0,38.876,37.5281,34.3857
2446002.0,40.0405,35.9589,39.7471
2454002.0,40.0602,36.4477,44.1995
2462002.0,41.5815,36.4743,48.8946
2470002.0,42.6386,36.3441,3.12843
2478002.0,43.7354,36.5293,7.91033
2486002.0,44.5851,36.5452,12.0202
2494002.0,45.173,36.8768,16.3566
2502002.0,45.7003,36.5959,20.5878
2510002.0,47.4611,36.6822,25.7238
2518002.0,47.4936,36.5985,29.865
2526002.0,0.141013,36.4381,33.4027
2534002.0,1.87073,36.2303,37.4699
2542002.0,2.0388,36.0982,42.6244
2550002.0,2.36516,36.2609,47.7484
2558002.0,3.50575,36.2219,1.2626899999999999
2566002.0,4.26072,37.1928,5.525869999999999
2574002.0,5.2981,37.4111,8.68486
2582002.0,4.57409,36.6644,12.3034
2590002.0,10.015,36.5298,16.2799
2598002.0,11.0653,36.2556,25.0298
2606002.0,11.6525,34.6547,29.9869
2614002.0,13.3386,34.9728,34.7735
2622002.0,13.7942,35.3998,38.7692
2630002.0,14.6687,35.3612,43.0693
2638002.0,15.4494,35.5927,47.4293
2646002.0,16.2691,35.5432,2.82219
2654002.0,17.1504,35.469,7.6913
2662002.0,17.924,36.0842,11.1242
2670002.0,18.4482,36.6658,15.7525
2678002.0,20.7009,35.8782,20.8136
2686002.0,23.48,36.0903,24.8309
2694002.0,24.7869,36.2303,28.2609
2702002.0,25.3939,36.4483,33.2584
2710002.0,26.2521,36.3948,38.5766
2718002.0,26.9196,36.5191,43.8432
2726002.0,27.5555,36.5343,47.4636
2734002.0,28.145,36.6875,2.74182
2742002.0,29.3989,36.7133,7.355580000000001
2750002.0,30.7115,36.2938,11.3769
2758002.0,31.7501,36.2928,16.0134
2766002.0,32.1003,36.4315,20.8701
2774002.0,32.5136,36.4793,25.241
2782002.0,33.0931,36.2484,29.6819
2790002.0,33.1457,36.2985,34.7982
2798002.0,33.5803,36.1121,39.7777
2806002.0,34.5021,36.1826,45.1468
2814002.0,34.2559,36.3708,1.1596600000000001
2822002.0,34.7601,36.0589,5.76599
2830002.0,35.3026,36.3471,9.78775
2838002.0,36.0154,35.7789,13.9914
2846002.0,37.5963,35.9109,17.9466
2854002.0,39.3056,35.563,23.1603
2862002.0,41.4773,35.0368,28.0921
2870002.0,41.1289,36.3204,31.6588
2878002.0,42.4109,36.1251,35.9189
2886002.0,42.495,35.9943,40.385
2894002.0,43.6501,36.1326,44.8115
2902002.0,44.7047,36.3478,49.4559
2910002.0,44.7136,36.5188,4.5423800000000005
2918002.0,44.9536,36.4159,8.59068
2926002.0,45.4433,36.4742,14.4391
2934002.0,46.0919,36.1129,19.5802
2942002.0,46.1661,35.9972,24.3944
2950002.0,46.2198,35.8549,28.9828
2958002.0,46.4434,35.8315,33.6451
2966002.0,47.00899999999999,35.7644,38.6775
2974002.0,46.8892,35.8347,42.7766
2982002.0,47.2907,35.9929,47.8252
2990002.0,47.9478,35.9083,3.3037699999999997
2998002.0,48.1502,35.8668,7.394010000000001
3006002.0,48.8321,35.7671,11.8896
3014002.0,49.1791,35.982,17.1783
3022002.0,0.623606,36.0178,21.7494
3030002.0,1.0393700000000001,36.3987,27.1841
3038002.0,1.4213200000000001,36.4701,31.9218
3046002.0,1.66147,36.2114,36.8907
3054002.0,4.02896,35.2787,40.8396
3062002.0,3.22217,34.9054,45.1153
3070002.0,4.3779,34.3615,1.10937
3078002.0,3.01072,34.7392,5.9795
3086002.0,3.43589,35.071,11.1043
3094002.0,4.01397,35.4043,16.0756
3102002.0,5.18267,35.4353,19.7389
3110002.0,6.70033,35.6016,24.1009
3118002.0,7.63433,35.5686,28.7444
3126002.0,7.4709699999999994,35.3767,33.9173
3134002.0,8.35553,35.3494,38.6805
3142002.0,8.92341,35.3476,43.2925
3150002.0,10.2848,34.9778,46.9468
3158002.0,13.4073,35.2717,1.74447
3166002.0,13.8607,35.6848,4.9793400000000005
3174002.0,13.3236,37.1371,5.78611
3182002.0,14.2467,37.3588,11.5649
3190002.0,14.8259,36.2263,11.8346
3198002.0,15.9688,37.3673,18.3695
3206002.0,17.5632,37.2232,22.2128
3214002.0,19.4479,36.0837,25.5352
3222002.0,22.1018,38.0487,30.0924
3230002.0,24.1825,38.3481,32.3007
3238002.0,25.2374,39.0898,37.2807
3246002.0,27.9279,39.4534,42.4355
3254002.0,27.9976,39.4156,45.9214
3262002.0,28.9074,39.3491,49.2199
3270002.0,29.9413,40.2647,4.608280000000001
3278002.0,30.4034,40.321999999999996,8.332230000000001
3286002.0,30.8171,40.1777,12.165
3294002.0,31.6235,39.8832,15.8892
3302002.0,32.2036,40.0041,20.95
3310002.0,33.3445,40.3324,24.6703
3318002.0,33.963,39.9871,29.1727
3326002.0,34.7678,40.080999999999996,33.7474
3334002.0,35.8066,39.694,38.3337
3342002.0,36.2487,39.6802,42.7998
3350002.0,36.6997,40.0025,47.0623
3358002.0,38.8382,40.2546,2.0706700000000002
3366002.0,41.5177,40.4359,7.54965
3374002.0,42.7655,40.4535,12.2475
3382002.0,43.9689,40.1348,16.9076
3390002.0,45.7518,39.9234,20.7539
3398002.0,46.6048,39.9841,25.5654
3406002.0,47.2784,40.3606,30.3961
3414002.0,49.449,39.8884,34.742
3422002.0,2.6187099999999996,39.7573,39.2017
3430002.0,5.33387,39.4254,43.5756
3438002.0,6.0730699999999995,39.0954,47.8457
3446002.0,5.92893,38.8239,2.6541900000000003
3454002.0,6.20484,39.1379,7.0933399999999995
3462002.0,6.23358,39.5861,11.6378
3470002.0,6.34784,39.721,16.1506
3478002.0,6.46963,39.9404,20.6643
3486002.0,6.52693,39.974000000000004,25.2929
3494002.0,6.7137,39.7963,29.9781
3502002.0,6.58945,39.591,34.9151
3510002.0,6.54859,38.9153,39.7518
3518002.0,6.19715,38.2984,44.6124
3526002.0,6.26697,37.9418,0.078554
3534002.0,5.9896400000000005,37.8349,4.69272
3542002.0,6.05405,37.6265,9.232439999999999
3550002.0,5.88167,36.4683,13.5854
3558002.0,5.80438,36.4241,18.3424
3566002.0,6.40565,35.906,22.8119
3574002.0,6.77215,35.9521,28.0867
3582002.0,7.3572,35.4561,33.7673
3590002.0,8.06735,35.0979,38.5823
3598002.0,7.9374899999999995,34.3498,44.2819
3606002.0,8.1854,34.1153,49.2488
3614002.0,8.553939999999999,33.9984,3.9895300000000002
3622002.0,9.624130000000001,33.2613,9.092239999999999
3630002.0,10.0236,33.6231,14.0956
3638002.0,10.2051,33.7355,18.448
3646002.0,11.163,33.7186,23.4961
3654002.0,11.0692,33.5739,27.8502
3662002.0,11.2828,33.9269,32.7173
3670002.0,11.1583,33.9576,37.3522
3678002.0,11.7258,34.1027,42.3265
3686002.0,12.1363,34.3208,47.318000000000005
3694002.0,12.0666,34.6042,2.61005
3702002.0,12.9071,34.8381,7.8928
3710002.0,13.2146,34.6864,11.9287
3718002.0,13.3605,34.972,17.0551
3726002.0,13.5981,35.3191,21.899
3734002.0,13.635,35.2723,27.0714
3742002.0,14.1309,35.582,31.6528
3750002.0,15.4533,36.1087,35.9976
3758002.0,17.0255,36.2412,40.7377
3766002.0,18.5332,36.3536,45.1186
3774002.0,19.6757,36.5302,0.46162
3782002.0,20.6295,36.3116,4.10255
3790002.0,21.5533,36.0593,8.663039999999999
3798002.0,21.4057,36.0032,12.7847
3806002.0,21.5922,36.3595,17.6866
3814002.0,23.0414,37.3204,21.9872
3822002.0,23.8616,37.3831,25.9128
3830002.0,24.6787,37.3767,30.308000000000003
3838002.0,25.3155,37.0409,34.9407
3846002.0,25.5607,37.6802,40.0878
3854002.0,25.8556,37.7257,44.8451
3862002.0,26.3212,37.79,49.4329
3870002.0,26.813000000000002,37.8547,5.01884
3878002.0,26.8282,37.7393,10.2651
3886002.0,27.4653,37.7942,15.325
3894002.0,28.6021,37.6371,19.9703
3902002.0,28.9505,37.5824,24.6397
3910002.0,30.4576,37.6877,29.8706
3918002.0,31.6496,37.2573,34.9298
3926002.0,32.7637,37.258,39.3742
3934002.0,33.9688,36.7004,44.3347
3942002.0,34.6893,36.7681,0.0176412
3950002.0,34.6815,36.8159,4.9092400000000005
3958002.0,35.0937,36.9322,10.0156
3966002.0,36.2416,36.9169,14.6078
3974002.0,37.3444,37.1204,18.9091
3982002.0,37.8466,37.2397,23.4727
3990002.0,39.0671,36.9746,28.2866
3998002.0,39.9759,37.321,32.6506
4006002.0,41.0855,36.9748,36.3734
4014002.0,41.7687,36.9474,41.1012
4022002.0,42.3267,36.8033,45.6432
4030002.0,43.239,37.37,49.1451
4038002.0,43.8994,36.9981,3.75481
4046002.0,45.1587,36.5728,7.582339999999999
4054002.0,45.4172,37.0619,13.270999999999999
4062002.0,46.6948,37.1953,18.2801
4070002.0,46.6182,36.5688,21.1514
4078002.0,46.7842,37.0046,26.4392
4086002.0,47.8668,36.2803,29.9944
4094002.0,48.0914,36.2889,34.0451
4102002.0,48.8338,36.6792,39.7844
4110002.0,49.3692,36.9605,44.3269
4118002.0,0.5141979999999999,37.4429,49.008
4126002.0,1.1275600000000001,37.4865,4.90209
4134002.0,1.28624,37.5069,8.648639999999999
4142002.0,1.7493,37.5069,12.992
4150002.0,2.93833,37.5464,17.8971
4158002.0,3.5179099999999996,37.4432,22.787
4166002.0,4.26731,37.4579,26.8588
4174002.0,5.08478,37.5601,30.4928
4182002.0,5.20339,37.7569,35.4656
4190002.0,6.25857,37.2439,39.9268
4198002.0,6.77435,37.7153,44.716
4206002.0,7.17042,37.8028,0.454845
4214002.0,8.568710000000001,38.0692,6.6144
4222002.0,9.011389999999999,38.3489,11.9579
4230002.0,10.2845,38.3156,16.9489
4238002.0,11.9985,38.2053,22.8995
4246002.0,13.3126,38.0464,27.3016
4254002.0,15.228,37.5155,33.3903
4262002.0,15.5182,37.1638,39.1617
4270002.0,15.3258,37.0051,43.92
4278002.0,16.0933,37.2388,49.2146
4286002.0,16.3076,37.0205,5.44896
4294002.0,17.3307,36.9447,10.0121
4302002.0,17.9675,37.0006,14.9159
4310002.0,18.3961,37.0006,19.9203
4318002.0,18.3823,37.0072,24.7221
4326002.0,18.6896,36.9758,29.4772
4334002.0,19.4632,36.5493,34.7074
4342002.0,19.781,36.5181,39.3425
4350002.0,19.5179,36.7282,44.6277
4358002.0,19.642,36.4844,0.29804400000000003
4366002.0,20.1592,36.4292,4.49399
4374002.0,20.3382,36.3115,8.65183
4382002.0,20.4872,36.3122,12.845999999999998
4390002.0,21.3497,36.1358,17.7527
4398002.0,21.7778,35.9793,23.795
4406002.0,22.4755,35.8596,29.1866
4414002.0,22.6981,35.4779,33.3962
4422002.0,22.881,35.5178,38.2361
4430002.0,22.8871,35.7558,43.4031
4438002.0,22.6433,35.8256,48.6156
4446002.0,22.5101,35.6622,3.7210300000000003
4454002.0,22.8229,35.4891,8.80162
4462002.0,23.0825,35.5529,13.7065
4470002.0,24.0448,35.1227,18.4292
4478002.0,24.7557,35.2725,22.0542
4486002.0,25.4119,35.5732,26.6173
4494002.0,25.7096,35.4861,31.2399
4502002.0,26.0556,35.6361,36.6156
4510002.0,25.1249,36.0009,40.2208
4518002.0,24.9561,36.5245,43.7394
4526002.0,25.4331,36.7147,48.8869
4534002.0,26.6438,38.9606,2.33548
4542002.0,26.8477,38.4772,7.020169999999999
4550002.0,26.7662,37.3123,10.2273
4558002.0,26.4849,38.5822,17.0219
4566002.0,25.8582,38.0611,21.9576
4574002.0,26.6295,37.5383,27.6185
4582002.0,27.8363,37.2532,33.5554
4590002.0,29.2498,37.1705,37.4946
4598002.0,30.4275,37.2484,42.1652
4606002.0,31.6457,37.2877,45.5367
4614002.0,32.6812,37.1342,48.8555
4622002.0,33.2974,36.8949,2.4809900000000003
4630002.0,36.299,37.0446,3.47601
4638002.0,39.5798,36.806999999999995,5.46539
4646002.0,40.7789,36.9972,10.6209
4654002.0,41.0207,37.3138,14.2902
4662002.0,42.7583,36.2035,17.7754
4670002.0,43.0104,36.4915,21.5789
4678002.0,42.294,36.9441,25.8942
4686002.0,44.0198,37.0433,30.144000000000002
4694002.0,44.2287,37.7918,34.861999999999995
4702002.0,46.015,37.6359,38.455
4710002.0,47.3661,38.1735,41.9199
4718002.0,47.7904,38.5072,46.2527
4726002.0,47.9776,38.8586,0.444146
4734002.0,0.39179400000000003,38.7928,4.9055800000000005
4742002.0,1.75298,39.0994,9.60308
4750002.0,1.8861400000000001,39.1515,13.5272
4758002.0,3.1358900000000003,39.2772,18.4899
4760002.0,3.2997199999999998,39.4032,19.5035
4768002.0,2.74982,39.1333,25.0367
4776002.0,4.01789,38.888000000000005,28.7961
4784002.0,5.86926,38.4687,33.8354
4792002.0,6.65195,38.5431,37.7945
4800002.0,6.900239999999999,38.234,41.9531
4808002.0,7.2904800000000005,37.8242,45.9702
4816002.0,9.04095,37.7017,0.877131
4824002.0,10.562999999999999,37.6384,4.82039
4832002.0,12.5182,37.2625,9.970989999999999
4840002.0,13.329,37.1012,15.1075
4848002.0,13.9694,37.1125,18.6326
4856002.0,16.3465,36.4173,22.6483
4864002.0,16.1312,36.7255,28.2699
4872002.0,18.2364,36.6818,31.7947
4880002.0,18.0111,36.8273,35.9047
4888002.0,18.3279,36.7809,40.0753
4896002.0,19.9695,36.635999999999996,44.1094
4904002.0,21.1216,36.9949,47.2613
4912002.0,22.1892,36.8743,2.37724
4920002.0,24.3191,36.9962,7.15535
4928002.0,25.5898,37.0475,11.6916
4936002.0,26.7425,37.0387,16.3197
4944002.0,26.4699,36.8561,19.5963
4952002.0,27.9567,36.7649,24.2742
4960002.0,27.9278,36.773,29.3236
4968002.0,27.9807,36.645,34.1669
4976002.0,28.3199,36.3039,39.0081
4984002.0,28.7427,35.9964,44.0374
4992002.0,29.739,35.8497,47.1569
5000002.0,30.4135,36.0272,2.27883
5008002.0,31.2256,36.3419,6.78764
5016002.0,31.6575,37.0365,9.94145
5024002.0,31.8425,37.3256,13.9704
5032002.0,32.5406,37.0356,18.9
5040002.0,33.7005,36.5087,23.8747
5048002.0,34.5419,36.2833,27.9113
5056002.0,35.5661,35.9181,33.0261
5064002.0,38.5009,35.4751,37.7811
5072002.0,39.6434,35.3646,42.2856
5080002.0,41.0653,35.334,47.0308
5088002.0,41.7927,35.2165,2.9116299999999997
5096002.0,45.3624,34.8221,8.42044
5104002.0,47.2273,34.8722,13.562000000000001
5112002.0,47.9917,35.3572,17.6239
5120002.0,49.1871,35.3845,22.9532
5128002.0,0.845145,35.4003,28.2517
5136002.0,0.998174,35.6752,32.5942
5144002.0,1.8728,35.7627,37.6536
5152002.0,2.09822,35.6482,43.0015
5160002.0,2.9561,35.7628,48.265
5168002.0,3.15951,35.5302,3.95535
5176002.0,3.6452699999999996,35.2873,9.07565
5184002.0,4.36843,35.2561,14.0333
5192002.0,4.75897,35.6931,18.5313
5200002.0,5.380380000000001,35.3898,23.3892
5208002.0,5.68354,35.7825,27.7648
5216002.0,6.83988,35.9927,32.6681
5224002.0,7.91144,35.9633,37.0701
5232002.0,9.21625,36.1035,42.1639
5240002.0,10.1353,35.6651,47.0459
5248002.0,10.3552,35.3893,1.16006
5256002.0,10.4604,34.938,4.6780800000000005
5264002.0,11.5613,34.7288,8.803289999999999
5272002.0,11.6854,34.9551,13.0423
5280002.0,13.1469,35.5779,18.4259
5288002.0,13.3422,34.7899,22.2563
5296002.0,14.8408,34.4921,26.6932
5304002.0,15.4872,34.6583,31.1424
5312002.0,17.2031,34.8167,35.7264
5320002.0,17.4888,34.9194,40.7677
5328002.0,17.7482,34.2366,44.5133
5336002.0,19.1307,34.0074,49.3937
5344002.0,20.2227,33.4321,3.9756699999999996
5352002.0,20.5519,33.1,8.53833
5360002.0,20.8363,34.2022,11.9997
5368002.0,20.6647,34.5728,17.2894
5376002.0,20.4868,34.2373,21.8351
5384002.0,21.984,34.3816,26.9756
5392002.0,21.6426,34.1039,30.485
5400002.0,22.4761,34.1152,35.0868
5408002.0,22.4784,34.08,39.7012
5416002.0,23.3975,34.1521,44.4965
5424002.0,23.0673,33.9213,48.9794
5432002.0,23.5293,33.8902,3.7440900000000004
5440002.0,24.9511,34.0294,7.19725
5448002.0,25.0659,33.7868,11.1241
5456002.0,25.3866,34.1554,16.6424
5464002.0,25.2605,34.3339,21.4369
5472002.0,24.2828,34.3222,26.5366
5480002.0,25.8859,34.6023,31.4624
5488002.0,26.5,34.2171,35.7655
5496002.0,28.2809,34.7858,40.7264
5504002.0,28.5184,34.5474,45.1598
5512002.0,28.9502,34.8961,0.6597930000000001
5520002.0,29.7278,34.8955,5.41298
5528002.0,30.8198,34.8418,10.0062
5536002.0,30.9883,34.7851,14.6278
5544002.0,30.8837,34.9593,19.1754
5552002.0,31.4964,34.887,23.2527
5560002.0,32.003,35.5342,28.638
5568002.0,32.6544,35.3906,33.0956
5576002.0,32.7612,34.8772,36.6831
5584002.0,33.2884,34.8999,42.1405
5592002.0,33.5878,34.9222,46.9151
5600002.0,34.2224,35.0718,2.15083
5608002.0,34.2796,34.5885,6.172219999999999
5616002.0,34.7148,34.4039,10.5359
5624002.0,34.7536,34.5022,14.8024
5632002.0,35.6929,34.6557,19.1491
5640002.0,37.6755,34.7785,23.5771
5648002.0,39.1373,34.8779,28.7979
5656002.0,39.3638,33.9588,33.1556
5664002.0,39.4349,34.0667,37.648
5672002.0,40.1703,34.1162,41.626999999999995
5680002.0,41.0487,34.4587,45.5304
5688002.0,41.7463,34.486,0.032922
5696002.0,42.1419,35.0261,4.16697
5704002.0,42.6523,35.3891,9.22556
5712002.0,42.5718,35.0032,13.5618
5720002.0,42.3274,34.8195,18.6681
5728002.0,42.75899999999999,33.9483,22.8882
5736002.0,42.9304,33.9556,27.6188
5744002.0,43.3065,34.4035,32.7335
5752002.0,43.369,34.4538,37.6073
5760002.0,44.0472,34.3071,41.7986
5768002.0,45.7088,34.3387,46.413000000000004
5776002.0,46.8529,34.2334,2.07044
5784002.0,47.2692,34.2147,7.08162
5792002.0,47.8416,34.1255,11.6275
5800002.0,48.8913,33.9005,16.8049
5808002.0,0.453888,34.1337,21.2123
5816002.0,1.42874,34.21,26.1843
5824002.0,1.90345,34.4089,30.4129
5832002.0,2.45933,34.7627,34.5734
5840002.0,3.29815,34.2983,39.7197
5848002.0,4.863,34.6438,43.7604
5856002.0,5.8731599999999995,35.0228,48.9024
5864002.0,7.22262,35.2927,3.7688900000000003
5872002.0,7.813219999999999,35.269,8.16797
5880002.0,8.14143,35.0645,12.7169
5888002.0,9.2218,34.9422,18.0404
5896002.0,10.1525,35.1112,22.5255
5904002.0,11.0666,34.9809,27.1162
5912002.0,11.364,34.9466,31.7301
5920002.0,11.498,34.8185,36.652
5928002.0,12.0972,34.8572,41.6245
5936002.0,12.1935,34.9861,46.9455
5944002.0,12.6273,35.1471,2.78104
5952002.0,12.8128,35.0761,8.17832
5960002.0,12.9169,34.9282,13.0978
5968002.0,13.039000000000001,34.9942,17.5884
5976002.0,13.2763,35.2577,23.0355
5984002.0,13.867,35.2251,27.8697
5992002.0,13.8895,35.2052,32.9155
6000002.0,14.1263,35.1964,38.2116
6008002.0,13.6082,35.2046,42.9849
6016002.0,13.915999999999999,35.6009,47.4639
6024002.0,13.8283,35.5887,3.21075
6032002.0,13.7417,35.7839,7.82635
6040002.0,13.4891,35.8388,12.7063
6048002.0,13.7032,35.9304,17.4617
6056002.0,14.0267,35.8231,22.6244
6064002.0,15.0717,36.128,28.178
6072002.0,15.2688,36.2008,32.7195
6080002.0,15.9773,36.2023,37.4752
6088002.0,17.6962,36.749,42.2089
6096002.0,17.8064,36.5821,46.5699
6104002.0,18.4241,36.2932,1.9907400000000002
6112002.0,18.9171,37.1137,7.28063
6120002.0,19.182000000000002,37.3354,12.0686
6128002.0,19.7115,37.4342,17.5197
6136002.0,19.9558,37.7399,22.1307
6144002.0,19.9265,37.9298,27.1665
6152002.0,20.2368,38.1605,32.1804
6160002.0,20.5638,38.2287,37.3021
6168002.0,21.0597,38.1531,42.1991
6176002.0,21.3884,38.1542,47.367
6184002.0,20.9984,38.4402,2.06739
6192002.0,20.9114,38.3918,6.69405
6200002.0,21.0243,38.5345,11.2879
6208002.0,21.8481,38.3531,16.2175
6216002.0,22.3439,38.2491,20.8856
6224002.0,22.5674,38.2136,25.9113
6232002.0,23.5262,38.0562,30.8046
6240002.0,24.1315,38.0207,36.1547
6248002.0,25.1124,38.0303,41.0395
6256002.0,26.3625,37.9898,45.8604
6264002.0,27.2442,38.2828,1.61141
6272002.0,27.8647,38.0016,6.08207
6280002.0,27.7107,37.9521,11.058
6288002.0,28.2438,37.7746,15.9187
6296002.0,28.4538,37.4799,20.3426
6304002.0,29.0972,37.5239,24.8167
6312002.0,30.1931,37.4919,29.3599
6320002.0,31.1839,37.2456,33.8627
6328002.0,32.8047,37.1298,38.7551
6336002.0,32.7683,37.2889,43.4054
6344002.0,32.7417,37.6091,48.3738
6352002.0,33.0358,37.4374,3.4505199999999996
6360002.0,32.9657,37.3238,7.85116
6368002.0,33.7379,37.411,12.9717
6376002.0,34.1277,37.6977,18.6145
6384002.0,34.2474,37.565,23.5102
6392002.0,34.7629,37.4321,27.8789
6400002.0,34.6368,37.3705,32.9454
6408002.0,34.8917,37.4611,37.8351
6416002.0,35.3055,37.4315,42.5855
6424002.0,35.400999999999996,37.4793,47.2326
6432002.0,35.4342,37.7103,2.61754
6440002.0,35.5327,37.5906,6.670910000000001
6448002.0,36.0924,37.6662,11.7197
6456002.0,37.3254,37.3736,16.1656
6464002.0,38.0546,37.1361,20.2016
6472002.0,38.7702,36.9302,25.4989
6480002.0,38.8823,36.8921,30.2239
6488002.0,38.8021,37.1356,34.5063
6496002.0,38.6477,37.13,39.2739
6504002.0,39.0566,37.3805,44.2263
6512002.0,39.4956,37.4081,48.9848
6520002.0,39.9593,37.7236,3.3288
6528002.0,40.1796,38.0789,8.04182
6536002.0,40.8285,38.7385,13.3258
6544002.0,40.9532,39.1296,18.0019
6552002.0,41.4401,39.5251,21.2306
6560002.0,41.868,39.4128,26.6196
6568002.0,42.7368,40.8867,30.4682
6576002.0,44.2591,41.2669,35.8401
6584002.0,44.5063,41.1829,41.3065
6592002.0,45.6772,41.2999,46.7143
6600002.0,46.4394,41.2373,2.40043
6608002.0,47.8132,41.3626,7.73462
6616002.0,49.218999999999994,41.2168,12.6206
6624002.0,1.96721,41.4982,17.1122
6632002.0,3.4179,41.7634,22.0366
6640002.0,3.6025300000000002,41.5999,27.5382
6648002.0,4.759869999999999,42.0501,32.4145
6656002.0,5.73955,42.1067,37.5442
6664002.0,6.7443800000000005,41.8887,42.1694
6672002.0,9.14718,42.3736,47.3651
6680002.0,8.01003,42.0431,4.289540000000001
6688002.0,9.25287,41.8033,8.92806
6696002.0,10.1712,42.0452,12.1982
6704002.0,11.8988,42.4483,16.5237
6712002.0,14.4671,43.2607,19.9669
6720002.0,16.1755,42.9009,24.2112
6728002.0,17.3081,42.7618,28.4916
6736002.0,18.1388,42.9616,32.2603
6744002.0,18.8499,42.9828,37.0666
6752002.0,20.0053,41.6338,44.9001
6760002.0,19.5703,41.5082,0.420901
6768002.0,19.6838,41.7305,5.36908
6776002.0,21.5992,43.5064,10.0767
6784002.0,23.3713,42.5399,15.0977
6792002.0,23.4529,43.2068,18.4801
6800002.0,23.1781,43.1794,21.9801
6808002.0,23.482,43.0024,25.9894
6816002.0,23.4382,43.1656,30.5914
6824002.0,23.8056,43.1387,35.5954
6832002.0,24.9518,43.3128,40.3764
6840002.0,25.3762,43.1,45.4499
6848002.0,26.4243,43.0342,0.743363
6856002.0,26.828000000000003,43.3867,5.75716
6864002.0,27.2188,43.3028,10.2873
6872002.0,27.6436,43.4659,15.1632
6880002.0,27.9159,43.1608,19.6912
6888002.0,28.0407,42.9173,24.5072
6896002.0,28.3257,42.5988,29.1314
6904002.0,29.1508,42.7086,33.7111
6912002.0,30.0363,42.7654,38.8153
6920002.0,30.6255,42.4679,43.3757
6928002.0,31.4103,42.192,47.8128
6936002.0,32.3724,41.9232,1.9266299999999998
6944002.0,34.198,41.5183,6.352
6952002.0,36.0795,41.4607,10.1857
6960002.0,36.8936,41.2986,13.732000000000001
6968002.0,38.0403,40.7524,18.6035
6976002.0,40.1356,40.3361,23.6985
6984002.0,40.1993,39.111999999999995,28.6775
6992002.0,41.6352,39.4798,33.4071
7000002.0,42.1289,39.1377,37.5192
7008002.0,43.5899,39.9191,43.0542
7016002.0,43.9761,38.8791,46.8102
7024002.0,43.2447,38.0926,2.55147
7032002.0,44.5493,38.2621,5.7476199999999995
7040002.0,45.1985,38.2913,9.82513
7048002.0,45.8769,38.1914,14.5995
7056002.0,46.4434,38.0339,18.8817
7064002.0,48.4509,37.9102,23.5473
7072002.0,49.4291,38.0408,27.7796
7080002.0,0.449651,38.3209,32.5496
7088002.0,0.307377,38.4427,37.2708
7096002.0,0.715095,38.5409,41.3044
7104002.0,1.3858700000000002,38.4402,44.3668
7112002.0,2.0821099999999997,38.7206,0.357529
7120002.0,3.35965,38.5303,4.4867300000000006
7128002.0,4.30126,38.5922,9.28048
7136002.0,5.11174,38.2982,14.0791
7144002.0,5.01794,38.3469,18.3337
7152002.0,5.32487,38.4442,22.9126
7160002.0,6.2298,38.1142,27.8343
7168002.0,6.594119999999999,38.3175,31.8189
7176002.0,7.21015,38.2276,36.2808
7184002.0,8.51799,38.4757,41.1047
7192002.0,7.98624,38.6964,46.0978
7200002.0,9.47071,38.7057,1.54461
7204002.0,9.31476,38.7867,2.9662
7212002.0,11.6127,38.5254,8.88157
7220002.0,13.0255,38.3917,13.2826
7228002.0,13.0778,38.3945,17.922
7236002.0,13.5235,38.6621,22.2865
7244002.0,13.5824,38.885999999999996,27.3161
7252002.0,13.2313,38.9167,32.3777
7260002.0,14.1944,38.8363,37.7072
7268002.0,14.225,38.8204,42.8833
7276002.0,14.8621,38.8168,47.4008
7284002.0,15.5258,38.42,3.16507
7292002.0,15.960999999999999,38.2309,7.6962600000000005
7300002.0,16.7231,38.1571,12.5614
7308002.0,17.3004,37.9175,17.5102
7316002.0,17.6759,37.3779,21.4946
7324002.0,17.5881,37.1188,25.8334
7332002.0,17.9439,36.7658,31.1829
7340002.0,18.4319,36.7738,34.8822
7348002.0,18.1634,36.7348,38.9104
7356002.0,18.7692,36.4944,42.6875
7364002.0,19.0025,36.7857,46.4417
7372002.0,20.2687,37.5478,0.699679
7380002.0,20.7493,37.3203,4.3907300000000005
7388002.0,20.8024,37.3549,9.10602
7396002.0,21.035,37.2074,13.709000000000001
7404002.0,21.3051,37.2831,18.4854
7412002.0,22.1111,37.3974,22.9246
7420002.0,22.8469,37.7613,27.0182
7428002.0,23.0125,37.9961,31.5248
7436002.0,23.2899,38.0102,36.1473
7444002.0,23.4173,38.3244,40.5334
7452002.0,23.4902,38.6473,44.1523
7460002.0,23.35,38.9963,49.3733
7468002.0,24.1393,39.0216,4.9873199999999995
7476002.0,24.0584,39.148,9.80149
7484002.0,24.6095,38.7046,15.2678
7492002.0,25.4141,38.8642,19.3858
7500002.0,25.8828,39.1357,24.2504
7508002.0,26.7378,38.9617,28.5009
7516002.0,26.5667,38.9267,33.5374
7524002.0,26.8546,38.8922,38.5406
7532002.0,26.9945,38.9496,43.356
7540002.0,27.4081,39.045,48.0207
7548002.0,27.9312,38.8853,2.23896
7556002.0,28.177,38.6631,7.20993
7564002.0,28.3298,38.5691,11.7625
7572002.0,28.5459,38.2536,15.9267
7580002.0,28.7951,37.8754,21.1113
7588002.0,28.5181,37.400999999999996,26.3911
7596002.0,28.7209,37.3192,30.7527
7604002.0,29.3794,37.2108,34.9454
7612002.0,29.5551,37.0913,39.6511
7620002.0,29.8489,37.164,44.1217
7628002.0,29.9404,36.9048,48.2312
7636002.0,30.7577,37.0057,3.28251
7644002.0,31.0437,36.8933,7.5763300000000005
7652002.0,31.3921,36.6077,12.2899
7660002.0,31.8185,36.4563,16.809
7668002.0,33.6541,36.4925,22.3462
7676002.0,34.7381,35.9323,27.4147
7684002.0,35.5863,35.3475,32.7121
7692002.0,37.1446,35.5137,38.3613
7700002.0,37.9939,35.9046,42.1808
7708002.0,38.0548,36.5775,47.3232
7716002.0,38.8021,36.5562,2.19088
7724002.0,39.3615,36.8502,6.57368
7732002.0,39.9716,36.8799,11.8752
7740002.0,41.333999999999996,37.263000000000005,15.7855
7748002.0,41.821000000000005,37.1294,20.4373
7756002.0,42.7818,37.1491,24.36
7764002.0,43.4691,37.437,29.1506
7772002.0,43.2941,37.4943,33.4365
7780002.0,43.1892,37.1564,38.748000000000005
7788002.0,43.3128,37.167,44.08
7796002.0,43.5429,37.2917,49.3083
7804002.0,44.2966,36.889,4.42649
7812002.0,45.1164,36.556999999999995,8.75624
7820002.0,45.6049,36.2151,13.2619
7828002.0,46.5992,36.4654,18.4564
7836002.0,46.9683,36.8191,23.6555
7844002.0,47.2439,36.7628,28.4031
7852002.0,47.1584,36.5112,33.0022
7860002.0,47.5565,36.4595,37.8748
7868002.0,47.6836,36.3527,42.7791
7876002.0,48.207,36.3198,47.5638
7884002.0,49.0005,36.1777,2.4754
7892002.0,0.48996300000000004,35.9504,7.53022
7900002.0,0.73022,35.9943,12.2772
7908002.0,0.731333,35.9747,17.1154
7916002.0,1.094,35.949,21.7918
7924002.0,1.78223,36.034,26.1451
7932002.0,1.97869,35.8945,30.6739
7940002.0,2.06811,35.5396,34.7183
7948002.0,2.2522599999999997,35.3475,39.0996
7956002.0,2.86295,35.1352,43.1254
7964002.0,2.98525,34.2294,47.4836
7972002.0,2.96972,33.8836,2.6574299999999997
7980002.0,2.71969,33.5843,7.8154699999999995
7988002.0,2.71923,33.3961,11.9226
7996002.0,2.03019,33.595,16.2732
