2.0,7.79493,16.887999999999998,3.6430000000000002
8002.0,11.5204,16.9253,5.63434
16002.0,13.1913,17.4097,7.85307
24002.0,12.6258,18.3965,11.9173
32002.0,12.9545,19.105999999999998,14.9973
40002.0,14.1685,19.4282,17.9919
48002.0,15.9157,19.8272,21.4136
56002.0,16.7226,20.3571,25.2686
64002.0,15.5678,20.6394,27.6658
72002.0,16.6115,20.9231,30.0691
80002.0,17.5355,21.2604,32.1202
88002.0,18.4919,21.4738,35.6421
96002.0,18.9782,21.7006,38.903
104002.0,19.2076,21.7266,41.6967
112002.0,19.788,21.9607,43.0855
120002.0,20.9245,22.1366,45.368
128002.0,21.3859,22.3777,48.8678
136002.0,22.5821,22.5154,2.65168
144002.0,23.3321,22.6135,5.58518
152002.0,25.2123,22.6082,7.60468
160002.0,29.8168,22.7423,9.7429
168002.0,29.7446,22.9273,11.2476
176002.0,29.9563,22.4044,13.8113
184002.0,31.1689,21.6767,16.5099
192002.0,31.2921,21.1445,20.4717
200002.0,32.0943,20.9536,24.3621
208002.0,32.2825,20.7528,27.9989
216002.0,32.9142,20.7666,32.4361
224002.0,33.3172,20.5773,36.2383
232002.0,33.6002,20.1156,40.3662
240002.0,34.6185,19.9492,43.9567
248002.0,35.0331,19.9205,47.7054
256002.0,36.0655,20.7763,3.6651599999999998
264002.0,36.5989,21.2631,8.59629
272002.0,37.6872,20.473,13.1673
280002.0,37.8283,19.5361,17.2963
288002.0,37.8771,19.2393,22.1716
296002.0,37.8127,19.2278,26.0042
304002.0,38.6386,19.441,30.0277
312002.0,38.599000000000004,19.367,33.6799
320002.0,40.0215,19.3657,37.5354
328002.0,41.6607,19.499000000000002,41.5628
336002.0,42.5341,19.8999,45.7095
344002.0,42.8547,19.8622,49.3746
352002.0,43.5702,19.5552,3.28565
360002.0,44.5255,19.2167,6.776610000000001
368002.0,45.5547,18.1745,9.175310000000001
376002.0,45.6585,17.5532,12.664000000000001
384002.0,47.515,17.3146,14.5385
392002.0,47.786,17.426,18.0616
400002.0,48.0171,17.5626,21.8311
408002.0,48.3095,17.7512,25.8428
416002.0,48.6146,18.1485,28.9575
424002.0,0.40823200000000004,18.8474,32.7582
432002.0,1.39995,18.9333,35.8105
440002.0,2.2691,18.9044,40.3384
448002.0,2.6326,18.9866,44.3502
456002.0,3.10186,19.0974,47.9046
464002.0,3.41721,19.1985,1.17966
472002.0,4.5986,18.8304,6.44179
480002.0,6.06893,19.2717,10.3823
488002.0,7.001110000000001,19.4825,14.0922
496002.0,8.63438,18.5325,18.2848
504002.0,7.5696699999999995,18.5052,21.875
512002.0,8.299489999999999,18.211,25.4196
520002.0,9.25838,18.4565,28.5194
528002.0,9.46294,18.6993,33.2329
536002.0,10.1002,18.505,36.2794
544002.0,12.0145,18.2719,39.6558
552002.0,13.7014,18.5117,42.5759
560002.0,15.0067,18.5556,45.5096
568002.0,15.3514,18.5107,48.2541
576002.0,15.5073,18.3282,3.2881699999999996
584002.0,15.9118,18.1608,7.4793
592002.0,16.6015,17.9737,10.3222
600002.0,17.7819,17.9184,14.1563
608002.0,18.2997,18.0012,17.7123
616002.0,19.5217,17.8247,21.2124
624002.0,20.0423,17.5915,24.8363
632002.0,20.5984,17.9687,28.1034
640002.0,22.1487,17.8615,31.5667
648002.0,23.6466,17.4826,33.2386
656002.0,23.6232,17.8689,37.0011
664002.0,23.9238,17.9331,40.4171
672002.0,24.6281,17.3225,44.157
680002.0,26.6042,17.0828,48.0373
688002.0,27.7015,17.7169,2.45645
696002.0,29.3367,15.2659,3.22305
704002.0,30.263,16.063,7.24328
712002.0,32.7774,16.4918,11.9677
720002.0,33.6196,17.5294,14.7202
728002.0,33.6793,17.0991,17.769000000000002
736002.0,32.8023,17.4886,20.2356
744002.0,33.736999999999995,16.9806,22.4942
752002.0,34.0924,16.8891,25.3687
760002.0,35.3978,16.9775,29.09
768002.0,35.9428,16.5699,31.4647
776002.0,36.4713,16.3847,36.1996
784002.0,35.8086,16.8451,38.3207
792002.0,36.5099,17.6715,40.6783
800002.0,37.1133,17.4957,43.75899999999999
808002.0,38.2774,17.6986,45.8485
816002.0,39.896,17.8125,48.9724
824002.0,40.7122,17.0578,1.23085
832002.0,42.36,16.3156,5.2154
840002.0,42.9563,16.480999999999998,7.70074
848002.0,43.8099,16.6267,9.3
856002.0,46.8737,16.9176,11.6385
864002.0,48.5064,16.973,13.757
872002.0,47.4587,16.9181,16.615
880002.0,48.1611,16.4308,20.2408
888002.0,0.42402399999999996,16.0511,23.4056
896002.0,1.26304,16.7788,26.6051
904002.0,2.45935,16.8961,29.7556
912002.0,3.52512,17.1933,31.6121
920002.0,4.17654,17.4642,35.1457
928002.0,5.31025,17.6868,39.8631
936002.0,5.35203,17.0448,41.504
944002.0,5.14628,17.2704,43.1065
952002.0,7.899710000000001,17.7014,46.3266
960002.0,7.90393,17.7394,49.1055
968002.0,7.964580000000001,17.6269,2.5872900000000003
976002.0,9.10115,17.4757,5.2483900000000006
984002.0,11.6113,16.7639,8.02042
992002.0,12.2847,16.6399,10.1589
1000002.0,13.9979,16.3886,13.0762
1008002.0,15.548,15.6989,15.825
1016002.0,16.0233,16.0244,19.5345
1024002.0,18.0714,14.8609,21.6564
1032002.0,19.1511,15.0246,23.3854
1040002.0,19.6157,13.9587,26.9341
1048002.0,18.4866,12.8483,30.4976
1056002.0,21.2823,8.996830000000001,29.2928
1064002.0,22.8561,7.892589999999999,31.7127
1072002.0,23.6852,7.73405,33.733000000000004
1080002.0,25.2905,7.62811,35.3681
1088002.0,25.8879,7.987989999999999,37.396
1096002.0,27.7572,8.04145,38.9664
1104002.0,28.2274,7.88198,40.1425
1112002.0,28.236,8.28881,43.3779
1120002.0,29.2139,8.35407,46.0266
1128002.0,29.9269,8.463239999999999,48.1711
1136002.0,30.9613,8.40901,1.31829
1144002.0,31.1487,8.815339999999999,2.3007
1152002.0,32.9164,9.09999,5.62213
1160002.0,32.6512,9.39505,7.1318
1168002.0,32.9754,9.525210000000001,9.323789999999999
1176002.0,33.7413,9.595460000000001,10.9557
1184002.0,33.4543,9.7577,12.9468
1192002.0,33.8091,9.92339,14.3709
1200002.0,34.4481,9.743219999999999,16.1614
1208002.0,35.1359,10.2683,19.0601
1216002.0,36.0937,10.1053,21.0242
1224002.0,37.0479,10.5438,23.6083
1232002.0,38.6502,10.8778,26.4428
1240002.0,39.0145,10.436,29.6242
1248002.0,39.5537,10.4696,33.0364
1256002.0,40.9974,10.2478,34.8525
1264002.0,41.8448,9.95541,37.6433
1272002.0,42.4019,9.65535,40.7207
1280002.0,43.9667,9.81325,43.5338
1288002.0,45.0851,9.82033,45.0194
1296002.0,45.0064,9.82592,47.82
1304002.0,45.9026,9.81415,49.2819
1312002.0,45.9841,10.0718,2.1975
1320002.0,47.4419,9.869760000000001,4.20251
1328002.0,48.483000000000004,9.37922,6.08028
1336002.0,0.0436194,9.70758,7.52528
1344002.0,0.9735209999999999,9.61695,8.98209
1352002.0,2.04128,9.48836,11.6074
1360002.0,2.65139,9.69547,13.6021
1368002.0,3.3263300000000005,9.453330000000001,15.8745
1376002.0,4.4164900000000005,9.32404,17.9295
1384002.0,5.0397099999999995,9.388630000000001,18.9655
1392002.0,6.500780000000001,9.30943,20.4936
1400002.0,8.49526,9.977310000000001,22.7742
1408002.0,9.16045,10.0771,24.785999999999998
1416002.0,9.16038,10.4377,26.3108
1424002.0,9.89532,10.9212,29.233
1432002.0,10.3108,10.8623,32.2408
1440002.0,12.4628,11.1993,35.4981
1448002.0,13.1938,11.4423,37.6842
1456002.0,14.2599,11.1713,40.218
1464002.0,14.8642,11.5542,41.5199
1472002.0,15.9166,11.8153,44.6362
1480002.0,16.7351,12.1408,46.6961
1488002.0,17.4659,12.6101,49.1264
1496002.0,17.62,12.5619,2.27533
1504002.0,18.9249,13.2424,4.90764
1512002.0,19.6913,13.3805,9.45088
1520002.0,20.8471,13.9742,12.39
1528002.0,21.7387,14.311,17.2184
1536002.0,22.7312,14.8239,19.3009
1544002.0,24.0001,15.0096,22.101
1552002.0,26.2817,15.0253,24.1088
1560002.0,26.4131,14.5734,27.8341
1568002.0,26.9032,14.1927,30.737
1576002.0,26.7451,14.3524,33.7796
1584002.0,26.6226,14.1783,37.9414
1592002.0,26.7193,14.6757,40.6076
1600002.0,27.8121,14.7299,44.3699
1608002.0,27.5638,14.4502,47.9681
1616002.0,28.3849,14.0303,1.77807
1624002.0,28.8048,14.2539,5.6367
1632002.0,29.389,14.1866,8.9446
1640002.0,30.9027,14.2666,12.7408
1648002.0,31.9735,14.3359,15.2877
1656002.0,33.0575,14.773,18.2062
1664002.0,34.9328,15.134,21.4599
1672002.0,36.8632,16.3224,24.9086
1680002.0,35.7979,16.5589,27.58
1688002.0,35.967,16.5831,31.2063
1696002.0,36.125,16.6025,34.7328
1704002.0,36.6291,16.6043,38.4484
1712002.0,36.2497,16.775,42.4783
1720002.0,37.2315,16.8997,45.1691
1728002.0,38.6869,17.4109,48.488
1736002.0,38.8121,17.5311,2.0605599999999997
1744002.0,38.7138,17.8568,5.99566
1752002.0,38.2266,18.0275,8.298919999999999
1760002.0,38.3377,17.8313,13.0561
1768002.0,38.6262,17.4186,15.4786
1776002.0,38.6499,17.5147,18.7504
1784002.0,39.0223,17.2829,21.6202
1792002.0,39.4025,15.6435,23.2195
1800002.0,40.2057,15.2056,26.8686
1808002.0,41.3019,15.2963,29.201999999999998
1816002.0,42.1571,15.3411,30.8153
1824002.0,42.6055,15.5941,33.0452
1832002.0,43.9796,15.9108,35.3638
1840002.0,47.0928,15.411,37.4572
1848002.0,47.1826,15.4669,38.7085
1856002.0,48.1845,14.4111,40.5497
1864002.0,48.8384,13.9237,42.7832
1872002.0,0.379233,13.9115,44.217
1880002.0,0.306548,13.7004,46.702
1888002.0,1.6513900000000001,13.2926,48.1874
1896002.0,2.30812,13.0039,1.38337
1904002.0,1.9922799999999998,12.853,3.675
1912002.0,2.52449,12.9372,5.905869999999999
1920002.0,1.92382,12.8915,9.44927
1928002.0,3.11911,13.0926,11.8953
1936002.0,2.42212,13.1978,14.5503
1944002.0,2.18352,13.306,17.5435
1952002.0,2.4348,13.3549,21.3453
1960002.0,2.50335,13.4709,24.698
1968002.0,3.04457,13.2731,27.328000000000003
1976002.0,3.63945,13.4581,29.5533
1984002.0,3.90608,13.3653,32.7364
1992002.0,3.82841,13.0853,34.7924
2000002.0,4.511909999999999,13.0415,37.3053
2008002.0,5.5352,12.6707,40.1063
2016002.0,6.85968,12.4102,43.2243
2024002.0,7.35637,12.1248,44.1759
2032002.0,7.810980000000001,11.8634,45.4155
2040002.0,8.43705,11.9065,47.4608
2048002.0,9.41659,11.9024,1.1474799999999998
2056002.0,10.6607,12.0577,2.1564
2064002.0,11.1737,11.9892,3.77326
2072002.0,12.8444,11.7689,5.21098
2080002.0,13.4415,11.433,6.8249699999999995
2088002.0,14.3012,11.1575,8.026480000000001
2096002.0,15.5018,10.9044,9.66961
2104002.0,16.7126,10.797,11.59
2112002.0,17.6574,10.4187,14.7352
2120002.0,17.2874,10.4304,17.058
2128002.0,16.9829,10.5065,18.0954
2136002.0,17.2861,10.4325,19.1011
2144002.0,17.7062,9.93661,21.6421
2152002.0,18.4058,10.7283,23.1851
2160002.0,18.8693,11.2524,25.6715
2168002.0,19.4116,11.1543,27.7247
2176002.0,19.4427,11.1759,29.5714
2184002.0,20.2374,11.2387,30.2889
2192002.0,20.7286,11.0953,31.1438
2200002.0,21.1239,11.2776,32.4587
2208002.0,22.2041,11.419,34.2587
2216002.0,24.0467,11.4338,36.0589
2224002.0,25.073,11.5125,38.4046
2232002.0,25.45,11.5536,41.1238
2240002.0,26.1527,11.2452,43.5041
2248002.0,26.3963,11.0013,45.7024
2256002.0,26.6817,10.7584,46.4927
2264002.0,26.5637,10.6699,47.4893
2272002.0,27.4462,11.5174,0.015106
2280002.0,27.6236,11.6211,1.34863
2288002.0,27.6066,11.9651,4.18264
2296002.0,28.0413,12.3722,7.7074300000000004
2304002.0,28.8363,12.354000000000001,10.3223
2312002.0,28.5608,12.2566,12.7603
2320002.0,30.03,12.3651,14.9944
2328002.0,30.5278,12.5618,16.9718
2336002.0,30.8703,12.5531,19.5241
2344002.0,32.1186,12.4433,22.1486
2352002.0,32.5733,12.3934,24.4468
2360002.0,34.0265,12.4866,26.6479
2368002.0,34.8948,12.7979,31.0337
2376002.0,34.9967,12.694,33.5501
2384002.0,35.5705,12.975999999999999,36.1356
2392002.0,36.3835,13.0058,38.446
2400002.0,36.8805,13.062999999999999,40.1506
2408002.0,37.035,13.0959,43.3404
2414002.0,37.8116,13.3659,46.2797
2422002.0,37.4329,14.7355,1.9124900000000002
2430002.0,40.4664,15.8327,3.3692699999999998
2438002.0,42.7051,16.4925,6.90729
2446002.0,44.0636,16.4529,9.90289
2454002.0,44.3173,15.8452,12.0231
2462002.0,45.3761,16.1385,14.9553
2470002.0,45.7707,16.1293,16.8205
2478002.0,46.4234,16.0875,19.3196
2486002.0,47.9109,16.2787,21.5944
2494002.0,49.038000000000004,15.7033,24.0542
2502002.0,0.0240707,15.1957,26.6062
2510002.0,2.22553,13.8612,29.1832
2518002.0,2.92869,13.5093,31.3681
2526002.0,4.27631,13.2125,32.6723
2534002.0,5.52759,13.2564,34.3947
2542002.0,5.77846,13.2477,37.5338
2550002.0,6.52614,13.0985,40.195
2558002.0,7.699789999999999,13.1355,41.8768
2566002.0,8.75809,13.1646,43.7074
2574002.0,9.60557,13.3175,45.6523
2582002.0,10.2663,13.0072,47.4907
2590002.0,12.5126,12.8534,0.689438
2598002.0,13.7771,13.4076,4.03803
2606002.0,14.6155,13.6527,7.28998
2614002.0,15.4813,13.6513,9.76017
2622002.0,15.4549,13.5573,12.8363
2630002.0,16.0089,13.5327,15.3453
2638002.0,16.2802,13.7082,18.1032
2646002.0,16.2595,14.3012,22.269000000000002
2654002.0,17.3334,14.2004,25.5824
2662002.0,17.2989,14.1287,27.0276
2670002.0,17.2567,13.7272,30.5339
2678002.0,18.1561,13.2105,34.8711
2686002.0,20.5205,13.2389,37.1072
2694002.0,21.8768,13.4722,38.3405
2702002.0,23.804000000000002,13.9144,41.2256
2710002.0,26.1537,12.5947,43.9926
2718002.0,27.5842,12.5583,47.2396
2726002.0,28.1015,12.9183,48.4339
2734002.0,28.5363,12.8424,2.06049
2742002.0,29.9448,13.1032,4.51826
2750002.0,31.0238,13.0805,7.298719999999999
2758002.0,31.6652,14.209000000000001,11.2506
2766002.0,32.18,13.6108,14.7944
2774002.0,32.9645,13.93,17.9996
2782002.0,34.3307,13.2397,21.8041
2790002.0,31.9978,14.0001,24.6796
2798002.0,29.5654,12.2785,29.4094
2806002.0,31.660999999999998,12.2542,33.2791
2814002.0,30.2932,12.5637,36.8272
2822002.0,31.2395,12.7942,37.7631
2830002.0,32.1162,13.41,38.3617
2838002.0,32.7054,13.8572,40.279
2846002.0,34.3207,13.8259,43.5399
2854002.0,35.4012,13.5098,46.9148
2862002.0,35.73,13.3937,0.553053
2870002.0,36.3381,13.2553,3.2132400000000003
2878002.0,36.6642,13.1491,5.75858
2886002.0,36.5343,12.5544,8.33394
2894002.0,37.0146,12.5246,10.9912
2902002.0,38.1077,12.7832,13.3315
2910002.0,38.3176,12.3289,15.9339
2918002.0,38.2057,11.7764,17.8844
2926002.0,38.2635,11.5794,21.8212
2934002.0,39.7302,11.9218,25.5232
2942002.0,39.7361,11.3608,29.2413
2950002.0,39.5644,11.6101,33.1948
2958002.0,39.5136,11.152000000000001,36.5069
2966002.0,40.26,11.43,39.6324
2974002.0,40.7138,11.2843,41.5307
2982002.0,41.1589,11.0589,44.6086
2990002.0,42.8299,11.9941,46.5982
2998002.0,41.0618,13.3961,49.0977
3006002.0,41.894,11.7281,2.1989
3014002.0,43.043,12.1271,5.6553
3022002.0,44.1763,12.4054,7.65097
3030002.0,45.9461,11.9964,11.6367
3038002.0,46.4246,11.3932,15.0218
3046002.0,46.8095,11.0355,18.3568
3054002.0,47.4067,10.6949,20.6849
3062002.0,48.2884,10.106,22.2313
3070002.0,48.8387,9.68939,25.2912
3078002.0,49.225,9.38561,27.7757
3086002.0,0.21682600000000002,8.93184,30.4419
3094002.0,1.5218200000000002,8.823369999999999,33.1426
3102002.0,2.0489599999999997,8.6325,35.4043
3110002.0,2.71397,8.36669,37.751999999999995
3118002.0,3.15588,8.1205,39.7566
3126002.0,3.67504,8.01375,41.909
3134002.0,4.5921,8.12,44.5738
3142002.0,4.63852,8.33803,46.6349
3150002.0,5.488180000000001,8.32292,48.1891
3158002.0,6.18392,8.40887,0.9002950000000001
3166002.0,6.515680000000001,8.4524,2.11924
3174002.0,6.9183,8.64207,2.9344200000000003
3182002.0,7.68553,8.5789,5.43695
3190002.0,9.124089999999999,8.64415,7.61229
3198002.0,10.3557,8.933910000000001,9.95045
3206002.0,11.7522,8.97927,12.0204
3214002.0,12.8061,8.77675,14.2692
3222002.0,14.1414,8.70073,17.0639
3230002.0,15.2032,8.62335,20.1133
3238002.0,16.0412,8.61808,22.2909
3246002.0,16.4233,8.66982,25.1119
3254002.0,16.7873,8.5242,26.7281
3262002.0,17.1271,8.58812,30.0122
3270002.0,17.4067,8.919410000000001,32.4715
3278002.0,17.5131,9.07678,34.6235
3286002.0,18.3406,8.979560000000001,36.7506
3294002.0,18.521,8.97674,38.8173
3302002.0,18.9852,9.16945,42.2045
3310002.0,19.3754,9.3909,44.2425
3318002.0,19.574,9.67811,46.5358
3326002.0,20.2085,9.73001,48.6535
3334002.0,21.3005,9.75122,1.12324
3342002.0,21.9478,9.52508,3.21625
3350002.0,22.5232,9.3242,5.32475
3358002.0,23.6538,9.47799,7.64117
3366002.0,25.7233,9.163860000000001,10.2472
3374002.0,26.256,8.63689,13.212
3382002.0,26.6335,8.461039999999999,15.431
3390002.0,28.1528,8.45937,16.274
3398002.0,29.2755,8.84827,18.6269
3406002.0,30.6075,9.69931,20.1356
3414002.0,33.0623,10.3295,22.9513
3422002.0,34.7573,10.4008,24.8175
3430002.0,36.0058,10.5532,28.0428
3438002.0,36.3602,10.3575,30.2795
3446002.0,36.7321,10.2982,31.587
3454002.0,36.7285,10.3877,33.5793
3462002.0,36.8216,9.959010000000001,36.0002
3470002.0,36.2507,10.2682,38.0415
3478002.0,37.512,10.2668,39.9018
3486002.0,37.62,10.623,42.0182
3494002.0,38.3796,11.4793,45.2232
3502002.0,38.2602,11.5518,48.1048
3510002.0,38.8782,11.6505,1.78055
3518002.0,39.6492,11.9331,4.04534
3526002.0,41.0354,12.0704,6.79259
3534002.0,41.3279,12.0452,8.340710000000001
3542002.0,41.4469,12.3898,10.6445
3550002.0,41.9536,12.8399,12.962
3558002.0,41.907,12.989,15.1033
3566002.0,41.9549,13.0079,17.5481
3574002.0,42.0695,12.8202,20.4271
3582002.0,42.6481,12.4808,23.8307
3590002.0,43.7712,12.5447,27.4536
3598002.0,44.8432,12.3652,30.2959
3606002.0,46.3547,12.6762,32.9305
3614002.0,48.2613,12.831,34.3249
3622002.0,0.171535,13.2836,35.9848
3630002.0,0.47143900000000005,13.4365,38.6441
3638002.0,1.22078,13.1842,40.655
3646002.0,2.81,13.1215,43.2653
3654002.0,3.24017,13.2552,45.7789
3662002.0,3.8814800000000003,13.277999999999999,49.0553
3670002.0,4.3964300000000005,13.1445,2.67972
3678002.0,4.60228,13.1075,6.02612
3686002.0,5.34743,13.088,9.46636
3694002.0,5.9425,12.9829,12.9198
3702002.0,6.59157,12.8104,16.6289
3710002.0,7.28971,12.6806,18.7237
3718002.0,7.81577,12.5637,21.5504
3726002.0,8.06583,12.6335,23.8954
3734002.0,8.79773,12.4183,26.6994
3742002.0,9.47153,12.9853,28.4521
3750002.0,10.3096,13.1927,30.8584
3758002.0,11.5245,13.225999999999999,33.5301
3766002.0,12.7057,13.1912,37.0058
3774002.0,14.1761,12.6686,40.4589
3782002.0,14.9292,12.6002,43.176
3790002.0,16.1155,12.2994,45.6542
3798002.0,16.44,11.8883,47.2513
3806002.0,17.1748,11.6367,49.1689
3814002.0,18.2439,11.79,0.911065
3822002.0,18.4307,12.2371,3.4822900000000003
3830002.0,18.8697,12.25,6.0959
3838002.0,18.9674,12.5299,8.91281
3846002.0,18.6572,13.1651,12.6803
3854002.0,18.3501,13.6796,16.4123
3862002.0,17.7258,13.2261,19.118
3870002.0,18.504,13.0975,22.3735
3878002.0,18.7036,13.6613,25.8976
3886002.0,18.4779,14.0341,28.5095
3894002.0,19.2384,14.029000000000002,31.0787
3902002.0,19.5671,13.7576,34.0798
3910002.0,19.1631,13.2775,37.6508
3918002.0,20.6322,13.3599,40.6764
3926002.0,22.4019,13.7839,42.7063
3934002.0,23.663,13.4353,44.36600000000001
3942002.0,24.8998,13.186,47.2176
3950002.0,25.2788,13.4793,0.8215530000000001
3958002.0,26.3027,13.9111,4.54378
3966002.0,26.7952,14.6864,7.09778
3974002.0,27.9965,15.252,10.5668
3982002.0,28.6126,15.2143,12.4482
3990002.0,29.6258,15.7262,15.5468
3998002.0,31.1277,16.1699,18.1253
4006002.0,32.2397,15.933,20.3809
4014002.0,33.3002,15.6972,23.5387
4022002.0,33.7498,15.9315,25.7301
4030002.0,33.9383,16.247,28.2451
4038002.0,35.8977,16.3718,29.3835
4046002.0,38.5504,16.4135,31.9255
4054002.0,39.6314,16.032,34.6075
4062002.0,40.3017,16.0961,37.8736
4070002.0,40.5559,15.9416,40.806
4078002.0,40.355,15.3127,44.0102
4086002.0,40.7732,15.01,47.0282
4094002.0,41.5229,14.8687,1.03196
4102002.0,41.9603,14.5849,3.25598
4110002.0,41.9857,14.5101,6.861330000000001
4118002.0,42.4264,14.794,10.1572
4126002.0,43.3903,14.5096,13.940999999999999
4134002.0,43.497,14.8627,15.6037
4142002.0,44.621,14.1949,19.0098
4150002.0,44.9317,14.0958,21.2676
4158002.0,46.3289,14.4922,23.2434
4166002.0,46.6583,14.2641,26.3094
4174002.0,47.9966,14.5981,28.9466
4182002.0,49.0855,14.435,30.3576
4190002.0,2.2998,14.3223,32.9203
4198002.0,4.47926,14.3545,36.0739
4206002.0,6.70851,14.3722,39.4453
4214002.0,8.39996,14.4816,43.6405
4222002.0,10.0484,14.6218,47.2822
4230002.0,11.9429,14.3192,0.537836
4238002.0,14.9709,14.3648,4.27157
4246002.0,16.5521,14.6599,6.8086899999999995
4254002.0,18.3219,14.4925,10.2207
4262002.0,19.1322,14.5121,12.8551
4270002.0,20.3983,14.4923,15.5494
4278002.0,21.0729,14.2432,18.7758
4286002.0,21.3477,13.9092,21.9959
4294002.0,21.729,14.3118,25.2864
4302002.0,21.6451,14.3638,28.1273
4310002.0,21.6993,14.860999999999999,32.4214
4318002.0,21.7201,14.8582,34.981
4326002.0,22.1336,15.057,38.0713
4334002.0,21.7594,15.1066,41.2818
4342002.0,21.4373,14.7972,44.5418
4350002.0,21.4678,14.6546,47.0087
4358002.0,21.1856,14.2306,0.0995629
4366002.0,22.5242,14.2125,1.80375
4374002.0,23.3744,14.164000000000001,3.45911
4382002.0,23.3327,13.8047,6.03244
4390002.0,23.8244,13.9506,8.74361
4398002.0,23.4218,14.171,12.4405
4406002.0,24.3111,13.9397,15.9602
4414002.0,24.5609,13.8444,17.8218
4422002.0,24.6083,13.6386,19.7186
4430002.0,23.9028,13.831,23.375999999999998
4438002.0,24.0469,13.82,26.3597
4446002.0,24.5585,13.8815,28.1521
4454002.0,25.7224,13.679,31.1191
4462002.0,26.1574,13.9829,33.9535
4470002.0,27.7522,14.3727,37.4516
4478002.0,28.3138,14.9141,40.0136
4486002.0,29.2988,15.3488,42.1402
4494002.0,31.076,15.625,44.2161
4502002.0,32.4272,15.687000000000001,46.6951
4510002.0,33.5064,15.8344,49.1552
4518002.0,33.6899,16.2114,0.6178279999999999
4526002.0,35.0623,16.1733,3.3877300000000004
4534002.0,36.5629,15.8181,5.2453199999999995
4542002.0,37.4205,15.3111,7.00858
4550002.0,38.4623,15.1867,9.464210000000001
4558002.0,39.6657,14.915999999999999,12.6079
4566002.0,40.2471,14.4551,15.1693
4574002.0,41.2885,14.2725,18.2358
4582002.0,42.4551,14.0018,20.2596
4590002.0,44.1277,13.3018,21.4144
4598002.0,45.8547,12.9481,24.2369
4606002.0,47.8905,12.8331,25.8819
4614002.0,48.7169,12.975,27.3954
4622002.0,48.3044,13.251,28.8248
4630002.0,49.0148,13.5737,29.2729
4638002.0,0.694086,13.6458,29.378
4646002.0,0.7093010000000001,13.2036,31.8241
4654002.0,0.835642,13.6322,32.7999
4662002.0,2.7075400000000003,13.3978,34.2729
4670002.0,3.06664,13.4539,35.9803
4678002.0,4.08461,13.0286,37.9032
4686002.0,4.88026,12.585999999999999,40.5622
4694002.0,5.1504900000000005,12.6695,44.1954
4702002.0,6.33068,12.1511,45.8823
4710002.0,7.93531,11.9127,47.5437
4718002.0,8.58516,11.8786,0.581815
4726002.0,8.53864,12.1079,3.18265
4734002.0,9.76823,12.5583,5.26197
4742002.0,9.82033,12.7501,7.78035
4750002.0,9.92924,12.5142,10.5613
4758002.0,9.254489999999999,12.3169,12.4928
4760002.0,9.24923,12.0971,12.5864
4768002.0,8.59988,11.5586,17.6038
4776002.0,9.92453,11.4089,18.8663
4784002.0,11.5324,11.2302,20.7089
4792002.0,12.4555,11.3907,22.2279
4800002.0,13.7458,10.8783,23.8298
4808002.0,15.3345,10.6489,26.2706
4816002.0,17.2972,10.2088,27.9146
4824002.0,17.8087,10.1046,28.6552
4832002.0,18.0135,9.891580000000001,29.8804
4840002.0,18.0693,9.93237,31.7782
4848002.0,19.2416,9.64241,32.7419
4856002.0,21.06,9.74436,34.4533
4864002.0,21.6229,9.772789999999999,37.4107
4872002.0,23.7622,10.3704,39.9153
4880002.0,24.0157,10.1415,41.8036
4888002.0,24.3323,10.5754,43.7002
4896002.0,25.0675,10.4966,45.3029
4904002.0,26.3255,10.8483,46.5636
4912002.0,27.3289,11.2686,48.5445
4920002.0,29.345,11.7326,0.9894959999999999
4928002.0,31.0975,11.8977,2.80977
4936002.0,32.2261,11.7343,4.98539
4944002.0,32.3314,11.232000000000001,7.017639999999999
4952002.0,33.5875,11.2124,9.64741
4960002.0,33.7854,11.347999999999999,12.2117
4968002.0,34.5246,11.1069,14.0632
4976002.0,34.9411,10.9132,16.0661
4984002.0,35.1364,10.4611,18.1774
4992002.0,36.0615,10.3485,19.349
5000002.0,36.2983,9.90221,20.5917
5008002.0,36.6671,9.80682,22.9897
5016002.0,36.2173,9.36299,24.0518
5024002.0,35.9611,9.34003,25.0461
5032002.0,35.968,9.15695,27.0608
5040002.0,36.671,9.68838,29.0269
5048002.0,37.5003,9.29861,30.4775
5056002.0,38.861,8.35435,32.195
5064002.0,39.294000000000004,9.08775,33.4187
5072002.0,40.3732,9.24288,34.9015
5080002.0,41.1693,9.097610000000001,36.3382
5088002.0,41.9893,9.268289999999999,37.5687
5096002.0,43.0481,9.02787,39.0531
5104002.0,44.2168,9.49044,41.6429
5112002.0,44.3127,9.78191,43.6733
5120002.0,44.6274,10.1741,46.1063
5128002.0,45.339,10.2872,48.3123
5136002.0,44.9863,10.0618,0.833041
5144002.0,45.055,9.57974,3.3876
5152002.0,45.7381,9.08147,6.45175
5160002.0,46.1962,9.79331,7.4786600000000005
5168002.0,46.8261,10.584000000000001,8.71128
5176002.0,47.5711,10.6263,11.3316
5184002.0,48.3204,10.4917,13.7886
5192002.0,48.4675,10.8728,15.8503
5200002.0,49.0572,11.0533,18.1437
5208002.0,0.257513,11.3153,20.4302
5216002.0,0.794099,10.9717,23.5699
5224002.0,1.24542,11.4507,27.3631
5232002.0,1.39495,11.5156,31.3894
5240002.0,1.85458,11.6207,33.746
5248002.0,2.85648,11.3012,36.2884
5256002.0,3.48167,11.3344,38.518
5264002.0,4.24529,11.1169,41.3775
5272002.0,5.12254,11.033,43.7871
5280002.0,5.75585,10.8722,47.1784
5288002.0,5.78209,11.3706,0.00402306
5296002.0,6.37396,11.1697,2.72498
5304002.0,7.74598,10.9643,5.38283
5312002.0,10.2797,11.0259,8.06757
5320002.0,10.7965,10.4959,10.436
5328002.0,10.9083,10.6916,12.1542
5336002.0,11.5325,10.5552,14.2757
5344002.0,12.3803,10.4725,17.2347
5352002.0,13.0682,10.2902,19.493
5360002.0,13.0106,10.0925,20.8852
5368002.0,13.5611,10.2496,23.5318
5376002.0,14.1611,10.0559,25.8195
5384002.0,14.9382,9.56512,28.0032
5392002.0,15.3814,9.178889999999999,28.5286
5400002.0,15.8667,9.16938,29.7316
5408002.0,15.8891,9.009319999999999,31.0218
5416002.0,16.8797,8.89595,32.5789
5424002.0,16.9089,9.015789999999999,33.858000000000004
5432002.0,17.0237,8.90222,35.3967
5440002.0,18.3844,8.98196,37.0107
5448002.0,18.8435,8.70497,38.7246
5456002.0,18.8452,8.82549,41.0687
5464002.0,18.9676,8.97403,43.0442
5472002.0,18.4793,9.608989999999999,44.8897
5480002.0,18.6408,10.1114,46.9797
5488002.0,19.2155,10.2907,49.4302
5496002.0,19.9746,10.5229,3.08902
5504002.0,19.9939,10.2351,5.3543
5512002.0,19.3825,10.8167,7.19928
5520002.0,19.6758,11.0573,9.7856
5528002.0,20.5856,11.0748,11.9346
5536002.0,20.9861,11.1788,12.7233
5544002.0,21.6648,11.4231,14.4225
5552002.0,22.5341,11.9375,16.902
5560002.0,22.7119,11.3777,19.4753
5568002.0,23.6243,11.2947,21.3894
5576002.0,23.7511,11.3612,22.7957
5584002.0,24.073,11.555,25.9066
5592002.0,24.8595,9.41647,28.1031
5600002.0,24.6147,9.80247,29.8166
5608002.0,25.0829,9.8714,31.6912
5616002.0,25.9424,10.2873,33.5767
5624002.0,26.6358,10.4695,35.084
5632002.0,27.1205,9.81795,36.9069
5640002.0,28.1985,9.859589999999999,39.2732
5648002.0,29.0403,9.813410000000001,41.961000000000006
5656002.0,30.2073,9.95125,44.1826
5664002.0,31.5804,9.85877,45.9168
5672002.0,32.8319,10.3139,47.451
5680002.0,33.9558,9.7347,48.2691
5688002.0,34.51,9.402989999999999,49.4423
5696002.0,35.0389,9.30233,0.544025
5704002.0,36.1393,9.558110000000001,3.18553
5712002.0,36.3851,9.26494,4.21352
5720002.0,36.5355,9.20374,5.48284
5728002.0,37.3113,8.874839999999999,6.9623
5736002.0,38.2142,8.59024,8.39376
5744002.0,39.0012,8.93609,10.4702
5752002.0,39.7113,9.55054,12.7427
5760002.0,40.1092,9.471260000000001,14.3735
5768002.0,41.3429,9.93398,15.2067
5776002.0,42.8555,10.8857,17.7157
5784002.0,43.2466,11.8045,20.0002
5792002.0,43.8462,11.1768,22.2303
5800002.0,44.7431,11.35,25.4543
5808002.0,45.7792,11.5067,28.4073
5816002.0,47.1018,11.9421,31.1152
5824002.0,47.3424,11.8478,32.2302
5832002.0,47.4196,11.71,34.2185
5840002.0,48.0009,11.2228,36.145
5848002.0,49.0541,11.3943,38.6255
5856002.0,0.299059,11.6018,41.327
5864002.0,2.41906,12.0808,42.0326
5872002.0,3.4662,12.5547,45.4589
5880002.0,4.23205,11.5443,48.4872
5888002.0,5.02515,12.1362,1.10464
5896002.0,7.341710000000001,10.5769,3.3426400000000003
5904002.0,7.92945,10.3567,5.63394
5912002.0,8.63101,10.0418,8.381960000000001
5920002.0,9.802769999999999,10.6189,10.2867
5928002.0,10.9375,10.53,12.4703
5936002.0,11.1536,10.4861,15.8327
5944002.0,11.874,10.3667,18.4264
5952002.0,13.1624,10.3205,20.427
5960002.0,13.5118,10.1411,22.7571
5968002.0,14.312000000000001,10.1519,25.2383
5976002.0,14.9216,10.0384,28.2587
5984002.0,14.6436,10.1837,30.4802
5992002.0,15.2204,10.1899,33.5412
6000002.0,15.366,10.001,35.6979
6008002.0,15.2275,9.49588,36.7409
6016002.0,15.5317,9.73287,37.6858
6024002.0,16.2661,9.91894,39.9216
6032002.0,16.5109,10.1517,41.7971
6040002.0,16.6743,9.86074,43.3017
6048002.0,16.3408,10.4566,44.1303
6056002.0,17.1251,10.2302,46.5167
6064002.0,17.3536,10.2598,48.0115
6072002.0,17.5134,10.1806,49.3264
6080002.0,18.5299,10.4009,1.6729599999999998
6088002.0,19.236,10.1259,3.31086
6096002.0,19.6673,9.90855,4.6192
6104002.0,19.8771,9.883469999999999,6.52824
6112002.0,20.2038,9.67257,8.96229
6120002.0,20.3699,9.609010000000001,11.7055
6128002.0,20.4827,9.61897,13.5296
6136002.0,21.1516,9.414589999999999,15.1954
6144002.0,21.4269,9.07693,16.6691
6152002.0,21.4297,9.09393,18.7968
6160002.0,21.5711,9.48827,20.4781
6168002.0,21.4484,8.71727,22.5008
6176002.0,22.4455,8.79518,24.5846
6184002.0,22.8599,8.94709,25.9883
6192002.0,23.884,8.37867,26.7693
6200002.0,24.8215,8.35633,27.8846
6208002.0,25.5214,7.99574,29.2263
6216002.0,26.1128,7.81185,31.5056
6224002.0,27.2334,7.88393,32.5906
6232002.0,27.4085,7.639239999999999,34.3126
6240002.0,28.4132,7.066510000000001,35.9327
6248002.0,28.8303,6.8510100000000005,37.185
6256002.0,29.4111,6.7907399999999996,38.0169
6264002.0,30.3119,6.8303199999999995,36.9993
6272002.0,31.3804,6.41787,38.5683
6280002.0,32.4411,6.01345,38.5227
6288002.0,33.1862,6.09691,40.2011
6296002.0,33.6864,5.921209999999999,41.945
6304002.0,34.711999999999996,5.650919999999999,43.2318
6312002.0,35.2461,5.30181,45.1272
6320002.0,36.095,4.569319999999999,46.3352
6328002.0,37.454,4.05781,47.6512
6336002.0,38.8941,3.2919400000000003,49.375
6344002.0,38.7167,2.8202599999999998,1.5628600000000001
6352002.0,38.3386,2.95138,2.90645
6360002.0,38.823,3.04391,3.5337699999999996
6368002.0,39.281,2.93401,5.12881
6376002.0,39.2063,2.83629,6.4841
6384002.0,39.3786,2.71771,8.206560000000001
6392002.0,39.7123,2.7223,9.61909
6400002.0,39.6172,2.86908,10.6546
6408002.0,39.567,2.8717200000000003,11.8342
6416002.0,39.7084,2.86099,12.8639
6424002.0,39.7796,2.82516,13.6672
6432002.0,39.8602,2.80392,14.4171
6440002.0,39.6886,2.7921,15.3652
6448002.0,39.8273,2.8719,16.2033
6456002.0,39.6443,2.88859,17.0064
6464002.0,39.721,2.77502,17.2331
6472002.0,39.7115,2.8668299999999998,18.4012
6480002.0,39.7906,2.8364,18.9403
6488002.0,39.6112,2.76178,19.4912
6496002.0,39.8685,2.8452900000000003,20.0592
6504002.0,40.2694,2.84045,20.43
6512002.0,40.6501,2.90204,21.9673
6520002.0,40.4612,2.79643,23.579
6528002.0,40.8342,2.70161,25.0343
6536002.0,41.3497,2.70115,26.0861
6544002.0,41.6041,2.62383,26.6363
6552002.0,41.7637,2.48307,27.2168
6560002.0,42.1583,2.44826,27.7853
6568002.0,41.9939,2.47112,28.268
6576002.0,41.956,2.4036299999999997,28.638
6584002.0,41.9433,2.43498,29.4074
6592002.0,42.0494,2.46563,30.0097
6600002.0,42.4346,2.34979,30.5145
6608002.0,42.6651,2.46982,31.4476
6616002.0,43.2871,2.5943,31.9003
6624002.0,43.5011,2.59349,32.2468
6632002.0,44.068000000000005,2.69158,32.9504
6640002.0,44.4051,2.68666,33.7428
6648002.0,44.9182,2.70224,34.2496
6656002.0,45.8977,2.78668,35.0267
6664002.0,46.7693,2.94029,35.7212
6672002.0,47.3282,2.97812,36.8613
6680002.0,47.696000000000005,2.93031,37.8963
6688002.0,48.0148,3.02548,39.2125
6696002.0,48.4714,3.0693,40.2738
6704002.0,48.6837,3.4919,41.1543
6712002.0,49.0083,3.3488800000000003,42.0295
6720002.0,48.6947,3.5094,42.7822
6728002.0,49.1478,3.4506,43.2077
6736002.0,49.4041,3.2681,43.5849
6744002.0,0.635059,3.12328,44.3672
6752002.0,0.909508,2.92995,45.4504
6760002.0,1.64658,2.93106,46.2594
6768002.0,2.33576,3.0458,46.7949
6776002.0,3.5939699999999997,3.09288,47.1632
6784002.0,3.7407800000000004,3.4539800000000005,48.1326
6792002.0,4.11294,3.32705,48.2346
6800002.0,4.26316,3.31828,48.9343
6808002.0,4.44015,3.28845,49.3622
6816002.0,4.64584,3.10613,0.404516
6824002.0,4.81733,3.13954,1.53754
6832002.0,4.80192,3.37269,2.76125
6840002.0,4.83905,3.2845699999999995,3.9668900000000002
6848002.0,4.74505,3.0148900000000003,4.14697
6856002.0,4.7126,3.01147,5.11348
6864002.0,4.86684,3.15037,6.3377099999999995
6872002.0,5.19464,2.98941,7.45032
6880002.0,5.83599,3.04925,8.191880000000001
6888002.0,5.98508,3.16241,9.358889999999999
6896002.0,6.48566,3.3987199999999995,10.1127
6904002.0,6.96467,3.11294,10.4477
6912002.0,7.1405,2.9738900000000004,11.4252
6920002.0,7.99388,2.81923,11.9588
6928002.0,8.77196,3.01574,13.1013
6936002.0,9.281830000000001,3.16653,13.6339
6944002.0,9.98908,3.0949400000000002,14.2156
6952002.0,10.9137,3.04129,14.787
6960002.0,11.655,3.12594,15.1731
6968002.0,12.335,3.3419199999999996,15.7352
6976002.0,12.9284,3.4747800000000004,16.7991
6984002.0,13.3041,3.4297800000000005,17.5811
6992002.0,13.658,3.54797,18.3448
7000002.0,14.078,3.6882800000000002,19.0496
7008002.0,14.145,3.75392,19.6688
7016002.0,14.249,3.8464,20.6455
7024002.0,14.3795,3.8414699999999997,21.9203
7032002.0,15.2014,4.15645,24.0847
7040002.0,16.2481,3.97893,26.1858
7048002.0,16.6519,3.4439300000000004,27.1994
7056002.0,17.1893,2.9755,27.3573
7064002.0,18.2737,2.80868,27.455
7072002.0,18.8364,2.6674900000000004,27.9067
7080002.0,19.4921,2.59821,28.8788
7088002.0,19.878,2.6428,29.4643
7096002.0,19.9507,2.73632,29.7672
7104002.0,20.1076,2.7119299999999997,29.81
7112002.0,20.1184,2.7642900000000004,30.2561
7120002.0,20.3678,2.68012,30.5965
7128002.0,20.3527,2.53765,30.4515
7136002.0,20.4082,2.4755,30.5619
7144002.0,20.0311,2.52769,31.1121
7152002.0,20.144000000000002,2.6873099999999996,31.4589
7160002.0,20.4229,2.72269,32.3411
7168002.0,20.4525,2.7566900000000003,32.9955
7176002.0,20.5827,2.6857,33.9027
7184002.0,21.1379,2.6331900000000004,34.591
7192002.0,21.1268,2.64236,35.3717
7200002.0,21.2154,2.67976,36.3254
7204002.0,21.151999999999997,2.65353,36.6745
7212002.0,21.7271,2.71585,37.3405
7220002.0,22.096999999999998,2.73969,37.8089
7228002.0,22.1797,2.7702400000000003,38.329
7236002.0,22.3909,2.8283,38.8426
7244002.0,22.5884,2.96733,39.7474
7252002.0,22.8364,2.81881,41.1783
7260002.0,22.7678,2.86024,41.8644
7268002.0,23.076,3.0603700000000003,42.7855
7276002.0,23.6224,3.2157400000000003,43.2657
7284002.0,23.8984,3.17036,43.9533
7292002.0,24.7504,3.31132,44.6735
7300002.0,25.51,3.3058699999999996,45.7336
7308002.0,25.833000000000002,3.4382800000000002,46.1353
7316002.0,27.0017,4.20097,47.1388
7324002.0,27.3627,4.60473,47.7083
7332002.0,27.3062,4.685230000000001,49.2903
7340002.0,28.2624,4.75675,0.572551
7348002.0,28.5336,4.8436,1.23056
7356002.0,28.0591,4.6954,2.2915200000000002
7364002.0,28.4506,4.7474300000000005,2.75335
7372002.0,28.0058,4.8271,4.525119999999999
7380002.0,28.3014,4.94355,4.8903
7388002.0,29.4729,4.96986,6.27511
7396002.0,29.2081,5.19575,7.35578
7404002.0,29.9952,7.190869999999999,7.56947
7412002.0,30.4254,8.39322,9.20669
7420002.0,31.1476,8.878639999999999,11.9058
7428002.0,31.9581,8.54425,13.6362
7436002.0,32.3256,8.550419999999999,15.0243
7444002.0,32.2234,8.19538,16.5827
7452002.0,32.0611,8.759789999999999,17.8964
7460002.0,35.8383,13.5128,14.2542
7468002.0,36.1318,12.6956,16.6678
7476002.0,45.2481,11.5927,18.820999999999998
7484002.0,44.2488,14.0531,18.2477
7492002.0,45.473,13.8262,21.526999999999997
7500002.0,47.4214,12.8672,25.8607
7508002.0,48.0384,12.7056,27.4323
7516002.0,48.2222,12.4019,29.4005
7524002.0,48.1621,12.0374,32.0523
7532002.0,49.1552,12.2835,35.6869
7540002.0,49.3311,12.136,38.1075
7548002.0,49.3049,12.0448,39.0494
7556002.0,1.01701,11.7704,42.0615
7564002.0,0.5588,12.2535,43.9021
7572002.0,0.527231,12.1183,45.6783
7580002.0,0.604865,11.7202,47.4856
7588002.0,0.8567020000000001,10.8592,49.3602
7596002.0,0.603685,10.8246,1.52401
7604002.0,1.48658,10.5751,3.35501
7612002.0,1.70345,10.5543,6.30724
7620002.0,2.64648,10.783,9.10799
7628002.0,3.90315,10.8177,12.1497
7636002.0,5.88549,11.0703,13.8748
7644002.0,6.38504,11.1644,16.0486
7652002.0,7.9664399999999995,10.948,17.5953
7660002.0,8.480030000000001,11.2622,19.8991
7668002.0,10.2915,11.7031,22.8514
7676002.0,10.4472,12.1679,26.2665
7684002.0,10.9834,12.3671,28.9242
7692002.0,13.285,12.8201,30.9711
7700002.0,13.9384,13.1736,32.6915
7708002.0,13.315999999999999,13.402999999999999,35.6141
7716002.0,13.4608,14.2987,38.1256
7724002.0,13.9668,14.7967,39.6121
7732002.0,15.5946,15.3096,42.0503
7740002.0,17.8564,15.6792,44.7452
7748002.0,18.6177,15.802,48.0288
7756002.0,20.0173,15.8425,1.18998
7764002.0,21.41,15.9941,4.5425699999999996
7772002.0,21.5777,15.9004,7.33882
7780002.0,22.2558,15.5168,10.1594
7788002.0,22.3315,15.1782,13.3208
7796002.0,22.4052,15.2811,15.7182
7804002.0,23.2288,15.0723,17.6498
7812002.0,23.2962,15.9369,20.5145
7820002.0,23.7779,15.8266,23.2349
7828002.0,24.3769,15.4779,26.9798
7836002.0,24.5564,15.9988,31.3734
7844002.0,25.2396,16.2033,34.0437
7852002.0,25.7603,16.4564,37.7353
7860002.0,26.9224,16.3879,40.2758
7868002.0,28.254,16.0067,44.7792
7876002.0,29.3122,15.7722,48.3498
7884002.0,31.7031,15.3513,1.3221100000000001
7892002.0,32.2977,15.0721,4.23157
7900002.0,32.8934,15.2139,7.6581399999999995
7908002.0,33.8631,15.3062,10.1795
7916002.0,32.8061,15.5358,13.1353
7924002.0,30.9207,15.849,14.5573
7932002.0,30.2847,14.1881,10.7782
7940002.0,28.6859,14.4709,12.6002
7948002.0,31.531,14.6707,13.8546
7956002.0,31.8196,14.6179,15.5565
7964002.0,31.7404,14.3133,17.7075
7972002.0,31.7113,14.190999999999999,19.8923
7980002.0,31.8194,14.0257,22.4882
7988002.0,32.5182,14.0155,24.65
7996002.0,32.1301,13.7513,25.6055
