2.0,19.3798,31.9332,49.2778
8002.0,24.4971,31.8368,4.21369
16002.0,26.805999999999997,32.0808,7.81999
24002.0,26.8688,32.3865,12.8948
32002.0,27.2501,32.3867,16.4468
40002.0,27.8417,32.2885,20.7986
48002.0,28.2856,32.504,24.4321
56002.0,28.3871,32.4809,28.2672
64002.0,27.4875,31.624000000000002,31.7349
72002.0,29.1897,30.9766,34.9782
80002.0,29.9701,30.8517,38.1145
88002.0,30.3844,30.7484,42.9404
96002.0,30.8554,30.9674,47.2059
104002.0,31.2414,30.8378,1.62353
112002.0,31.4861,30.8033,3.5041300000000004
120002.0,32.2029,31.0702,6.631989999999999
128002.0,32.8348,30.7741,11.132
136002.0,33.4896,30.644000000000002,15.5271
144002.0,34.3078,30.3681,18.9816
152002.0,35.6837,30.2797,21.8848
160002.0,39.7205,30.3343,24.2904
168002.0,41.0391,30.4881,27.2235
176002.0,40.3328,29.9886,30.3809
184002.0,40.4869,29.0962,33.4698
192002.0,40.2452,28.6576,38.7478
200002.0,40.9064,27.8488,42.9384
208002.0,41.7669,28.0379,46.4379
216002.0,42.6113,27.445999999999998,1.65956
224002.0,42.3591,27.4925,5.74569
232002.0,43.2714,27.2305,10.2839
240002.0,43.9964,27.1883,14.1909
248002.0,44.6767,26.6656,18.5892
256002.0,45.1653,26.3468,23.3484
264002.0,45.5694,26.8281,28.2783
272002.0,47.6,26.9156,32.3995
280002.0,48.8857,26.668000000000003,36.2258
288002.0,0.19760899999999998,26.3478,40.9323
296002.0,0.468621,26.7064,44.8629
304002.0,1.26168,26.7206,49.0645
312002.0,2.45,26.776999999999997,3.73325
320002.0,3.7224800000000005,26.8606,8.45551
328002.0,5.86506,26.9245,12.5297
336002.0,7.2133899999999995,26.9246,16.4325
344002.0,7.67955,27.0271,21.7543
352002.0,8.68041,27.3051,23.881
360002.0,9.839319999999999,27.5317,26.9456
368002.0,11.318,28.0265,27.9573
376002.0,11.4415,27.9287,32.6428
384002.0,13.3507,28.1216,35.9917
392002.0,13.8474,27.951999999999998,39.9832
400002.0,14.1881,27.9896,44.5265
408002.0,14.9821,28.1921,48.9886
416002.0,14.712,28.5198,2.99372
424002.0,15.2159,28.6742,7.497789999999999
432002.0,15.8743,29.0972,11.039000000000001
440002.0,16.4767,28.849,15.5028
448002.0,17.2707,29.186,19.4459
456002.0,15.5563,30.1239,21.6276
464002.0,16.983,29.1976,25.0311
472002.0,18.3687,29.118000000000002,30.5867
480002.0,19.5596,28.7661,35.226
488002.0,19.1291,29.0037,39.9153
496002.0,19.5797,29.6283,44.4604
504002.0,19.9908,29.6178,49.1
512002.0,20.2259,29.9715,4.07063
520002.0,20.8984,29.8581,8.49227
528002.0,21.7871,29.6699,14.2092
536002.0,23.0133,29.4452,18.6731
544002.0,25.3466,29.5312,22.2477
552002.0,27.2748,29.6041,26.2784
560002.0,29.9738,30.044,29.8877
568002.0,30.6915,29.6169,33.4193
576002.0,31.7404,29.5225,38.7914
584002.0,33.1365,29.5386,42.9579
592002.0,34.611999999999995,29.9232,46.0555
600002.0,35.4127,29.7112,0.19926300000000002
608002.0,35.8146,29.7735,2.84741
616002.0,36.6597,30.2877,6.07799
624002.0,37.019,30.3428,10.8843
632002.0,37.3993,30.6813,15.872
640002.0,38.4651,30.984,19.234
648002.0,38.6656,31.3941,22.5023
656002.0,38.6992,31.41,26.7775
664002.0,39.0806,31.5924,31.6434
672002.0,39.3582,31.6932,36.8561
680002.0,39.8747,32.1752,41.4452
688002.0,40.3995,32.2264,46.4881
696002.0,40.367,31.8647,1.02816
704002.0,40.7917,31.6952,6.622610000000001
712002.0,41.3205,31.4725,11.3839
720002.0,41.6784,30.9224,14.8651
728002.0,41.7318,31.0967,19.875999999999998
736002.0,41.5153,31.1232,24.4534
744002.0,41.8227,31.1257,29.4188
752002.0,41.7712,31.5378,33.8439
760002.0,42.2517,31.3882,39.1949
768002.0,42.6251,31.3009,43.468999999999994
776002.0,42.7328,31.2381,49.1832
784002.0,42.38399999999999,30.8552,3.91135
792002.0,43.3767,31.1206,8.31059
800002.0,43.2098,31.2239,12.6711
808002.0,43.5016,31.1947,17.7802
816002.0,43.8928,31.0939,22.6201
824002.0,44.8375,30.9638,27.1013
832002.0,45.1219,30.9727,32.1528
840002.0,45.1592,30.7843,36.6747
848002.0,46.7895,31.1455,41.2543
856002.0,48.7398,31.1673,45.341
864002.0,0.49390200000000006,31.0992,0.0759095
872002.0,0.169482,31.1247,4.22848
880002.0,0.19680899999999998,31.1254,9.295819999999999
888002.0,1.44224,31.5148,14.3683
896002.0,2.4689799999999997,31.773000000000003,18.1269
904002.0,3.0082,31.5457,23.0422
912002.0,3.77558,31.8753,26.4637
920002.0,5.11496,32.4686,30.5106
928002.0,4.4507699999999994,32.3509,36.0405
936002.0,5.51767,32.3201,39.974000000000004
944002.0,5.69302,32.6312,43.6989
952002.0,6.83957,33.4747,47.968999999999994
960002.0,6.633030000000001,32.9051,2.9474299999999998
968002.0,6.71735,32.2118,7.16984
976002.0,7.4422,32.1036,11.7793
984002.0,8.10402,32.5506,16.4445
992002.0,8.33685,32.741,19.2147
1000002.0,8.88565,32.5347,23.039
1008002.0,9.45297,31.7364,26.3376
1016002.0,9.34655,31.1457,31.5321
1024002.0,10.2966,31.1677,35.635
1032002.0,10.7326,31.4998,39.3888
1040002.0,11.5537,31.0595,43.6807
1048002.0,11.6467,30.9931,48.3783
1056002.0,12.1485,30.4987,2.78423
1064002.0,12.5932,30.3622,7.49223
1072002.0,13.4394,30.084,12.2605
1080002.0,14.0228,29.8224,15.9385
1088002.0,15.1004,29.615,19.971
1096002.0,16.3714,29.5678,23.3887
1104002.0,16.7178,29.3527,27.25
1112002.0,16.5604,29.2323,32.1926
1120002.0,17.2557,29.2331,36.6138
1128002.0,17.6185,29.1823,41.4462
1136002.0,19.0556,28.4764,45.6233
1144002.0,20.3491,27.906,49.2126
1152002.0,21.421999999999997,27.7944,4.431
1160002.0,21.8104,27.6337,9.3026
1168002.0,22.2597,27.4484,12.8424
1176002.0,23.1716,27.1214,16.7926
1184002.0,23.7306,26.9257,20.9002
1192002.0,24.1687,26.2619,24.0098
1200002.0,25.2825,26.1873,27.8754
1208002.0,26.5674,26.0734,32.6434
1216002.0,28.6738,25.881,36.5962
1224002.0,29.3744,25.8488,41.7268
1232002.0,31.0188,25.3951,46.2642
1240002.0,31.7985,25.2453,0.955633
1248002.0,32.0561,25.5212,5.8547400000000005
1256002.0,34.3219,25.1064,8.35243
1264002.0,36.7984,24.7213,11.6521
1272002.0,38.038000000000004,24.553,16.6573
1280002.0,40.9783,24.5847,21.2423
1288002.0,42.0178,24.7594,24.9216
1296002.0,42.3671,24.5409,29.6431
1304002.0,44.13,24.5945,33.0893
1312002.0,44.8826,24.7068,37.8449
1320002.0,46.2282,24.8613,41.9362
1328002.0,47.0392,24.503,46.2799
1336002.0,48.0385,24.7502,0.685049
1344002.0,49.1509,25.1504,3.9079599999999997
1352002.0,0.26405300000000004,25.0421,8.833219999999999
1360002.0,0.0726925,25.1441,12.7421
1368002.0,0.3024,25.066999999999997,16.984
1376002.0,0.6671729999999999,25.3989,22.0981
1384002.0,1.14141,25.7584,26.4319
1392002.0,1.8529400000000003,25.9712,30.6111
1400002.0,3.04825,26.0119,35.3037
1408002.0,4.10101,25.5602,39.0856
1416002.0,3.98274,25.6568,42.9539
1424002.0,4.05117,25.6677,48.1688
1432002.0,4.6563300000000005,25.3757,3.75736
1440002.0,6.21197,24.8594,8.69615
1448002.0,7.25559,24.9505,12.6922
1456002.0,8.49462,25.0085,15.8684
1464002.0,9.23298,25.2621,20.2396
1472002.0,9.618,24.737,24.3079
1480002.0,10.3707,24.8937,27.865
1488002.0,11.4028,24.5034,31.6047
1496002.0,11.8004,24.6495,35.2775
1504002.0,12.6895,23.7374,38.9033
1512002.0,14.1501,23.3104,43.425
1520002.0,14.6727,23.4082,47.0394
1528002.0,15.3164,23.4089,2.23319
1536002.0,15.6774,23.5151,6.24244
1544002.0,16.4264,23.5162,10.025
1552002.0,18.4858,22.9958,13.2813
1560002.0,18.6633,22.8754,17.9511
1568002.0,19.5924,23.1751,22.3907
1576002.0,18.9259,23.2113,26.9606
1584002.0,19.7884,23.5538,31.6227
1592002.0,20.1354,24.0774,35.8305
1600002.0,20.9536,24.1341,39.9292
1608002.0,21.6762,24.5509,44.9814
1616002.0,21.9008,24.4214,49.1413
1624002.0,22.0858,24.1728,4.41758
1632002.0,22.6433,24.1233,8.50072
1640002.0,23.8232,24.1818,12.9868
1648002.0,25.415,24.7322,15.9097
1656002.0,25.7263,24.426,20.4611
1664002.0,26.8377,24.52,25.1056
1672002.0,27.9177,25.462,30.0345
1680002.0,27.252,31.4047,36.4221
1688002.0,26.8442,31.1415,42.3415
1696002.0,26.7515,30.4544,47.2694
1704002.0,27.0551,30.415,2.4095400000000002
1712002.0,26.8417,30.1363,7.6494800000000005
1720002.0,28.1278,30.1379,10.8087
1728002.0,28.7397,29.7143,15.0217
1736002.0,29.1183,29.9219,19.5368
1744002.0,29.1357,28.6083,23.3552
1752002.0,29.6707,29.0615,27.0332
1760002.0,30.1106,29.0166,31.6243
1768002.0,30.7427,28.601,35.5483
1776002.0,31.3459,28.4013,40.0374
1784002.0,31.4313,27.3713,43.513999999999996
1792002.0,31.2319,27.1919,47.3842
1800002.0,31.5504,26.1459,2.69956
1808002.0,32.7387,26.0973,6.226030000000001
1816002.0,33.6847,25.7591,8.34583
1824002.0,34.0492,25.7955,11.5918
1832002.0,34.8142,25.5005,14.8457
1840002.0,36.051,25.1791,17.2121
1848002.0,35.5328,25.1995,20.7926
1856002.0,37.0302,25.1417,23.6032
1864002.0,38.6107,24.8622,27.0606
1872002.0,39.9696,25.5259,30.5318
1880002.0,41.2583,25.3345,34.8397
1888002.0,42.9027,25.8777,38.3378
1896002.0,44.0836,25.7514,42.0267
1904002.0,44.4009,25.8107,45.1183
1912002.0,45.0706,26.2589,49.2002
1920002.0,45.4369,26.0313,4.9824
1928002.0,47.2058,26.0733,9.064919999999999
1936002.0,47.4824,26.2333,13.6394
1944002.0,47.806000000000004,26.5262,18.0128
1952002.0,48.706,26.7963,22.785999999999998
1960002.0,48.8676,26.9863,27.5657
1968002.0,49.1033,27.1981,31.68
1976002.0,0.7143970000000001,27.2298,35.5703
1984002.0,1.57285,26.989,40.3451
1992002.0,2.05539,27.201,44.6991
2000002.0,2.71847,27.1354,48.2829
2008002.0,3.2818699999999996,27.4512,3.4022099999999997
2016002.0,4.4989300000000005,27.5034,8.278039999999999
2024002.0,5.39021,27.521,11.8344
2032002.0,6.17747,27.8897,15.3632
2040002.0,8.02122,28.1604,19.576
2048002.0,8.59112,28.4574,24.8357
2056002.0,10.3534,28.4231,28.8372
2064002.0,11.857000000000001,28.2805,33.0159
2072002.0,14.6291,28.2831,36.6794
2080002.0,15.6697,28.2636,40.5023
2088002.0,17.5315,28.3245,43.8384
2096002.0,18.5729,28.4682,47.7111
2104002.0,20.477,27.8192,1.31376
2112002.0,23.4279,28.2488,6.607539999999999
2120002.0,24.2779,28.2699,12.1046
2128002.0,23.8697,28.3476,15.5951
2136002.0,25.3361,29.0928,19.8758
2144002.0,25.5592,28.5473,24.5747
2152002.0,26.9014,29.0188,28.7914
2160002.0,26.375999999999998,28.5852,32.4256
2168002.0,26.3363,28.8049,37.1552
2176002.0,25.8073,28.8358,41.2603
2184002.0,26.9063,29.3898,44.2253
2192002.0,27.4253,29.8638,46.9779
2200002.0,27.0209,29.9573,0.7882279999999999
2208002.0,28.2486,30.4745,4.4088400000000005
2216002.0,29.3571,30.7152,8.03612
2224002.0,30.3189,30.6229,13.0086
2232002.0,30.9716,30.6451,17.2242
2240002.0,32.3792,30.2735,21.2363
2248002.0,32.9172,29.8115,24.6574
2256002.0,33.5475,29.334,26.7926
2264002.0,34.4534,29.5936,30.3749
2272002.0,34.8797,29.066,34.5569
2280002.0,35.5362,29.7266,38.0234
2288002.0,35.4174,29.8166,42.7495
2296002.0,36.906,30.0266,47.817
2304002.0,38.7885,29.863000000000003,2.54403
2312002.0,39.1455,29.5506,7.80668
2320002.0,41.0166,29.5444,12.3964
2328002.0,42.028999999999996,29.5697,17.2259
2336002.0,42.2869,29.6149,21.4875
2344002.0,43.0331,29.6074,25.7368
2352002.0,43.555,29.7963,30.4798
2360002.0,44.7501,29.5224,34.2333
2368002.0,45.1414,29.566999999999997,39.0728
2376002.0,45.7575,29.5244,43.886
2384002.0,46.1829,29.1306,48.3854
2392002.0,46.7245,29.1054,3.7044
2400002.0,47.0886,28.9507,8.28631
2408002.0,47.2475,28.6753,13.4866
2414002.0,48.2322,28.6493,17.8006
2422002.0,46.7303,28.5493,23.1738
2430002.0,2.59555,28.453000000000003,26.9341
2438002.0,6.06237,28.3621,32.3477
2446002.0,7.594989999999999,28.2931,37.1603
2454002.0,7.59213,28.2522,41.0158
2462002.0,10.029,28.3316,45.9626
2470002.0,11.4786,28.4467,0.5167010000000001
2478002.0,13.1059,28.237,5.2362
2486002.0,15.0333,28.6902,9.343060000000001
2494002.0,16.048,28.754,13.3492
2502002.0,16.5216,29.034000000000002,17.163
2510002.0,18.8838,29.0001,21.5698
2518002.0,19.6963,29.079,25.3301
2526002.0,21.9193,28.9922,28.1879
2534002.0,23.6519,29.0287,31.8856
2542002.0,23.8431,28.9684,36.4364
2550002.0,24.924,28.9829,40.8597
2558002.0,26.6075,29.4375,44.2657
2566002.0,28.0195,29.0146,47.9945
2574002.0,29.9064,29.3499,1.25262
2582002.0,30.5018,30.0839,4.44654
2590002.0,33.2349,30.1307,8.63485
2598002.0,35.2579,30.4506,13.3566
2606002.0,35.9625,30.5937,18.0139
2614002.0,37.2645,31.0997,22.0419
2622002.0,37.202,31.118000000000002,26.5434
2630002.0,37.1935,31.2841,30.3712
2638002.0,37.7227,30.9105,34.4145
2646002.0,38.4466,30.528000000000002,39.3207
2654002.0,39.9512,30.2886,43.3325
2662002.0,41.0131,29.4803,47.0344
2670002.0,40.7875,29.2079,3.18507
2678002.0,42.3425,29.485,8.63878
2686002.0,45.8037,28.7536,12.0827
2694002.0,46.8082,28.6563,13.5701
2702002.0,47.1721,28.6629,17.9649
2710002.0,47.6583,28.4809,23.2482
2718002.0,49.2013,28.4467,27.5613
2726002.0,0.572454,28.3577,30.0092
2734002.0,1.61016,28.6824,34.5652
2742002.0,3.29656,28.8452,38.8288
2750002.0,4.96127,29.0235,42.7428
2758002.0,5.22219,28.9317,46.4392
2766002.0,5.86905,28.3939,1.17936
2774002.0,6.1731300000000005,28.6786,4.47604
2782002.0,7.3230699999999995,28.8556,8.87609
2790002.0,7.59369,29.2776,12.2844
2798002.0,7.91595,30.7727,16.3898
2806002.0,9.26126,30.8668,21.8742
2814002.0,9.61335,31.037,27.4775
2822002.0,10.16,31.2791,32.8428
2830002.0,11.1096,31.4633,36.8218
2838002.0,12.4143,31.851,41.0936
2846002.0,14.7475,31.6678,44.952
2854002.0,15.975999999999999,31.487,0.345002
2862002.0,17.1494,31.5109,6.6603699999999995
2870002.0,17.0491,30.5113,10.2906
2878002.0,19.316,30.9986,15.3508
2886002.0,19.6428,30.2612,21.1301
2894002.0,23.0013,30.1057,24.4699
2902002.0,25.0492,27.5328,29.3196
2910002.0,25.066,27.1421,33.139
2918002.0,25.0035,26.8212,36.4178
2926002.0,24.3736,26.3239,41.3959
2934002.0,24.4737,26.5406,46.3802
2942002.0,24.3379,26.1125,1.56116
2950002.0,23.9615,25.8803,5.77833
2958002.0,24.1494,26.02,10.093
2966002.0,24.5111,26.2678,14.3066
2974002.0,24.5088,26.6335,17.6889
2982002.0,24.6625,26.5439,22.2943
2990002.0,25.1952,26.142,25.9597
2998002.0,25.6674,25.7987,30.0345
3006002.0,26.4607,26.0335,34.5018
3014002.0,27.1256,25.7208,38.9644
3022002.0,28.1277,26.2012,42.8032
3030002.0,28.9166,25.7805,48.037
3038002.0,29.3205,25.9335,2.8165
3046002.0,29.8157,25.9077,7.71793
3054002.0,31.125,25.9575,11.9623
3062002.0,31.6583,26.0989,15.5382
3070002.0,33.0146,25.9041,20.6281
3078002.0,32.6177,26.0219,23.5636
3086002.0,33.0029,25.7874,27.7415
3094002.0,34.5021,25.573,31.6443
3102002.0,35.2185,25.596,35.1504
3110002.0,36.1448,25.461,39.6175
3118002.0,37.0872,25.5135,43.8872
3126002.0,37.8492,25.5555,48.7585
3134002.0,38.9511,25.8836,4.2304
3142002.0,38.9565,25.8945,8.66938
3150002.0,40.5844,25.6289,12.272
3158002.0,43.6628,25.838,15.9688
3166002.0,44.6143,25.7824,18.839000000000002
3174002.0,45.9128,25.6573,21.0095
3182002.0,47.3101,25.5255,25.5547
3190002.0,49.4402,25.5655,29.2539
3198002.0,0.733345,25.3587,33.8476
3206002.0,3.42524,25.5088,37.6707
3214002.0,5.14838,25.8199,40.7499
3222002.0,7.299519999999999,25.9858,45.1927
3230002.0,9.31982,25.6306,0.12538
3238002.0,9.84488,25.4734,4.16708
3246002.0,10.607000000000001,25.5233,7.791760000000001
3254002.0,11.0676,25.1981,10.8426
3262002.0,11.8251,24.6949,13.8572
3270002.0,11.2922,24.4172,18.4419
3278002.0,11.5866,23.9509,21.7963
3286002.0,12.5343,24.0872,24.7483
3294002.0,13.2216,24.0111,27.0851
3302002.0,13.6111,24.0649,32.099000000000004
3310002.0,14.0693,23.6319,34.2065
3318002.0,14.0495,23.3157,37.3604
3326002.0,15.3312,23.2372,40.5107
3334002.0,16.7545,22.8355,44.5174
3342002.0,17.8477,22.6148,48.411
3350002.0,18.3222,22.4027,2.33663
3358002.0,20.3929,22.4001,6.31074
3366002.0,23.7666,22.2596,10.7786
3374002.0,25.1297,22.2846,15.234000000000002
3382002.0,26.2923,22.4189,19.8404
3390002.0,28.3848,22.2195,22.0713
3398002.0,29.1786,22.0383,26.4059
3406002.0,29.7379,22.3748,31.0891
3414002.0,32.4366,22.6573,35.2459
3422002.0,34.8183,22.5344,38.4501
3430002.0,36.7213,22.9357,42.6921
3438002.0,38.2674,22.8406,46.8866
3446002.0,38.8784,23.1449,0.07635639999999999
3454002.0,39.4679,23.6628,4.40099
3462002.0,40.0856,23.8292,8.50423
3470002.0,40.3113,23.579,12.6987
3478002.0,40.9259,23.543000000000003,17.0351
3486002.0,41.1641,23.3112,21.9393
3494002.0,42.3375,22.7289,26.2387
3502002.0,42.6643,22.636,30.8004
3510002.0,42.976000000000006,22.3684,35.5364
3518002.0,42.1968,22.3864,38.967
3526002.0,43.0003,22.7585,43.8646
3534002.0,42.633,21.9203,46.9044
3542002.0,42.0975,21.9733,1.0685200000000001
3550002.0,41.9683,22.1402,4.47729
3558002.0,42.0091,21.7507,8.27506
3566002.0,42.577,21.6555,12.3797
3574002.0,43.1945,20.8748,16.875
3582002.0,43.4126,20.8814,22.0084
3590002.0,44.1801,20.8845,26.364
3598002.0,44.4289,20.4678,30.4678
3606002.0,45.6921,20.42,34.24
3614002.0,46.9662,20.5415,36.4959
3622002.0,48.2796,20.9793,39.4858
3630002.0,48.3413,21.6708,43.2992
3638002.0,48.9511,21.2441,47.082
3646002.0,0.226097,21.5399,1.56208
3654002.0,0.49600600000000006,21.9201,5.759180000000001
3662002.0,0.699978,21.8042,10.1421
3670002.0,1.12495,21.6476,14.1639
3678002.0,0.721208,21.5619,18.5215
3686002.0,1.52862,22.02,23.5177
3694002.0,1.8537,21.8815,27.1686
3702002.0,1.7640900000000002,22.0959,32.1192
3710002.0,2.11545,22.1109,36.4997
3718002.0,2.1566,21.9484,40.9844
3726002.0,2.00275,21.756999999999998,44.7778
3734002.0,2.57619,21.6647,49.4473
3742002.0,3.26599,21.4176,3.7537300000000005
3750002.0,3.96748,21.4768,8.00173
3758002.0,5.84098,21.2773,11.64
3766002.0,7.71995,21.8311,15.7444
3774002.0,9.67341,21.9767,20.1541
3782002.0,10.5976,21.7134,23.0922
3790002.0,11.5602,21.6867,26.8715
3798002.0,12.0382,21.6099,29.5393
3806002.0,12.6207,22.233,33.3213
3814002.0,14.4492,22.8907,35.9304
3822002.0,14.6193,22.8358,39.372
3830002.0,14.6166,22.8453,43.1377
3838002.0,15.2577,23.3658,47.7596
3846002.0,15.6003,23.4653,3.13333
3854002.0,16.1828,23.8067,7.70604
3862002.0,15.9642,23.2646,11.9088
3870002.0,15.8352,22.708000000000002,15.9742
3878002.0,16.2771,22.6541,20.658
3886002.0,16.4786,22.3009,24.7701
3894002.0,17.1204,21.7735,28.8182
3902002.0,18.0161,21.6018,32.8256
3910002.0,19.4665,21.0805,37.5111
3918002.0,21.5646,21.1704,42.4095
3926002.0,23.5171,20.979,45.9593
3934002.0,25.3529,20.759,0.09476110000000001
3942002.0,26.1589,20.1939,3.8142400000000003
3950002.0,27.1444,20.1462,8.31275
3958002.0,28.0467,20.2954,12.9848
3966002.0,29.1655,20.009,16.7983
3974002.0,30.7485,19.8989,20.4366
3982002.0,31.046999999999997,20.1849,22.7702
3990002.0,31.8679,20.320999999999998,25.871
3998002.0,33.3297,20.6609,28.8506
4006002.0,35.0625,20.7939,31.0629
4014002.0,36.5765,20.866999999999997,34.0545
4022002.0,37.2883,20.546999999999997,36.8401
4030002.0,37.8084,20.1819,40.6247
4038002.0,39.3797,20.1529,43.0575
4046002.0,41.6143,20.0606,46.3204
4054002.0,43.0272,20.0389,1.06298
4062002.0,44.316,20.0959,5.39112
4070002.0,44.5303,20.3481,8.04987
4078002.0,44.3238,20.5169,11.511
4086002.0,45.13,20.479,14.709000000000001
4094002.0,45.832,20.463,18.2882
4102002.0,46.2882,20.5059,21.9815
4110002.0,46.3144,20.6896,25.0983
4118002.0,47.06,21.0188,28.2341
4126002.0,48.1736,21.0515,32.4691
4134002.0,48.0598,21.6318,35.3382
4142002.0,48.3256,21.6842,39.1357
4150002.0,49.4332,21.7865,43.0281
4158002.0,1.58681,22.3073,46.6552
4166002.0,1.9427299999999998,22.3474,0.804726
4174002.0,3.26464,22.4333,5.0303
4182002.0,4.28913,22.4703,8.2342
4190002.0,5.49209,22.3139,12.7595
4198002.0,6.61678,21.9337,18.2764
4206002.0,8.16438,22.041999999999998,22.8995
4214002.0,9.527610000000001,22.2401,28.5416
4222002.0,11.4735,22.1657,33.0984
4230002.0,13.2398,22.4708,36.6667
4238002.0,15.4615,22.703000000000003,41.8187
4246002.0,18.0863,22.2867,45.8343
4254002.0,20.6559,21.7224,1.41251
4262002.0,21.3804,21.6705,5.83556
4270002.0,22.4657,21.439,9.55461
4278002.0,24.2861,21.6096,13.5514
4286002.0,25.349,21.5635,17.1756
4294002.0,25.9984,21.1577,21.043000000000003
4302002.0,26.8463,21.2293,24.5339
4310002.0,27.1503,21.1925,28.9973
4318002.0,26.6486,20.6425,32.6549
4326002.0,26.9588,20.6384,36.3799
4334002.0,27.4119,20.8067,40.0529
4342002.0,28.323,21.1481,44.5878
4350002.0,29.1183,21.4891,48.9389
4358002.0,28.8788,20.9649,3.36845
4366002.0,29.2607,21.6036,6.66494
4374002.0,29.5638,21.7468,10.1685
4382002.0,30.0951,22.1324,13.3578
4390002.0,30.9104,22.1237,17.2039
4398002.0,31.5915,22.4434,23.3244
4406002.0,32.167,22.3928,27.8702
4414002.0,32.3116,21.7528,31.648000000000003
4422002.0,32.801,21.8608,35.5583
4430002.0,31.6765,21.651,40.3328
4438002.0,31.412,21.3449,44.9934
4446002.0,31.3432,21.1919,48.3722
4454002.0,31.756999999999998,20.9955,3.03931
4462002.0,32.811,21.0942,6.52267
4470002.0,33.9812,20.7037,9.81626
4478002.0,33.6831,20.6679,12.2743
4486002.0,34.2425,20.4248,15.4879
4494002.0,34.0024,20.5646,17.6729
4502002.0,34.2474,20.3595,21.5966
4510002.0,34.5861,20.7629,24.101999999999997
4518002.0,34.9207,21.046999999999997,25.4637
4526002.0,35.839,20.5567,29.1902
4534002.0,35.9947,20.3403,31.4539
4542002.0,35.9533,20.2237,33.5303
4550002.0,37.3664,20.0442,35.7579
4558002.0,38.6812,19.5584,39.0481
4566002.0,39.4659,19.6263,42.6864
4574002.0,40.83,19.8609,46.4326
4582002.0,42.7482,20.4334,0.171112
4590002.0,45.1379,20.3149,2.75101
4598002.0,47.2587,21.2141,5.29713
4606002.0,48.2734,21.6308,7.601960000000001
4614002.0,49.0963,21.8573,10.5377
4622002.0,49.2297,21.9177,12.5339
4630002.0,0.650316,22.1472,13.959000000000001
4638002.0,1.47573,22.2702,15.6323
4646002.0,1.6944,21.7459,19.3311
4654002.0,1.9727599999999998,21.7404,21.819000000000003
4662002.0,3.73043,21.5428,24.5815
4670002.0,3.84309,20.9622,27.6458
4678002.0,4.513240000000001,21.1866,30.8043
4686002.0,5.42477,21.1554,34.6416
4694002.0,5.97513,21.307,38.6491
4702002.0,6.29223,20.6683,40.0099
4710002.0,8.65512,20.9537,42.2367
4718002.0,9.574760000000001,21.0142,45.6528
4726002.0,9.81252,20.8837,48.7371
4734002.0,11.377,20.7113,1.92887
4742002.0,11.7134,20.0032,4.79135
4750002.0,12.1433,19.7371,7.838189999999999
4758002.0,12.5085,19.149,9.87854
4760002.0,12.4003,18.9744,10.3835
4768002.0,12.7305,19.1666,13.9696
4776002.0,14.4337,19.2209,16.022000000000002
4784002.0,15.6828,19.0727,19.2463
4792002.0,16.7071,19.3323,21.0958
4800002.0,17.2863,19.3676,23.8809
4808002.0,19.5456,19.1699,27.5735
4816002.0,22.0234,18.8246,30.2772
4824002.0,24.8799,18.915,32.8841
4832002.0,26.1209,19.1064,36.5723
4840002.0,27.2458,18.7887,40.2514
4848002.0,27.877,18.5341,42.1157
4856002.0,30.0219,18.3026,45.8771
4864002.0,29.8987,18.2311,0.7375149999999999
4872002.0,32.2395,17.6846,3.91393
4880002.0,32.2678,17.6102,6.68876
4888002.0,32.9205,16.9371,8.73901
4896002.0,34.0676,16.9656,11.4343
4904002.0,35.8892,16.8276,13.0869
4912002.0,37.0535,16.7934,15.3489
4920002.0,39.7851,16.5798,17.5561
4928002.0,41.841,16.4959,20.1568
4936002.0,43.4621,16.1709,23.4825
4944002.0,43.6723,16.1679,25.9846
4952002.0,45.1431,15.6946,29.1781
4960002.0,46.2852,15.860999999999999,32.9407
4968002.0,47.2534,15.9513,36.0278
4976002.0,48.033,16.4451,39.1092
4984002.0,49.0322,16.320999999999998,41.8364
4992002.0,0.767993,16.186,44.1996
5000002.0,2.14696,16.0883,47.1341
5008002.0,3.3025599999999997,16.5748,1.54057
5016002.0,3.18961,16.7775,3.6516800000000003
5024002.0,3.6732,17.1144,6.4336400000000005
5032002.0,4.1165199999999995,16.8235,10.2743
5040002.0,5.901619999999999,17.5501,13.7198
5048002.0,6.65482,17.4178,15.7874
5056002.0,7.86305,18.0028,18.8647
5064002.0,9.32067,18.0223,22.4473
5072002.0,10.9577,19.2528,25.1863
5080002.0,12.5829,19.6356,28.3502
5088002.0,14.2647,19.9214,32.4772
5096002.0,16.8192,19.4318,36.2613
5104002.0,18.9814,19.137999999999998,40.6223
5112002.0,19.6539,19.1146,44.4739
5120002.0,20.5785,19.1611,48.9667
5128002.0,21.9368,18.9321,3.6537599999999997
5136002.0,22.0973,18.971,7.08818
5144002.0,23.6613,18.77,10.6562
5152002.0,24.6207,18.8524,14.8824
5160002.0,26.2781,18.5177,18.4114
5168002.0,27.1367,18.7577,22.2044
5176002.0,28.615,18.6278,26.0007
5184002.0,28.9003,19.0153,29.9189
5192002.0,29.2822,18.9455,33.1595
5200002.0,30.6391,18.6901,36.0387
5208002.0,31.3875,18.8129,38.4626
5216002.0,32.2026,18.6535,41.6906
5224002.0,32.8328,18.6358,44.7782
5232002.0,34.0644,18.6295,49.0006
5240002.0,34.7815,19.1231,3.75697
5248002.0,35.2399,19.4995,6.21582
5256002.0,35.7536,20.3705,8.59507
5264002.0,36.3344,20.7179,12.997
5272002.0,37.3678,21.0816,16.0433
5280002.0,39.1604,21.3563,20.5385
5288002.0,39.341,21.1803,23.2291
5296002.0,39.8111,21.3425,26.8654
5304002.0,40.5863,21.2575,30.7105
5312002.0,42.6407,21.9722,34.2224
5320002.0,42.5955,22.213,37.8247
5328002.0,42.6974,22.6812,40.4616
5336002.0,44.0886,23.0981,44.5526
5344002.0,46.0723,23.4357,48.2016
5352002.0,46.8269,23.6229,2.59754
5360002.0,47.4046,23.6342,5.04977
5368002.0,47.976000000000006,23.320999999999998,10.1768
5376002.0,47.818000000000005,23.166999999999998,13.7103
5384002.0,48.9802,23.4488,18.512999999999998
5392002.0,48.9945,23.6189,20.7291
5400002.0,0.228573,24.1434,24.4167
5408002.0,0.307438,23.9235,27.9122
5416002.0,1.21414,23.6571,31.8489
5424002.0,1.6910599999999998,23.7506,35.6277
5432002.0,1.9841900000000001,23.3492,39.2157
5440002.0,3.66434,23.4315,41.706
5448002.0,3.8848300000000004,23.2688,45.3904
5456002.0,4.16915,23.4398,0.9440370000000001
5464002.0,5.24411,24.0411,5.01201
5472002.0,4.95373,24.0561,9.719510000000001
5480002.0,6.62025,24.6677,13.7359
5488002.0,7.948869999999999,24.701,16.9513
5496002.0,9.28947,25.1227,20.7962
5504002.0,10.1448,25.1842,24.818
5512002.0,10.9457,25.4035,28.497
5520002.0,11.7551,25.8837,32.5359
5528002.0,13.2731,25.6024,36.2384
5536002.0,13.8185,25.4988,38.5421
5544002.0,14.6159,25.0282,41.4327
5552002.0,15.5614,25.3676,45.2042
5560002.0,16.47,25.0764,0.228508
5568002.0,18.1476,25.4416,4.383319999999999
5576002.0,19.0652,25.2714,6.8549
5584002.0,19.3488,25.1258,11.4706
5592002.0,19.7459,25.1105,16.0338
5600002.0,20.5434,25.2798,20.6189
5608002.0,21.5929,25.5871,24.7394
5616002.0,22.5994,25.4942,28.8597
5624002.0,22.7418,25.205,31.5776
5632002.0,24.6656,24.3805,36.0655
5640002.0,26.839000000000002,25.5272,40.4515
5648002.0,28.7342,25.2656,46.6119
5656002.0,31.305999999999997,25.1402,0.36937800000000004
5664002.0,32.2838,24.8392,4.7081
5672002.0,34.695,23.6537,7.86255
5680002.0,36.4534,23.6102,9.0008
5688002.0,36.7457,22.7206,12.1305
5696002.0,37.3198,21.7975,13.7563
5704002.0,38.3528,21.5246,18.7414
5712002.0,38.9451,20.87,22.1134
5720002.0,39.3869,21.1334,25.8397
5728002.0,39.6104,20.7829,29.0703
5736002.0,39.9609,21.0716,32.7049
5744002.0,40.6328,21.480999999999998,37.275999999999996
5752002.0,41.2501,21.7649,41.4633
5760002.0,42.0891,21.6585,44.4019
5768002.0,43.6532,21.953000000000003,46.9559
5776002.0,45.0034,21.6514,2.1529700000000003
5784002.0,45.2542,21.5378,6.7704
5792002.0,46.1161,22.1566,10.8126
5800002.0,47.1533,22.0412,15.3095
5808002.0,49.1777,22.1618,19.3428
5816002.0,1.7918,21.6896,23.3763
5824002.0,2.07272,21.3242,26.4018
5832002.0,1.97545,21.0578,29.0739
5840002.0,2.19402,20.8836,32.2784
5848002.0,3.8372900000000003,21.5108,35.552
5856002.0,4.58573,21.6736,39.2774
5864002.0,6.22092,22.0752,41.5564
5872002.0,6.794789999999999,22.1554,45.2442
5880002.0,7.042439999999999,22.163,0.015055700000000002
5888002.0,7.7571,22.4036,4.5088
5896002.0,8.98837,21.8952,8.079180000000001
5904002.0,9.81283,21.5073,11.7235
5912002.0,10.7243,21.4757,15.7792
5920002.0,11.6598,21.7503,19.4273
5928002.0,12.389000000000001,21.6514,23.2126
5936002.0,12.4193,21.8194,27.4823
5944002.0,13.4613,21.8638,31.4664
5952002.0,14.0717,21.9117,35.2434
5960002.0,15.4121,21.574,38.3115
5968002.0,16.7632,20.9539,42.1659
5976002.0,17.8862,20.2936,47.5383
5984002.0,19.0574,19.7169,1.8459599999999998
5992002.0,19.8183,19.1566,5.5196
6000002.0,20.7219,18.6642,9.05381
6008002.0,20.7378,18.8551,12.1576
6016002.0,21.8235,18.3726,14.0302
6024002.0,22.4187,17.7544,18.0533
6032002.0,22.6868,18.4059,22.4998
6040002.0,22.8966,17.82,25.6484
6048002.0,22.9931,17.2865,28.6786
6056002.0,23.8179,17.3542,32.8083
6064002.0,24.5792,17.4235,36.6917
6072002.0,24.9738,17.0511,39.5801
6080002.0,26.404,16.8762,42.4586
6088002.0,27.3005,16.8175,45.3277
6096002.0,28.2697,16.6692,47.2458
6104002.0,29.1437,16.0217,0.9259209999999999
6112002.0,29.7281,15.8764,4.18357
6120002.0,30.2559,16.1012,8.06022
6128002.0,30.3055,15.9514,11.1458
6136002.0,30.7959,15.7052,14.2961
6144002.0,30.8431,15.665999999999999,17.8297
6152002.0,31.2317,15.63,20.801
6160002.0,31.8535,16.1996,22.6246
6168002.0,32.7304,15.7235,25.6797
6176002.0,32.8888,16.561,29.6808
6184002.0,33.1503,17.1963,32.9352
6192002.0,33.7335,17.2939,35.6533
6200002.0,34.3805,17.5335,38.727
6208002.0,35.1914,17.4964,41.3261
6216002.0,35.8379,17.6022,44.867
6224002.0,36.2948,17.8189,48.6095
6232002.0,36.79,18.0969,2.95886
6240002.0,37.9744,18.468,7.58065
6248002.0,39.8028,18.5568,10.9346
6256002.0,41.8759,18.6996,13.9079
6264002.0,43.3871,18.3535,16.4473
6272002.0,44.5569,18.2427,19.3374
6280002.0,44.8095,18.4414,22.7495
6288002.0,45.166000000000004,19.0204,26.2117
6296002.0,45.9154,19.9599,29.4365
6304002.0,46.8476,19.8684,33.0893
6312002.0,48.2122,20.6276,37.0683
6320002.0,0.222144,20.9213,40.4944
6328002.0,2.32565,20.6397,44.2352
6336002.0,3.3292599999999997,21.0534,47.6442
6344002.0,3.62236,21.2296,2.6033
6352002.0,3.42694,21.3607,6.62823
6360002.0,4.1595,22.1424,11.4678
6368002.0,4.94595,22.0509,16.5373
6376002.0,5.09537,22.2775,20.9409
6384002.0,5.1679,22.2778,24.9969
6392002.0,5.311640000000001,22.334,28.0853
6400002.0,5.4749,22.1765,32.167
6408002.0,5.86615,22.0938,36.5014
6416002.0,6.35363,22.1472,40.43
6424002.0,6.6175,21.9249,43.6795
6432002.0,7.3396300000000005,21.8165,47.305
6440002.0,7.45383,21.6616,0.8584040000000001
6448002.0,7.6997,21.9815,4.08929
6456002.0,7.9672600000000005,23.0714,7.58823
6464002.0,8.38563,23.9987,10.9411
6472002.0,8.70416,24.2441,16.0631
6480002.0,9.29715,24.0102,19.5021
6488002.0,9.81482,23.753,22.9808
6496002.0,10.2626,23.8228,26.9505
6504002.0,11.3448,23.9356,31.0836
6512002.0,11.7713,23.7231,34.8609
6520002.0,12.3674,23.9789,38.6882
6528002.0,12.9178,24.1169,43.7287
6536002.0,14.2262,24.171,48.7218
6544002.0,14.6725,24.069000000000003,2.88922
6552002.0,15.0302,24.025,5.8861300000000005
6560002.0,15.754000000000001,23.5209,9.82064
6568002.0,17.0578,23.6816,12.68
6576002.0,18.9439,23.493000000000002,17.0003
6584002.0,20.4272,23.8768,21.7726
6592002.0,21.4185,23.6875,26.3301
6600002.0,22.8327,23.5894,30.0824
6608002.0,23.8378,23.8239,33.8363
6616002.0,25.4252,23.6342,36.7894
6624002.0,27.4542,23.3191,40.0786
6632002.0,29.1162,23.3704,43.5771
6640002.0,29.2354,23.1415,47.7877
6648002.0,30.1375,23.3623,1.3322200000000002
6656002.0,31.4985,23.4351,5.93837
6664002.0,32.5227,23.0726,8.82577
6672002.0,34.1289,23.0019,12.7503
6680002.0,33.9154,22.9348,17.2137
6688002.0,34.2439,22.2225,20.7921
6696002.0,36.253,21.7252,24.1413
6704002.0,37.9209,21.8105,27.9084
6712002.0,39.6882,22.673000000000002,30.9317
6720002.0,40.9492,22.8389,33.6503
6728002.0,42.354,23.201,36.1746
6736002.0,43.2033,22.766,39.385
6744002.0,43.9203,22.697,43.4416
6752002.0,45.1184,23.2674,47.7148
6760002.0,45.1215,24.0817,1.9847299999999999
6768002.0,44.9038,23.9748,6.20498
6776002.0,44.8509,23.7627,10.4516
6784002.0,45.1161,23.7826,14.6774
6792002.0,45.2242,23.8983,17.8813
6800002.0,46.0705,24.136,20.8727
6808002.0,46.4459,24.4018,24.303
6816002.0,46.5678,24.804000000000002,28.4839
6824002.0,47.558,25.6922,33.1768
6832002.0,49.2052,25.4875,37.5959
6840002.0,0.150694,25.7435,41.9258
6848002.0,1.41057,25.5439,45.4175
6856002.0,1.60989,25.686999999999998,49.4307
6864002.0,1.8868900000000002,25.9482,4.228219999999999
6872002.0,2.5341400000000003,25.9111,8.20674
6880002.0,4.17251,26.1733,12.0885
6888002.0,5.122719999999999,26.2424,16.6212
6896002.0,6.23316,26.2086,20.3096
6904002.0,7.26653,26.1817,24.3426
6912002.0,9.477,26.2758,29.401999999999997
6920002.0,11.0931,26.8781,34.8032
6928002.0,12.8549,26.7979,39.1927
6936002.0,13.6859,27.0186,42.536
6944002.0,15.5766,27.052,45.77
6952002.0,18.4305,26.4445,48.6894
6960002.0,20.4211,26.4041,2.0212
6968002.0,21.1276,26.4073,5.33253
6976002.0,22.4389,26.1491,9.31943
6984002.0,23.1321,26.2362,13.7735
6992002.0,24.5789,25.9567,18.2719
7000002.0,25.3116,25.9509,21.6613
7008002.0,26.46,25.6201,25.1244
7016002.0,27.565,25.2528,29.4965
7024002.0,27.6467,25.0038,33.6959
7032002.0,28.1118,25.2006,37.988
7040002.0,28.5718,25.7375,41.7824
7048002.0,29.6886,25.5495,45.9339
7056002.0,31.3546,25.026,0.527226
7064002.0,34.1,25.29,4.20371
7072002.0,35.8384,25.3566,8.19197
7080002.0,36.6721,25.2979,11.4413
7088002.0,36.9921,25.9111,15.325999999999999
7096002.0,36.961,25.6262,18.4519
7104002.0,37.8099,25.4871,20.6237
7112002.0,38.5392,25.7883,25.1633
7120002.0,41.593999999999994,26.1199,28.4839
7128002.0,42.6906,26.601,31.8797
7136002.0,44.5559,26.078000000000003,36.0312
7144002.0,44.0853,25.8239,39.048
7152002.0,45.4172,25.401999999999997,43.2136
7160002.0,48.2894,25.6279,47.4537
7168002.0,48.8863,25.3918,1.53346
7176002.0,0.6209100000000001,26.01,5.220280000000001
7184002.0,3.7760800000000003,25.5337,8.72717
7192002.0,1.54774,25.1702,14.1859
7200002.0,3.55248,25.4029,18.6872
7204002.0,2.60067,25.3034,20.289
7212002.0,5.0545800000000005,24.0135,26.4997
7220002.0,7.047210000000001,24.5464,28.8534
7228002.0,8.61857,24.801,32.9631
7236002.0,10.3933,25.1141,35.8029
7244002.0,11.2058,25.7725,40.1519
7252002.0,11.2637,25.6706,44.5797
7260002.0,11.6804,25.8529,48.0051
7268002.0,11.4663,25.9988,3.0793
7276002.0,12.2506,26.2253,6.25972
7284002.0,12.0789,26.2624,10.808
7292002.0,13.5549,26.3119,13.0361
7300002.0,15.1346,26.6595,16.6832
7308002.0,15.9096,26.48,20.3916
7316002.0,16.8641,26.3522,22.685
7324002.0,17.0082,26.4213,26.0522
7332002.0,17.3166,26.0569,31.051
7340002.0,18.5171,26.3248,33.9875
7348002.0,18.7173,26.0899,36.7074
7356002.0,19.6225,25.7894,39.5573
7364002.0,20.9373,25.7912,42.3811
7372002.0,21.6464,25.7509,45.2139
7380002.0,22.3649,25.6023,48.4758
7388002.0,22.5677,25.8433,3.12658
7396002.0,23.4535,26.2329,6.46204
7404002.0,23.9317,25.8746,10.2639
7412002.0,24.965999999999998,25.8597,13.4363
7420002.0,25.3129,25.9414,18.1488
7428002.0,26.122,26.3731,22.4048
7436002.0,26.5451,25.0171,26.4848
7444002.0,26.3685,25.0771,29.9628
7452002.0,26.9116,24.5732,33.9908
7460002.0,26.759,24.7444,37.4317
7468002.0,27.3863,24.5451,41.5666
7476002.0,28.0288,24.147,45.0909
7484002.0,28.7474,23.7126,48.9393
7492002.0,30.2777,23.6015,2.92777
7500002.0,31.4347,23.2308,6.677980000000001
7508002.0,32.7966,22.5663,9.22812
7516002.0,33.579,22.8105,12.46
7524002.0,33.946999999999996,23.2073,16.9694
7532002.0,34.8312,23.0068,20.858
7540002.0,35.6039,22.8335,24.5968
7548002.0,36.2503,22.95,25.8592
7556002.0,37.5143,23.8816,29.9418
7564002.0,37.6284,24.8164,33.1769
7572002.0,38.5666,25.1807,37.2188
7580002.0,38.6753,24.9007,40.6516
7588002.0,38.6357,24.6043,44.8792
7596002.0,39.2007,25.0065,47.9676
7604002.0,39.8634,25.0266,2.50968
7612002.0,40.5775,25.2124,6.99936
7620002.0,41.0255,25.2825,11.138
7628002.0,42.0816,25.5005,14.9119
7636002.0,43.2303,25.3737,18.017
7644002.0,43.7465,25.4176,21.9712
7652002.0,44.6919,25.2307,25.5965
7660002.0,45.4226,25.3261,29.2855
7668002.0,46.4438,25.4024,33.6067
7676002.0,46.8155,24.8446,38.1659
7684002.0,47.6354,24.4612,42.0937
7692002.0,0.13023900000000002,23.79,46.3308
7700002.0,1.0872700000000002,23.1431,49.4045
7708002.0,1.44298,23.3397,3.30421
7716002.0,2.43261,23.0483,6.76575
7724002.0,3.35388,23.1079,9.46618
7732002.0,5.49675,22.7471,13.5248
7740002.0,7.82269,22.8282,17.7243
7748002.0,8.92863,22.8838,21.5351
7756002.0,10.577,22.6305,24.7487
7764002.0,11.315,23.134,29.5255
7772002.0,10.9258,22.9524,33.3244
7780002.0,11.7891,23.108,36.6381
7788002.0,11.8757,22.9974,41.3041
7796002.0,12.4822,22.996,44.0376
7804002.0,12.8104,22.8457,47.8532
7812002.0,13.3053,22.7276,2.73921
7820002.0,14.1695,23.3185,6.1499
7828002.0,15.0552,23.1839,10.5159
7836002.0,15.7913,23.1861,14.8
7844002.0,16.5227,23.8229,18.2637
7852002.0,16.144000000000002,23.0219,22.5782
7860002.0,16.4534,23.5203,25.4927
7868002.0,17.8443,23.4416,29.5807
7876002.0,19.5387,23.848000000000003,32.9731
7884002.0,21.4617,24.3119,37.155
7892002.0,22.4513,24.1785,41.6924
7900002.0,23.4492,23.4151,45.7204
7908002.0,24.4434,22.6082,49.3582
7916002.0,23.2057,22.6342,3.74739
7924002.0,23.1813,22.6512,6.6399300000000006
7932002.0,23.9928,22.7075,7.671530000000001
7940002.0,24.1559,22.6095,10.3215
7948002.0,24.6928,22.3686,13.7341
7956002.0,25.1715,21.9855,16.0145
7964002.0,25.2937,21.1574,19.3193
7972002.0,25.013,20.3616,23.3561
7980002.0,24.6567,20.2679,27.1378
7988002.0,24.6134,20.1214,30.3551
7996002.0,24.7213,20.0526,31.8064
