2.0,13.1641,44.5115,40.391
8002.0,16.0985,44.8323,44.2223
16002.0,17.6968,44.7165,48.3554
24002.0,17.7664,44.8091,3.7125199999999996
32002.0,18.1694,44.7847,8.1381
40002.0,18.5156,44.7075,13.097000000000001
48002.0,19.1266,44.7211,17.5036
56002.0,19.1906,44.6268,22.0523
64002.0,19.0134,44.863,26.366
72002.0,20.3274,44.6475,29.7117
80002.0,20.9467,45.3117,33.1769
88002.0,21.7034,45.508,37.9905
96002.0,22.2976,45.5641,42.306999999999995
104002.0,22.7022,45.6642,44.6769
112002.0,22.6799,45.8159,44.8523
120002.0,26.3875,47.0589,49.2965
128002.0,27.5845,47.4438,4.1845099999999995
136002.0,28.3409,47.4461,9.41489
144002.0,28.662,47.3819,14.1297
152002.0,29.0611,47.3692,18.3048
160002.0,30.804000000000002,47.4648,22.9613
168002.0,31.4921,47.658,27.7688
176002.0,32.0374,47.5761,32.8785
184002.0,32.4786,47.4727,37.3836
192002.0,33.0755,47.6043,42.4771
200002.0,33.4991,47.4817,47.1351
208002.0,34.5525,47.5036,2.43602
216002.0,35.2286,47.4995,7.0876399999999995
224002.0,36.2626,47.3457,12.147
232002.0,37.9335,46.6475,21.3228
240002.0,39.8224,46.3143,23.1746
248002.0,41.6265,47.6198,25.9467
256002.0,41.4025,47.6177,31.444000000000003
264002.0,40.3364,48.1078,35.9286
272002.0,39.9001,47.4641,39.5357
280002.0,35.0745,47.5974,47.4143
288002.0,37.623000000000005,45.5559,49.0122
296002.0,36.1626,40.3886,49.4898
304002.0,37.494,39.4175,9.30685
312002.0,40.1402,39.9793,13.63
320002.0,41.2569,40.4112,18.1752
328002.0,43.7105,40.6526,22.5004
336002.0,45.7146,40.6704,27.688000000000002
344002.0,46.3186,40.5282,33.296
352002.0,46.5268,40.43,35.5318
360002.0,47.2235,40.3277,42.092
368002.0,48.7297,39.6406,46.7413
376002.0,48.6361,39.741,2.2229099999999997
384002.0,48.931000000000004,39.7682,6.63782
392002.0,48.9552,39.8658,10.8581
400002.0,49.0827,39.8036,15.633
408002.0,0.022596,39.5691,20.1709
416002.0,49.2743,39.5574,24.6508
424002.0,0.664132,39.9404,29.7072
432002.0,1.25948,39.5038,34.5828
440002.0,1.56289,39.2207,39.873000000000005
448002.0,1.54582,39.0299,44.4418
456002.0,2.25351,38.6877,49.1115
464002.0,2.72023,38.9852,3.3814
472002.0,3.4676400000000003,38.655,9.18498
480002.0,4.17606,38.6694,14.2532
488002.0,4.64902,38.8383,19.2698
496002.0,5.57966,38.7458,24.3706
504002.0,5.55314,38.7591,28.9973
512002.0,5.60195,38.6257,34.0036
520002.0,6.161169999999999,38.4846,38.8347
528002.0,6.45949,38.464,43.9998
536002.0,7.50351,38.7307,48.8597
544002.0,9.30906,38.7625,3.35434
552002.0,10.7317,38.8082,7.8620600000000005
560002.0,12.1179,38.8654,12.2317
568002.0,12.6544,39.0215,16.4997
576002.0,13.0659,39.0659,22.177
584002.0,13.5561,38.7846,27.1767
592002.0,15.1323,38.3518,31.061
600002.0,15.2706,38.2267,35.8907
608002.0,15.6059,38.214,40.8498
616002.0,16.2152,38.0548,45.4484
624002.0,16.5826,38.0637,0.9793299999999999
632002.0,15.8707,38.1508,5.03223
640002.0,15.9464,38.2517,8.823780000000001
648002.0,16.145,38.2521,11.4764
656002.0,16.1701,37.891999999999996,16.0003
664002.0,16.2465,37.654,20.4759
672002.0,16.112000000000002,37.5354,25.4566
680002.0,16.4345,37.3723,30.1448
688002.0,16.0982,37.2141,34.7305
696002.0,14.8843,37.3337,39.8107
704002.0,14.9595,37.2616,45.1637
712002.0,14.4955,36.8635,0.907559
720002.0,15.0497,37.0989,5.479769999999999
728002.0,15.3282,37.961,10.5686
736002.0,15.3388,37.4946,15.6473
744002.0,15.5277,37.335,20.1262
752002.0,15.5914,37.2673,24.7875
760002.0,15.8613,36.8892,29.625999999999998
768002.0,16.5693,36.8398,34.1807
776002.0,16.9693,36.7546,39.7216
784002.0,17.0764,36.772,43.6557
792002.0,17.8117,36.9704,47.7815
800002.0,18.0021,37.48,2.99074
808002.0,18.2465,37.7112,8.19638
816002.0,18.2398,37.9226,13.625
824002.0,18.6598,37.8029,17.6601
832002.0,18.4973,37.6895,22.4443
840002.0,18.4848,37.3555,27.1349
848002.0,18.9588,37.6985,32.1486
856002.0,19.7187,37.8192,37.0726
864002.0,19.7828,38.0008,41.9552
872002.0,19.611,38.2646,46.2132
880002.0,19.195999999999998,38.0947,1.27596
888002.0,20.1654,37.9979,6.51856
896002.0,20.6173,38.5749,10.9688
904002.0,21.0255,38.6812,15.658
912002.0,21.573,38.8462,19.4212
920002.0,22.1441,38.8315,23.7605
928002.0,22.0561,38.9479,28.8264
936002.0,22.5104,39.3358,32.344
944002.0,22.4138,39.6744,36.2542
952002.0,22.6358,39.9696,40.4339
960002.0,22.6652,40.4368,45.1929
968002.0,22.6276,40.8268,0.735727
976002.0,23.5209,40.5252,5.69684
984002.0,23.8285,40.6782,10.5665
992002.0,23.9322,40.8562,15.059000000000001
1000002.0,24.0142,41.0032,20.015
1008002.0,25.0564,40.5132,24.058000000000003
1016002.0,25.0175,40.4169,28.5337
1024002.0,25.5326,40.3588,32.6726
1032002.0,25.8917,40.5631,36.4965
1040002.0,26.2663,40.37,41.3881
1048002.0,26.5181,40.482,46.5179
1056002.0,26.4474,40.4109,1.93223
1064002.0,26.6389,40.4842,6.68518
1072002.0,26.6457,40.7367,11.2583
1080002.0,26.738000000000003,40.7746,15.7355
1088002.0,27.3948,40.6248,19.769000000000002
1096002.0,27.7405,40.3586,24.7462
1104002.0,28.0444,40.1372,29.6335
1112002.0,27.969,40.0786,34.7026
1120002.0,28.0085,39.9384,39.1343
1128002.0,28.2559,39.9884,43.7472
1136002.0,28.2158,39.8784,48.7976
1144002.0,28.8039,39.6276,3.74188
1152002.0,28.6281,39.8458,9.00452
1160002.0,28.5839,39.9258,13.9175
1168002.0,28.8319,39.9416,18.5967
1176002.0,28.7705,39.854,23.3727
1184002.0,28.8684,39.6827,28.2494
1192002.0,29.2416,39.9466,32.8252
1200002.0,29.3182,39.9259,37.8322
1208002.0,29.4139,39.8178,42.8057
1216002.0,30.0837,40.0303,47.2634
1224002.0,30.0469,40.0232,3.40709
1232002.0,30.2809,40.0977,8.41007
1240002.0,29.9392,39.8212,13.7107
1248002.0,29.9627,39.5923,19.1949
1256002.0,30.331,39.2457,23.8903
1264002.0,30.6064,39.2829,28.6371
1272002.0,30.6862,38.7983,34.0591
1280002.0,32.1449,38.3593,38.5517
1288002.0,32.3846,38.1731,42.7378
1296002.0,32.221,38.2915,47.8754
1304002.0,33.2844,38.3315,2.70397
1312002.0,33.6761,38.4401,7.99822
1320002.0,34.5402,38.5025,12.7969
1328002.0,34.6771,38.6874,17.2865
1336002.0,35.0623,38.3983,22.7946
1344002.0,35.1146,38.9785,27.1609
1352002.0,35.3638,39.3653,32.3297
1360002.0,35.7517,39.3698,37.1735
1368002.0,36.4182,39.3005,41.6342
1376002.0,36.7268,39.7589,46.8166
1384002.0,36.7042,39.4787,1.62965
1392002.0,36.8932,39.3972,7.162610000000001
1400002.0,37.6779,39.4042,12.0138
1408002.0,37.8146,38.9486,17.9709
1416002.0,37.9148,39.0514,23.1946
1424002.0,37.9381,39.3424,28.5168
1432002.0,38.2449,39.2727,33.8861
1440002.0,39.6916,39.0359,39.1241
1448002.0,39.7946,38.9975,43.707
1456002.0,40.4633,39.1143,48.3685
1464002.0,40.795,39.2645,3.84551
1472002.0,40.669000000000004,39.6229,8.597389999999999
1480002.0,41.153999999999996,39.8057,13.4238
1488002.0,41.395,39.6803,17.5958
1496002.0,41.6097,39.3803,21.7263
1504002.0,42.0154,39.265,26.5615
1512002.0,42.5842,39.5953,32.1749
1520002.0,43.2467,39.3047,37.3233
1528002.0,43.6213,39.3927,42.4438
1536002.0,44.0363,39.9246,47.8123
1544002.0,44.3306,40.4107,3.4770199999999996
1552002.0,45.9343,40.3877,8.14447
1560002.0,46.3791,40.3094,13.2013
1568002.0,46.3386,40.4239,17.7958
1576002.0,46.2267,40.3763,22.7897
1584002.0,46.7819,40.1143,27.9988
1592002.0,46.7429,40.2885,32.9018
1600002.0,46.9332,40.3049,37.6339
1608002.0,47.0722,40.3219,42.7548
1616002.0,46.8259,40.3963,47.041000000000004
1624002.0,46.6734,40.5186,2.52897
1632002.0,46.7714,40.5214,6.767239999999999
1640002.0,47.3962,40.6007,12.2602
1648002.0,48.4869,40.7213,16.8243
1656002.0,48.1874,40.6282,21.5417
1664002.0,48.632,40.7883,26.5948
1672002.0,48.6637,40.8282,31.5541
1680002.0,48.661,40.7638,36.728
1688002.0,48.4647,40.9033,41.1182
1696002.0,48.733000000000004,41.0009,45.9946
1704002.0,48.7911,40.9978,1.4310100000000001
1712002.0,48.711000000000006,40.9894,6.29241
1720002.0,49.1136,41.0597,10.5603
1728002.0,49.3164,41.3209,15.3141
1736002.0,49.3674,41.427,19.9479
1744002.0,49.405,41.528,24.5766
1752002.0,49.2302,41.5108,29.0084
1760002.0,49.345,41.9276,33.1576
1768002.0,0.228419,42.2493,37.4919
1776002.0,0.375593,42.5597,42.1625
1784002.0,0.36404899999999996,42.8335,46.5676
1792002.0,0.306048,42.8947,1.7585
1800002.0,0.644069,42.8281,7.07948
1808002.0,1.57499,43.0046,11.2377
1816002.0,1.5749799999999998,43.1871,15.4599
1824002.0,1.4321,43.2552,20.2701
1832002.0,1.6437,43.0999,24.7836
1840002.0,1.9131599999999997,42.8477,29.1975
1848002.0,1.48655,42.6838,34.3285
1856002.0,1.82267,42.4474,39.0037
1864002.0,2.26247,42.5731,43.7818
1872002.0,2.3010099999999998,42.4505,48.8837
1880002.0,3.27529,42.2712,4.59385
1888002.0,4.718369999999999,42.3736,9.33647
1896002.0,4.9878800000000005,42.2253,14.4167
1904002.0,4.8657900000000005,42.352,19.4444
1912002.0,4.88056,42.3993,24.7469
1920002.0,4.76996,42.0304,30.2773
1928002.0,5.43887,42.2063,35.62
1936002.0,5.685569999999999,42.4218,40.2881
1944002.0,5.84971,42.5787,45.2693
1952002.0,5.46955,42.3633,0.9638700000000001
1960002.0,5.275180000000001,42.352,5.6938
1968002.0,5.49044,42.7964,9.99532
1976002.0,6.00904,42.8967,14.8706
1984002.0,6.16375,42.9088,20.1693
1992002.0,5.985040000000001,43.0365,24.5833
2000002.0,6.3192900000000005,42.9384,29.2851
2008002.0,6.4474599999999995,42.7274,34.0624
2016002.0,6.91367,42.7064,39.2332
2024002.0,7.26785,43.0896,43.8608
2032002.0,7.52341,43.2212,48.3158
2040002.0,8.11178,43.3402,3.5377099999999997
2048002.0,7.91247,43.2411,9.02792
2056002.0,8.62447,43.7611,13.4939
2064002.0,8.84063,43.638000000000005,18.0178
2072002.0,9.614289999999999,44.133,22.6159
2080002.0,9.91595,44.0001,27.4295
2088002.0,10.7853,44.0904,32.3949
2096002.0,11.0061,43.7994,37.3459
2104002.0,11.2166,43.5362,42.1382
2112002.0,11.3594,43.4802,47.7276
2120002.0,11.4649,43.5627,3.54704
2128002.0,11.3932,43.4477,8.088189999999999
2136002.0,11.4448,43.5559,12.8352
2144002.0,11.8347,43.4996,17.9041
2152002.0,12.2446,43.7787,22.8852
2160002.0,12.1395,44.3756,27.6065
2168002.0,12.2869,44.4038,32.6761
2176002.0,12.0623,44.2235,37.3226
2184002.0,12.4437,44.2891,41.8871
2192002.0,12.5172,44.3777,45.9925
2200002.0,12.4183,44.4413,0.7524069999999999
2208002.0,12.6665,44.5373,5.41641
2216002.0,12.7947,44.5335,10.3914
2224002.0,12.9469,44.5908,15.1505
2232002.0,12.8331,44.4855,19.8366
2240002.0,13.1424,44.4156,24.7004
2248002.0,13.4549,44.3664,29.0946
2256002.0,13.302999999999999,44.4003,32.7967
2264002.0,13.4892,44.3983,37.5119
2272002.0,13.833,44.5635,42.9451
2280002.0,14.1973,44.4196,47.8569
2288002.0,14.1039,44.4274,3.46357
2296002.0,14.4641,44.5032,8.623389999999999
2304002.0,14.8004,44.501999999999995,13.6549
2312002.0,15.2258,44.5719,18.7084
2320002.0,15.8626,44.4812,23.9361
2328002.0,16.3823,44.6017,29.1286
2336002.0,16.5203,44.5824,34.1028
2344002.0,16.8226,44.5878,39.1741
2352002.0,17.0956,44.5489,43.8574
2360002.0,17.3017,44.558,48.8556
2368002.0,17.3518,44.5629,4.380269999999999
2376002.0,17.324,44.5616,9.47003
2384002.0,17.4748,44.7241,14.5035
2392002.0,17.7596,44.5481,19.2056
2400002.0,17.873,44.467,23.9079
2408002.0,18.4532,44.497,28.5513
2414002.0,18.4799,44.592,32.282
2422002.0,19.9066,44.8331,38.3489
2430002.0,21.9786,44.8464,43.4916
2438002.0,23.8371,44.7327,48.9057
2446002.0,24.7038,44.9152,4.42926
2454002.0,24.67,44.8739,9.130989999999999
2462002.0,25.9513,44.9231,13.9096
2470002.0,26.6643,45.1084,18.5954
2478002.0,27.0826,45.2004,23.6389
2486002.0,27.3949,45.2357,28.5903
2494002.0,27.1141,45.1271,33.0559
2502002.0,27.3048,45.2036,37.4833
2510002.0,28.0861,45.3089,42.4524
2518002.0,28.206999999999997,45.3285,46.6945
2526002.0,29.1836,45.4221,0.786047
2534002.0,30.2671,45.6214,5.5450800000000005
2542002.0,30.2547,45.6613,10.3483
2550002.0,31.0724,45.751999999999995,15.1958
2558002.0,31.9196,45.9585,19.8107
2566002.0,32.164,46.4229,24.2797
2574002.0,33.3126,46.5441,28.4224
2582002.0,33.4181,46.3962,32.5461
2590002.0,35.0192,46.6111,37.8169
2598002.0,36.4834,46.4734,43.6769
2606002.0,36.9064,46.4698,48.3802
2614002.0,37.8883,46.528999999999996,3.9584
2622002.0,37.9718,46.6034,9.395610000000001
2630002.0,38.3548,46.6304,14.5368
2638002.0,37.8827,46.4077,19.6098
2646002.0,37.5469,46.5295,24.4117
2654002.0,38.0622,46.6753,30.4321
2662002.0,38.3507,46.5552,35.2445
2670002.0,38.9438,46.5855,40.503
2678002.0,39.8485,46.7054,45.9114
2686002.0,41.2039,46.883,1.20789
2694002.0,41.8564,46.8029,5.97164
2702002.0,42.2786,46.783,11.1445
2710002.0,42.7764,46.8815,16.5787
2718002.0,43.2926,46.448,21.9424
2726002.0,43.449,46.5328,26.1882
2734002.0,43.6435,46.6499,31.3113
2742002.0,44.055,46.6873,36.1603
2750002.0,44.3777,46.7052,40.7944
2758002.0,44.6533,46.426,44.8602
2766002.0,44.496,46.7914,0.39768000000000003
2774002.0,44.3377,46.9319,5.09169
2782002.0,44.2101,47.0586,9.90068
2790002.0,44.148,47.0014,14.9626
2798002.0,44.3544,46.8241,19.952
2806002.0,44.4633,46.8493,24.5788
2814002.0,44.3896,46.856,29.4604
2822002.0,44.5722,46.8706,34.3232
2830002.0,44.8902,46.7886,39.346
2838002.0,45.332,46.6159,44.2934
2846002.0,46.8409,46.6665,0.00515102
2854002.0,47.4713,46.5179,4.85038
2862002.0,48.0103,46.9026,9.708060000000001
2870002.0,48.2811,46.9501,14.1663
2878002.0,48.8055,47.1762,19.3515
2886002.0,49.0291,47.1206,24.3997
2894002.0,0.38960100000000003,47.3349,29.4448
2902002.0,0.40729,46.9796,34.4325
2910002.0,0.371337,46.8799,39.2629
2918002.0,0.696925,46.5992,44.2673
2926002.0,0.7413770000000001,46.4651,49.4004
2934002.0,0.825738,46.4566,5.00913
2942002.0,0.663371,46.8443,9.64742
2950002.0,0.45822299999999994,46.8129,14.5771
2958002.0,0.10728199999999999,46.7726,19.3161
2966002.0,0.116283,46.5487,24.5429
2974002.0,0.0302227,46.5768,29.4407
2982002.0,0.0338781,46.6038,34.4367
2990002.0,0.061360000000000005,46.5701,39.4504
2998002.0,0.361768,46.3866,44.4131
3006002.0,0.39424699999999996,46.3814,49.4351
3014002.0,0.529779,46.3479,4.85605
3022002.0,0.675219,46.4186,9.88627
3030002.0,0.9313389999999999,46.5737,14.9087
3038002.0,1.26689,46.7844,19.9355
3046002.0,1.2517399999999999,46.8264,25.1941
3054002.0,2.12406,47.1103,30.4408
3062002.0,2.21168,46.8924,35.7695
3070002.0,2.31855,47.0434,40.974
3078002.0,2.2340299999999997,47.0123,46.3807
3086002.0,2.14099,47.0783,1.83628
3094002.0,2.07841,47.003,7.173589999999999
3102002.0,2.3235,47.0349,12.168
3110002.0,2.16025,46.7784,17.3666
3118002.0,2.81382,46.5193,22.0425
3126002.0,2.77382,46.6998,27.1344
3134002.0,2.61101,46.7216,32.3516
3142002.0,2.78686,46.8322,37.7001
3150002.0,2.80538,46.8611,42.4647
3158002.0,3.73693,46.6652,46.9322
3166002.0,4.07704,46.5321,1.9080599999999999
3174002.0,4.02723,46.4904,5.22432
3182002.0,4.29451,46.5743,10.3062
3190002.0,4.616630000000001,46.8381,14.5774
3198002.0,4.1841800000000005,46.8482,19.5356
3206002.0,4.790430000000001,46.8698,23.8413
3214002.0,5.38494,46.7497,27.8641
3222002.0,5.78026,46.3358,31.9985
3230002.0,5.69301,46.1047,36.9251
3238002.0,6.13016,46.257,41.1722
3246002.0,6.4701900000000006,46.3942,45.0497
3254002.0,6.77124,46.1894,0.124102
3262002.0,6.78322,46.2661,4.46732
3270002.0,6.930160000000001,46.5842,9.613610000000001
3278002.0,6.4356599999999995,46.7447,14.594000000000001
3286002.0,6.4890300000000005,46.6653,19.1
3294002.0,6.08528,46.3717,22.1037
3302002.0,5.98223,46.1159,27.19
3310002.0,6.78234,46.2633,30.9512
3318002.0,6.826810000000001,46.3819,35.4704
3326002.0,6.6735,46.4354,39.5277
3334002.0,7.08247,46.4915,44.2777
3342002.0,7.505310000000001,46.4512,49.3872
3350002.0,7.772060000000001,46.4124,4.70142
3358002.0,9.1726,46.4646,8.91257
3366002.0,10.870999999999999,46.2921,13.8521
3374002.0,11.1468,46.6232,18.1033
3382002.0,11.5474,46.9927,23.2683
3390002.0,12.7489,46.9313,28.156
3398002.0,13.0074,46.8637,33.2183
3406002.0,13.1317,47.053000000000004,37.982
3414002.0,13.9313,47.1759,42.9808
3422002.0,14.8215,47.1107,47.6575
3430002.0,15.939,47.0853,3.1347099999999997
3438002.0,16.4291,46.8856,8.22292
3446002.0,16.5806,46.9729,13.0224
3454002.0,16.3461,46.8193,17.7595
3462002.0,16.7078,46.8198,22.3574
3470002.0,17.0931,46.9771,27.2338
3478002.0,17.0192,46.9761,32.1133
3486002.0,17.1125,46.6984,36.7009
3494002.0,17.4185,46.5753,41.503
3502002.0,17.9113,46.9043,46.6807
3510002.0,17.8593,46.9663,1.9108900000000002
3518002.0,17.9689,46.9788,6.90072
3526002.0,18.1524,46.9006,11.7769
3534002.0,18.285,47.1928,16.995
3542002.0,17.8704,46.8853,21.7789
3550002.0,18.1463,47.1115,26.9894
3558002.0,18.222,47.2036,32.2154
3566002.0,18.5031,47.3362,37.3951
3574002.0,18.6286,47.3106,42.3441
3582002.0,18.9776,47.0766,47.3326
3590002.0,18.9641,47.3543,2.9863299999999997
3598002.0,18.6342,47.2005,7.95535
3606002.0,18.6966,47.203,12.8398
3614002.0,18.794,46.9815,17.795
3622002.0,18.5574,46.8823,22.6118
3630002.0,18.6743,46.6739,27.4796
3638002.0,18.7866,46.6634,32.5304
3646002.0,18.9537,46.5731,37.1552
3654002.0,19.3089,46.5145,42.2526
3662002.0,19.5649,46.4237,47.3653
3670002.0,19.6007,46.6363,2.3963099999999997
3678002.0,19.6768,46.595,7.463019999999999
3686002.0,20.3689,46.608000000000004,12.6667
3694002.0,20.4804,46.3969,17.7544
3702002.0,20.6291,46.228,22.4714
3710002.0,20.4289,46.3973,27.5083
3718002.0,20.0106,46.4942,32.5711
3726002.0,20.2246,46.6366,37.5597
3734002.0,20.4923,46.4399,42.5465
3742002.0,20.6733,46.4529,47.6207
3750002.0,21.2392,46.2822,3.3208
3758002.0,22.3358,46.547,8.60335
3766002.0,23.6289,46.2063,13.3047
3774002.0,24.1123,46.4745,18.7574
3782002.0,24.4128,46.7039,23.7712
3790002.0,24.8948,46.7789,28.9936
3798002.0,25.1192,46.8139,33.9383
3806002.0,25.3988,46.9033,38.9584
3814002.0,26.1476,46.8297,43.5876
3822002.0,27.1712,46.358000000000004,48.2112
3830002.0,27.7576,46.2661,3.52619
3838002.0,28.0171,46.3324,8.50426
3846002.0,28.2093,46.3528,13.4555
3854002.0,28.5861,46.0613,18.4926
3862002.0,28.8572,46.0579,23.3532
3870002.0,29.103,46.3131,28.1807
3878002.0,29.1317,46.5923,33.0385
3886002.0,29.5393,46.4142,38.2869
3894002.0,29.7656,46.49,43.5144
3902002.0,29.9509,46.3901,48.5323
3910002.0,30.8881,46.4192,4.2859300000000005
3918002.0,32.1506,46.4171,9.62167
3926002.0,33.1333,46.6758,13.9772
3934002.0,33.6856,46.7912,18.9918
3942002.0,33.8151,46.8385,23.9226
3950002.0,34.0187,46.8842,28.9637
3958002.0,34.0345,46.9471,34.1264
3966002.0,34.1966,47.1148,38.900999999999996
3974002.0,34.7008,46.8736,43.6204
3982002.0,34.663000000000004,46.9599,48.1522
3990002.0,34.7341,47.1053,3.2856199999999998
3998002.0,34.9188,46.8888,8.021410000000001
4006002.0,35.6444,46.8279,13.0516
4014002.0,35.7038,46.7637,18.0001
4022002.0,35.7958,46.6257,22.8937
4030002.0,36.1498,46.5803,27.7388
4038002.0,36.5478,46.5817,32.1683
4046002.0,37.6365,46.6031,35.794000000000004
4054002.0,37.8902,46.518,40.6173
4062002.0,38.7725,46.5697,45.6858
4070002.0,38.7474,46.7969,0.803619
4078002.0,38.7931,46.6918,5.75205
4086002.0,39.1864,46.5922,10.4688
4094002.0,39.4388,46.0957,14.8711
4102002.0,39.4229,45.7463,19.7961
4110002.0,39.6752,45.773999999999994,24.4245
4118002.0,39.9844,46.0069,29.6143
4126002.0,40.2398,45.8981,34.6765
4134002.0,40.3465,46.107,39.0379
4142002.0,40.1863,46.7216,44.0091
4150002.0,40.3683,46.7347,49.0022
4158002.0,40.9307,46.7548,4.92057
4166002.0,40.98,46.8757,9.34758
4174002.0,41.5225,46.8596,14.3002
4182002.0,41.655,46.9484,19.4128
4190002.0,41.4598,47.0982,24.1504
4198002.0,41.4591,47.0656,29.531
4206002.0,41.7651,47.1009,34.7013
4214002.0,41.7469,47.0722,39.9659
4222002.0,42.0349,46.7287,45.3796
4230002.0,42.4395,46.7966,0.931638
4238002.0,42.6547,46.6531,5.70266
4246002.0,43.0355,46.8349,10.8232
4254002.0,43.61600000000001,46.8267,16.5241
4262002.0,43.6227,46.8924,21.9368
4270002.0,43.4607,46.7874,26.9405
4278002.0,43.8524,46.7854,31.936999999999998
4286002.0,43.8013,46.8634,37.0497
4294002.0,43.9641,46.879,41.9619
4302002.0,44.0113,46.8944,47.1085
4310002.0,43.8355,47.0602,2.62232
4318002.0,43.7281,47.1997,7.71305
4326002.0,43.7875,47.3393,12.8104
4334002.0,43.8742,47.2439,17.6335
4342002.0,43.6329,47.4848,22.4942
4350002.0,43.7528,47.56399999999999,27.4656
4358002.0,43.9646,47.5576,32.5351
4366002.0,43.7533,47.4432,37.4316
4374002.0,43.7245,47.5394,42.2532
4382002.0,43.7682,47.5256,47.2678
4390002.0,43.9952,47.4233,2.65172
4398002.0,44.24100000000001,47.3755,8.30213
4406002.0,44.4851,47.2804,13.1471
4414002.0,44.5334,47.4912,18.3123
4422002.0,44.9731,47.5816,23.4487
4430002.0,44.9423,47.6202,28.968000000000004
4438002.0,44.8712,47.5444,33.9376
4446002.0,45.1563,47.6559,39.3701
4454002.0,45.1559,47.6424,44.5534
4462002.0,45.4304,47.5669,0.480696
4470002.0,46.1802,47.5511,5.41151
4478002.0,46.4276,47.5246,10.3523
4486002.0,46.4043,47.4038,15.6193
4494002.0,46.65,47.3686,20.445
4502002.0,46.5382,47.2815,25.4324
4510002.0,46.8579,47.2712,30.3021
4518002.0,46.8957,47.3677,34.8626
4526002.0,47.4838,47.4179,39.7905
4534002.0,47.7059,47.3397,44.8894
4542002.0,47.7298,47.4915,0.6576420000000001
4550002.0,47.7334,47.2625,5.7199599999999995
4558002.0,47.8366,47.1588,10.8271
4566002.0,47.4142,47.2828,16.1475
4574002.0,47.9652,47.3789,21.4353
4582002.0,48.4449,47.3905,26.4056
4590002.0,49.0066,47.1968,31.2479
4598002.0,0.694501,47.1117,36.6301
4606002.0,1.2381,47.3464,41.4726
4614002.0,1.6847299999999998,47.787,46.4561
4622002.0,1.8327900000000001,47.6813,0.744917
4630002.0,2.04601,47.6487,5.19055
4638002.0,1.9619,47.7217,9.63632
4646002.0,1.9758200000000001,47.7681,14.6487
4654002.0,2.30085,47.7026,19.6551
4662002.0,2.4180599999999997,47.7725,23.8317
4670002.0,2.66718,47.6648,28.5785
4678002.0,2.34226,47.7479,33.2594
4686002.0,2.20969,47.7452,38.305
4694002.0,2.5577900000000002,47.57899999999999,43.1743
4702002.0,2.67975,47.3943,47.9406
4710002.0,2.9327,47.18,3.24192
4718002.0,2.8012,47.2707,7.54501
4726002.0,2.95987,47.2111,12.3298
4734002.0,3.78743,47.1677,17.0529
4742002.0,3.9355300000000004,47.2149,21.994
4750002.0,4.03906,47.2029,26.618000000000002
4758002.0,3.89574,47.2976,31.1061
4760002.0,3.90783,47.3551,31.9224
4768002.0,4.702459999999999,47.251999999999995,36.7049
4776002.0,5.34176,47.3156,40.593
4784002.0,6.40789,47.365,45.7438
4792002.0,6.79237,47.3345,0.9902350000000001
4800002.0,6.9469,47.2469,6.00064
4808002.0,7.20149,47.2258,10.8707
4816002.0,8.33564,47.2051,15.512
4824002.0,9.275360000000001,47.136,20.2679
4832002.0,9.65142,47.5144,25.2131
4840002.0,10.1707,47.5661,30.4286
4848002.0,11.1621,47.5601,35.4548
4856002.0,12.5867,47.61,40.5392
4864002.0,12.8977,47.345,45.9509
4872002.0,13.8398,47.2513,1.41534
4880002.0,14.0792,47.3578,5.96145
4888002.0,14.2545,47.5163,10.6997
4896002.0,15.9621,47.1506,15.3546
4904002.0,16.4497,47.3882,19.2607
4912002.0,16.5999,47.2283,24.2266
4920002.0,18.4161,47.3557,28.7235
4928002.0,19.7782,47.5017,33.4432
4936002.0,20.7456,47.3918,38.3457
4944002.0,20.8641,47.381,42.75899999999999
4952002.0,21.4037,47.418,47.3704
4960002.0,21.6523,47.2262,2.8503
4968002.0,21.651999999999997,47.1714,7.842339999999999
4976002.0,21.9152,47.1111,12.8816
4984002.0,21.8292,47.2095,17.7726
4992002.0,22.625,46.9868,22.4519
5000002.0,23.1679,46.9796,27.1593
5008002.0,23.2354,46.9892,32.0535
5016002.0,23.3968,47.2054,36.7151
5024002.0,23.6376,47.6581,41.3872
5032002.0,24.3855,47.5715,46.6087
5040002.0,24.8507,47.525,2.05009
5048002.0,24.7858,47.6869,6.71137
5056002.0,25.0948,47.7175,11.5067
5064002.0,26.0402,47.7089,15.929
5072002.0,26.7094,47.6652,21.0167
5080002.0,27.914,47.6257,26.1379
5088002.0,28.5465,47.6847,31.0541
5096002.0,29.6333,47.7372,36.0139
5104002.0,30.5872,47.5783,41.0785
5112002.0,30.5226,47.4849,45.9883
5120002.0,31.0381,47.5646,2.0698
5128002.0,31.2394,47.6036,7.67082
5136002.0,31.4375,47.6075,12.6991
5144002.0,31.6136,47.7005,17.7307
5152002.0,31.9846,47.7028,23.0313
5160002.0,32.5107,47.6946,27.9755
5168002.0,32.6557,47.6956,32.8788
5176002.0,32.9623,47.6885,37.5506
5184002.0,33.2783,47.6394,42.1813
5192002.0,33.8837,47.6698,46.5048
5200002.0,34.5844,47.5544,2.64645
5208002.0,35.0437,47.4999,6.91183
5216002.0,35.2642,47.7856,11.7022
5224002.0,35.412,47.7326,16.0295
5232002.0,35.5525,47.5883,21.3196
5240002.0,35.7549,47.6097,26.5354
5248002.0,36.3112,47.6742,31.0129
5256002.0,36.5219,47.6164,35.6249
5264002.0,37.0653,47.6349,40.3385
5272002.0,37.695,47.5831,44.9176
5280002.0,39.031,47.4981,0.44397600000000004
5288002.0,39.0448,47.5749,5.60158
5296002.0,39.1161,47.5763,10.5137
5304002.0,39.0631,47.6861,15.4146
5312002.0,40.0194,47.7022,20.2945
5320002.0,40.2542,47.7348,25.408
5328002.0,40.559,47.7209,29.7825
5336002.0,41.0694,47.6271,34.5086
5344002.0,41.9343,47.6624,38.3437
5352002.0,42.034,47.6524,42.8856
5360002.0,42.0935,47.5396,46.7198
5368002.0,42.239,47.3965,2.28721
5376002.0,42.2461,47.4359,7.0847
5384002.0,42.955,47.2743,12.311
5392002.0,43.0876,47.5598,16.9117
5400002.0,43.129,47.5068,22.0014
5408002.0,43.0989,47.5373,26.9316
5416002.0,43.0363,47.5246,32.0112
5424002.0,43.0708,47.4782,37.0311
5432002.0,43.0679,47.4526,41.5366
5440002.0,43.1071,47.6306,46.3558
5448002.0,42.9407,47.6645,1.69405
5456002.0,43.023,47.6015,6.30858
5464002.0,43.0552,47.6159,11.1763
5472002.0,43.226000000000006,47.6645,16.869
5480002.0,43.4877,47.6715,21.7762
5488002.0,44.1342,47.7223,25.9593
5496002.0,44.6176,47.6675,30.7588
5504002.0,44.9095,47.717,35.7914
5512002.0,45.1465,47.4418,40.1339
5520002.0,45.5931,47.2118,45.1512
5528002.0,46.2381,47.2011,0.243402
5536002.0,46.9225,47.3506,5.29625
5544002.0,47.3389,47.2533,9.91278
5552002.0,48.1869,47.0618,14.2994
5560002.0,48.9983,47.1077,19.4208
5568002.0,0.6134850000000001,47.1347,24.0444
5576002.0,0.706654,47.4095,29.0577
5584002.0,1.14336,47.2539,34.0941
5592002.0,1.32497,47.052,38.7673
5600002.0,1.30754,46.99100000000001,43.9696
5608002.0,1.83645,47.0868,49.0048
5616002.0,2.53219,47.0736,4.50183
5624002.0,3.1611,47.2515,9.56471
5632002.0,4.34141,46.6533,14.6516
5640002.0,6.2756,46.5329,19.8638
5648002.0,6.63762,45.8445,24.9796
5656002.0,6.671239999999999,46.343,30.7393
5664002.0,7.2416100000000005,46.0677,37.8791
5672002.0,8.0877,46.2185,43.1659
5680002.0,8.61025,46.0031,48.0662
5688002.0,8.91916,46.4468,2.71811
5696002.0,9.336089999999999,46.5098,7.815169999999999
5704002.0,9.42768,46.3,12.4118
5712002.0,9.471219999999999,46.4295,17.3322
5720002.0,9.28123,46.6835,22.3886
5728002.0,9.22712,46.6957,27.171999999999997
5736002.0,9.29538,46.7428,32.1071
5744002.0,9.256780000000001,46.8766,37.0617
5752002.0,9.088989999999999,47.0058,41.8632
5760002.0,9.20167,46.9453,45.7395
5768002.0,9.66399,47.2894,1.12523
5776002.0,10.2482,47.5558,5.82789
5784002.0,10.2447,47.6327,10.9888
5792002.0,10.4706,47.6938,15.8938
5800002.0,10.577,47.7264,21.0211
5808002.0,11.5537,47.6581,26.0974
5816002.0,13.1072,47.6765,31.0115
5824002.0,13.7894,47.6042,35.7049
5832002.0,14.35,47.5975,40.6293
5840002.0,14.7848,47.4993,45.4799
5848002.0,16.0628,47.538000000000004,0.91365
5856002.0,16.485,47.5244,5.66063
5864002.0,17.4858,47.4611,10.2546
5872002.0,17.8974,47.4923,15.3146
5880002.0,18.1882,47.5522,20.1669
5888002.0,18.5474,47.5142,25.271
5896002.0,19.052,47.4792,30.1215
5904002.0,19.4812,47.5728,35.0626
5912002.0,19.5639,47.5536,39.9772
5920002.0,19.809,47.6278,44.7915
5928002.0,20.2275,47.5998,49.4204
5936002.0,20.3843,47.5799,4.84034
5944002.0,20.5709,47.6023,9.816360000000001
5952002.0,20.7109,47.518,14.6476
5960002.0,20.6441,47.5613,19.4151
5968002.0,20.8851,47.6196,23.8554
5976002.0,21.0302,47.6968,28.5502
5984002.0,21.1739,47.6916,33.3638
5992002.0,21.3744,47.6944,38.2424
6000002.0,21.1478,47.6726,43.1857
6008002.0,21.1866,47.6877,48.0191
6016002.0,22.088,47.7756,2.3688599999999997
6024002.0,21.8212,47.7289,7.29005
6032002.0,21.8628,47.6871,11.65
6040002.0,22.0982,47.7194,16.3202
6048002.0,22.0042,47.6338,21.539
6056002.0,22.198,47.6897,26.5725
6064002.0,22.1752,47.672,31.4427
6072002.0,21.9269,47.69,36.4314
6080002.0,22.1148,47.7033,41.6271
6088002.0,22.5207,47.7195,46.611000000000004
6096002.0,22.6667,47.6693,1.8782
6104002.0,22.9477,47.6481,7.06907
6112002.0,23.0095,47.626999999999995,12.0233
6120002.0,22.9569,47.6198,16.8908
6128002.0,22.9818,47.5641,21.9136
6136002.0,23.1473,47.542,26.9666
6144002.0,24.0379,47.5444,31.956
6152002.0,24.4633,47.5743,36.9987
6160002.0,24.9301,47.4623,42.005
6168002.0,25.1024,47.5058,46.9949
6176002.0,25.2166,47.4231,2.26608
6184002.0,25.2287,47.4394,7.425510000000001
6192002.0,25.1432,47.417,12.4712
6200002.0,25.0628,47.6782,17.3531
6208002.0,25.2284,47.6864,22.465999999999998
6216002.0,25.8511,47.6175,27.4924
6224002.0,26.1277,47.6851,32.5272
6232002.0,26.4876,47.6093,37.2581
6240002.0,27.1919,47.7293,42.3664
6248002.0,28.2989,47.5861,47.141999999999996
6256002.0,29.4666,47.662,2.62833
6264002.0,29.9012,47.6745,7.81993
6272002.0,30.4422,47.6689,12.7413
6280002.0,30.6347,47.6306,17.3771
6288002.0,30.8348,47.798,22.0688
6296002.0,30.9347,47.7827,26.9682
6304002.0,31.0934,47.7382,31.8459
6312002.0,32.0007,47.7484,36.8837
6320002.0,32.6158,47.5565,42.166000000000004
6328002.0,33.669000000000004,47.5385,47.1868
6336002.0,34.1449,47.5407,2.88992
6344002.0,34.5094,47.4763,7.77703
6352002.0,34.4962,47.4529,12.6437
6360002.0,34.8841,47.5926,17.5834
6368002.0,35.16,47.6055,22.9616
6376002.0,35.2377,47.6086,27.9552
6384002.0,35.2712,47.3095,32.9938
6392002.0,35.6268,47.5299,37.9728
6400002.0,35.6337,47.5683,43.0671
6408002.0,35.9581,47.6538,47.8065
6416002.0,36.1071,47.5701,3.1589
6424002.0,36.2634,47.4092,8.07947
6432002.0,36.5372,47.4488,13.4283
6440002.0,36.5306,47.4293,18.2557
6448002.0,36.3948,47.2242,23.0888
6456002.0,36.7905,47.0714,27.9628
6464002.0,37.6727,47.4177,32.7819
6472002.0,38.4025,47.6442,37.8745
6480002.0,38.5993,47.7235,43.0215
6488002.0,38.8058,47.7232,47.8428
6496002.0,38.906,47.7287,3.13204
6504002.0,39.12,47.6445,7.9893600000000005
6512002.0,39.3124,47.6591,13.2073
6520002.0,39.3145,47.7027,17.3802
6528002.0,39.5453,47.6947,22.2752
6536002.0,39.8463,47.6261,27.1953
6544002.0,40.2553,47.5259,32.1391
6552002.0,40.2295,47.5642,36.8823
6560002.0,40.5979,47.5765,42.0645
6568002.0,41.1991,47.5817,46.9249
6576002.0,41.6208,47.6543,2.49974
6584002.0,42.2677,47.655,7.47483
6592002.0,42.9087,47.6694,12.6146
6600002.0,43.7013,47.6737,17.6763
6608002.0,44.6438,47.7029,22.9128
6616002.0,45.2595,47.4911,27.6021
6624002.0,46.7777,47.4123,31.7013
6632002.0,47.8711,47.3729,36.7449
6640002.0,47.9499,47.3215,41.8837
6648002.0,48.3099,47.3464,46.86600000000001
6656002.0,48.8092,47.405,2.24346
6664002.0,49.3206,47.77,6.45066
6672002.0,0.927333,47.7226,11.7534
6680002.0,1.38342,47.7443,17.0091
6688002.0,1.47545,47.7865,22.3514
6696002.0,2.33618,47.7585,26.3649
6704002.0,2.79992,47.8283,31.5059
6712002.0,3.5726699999999996,47.6936,36.1477
6720002.0,4.59696,47.7767,40.8597
6728002.0,5.54796,47.751999999999995,45.8876
6736002.0,6.490130000000001,47.8083,0.47184499999999996
6744002.0,7.42023,47.8358,5.448230000000001
6752002.0,7.97584,47.7814,10.5171
6760002.0,8.31156,47.6889,15.2575
6768002.0,8.23382,47.7095,20.3702
6776002.0,8.15754,47.6919,25.554000000000002
6784002.0,8.21301,47.6751,30.4869
6792002.0,8.5257,47.5634,35.1764
6800002.0,9.201089999999999,47.3061,39.8943
6808002.0,9.41676,47.2223,44.3877
6816002.0,9.44999,47.0704,49.3556
6824002.0,9.64209,47.0908,4.81867
6832002.0,10.8318,46.7685,9.70911
6840002.0,10.9494,46.6744,14.2761
6848002.0,11.7918,46.5478,19.2546
6856002.0,12.312999999999999,46.5942,24.3936
6864002.0,13.0499,46.7097,29.4646
6872002.0,13.2865,46.6885,34.5384
6880002.0,13.6829,46.6512,39.3825
6888002.0,14.2372,46.5566,44.3185
6896002.0,14.9245,46.6144,49.0114
6904002.0,15.5818,46.5947,4.51354
6912002.0,16.3961,46.1867,9.53468
6920002.0,17.1239,46.1242,14.4446
6928002.0,17.9868,46.0443,19.418
6936002.0,18.1908,46.0443,24.2582
6944002.0,19.229,46.1446,28.639
6952002.0,20.8769,46.236000000000004,33.0746
6960002.0,21.5166,46.6197,37.3594
6968002.0,21.8352,46.7313,41.6386
6976002.0,22.4991,46.9088,46.4213
6984002.0,22.4819,46.8018,1.55925
6992002.0,23.2297,46.9329,6.42132
7000002.0,23.7846,46.9665,10.8028
7008002.0,24.2706,47.2029,15.3579
7016002.0,24.6825,47.3856,19.8892
7024002.0,24.982,47.4906,24.9462
7032002.0,25.0252,47.8108,29.5791
7040002.0,25.0704,47.6687,34.0922
7048002.0,25.3672,47.3886,38.6437
7056002.0,26.0697,47.3755,43.6864
7064002.0,27.0844,47.7432,48.3632
7072002.0,27.6833,47.5545,3.14132
7080002.0,28.4435,47.6258,7.675439999999999
7088002.0,28.1032,47.5005,12.7783
7096002.0,27.6198,47.1938,17.0491
7104002.0,27.8042,47.1649,20.8827
7112002.0,27.9345,47.1637,25.625
7120002.0,28.5001,47.125,30.5095
7128002.0,28.6704,47.0124,35.5624
7136002.0,29.3149,46.9287,40.2096
7144002.0,29.226,46.9849,45.0671
7152002.0,29.3021,46.9875,0.7122189999999999
7160002.0,29.6456,46.87,6.03165
7168002.0,30.0671,46.9492,10.9191
7176002.0,30.449,46.7615,15.606
7184002.0,31.1163,46.8046,20.2179
7192002.0,31.3851,46.7843,25.2494
7200002.0,32.4251,46.8282,30.2895
7204002.0,32.2296,46.8308,32.6981
7212002.0,33.5802,46.8062,37.8871
7220002.0,34.2978,46.7351,42.3686
7228002.0,34.5377,46.7609,46.9926
7236002.0,35.1142,46.6205,2.1943900000000003
7244002.0,35.2927,46.7534,7.07614
7252002.0,35.3889,46.7569,12.0465
7260002.0,35.5878,46.6745,16.875999999999998
7268002.0,35.7271,46.6656,21.9997
7276002.0,36.6223,46.5183,26.7854
7284002.0,36.6437,46.5116,31.7967
7292002.0,36.9276,46.181999999999995,36.7836
7300002.0,37.8198,46.1862,41.3858
7308002.0,38.5333,46.4605,46.3904
7316002.0,38.5956,46.4289,1.44105
7324002.0,38.4762,46.4269,6.06553
7332002.0,38.6114,46.5343,11.0351
7340002.0,38.3521,46.3206,16.0537
7348002.0,38.4295,46.2109,20.706999999999997
7356002.0,38.2729,46.457,24.7844
7364002.0,38.4052,46.4262,28.9249
7372002.0,38.5074,46.4287,33.6009
7380002.0,38.4548,46.39,37.8263
7388002.0,38.3713,46.369,42.4255
7396002.0,38.4874,46.2247,47.0322
7404002.0,38.6788,46.3264,2.5361599999999997
7412002.0,39.1658,46.2936,7.077389999999999
7420002.0,39.102,46.2215,11.7868
7428002.0,39.443000000000005,46.3729,16.1106
7436002.0,39.2531,46.4027,20.9097
7444002.0,39.3467,46.4276,25.8053
7452002.0,39.4871,46.2135,30.3981
7460002.0,39.4682,46.1737,35.0889
7468002.0,39.5298,46.2846,40.0688
7476002.0,39.5933,46.2608,44.647
7484002.0,39.6184,46.3565,0.0547799
7492002.0,39.8489,46.4492,4.53482
7500002.0,40.0212,46.3617,9.597389999999999
7508002.0,40.1373,46.3859,14.4059
7516002.0,40.2018,46.4316,19.3123
7524002.0,40.266999999999996,46.3133,24.1855
7532002.0,40.3152,46.1696,28.8422
7540002.0,40.33,46.0172,33.7699
7548002.0,40.2534,46.0361,37.9286
7556002.0,40.3479,46.1621,42.87
7564002.0,40.4209,46.1803,47.5995
7572002.0,40.363,46.3321,2.8249299999999997
7580002.0,40.5998,46.2119,7.6494100000000005
7588002.0,40.3359,46.4316,12.0621
7596002.0,40.3042,46.6649,16.7538
7604002.0,40.3606,46.70399999999999,21.5467
7612002.0,40.7687,46.5435,26.5549
7620002.0,40.9384,46.4706,31.5366
7628002.0,41.3277,46.0703,36.3572
7636002.0,41.8719,46.1834,40.9182
7644002.0,42.2268,46.2362,45.8038
7652002.0,42.1604,46.4814,0.587716
7660002.0,41.9152,46.911,5.72984
7668002.0,42.6099,47.1099,10.7618
7676002.0,42.8456,47.2432,15.6503
7684002.0,43.0057,47.2747,20.6082
7692002.0,43.903999999999996,47.1993,25.6654
7700002.0,43.9788,47.1528,30.5047
7708002.0,44.0778,47.2003,35.6396
7716002.0,44.5926,47.2176,40.6073
7724002.0,44.9406,47.0632,45.5478
7732002.0,45.512,47.1561,0.936577
7740002.0,46.6633,47.1201,6.0090699999999995
7748002.0,46.5787,47.2454,10.8608
7756002.0,46.952,47.4181,15.5113
7764002.0,46.9776,47.525,20.4056
7772002.0,47.082,47.4162,25.2708
7780002.0,46.9361,47.3554,30.3382
7788002.0,47.0143,47.2491,35.522
7796002.0,47.0043,47.2407,40.5934
7804002.0,47.0228,47.2438,45.6311
7812002.0,47.0714,47.4104,1.29267
7820002.0,47.3357,47.3603,6.41711
7828002.0,47.7763,47.266999999999996,10.981
7836002.0,47.9746,47.2697,15.9943
7844002.0,47.9623,47.3713,20.8085
7852002.0,48.1611,47.6448,25.6906
7860002.0,48.1635,47.6102,30.6386
7868002.0,48.1207,47.5832,35.6038
7876002.0,48.2439,47.4857,40.5578
7884002.0,49.0481,47.0617,45.3028
7892002.0,0.381454,46.8968,0.475887
7900002.0,0.291515,46.9041,5.50156
7908002.0,0.46296499999999996,46.9074,10.1349
7916002.0,0.69644,46.7404,14.8057
7924002.0,0.664121,46.8363,19.4632
7932002.0,0.684688,46.9666,24.3973
7940002.0,0.8349260000000001,46.9073,28.9113
7948002.0,0.9190229999999999,47.0796,33.7748
7956002.0,1.03531,46.937,38.1145
7964002.0,1.10323,46.8211,43.0875
7972002.0,1.11899,46.8931,48.0534
7980002.0,1.1963,46.9146,3.55345
7988002.0,1.12845,46.8527,8.33473
7996002.0,1.09396,46.8921,13.0976
