2.0,15.58,40.0906,45.387
8002.0,18.4617,39.9721,49.1751
16002.0,19.645,40.1336,3.5691599999999997
24002.0,19.6563,40.0729,8.64883
32002.0,19.8638,40.2244,12.6646
40002.0,20.2586,40.1931,17.5372
48002.0,20.3506,40.2415,21.5444
56002.0,20.379,40.2247,25.9101
64002.0,20.1458,39.8792,29.7763
72002.0,22.1309,39.5364,32.3197
80002.0,22.8258,39.166,35.9014
88002.0,23.8883,39.3065,40.6888
96002.0,24.2149,39.2871,45.0469
104002.0,24.6263,38.9868,48.5095
112002.0,24.1682,39.161,1.33521
120002.0,25.0992,40.0336,4.88422
128002.0,25.396,40.2661,9.94321
136002.0,26.289,40.7024,14.5511
144002.0,26.298000000000002,40.6418,19.3291
152002.0,27.3633,40.6515,23.4553
160002.0,30.2536,40.7179,28.0006
168002.0,31.0096,40.6101,32.6902
176002.0,30.9058,40.2763,37.6704
184002.0,31.3281,40.4252,41.9557
192002.0,31.0191,40.8008,46.7776
200002.0,31.2633,40.8808,2.3044599999999997
208002.0,32.0049,40.8377,6.27468
216002.0,33.2033,40.8376,11.5004
224002.0,33.604,40.4484,16.1181
232002.0,33.8321,40.0436,21.1945
240002.0,35.0253,40.2313,25.4705
248002.0,35.7943,40.6161,29.4121
256002.0,36.3345,40.3762,34.547
264002.0,36.5869,40.0719,39.6046
272002.0,37.4914,39.4058,45.1707
280002.0,38.0189,39.4935,0.0121177
288002.0,39.1101,39.8889,5.87223
296002.0,39.4919,40.037,9.9454
304002.0,43.0743,38.643,17.094
312002.0,44.9444,40.4229,19.1443
320002.0,45.2691,40.7868,24.0029
328002.0,47.1003,40.0811,29.4926
336002.0,48.1003,40.0878,34.1448
344002.0,48.6531,39.7663,39.8347
352002.0,47.7988,38.9842,43.0394
360002.0,48.156000000000006,40.0991,47.0015
368002.0,49.4495,39.6493,1.79395
376002.0,0.134393,40.0431,6.778789999999999
384002.0,0.585032,39.8281,10.814
392002.0,0.96824,39.7937,15.45
400002.0,1.21746,39.3816,20.5778
408002.0,1.6407,39.1317,25.1195
416002.0,1.57788,38.9088,29.6254
424002.0,2.43827,38.8768,34.8242
432002.0,2.65482,38.755,39.0581
440002.0,2.75956,38.8634,44.0405
448002.0,2.8114,38.952,48.4196
456002.0,2.85898,39.1183,3.2389900000000003
464002.0,3.22258,39.2923,7.10047
472002.0,3.5366199999999997,39.6704,11.9496
480002.0,4.0281199999999995,39.7968,16.8143
488002.0,4.531219999999999,39.9791,21.7522
496002.0,5.37261,39.969,26.5904
504002.0,5.3117,39.9502,31.4329
512002.0,5.406540000000001,39.8716,36.1161
520002.0,5.8089900000000005,39.7922,41.1214
528002.0,6.2108300000000005,40.0369,46.3718
536002.0,7.187119999999999,40.1374,1.74423
544002.0,8.538739999999999,40.7631,5.83283
552002.0,9.59173,40.8157,10.1261
560002.0,10.7884,40.9868,14.334000000000001
568002.0,10.7956,41.125,18.3499
576002.0,11.4296,41.1998,23.6547
584002.0,11.9508,40.7775,28.559
592002.0,13.4787,40.2417,32.6405
600002.0,13.2594,39.7528,37.5227
608002.0,13.3443,39.5119,42.3836
616002.0,13.821,39.398,47.0552
624002.0,14.0742,39.3766,2.84484
632002.0,14.1833,39.2961,7.04966
640002.0,15.0517,38.758,11.6968
648002.0,14.9735,38.3766,14.9053
656002.0,15.1477,37.9143,19.4225
664002.0,15.575,37.7619,24.2169
672002.0,15.511,37.7033,28.9054
680002.0,15.5562,37.6631,33.3918
688002.0,15.6528,38.2607,38.6633
696002.0,15.3865,38.1256,43.558
704002.0,16.1001,37.6631,48.8527
712002.0,16.2496,37.5037,4.4516
720002.0,16.5073,37.5191,9.35876
728002.0,16.5878,37.938,14.2303
736002.0,17.3724,37.2327,18.955
744002.0,17.5704,37.2541,23.5114
752002.0,17.596,37.2896,28.0963
760002.0,17.7639,37.2903,33.175
768002.0,17.8996,37.2373,37.8645
776002.0,18.025,37.2943,43.3885
784002.0,18.1939,37.4069,47.3747
792002.0,18.5642,37.2382,2.16039
800002.0,18.5151,37.1055,6.69327
808002.0,18.9636,37.032,11.5591
816002.0,19.3361,36.778,16.2623
824002.0,19.7878,36.5313,20.5237
832002.0,20.3402,36.8162,24.6698
840002.0,20.5985,36.836999999999996,28.9224
848002.0,21.2451,37.2787,33.4883
856002.0,22.1013,37.7841,37.9323
864002.0,22.1059,38.1749,42.3983
872002.0,21.9302,38.5802,47.0078
880002.0,21.7145,38.6554,1.722
888002.0,22.3712,38.6812,7.300510000000001
896002.0,22.8686,39.0725,11.7314
904002.0,23.2795,39.0994,16.3133
912002.0,23.8605,39.3916,20.1482
920002.0,24.2626,39.3806,24.4127
928002.0,24.1418,39.4537,29.3385
936002.0,24.5626,39.8531,33.0608
944002.0,24.6335,39.9761,37.1103
952002.0,25.1911,39.8221,41.2533
960002.0,25.9339,40.3868,45.6191
968002.0,26.4358,40.5999,0.436151
976002.0,27.3048,40.5153,4.98712
984002.0,28.3196,40.5692,9.43572
992002.0,28.5926,40.7102,13.6169
1000002.0,28.4777,40.6005,18.2657
1008002.0,29.2725,40.3433,22.444000000000003
1016002.0,29.4642,40.4031,27.0721
1024002.0,30.0308,40.5027,31.5207
1032002.0,30.1033,40.5254,35.9079
1040002.0,30.5953,40.7137,40.5913
1048002.0,30.6312,40.8263,45.2873
1056002.0,30.7113,40.4163,0.7969229999999999
1064002.0,31.0457,40.4525,5.78395
1072002.0,31.5239,40.1155,10.5506
1080002.0,31.7451,40.2247,15.0978
1088002.0,31.993000000000002,40.1514,19.4703
1096002.0,32.3022,40.2925,24.2154
1104002.0,32.311,39.7891,28.4788
1112002.0,32.2805,39.7827,33.4175
1120002.0,32.2395,39.6199,37.815
1128002.0,32.6768,39.5192,42.1769
1136002.0,33.323,39.4913,47.1209
1144002.0,33.5953,39.4585,1.6391200000000001
1152002.0,33.3749,39.7316,6.53584
1160002.0,33.558,40.1789,11.5403
1168002.0,33.6177,40.3825,16.1875
1176002.0,33.6369,40.3588,20.6887
1184002.0,33.734,40.512,25.4702
1192002.0,34.4007,40.6529,30.3792
1200002.0,34.0351,40.7541,34.9843
1208002.0,34.4033,40.5756,39.9152
1216002.0,34.8983,40.6827,44.0858
1224002.0,34.7849,40.5602,49.4353
1232002.0,35.3051,40.5799,5.01884
1240002.0,35.3407,40.5011,10.1312
1248002.0,35.7267,40.2828,15.286
1256002.0,35.8722,40.273,19.7814
1264002.0,36.1429,40.3604,24.8899
1272002.0,36.1522,40.128,29.6987
1280002.0,36.8577,40.699,34.6434
1288002.0,37.4288,40.8065,38.7097
1296002.0,37.5986,40.6219,43.4072
1304002.0,37.9334,40.7018,48.0891
1312002.0,38.035,40.7831,3.84617
1320002.0,38.1444,40.8704,8.82188
1328002.0,38.6106,40.7666,13.5247
1336002.0,38.8292,40.5919,18.676
1344002.0,39.3504,40.6146,23.3684
1352002.0,39.6492,40.6992,28.971999999999998
1360002.0,39.957,40.5677,33.8591
1368002.0,40.5636,40.5747,38.6187
1376002.0,40.996,40.354,43.7046
1384002.0,41.0091,40.4602,48.5687
1392002.0,40.8268,40.3616,4.39081
1400002.0,41.6936,40.4874,8.976360000000001
1408002.0,41.6552,40.4841,14.229000000000001
1416002.0,41.5776,40.477,18.9308
1424002.0,41.6509,40.4341,24.2475
1432002.0,41.833,40.6125,29.4765
1440002.0,42.9977,40.4498,34.7132
1448002.0,43.455,40.5666,39.3967
1456002.0,43.8845,40.7742,44.3406
1464002.0,43.9616,40.7714,49.1355
1472002.0,42.9874,40.2839,3.96674
1480002.0,42.8728,39.8331,8.28235
1488002.0,43.0512,39.7832,12.447000000000001
1496002.0,43.2657,40.0799,16.5462
1504002.0,43.6555,40.1782,21.4906
1512002.0,44.3214,40.1731,26.5526
1520002.0,44.8455,40.1973,31.3942
1528002.0,45.2953,40.4787,36.7899
1536002.0,45.4759,40.9066,41.9359
1544002.0,45.9155,41.1701,46.8329
1552002.0,47.4727,41.4473,1.68885
1560002.0,47.4985,41.8246,6.81683
1568002.0,47.8666,42.021,11.7864
1576002.0,47.8914,42.0158,17.0384
1584002.0,48.0623,41.8929,22.064
1592002.0,48.1951,42.1796,26.9936
1600002.0,48.1776,42.2109,31.8181
1608002.0,48.1867,42.2073,36.8404
1616002.0,47.9642,42.1724,41.3191
1624002.0,47.9469,42.2272,46.0475
1632002.0,47.9501,42.2063,1.4243299999999999
1640002.0,48.2233,42.1338,6.51778
1648002.0,48.2404,42.1942,11.1752
1656002.0,48.2713,42.1494,16.8354
1664002.0,48.6157,42.4147,21.989
1672002.0,48.6927,42.3824,27.08
1680002.0,48.8944,42.3112,32.3946
1688002.0,48.6632,42.5755,36.969
1696002.0,48.6517,42.5686,41.9423
1704002.0,48.6905,42.6204,46.8077
1712002.0,48.7712,42.5357,2.3112
1720002.0,49.018,42.7316,6.6453
1728002.0,49.4813,42.6041,11.3165
1736002.0,0.259841,42.5554,16.0393
1744002.0,1.03162,41.9727,20.5911
1752002.0,1.44045,42.0507,25.1799
1760002.0,1.54641,42.4046,29.8723
1768002.0,2.1263099999999997,43.4487,35.0322
1776002.0,2.3739,44.2233,40.2385
1784002.0,2.60467,44.1996,44.7804
1792002.0,2.3707599999999998,44.4855,49.4319
1800002.0,2.91765,44.3313,5.38063
1808002.0,3.9588699999999997,44.2801,9.98183
1816002.0,4.21895,44.5221,14.3928
1824002.0,3.9721,44.7967,19.3279
1832002.0,3.7866400000000002,45.1244,23.7541
1840002.0,4.2859300000000005,44.8021,28.1829
1848002.0,4.04148,44.9208,33.2714
1856002.0,4.13965,44.9667,38.1769
1864002.0,4.04796,45.4487,43.2728
1872002.0,4.18516,45.1579,48.0363
1880002.0,5.40115,45.0554,3.4116699999999995
1888002.0,6.88285,45.0783,8.678189999999999
1896002.0,7.20334,45.2576,14.3126
1904002.0,7.09577,45.7841,19.5128
1912002.0,7.03242,46.1925,24.7448
1920002.0,6.842039999999999,46.0814,30.1929
1928002.0,6.884530000000001,46.0095,35.1703
1936002.0,6.7960899999999995,46.1148,40.4652
1944002.0,7.08788,46.1951,45.585
1952002.0,6.96397,46.1855,1.4045
1960002.0,6.81216,46.3253,6.25316
1968002.0,6.86066,46.601000000000006,11.0975
1976002.0,7.01932,46.6418,15.9954
1984002.0,7.08074,46.5346,21.0527
1992002.0,7.19875,46.5428,25.7703
2000002.0,7.344930000000001,46.3272,30.8703
2008002.0,7.5551699999999995,46.1833,35.725
2016002.0,7.6699600000000006,46.4302,40.689
2024002.0,7.86217,46.645,45.5882
2032002.0,7.767239999999999,46.57899999999999,0.742336
2040002.0,8.15385,46.4633,5.945119999999999
2048002.0,8.167589999999999,46.3337,10.9788
2056002.0,8.35186,46.3815,15.8722
2064002.0,8.73264,46.3736,20.5611
2072002.0,9.03143,46.455,25.488000000000003
2080002.0,8.8158,46.2446,30.1478
2088002.0,9.19537,46.2774,34.8255
2096002.0,9.107999999999999,46.1129,39.5472
2104002.0,9.01604,45.847,44.5089
2112002.0,9.137030000000001,45.8959,0.5060180000000001
2120002.0,9.10875,45.9217,5.78346
2128002.0,9.10722,46.0457,10.5555
2136002.0,8.99842,46.3576,15.3212
2144002.0,9.0412,46.1916,20.5857
2152002.0,8.76409,46.4563,25.9406
2160002.0,8.64667,46.4827,30.9998
2168002.0,8.87918,46.6137,35.9613
2176002.0,9.19236,46.2393,40.6116
2184002.0,9.419960000000001,46.0323,45.6991
2192002.0,9.62567,46.349,0.542188
2200002.0,9.668569999999999,46.4043,5.08764
2208002.0,9.81132,46.3012,9.93786
2216002.0,9.99656,46.3258,14.7899
2224002.0,9.99752,46.2659,19.9597
2232002.0,10.0828,46.1619,24.9259
2240002.0,10.1605,46.229,29.987
2248002.0,10.37,46.4635,34.2207
2256002.0,10.267999999999999,46.4695,38.0383
2264002.0,10.3566,46.5583,42.585
2272002.0,10.5045,46.5425,47.8025
2280002.0,11.1415,46.5636,3.40829
2288002.0,11.0448,46.5926,8.56396
2296002.0,11.3354,46.6533,13.6127
2304002.0,11.8132,46.6561,18.5696
2312002.0,11.9388,46.7845,23.7606
2320002.0,12.9449,46.7414,28.7906
2328002.0,13.7055,46.7546,34.1845
2336002.0,13.9107,46.7854,39.1956
2344002.0,14.1139,46.8154,44.325
2352002.0,14.4129,46.8178,49.1134
2360002.0,14.6261,46.9406,4.4511400000000005
2368002.0,14.7346,47.0435,9.53987
2376002.0,14.7611,47.0432,14.4609
2384002.0,14.794,47.1725,19.3471
2392002.0,14.6015,47.2019,24.4326
2400002.0,14.3869,47.3857,29.4341
2408002.0,14.4129,47.4017,34.5036
2414002.0,14.4935,47.3837,38.4002
2422002.0,14.9232,47.5819,44.6553
2430002.0,16.7857,47.5791,0.033716699999999995
2438002.0,18.2751,47.5586,5.50007
2446002.0,18.9159,47.4148,10.4198
2454002.0,19.1039,47.2873,15.2263
2462002.0,19.6137,47.2589,20.107
2470002.0,19.72,47.2587,24.842
2478002.0,19.9687,47.2704,29.8634
2486002.0,20.1387,47.2521,34.364000000000004
2494002.0,20.1956,47.1702,39.1102
2502002.0,20.2336,47.1338,43.2237
2510002.0,20.7491,47.0864,48.1603
2518002.0,20.6331,46.9066,2.75313
2526002.0,21.8952,47.1309,6.83562
2534002.0,22.4638,47.2112,11.5579
2542002.0,22.4354,47.2231,16.5419
2550002.0,23.0249,47.2176,21.7187
2558002.0,23.4335,46.9987,26.4986
2566002.0,23.9491,47.0399,31.2355
2574002.0,24.3843,46.8447,35.6232
2582002.0,24.5061,46.886,39.2286
2590002.0,25.7783,47.08,44.405
2598002.0,26.8893,47.0057,0.430533
2606002.0,27.4825,46.805,5.25253
2614002.0,28.605999999999998,46.5753,9.904639999999999
2622002.0,28.8765,46.7007,14.953
2630002.0,28.951,46.8194,20.0223
2638002.0,28.7312,46.9251,24.9654
2646002.0,28.4775,47.1574,30.8253
2654002.0,28.8474,47.015,35.7209
2662002.0,29.2153,47.0931,40.8142
2670002.0,29.6362,47.0678,46.1256
2678002.0,30.0944,47.0475,1.46183
2686002.0,31.416,47.2389,6.34765
2694002.0,31.8353,47.3142,10.8339
2702002.0,32.2463,47.1618,15.6933
2710002.0,32.4469,47.1656,21.0704
2718002.0,32.7424,47.2141,26.1782
2726002.0,32.8611,47.7113,30.8997
2734002.0,33.0175,47.6918,35.9234
2742002.0,33.446999999999996,47.6068,40.5864
2750002.0,33.5234,47.5484,45.498999999999995
2758002.0,33.5149,47.5322,0.749919
2766002.0,33.5823,47.4857,5.77581
2774002.0,33.5692,47.4708,10.418
2782002.0,33.4262,47.486999999999995,15.3848
2790002.0,33.7052,47.4354,20.3008
2798002.0,33.4586,47.5584,25.0642
2806002.0,33.5341,47.5764,30.0733
2814002.0,33.5095,47.548,35.1892
2822002.0,33.5772,47.5945,40.0863
2830002.0,33.6443,47.4366,45.0807
2838002.0,34.0577,47.4769,0.37035100000000004
2846002.0,35.659,47.5212,4.9386
2854002.0,36.4079,47.446000000000005,9.76645
2862002.0,37.2034,47.6864,14.6778
2870002.0,37.1734,47.68,19.0056
2878002.0,37.8835,47.715,23.6945
2886002.0,37.8418,47.6156,28.478
2894002.0,38.1075,47.7664,33.2038
2902002.0,38.8311,47.7615,38.1398
2910002.0,38.9881,47.8061,42.9888
2918002.0,39.4223,47.7926,47.646
2926002.0,39.5479,47.8088,3.18708
2934002.0,39.4919,47.8325,8.20195
2942002.0,39.626,47.8455,13.3633
2950002.0,39.5714,47.7746,18.3084
2958002.0,39.7667,47.7978,23.2779
2966002.0,39.8612,47.8333,28.0998
2974002.0,40.0422,47.7363,32.7724
2982002.0,40.0261,47.8202,37.9342
2990002.0,40.2062,47.7751,42.5807
2998002.0,40.2023,47.7851,47.5937
3006002.0,40.3584,47.782,3.0634799999999998
3014002.0,40.3985,47.7998,8.03699
3022002.0,40.38,47.7685,12.8144
3030002.0,40.5373,47.7502,17.5821
3038002.0,40.5762,47.7563,22.5912
3046002.0,40.6171,47.8643,27.5888
3054002.0,41.4331,47.68899999999999,33.0486
3062002.0,41.4966,47.8115,37.9349
3070002.0,41.9072,47.7473,43.4035
3078002.0,41.4791,47.7696,48.4563
3086002.0,41.5027,47.867,4.0187
3094002.0,41.4613,47.8714,9.077539999999999
3102002.0,41.9952,47.1456,14.2618
3110002.0,42.0804,46.5818,19.4922
3118002.0,42.7295,46.5146,24.3883
3126002.0,42.4081,46.4111,30.1201
3134002.0,42.6238,46.4705,34.9503
3142002.0,42.6286,46.5459,40.0065
3150002.0,42.6612,46.1341,44.8338
3158002.0,44.1975,45.9365,49.4725
3166002.0,44.7553,46.0562,4.3865099999999995
3174002.0,45.3559,46.3465,8.30152
3182002.0,45.3626,46.0886,13.2735
3190002.0,45.6524,46.5649,17.6876
3198002.0,45.5708,46.5511,22.7708
3206002.0,46.6242,46.3827,26.8173
3214002.0,47.2343,46.4204,31.0063
3222002.0,48.2937,46.4354,35.6346
3230002.0,48.7433,46.4878,40.8218
3238002.0,48.9918,46.6279,45.4816
3246002.0,49.376000000000005,46.7154,0.6045189999999999
3254002.0,0.311768,46.6738,5.4111400000000005
3262002.0,0.49455,46.5123,10.096
3270002.0,0.605651,46.3475,15.3777
3278002.0,0.569244,46.3474,20.0521
3286002.0,0.633147,46.0499,24.4463
3294002.0,0.763386,46.2219,28.3222
3302002.0,0.717717,46.2587,33.3392
3310002.0,0.817294,46.6121,37.738
3318002.0,1.2721,46.7396,42.4436
3326002.0,1.38972,46.6383,46.8016
3334002.0,1.72786,46.7402,1.87063
3342002.0,1.90147,46.89,6.44152
3350002.0,2.24072,46.9657,10.8629
3358002.0,3.47085,46.7845,15.6454
3366002.0,5.31044,46.7009,20.9122
3374002.0,5.52022,46.9068,25.8367
3382002.0,5.98923,46.9842,31.0552
3390002.0,6.886010000000001,46.8417,35.8131
3398002.0,7.0046100000000004,46.8001,40.9548
3406002.0,7.67823,46.73,45.9938
3414002.0,9.10821,46.8506,1.75683
3422002.0,10.3699,46.6974,6.76668
3430002.0,11.7282,46.7601,11.6775
3438002.0,12.3192,46.7638,16.7871
3446002.0,12.3901,46.8517,21.8158
3454002.0,11.9692,46.7333,26.5754
3462002.0,12.005999999999998,46.6544,31.3941
3470002.0,11.9258,46.4803,36.0024
3478002.0,12.0577,46.5345,40.798
3486002.0,12.2844,46.8153,45.5483
3494002.0,12.2331,46.8968,1.15341
3502002.0,12.1459,46.9242,6.16918
3510002.0,11.8394,46.9531,10.6621
3518002.0,11.9048,46.968999999999994,15.7214
3526002.0,11.887,46.9818,20.565
3534002.0,11.8382,47.1197,25.487
3542002.0,11.6877,47.22,30.4438
3550002.0,11.7237,47.1378,35.2619
3558002.0,11.6551,47.1341,40.1868
3566002.0,11.6874,47.1118,45.3407
3574002.0,11.7011,47.1141,0.767622
3582002.0,11.6919,46.9812,5.82331
3590002.0,11.6841,46.8199,10.3672
3598002.0,11.8435,46.8416,15.5009
3606002.0,12.1578,46.882,20.5561
3614002.0,12.4526,46.8849,25.8772
3622002.0,12.6962,46.8627,30.572
3630002.0,13.0342,46.9252,35.7607
3638002.0,12.9969,46.8868,40.7581
3646002.0,13.3017,47.0292,45.8841
3654002.0,13.5002,47.0505,1.46652
3662002.0,13.5493,47.0279,6.623530000000001
3670002.0,13.785,47.0528,11.4059
3678002.0,13.7318,47.0749,16.4217
3686002.0,14.0039,47.1495,21.3972
3694002.0,14.3518,47.1166,26.5581
3702002.0,14.6175,47.0735,31.623
3710002.0,14.754000000000001,46.8953,36.7241
3718002.0,14.8403,46.7947,41.9358
3726002.0,14.9779,46.7552,46.9815
3734002.0,15.2321,46.5766,2.37553
3742002.0,15.4026,46.5429,7.336810000000001
3750002.0,16.0431,46.4812,12.4428
3758002.0,17.1285,46.6931,17.1614
3766002.0,18.4196,46.3962,21.0905
3774002.0,19.1838,46.4704,26.5949
3782002.0,19.2753,46.4913,31.5176
3790002.0,19.6993,46.4925,36.7692
3798002.0,19.8925,46.5131,41.7351
3806002.0,20.2055,46.7259,46.7155
3814002.0,21.3908,46.4714,1.9374799999999999
3822002.0,22.6509,46.4725,6.33856
3830002.0,23.2523,46.516000000000005,11.2771
3838002.0,22.9523,47.3599,16.7565
3846002.0,23.0579,47.1214,21.7837
3854002.0,23.1394,47.1486,26.7645
3862002.0,23.0439,47.0464,31.7831
3870002.0,23.4204,46.9067,37.2596
3878002.0,23.6468,47.0263,42.2669
3886002.0,23.7148,47.043,47.3202
3894002.0,24.0168,46.8168,3.9696800000000003
3902002.0,24.3039,46.7963,8.83333
3910002.0,25.5869,46.9145,13.6292
3918002.0,26.5332,46.5692,19.349
3926002.0,27.5726,46.5548,23.8592
3934002.0,27.9709,46.5487,28.888
3942002.0,28.0614,46.5656,33.7089
3950002.0,28.3674,46.5462,38.5655
3958002.0,28.4178,46.6179,43.5262
3966002.0,28.641,46.5989,48.24
3974002.0,29.1633,46.5373,3.5531900000000003
3982002.0,29.4,46.1894,8.157960000000001
3990002.0,29.7547,46.3987,13.1092
3998002.0,29.997,46.2656,17.9985
4006002.0,30.8843,46.2002,23.0172
4014002.0,31.2878,45.8781,28.0062
4022002.0,31.4068,45.7014,32.8376
4030002.0,31.6995,44.9148,37.4526
4038002.0,32.3705,44.9093,41.6328
4046002.0,33.6007,45.3987,45.7153
4054002.0,33.8134,45.3363,1.38685
4062002.0,34.6287,45.4029,6.556610000000001
4070002.0,34.8033,45.198,10.87
4078002.0,35.1126,45.291000000000004,15.9336
4086002.0,35.0494,45.3791,20.5481
4094002.0,35.2191,45.3435,24.8264
4102002.0,35.498000000000005,45.4675,30.2113
4110002.0,35.4616,45.6313,34.8889
4118002.0,35.8416,45.5135,40.0375
4126002.0,36.0199,45.5865,44.9615
4134002.0,36.1162,45.6093,0.034913099999999996
4142002.0,35.7007,45.6262,4.88945
4150002.0,36.1393,45.7182,9.78
4158002.0,36.3313,45.8163,15.0701
4166002.0,36.2216,46.1501,19.3979
4174002.0,36.553000000000004,46.3398,24.4796
4182002.0,36.7972,46.3365,29.6791
4190002.0,37.0875,46.5588,34.5792
4198002.0,37.5435,46.5881,39.6904
4206002.0,37.8763,46.6,44.4923
4214002.0,37.8728,46.4845,0.277404
4222002.0,38.0823,46.2727,5.29828
4230002.0,38.8101,46.2312,10.1532
4238002.0,39.5094,46.3604,15.1892
4246002.0,40.3225,46.4069,20.0453
4254002.0,40.9668,46.4164,25.1563
4262002.0,41.202,46.2486,30.5911
4270002.0,41.4554,46.248999999999995,36.1088
4278002.0,42.1058,46.3148,41.1301
4286002.0,42.32,46.2815,46.9141
4294002.0,42.7159,46.1648,2.70993
4302002.0,42.9373,46.0361,7.78908
4310002.0,43.0799,46.1886,13.1346
4318002.0,43.1292,46.3392,17.8301
4326002.0,42.9266,46.6778,23.1932
4334002.0,43.0186,46.7181,28.2417
4342002.0,43.1501,46.7141,33.0571
4350002.0,43.5066,46.7442,38.1799
4358002.0,44.2307,46.638999999999996,43.6941
4366002.0,44.2103,46.7628,48.6077
4374002.0,44.3564,46.6621,3.31961
4382002.0,44.5928,46.7034,8.5056
4390002.0,44.6527,46.8146,13.3944
4398002.0,44.7548,46.8203,18.7119
4406002.0,44.9237,46.856,23.8775
4414002.0,44.9065,47.0607,28.6828
4422002.0,44.8068,47.1145,33.5714
4430002.0,44.7753,47.1204,38.846
4438002.0,44.5693,47.0881,43.8802
4446002.0,44.6764,47.0787,48.9084
4454002.0,44.8293,46.9532,4.49604
4462002.0,44.8567,47.0061,9.48627
4470002.0,45.4373,47.0948,14.6066
4478002.0,45.2491,47.1072,19.2611
4486002.0,45.5761,47.0083,24.447
4494002.0,45.8511,47.0117,29.3485
4502002.0,45.9298,47.1545,34.5377
4510002.0,46.0432,47.2178,39.2059
4518002.0,46.0123,47.2407,43.6856
4526002.0,46.3852,47.1419,48.2973
4534002.0,46.6743,47.0354,3.7472300000000005
4542002.0,46.7042,46.7836,8.66543
4550002.0,47.1933,46.7216,13.777999999999999
4558002.0,46.975,46.925,18.676
4566002.0,46.9254,46.7068,23.8948
4574002.0,47.367,46.7015,28.7799
4582002.0,47.7507,47.0031,34.0258
4590002.0,48.5754,46.9476,38.7258
4598002.0,49.4102,47.1558,43.9127
4606002.0,0.668204,47.0747,48.5777
4614002.0,1.42124,47.1057,3.94615
4622002.0,1.77495,47.0675,8.36121
4630002.0,2.17991,46.6833,12.9499
4638002.0,2.18585,46.8079,17.6238
4646002.0,2.0078400000000003,46.7213,22.4237
4654002.0,2.16003,46.7486,27.0577
4662002.0,2.68592,46.7039,31.6942
4670002.0,3.12168,46.6518,36.875
4678002.0,3.27051,46.5087,41.8041
4686002.0,3.82447,46.6053,46.8337
4694002.0,4.41993,46.6047,2.4312
4702002.0,4.47843,46.5528,7.058739999999999
4710002.0,5.1959,46.49,12.2616
4718002.0,5.48107,46.558,16.4641
4726002.0,5.6767900000000004,46.5599,21.4913
4734002.0,6.48116,46.5392,26.291999999999998
4742002.0,6.50301,46.5605,31.3673
4750002.0,7.04852,46.1938,35.8242
4758002.0,7.38439,46.3029,40.3152
4760002.0,7.36459,46.3227,41.4002
4768002.0,7.208489999999999,46.3409,46.7381
4776002.0,8.0915,46.7333,0.685387
4784002.0,9.08682,46.6681,5.40305
4792002.0,9.26319,46.5094,10.8567
4800002.0,9.61892,46.3208,15.7343
4808002.0,9.81505,46.4519,21.035999999999998
4816002.0,11.2252,46.4412,25.8559
4824002.0,12.7955,46.3058,30.3816
4832002.0,13.8159,46.2231,35.0444
4840002.0,14.5505,46.1024,40.3199
4848002.0,15.2991,46.1464,45.5193
4856002.0,16.784000000000002,46.1402,1.26643
4864002.0,17.2976,46.1775,6.17242
4872002.0,18.4859,46.1275,10.4939
4880002.0,18.8,46.333999999999996,14.8505
4888002.0,19.2434,46.3093,19.5515
4896002.0,20.2577,46.1288,24.2436
4904002.0,20.7875,46.4275,28.6401
4912002.0,20.9524,46.195,33.2135
4920002.0,22.4493,46.2375,37.9543
4928002.0,23.5645,46.1014,42.8883
4936002.0,24.2954,46.3853,47.8207
4944002.0,24.5509,46.5146,2.6891599999999998
4952002.0,25.579,46.6022,7.532089999999999
4960002.0,26.1691,46.5815,12.7501
4968002.0,26.322,46.5002,17.3677
4976002.0,26.6367,46.3426,22.4476
4984002.0,26.8782,46.4714,27.3917
4992002.0,27.5671,46.2203,31.7698
5000002.0,28.175,46.2612,36.3465
5008002.0,28.1503,46.3425,41.0779
5016002.0,28.6695,46.5435,45.4915
5024002.0,28.9497,46.6144,0.451849
5032002.0,30.5436,46.5598,5.6963
5040002.0,30.9629,46.1701,10.7334
5048002.0,30.8569,46.4723,15.0137
5056002.0,31.6662,46.6283,19.9805
5064002.0,32.6383,46.4332,24.7378
5072002.0,33.0308,46.4191,29.9244
5080002.0,33.7437,46.5553,34.7806
5088002.0,34.5219,46.2014,39.6866
5096002.0,35.8418,46.3932,45.016999999999996
5104002.0,36.5307,46.7654,0.8608969999999999
5112002.0,37.2362,46.4741,6.057840000000001
5120002.0,37.8932,46.4595,11.4308
5128002.0,37.7974,46.3588,16.8086
5136002.0,37.9735,46.3388,21.8852
5144002.0,38.82,46.3473,26.7662
5152002.0,38.9296,46.2953,31.7423
5160002.0,39.5974,46.3755,37.131
5168002.0,40.9127,46.2259,41.8943
5176002.0,41.0369,45.9394,47.0796
5184002.0,41.4052,46.1948,2.38479
5192002.0,43.0654,46.2941,6.25844
5200002.0,43.4476,46.3382,11.4544
5208002.0,43.7608,45.9893,15.9208
5216002.0,44.3523,46.0816,21.1556
5224002.0,44.9628,46.0244,25.5258
5232002.0,45.5378,46.0353,30.1489
5240002.0,46.2375,46.053999999999995,35.204
5248002.0,46.1069,46.2426,39.5231
5256002.0,46.5542,46.1189,43.433
5264002.0,47.5054,46.0909,48.2636
5272002.0,47.9,46.3098,3.1902
5280002.0,49.1048,46.3383,8.14825
5288002.0,0.320357,46.3269,12.8692
5296002.0,0.8404149999999999,46.4119,18.0427
5304002.0,1.30867,46.4976,23.2617
5312002.0,3.17802,46.2436,28.04
5320002.0,3.41899,46.3994,32.9755
5328002.0,3.62646,46.5361,37.4668
5336002.0,4.5223,46.608999999999995,42.6497
5344002.0,5.47574,46.5947,47.2582
5352002.0,5.7125,46.4897,2.73631
5360002.0,5.907430000000001,46.511,6.94567
5368002.0,6.1034,46.7079,12.105
5376002.0,6.09389,46.8463,16.9511
5384002.0,7.00623,46.9128,22.2639
5392002.0,6.936389999999999,47.1525,26.8577
5400002.0,6.790660000000001,47.3374,31.5276
5408002.0,6.6397699999999995,47.4002,36.4982
5416002.0,6.76341,47.4674,41.4672
5424002.0,7.18545,47.3526,46.3277
5432002.0,7.55478,47.1737,1.46928
5440002.0,7.562880000000001,47.4587,5.86001
5448002.0,7.719760000000001,47.4095,10.4348
5456002.0,7.82137,47.4344,15.4648
5464002.0,8.06783,47.6707,20.2593
5472002.0,8.07006,47.6986,25.491999999999997
5480002.0,8.770480000000001,47.4393,30.5551
5488002.0,9.18168,47.3978,34.8376
5496002.0,10.2211,47.2995,39.5754
5504002.0,10.7075,47.2259,44.1994
5512002.0,11.4784,46.9858,48.8971
5520002.0,12.2126,46.4938,4.35775
5528002.0,13.1121,46.3908,9.22755
5536002.0,13.4972,46.2514,14.0429
5544002.0,13.9219,46.0429,18.8978
5552002.0,14.3595,46.0114,23.5123
5560002.0,14.6931,46.1602,28.4198
5568002.0,15.3393,46.2565,33.2668
5576002.0,15.6788,46.1887,37.9579
5584002.0,16.0892,45.9495,43.157
5592002.0,16.2103,46.0619,47.809
5600002.0,16.2546,45.9504,3.4034
5608002.0,16.6028,46.0052,7.975969999999999
5616002.0,16.9798,45.9482,12.8927
5624002.0,17.3856,46.0379,17.773
5632002.0,18.0892,46.2687,22.5766
5640002.0,19.7161,46.6235,27.8825
5648002.0,20.9753,46.2485,32.6855
5656002.0,21.21,46.8516,36.9661
5664002.0,22.0993,46.5046,41.841
5672002.0,22.8408,46.2975,46.5721
5680002.0,22.8796,46.5866,1.54598
5688002.0,23.3051,46.4327,6.29022
5696002.0,23.5475,46.6658,9.984580000000001
5704002.0,23.6718,46.6884,14.5767
5712002.0,23.7875,46.7325,19.3772
5720002.0,23.8982,46.7634,24.1836
5728002.0,24.0641,46.8964,28.6582
5736002.0,24.1322,46.9967,33.571
5744002.0,25.0512,46.4875,38.437
5752002.0,25.2903,46.6368,43.223
5760002.0,25.5092,46.5787,47.9013
5768002.0,26.5003,46.7582,3.36266
5776002.0,27.6365,46.9986,8.16207
5784002.0,27.6322,47.0687,13.2175
5792002.0,27.7361,47.0468,18.2966
5800002.0,27.9624,46.8787,23.2726
5808002.0,28.5031,46.8409,28.1815
5816002.0,29.6395,46.8485,33.1546
5824002.0,29.9429,46.785,37.9693
5832002.0,30.2054,46.8128,42.7081
5840002.0,30.156999999999996,46.6688,47.5293
5848002.0,31.0261,46.7798,3.07612
5856002.0,31.4914,47.01,7.974469999999999
5864002.0,32.4241,47.0754,13.0637
5872002.0,32.8284,47.3362,17.7394
5880002.0,33.2873,47.3488,22.7013
5888002.0,33.7112,47.4036,28.1133
5896002.0,34.1604,47.3886,33.1584
5904002.0,34.4028,47.2173,37.9113
5912002.0,35.0937,47.18600000000001,42.9593
5920002.0,35.8627,47.0365,48.1303
5928002.0,36.1215,46.934,3.69193
5936002.0,36.0734,47.0467,8.60593
5944002.0,36.1143,47.1139,13.4416
5952002.0,36.2092,47.1075,18.3282
5960002.0,36.1041,47.0061,23.3083
5968002.0,36.219,47.0768,28.2439
5976002.0,36.4078,47.1148,33.0889
5984002.0,36.4366,47.1351,38.0504
5992002.0,36.6358,47.0809,43.1259
6000002.0,36.771,47.1795,48.0436
6008002.0,36.9129,47.1585,3.29406
6016002.0,36.942,46.7769,7.73796
6024002.0,36.931,46.7748,12.4646
6032002.0,36.9285,46.7547,17.4131
6040002.0,36.921,46.6815,22.0589
6048002.0,37.1963,46.7425,26.8971
6056002.0,37.6064,46.7305,31.7968
6064002.0,37.6256,46.7081,36.6228
6072002.0,37.9596,46.7167,41.6618
6080002.0,38.2689,46.9028,46.8382
6088002.0,38.9177,46.9008,2.30848
6096002.0,39.2317,46.8896,7.26745
6104002.0,39.3887,46.9525,12.1356
6112002.0,39.7174,47.0176,16.992
6120002.0,40.046,47.1238,22.1164
6128002.0,40.2168,47.2185,27.2966
6136002.0,40.4205,47.1478,32.257
6144002.0,40.9512,47.1683,37.0217
6152002.0,40.974,47.121,42.001000000000005
6160002.0,41.1917,47.1198,47.3648
6168002.0,41.2639,46.8875,2.63101
6176002.0,41.3774,46.793,7.68275
6184002.0,41.2965,46.8642,12.5178
6192002.0,41.2827,47.0536,17.2496
6200002.0,41.1869,47.136,21.9223
6208002.0,41.167,47.2221,26.6584
6216002.0,41.373000000000005,47.2236,31.6491
6224002.0,41.6486,47.2911,36.7013
6232002.0,41.8321,47.2648,41.531000000000006
6240002.0,42.5492,47.3724,46.3128
6248002.0,43.401,47.4028,1.56293
6256002.0,44.3138,47.3805,6.36965
6264002.0,45.4013,47.3782,11.3817
6272002.0,45.7953,47.4454,15.8943
6280002.0,45.9755,47.4913,20.3791
6288002.0,46.0227,47.4871,25.5286
6296002.0,46.217,47.5322,30.4531
6304002.0,46.5619,47.5255,35.2722
6312002.0,47.4805,47.5467,40.0082
6320002.0,48.3187,47.5371,44.8765
6328002.0,0.00372798,47.5326,0.469896
6336002.0,0.276949,47.5302,5.487
6344002.0,0.625077,47.4529,10.352
6352002.0,0.635319,47.3828,15.3574
6360002.0,0.9882850000000001,47.446000000000005,20.1337
6368002.0,1.18989,47.3258,24.9312
6376002.0,1.33594,47.2681,29.8339
6384002.0,1.41656,47.1408,34.7149
6392002.0,1.47755,47.1383,39.5674
6400002.0,1.48324,47.1495,44.4709
6408002.0,1.77768,47.2389,49.3858
6416002.0,1.8146099999999998,47.3341,4.8596699999999995
6424002.0,1.74711,47.3401,9.74921
6432002.0,2.0625400000000003,47.2534,14.684000000000001
6440002.0,2.18165,47.3993,19.6467
6448002.0,2.11699,47.4718,24.7784
6456002.0,2.99023,47.4923,29.523000000000003
6464002.0,3.6753099999999996,47.5217,34.196999999999996
6472002.0,4.48841,47.5959,39.4253
6480002.0,4.68509,47.4475,44.0182
6488002.0,5.24239,47.5335,48.9789
6496002.0,5.560309999999999,47.5008,4.30987
6504002.0,5.71732,47.3898,9.42543
6512002.0,6.04756,47.5595,14.369000000000002
6520002.0,6.013809999999999,47.4656,19.1929
6528002.0,5.95796,47.3682,23.8991
6536002.0,6.17444,47.4676,28.3318
6544002.0,6.51529,47.4341,33.3103
6552002.0,6.65906,47.4855,38.3594
6560002.0,7.24563,47.3903,43.1585
6568002.0,7.86371,47.431000000000004,48.059
6576002.0,8.23161,47.5449,3.6870800000000004
6584002.0,8.15286,47.3587,8.56435
6592002.0,9.08307,47.2561,13.5999
6600002.0,9.73224,47.3407,18.3063
6608002.0,10.8006,47.3846,22.9042
6616002.0,12.6848,47.2731,27.5265
6624002.0,14.0345,47.4021,31.7317
6632002.0,14.4447,47.5711,37.184
6640002.0,14.2501,47.5952,42.3014
6648002.0,14.3033,47.464,46.9634
6656002.0,13.6107,47.5976,1.93282
6664002.0,14.383,47.3574,5.80425
6672002.0,15.2251,47.4678,10.4024
6680002.0,15.7339,47.5154,15.5341
6688002.0,16.2853,47.5341,20.9316
6696002.0,17.4493,47.6765,24.2025
6704002.0,18.5471,47.5689,28.9956
6712002.0,19.3307,47.5359,33.3119
6720002.0,20.2926,47.3237,38.0986
6728002.0,21.5181,47.2088,42.8243
6736002.0,22.6338,47.119,46.7099
6744002.0,23.1582,47.0878,1.7243400000000002
6752002.0,24.1949,47.0649,7.01386
6760002.0,24.5166,47.4637,11.7649
6768002.0,24.6668,47.3952,16.7597
6776002.0,24.6976,47.3711,21.674
6784002.0,24.5924,47.2646,27.4945
6792002.0,25.8536,46.2219,31.1314
6800002.0,27.0216,45.5713,35.8325
6808002.0,27.7724,45.5105,40.1031
6816002.0,27.8359,45.5023,44.6325
6824002.0,28.2071,45.4478,0.471021
6832002.0,29.3494,45.7531,5.38596
6840002.0,29.6858,45.8232,10.6563
6848002.0,29.9822,45.8405,15.5722
6856002.0,30.274,46.0812,20.8094
6864002.0,30.7968,46.1063,25.1138
6872002.0,30.7742,46.1314,29.8888
6880002.0,30.4219,45.483999999999995,33.6336
6888002.0,31.0381,44.0282,39.0728
6896002.0,32.3793,45.2172,45.0994
6904002.0,31.9215,44.9531,0.155677
6912002.0,32.1863,46.7204,4.9222
6920002.0,31.6617,46.5862,8.926919999999999
6928002.0,31.7805,46.722,13.2862
6936002.0,32.2102,46.1833,19.3689
6944002.0,34.1458,46.2457,25.3107
6952002.0,37.3823,46.1209,29.2971
6960002.0,38.9422,46.2975,32.8481
6968002.0,39.5975,46.4491,35.9919
6976002.0,40.2999,46.5271,41.0501
6984002.0,40.387,46.7238,45.9743
6992002.0,41.1595,46.8314,1.29979
7000002.0,42.2459,46.7492,6.3095
7008002.0,42.9047,46.4997,11.6775
7016002.0,43.8938,45.9163,15.8423
7024002.0,44.7739,45.0241,20.5766
7032002.0,45.522,45.6599,23.7201
7040002.0,46.0067,45.3356,27.609
7048002.0,46.742,44.9546,32.4905
7056002.0,47.1902,44.8765,36.5302
7064002.0,49.04,45.4074,41.5139
7072002.0,49.4218,45.71,44.2111
7080002.0,0.990088,46.4717,49.2392
7088002.0,1.2747899999999999,46.2228,4.93377
7096002.0,1.41256,46.4717,9.16254
7104002.0,1.9788700000000001,46.7726,13.4552
7112002.0,2.3208900000000003,46.6975,18.2642
7120002.0,3.0391,46.787,23.1733
7128002.0,3.0191,46.7728,27.9048
7136002.0,3.62744,46.8559,32.6253
7144002.0,3.6524300000000003,46.7219,37.5008
7152002.0,3.8407699999999996,46.7873,42.5747
7160002.0,4.57249,46.9221,47.8712
7168002.0,4.73168,46.8234,2.66983
7176002.0,6.18259,47.1112,7.73785
7184002.0,6.86707,47.0053,12.4382
7192002.0,7.114539999999999,47.1864,17.4972
7200002.0,7.5491600000000005,46.8356,22.3359
7204002.0,7.49154,46.806999999999995,24.6007
7212002.0,9.283760000000001,46.7875,29.7112
7220002.0,10.1925,46.8654,34.5525
7228002.0,10.4987,46.895,39.2407
7236002.0,11.0746,46.9887,44.1237
7244002.0,11.5871,47.1568,49.2203
7252002.0,11.58,47.1567,4.53787
7260002.0,11.982999999999999,46.7606,9.13002
7268002.0,12.0853,46.7263,14.0186
7276002.0,12.4545,46.6606,18.5151
7284002.0,12.7023,46.4007,23.7544
7292002.0,13.2271,46.5106,29.006999999999998
7300002.0,13.6593,46.4742,34.2773
7308002.0,14.3085,46.8041,38.9101
7316002.0,14.484000000000002,46.6585,43.7808
7324002.0,14.547,46.8079,48.6538
7332002.0,14.8492,46.9575,4.04577
7340002.0,15.3846,46.9822,8.96096
7348002.0,15.6167,47.0798,13.7164
7356002.0,15.7865,47.0574,17.9734
7364002.0,15.9552,47.0918,22.3517
7372002.0,15.9686,46.968,27.1008
7380002.0,16.1762,46.5723,31.333000000000002
7388002.0,16.2702,46.5452,36.0774
7396002.0,16.4177,46.6055,40.73
7404002.0,16.8168,46.635,45.5769
7412002.0,16.8879,46.8451,1.23813
7420002.0,17.1596,46.845,5.89646
7428002.0,17.3219,47.0167,11.0726
7436002.0,17.4694,47.1294,16.1563
7444002.0,17.5097,47.4435,21.1894
7452002.0,17.3009,47.3838,26.1849
7460002.0,17.3013,47.3665,31.1971
7468002.0,17.355,47.3995,36.3631
7476002.0,17.3297,47.3265,41.1125
7484002.0,17.3518,47.3805,45.9421
7492002.0,17.7213,47.096000000000004,1.23853
7500002.0,17.8008,47.006,6.1439
7508002.0,17.9976,47.1078,11.0085
7516002.0,17.8719,47.0436,16.2279
7524002.0,17.9644,47.0069,21.1539
7532002.0,18.0478,47.0255,26.1656
7540002.0,18.0083,47.0193,31.2152
7548002.0,17.9784,46.9653,36.1689
7556002.0,18.1932,47.0045,40.9981
7564002.0,18.2445,46.9898,45.7102
7572002.0,18.1603,46.9465,1.14028
7580002.0,18.0193,47.1278,6.19819
7588002.0,18.1239,47.0722,10.9891
7596002.0,18.1785,47.1296,15.6179
7604002.0,18.1706,47.0898,20.6126
7612002.0,18.2048,47.0295,25.8338
7620002.0,18.2288,47.0086,30.7186
7628002.0,18.1984,46.821999999999996,35.5913
7636002.0,18.7268,46.805,40.6259
7644002.0,18.8634,46.9602,45.1504
7652002.0,19.065,46.7672,0.41496099999999997
7660002.0,19.412,46.8642,5.68032
7668002.0,20.3141,46.7851,10.8038
7676002.0,20.7285,46.626000000000005,15.8825
7684002.0,20.8956,46.5875,20.5016
7692002.0,21.6793,46.7641,25.1129
7700002.0,21.8735,46.8008,30.1044
7708002.0,22.039,46.7196,35.2797
7716002.0,22.0505,46.8237,40.0726
7724002.0,22.3568,46.7368,45.0432
7732002.0,23.287,46.8628,0.551962
7740002.0,24.0148,46.8043,5.5487400000000004
7748002.0,24.4548,46.5841,10.4678
7756002.0,24.9149,46.4008,15.8343
7764002.0,25.0171,46.4554,20.708000000000002
7772002.0,24.9588,46.3835,25.281
7780002.0,25.1895,46.1679,30.1674
7788002.0,25.143,46.1541,35.251999999999995
7796002.0,25.7911,46.1828,40.1289
7804002.0,25.9026,46.0975,45.107
7812002.0,26.5368,45.8994,0.598729
7820002.0,27.267,45.919,5.56431
7828002.0,28.3271,45.5002,10.6423
7836002.0,28.7415,45.4856,15.5265
7844002.0,28.8156,44.9566,20.4928
7852002.0,28.8064,44.8774,25.3961
7860002.0,29.3459,44.7717,30.4173
7868002.0,29.3163,44.578,35.3233
7876002.0,29.593000000000004,44.473,40.3993
7884002.0,30.1449,43.9297,45.3248
7892002.0,31.3993,43.7681,0.722895
7900002.0,31.4869,43.7473,5.17782
7908002.0,31.6629,43.6266,9.84417
7916002.0,32.0069,43.6615,14.5918
7924002.0,32.510999999999996,43.0812,19.3131
7932002.0,33.3094,43.2348,23.9365
7940002.0,33.2455,43.6824,28.394000000000002
7948002.0,33.0182,43.692,33.1693
7956002.0,32.9198,43.5629,37.1871
7964002.0,32.9867,43.4532,41.9498
7972002.0,32.9217,43.4459,46.9209
7980002.0,33.3517,43.3469,2.73612
7988002.0,33.5839,43.1946,7.492360000000001
7996002.0,34.0522,43.3882,12.1098
