2.0,46.2956,18.6315,27.6386
8002.0,1.56144,18.4935,30.0129
16002.0,3.7402,18.9005,33.1515
24002.0,3.4147800000000004,19.2499,36.6636
32002.0,3.44591,19.3305,38.9041
40002.0,3.8879300000000003,19.4012,41.9786
48002.0,4.05029,19.5135,46.0998
56002.0,4.00473,19.6198,1.0804200000000002
64002.0,2.80485,19.5233,3.01395
72002.0,3.03799,19.8663,5.4508
80002.0,2.82301,20.2792,7.9451600000000004
88002.0,3.66034,20.3402,12.0338
96002.0,4.62595,20.5576,15.5383
104002.0,5.4783599999999995,21.1468,18.464000000000002
112002.0,6.24624,21.2252,19.8315
120002.0,6.99902,21.1424,22.0074
128002.0,7.633539999999999,20.7412,25.4689
136002.0,9.59559,21.1619,29.1828
144002.0,10.4862,21.2531,31.3819
152002.0,12.3899,20.7529,32.7968
160002.0,16.8664,20.7862,34.5501
168002.0,18.2162,21.0946,37.0617
176002.0,18.3078,21.0783,39.7743
184002.0,18.8569,20.8413,42.3889
192002.0,19.0616,20.5262,45.5932
200002.0,19.7294,20.864,49.1017
208002.0,20.5277,20.7296,2.6122
216002.0,21.1195,21.0387,6.45806
224002.0,21.2108,21.0291,10.7633
232002.0,21.8502,21.2409,15.120999999999999
240002.0,22.9788,21.3973,19.4051
248002.0,22.9921,21.1755,23.1231
256002.0,23.8847,21.1931,27.7133
264002.0,24.511,21.2071,31.5883
272002.0,26.1347,21.0559,35.0615
280002.0,27.4272,20.989,38.2617
288002.0,28.5777,20.8114,43.2032
296002.0,29.1374,20.5982,47.2942
304002.0,30.3586,20.7109,1.9986700000000002
312002.0,32.2084,21.2595,5.70706
320002.0,33.8121,21.1263,9.361460000000001
328002.0,35.92,21.1023,13.7254
336002.0,37.6946,20.8431,17.8993
344002.0,38.1512,20.5382,22.1171
352002.0,39.1591,20.1981,25.0083
360002.0,40.3641,20.319000000000003,27.8741
368002.0,42.1228,20.5825,30.8354
376002.0,41.8782,21.8489,34.5149
384002.0,48.7057,20.7704,36.2019
392002.0,49.0162,20.758000000000003,40.5456
400002.0,49.4297,20.5416,44.8911
408002.0,0.135486,20.6886,48.6191
416002.0,0.38510900000000003,20.4697,2.65456
424002.0,1.16859,20.4626,6.6616100000000005
432002.0,2.1722200000000003,20.160999999999998,10.3897
440002.0,3.10065,20.3926,14.9141
448002.0,3.57447,19.9575,18.7058
456002.0,3.5019,19.4308,21.8752
464002.0,3.7801699999999996,19.9642,24.2509
472002.0,3.23182,20.6352,29.0341
480002.0,5.50599,20.6307,32.0806
488002.0,6.40839,19.9483,35.1165
496002.0,8.408719999999999,19.1607,38.3033
504002.0,8.41284,19.489,42.2417
512002.0,9.16272,20.0464,46.5881
520002.0,9.68051,19.8174,0.561086
528002.0,10.1406,19.29,4.17387
536002.0,11.1356,19.3215,7.34772
544002.0,13.1154,18.7977,9.89275
552002.0,13.4264,18.1427,11.9591
560002.0,14.9521,17.6886,14.5939
568002.0,15.9607,17.6787,17.3088
576002.0,16.6353,18.04,21.4489
584002.0,17.5145,17.5751,25.7048
592002.0,18.419,17.4467,28.3497
600002.0,19.1913,18.1598,32.0948
608002.0,20.093,18.325,35.5107
616002.0,21.6213,18.2086,39.0215
624002.0,22.0175,18.2028,42.5296
632002.0,22.2127,17.7613,45.8332
640002.0,23.2402,17.8244,48.4429
648002.0,23.7473,17.8733,0.350378
656002.0,24.2771,17.5521,2.82631
664002.0,24.9288,17.1693,5.262569999999999
672002.0,25.8115,17.2954,8.98552
680002.0,26.3177,17.5956,12.6608
688002.0,28.0121,17.5877,17.5091
696002.0,28.5435,17.4609,19.2343
704002.0,28.8584,18.0307,23.8202
712002.0,30.0795,17.9466,28.3036
720002.0,30.1537,18.3375,31.6641
728002.0,30.6565,17.9889,35.4905
736002.0,30.421999999999997,17.156,38.5044
744002.0,31.2147,16.5387,40.286
752002.0,31.3584,17.0395,43.9864
760002.0,32.1019,17.3311,47.9667
768002.0,32.6667,17.1259,0.934132
776002.0,33.6943,16.2947,4.77344
784002.0,33.7052,16.1634,7.385
792002.0,35.6064,16.1283,9.013069999999999
800002.0,36.9952,17.0199,12.5853
808002.0,38.4125,17.4426,14.0279
816002.0,39.6956,18.1889,17.0765
824002.0,41.4129,17.6297,19.4881
832002.0,42.5919,17.4496,23.9442
840002.0,43.5011,17.037,27.3367
848002.0,44.5731,18.2184,30.2141
856002.0,47.2915,18.7266,33.6646
864002.0,49.004,18.9683,36.1332
872002.0,48.6995,19.0052,38.6227
880002.0,0.49741499999999994,18.8551,42.2635
888002.0,2.10135,19.0976,45.7418
896002.0,3.8915699999999998,19.3477,49.012
904002.0,4.86301,19.6928,3.3017199999999995
912002.0,6.3143400000000005,19.2109,5.31186
920002.0,6.69336,18.9961,8.4639
928002.0,6.765219999999999,19.4319,11.7649
936002.0,7.169580000000001,19.8511,13.2501
944002.0,8.002130000000001,19.9617,14.3613
952002.0,9.99723,19.2502,17.5436
960002.0,9.987060000000001,19.3215,20.2532
968002.0,10.4017,19.6451,23.7749
976002.0,11.5095,20.0165,26.7299
984002.0,13.0083,19.9506,29.8758
992002.0,13.5893,20.17,32.4328
1000002.0,14.7653,20.2712,35.5269
1008002.0,16.0733,20.1603,38.5937
1016002.0,16.9453,20.5898,41.9455
1024002.0,18.1308,20.5525,44.9362
1032002.0,19.2307,20.5536,46.4564
1040002.0,20.53,20.2498,1.32873
1048002.0,20.6863,20.2373,4.91415
1056002.0,21.5109,20.3531,7.553789999999999
1064002.0,22.4138,19.4326,10.9174
1072002.0,23.6017,19.3907,14.9114
1080002.0,24.662,19.508,17.6462
1088002.0,25.6968,19.7219,20.5923
1096002.0,26.9407,20.1972,23.4883
1104002.0,28.0439,20.764,26.8432
1112002.0,28.1861,21.2272,31.3543
1120002.0,29.7971,21.2764,35.3303
1128002.0,30.8686,21.6078,38.7723
1136002.0,32.3051,22.1015,43.3135
1144002.0,33.9012,21.7979,46.0538
1152002.0,35.4,22.5079,0.834929
1160002.0,36.3574,22.8872,5.0578199999999995
1168002.0,36.5153,23.2475,8.67256
1176002.0,37.5337,23.5199,12.6541
1184002.0,37.9915,24.0816,16.750999999999998
1192002.0,38.8597,24.583000000000002,20.1142
1200002.0,39.8892,24.4605,23.4604
1208002.0,41.2855,24.5987,27.4068
1216002.0,42.6686,25.9248,31.4105
1224002.0,44.0938,25.7757,36.1903
1232002.0,45.818000000000005,25.2983,40.1748
1240002.0,47.1759,25.0507,44.4083
1248002.0,47.9962,25.0921,49.3124
1256002.0,0.366108,24.2102,3.23801
1264002.0,1.9273799999999999,23.9536,7.65981
1272002.0,2.41871,23.973000000000003,11.8066
1280002.0,4.49295,23.6996,16.053
1288002.0,5.682169999999999,23.0731,18.7387
1296002.0,5.8278300000000005,22.8378,23.2426
1304002.0,7.734939999999999,22.4741,26.6556
1312002.0,8.35926,22.0888,31.2806
1320002.0,9.80216,22.596,35.488
1328002.0,10.1184,22.7793,39.4792
1336002.0,11.0315,23.2203,43.9324
1344002.0,11.9508,23.8534,47.5395
1352002.0,12.8409,24.2766,3.86674
1360002.0,13.0153,24.6527,8.39954
1368002.0,13.8119,24.1744,12.7786
1376002.0,14.9071,24.3115,17.2846
1384002.0,15.5008,24.2492,21.7522
1392002.0,16.0269,24.5261,25.4869
1400002.0,17.5805,24.3823,30.6286
1408002.0,18.9966,25.1612,34.7204
1416002.0,18.6743,25.6295,38.5254
1424002.0,19.0582,25.8019,42.9369
1432002.0,20.0925,25.8935,47.6213
1440002.0,22.2298,25.5264,2.77252
1448002.0,23.4667,25.6796,5.6702900000000005
1456002.0,24.9487,25.3999,9.50545
1464002.0,25.8847,24.8714,12.9498
1472002.0,26.8954,24.7972,17.0588
1480002.0,28.2767,24.3548,20.0649
1488002.0,29.3989,23.8786,23.4935
1496002.0,29.3002,23.7359,27.3385
1504002.0,30.6435,23.8171,30.5541
1512002.0,31.8764,24.1398,35.3831
1520002.0,31.7158,24.36,39.2095
1528002.0,31.8873,23.5315,44.1715
1536002.0,32.3148,24.6618,48.4495
1544002.0,32.9929,23.6969,3.2830199999999996
1552002.0,35.4855,23.3507,6.4497800000000005
1560002.0,35.9051,23.8209,12.0221
1568002.0,36.9528,23.5331,15.9939
1576002.0,36.7352,22.9406,20.4285
1584002.0,37.102,23.4175,25.4758
1592002.0,37.3975,23.6317,29.6269
1600002.0,37.6212,23.4177,34.2371
1608002.0,37.8212,23.494,39.4905
1616002.0,38.3894,23.2302,43.3698
1624002.0,38.5874,22.9636,47.5217
1632002.0,38.9807,23.2783,2.18349
1640002.0,40.0838,23.6829,6.67545
1648002.0,40.6132,23.8631,10.3639
1656002.0,40.9972,24.1712,14.4965
1664002.0,42.6909,24.5191,19.1304
1672002.0,45.5382,24.9436,23.6233
1680002.0,46.6862,25.1904,29.4415
1688002.0,46.7598,25.1034,33.8988
1696002.0,46.9267,25.3231,38.4755
1704002.0,47.5872,25.1946,43.5433
1712002.0,47.1734,25.3512,48.4952
1720002.0,48.9093,25.5126,3.18024
1728002.0,0.893891,25.7121,7.3213
1736002.0,1.48456,25.7586,11.3131
1744002.0,1.27138,26.1169,15.960999999999999
1752002.0,1.61985,26.1383,19.6399
1760002.0,1.8567099999999999,26.2121,24.1893
1768002.0,2.65195,26.6596,28.2839
1776002.0,3.0433,27.1156,32.235
1784002.0,4.182919999999999,27.7753,36.3659
1792002.0,2.42738,27.7485,39.452
1800002.0,2.74131,28.8646,45.5693
1808002.0,4.68633,29.12,1.12452
1816002.0,5.0758,28.6381,4.2494
1824002.0,5.14441,28.6632,8.2743
1832002.0,6.01012,28.593000000000004,11.9408
1840002.0,7.3825199999999995,28.8063,15.4904
1848002.0,7.47558,29.0857,19.9228
1856002.0,8.07349,29.1098,23.6958
1864002.0,8.55291,28.9859,27.5606
1872002.0,9.33279,29.1555,31.2054
1880002.0,10.632,28.8772,35.3218
1888002.0,12.9387,28.8576,38.8297
1896002.0,14.0294,28.5929,42.8047
1904002.0,14.1535,29.0709,46.2213
1912002.0,14.9734,28.7062,0.696531
1920002.0,15.1798,28.5371,5.178669999999999
1928002.0,16.5191,28.4742,9.04837
1936002.0,16.5033,28.5683,12.8716
1944002.0,17.2335,28.4283,16.991
1952002.0,17.9963,27.8889,22.1894
1960002.0,18.2928,27.3561,26.8014
1968002.0,19.442999999999998,27.1138,30.1669
1976002.0,20.095,26.8666,33.7738
1984002.0,20.3185,26.781999999999996,38.8748
1992002.0,20.2785,26.91,43.6405
2000002.0,20.604,26.6921,47.6299
2008002.0,20.5695,27.0173,2.65388
2016002.0,21.4419,26.8538,6.98948
2024002.0,21.7887,27.0038,9.831
2032002.0,22.2401,27.2358,13.082
2040002.0,24.1935,27.3718,17.3693
2048002.0,25.0362,27.5851,22.1959
2056002.0,25.7652,27.3237,25.6844
2064002.0,26.3454,27.2966,29.8916
2072002.0,28.8091,27.479,33.8992
2080002.0,29.8589,27.5568,37.6004
2088002.0,31.8135,28.311,40.9338
2096002.0,32.1881,28.7246,44.6864
2104002.0,33.5404,28.6999,47.9395
2112002.0,35.9572,28.5994,3.74077
2120002.0,36.3087,28.4982,8.64281
2128002.0,35.6766,28.9136,11.7414
2136002.0,36.4857,28.7486,15.735999999999999
2144002.0,36.8423,28.5855,20.1574
2152002.0,38.1817,28.5305,23.8415
2160002.0,38.2005,29.1271,27.6421
2168002.0,38.9867,29.6237,32.7084
2176002.0,38.9015,29.909000000000002,36.6824
2184002.0,40.0977,30.4804,39.5017
2192002.0,40.6713,30.5213,42.3387
2200002.0,40.1638,30.3918,46.2161
2208002.0,40.8026,30.373,0.09732410000000001
2216002.0,42.0762,30.4439,3.7249
2224002.0,42.8628,29.7165,8.624189999999999
2232002.0,43.1522,29.2966,12.4946
2240002.0,44.2907,29.0356,16.4936
2248002.0,44.6457,29.7543,20.2662
2256002.0,44.8769,30.7693,22.4058
2264002.0,45.3479,30.8664,25.1947
2272002.0,45.81100000000001,30.4084,30.0155
2280002.0,46.5282,30.359,34.1971
2288002.0,46.7474,30.4488,39.7186
2296002.0,48.1564,29.9496,45.3953
2304002.0,0.48072299999999996,29.6118,0.310093
2312002.0,0.706797,29.1968,5.46453
2320002.0,2.62597,29.0876,11.0453
2328002.0,3.91917,28.9445,15.4191
2336002.0,4.5877300000000005,28.8065,19.5293
2344002.0,5.434130000000001,28.6678,24.1852
2352002.0,6.4466,28.131,27.5885
2360002.0,7.6877699999999995,28.1526,31.2614
2368002.0,8.0613,28.4423,35.561
2376002.0,8.21267,28.5775,40.2516
2384002.0,8.13211,29.1955,44.7066
2392002.0,8.79672,28.9957,49.0823
2400002.0,9.466610000000001,28.3077,3.7245
2408002.0,9.91339,27.989,8.29245
2414002.0,10.584000000000001,28.2728,12.344000000000001
2422002.0,10.4195,30.1278,20.8174
2430002.0,17.3513,30.7922,23.7511
2438002.0,21.0871,30.6542,29.0537
2446002.0,22.26,30.0736,33.5378
2454002.0,22.3206,28.7806,36.4558
2462002.0,25.81,27.1601,40.2214
2470002.0,26.4423,27.2942,43.0116
2478002.0,28.7148,24.3241,47.1554
2486002.0,34.986,24.5097,48.1385
2494002.0,35.7565,25.2413,1.0167
2502002.0,34.0727,26.314,5.25951
2510002.0,36.7183,25.678,9.357330000000001
2518002.0,37.0919,26.2329,13.0129
2526002.0,38.9077,26.8248,15.7651
2534002.0,40.4176,27.2843,18.8715
2542002.0,40.6647,28.2051,23.39
2550002.0,41.4844,28.5533,28.1071
2558002.0,42.9155,28.6204,31.0468
2566002.0,44.2415,28.8501,34.7193
2574002.0,45.7658,29.2011,37.3909
2582002.0,45.9386,29.2705,40.6739
2590002.0,48.55,29.5971,44.6946
2598002.0,1.3585399999999999,30.3257,1.21449
2606002.0,2.20008,29.2478,5.81695
2614002.0,3.9672699999999996,28.8411,9.830969999999999
2622002.0,3.72678,28.4458,14.7784
2630002.0,4.31595,28.3008,19.0146
2638002.0,5.2087900000000005,28.9913,23.5656
2646002.0,5.6169199999999995,29.2496,28.456
2654002.0,6.64768,28.7902,33.3571
2662002.0,6.69337,28.0517,36.5035
2670002.0,6.83165,27.6199,41.8118
2678002.0,8.0597,27.6452,47.2497
2686002.0,11.5078,28.0465,1.49336
2694002.0,13.2246,28.5443,3.53286
2702002.0,13.8449,28.4171,8.14644
2710002.0,15.4074,28.7323,13.3188
2718002.0,16.5674,28.9923,17.7549
2726002.0,17.3059,29.47,20.5975
2734002.0,17.9225,29.6391,25.4598
2742002.0,19.3074,29.5541,30.0554
2750002.0,20.9583,29.4679,34.3691
2758002.0,21.7614,29.7042,39.1729
2766002.0,22.7208,29.6381,44.446000000000005
2774002.0,23.0394,29.2328,48.1956
2782002.0,23.8787,28.899,3.4857
2790002.0,23.8366,29.1548,7.94085
2798002.0,24.7398,28.9611,12.7563
2806002.0,25.84,28.947,17.8097
2814002.0,26.1746,29.0835,23.0344
2822002.0,25.9894,29.1315,27.4812
2830002.0,25.9149,28.024,30.6103
2838002.0,26.4931,28.0055,34.297
2846002.0,28.7308,28.2712,38.948
2854002.0,29.5969,28.7255,44.3239
2862002.0,30.9017,29.114,49.2715
2870002.0,31.3853,29.008000000000003,3.49775
2878002.0,32.9124,28.4071,8.432319999999999
2886002.0,33.4697,27.8253,12.9518
2894002.0,35.2319,27.8528,17.5024
2902002.0,36.6952,28.3135,21.8353
2910002.0,37.1582,28.388,26.2664
2918002.0,37.6255,28.1347,30.2238
2926002.0,38.0097,27.895,35.4637
2934002.0,38.8411,28.2597,40.5894
2942002.0,38.9116,28.1313,45.451
2950002.0,39.1684,28.0394,0.750941
2958002.0,39.8321,27.6771,4.9021
2966002.0,40.7823,27.8269,9.569139999999999
2974002.0,41.0162,27.7453,13.5423
2982002.0,41.4108,27.5127,18.5888
2990002.0,42.1044,27.0941,23.3882
2998002.0,42.4877,27.3018,27.1146
3006002.0,43.102,27.5836,31.0376
3014002.0,43.4935,27.5422,35.3847
3022002.0,43.8856,28.0715,39.3073
3030002.0,44.5583,28.0072,44.4672
3038002.0,44.8698,28.2257,48.522
3046002.0,45.7971,28.0836,3.5043
3054002.0,47.3807,28.1936,7.573060000000001
3062002.0,47.5015,28.6671,11.9493
3070002.0,48.4977,28.2407,18.0876
3078002.0,48.1312,27.9673,22.0155
3086002.0,48.8304,27.8957,26.403000000000002
3094002.0,0.252916,28.1311,31.3389
3102002.0,0.493138,27.8969,35.0002
3110002.0,1.28495,27.6394,40.2736
3118002.0,2.69285,26.9881,45.7734
3126002.0,3.77682,26.1042,1.37296
3134002.0,5.00823,25.4524,6.22434
3142002.0,5.7009099999999995,24.8974,10.9251
3150002.0,7.6402600000000005,25.3525,14.761
3158002.0,10.888,24.4454,18.6825
3166002.0,11.9152,25.0743,21.7023
3174002.0,13.2232,25.0249,23.8843
3182002.0,15.0187,24.456,28.0641
3190002.0,16.5951,24.1262,31.8884
3198002.0,17.6848,23.8635,36.1839
3206002.0,20.0312,23.8266,39.56
3214002.0,21.2389,23.6724,43.1603
3222002.0,23.3178,23.4519,47.8487
3230002.0,25.3745,23.0912,3.62384
3238002.0,26.1791,23.0608,7.9
3246002.0,27.2306,23.2778,11.515999999999998
3254002.0,27.8712,23.6266,14.729000000000001
3262002.0,28.6034,23.418000000000003,18.2583
3270002.0,28.6783,23.3619,22.8409
3278002.0,28.8997,23.5207,26.2537
3286002.0,29.535999999999998,23.5746,29.3663
3294002.0,30.3296,23.1699,31.9134
3302002.0,30.7671,23.2249,36.8046
3310002.0,31.2019,23.0715,39.6233
3318002.0,31.1966,23.2139,43.0078
3326002.0,32.4658,22.4821,46.7382
3334002.0,33.9661,22.5344,1.02839
3342002.0,34.7538,22.4338,5.59491
3350002.0,35.395,22.58,8.92645
3358002.0,37.453,22.6456,13.3892
3366002.0,41.047,22.8258,18.3734
3374002.0,42.8147,23.2229,22.5082
3382002.0,44.1168,23.3103,27.394000000000002
3390002.0,46.5535,23.3367,30.3342
3398002.0,47.8938,23.5637,34.4865
3406002.0,48.5669,23.3427,38.4528
3414002.0,1.51363,23.6014,42.8018
3422002.0,3.2480599999999997,23.4346,46.1658
3430002.0,5.29221,23.7543,0.7489399999999999
3438002.0,6.28305,23.6428,5.21314
3446002.0,6.3903,23.515,9.017619999999999
3454002.0,6.9275199999999995,23.6327,12.8553
3462002.0,7.33467,23.557,16.5425
3470002.0,7.633489999999999,23.4833,20.5979
3478002.0,8.29252,23.5745,24.9511
3486002.0,8.42258,23.4013,28.9645
3494002.0,9.1221,23.0056,33.2403
3502002.0,9.38922,23.0315,37.3002
3510002.0,9.44732,22.6121,41.7793
3518002.0,9.49598,22.680999999999997,46.2647
3526002.0,10.342,22.6722,1.52624
3534002.0,10.4248,22.8957,5.68308
3542002.0,10.4986,22.8201,10.0762
3550002.0,10.6222,22.8542,13.7716
3558002.0,10.472999999999999,22.675,17.528
3566002.0,10.4028,22.586,21.8453
3574002.0,10.2087,22.1595,26.3455
3582002.0,10.6415,22.3709,30.9596
3590002.0,11.4493,22.3359,35.3761
3598002.0,11.5213,22.6723,40.3986
3606002.0,12.7568,22.5366,44.0377
3614002.0,14.0326,22.6663,46.6042
3622002.0,15.4437,23.1556,0.45551899999999995
3630002.0,16.0357,23.7464,4.59296
3638002.0,16.4344,23.7451,8.8384
3646002.0,17.596,23.8402,13.6463
3654002.0,17.8213,23.6911,17.7681
3662002.0,18.1664,23.4158,22.546999999999997
3670002.0,18.2475,23.767,26.6324
3678002.0,18.7249,23.5066,30.996
3686002.0,19.4608,23.6161,35.6095
3694002.0,19.737000000000002,23.7374,39.9574
3702002.0,20.4019,23.5266,44.2663
3710002.0,20.7233,23.6571,48.1858
3718002.0,20.8684,23.689,2.6417
3726002.0,21.8637,23.8313,7.4306399999999995
3734002.0,21.5767,23.9536,12.2272
3742002.0,22.4557,23.561,15.8485
3750002.0,23.5878,23.7292,19.7097
3758002.0,25.2677,23.7588,23.3739
3766002.0,27.0009,23.8981,27.5057
3774002.0,28.3183,24.0286,31.8054
3782002.0,29.3184,24.0829,35.0144
3790002.0,30.7181,24.1166,39.7516
3798002.0,30.7461,24.0109,43.0487
3806002.0,31.54,24.0343,46.8888
3814002.0,33.2195,24.244,0.371172
3822002.0,33.7812,24.2838,4.60077
3830002.0,34.1584,24.3645,8.44395
3838002.0,34.797,24.6194,13.5859
3846002.0,35.1365,24.5134,18.6029
3854002.0,35.2827,24.5862,22.7554
3862002.0,35.3414,24.7135,27.0012
3870002.0,35.8915,24.9703,32.1
3878002.0,36.2127,25.0649,37.1002
3886002.0,36.6929,24.9865,41.1352
3894002.0,37.4427,25.2203,45.4832
3902002.0,37.6877,25.6177,0.718805
3910002.0,38.7265,25.9332,5.623419999999999
3918002.0,40.0288,25.7075,10.7595
3926002.0,41.8281,26.1072,14.6357
3934002.0,42.6212,26.6097,19.1964
3942002.0,43.0845,26.5383,23.8499
3950002.0,43.0952,26.4096,28.3516
3958002.0,43.7822,26.4194,33.0266
3966002.0,44.0962,26.8674,36.9573
3974002.0,45.5519,26.3301,40.8646
3982002.0,45.7514,26.0918,44.3756
3990002.0,46.8437,25.5205,48.4407
3998002.0,48.5751,25.3872,1.76278
4006002.0,1.07354,25.1886,3.8572300000000004
4014002.0,2.20019,24.5309,8.18515
4022002.0,1.39611,24.1128,10.8481
4030002.0,48.2858,28.0479,14.9849
4038002.0,0.0327637,27.5519,17.2372
4046002.0,2.14661,26.9953,20.857
4054002.0,2.5248,27.7775,25.9147
4062002.0,4.20021,29.2209,31.7968
4070002.0,4.23232,29.4851,35.438
4078002.0,4.23706,30.0456,39.4048
4086002.0,4.89464,30.4563,43.6754
4094002.0,5.6010599999999995,30.9158,47.7928
4102002.0,6.11216,30.6741,2.5897
4110002.0,6.577439999999999,30.3512,6.5488800000000005
4118002.0,7.35088,30.7996,10.7347
4126002.0,7.8064100000000005,32.0444,15.5453
4134002.0,7.9287,32.6256,18.9314
4142002.0,8.45843,32.858000000000004,22.8425
4150002.0,9.78052,32.9679,27.5764
4158002.0,11.3562,32.8063,32.1035
4166002.0,12.2569,32.4349,36.4626
4174002.0,13.6542,32.2733,41.2606
4182002.0,13.7847,33.0114,45.1984
4190002.0,14.7366,32.6528,0.465401
4198002.0,15.7226,32.6268,5.59358
4206002.0,16.302,32.628,10.642000000000001
4214002.0,17.2297,32.1572,16.2966
4222002.0,17.6391,32.4034,21.2542
4230002.0,19.0609,32.293,25.7213
4238002.0,20.9029,31.7759,31.2666
4246002.0,23.3495,29.4235,36.6779
4254002.0,26.5748,29.9526,41.5739
4262002.0,27.4256,29.0722,46.8665
4270002.0,27.9382,28.5916,1.7228700000000001
4278002.0,29.7595,29.2488,5.93634
4286002.0,30.4295,29.3273,10.8922
4294002.0,31.0983,29.5181,14.9282
4302002.0,31.3224,29.6031,19.2457
4310002.0,31.8156,29.8038,24.1203
4318002.0,31.7537,29.7605,28.0993
4326002.0,31.9064,29.5914,32.7136
4334002.0,33.5285,30.0792,36.4149
4342002.0,35.727,28.6201,39.1762
4350002.0,38.9468,29.9078,43.5586
4358002.0,37.9361,32.219,47.4875
4366002.0,37.6822,32.8919,0.947263
4374002.0,37.9597,33.0548,4.50703
4382002.0,38.7602,32.9797,8.63117
4390002.0,39.3962,33.0828,13.6086
4398002.0,39.8861,33.1871,19.434
4406002.0,40.7545,33.1457,23.9732
4414002.0,41.4547,32.9419,28.2611
4422002.0,42.2711,33.0617,32.7174
4430002.0,42.4518,33.0941,37.9338
4438002.0,42.6136,33.0726,42.9766
4446002.0,42.3392,32.6221,46.7096
4454002.0,42.8307,32.2418,2.2865599999999997
4462002.0,43.0573,32.4544,7.610360000000001
4470002.0,44.2603,32.2738,12.6841
4478002.0,45.4318,32.0275,16.3554
4486002.0,46.7016,32.4234,20.6
4494002.0,46.6619,32.6318,24.9973
4502002.0,46.6806,32.4939,29.8447
4510002.0,46.7816,32.8011,34.3797
4518002.0,47.027,32.5229,37.1715
4526002.0,47.6164,32.2129,41.4938
4534002.0,48.5171,31.3771,45.0345
4542002.0,49.3735,31.666999999999998,0.5529970000000001
4550002.0,0.543345,31.4332,4.69937
4558002.0,1.95885,30.9361,9.476180000000001
4566002.0,2.31235,30.6709,14.0713
4574002.0,3.9245400000000004,30.5752,18.3743
4582002.0,6.55771,30.1872,23.2213
4590002.0,8.879710000000001,29.9168,27.2176
4598002.0,11.0622,29.8734,31.6309
4606002.0,13.615,29.7455,34.6366
4614002.0,14.7352,29.6279,38.0124
4622002.0,15.145,29.7875,41.3241
4630002.0,16.7039,29.8131,43.9176
4638002.0,18.3019,29.9366,46.5433
4646002.0,19.2472,30.0063,1.09628
4654002.0,19.8714,30.3446,4.73269
4662002.0,21.165,30.2184,8.59544
4670002.0,21.4852,30.0966,12.6997
4678002.0,21.5024,29.4214,16.9486
4686002.0,23.9475,29.4155,21.451999999999998
4694002.0,25.0659,29.3988,26.4396
4702002.0,27.1626,29.5637,29.8033
4710002.0,28.4419,29.566999999999997,32.9757
4718002.0,29.3136,29.0646,36.9014
4726002.0,28.9143,29.0446,40.4923
4734002.0,30.2454,28.8961,43.6641
4742002.0,31.0037,28.9189,47.4838
4750002.0,31.4357,28.9463,2.15525
4758002.0,31.8553,29.0489,5.652909999999999
4760002.0,31.8724,29.1341,6.34621
4768002.0,31.9416,29.4368,10.6987
4776002.0,33.7393,29.6408,12.7936
4784002.0,35.8389,29.8417,17.1825
4792002.0,36.907,29.927,20.4728
4800002.0,37.9509,30.2057,24.4899
4808002.0,38.9902,30.0746,28.3662
4816002.0,41.1407,30.3041,32.0108
4824002.0,43.9015,30.9733,35.6205
4832002.0,46.3056,31.1785,39.6654
4840002.0,47.5825,31.6717,44.3312
4848002.0,48.8858,31.8543,48.6075
4856002.0,2.08356,31.5412,3.7327800000000004
4864002.0,1.73115,31.9813,8.8684
4872002.0,5.49245,31.7192,13.277000000000001
4880002.0,4.9461699999999995,31.7318,16.8108
4888002.0,5.56611,31.7027,20.6755
4896002.0,8.137260000000001,31.4858,25.0412
4904002.0,9.64299,31.7588,27.8871
4912002.0,10.1834,31.8715,31.5729
4920002.0,13.9383,31.9436,35.1842
4928002.0,16.171,32.5179,39.3076
4936002.0,17.6751,32.6141,43.9103
4944002.0,17.886,33.0626,47.3486
4952002.0,19.4805,33.2794,1.92842
4960002.0,19.6308,33.3475,6.47346
4968002.0,20.1169,32.5249,10.4017
4976002.0,21.1507,32.4196,14.6105
4984002.0,21.6685,32.1764,19.0735
4992002.0,22.8417,32.2086,22.658
5000002.0,24.094,32.146,27.1804
5008002.0,24.3996,31.9544,31.658
5016002.0,25.1165,31.5212,34.719
5024002.0,25.2218,31.1031,38.4032
5032002.0,24.7425,31.1371,42.0937
5040002.0,25.7666,31.2556,46.0873
5048002.0,26.0936,31.1461,49.137
5056002.0,27.1471,30.4471,4.51641
5064002.0,28.4387,29.9628,8.535860000000001
5072002.0,30.0372,30.0079,12.6583
5080002.0,31.116,29.8046,17.3707
5088002.0,31.9399,29.2093,22.7891
5096002.0,34.49,29.142,27.6958
5104002.0,36.305,29.0282,33.0101
5112002.0,37.2314,29.0973,37.4706
5120002.0,37.9681,29.1887,42.5126
5128002.0,39.5233,28.9893,48.0644
5136002.0,39.7283,28.9733,2.8039
5144002.0,40.6338,29.0161,8.0789
5152002.0,41.2272,28.875999999999998,13.1855
5160002.0,42.4108,28.9375,18.3113
5168002.0,43.2287,28.2026,23.384
5176002.0,44.2706,27.545,28.0035
5184002.0,44.9803,27.1385,32.0653
5192002.0,45.4694,26.6532,35.6967
5200002.0,46.1642,26.576999999999998,39.809
5208002.0,47.0776,25.9415,43.5422
5216002.0,47.9086,26.086,47.5635
5224002.0,48.6509,26.18,1.5885200000000002
5232002.0,0.20257999999999998,26.2937,6.4543800000000005
5240002.0,1.26501,26.2087,10.4859
5248002.0,2.44876,25.5545,14.812000000000001
5256002.0,2.9008599999999998,25.8002,17.1931
5264002.0,4.03796,25.6143,21.5477
5272002.0,5.40736,25.4839,25.4247
5280002.0,6.89809,25.3103,29.9667
5288002.0,6.6691899999999995,25.3207,33.5945
5296002.0,8.00418,25.3097,37.6608
5304002.0,9.05741,25.1067,42.1168
5312002.0,11.5971,25.0158,46.0638
5320002.0,11.5418,24.4679,0.681329
5328002.0,11.5197,24.2252,3.9292
5336002.0,12.970999999999998,23.4148,8.17108
5344002.0,14.6323,22.7194,11.8939
5352002.0,15.2594,22.1795,15.5549
5360002.0,15.7221,22.0569,17.8826
5368002.0,16.1659,22.4297,22.4865
5376002.0,16.2708,22.8519,25.919
5384002.0,17.8323,22.3346,30.2911
5392002.0,17.9705,21.018,32.5241
5400002.0,18.8561,20.9056,36.1014
5408002.0,19.6781,20.4958,39.4514
5416002.0,20.9926,20.4228,43.2786
5424002.0,22.1028,20.1762,46.0962
5432002.0,22.7423,20.2474,48.9856
5440002.0,24.3534,20.4266,1.70957
5448002.0,25.4015,20.6029,4.87749
5456002.0,26.2729,20.3204,9.003
5464002.0,26.9254,20.4036,12.682
5472002.0,26.86,19.8174,16.8832
5480002.0,28.4884,19.6226,20.2933
5488002.0,29.7263,19.6441,23.2378
5496002.0,30.6838,19.3716,26.6684
5504002.0,31.0599,19.4528,30.241
5512002.0,32.0798,19.1164,32.7086
5520002.0,32.7158,19.0985,35.9272
5528002.0,34.2679,19.0411,39.2061
5536002.0,35.1579,19.6334,42.117
5544002.0,36.0958,19.3747,45.4313
5552002.0,37.0741,19.5837,48.8103
5560002.0,37.6349,19.6072,3.30911
5568002.0,38.7104,19.612000000000002,6.61936
5576002.0,39.4084,19.8524,9.36288
5584002.0,40.0248,19.2911,13.183
5592002.0,40.9144,19.8108,16.6287
5600002.0,40.7539,19.8247,19.8696
5608002.0,41.156000000000006,20.1052,22.4753
5616002.0,41.4951,20.3411,25.5431
5624002.0,42.0495,20.9043,28.2509
5632002.0,43.7521,21.1849,31.8875
5640002.0,45.0358,21.3394,34.9608
5648002.0,46.5544,21.7201,39.5394
5656002.0,46.5786,21.7432,44.489
5664002.0,47.3384,21.9169,48.558
5672002.0,49.0269,22.6724,2.12378
5680002.0,1.21491,22.5007,5.30595
5688002.0,2.8218799999999997,22.747,7.75442
5696002.0,3.5115300000000005,23.2144,10.4423
5704002.0,5.73694,23.3974,14.6367
5712002.0,6.2682199999999995,23.16,18.7396
5720002.0,6.21097,23.4323,23.0173
5728002.0,6.41017,23.9131,26.7484
5736002.0,6.71485,23.8105,30.8685
5744002.0,7.49885,23.6911,36.2348
5752002.0,7.698360000000001,24.008000000000003,40.6902
5760002.0,8.242389999999999,23.5757,44.04600000000001
5768002.0,10.364,24.1598,48.1159
5776002.0,11.9573,24.1926,3.3263599999999998
5784002.0,11.8215,23.9673,7.125710000000001
5792002.0,12.4825,23.5566,11.6577
5800002.0,13.2212,22.8706,16.9417
5808002.0,14.8549,22.72,20.9792
5816002.0,16.6988,22.7091,25.6663
5824002.0,16.9321,21.5856,28.3889
5832002.0,17.2147,21.4633,31.311
5840002.0,17.3896,21.0719,34.5892
5848002.0,19.0379,21.4424,38.1003
5856002.0,19.6416,21.8086,41.9307
5864002.0,21.7246,22.1322,44.7178
5872002.0,22.8824,22.0887,47.9987
5880002.0,23.0889,22.2343,2.16553
5888002.0,24.3705,22.0652,7.0669699999999995
5896002.0,25.8324,21.7572,10.4738
5904002.0,26.721,21.7488,13.8837
5912002.0,27.0393,21.5594,18.1434
5920002.0,27.7242,21.8324,21.4491
5928002.0,28.4874,21.659000000000002,25.6107
5936002.0,28.4056,21.2665,30.0307
5944002.0,28.9899,20.8269,34.2906
5952002.0,29.5476,20.7324,38.1037
5960002.0,30.3236,21.2023,41.4866
5968002.0,31.2468,21.3326,45.3232
5976002.0,31.4046,21.3855,49.3824
5984002.0,31.5712,21.3578,3.65639
5992002.0,32.4472,21.683000000000003,8.532589999999999
6000002.0,32.6922,21.8183,12.9139
6008002.0,32.2345,22.0453,16.629
6016002.0,33.4887,21.8555,19.029
6024002.0,33.9338,21.715999999999998,24.0536
6032002.0,34.1344,21.6537,28.1002
6040002.0,33.8507,21.6023,32.1221
6048002.0,33.8389,21.6634,35.9968
6056002.0,34.7921,20.9447,40.6118
6064002.0,35.6294,20.8262,45.8372
6072002.0,35.9156,20.6948,0.7169979999999999
6080002.0,36.6751,20.1856,5.040080000000001
6088002.0,37.7424,19.9181,8.08755
6096002.0,38.7812,19.8635,11.442
6104002.0,39.2224,19.6692,14.8779
6112002.0,39.4532,19.4272,19.2762
6120002.0,39.6873,19.3861,23.5225
6128002.0,39.5443,19.3741,27.4311
6136002.0,40.0615,19.3906,31.1966
6144002.0,40.0875,19.6605,35.1723
6152002.0,40.6027,20.0937,39.0489
6160002.0,40.893,20.3988,42.3367
6168002.0,41.7936,20.3586,46.251000000000005
6176002.0,41.7133,20.1334,1.41014
6184002.0,42.3136,20.012,4.98255
6192002.0,43.04,19.7495,8.01932
6200002.0,44.0912,19.4902,10.9016
6208002.0,44.8602,19.8099,14.5196
6216002.0,46.2758,20.102999999999998,18.3645
6224002.0,46.9923,20.4398,22.4105
6232002.0,47.8621,20.5561,26.3448
6240002.0,48.6852,20.8289,31.2355
6248002.0,0.821318,20.9041,35.8803
6256002.0,2.55876,21.0857,39.7174
6264002.0,3.5346699999999998,21.5364,42.9111
6272002.0,4.6140300000000005,21.6156,46.3895
6280002.0,5.39446,21.5043,0.663998
6288002.0,6.12215,21.6228,4.671819999999999
6296002.0,7.43653,21.826999999999998,8.70345
6304002.0,8.5324,21.6327,12.7982
6312002.0,9.73519,21.4868,15.4558
6320002.0,10.942,21.6022,18.542
6328002.0,12.8037,21.8157,22.638
6336002.0,14.0849,22.1984,26.4437
6344002.0,14.637,21.5832,30.5796
6352002.0,14.5506,21.0069,34.4083
6360002.0,14.8799,21.2622,38.0709
6368002.0,15.7414,21.5613,42.5828
6376002.0,16.0949,22.186999999999998,46.6417
6384002.0,16.2475,23.108,1.3646
6392002.0,15.9548,24.0912,4.4289
6400002.0,16.6381,23.6913,7.74898
6408002.0,16.0171,25.9042,13.3705
6416002.0,16.3813,26.6027,17.8521
6424002.0,17.1165,26.6668,21.2144
6432002.0,17.7469,27.1154,25.3894
6440002.0,17.8323,27.5998,28.7815
6448002.0,17.607,27.6015,32.2293
6456002.0,18.2308,27.784000000000002,35.6556
6464002.0,18.9791,27.9732,39.0591
6472002.0,20.0359,27.7789,44.2185
6480002.0,20.6332,27.9019,48.4495
6488002.0,21.6263,27.5054,2.5013400000000003
6496002.0,21.4537,27.6773,6.89084
6504002.0,23.3742,27.0937,11.3246
6512002.0,24.7282,27.4841,15.6732
6520002.0,26.1692,27.6185,19.8873
6528002.0,26.9388,27.8634,25.1952
6536002.0,27.9544,27.4157,30.4593
6544002.0,27.7362,27.1098,34.1522
6552002.0,28.6202,27.0886,37.5929
6560002.0,29.0447,26.8547,41.7037
6568002.0,30.6998,27.4605,44.9253
6576002.0,31.5709,27.8051,49.1392
6584002.0,32.7561,27.7027,4.65979
6592002.0,33.856,27.968000000000004,9.25394
6600002.0,35.5219,27.7391,13.364
6608002.0,36.4258,27.6731,17.7302
6616002.0,38.0946,26.8358,21.639
6624002.0,40.2958,26.5436,24.9272
6632002.0,42.0028,25.8104,29.4445
6640002.0,42.0769,25.3309,34.3175
6648002.0,43.2233,25.3164,38.0716
6656002.0,45.0689,25.1583,42.403
6664002.0,46.3524,24.5649,45.1114
6672002.0,48.0848,24.5392,49.3197
6680002.0,48.2309,24.2114,4.30092
6688002.0,48.3238,24.4878,8.27409
6696002.0,0.9574540000000001,24.5795,11.5824
6704002.0,3.17645,25.0063,16.012999999999998
6712002.0,4.96892,25.5396,19.6438
6720002.0,7.64129,26.1981,22.6176
6728002.0,9.060030000000001,26.5059,25.8423
6736002.0,10.1235,26.9123,29.456999999999997
6744002.0,10.6575,27.364,33.9675
6752002.0,12.0511,27.1962,38.9734
6760002.0,12.663,27.2413,43.2628
6768002.0,12.7687,27.5755,47.8436
6776002.0,13.4632,28.4734,3.3140199999999997
6784002.0,14.8589,29.0245,7.47347
6792002.0,15.4953,29.1252,11.7951
6800002.0,16.1358,29.5961,15.8397
6808002.0,16.734,29.3481,19.1104
6816002.0,16.6983,29.5215,22.6933
6824002.0,18.1931,31.0326,26.4535
6832002.0,19.6049,31.2681,31.1656
6840002.0,19.9465,31.1739,36.2474
6848002.0,20.9737,30.7556,40.7474
6856002.0,21.6244,31.0106,45.3549
6864002.0,22.0122,31.2045,0.5683020000000001
6872002.0,22.5769,31.3096,5.09541
6880002.0,24.2496,30.5428,9.272
6888002.0,24.8142,30.268,14.4086
6896002.0,25.9147,29.5939,18.5411
6904002.0,27.1292,29.2947,22.8395
6912002.0,29.5938,29.2033,27.6706
6920002.0,31.2207,29.2039,32.4552
6928002.0,32.7094,29.3582,36.7802
6936002.0,33.1065,29.0865,39.6315
6944002.0,34.9578,28.9808,43.3615
6952002.0,37.5536,28.8122,46.4428
6960002.0,38.8993,28.496,48.8011
6968002.0,39.3487,27.7909,2.17496
6976002.0,40.7458,27.9455,6.2231
6984002.0,41.0888,27.9424,10.5029
6992002.0,41.9024,28.1664,14.8363
7000002.0,42.4382,28.2333,18.0715
7008002.0,43.8124,28.4099,22.0076
7016002.0,44.9365,28.4164,25.5657
7024002.0,45.4475,28.1862,30.0059
7032002.0,46.6228,27.4351,33.2231
7040002.0,47.9036,27.285,37.4865
7048002.0,48.7912,27.4795,41.6087
7056002.0,0.781381,27.129,45.6202
7064002.0,3.0087200000000003,26.5519,49.2343
7072002.0,4.0201199999999995,26.7672,3.62244
7080002.0,5.46951,26.5237,7.34743
7088002.0,5.74697,25.2766,10.8581
7096002.0,5.47279,25.3027,14.2813
7104002.0,4.98549,26.3073,14.8956
7112002.0,5.95713,26.0244,19.8187
7120002.0,7.943860000000001,26.000999999999998,22.7534
7128002.0,8.6554,25.578000000000003,25.5156
7136002.0,10.5173,25.7752,30.01
7144002.0,9.17015,25.1476,34.1663
7152002.0,9.630980000000001,25.5298,38.9608
7160002.0,12.0516,27.0134,41.891000000000005
7168002.0,13.4975,26.9013,45.4549
7176002.0,15.2088,28.6637,0.10638399999999999
7184002.0,20.8808,28.1507,48.3474
7192002.0,18.6386,30.0649,4.527019999999999
7200002.0,21.4043,29.3473,9.44726
7204002.0,20.9989,29.4277,11.0325
7212002.0,23.0898,29.5879,15.9462
7220002.0,24.6217,29.7988,18.9257
7228002.0,26.0178,29.9091,22.8848
7236002.0,26.5381,30.2409,26.3241
7244002.0,26.924,30.2379,31.0992
7252002.0,27.0008,30.3812,35.4655
7260002.0,27.5454,30.5062,39.9866
7268002.0,27.6131,30.3752,45.3896
7276002.0,28.4569,29.862,49.4581
7284002.0,28.6938,30.1732,5.05365
7292002.0,29.761999999999997,30.1015,8.7413
7300002.0,31.3344,30.3058,12.8293
7308002.0,32.2602,29.8534,17.1114
7316002.0,33.3036,29.6191,20.6664
7324002.0,33.2449,29.6876,24.6081
7332002.0,33.4733,29.645,29.634
7340002.0,34.7875,29.6519,33.4936
7348002.0,34.955999999999996,29.428,37.2285
7356002.0,35.7397,28.9716,39.9187
7364002.0,36.9338,28.6617,43.0405
7372002.0,37.6482,28.3667,46.8402
7380002.0,38.173,28.1512,1.24168
7388002.0,38.7266,28.1323,5.36316
7396002.0,39.4796,28.0056,9.1934
7404002.0,40.0185,28.0828,13.5509
7412002.0,40.9599,28.1332,17.0868
7420002.0,40.8726,28.1449,21.7169
7428002.0,41.6836,28.7757,25.6492
7436002.0,41.4663,28.9969,30.0657
7444002.0,41.376999999999995,28.8276,34.1375
7452002.0,41.6627,28.7441,39.3167
7460002.0,41.7258,28.7936,42.9829
7468002.0,42.3388,28.7918,47.9378
7476002.0,42.7575,29.0831,1.7914599999999998
7484002.0,43.5347,29.4802,5.835319999999999
7492002.0,44.2237,29.1117,10.6052
7500002.0,44.7486,29.0283,15.0865
7508002.0,45.7887,29.005,18.5627
7516002.0,46.1784,28.8125,23.2112
7524002.0,46.0436,28.6672,27.9828
7532002.0,46.5913,28.7205,32.7667
7540002.0,46.7701,28.4386,36.7179
7548002.0,46.8876,28.3091,38.7583
7556002.0,47.4388,28.0167,42.9578
7564002.0,47.2579,28.0942,46.0478
7572002.0,48.2232,28.0588,0.0138685
7580002.0,48.3171,27.9337,3.79961
7588002.0,48.5535,27.7534,7.96715
7596002.0,49.2449,27.5559,11.2215
7604002.0,0.181015,27.4285,14.6333
7612002.0,0.8899,27.2813,19.5757
7620002.0,1.44113,27.3145,23.6909
7628002.0,1.97223,27.3318,27.7954
7636002.0,3.10419,27.1999,30.8607
7644002.0,3.9227,27.2137,34.0127
7652002.0,4.3415,27.1044,37.4861
7660002.0,5.10064,26.9924,41.0219
7668002.0,6.4389199999999995,26.9684,46.1599
7676002.0,6.606910000000001,26.8679,1.36382
7684002.0,6.82868,26.6979,5.49341
7692002.0,8.766810000000001,26.336,10.3357
7700002.0,9.87532,26.1184,14.5139
7708002.0,10.815999999999999,26.1792,18.0053
7716002.0,11.9507,25.8914,21.8496
7724002.0,13.015999999999998,25.9989,25.7343
7732002.0,14.5285,26.2131,30.1827
7740002.0,17.4267,26.5724,33.8889
7748002.0,18.0869,26.4823,38.1207
7756002.0,19.393,26.570999999999998,42.2845
7764002.0,20.1425,26.7564,46.9075
7772002.0,20.4315,26.4962,2.10283
7780002.0,21.2633,26.2106,6.7636899999999995
7788002.0,21.4714,26.2309,11.0079
7796002.0,21.7843,26.0503,14.9894
7804002.0,22.0364,25.8229,19.0536
7812002.0,22.4855,25.7312,23.6039
7820002.0,23.2319,25.5571,27.3955
7828002.0,23.913,25.3996,32.1949
7836002.0,24.1655,25.2314,36.7329
7844002.0,24.7735,25.3601,40.0652
7852002.0,24.1647,25.6154,44.9146
7860002.0,24.3906,25.6924,48.2625
7868002.0,24.625,25.433000000000003,4.02466
7876002.0,25.6779,25.4379,8.21802
7884002.0,27.2818,25.3835,12.4624
7892002.0,28.3188,25.8693,16.7587
7900002.0,28.991,25.8182,20.5928
7908002.0,29.6566,25.2122,24.4323
7916002.0,29.154,25.7486,28.3392
7924002.0,29.0775,25.826999999999998,32.649
7932002.0,29.6115,25.9568,35.1779
7940002.0,29.9243,26.0415,38.5596
7948002.0,30.9651,25.8573,41.8323
7956002.0,31.6475,26.7371,43.8273
7964002.0,31.9893,27.6924,46.2305
7972002.0,31.838,28.6723,0.901875
7980002.0,31.2836,28.4072,6.09638
7988002.0,30.8708,28.7954,9.82939
7996002.0,30.8556,29.1208,12.7312
