2.0,39.9883,2.49245,37.969
8002.0,40.4513,2.54612,38.2195
16002.0,40.698,2.6289700000000003,38.8336
24002.0,40.4519,2.57433,39.9027
32002.0,40.5393,2.61049,39.9597
40002.0,40.8036,2.66888,40.3939
48002.0,41.2249,2.51448,42.1889
56002.0,40.9865,2.6067299999999998,43.8339
64002.0,41.0325,2.70076,44.909
72002.0,41.8252,2.45635,45.998999999999995
80002.0,41.9283,2.32912,46.7831
88002.0,42.1157,2.28179,48.2284
96002.0,42.6221,2.32706,49.3506
104002.0,43.6381,2.4281599999999997,1.59789
112002.0,43.6996,2.73928,2.6653599999999997
120002.0,43.8604,2.83811,3.3781800000000004
128002.0,44.1508,2.85702,3.9767099999999997
136002.0,44.6642,2.8686700000000003,4.672630000000001
144002.0,45.042,2.73815,4.87555
152002.0,45.5,2.9287099999999997,5.23111
160002.0,47.0553,3.1956700000000002,5.70798
168002.0,47.1841,3.2765400000000002,6.2087900000000005
176002.0,47.2299,3.6966300000000003,7.204610000000001
184002.0,47.5105,3.8555099999999998,8.48152
192002.0,47.6241,3.97316,9.60014
200002.0,47.5265,3.8056400000000004,10.5104
208002.0,47.8236,4.03718,11.5353
216002.0,48.7903,3.9219199999999996,13.3469
224002.0,49.2523,3.97896,15.6875
232002.0,0.437037,3.87635,17.3918
240002.0,1.56944,3.10514,18.0462
248002.0,1.4720799999999998,2.85022,18.2454
256002.0,1.69406,2.6371900000000004,18.8677
264002.0,1.7286,2.67346,19.0773
272002.0,1.88579,2.68024,19.7092
280002.0,1.99642,2.68387,20.2964
288002.0,2.4342200000000003,2.7339900000000004,21.1674
296002.0,2.53652,2.8245,22.0374
304002.0,2.73074,2.96627,22.9044
312002.0,3.37804,3.01146,23.9793
320002.0,4.06893,3.01019,24.9212
328002.0,4.92546,3.09777,25.9735
336002.0,5.74315,2.9719700000000002,27.1453
344002.0,6.3012,2.75425,28.366999999999997
352002.0,6.88996,2.59755,29.0997
360002.0,7.44269,2.54232,30.0069
368002.0,7.49165,2.4517,30.1505
376002.0,7.42696,2.43523,30.6321
384002.0,7.51928,2.52771,30.6505
392002.0,7.48154,2.68736,31.0966
400002.0,7.70194,2.60623,32.8403
408002.0,7.803030000000001,2.52671,34.507
416002.0,7.9712,2.4459400000000002,35.55
424002.0,7.88825,2.42915,35.4892
432002.0,8.049760000000001,2.4533,35.5272
440002.0,8.25389,2.67792,36.1933
448002.0,8.2586,2.87311,37.4976
456002.0,8.31435,2.97883,38.4448
464002.0,8.184560000000001,3.13109,39.2621
472002.0,8.55852,3.5926199999999997,40.721
480002.0,8.83703,3.7597400000000003,41.5358
488002.0,9.59867,3.9367099999999997,42.0064
496002.0,9.66527,3.8033699999999997,42.6984
504002.0,9.67015,3.97367,43.4878
512002.0,9.90449,4.01262,44.2685
520002.0,10.6983,3.95876,44.727
528002.0,10.5626,3.9077,45.5898
536002.0,10.7122,3.6770400000000003,46.2748
544002.0,11.3682,3.6938699999999995,46.7942
552002.0,12.3349,3.77322,47.2502
560002.0,12.8059,3.6526199999999998,47.6595
568002.0,13.040999999999999,3.70221,48.6054
576002.0,12.7858,3.64605,0.336833
584002.0,12.8025,3.7054400000000003,1.62856
592002.0,13.1843,3.8654300000000004,2.93798
600002.0,13.5345,3.7158300000000004,4.5852699999999995
608002.0,14.2698,3.6544,5.49299
616002.0,15.2974,3.25089,6.22002
624002.0,15.9097,3.08059,7.243010000000001
632002.0,16.3132,3.0038400000000003,8.17292
640002.0,16.6106,2.81351,8.84812
648002.0,16.7118,2.54773,9.41105
656002.0,17.2139,2.48716,9.94062
664002.0,17.579,2.55729,10.6513
672002.0,17.5081,2.65787,12.2226
680002.0,17.2925,2.6842099999999998,13.5278
688002.0,17.2462,2.72115,15.0416
696002.0,17.8654,2.53334,14.9857
704002.0,16.9324,2.74447,17.2051
712002.0,17.0335,2.7289999999999996,18.1059
720002.0,16.9486,2.74907,18.8287
728002.0,16.7384,2.82633,20.0404
736002.0,16.7363,2.80689,20.4998
744002.0,16.5104,2.78016,20.7124
752002.0,16.5347,2.61802,21.7312
760002.0,15.9805,2.71877,22.7216
768002.0,16.4421,2.59757,23.1241
776002.0,15.7195,2.92815,24.4422
784002.0,14.9666,2.77732,25.5003
792002.0,14.886,3.0727900000000004,25.9991
800002.0,14.9854,3.31759,26.9039
808002.0,15.1876,3.65049,27.5298
816002.0,15.517999999999999,3.68238,28.0108
824002.0,15.8713,3.7440300000000004,28.7765
832002.0,15.8124,3.91426,30.8464
840002.0,15.7835,4.69686,32.2666
848002.0,16.5179,5.03136,33.4469
856002.0,17.0151,4.87044,34.7893
864002.0,17.9443,4.58296,35.815
872002.0,18.1405,4.66045,36.9216
880002.0,18.8587,4.4395,38.935
888002.0,20.323,3.8132599999999996,39.7063
896002.0,21.8092,3.43106,40.5513
904002.0,22.7102,3.26201,42.1637
912002.0,23.4528,3.0308200000000003,43.5707
920002.0,24.1561,2.73274,45.1137
928002.0,24.5671,2.64949,46.167
936002.0,25.0223,2.88498,47.1274
944002.0,25.1134,2.84555,47.9062
952002.0,25.7298,2.82107,48.9114
960002.0,25.4713,2.8257,0.603329
968002.0,25.0498,2.94427,1.06326
976002.0,25.3899,3.0717,2.15328
984002.0,25.331999999999997,3.44614,3.63135
992002.0,25.4381,3.4207400000000003,4.3229
1000002.0,25.6341,4.0093,5.20659
1008002.0,26.1508,4.11198,6.02308
1016002.0,26.3316,3.93096,6.7682
1024002.0,26.6614,4.38805,7.84793
1032002.0,27.16,4.52615,8.55706
1040002.0,28.3046,4.74759,10.4318
1048002.0,29.1757,5.0812,12.6664
1056002.0,30.0467,5.09903,13.118
1064002.0,30.2716,3.62724,17.3786
1072002.0,30.3049,3.60506,19.0556
1080002.0,31.0021,3.16151,20.8544
1088002.0,31.101,3.05441,21.6032
1096002.0,31.9357,3.25232,22.3461
1104002.0,32.2248,3.54095,23.3866
1112002.0,32.0287,3.74589,25.3106
1120002.0,32.3494,3.88752,26.7842
1128002.0,32.3126,4.054209999999999,28.56
1136002.0,32.7156,4.59978,30.5647
1144002.0,33.3575,4.83079,31.525
1152002.0,34.3698,5.03647,33.1403
1160002.0,33.5623,4.66005,35.3471
1168002.0,35.332,4.52776,36.5636
1176002.0,36.539,4.70927,37.0413
1184002.0,35.7256,5.1315800000000005,36.2102
1192002.0,36.2854,5.560230000000001,36.6159
1200002.0,36.5058,5.99828,36.8856
1208002.0,39.3003,4.30105,35.6897
1216002.0,42.576,6.2304,34.933
1224002.0,44.0694,6.00505,36.4665
1232002.0,45.6258,6.39421,38.8166
1240002.0,46.4318,6.311719999999999,40.6756
1248002.0,46.8415,6.25208,42.5074
1256002.0,48.4214,5.81044,43.7359
1264002.0,49.4654,5.6233,45.0608
1272002.0,1.05331,5.58445,46.966
1280002.0,1.9656799999999999,5.62143,48.3815
1288002.0,3.15433,5.48626,0.148972
1296002.0,3.09029,5.5835099999999995,1.6792900000000002
1304002.0,4.16865,5.64076,2.73381
1312002.0,4.47053,5.76072,4.07675
1320002.0,5.07187,5.952000000000001,5.16645
1328002.0,5.48695,5.90614,6.61464
1336002.0,6.19068,6.19963,7.6413
1344002.0,6.8426,6.20653,8.88227
1352002.0,7.585560000000001,6.2404,11.2065
1360002.0,7.871180000000001,6.5439,12.8956
1368002.0,8.583039999999999,6.29703,14.4171
1376002.0,9.08801,6.30149,15.8379
1384002.0,9.52305,6.5513,17.6877
1392002.0,10.2669,6.44833,18.6183
1400002.0,11.0774,6.44204,20.015
1408002.0,11.2538,6.12336,20.7111
1416002.0,11.0111,5.8276699999999995,21.6686
1424002.0,11.1091,5.33526,23.0101
1432002.0,10.7963,5.03627,24.3724
1440002.0,11.0876,5.01317,25.2401
1448002.0,11.7509,5.00988,25.8837
1456002.0,12.9427,5.0968599999999995,26.8388
1464002.0,12.8202,4.8206,26.625999999999998
1472002.0,13.7135,5.05715,28.0992
1480002.0,13.1105,5.18617,27.8328
1488002.0,13.4026,5.27051,28.6054
1496002.0,13.6728,5.49552,29.8763
1504002.0,14.9373,5.6977,30.9267
1512002.0,16.3178,6.24515,32.585
1520002.0,16.0025,6.675660000000001,33.4131
1528002.0,15.6887,6.766719999999999,35.6286
1536002.0,15.0906,6.40869,36.6776
1544002.0,15.3604,6.43765,38.4231
1552002.0,16.7012,6.38874,39.7759
1560002.0,17.3243,6.37971,42.3924
1568002.0,18.0105,6.59085,43.885
1576002.0,18.2814,6.833480000000001,45.198
1584002.0,18.7574,7.099310000000001,47.2836
1592002.0,19.0677,7.598269999999999,49.1055
1600002.0,20.3142,7.7210399999999995,1.31887
1608002.0,19.8777,8.00315,3.33846
1616002.0,20.4682,7.981089999999999,5.00863
1624002.0,20.4872,8.04284,7.266710000000001
1632002.0,21.0884,8.03668,9.18549
1640002.0,22.3925,8.067169999999999,11.2023
1648002.0,23.5342,8.373460000000001,12.3589
1656002.0,24.6887,8.43083,13.9356
1664002.0,25.5663,8.679219999999999,15.1032
1672002.0,33.7587,16.8204,17.5028
1680002.0,27.3428,23.6253,28.5065
1688002.0,27.7516,24.2174,33.0972
1696002.0,28.2568,24.8401,37.926
1704002.0,28.8409,25.250999999999998,42.473
1712002.0,28.5372,25.149,47.0682
1720002.0,29.8937,24.9076,0.66904
1728002.0,30.933000000000003,25.3152,4.4387300000000005
1736002.0,31.4225,24.7628,8.57105
1744002.0,30.763,24.686,12.9303
1752002.0,30.5553,25.3087,16.2956
1760002.0,30.3186,24.7237,21.0052
1768002.0,30.8596,24.1969,23.678
1776002.0,31.5319,23.8837,27.9942
1784002.0,32.0271,23.7041,31.4672
1792002.0,31.9537,23.5459,34.9238
1800002.0,32.3035,23.5873,39.2815
1808002.0,33.7967,23.906999999999996,43.6445
1816002.0,34.8037,23.8401,46.0764
1824002.0,34.6225,24.1532,0.420104
1832002.0,35.9401,23.8482,3.97514
1840002.0,37.878,23.8985,6.59368
1848002.0,37.7433,23.8001,10.1382
1856002.0,38.6099,23.6531,13.505
1864002.0,39.5589,23.3624,17.1047
1872002.0,41.3637,23.5969,20.1454
1880002.0,43.3975,23.1577,24.0241
1888002.0,46.1148,23.5166,27.2032
1896002.0,47.2314,23.5237,30.4108
1904002.0,47.7583,23.1055,32.8267
1912002.0,48.3545,23.1616,35.9944
1920002.0,48.4034,22.9572,40.4522
1928002.0,0.695034,22.9214,44.6254
1936002.0,0.849872,22.8564,47.9772
1944002.0,1.4715799999999999,23.2123,2.8166599999999997
1952002.0,2.4386900000000002,23.1589,6.939
1960002.0,2.77115,23.1501,11.0907
1968002.0,3.67697,23.4921,15.1802
1976002.0,4.03942,23.3187,18.7433
1984002.0,4.33121,23.3339,23.1936
1992002.0,4.47593,23.1923,27.3715
2000002.0,5.5929400000000005,23.2294,31.1199
2008002.0,6.271719999999999,23.4167,35.2656
2016002.0,7.7351,23.0545,39.4049
2024002.0,7.97092,23.0966,41.6499
2032002.0,8.5403,23.1633,44.1378
2040002.0,10.4767,22.8569,47.1595
2048002.0,11.0892,22.9926,1.9505
2056002.0,12.1595,23.2374,4.17617
2064002.0,13.2969,23.0084,7.39842
2072002.0,14.8596,23.5118,9.32155
2080002.0,16.3663,23.326,12.3289
2088002.0,18.4147,23.2425,14.780999999999999
2096002.0,19.5618,22.8737,18.512
2104002.0,21.484,22.7417,20.83
2112002.0,23.3784,22.5655,25.9855
2120002.0,23.5091,22.2045,31.3533
2128002.0,23.5848,22.3953,34.0548
2136002.0,24.6276,22.7626,37.3308
2144002.0,25.4281,23.1424,41.3946
2152002.0,26.2104,23.0812,45.335
2160002.0,26.5148,22.8094,49.4603
2168002.0,27.4337,22.8263,3.92135
2176002.0,27.7035,22.3329,7.82963
2184002.0,28.8432,22.089000000000002,9.996139999999999
2192002.0,29.5085,22.9889,12.2648
2200002.0,29.3813,23.2203,15.2149
2208002.0,30.6799,23.4753,18.0291
2216002.0,32.5836,23.6225,20.934
2224002.0,33.6805,23.6116,25.3178
2232002.0,34.1902,23.5919,28.1587
2240002.0,35.8357,23.5622,31.7687
2248002.0,36.7269,23.7899,35.1912
2256002.0,37.0045,23.9557,36.7918
2264002.0,37.3746,23.4901,38.6058
2272002.0,38.3628,23.4975,42.0585
2280002.0,39.0373,23.4338,45.0349
2288002.0,39.6202,23.301,49.4505
2296002.0,41.1553,23.0777,5.18928
2304002.0,42.6487,23.2917,8.28686
2312002.0,41.2459,25.4349,13.3667
2320002.0,43.6362,26.3043,19.597
2328002.0,45.2075,26.2819,24.1902
2336002.0,45.8712,26.162,28.0495
2344002.0,46.8521,25.7676,32.8033
2352002.0,47.8805,25.6293,36.8867
2360002.0,49.4601,25.4435,40.5204
2368002.0,0.587645,25.465999999999998,45.353
2376002.0,0.588942,25.7075,0.6293380000000001
2384002.0,0.591396,25.7987,4.48497
2392002.0,1.20131,25.8614,8.60787
2400002.0,1.52807,25.7683,12.4924
2408002.0,1.85222,25.5985,16.660999999999998
2414002.0,2.76658,25.3986,20.7405
2422002.0,4.70805,25.4243,29.3117
2430002.0,10.3123,25.763,32.2519
2438002.0,13.6785,25.7269,37.3966
2446002.0,14.5183,25.1679,41.9259
2454002.0,14.2804,24.6771,45.9766
2462002.0,15.8158,24.5961,0.625825
2470002.0,16.7208,24.4934,3.9866099999999998
2478002.0,18.6238,23.9645,7.9401600000000006
2486002.0,20.4152,24.0998,11.5544
2494002.0,21.9823,23.9132,14.6385
2502002.0,22.3521,23.7842,17.7591
2510002.0,24.6368,23.9337,21.9701
2518002.0,25.2338,24.0286,25.4806
2526002.0,27.3428,23.97,28.1388
2534002.0,29.1402,24.1297,31.4262
2542002.0,29.3085,24.166999999999998,35.9845
2550002.0,30.4251,24.0677,40.4935
2558002.0,32.6402,23.8119,43.5858
2566002.0,34.283,23.7256,47.2748
2574002.0,36.1373,23.5935,0.726055
2582002.0,36.4321,23.9068,3.7815300000000005
2590002.0,39.2746,23.9002,7.831810000000001
2598002.0,41.3391,24.1085,12.3326
2606002.0,41.768,24.1396,16.248
2614002.0,43.0627,24.3087,19.5
2622002.0,43.4791,24.214000000000002,23.6753
2630002.0,44.1965,23.7547,27.6516
2638002.0,44.8308,23.6776,30.9137
2646002.0,45.4975,23.6866,35.2101
2654002.0,46.6582,23.973000000000003,39.3393
2662002.0,46.8879,23.7488,42.8404
2670002.0,46.658,23.7142,47.8036
2678002.0,48.2075,23.910999999999998,3.2658099999999997
2686002.0,2.14206,22.964000000000002,6.727869999999999
2694002.0,3.9358800000000005,22.8462,7.488980000000001
2702002.0,4.3227199999999995,21.9293,10.5755
2710002.0,5.55769,21.9206,14.8449
2718002.0,6.774210000000001,21.9957,18.9647
2726002.0,7.966019999999999,22.4511,20.7037
2734002.0,8.72728,22.5704,24.3966
2742002.0,10.7236,22.5046,28.7267
2750002.0,12.4235,22.32,32.6546
2758002.0,13.1468,22.2722,36.7671
2766002.0,13.5524,22.421,41.6472
2774002.0,14.0034,21.8936,44.6589
2782002.0,15.0263,21.0148,48.2155
2790002.0,14.3384,20.7184,1.93945
2798002.0,14.2746,20.8287,6.11825
2806002.0,15.6525,20.6417,10.5658
2814002.0,15.7984,20.6645,15.3919
2822002.0,16.1975,20.3577,19.1838
2830002.0,17.3419,20.3809,21.276999999999997
2838002.0,17.9131,20.1058,24.0326
2846002.0,20.1839,19.8684,26.6999
2854002.0,21.0668,20.3291,31.1404
2862002.0,22.7387,20.7583,35.7716
2870002.0,23.1243,21.122,38.8859
2878002.0,23.2977,20.5363,41.3268
2886002.0,22.8789,20.7106,44.6842
2894002.0,23.4732,20.6753,47.7366
2902002.0,24.8233,20.618000000000002,1.82962
2910002.0,24.8317,20.9824,5.467969999999999
2918002.0,25.12,21.0525,8.16496
2926002.0,25.5915,21.2168,13.4085
2934002.0,26.4201,20.9585,18.1768
2942002.0,26.644000000000002,20.9942,22.9725
2950002.0,26.581999999999997,21.0674,27.1582
2958002.0,27.32,20.976999999999997,31.6502
2966002.0,27.8163,20.5041,36.037
2974002.0,28.0093,20.2212,39.1021
2982002.0,29.0291,19.9757,43.3322
2990002.0,29.2527,19.9416,46.7798
2998002.0,28.7055,19.5424,0.276945
3006002.0,27.4948,20.1361,2.9915700000000003
3014002.0,28.5487,20.2733,7.188789999999999
3022002.0,30.0928,20.586,10.0117
3030002.0,31.8657,20.3189,14.3135
3038002.0,31.9392,17.3913,16.0232
3046002.0,32.4035,18.227999999999998,20.2633
3054002.0,33.2392,18.5254,22.7323
3062002.0,33.6579,18.1953,25.0332
3070002.0,34.6142,18.8013,29.453000000000003
3078002.0,34.7578,18.8526,31.9343
3086002.0,34.8495,18.7189,35.0628
3094002.0,36.2793,18.2651,38.2636
3102002.0,37.1177,18.3173,41.2022
3110002.0,37.7919,18.0945,44.7472
3118002.0,38.863,18.2826,48.3534
3126002.0,39.7078,18.322,3.1036799999999998
3134002.0,40.6383,18.3941,7.269880000000001
3142002.0,40.9591,18.0034,10.7502
3150002.0,42.5965,18.2684,13.5396
3158002.0,45.393,18.274,16.3692
3166002.0,45.9482,18.3803,18.3341
3174002.0,47.4802,18.1639,19.8502
3182002.0,48.4222,17.7625,23.2109
3190002.0,0.732275,18.0838,26.4792
3198002.0,1.79708,18.3507,30.3782
3206002.0,3.9815400000000003,18.3071,33.8287
3214002.0,5.362480000000001,18.3795,36.7806
3222002.0,7.47235,18.5325,40.8058
3230002.0,9.75051,19.0161,44.9679
3238002.0,10.5379,18.9715,48.5937
3246002.0,11.4288,19.1894,2.5727900000000004
3254002.0,12.1278,19.6283,5.12171
3262002.0,12.972000000000001,19.7599,8.253969999999999
3270002.0,12.8513,19.6739,12.5049
3278002.0,13.082,19.5315,15.5477
3286002.0,14.0185,19.8191,18.4547
3294002.0,14.5108,19.6268,21.2914
3302002.0,15.0911,19.5636,26.5966
3310002.0,16.0162,19.3032,28.5888
3318002.0,16.21,18.6348,31.9854
3326002.0,17.6952,18.3198,36.0594
3334002.0,18.7362,18.0063,39.8129
3342002.0,20.0211,17.1449,44.2293
3350002.0,20.3944,17.2416,47.163999999999994
3358002.0,21.7672,17.611,1.01789
3366002.0,24.5588,18.0761,4.97026
3374002.0,25.7944,18.1327,9.15677
3382002.0,27.0736,18.3956,12.870999999999999
3390002.0,29.2747,18.8488,14.8577
3398002.0,30.5743,18.6289,19.1523
3406002.0,31.5009,19.0246,23.1293
3414002.0,34.4529,19.5634,27.1241
3422002.0,36.8676,19.8383,29.9683
3430002.0,38.9688,20.1993,33.6477
3438002.0,40.2143,20.4491,37.5393
3446002.0,40.5778,21.0788,40.1904
3454002.0,40.7028,21.0109,44.707
3462002.0,41.6345,21.3436,48.6863
3470002.0,41.3387,20.9518,2.43741
3478002.0,42.2729,20.7604,6.22703
3486002.0,42.25,20.9766,10.392000000000001
3494002.0,43.3918,20.5083,15.0387
3502002.0,43.0961,20.3981,19.1537
3510002.0,43.2885,19.9553,23.9274
3518002.0,43.3456,19.8308,27.2308
3526002.0,44.2321,20.0786,31.5569
3534002.0,43.7904,20.1632,34.9886
3542002.0,42.9667,19.8709,39.1025
3550002.0,43.0293,19.9162,42.3835
3558002.0,43.0307,20.0239,45.823
3566002.0,42.9031,19.9735,0.10545999999999998
3574002.0,42.7113,20.0764,4.62061
3582002.0,42.9332,20.0402,9.34366
3590002.0,43.5302,19.7277,13.5706
3598002.0,43.8579,19.4087,17.8491
3606002.0,44.7346,19.619,21.5991
3614002.0,45.7425,19.8815,24.4116
3622002.0,47.076,19.8052,27.2462
3630002.0,47.2939,19.7457,30.6735
3638002.0,47.6801,20.12,34.7798
3646002.0,48.9054,20.1665,38.9796
3654002.0,49.3137,20.1457,42.6433
3662002.0,0.9045639999999999,20.1103,46.2016
3670002.0,0.984302,20.3161,0.991585
3678002.0,1.35259,20.718000000000004,6.1211
3686002.0,2.30994,21.6456,11.9783
3694002.0,2.97365,21.6675,16.3535
3702002.0,3.6627,21.6888,21.5087
3710002.0,4.513240000000001,21.1842,25.6418
3718002.0,4.46047,21.1894,29.9092
3726002.0,4.20771,20.7225,33.9169
3734002.0,4.64885,20.5717,38.7064
3742002.0,6.03512,20.2852,41.6212
3750002.0,7.4717199999999995,20.4933,45.018
3758002.0,8.98732,20.6038,48.3589
3766002.0,10.9139,20.605999999999998,2.07412
3774002.0,13.2345,20.785999999999998,6.39755
3782002.0,14.0684,20.7479,9.59327
3790002.0,15.8225,20.7433,13.7476
3798002.0,16.3118,21.2133,17.0612
3806002.0,17.084,21.1582,21.2987
3814002.0,20.0303,21.4685,24.0859
3822002.0,20.403,21.4494,28.349
3830002.0,20.3375,21.5581,32.2106
3838002.0,20.3595,22.2097,36.6528
3846002.0,21.4554,22.3263,41.9496
3854002.0,22.0754,22.1194,46.7833
3862002.0,21.598000000000003,22.0849,1.8987900000000002
3870002.0,21.7737,22.1543,6.20124
3878002.0,21.5327,22.7668,10.7204
3886002.0,21.2411,23.7258,15.0659
3894002.0,21.5806,23.2447,19.1556
3902002.0,22.2988,22.9171,23.1577
3910002.0,22.8781,22.7397,27.3876
3918002.0,24.618000000000002,22.5226,32.33
3926002.0,26.2324,22.6933,35.7349
3934002.0,27.0204,22.6678,39.245
3942002.0,27.3095,22.6722,42.9238
3950002.0,27.9553,22.5525,47.1527
3958002.0,28.6963,22.6403,2.27409
3966002.0,29.814,22.7428,6.6799
3974002.0,30.8102,23.7506,10.4254
3982002.0,30.9761,25.468000000000004,12.382
3990002.0,33.6893,26.921999999999997,16.1719
3998002.0,35.6456,26.4891,19.9266
4006002.0,38.0956,27.1177,22.1239
4014002.0,39.4243,27.5625,26.0281
4022002.0,40.5653,27.8623,29.2928
4030002.0,40.7562,27.6804,33.2333
4038002.0,42.1136,27.7315,35.8796
4046002.0,43.8942,27.6127,39.1374
4054002.0,45.2764,27.6465,43.599
4062002.0,46.7391,27.5594,48.2603
4070002.0,46.7091,27.3804,1.34153
4078002.0,47.2213,27.2334,6.25226
4086002.0,47.9172,27.3405,10.4469
4094002.0,48.5758,27.3022,14.4154
4102002.0,48.9193,26.9938,18.8932
4110002.0,49.4213,26.5189,23.2052
4118002.0,0.867519,26.6985,27.3259
4126002.0,1.96195,26.6787,31.8822
4134002.0,2.22198,27.0431,34.8918
4142002.0,2.98176,27.1922,39.1709
4150002.0,4.99023,27.3213,43.4352
4158002.0,6.79237,27.6415,47.4717
4166002.0,7.22854,27.6441,1.78112
4174002.0,8.33181,27.653000000000002,6.26125
4182002.0,9.29074,27.660999999999998,10.3264
4190002.0,10.7102,27.6496,14.706
4198002.0,11.8086,27.3667,19.660999999999998
4206002.0,13.0122,27.2619,24.5184
4214002.0,14.3704,27.0379,29.9565
4222002.0,15.8299,27.0007,35.1029
4230002.0,17.7796,26.8179,39.4095
4238002.0,19.922,26.6723,44.9031
4246002.0,22.0526,26.4448,0.0951209
4254002.0,24.6614,26.2366,5.23493
4262002.0,25.9355,26.2452,10.0099
4270002.0,26.7098,26.4361,13.8857
4278002.0,27.8452,26.1411,18.6
4286002.0,29.2312,26.2036,23.5907
4294002.0,29.9893,26.3527,28.085
4302002.0,31.1833,26.1401,32.1928
4310002.0,32.3043,26.0808,37.1796
4318002.0,32.2318,26.0548,41.137
4326002.0,32.5026,27.2189,45.0006
4334002.0,32.9096,27.3057,48.4393
4342002.0,33.6264,27.5138,3.1549
4350002.0,34.1086,27.647,7.41708
4358002.0,34.0136,27.3362,11.6301
4366002.0,34.9448,27.4907,14.8532
4374002.0,35.2622,28.0608,18.7237
4382002.0,35.6198,28.2622,22.9021
4390002.0,36.4644,27.7887,27.6823
4398002.0,36.8383,27.8014,34.0507
4406002.0,37.6796,27.9793,38.6766
4414002.0,37.4592,28.4056,43.1908
4422002.0,37.6623,28.9247,47.598
4430002.0,37.2623,28.9201,2.7596700000000003
4438002.0,37.183,28.7951,7.44296
4446002.0,37.0234,28.6264,11.0651
4454002.0,37.3747,29.2808,15.8573
4462002.0,37.9772,28.8319,20.4103
4470002.0,39.5273,28.7045,24.8663
4478002.0,40.5177,28.6648,28.5301
4486002.0,41.5044,28.2633,32.4166
4494002.0,42.3129,28.5942,35.9648
4502002.0,44.0369,27.7943,39.6236
4510002.0,43.8853,27.8328,42.608999999999995
4518002.0,44.015,27.7865,44.9985
4526002.0,44.626000000000005,27.6262,49.0301
4534002.0,45.6532,27.2988,2.14494
4542002.0,45.9309,27.1403,5.254919999999999
4550002.0,46.9598,27.0025,8.44546
4558002.0,48.2701,26.9815,12.5621
4566002.0,48.614,26.9974,16.727999999999998
4574002.0,0.8500709999999999,27.611,20.6982
4582002.0,2.6586,28.0704,24.6081
4590002.0,5.06315,28.0434,27.6572
4598002.0,7.263730000000001,28.371,32.4088
4606002.0,9.47048,28.7876,35.4334
4614002.0,10.7004,28.8458,38.5667
4622002.0,11.4611,29.0188,41.7302
4630002.0,13.6548,29.2001,44.5943
4638002.0,15.2758,29.3968,47.2224
4646002.0,16.0639,29.3209,1.31889
4654002.0,17.2221,30.135,5.31321
4662002.0,18.9539,30.1398,8.798969999999999
4670002.0,19.3536,30.08,12.9024
4678002.0,19.2462,29.8555,16.754
4686002.0,21.3661,30.1085,20.993000000000002
4694002.0,22.3993,29.9217,25.8855
4702002.0,24.4807,29.0191,28.7006
4710002.0,25.6873,28.8663,31.4937
4718002.0,26.5955,28.1154,34.836
4726002.0,26.3197,27.6986,38.5934
4734002.0,28.2615,27.4225,40.5019
4742002.0,29.3424,27.3236,43.4147
4750002.0,29.73,27.3171,47.0663
4758002.0,30.3795,27.2255,0.514281
4760002.0,30.2128,27.4425,1.22556
4768002.0,30.1724,27.5352,5.64654
4776002.0,32.5391,27.2005,7.59467
4784002.0,34.6896,27.1368,11.6226
4792002.0,35.7817,27.0933,14.7618
4800002.0,37.0037,26.5282,18.4271
4808002.0,37.9447,26.5334,22.3114
4816002.0,40.4093,26.316,25.7861
4824002.0,43.6467,27.0785,29.1013
4832002.0,45.977,28.0761,33.8457
4840002.0,47.2546,28.5854,38.7017
4848002.0,48.6516,28.5877,42.8039
4856002.0,1.56205,28.478,47.7898
4864002.0,1.59684,28.6664,3.71003
4872002.0,5.0799,29.2373,8.4682
4880002.0,4.7372,29.1987,11.9037
4888002.0,5.51969,29.5819,15.8487
4896002.0,7.99055,29.6525,20.1631
4904002.0,9.88572,29.8026,23.37
4912002.0,10.5518,29.455,27.3828
4920002.0,14.5001,29.588,31.2868
4928002.0,16.7382,29.7576,35.0376
4936002.0,17.9866,29.978,39.6666
4944002.0,18.1814,30.7152,43.3903
4952002.0,19.6079,31.3542,47.6059
4960002.0,19.5286,31.2861,2.62603
4968002.0,19.9337,30.84,6.45901
4976002.0,20.9552,30.9209,10.6645
4984002.0,21.2679,30.7717,15.1264
4992002.0,22.4607,31.195999999999998,18.616
5000002.0,23.5476,31.0422,23.0232
5008002.0,23.5941,30.9057,27.5704
5016002.0,24.1277,30.8489,30.8745
5024002.0,23.9826,30.2909,34.423
5032002.0,24.1434,29.85,38.1846
5040002.0,25.0634,30.0953,42.6912
5048002.0,25.5161,30.473000000000003,46.1151
5056002.0,27.0078,31.0725,1.8859099999999998
5064002.0,29.1111,31.3523,6.41254
5072002.0,30.7939,31.7339,10.6432
5080002.0,32.3982,31.5391,15.568
5088002.0,34.037,31.4266,21.0528
5096002.0,36.4846,31.5249,26.0099
5104002.0,38.056,31.2421,31.3142
5112002.0,38.9251,31.4987,36.1915
5120002.0,39.6334,32.0933,41.4814
5128002.0,41.0804,31.816999999999997,47.088
5136002.0,41.36,31.5599,1.92533
5144002.0,42.4438,31.0893,7.21777
5152002.0,43.1741,30.3746,12.4562
5160002.0,44.6175,30.2308,17.8263
5168002.0,45.3241,29.7772,23.2862
5176002.0,46.3861,29.1276,27.9746
5184002.0,46.9122,28.5259,31.866999999999997
5192002.0,47.7065,27.9273,35.6059
5200002.0,48.3655,27.7003,40.0941
5208002.0,0.102163,27.4096,44.2149
5216002.0,1.37586,26.7261,48.4781
5224002.0,2.5694,26.6795,2.8832299999999997
5232002.0,3.69697,26.7767,7.76733
5240002.0,4.61878,26.4056,12.0129
5248002.0,5.6067800000000005,26.3624,15.5701
5256002.0,6.18086,26.3831,18.5683
5264002.0,7.304939999999999,26.3932,22.7123
5272002.0,8.99282,26.3234,27.0502
5280002.0,10.7694,26.2277,31.9669
5288002.0,11.1034,26.5215,35.6014
5296002.0,12.9121,26.4061,39.7381
5304002.0,14.0821,26.248,44.0653
5312002.0,17.1128,25.9497,48.391999999999996
5320002.0,17.1423,25.6485,3.0722
5328002.0,17.7062,25.0859,6.29805
5336002.0,18.9367,24.7283,10.6063
5344002.0,20.1312,24.2502,14.1785
5352002.0,20.4327,23.7094,18.0026
5360002.0,20.9956,23.7019,20.7728
5368002.0,22.0535,23.9569,25.1145
5376002.0,22.366,24.3076,28.5325
5384002.0,24.1458,24.5933,33.0546
5392002.0,24.0249,24.1523,35.8366
5400002.0,24.5696,24.2371,39.3974
5408002.0,25.094,24.151,42.6212
5416002.0,25.9569,24.4961,46.50899999999999
5424002.0,26.6922,24.6015,0.35386999999999996
5432002.0,27.5487,24.9338,2.99238
5440002.0,29.2221,25.2169,5.32613
5448002.0,30.0078,25.596999999999998,9.20155
5456002.0,30.6094,25.7424,13.2812
5464002.0,31.4971,25.7699,17.0805
5472002.0,32.0275,26.5297,21.2697
5480002.0,33.633,26.6196,25.0529
5488002.0,34.7882,26.4505,28.4773
5496002.0,36.0152,26.3656,32.6689
5504002.0,36.2724,26.4092,37.1184
5512002.0,37.3011,25.9267,41.0395
5520002.0,38.1554,25.4732,45.0149
5528002.0,39.9143,24.9781,48.6602
5536002.0,40.5554,25.4097,2.35868
5544002.0,41.3858,25.5241,6.86612
5552002.0,42.4676,25.3732,10.5854
5560002.0,43.501999999999995,25.3127,15.0023
5568002.0,44.9797,25.9204,18.5928
5576002.0,46.0132,25.5201,21.9705
5584002.0,46.6745,25.0553,26.3658
5592002.0,47.1458,25.3803,30.7561
5600002.0,47.1878,25.0403,34.6178
5608002.0,47.7475,24.8061,38.0429
5616002.0,49.0394,24.4623,41.746
5624002.0,0.144501,24.4049,45.5073
5632002.0,1.4625,24.5307,0.0684796
5640002.0,3.35325,24.7015,4.38232
5648002.0,4.734030000000001,24.8752,8.83287
5656002.0,5.01917,25.0509,13.2105
5664002.0,5.48498,25.0091,17.544
5672002.0,6.42526,24.9027,21.145
5680002.0,6.7596300000000005,24.958000000000002,24.3471
5688002.0,7.0151,24.8979,27.2338
5696002.0,7.57936,24.7643,29.8386
5704002.0,8.1119,24.605,34.3765
5712002.0,8.536430000000001,24.8378,38.2497
5720002.0,8.51431,24.8285,42.1653
5728002.0,9.538730000000001,24.9905,45.2533
5736002.0,9.78439,25.0516,49.0336
5744002.0,10.5128,24.968000000000004,5.12779
5752002.0,11.7611,24.8859,10.2048
5760002.0,12.1594,25.0262,13.7477
5768002.0,13.4704,25.4638,17.3574
5776002.0,15.495,25.2544,22.8868
5784002.0,15.869000000000002,24.9393,28.0962
5792002.0,16.5955,24.8909,32.5153
5800002.0,17.6365,24.8294,38.3379
5808002.0,19.0501,24.9246,42.5542
5816002.0,21.4751,24.7041,46.9721
5824002.0,21.9901,24.7214,0.126423
5832002.0,22.4179,24.9386,2.94292
5840002.0,22.7512,25.0728,6.8650899999999995
5848002.0,24.2028,25.3687,9.66878
5856002.0,24.9274,25.4599,13.7098
5864002.0,26.601999999999997,25.0532,16.9813
5872002.0,27.4187,24.6346,21.1968
5880002.0,28.6663,24.6017,25.6868
5888002.0,29.4201,24.4918,30.2475
5896002.0,31.7312,24.0487,33.6143
5904002.0,33.4605,23.8855,37.4985
5912002.0,34.5561,23.1755,41.9579
5920002.0,35.1276,22.6431,46.2656
5928002.0,35.9561,22.5502,1.2945200000000001
5936002.0,36.1797,22.9789,5.65295
5944002.0,36.2831,23.0182,9.80695
5952002.0,36.7961,22.5538,13.687999999999999
5960002.0,37.5624,22.5126,17.9461
5968002.0,38.1254,22.8081,21.623
5976002.0,38.6993,22.9821,25.9966
5984002.0,39.7962,23.2909,29.2013
5992002.0,40.1117,23.296,33.655
6000002.0,40.8814,23.1246,37.7142
6008002.0,40.7725,23.5673,41.342
6016002.0,41.5699,24.068,44.3027
6024002.0,41.6628,24.0404,49.262
6032002.0,42.0743,24.2337,3.8334300000000003
6040002.0,42.4535,25.0458,7.91073
6048002.0,42.7859,25.2943,12.2369
6056002.0,44.2255,26.3065,16.2453
6064002.0,44.7914,26.8372,21.2429
6072002.0,45.4369,26.1541,25.8245
6080002.0,46.5832,25.8298,30.3777
6088002.0,47.1083,27.0771,33.1639
6096002.0,48.6922,25.1433,35.8069
6104002.0,47.9245,19.874000000000002,40.4027
6112002.0,48.8404,20.3568,44.9734
6120002.0,0.574263,20.5566,48.51
6128002.0,1.0371700000000001,20.4141,3.43931
6136002.0,1.9362599999999999,20.1238,7.034489999999999
6144002.0,2.38844,19.9422,10.9365
6152002.0,2.9152099999999996,19.7718,14.0851
6160002.0,3.39731,19.1643,17.8986
6168002.0,4.211469999999999,19.0218,22.0699
6176002.0,4.91959,18.3647,26.0806
6184002.0,5.43858,18.3283,30.133000000000003
6192002.0,6.12571,18.162,32.8243
6200002.0,7.0994600000000005,18.1644,36.9
6208002.0,8.481710000000001,17.97,40.7728
6216002.0,9.800510000000001,17.5254,45.3685
6224002.0,10.1339,17.159000000000002,49.1908
6232002.0,11.6588,17.0716,4.25429
6240002.0,12.1292,16.9593,9.23815
6248002.0,13.2947,16.492,12.9237
6256002.0,15.4522,16.6501,15.8821
6264002.0,17.0311,16.9363,18.8961
6272002.0,18.2544,17.2577,22.1911
6280002.0,18.8282,17.5704,26.0172
6288002.0,19.0033,17.6059,29.9576
6296002.0,19.83,17.8235,33.1187
6304002.0,20.9603,18.1656,36.927
6312002.0,22.4452,18.4013,40.424
6320002.0,24.2803,18.2818,43.6037
6328002.0,26.63,18.7997,47.4807
6336002.0,28.4173,18.5247,0.787243
6344002.0,28.2295,19.5659,5.17013
6352002.0,28.2268,20.6244,9.57882
6360002.0,28.9032,21.2333,13.4735
6368002.0,29.5258,21.5731,18.4533
6376002.0,29.8993,21.8607,23.0296
6384002.0,30.3766,22.0396,27.7964
6392002.0,30.7171,22.0742,31.8653
6400002.0,30.8536,22.2254,36.1875
6408002.0,31.3516,22.0081,41.023999999999994
6416002.0,31.9496,21.6642,44.6754
6424002.0,31.8892,21.576,48.4266
6432002.0,31.9613,21.2205,2.29944
6440002.0,32.0975,20.9458,5.40327
6448002.0,32.6767,21.0348,9.09845
6456002.0,33.8472,21.165,12.1887
6464002.0,34.6794,21.4037,15.2373
6472002.0,35.0846,20.8588,19.8356
6480002.0,35.7362,20.4808,23.1553
6488002.0,36.5919,20.4601,26.4996
6496002.0,36.5744,20.0339,29.8628
6504002.0,37.7678,19.4058,33.5198
6512002.0,38.1726,18.9474,37.4221
6520002.0,38.7351,19.3057,41.1515
6528002.0,38.7548,19.4285,45.2697
6536002.0,38.8957,19.3903,0.453502
6544002.0,38.9219,19.9927,3.0183299999999997
6552002.0,39.2853,20.3326,5.6648
6560002.0,40.0132,20.2818,9.118219999999999
6568002.0,41.0743,20.7552,11.6267
6576002.0,42.3959,21.0567,15.2926
6584002.0,43.6856,21.0288,19.2717
6592002.0,44.3683,20.9403,23.1626
6600002.0,45.3444,21.2856,26.6515
6608002.0,46.1676,21.0939,30.7125
6616002.0,47.2434,20.6649,33.5824
6624002.0,49.1971,21.0459,36.5138
6632002.0,1.09578,20.789,40.5316
6640002.0,1.15255,20.9017,44.833999999999996
6648002.0,2.10006,20.65,48.4501
6656002.0,4.10956,20.6485,2.8305599999999997
6664002.0,5.46307,20.3384,5.82536
6672002.0,6.776089999999999,20.3984,9.4582
6680002.0,7.455,20.2859,13.1166
6688002.0,7.6174100000000005,20.0119,17.1486
6696002.0,9.5394,20.0736,20.4231
6704002.0,11.2599,20.285,24.2111
6712002.0,12.8876,20.6034,27.4897
6720002.0,14.3031,21.0046,30.0628
6728002.0,15.2431,20.4956,32.5629
6736002.0,15.8139,21.0625,36.2907
6744002.0,16.3638,20.968000000000004,40.1895
6752002.0,18.7143,20.5851,43.9779
6760002.0,19.1133,20.6318,47.4893
6768002.0,19.4817,20.8203,1.10095
6776002.0,19.9219,21.6197,4.80243
6784002.0,20.8357,21.8356,8.93878
6792002.0,21.3406,21.889,11.7674
6800002.0,21.973000000000003,21.975,15.0486
6808002.0,22.5607,21.5833,18.5092
6816002.0,22.5553,21.5921,21.8161
6824002.0,23.3318,21.8374,25.2333
6832002.0,24.5124,21.842,29.1369
6840002.0,24.7112,21.8448,32.7926
6848002.0,25.7022,21.7821,35.958
6856002.0,26.0467,21.9535,39.2952
6864002.0,26.3705,22.3068,42.8101
6872002.0,27.0394,22.1958,46.2155
6880002.0,28.7002,21.5494,0.553589
6888002.0,29.6786,21.9453,5.57346
6896002.0,31.4324,21.9499,8.65943
6904002.0,32.5987,22.0289,12.1131
6912002.0,34.5588,22.9376,16.3963
6920002.0,36.2697,22.8065,20.7422
6928002.0,37.9908,22.6934,24.8324
6936002.0,38.8301,22.3651,27.9235
6944002.0,41.0822,22.0994,31.7886
6952002.0,44.0431,21.8859,34.6069
6960002.0,45.8076,22.0927,37.111999999999995
6968002.0,46.8865,21.9172,40.699
6976002.0,48.5062,21.9235,44.4082
6984002.0,49.1419,21.8906,48.1418
6992002.0,0.6772640000000001,21.8669,2.75738
7000002.0,1.787,21.7103,5.625290000000001
7008002.0,3.2671200000000002,21.6286,8.57671
7016002.0,3.97274,22.1402,11.8753
7024002.0,4.29956,22.6618,14.9898
7032002.0,4.9526699999999995,23.1062,18.7245
7040002.0,5.80093,23.6274,22.2877
7048002.0,6.65322,23.5578,25.7754
7056002.0,8.2171,23.8892,29.7781
7064002.0,10.8471,24.4863,33.0409
7072002.0,12.2629,24.5047,36.9763
7080002.0,13.399000000000001,24.459,40.373000000000005
7088002.0,14.2158,24.5766,43.3798
7096002.0,14.2994,24.6951,46.4047
7104002.0,15.1563,24.4264,48.9987
7112002.0,15.7154,24.8587,4.649719999999999
7120002.0,18.2911,24.6345,8.6595
7128002.0,18.9839,24.7084,12.2072
7136002.0,20.6038,24.1669,16.0127
7144002.0,20.4751,24.0459,19.8291
7152002.0,21.1277,23.8906,24.2463
7160002.0,22.1436,23.7736,28.7025
7168002.0,22.9486,23.785,31.3293
7176002.0,23.7383,23.1413,35.5206
7184002.0,25.7425,22.9431,38.6598
7192002.0,25.3002,23.6864,43.9601
7200002.0,26.9818,23.2486,48.8266
7204002.0,26.7236,22.9005,0.380415
7212002.0,28.4733,23.4509,4.30427
7220002.0,30.1351,23.2722,7.7824100000000005
7228002.0,30.6605,22.8997,10.8873
7236002.0,30.9311,22.6877,14.2897
7244002.0,31.1625,22.4602,18.7725
7252002.0,31.1954,22.4464,22.633000000000003
7260002.0,30.8762,22.1986,26.1806
7268002.0,30.0104,22.5052,30.6229
7276002.0,30.971,22.5248,33.7084
7284002.0,30.991,23.2713,37.5861
7292002.0,32.8615,23.2614,41.0021
7300002.0,34.5596,23.2038,43.3897
7308002.0,35.0068,23.3376,46.2399
7316002.0,36.0741,23.160999999999998,48.8758
7324002.0,35.3928,22.7485,2.55823
7332002.0,35.4671,22.4038,6.799930000000001
7340002.0,35.7357,22.4331,9.56686
7348002.0,35.994,22.0517,12.4507
7356002.0,36.2454,21.6775,14.8507
7364002.0,37.7083,22.1571,17.6205
7372002.0,38.1355,22.2558,20.2568
7380002.0,38.3645,22.4728,22.9609
7388002.0,38.6496,23.2125,27.0871
7396002.0,39.3233,23.5464,30.4345
7404002.0,39.8011,22.9796,33.8366
7412002.0,40.4826,23.6247,37.9258
7420002.0,41.211000000000006,22.8733,41.6316
7428002.0,41.9314,22.462,45.3703
7436002.0,42.4892,22.8289,49.4824
7444002.0,43.25899999999999,22.7212,3.49926
7452002.0,44.0507,23.5003,8.52861
7460002.0,44.1315,23.680999999999997,12.587
7468002.0,44.9818,23.5316,17.2951
7476002.0,45.6347,23.3027,20.0237
7484002.0,46.7053,23.3909,23.3097
7492002.0,46.3006,22.5716,25.6442
7500002.0,46.8707,22.2979,29.8037
7508002.0,47.7749,22.3406,32.718
7516002.0,48.7802,22.4287,36.514
7524002.0,49.1722,22.2633,40.3931
7532002.0,1.53534,20.9602,44.247
7540002.0,2.66169,21.2158,47.2967
7548002.0,3.01017,21.2288,47.8144
7556002.0,3.36,21.1063,2.1247
7564002.0,3.12272,20.8101,4.2979199999999995
7572002.0,3.9711,20.7315,7.147010000000001
7580002.0,4.586130000000001,20.9642,10.4708
7588002.0,3.6857900000000003,20.6799,14.2969
7596002.0,4.35299,19.6981,17.0813
7604002.0,5.03519,20.3602,20.4347
7612002.0,5.28373,21.1642,25.1957
7620002.0,5.1485,20.7856,28.500999999999998
7628002.0,5.88417,20.8628,32.3045
7636002.0,6.916110000000001,21.0083,35.3154
7644002.0,7.38461,20.583000000000002,38.3832
7652002.0,8.35957,21.0962,41.4987
7660002.0,8.84682,21.1541,45.1789
7668002.0,11.3874,21.4018,49.4157
7676002.0,11.1124,22.0471,4.22652
7684002.0,11.4549,21.9857,7.92277
7692002.0,13.7178,21.5921,12.2796
7700002.0,14.2278,21.1916,14.8652
7708002.0,14.6553,20.8753,18.4956
7716002.0,15.6313,20.6927,22.6217
7724002.0,16.6933,20.6176,25.6416
7732002.0,18.4862,20.458,29.4663
7740002.0,21.0182,20.9408,33.4106
7748002.0,21.7858,20.9732,36.9148
7756002.0,23.3428,20.561,39.5842
7764002.0,24.4967,20.4475,43.1381
7772002.0,25.4144,19.9276,46.7355
7780002.0,27.4989,18.8863,0.739201
7788002.0,27.4523,18.5207,4.93935
7796002.0,28.4236,18.2348,8.30874
7804002.0,29.0515,17.9454,11.5756
7812002.0,29.2321,18.3069,15.0484
7820002.0,29.9118,17.6876,18.3098
7828002.0,30.3073,17.3826,22.5505
7836002.0,30.4439,17.9809,27.2496
7844002.0,30.6752,17.9847,30.3654
7852002.0,30.414,18.2006,34.7188
7860002.0,31.5593,17.4098,37.1923
7868002.0,32.569,17.0006,40.8613
7876002.0,33.6082,16.8118,44.2125
7884002.0,36.2964,16.734,47.813
7892002.0,37.8463,16.6974,1.6725299999999999
7900002.0,38.6218,15.9942,4.46892
7908002.0,39.9335,15.3693,7.01492
7916002.0,39.3461,15.0886,9.7217
7924002.0,38.2035,14.5701,11.7195
7932002.0,41.2128,15.8563,11.8332
7940002.0,36.7753,15.0448,12.4558
7948002.0,36.3935,13.9715,13.7495
7956002.0,36.1406,14.4902,14.7103
7964002.0,35.8647,14.5041,17.1142
7972002.0,35.7139,14.5617,19.2164
7980002.0,35.5623,14.2931,21.8841
7988002.0,35.9143,14.4578,23.9814
7996002.0,35.5095,14.4528,24.9803
