2.0,5.27524,23.8332,28.0805
8002.0,11.2797,24.1075,30.6745
16002.0,12.7416,24.5821,34.88
24002.0,12.4356,24.6045,39.0122
32002.0,12.68,24.3088,42.1611
40002.0,13.3677,24.0787,45.8211
48002.0,14.0598,23.9394,0.173085
56002.0,13.7529,23.6735,4.24906
64002.0,12.6667,23.1057,6.41845
72002.0,13.3305,22.7804,8.74669
80002.0,13.4289,22.87,10.8802
88002.0,13.8019,22.7918,14.8047
96002.0,14.6841,22.5946,18.0415
104002.0,15.4311,21.6807,21.0357
112002.0,16.2904,21.4626,22.2506
120002.0,16.7636,21.0327,24.4594
128002.0,17.4661,20.7366,27.7218
136002.0,19.4607,20.7191,31.4485
144002.0,20.8873,20.9217,33.8291
152002.0,23.2984,20.8436,35.6631
160002.0,27.7067,20.9736,36.9023
168002.0,28.7464,21.0248,38.5766
176002.0,27.9651,20.8103,41.8635
184002.0,27.5152,20.6437,44.2399
192002.0,27.5944,20.9222,47.8029
200002.0,28.2457,20.9823,2.17346
208002.0,29.7863,21.1401,5.74327
216002.0,30.9495,21.0185,10.7592
224002.0,31.3814,20.6472,15.2946
232002.0,32.7638,20.6051,21.0174
240002.0,34.3169,21.0072,25.6274
248002.0,35.0586,21.0521,29.7016
256002.0,36.3078,20.625999999999998,33.9493
264002.0,37.4073,19.8831,37.6938
272002.0,40.0106,20.1556,41.3437
280002.0,41.6405,19.5358,44.1772
288002.0,42.5338,19.1773,47.994
296002.0,42.95,19.4574,2.18133
304002.0,44.1871,19.1472,5.62493
312002.0,45.8373,18.7203,8.684460000000001
320002.0,48.1092,18.3695,11.8126
328002.0,0.730801,18.0649,14.998
336002.0,2.4422599999999997,17.8596,18.2592
344002.0,3.6488300000000002,17.5543,21.2167
352002.0,4.76694,17.7778,23.798000000000002
360002.0,6.37127,17.9101,26.5285
368002.0,7.81428,18.3486,28.0863
376002.0,8.026810000000001,18.9562,31.0598
384002.0,10.1351,19.2946,33.5039
392002.0,10.4311,19.5164,38.5055
400002.0,10.7426,19.9528,42.3891
408002.0,11.3635,20.1048,46.6028
416002.0,11.3678,19.69,0.34868499999999997
424002.0,11.9802,19.4297,4.50319
432002.0,12.6973,19.1755,7.7592300000000005
440002.0,13.6609,18.762999999999998,12.1606
448002.0,14.5876,18.1211,15.3671
456002.0,15.2628,18.0442,17.4629
464002.0,14.425,17.7921,17.5371
472002.0,17.1525,19.2556,25.9161
480002.0,19.7818,18.9164,30.0833
488002.0,21.1953,18.7433,33.2948
496002.0,23.4962,18.3012,36.1675
504002.0,24.1673,18.0476,39.516999999999996
512002.0,24.5907,18.1698,43.617
520002.0,25.5605,18.093,46.504
528002.0,25.8905,18.1777,1.17303
536002.0,27.2185,17.9505,4.45644
544002.0,30.0088,18.4742,7.33533
552002.0,32.6434,18.9759,9.73862
560002.0,34.1461,18.9992,12.4121
568002.0,35.5083,18.6289,15.5094
576002.0,35.7689,19.1437,19.6099
584002.0,36.5657,18.7605,23.9982
592002.0,37.5318,18.4618,26.4084
600002.0,38.0909,18.3619,29.7696
608002.0,38.9373,18.0964,32.3433
616002.0,40.582,18.1601,36.3766
624002.0,41.2569,18.1686,40.1809
632002.0,41.5067,18.5226,44.3884
640002.0,42.1833,18.9168,48.0303
648002.0,42.7846,19.0863,0.652576
656002.0,43.6801,18.4861,4.45124
664002.0,43.8156,19.137999999999998,7.56595
672002.0,44.2331,19.783,11.843
680002.0,44.7141,19.9725,15.2443
688002.0,45.5966,20.3863,19.2352
696002.0,46.1516,20.7952,22.2194
704002.0,46.5824,20.7906,26.9671
712002.0,47.1501,21.0456,31.1113
720002.0,48.0818,21.3678,34.1436
728002.0,48.1693,21.3981,37.2585
736002.0,47.766000000000005,21.7675,39.7548
744002.0,47.7023,22.636999999999997,42.5055
752002.0,48.4348,23.6412,46.2971
760002.0,49.2165,23.8134,1.20225
768002.0,48.8736,24.3834,4.92697
776002.0,48.8895,24.6025,11.0178
784002.0,47.7251,24.7992,14.1137
792002.0,49.0303,24.983,17.7785
800002.0,48.8733,25.3897,21.9897
808002.0,49.1849,25.8491,25.5876
816002.0,49.4494,26.1472,29.8582
824002.0,0.383922,26.4469,33.4704
832002.0,1.44741,26.5524,37.715
840002.0,1.29441,26.2146,40.9945
848002.0,2.36307,26.6846,44.8226
856002.0,4.34077,26.7746,48.4547
864002.0,5.68846,26.8067,2.8818799999999998
872002.0,5.48084,26.9429,6.75755
880002.0,5.88164,26.7872,10.9056
888002.0,7.16718,26.7982,14.9335
896002.0,8.54003,26.6499,18.9707
904002.0,9.32735,26.9022,23.1346
912002.0,9.73625,27.3282,26.4539
920002.0,11.6714,27.364,30.7586
928002.0,11.8758,27.738000000000003,35.5601
936002.0,12.513,27.1805,38.4629
944002.0,12.8174,27.2618,41.4372
952002.0,15.1117,27.5243,45.4372
960002.0,15.6981,27.5357,49.2128
968002.0,16.2397,28.1025,3.80849
976002.0,17.2228,27.9988,8.390419999999999
984002.0,17.9067,28.0391,12.6919
992002.0,18.0684,28.0297,15.7178
1000002.0,18.9742,28.1195,19.2851
1008002.0,20.2331,28.1985,23.2855
1016002.0,20.4899,28.4752,27.6314
1024002.0,21.7541,28.5751,31.8884
1032002.0,21.7799,28.901,35.5072
1040002.0,22.673000000000002,28.4009,40.6516
1048002.0,22.7576,28.4473,45.0784
1056002.0,22.5454,28.2843,48.615
1064002.0,23.2219,28.6914,4.761019999999999
1072002.0,24.3229,29.154,9.48299
1080002.0,24.7015,28.9218,13.7714
1088002.0,25.7746,29.1536,17.2324
1096002.0,26.7771,29.344,21.1189
1104002.0,27.6315,29.6565,25.7142
1112002.0,27.3842,29.9396,30.836
1120002.0,27.8037,29.904,34.8606
1128002.0,27.514,30.211,39.6438
1136002.0,28.9046,30.1454,44.5661
1144002.0,29.9929,30.1718,48.232
1152002.0,30.6571,30.15,2.9664200000000003
1160002.0,30.9521,30.2894,8.16355
1168002.0,31.467,30.4071,12.3047
1176002.0,31.9383,30.7098,17.1344
1184002.0,32.3165,30.7502,21.843000000000004
1192002.0,32.7399,30.6921,25.9321
1200002.0,33.3101,30.587,29.693
1208002.0,34.5274,30.6178,34.8759
1216002.0,35.6752,31.3154,39.3035
1224002.0,36.2007,31.2595,45.0794
1232002.0,36.5508,31.5386,0.352207
1240002.0,36.8071,31.8539,4.97537
1248002.0,37.4293,32.1064,10.5653
1256002.0,38.2644,32.1391,14.4971
1264002.0,39.0055,32.4861,18.9614
1272002.0,39.4042,32.4,24.0553
1280002.0,41.428999999999995,32.3734,28.4428
1288002.0,41.8967,32.6531,31.9653
1296002.0,41.919,32.6746,36.6433
1304002.0,43.2647,32.7717,41.1135
1312002.0,43.6769,32.8408,45.836000000000006
1320002.0,44.7501,32.9639,0.620622
1328002.0,45.5355,33.0909,4.6646
1336002.0,46.3228,33.1033,9.05105
1344002.0,46.7756,33.3409,13.0502
1352002.0,47.0229,33.2567,18.7891
1360002.0,46.7718,33.5084,23.7548
1368002.0,47.4119,33.39,28.3452
1376002.0,47.821000000000005,33.271,33.4186
1384002.0,48.1773,33.4131,37.6469
1392002.0,48.5149,33.8433,42.7575
1400002.0,0.31067100000000003,34.0591,47.7058
1408002.0,0.569811,34.3065,2.65321
1416002.0,1.11084,34.3021,7.27968
1424002.0,1.3961,34.0783,12.6439
1432002.0,2.1448,34.2375,17.5707
1440002.0,3.73262,34.4015,22.4291
1448002.0,4.18824,34.3997,26.5292
1456002.0,5.30339,34.504,30.697
1464002.0,5.85596,34.9333,35.0883
1472002.0,6.21224,35.3749,39.4369
1480002.0,7.36021,35.3855,43.7479
1488002.0,7.2144,35.7853,47.5049
1496002.0,7.26005,35.7881,2.14934
1504002.0,8.18613,35.8107,6.998639999999999
1512002.0,9.46773,36.04,12.5322
1520002.0,9.74953,35.8588,17.3337
1528002.0,10.652000000000001,35.908,22.5178
1536002.0,10.947000000000001,35.7299,27.0264
1544002.0,11.5954,35.7258,31.6959
1552002.0,13.3794,35.8726,35.3261
1560002.0,14.1919,35.7777,39.9681
1568002.0,14.6747,35.4889,44.2971
1576002.0,14.6257,35.6051,49.2067
1584002.0,15.3009,35.3598,4.40281
1592002.0,15.3239,35.2312,8.99598
1600002.0,15.8345,35.527,13.6615
1608002.0,16.253,35.9762,18.6222
1616002.0,16.5585,36.0226,22.8993
1624002.0,16.7709,36.2169,27.5535
1632002.0,16.6115,36.3423,32.1555
1640002.0,17.3498,36.2995,37.0603
1648002.0,18.2254,36.424,41.0635
1656002.0,18.0755,36.5786,45.8145
1664002.0,18.6303,36.6659,0.972641
1672002.0,19.4198,36.556,5.41524
1680002.0,19.7276,36.6022,10.4375
1688002.0,19.7331,36.9472,15.4021
1696002.0,19.6227,37.0129,20.1023
1704002.0,19.9293,36.8071,25.4152
1712002.0,19.6657,36.8155,30.2723
1720002.0,20.3735,36.6346,34.7264
1728002.0,20.5634,36.7384,38.4079
1736002.0,20.6532,36.592,42.8863
1744002.0,20.6914,36.6151,46.8639
1752002.0,20.3601,36.6026,1.45246
1760002.0,20.44,36.9653,5.9267199999999995
1768002.0,20.7943,36.7189,10.4264
1776002.0,21.1846,36.9481,15.1612
1784002.0,21.1269,37.1697,19.426
1792002.0,21.243000000000002,36.8668,23.9067
1800002.0,22.0869,36.8811,28.6721
1808002.0,23.1615,36.6118,33.3782
1816002.0,23.8889,36.6753,37.0696
1824002.0,23.8647,36.818000000000005,41.7511
1832002.0,24.1617,37.0047,45.9958
1840002.0,25.6383,37.0844,0.32719699999999996
1848002.0,25.9324,36.9076,4.48431
1856002.0,26.406999999999996,36.7681,8.72717
1864002.0,26.6142,36.5459,13.1348
1872002.0,27.0757,36.5857,17.6639
1880002.0,28.3974,36.7508,22.3579
1888002.0,30.326,36.4872,26.6412
1896002.0,31.0764,36.5416,30.8761
1904002.0,31.8085,36.1002,35.5626
1912002.0,31.8936,36.2056,40.3301
1920002.0,31.7782,36.0893,45.49
1928002.0,32.477,36.4706,0.432457
1936002.0,32.777,37.0856,4.98534
1944002.0,33.259,37.043,9.984869999999999
1952002.0,33.3405,37.0559,14.4412
1960002.0,33.4776,37.2394,19.5295
1968002.0,34.8302,36.8719,23.7406
1976002.0,35.2701,37.0115,28.7327
1984002.0,35.5961,37.2141,33.9334
1992002.0,36.0493,37.2512,38.7813
2000002.0,36.2845,37.1499,42.8569
2008002.0,36.601,37.4407,47.5683
2016002.0,37.2023,37.5852,2.7278700000000002
2024002.0,37.2765,37.7735,7.09727
2032002.0,37.983000000000004,37.8055,11.5953
2040002.0,39.5746,37.4049,15.9523
2048002.0,39.9269,37.0061,21.3384
2056002.0,40.8393,37.2897,25.3481
2064002.0,41.2757,37.4807,29.9247
2072002.0,42.6544,37.2167,34.5367
2080002.0,43.9158,37.8312,38.7949
2088002.0,45.2612,37.6945,42.9731
2096002.0,45.6729,37.4685,47.3604
2104002.0,46.9698,37.5731,2.26499
2112002.0,48.5635,38.3201,7.16057
2120002.0,49.1558,38.2309,12.4445
2128002.0,49.3187,38.2073,16.6656
2136002.0,1.16626,37.7839,21.3189
2144002.0,1.6896200000000001,38.0945,26.1963
2152002.0,2.31344,38.0618,30.748
2160002.0,2.0697200000000002,38.0068,35.4281
2168002.0,3.04679,37.5196,41.033
2176002.0,3.06842,37.7982,44.8211
2184002.0,3.8963,37.9386,48.2257
2192002.0,4.90393,37.9304,1.66475
2200002.0,4.92978,37.8826,5.85125
2208002.0,5.6054699999999995,38.0527,9.77727
2216002.0,6.25031,37.9284,14.6737
2224002.0,6.79971,37.8843,20.3568
2232002.0,7.253589999999999,37.6779,24.9527
2240002.0,8.013539999999999,37.4999,29.7053
2248002.0,8.484639999999999,37.2368,34.0883
2256002.0,8.81059,36.7253,37.3057
2264002.0,8.42737,37.3844,41.3281
2272002.0,9.10699,37.2327,46.3169
2280002.0,9.53301,37.2713,1.42321
2288002.0,9.38872,37.7499,6.45248
2296002.0,10.0691,37.9093,11.6424
2304002.0,10.9317,37.751999999999995,16.409000000000002
2312002.0,11.089,37.7211,21.7234
2320002.0,12.8921,37.8075,27.2237
2328002.0,13.2069,38.0921,32.1391
2336002.0,13.3617,38.1791,36.7353
2344002.0,13.719000000000001,38.2189,41.5556
2352002.0,14.4921,38.3399,46.6813
2360002.0,14.9515,38.266999999999996,1.8344
2368002.0,15.3432,38.4777,7.155060000000001
2376002.0,15.3349,38.6752,12.1184
2384002.0,15.3819,38.6909,16.6898
2392002.0,15.4048,38.568000000000005,21.5775
2400002.0,15.5882,38.5784,26.4678
2408002.0,15.549000000000001,38.6519,31.5169
2414002.0,15.7824,38.7175,35.6024
2422002.0,16.5541,38.9393,41.8054
2430002.0,19.1989,39.1971,46.7138
2438002.0,21.1589,39.0308,2.23358
2446002.0,22.1124,39.1631,7.22628
2454002.0,22.3333,38.9522,11.5197
2462002.0,23.4701,39.0723,15.7784
2470002.0,24.5029,39.1805,19.8357
2478002.0,25.27,39.1835,24.6896
2486002.0,26.4699,39.3762,29.3961
2494002.0,26.6295,39.2176,33.58
2502002.0,26.4447,39.3052,37.8377
2510002.0,27.7577,39.542,43.0369
2518002.0,28.052,39.4269,47.3023
2526002.0,30.1162,39.738,1.1162299999999998
2534002.0,31.2227,39.9572,5.8536
2542002.0,30.9721,39.6791,10.8942
2550002.0,31.9998,39.923,15.9052
2558002.0,33.3593,40.3217,20.4725
2566002.0,34.025999999999996,39.8579,24.314
2574002.0,35.4333,40.0017,28.2738
2582002.0,35.4251,39.7746,32.0642
2590002.0,37.0547,38.9427,36.6313
2598002.0,38.5481,38.5727,42.1093
2606002.0,38.8555,38.028,47.138000000000005
2614002.0,40.268,37.8632,2.1013900000000003
2622002.0,40.4681,38.0923,7.02538
2630002.0,41.0252,38.2303,11.4942
2638002.0,41.1635,38.1766,16.0785
2646002.0,41.5568,38.0274,21.1546
2654002.0,42.4042,38.2791,26.4736
2662002.0,42.6149,38.3332,30.8909
2670002.0,43.3818,38.5338,36.0907
2678002.0,44.7729,38.5577,40.9267
2686002.0,47.516000000000005,39.1593,45.4267
2694002.0,48.9804,38.9277,48.8493
2702002.0,0.5519850000000001,39.1021,3.91451
2710002.0,1.50532,39.3605,9.107660000000001
2718002.0,2.37256,39.5217,13.7162
2726002.0,3.3500699999999997,39.5675,16.6937
2734002.0,4.05237,39.6327,21.4947
2742002.0,5.25195,39.408,25.776
2750002.0,6.607260000000001,39.2203,30.5873
2758002.0,7.27119,39.2594,35.0981
2766002.0,7.520630000000001,39.2767,40.3508
2774002.0,7.90918,39.3097,44.6795
2782002.0,8.00862,39.0562,0.0799715
2790002.0,8.248569999999999,38.8001,4.71749
2798002.0,8.829080000000001,38.5225,9.344669999999999
2806002.0,9.73597,38.4675,14.498
2814002.0,9.95323,38.3299,19.9831
2822002.0,10.6446,38.1325,24.8195
2830002.0,10.8439,37.9728,28.6831
2838002.0,11.4299,37.9463,33.0813
2846002.0,13.1274,37.7524,37.4474
2854002.0,14.0692,37.3546,42.4847
2862002.0,15.0179,37.1377,47.7784
2870002.0,15.1068,37.0567,1.79008
2878002.0,16.3355,36.9452,7.05448
2886002.0,16.7654,36.5773,11.001
2894002.0,17.3619,36.6886,15.4296
2902002.0,18.2766,36.4052,20.6953
2910002.0,18.6447,36.3134,26.1492
2918002.0,19.0197,36.2769,30.6291
2926002.0,19.2767,35.8396,35.893
2934002.0,20.177,35.4641,40.6331
2942002.0,20.416,35.1997,45.5359
2950002.0,20.592,35.1371,1.0975
2958002.0,21.1073,35.1468,5.81984
2966002.0,21.5401,35.5841,10.8649
2974002.0,21.4881,35.5118,15.1469
2982002.0,21.7336,35.4401,20.6283
2990002.0,22.2451,35.2117,25.4971
2998002.0,22.6195,35.2277,30.3925
3006002.0,23.7443,35.2211,35.1848
3014002.0,23.4569,35.1722,40.2846
3022002.0,23.9322,34.9702,45.2274
3030002.0,24.3714,34.4877,1.2357
3038002.0,24.4866,34.4932,6.4384
3046002.0,25.474,33.9402,11.3659
3054002.0,26.8715,34.0437,16.0555
3062002.0,27.2631,34.2927,20.4253
3070002.0,28.2368,33.8474,26.3617
3078002.0,27.9916,34.128,30.163
3086002.0,28.1155,34.1948,35.1524
3094002.0,28.9579,33.7626,40.2766
3102002.0,29.9887,33.5232,43.5952
3110002.0,30.6594,33.2711,48.4833
3118002.0,31.2205,33.4342,3.54754
3126002.0,31.4605,33.2687,9.4203
3134002.0,32.2123,33.645,14.4964
3142002.0,32.2093,33.7298,18.4805
3150002.0,33.6321,33.5777,22.6384
3158002.0,35.3759,33.5606,26.5579
3166002.0,36.0359,33.2489,30.5371
3174002.0,36.4987,32.9344,33.4121
3182002.0,37.7421,33.0283,38.2758
3190002.0,39.4444,33.3232,42.1574
3198002.0,40.6128,33.0876,46.7277
3206002.0,42.2705,32.6945,1.0442799999999999
3214002.0,43.5353,32.3328,4.10425
3222002.0,45.2683,32.1861,8.58489
3230002.0,46.7436,32.0066,13.0092
3238002.0,47.3923,32.0705,17.059
3246002.0,48.4949,31.7244,20.8326
3254002.0,48.791000000000004,32.0761,24.1133
3262002.0,49.3088,31.4776,27.4059
3270002.0,49.3342,31.3742,32.2609
3278002.0,0.178728,30.4938,35.4303
3286002.0,0.866152,30.4671,38.5673
3294002.0,2.0537799999999997,29.6104,41.4582
3302002.0,2.0604,29.0698,46.5121
3310002.0,2.55024,29.4353,0.0855158
3318002.0,3.03832,29.0009,3.6195199999999996
3326002.0,4.58791,29.6028,6.896560000000001
3334002.0,5.68642,30.1036,11.1797
3342002.0,7.5026,30.4267,16.2328
3350002.0,8.52304,30.6164,20.4717
3358002.0,11.1135,30.4524,24.9967
3366002.0,14.235999999999999,30.5453,29.7555
3374002.0,15.1583,30.3983,34.7454
3382002.0,16.3012,30.56,40.1868
3390002.0,18.8273,30.5795,43.6747
3398002.0,19.4082,30.6461,49.1735
3406002.0,20.7107,31.1843,4.34485
3414002.0,23.5608,31.2701,8.88601
3422002.0,26.0674,31.3414,12.7379
3430002.0,28.4087,31.2574,18.05
3438002.0,29.4057,31.4514,22.468000000000004
3446002.0,28.5595,31.4895,25.6921
3454002.0,28.6542,31.1777,29.7149
3462002.0,28.1682,31.8526,33.5339
3470002.0,27.3102,31.5665,38.6196
3478002.0,27.8926,31.7287,43.472
3486002.0,28.1176,31.8502,47.8647
3494002.0,28.3089,32.2479,3.57655
3502002.0,27.8636,32.1561,8.57095
3510002.0,27.6509,32.4608,13.6595
3518002.0,27.7268,32.4676,18.5058
3526002.0,27.8872,32.622,23.4117
3534002.0,27.4608,32.625,28.4476
3542002.0,27.3372,32.3961,32.9918
3550002.0,27.4749,32.1334,37.3039
3558002.0,27.8051,31.7439,41.7481
3566002.0,28.1297,31.7657,46.5306
3574002.0,27.8809,31.9158,2.4316
3582002.0,28.2872,31.6455,7.44186
3590002.0,28.2913,31.8607,12.6669
3598002.0,28.2995,32.0622,18.1391
3606002.0,29.1582,32.1278,22.2863
3614002.0,29.5092,32.1186,26.3771
3622002.0,29.9756,32.2073,30.8125
3630002.0,30.6987,32.1532,35.2487
3638002.0,30.5915,32.3375,40.1864
3646002.0,30.5501,32.2129,45.3589
3654002.0,30.3189,32.1894,0.41628000000000004
3662002.0,30.2317,32.5438,5.45575
3670002.0,30.0906,32.3718,9.90045
3678002.0,30.2483,32.2093,15.0426
3686002.0,31.3014,31.9797,20.2226
3694002.0,31.7938,31.5702,25.2119
3702002.0,31.7686,31.8613,29.9515
3710002.0,32.0533,31.9275,34.1084
3718002.0,32.1501,32.0942,38.8256
3726002.0,32.3797,32.0135,43.755
3734002.0,32.3014,31.9979,48.7985
3742002.0,33.3021,31.9541,3.8609
3750002.0,34.1297,32.0479,8.44893
3758002.0,36.2306,32.0782,13.8152
3766002.0,37.4855,31.8629,18.4319
3774002.0,39.547,32.0463,23.1364
3782002.0,40.5012,32.0321,27.6957
3790002.0,41.2619,31.8,32.6798
3798002.0,41.726000000000006,32.0162,37.1742
3806002.0,42.838,31.6311,42.0235
3814002.0,45.0071,31.2108,45.6976
3822002.0,46.1055,31.2389,49.4901
3830002.0,46.1838,31.2006,4.11041
3838002.0,46.8692,31.1916,9.35196
3846002.0,47.5173,31.0141,14.592
3854002.0,47.8911,30.9201,19.7599
3862002.0,48.7742,30.9288,24.7655
3870002.0,49.4971,30.9661,29.962
3878002.0,0.8292290000000001,30.4345,34.7488
3886002.0,0.859994,30.4051,39.2319
3894002.0,1.00769,30.4516,43.468999999999994
3902002.0,1.57513,30.522,48.2673
3910002.0,3.14718,30.7685,3.6850300000000002
3918002.0,4.85484,30.6499,9.27069
3926002.0,7.185239999999999,30.7909,13.6737
3934002.0,8.277619999999999,30.9777,18.223
3942002.0,8.7161,30.5401,23.2338
3950002.0,9.43506,30.5555,27.6693
3958002.0,9.86692,30.5751,32.3711
3966002.0,10.546,30.5928,36.6107
3974002.0,11.5407,30.5446,41.2657
3982002.0,11.6823,30.4355,45.4367
3990002.0,12.3773,29.9463,0.123879
3998002.0,13.66,30.1162,3.4502800000000002
4006002.0,14.9685,29.7544,7.04075
4014002.0,15.7264,29.6212,11.3707
4022002.0,16.2203,29.6783,15.0859
4030002.0,16.2725,29.4026,18.6543
4038002.0,17.7274,29.5665,21.6748
4046002.0,18.7553,29.621,25.5514
4054002.0,19.7258,29.4116,29.7084
4062002.0,21.2501,29.2881,34.2104
4070002.0,21.509,29.3466,38.1739
4078002.0,21.6288,29.1921,43.0845
4086002.0,22.4969,29.0329,47.2421
4094002.0,23.1139,28.8543,1.7061400000000002
4102002.0,23.2926,28.8382,6.12274
4110002.0,24.0017,28.8243,10.1519
4118002.0,25.0468,28.8204,14.3334
4126002.0,26.156999999999996,29.1073,18.9239
4134002.0,26.9748,28.9489,22.0957
4142002.0,27.7087,29.1323,25.8774
4150002.0,29.2257,29.070999999999998,30.2196
4158002.0,30.9045,29.2074,34.4655
4166002.0,31.8647,29.6816,39.1215
4174002.0,33.5462,29.9972,43.5522
4182002.0,33.7133,29.9409,47.8714
4190002.0,35.0467,30.3533,2.95785
4198002.0,36.4508,30.2977,8.12646
4206002.0,37.4807,31.1846,12.6279
4214002.0,38.3162,31.6655,17.9279
4222002.0,39.1404,31.5249,23.5749
4230002.0,41.0912,31.307,27.9648
4238002.0,43.1088,31.4253,33.1251
4246002.0,45.3397,31.5011,37.9083
4254002.0,47.897,31.6259,43.3985
4262002.0,48.5769,31.8643,48.62
4270002.0,48.3657,32.0023,3.41234
4278002.0,0.249178,31.5215,8.8626
4286002.0,0.986513,31.4477,13.7255
4294002.0,1.91788,31.3895,18.4362
4302002.0,2.43624,31.2452,23.2856
4310002.0,2.8382400000000003,31.7002,28.2979
4318002.0,2.98216,31.5106,31.9037
4326002.0,3.3935699999999995,31.0605,35.6876
4334002.0,3.75653,31.2084,39.6213
4342002.0,4.15259,31.4765,44.2451
4350002.0,4.730180000000001,31.369,48.6863
4358002.0,4.98054,31.1354,3.3229599999999997
4366002.0,5.68878,31.0291,7.31075
4374002.0,6.05084,31.1222,10.8834
4382002.0,6.5883899999999995,30.9998,15.0601
4390002.0,7.70795,30.8995,20.3691
4398002.0,7.80513,31.3954,26.7699
4406002.0,8.46423,31.4466,31.5104
4414002.0,8.86096,31.4836,35.964
4422002.0,9.30378,31.4006,40.722
4430002.0,9.25891,30.839000000000002,45.9505
4438002.0,9.36058,30.7793,1.54851
4446002.0,9.413910000000001,30.5776,5.43675
4454002.0,9.39433,30.5998,10.0993
4462002.0,9.77197,30.6993,15.149000000000001
4470002.0,10.7806,30.8079,19.7497
4478002.0,11.5927,30.8123,23.3692
4486002.0,12.2314,30.8303,28.0664
4494002.0,12.2537,30.7519,32.6072
4502002.0,13.1919,30.9066,37.1069
4510002.0,13.0356,30.3539,41.4522
4518002.0,12.5074,30.6774,44.1197
4526002.0,13.0153,30.3786,48.7912
4534002.0,14.3796,30.6694,3.5533099999999997
4542002.0,14.0489,29.7387,7.1607199999999995
4550002.0,14.2603,28.7779,11.1303
4558002.0,15.9849,30.0946,16.2716
4566002.0,15.7837,29.9605,21.031
4574002.0,17.0608,29.7514,25.611
4582002.0,18.7058,29.9419,30.318
4590002.0,20.4094,30.0548,33.9393
4598002.0,23.1074,30.475,38.7456
4606002.0,24.7429,30.3623,41.6477
4614002.0,26.6047,29.9458,45.1254
4622002.0,27.0111,29.7035,48.255
4630002.0,27.79,29.7486,1.6954599999999997
4638002.0,28.3445,29.1632,3.70895
4646002.0,29.1989,29.6101,7.966880000000001
4654002.0,29.1908,29.8971,10.9368
4662002.0,31.1243,30.2516,15.2502
4670002.0,31.6046,30.0898,18.7813
4678002.0,32.3273,29.2756,23.3839
4686002.0,33.3537,29.5629,26.8746
4694002.0,34.3098,29.4865,31.2623
4702002.0,35.9389,30.1836,34.5645
4710002.0,37.7808,31.0366,38.1059
4718002.0,38.809,30.7007,42.4138
4726002.0,38.7121,31.1659,46.1561
4734002.0,40.2149,31.2268,49.4589
4742002.0,41.3408,32.1395,3.58925
4750002.0,41.9493,32.1768,7.128819999999999
4758002.0,42.9132,32.2942,10.3623
4760002.0,42.8936,32.083,11.181
4768002.0,43.3082,32.4612,16.1082
4776002.0,44.9306,32.9818,19.0592
4784002.0,46.3009,32.6869,24.1715
4792002.0,46.99100000000001,32.4935,27.9374
4800002.0,47.8385,32.2102,31.4391
4808002.0,49.1269,32.4054,35.6213
4816002.0,2.1364,32.4595,40.3819
4824002.0,4.41519,32.6828,43.7692
4832002.0,6.81987,32.6793,48.1677
4840002.0,8.333730000000001,32.1571,4.044569999999999
4848002.0,10.1525,32.2605,7.73406
4856002.0,13.6988,32.9965,11.1865
4864002.0,12.3375,32.7315,16.3055
4872002.0,29.2167,37.1412,16.1289
4880002.0,23.4909,34.8155,21.8332
4888002.0,24.8849,35.2325,27.3263
4896002.0,30.3684,34.0467,31.415
4904002.0,31.7174,33.9811,33.9126
4912002.0,32.0934,34.3874,37.58
4920002.0,34.5793,34.8079,41.1259
4928002.0,36.8693,34.7416,45.023
4936002.0,37.9076,34.2251,0.0132244
4944002.0,37.9352,33.8725,3.4208800000000004
4952002.0,38.9667,33.3465,7.9912399999999995
4960002.0,38.7823,32.9234,12.5303
4968002.0,38.929,32.7767,16.8872
4976002.0,39.655,32.5348,21.0903
4984002.0,40.016999999999996,32.1428,25.2023
4992002.0,40.7272,32.0621,28.3164
5000002.0,42.0912,32.0957,32.6508
5008002.0,42.3951,31.7882,37.2035
5016002.0,42.6224,31.2863,40.4995
5024002.0,43.1083,31.2335,44.7866
5032002.0,43.8189,30.7597,48.8682
5040002.0,45.0548,30.8517,3.90884
5048002.0,45.4189,30.1738,7.08339
5056002.0,46.7902,30.4677,11.3772
5064002.0,48.8237,30.7757,15.3274
5072002.0,0.9746459999999999,31.2613,19.761
5080002.0,2.61444,31.4275,25.0573
5088002.0,4.45501,31.1365,29.3982
5096002.0,7.612889999999999,31.1336,35.0758
5104002.0,9.75825,31.1627,40.3298
5112002.0,10.4655,30.9114,45.6072
5120002.0,11.1465,31.1041,1.24186
5128002.0,12.4935,30.8602,6.44797
5136002.0,12.8875,30.91,11.3006
5144002.0,14.0923,30.6516,16.3147
5152002.0,15.0524,30.9199,21.7115
5160002.0,15.9977,30.8901,27.0462
5168002.0,16.292,30.6945,32.0988
5176002.0,17.1418,30.8741,37.147
5184002.0,18.1402,31.1578,42.632
5192002.0,19.0184,31.075,46.8571
5200002.0,19.419,31.028000000000002,2.4990099999999997
5208002.0,20.102,30.7979,7.165439999999999
5216002.0,21.6022,30.4971,13.1369
5224002.0,22.8842,30.6568,17.5893
5232002.0,23.7041,30.9429,22.5523
5240002.0,24.4824,31.1174,28.0729
5248002.0,25.0166,31.0873,31.6595
5256002.0,25.7055,30.7544,34.815
5264002.0,26.503,30.9564,39.3176
5272002.0,27.9251,30.8401,43.567
5280002.0,29.3139,30.9808,48.4452
5288002.0,29.7358,30.8084,2.97792
5296002.0,31.495,30.9368,6.31604
5304002.0,32.1693,30.8718,10.072000000000001
5312002.0,34.8279,29.5008,12.6305
5320002.0,36.3998,29.5196,16.0421
5328002.0,37.0983,33.3078,16.2605
5336002.0,37.2375,36.8398,13.9173
5344002.0,37.9534,36.0091,16.5874
5352002.0,37.8587,38.4962,21.1558
5360002.0,38.4823,38.6956,25.259
5368002.0,41.5056,35.3451,35.9237
5376002.0,44.1498,35.8603,39.2529
5384002.0,46.9241,33.8821,44.5561
5392002.0,42.5489,42.541000000000004,48.7702
5400002.0,44.8872,41.2657,4.74515
5408002.0,42.8229,40.1418,7.52617
5416002.0,45.7804,40.5582,12.6266
5424002.0,42.1858,41.0004,16.5357
5432002.0,41.754,40.9658,20.4098
5440002.0,42.1337,40.5274,24.3089
5448002.0,42.2175,40.3568,28.7673
5456002.0,42.9729,40.2988,33.2615
5464002.0,43.0137,40.292,37.6278
5472002.0,43.4137,40.329,43.3252
5480002.0,44.2551,40.2567,48.0914
5488002.0,44.7874,40.4881,2.76967
5496002.0,46.5456,40.5128,7.4650300000000005
5504002.0,46.839,40.4989,12.5293
5512002.0,48.1487,40.5237,16.8124
5520002.0,48.8366,40.6336,21.1895
5528002.0,0.6555,40.9601,25.1087
5536002.0,1.37809,41.0912,29.2466
5544002.0,2.17837,41.6848,33.9914
5552002.0,2.5015099999999997,41.501999999999995,38.8785
5560002.0,2.63084,41.3032,43.6679
5568002.0,3.49611,40.9341,48.1179
5576002.0,3.6067,41.133,2.62679
5584002.0,4.06986,41.1246,7.025989999999999
5592002.0,4.68545,41.2399,11.806
5600002.0,4.6534699999999996,41.3641,16.4818
5608002.0,4.83389,41.8155,20.7886
5616002.0,5.46744,41.8979,25.6885
5624002.0,5.95654,41.6791,30.2513
5632002.0,7.17364,41.7641,34.9731
5640002.0,9.07312,41.6695,40.0241
5648002.0,10.3742,41.61,44.6414
5656002.0,10.7567,41.5543,49.2699
5664002.0,11.1736,42.1153,4.21049
5672002.0,11.1879,42.6646,9.03735
5680002.0,12.1355,42.6121,14.2654
5688002.0,12.5035,42.5555,18.8598
5696002.0,12.654000000000002,42.842,23.3517
5704002.0,12.5325,43.0497,28.3885
5712002.0,12.9715,42.8751,32.9813
5720002.0,13.0833,42.7081,37.9227
5728002.0,12.5201,43.4828,41.9493
5736002.0,12.6074,43.4999,46.9294
5744002.0,12.699000000000002,43.7518,2.4365200000000002
5752002.0,13.6298,43.0973,7.33565
5760002.0,14.3595,43.1863,11.4113
5768002.0,15.818,43.0381,16.0245
5776002.0,17.0243,42.8444,20.8644
5784002.0,17.234,42.7588,25.8082
5792002.0,17.3236,42.6408,31.021
5800002.0,18.1664,42.7335,36.1963
5808002.0,19.2566,43.0902,41.0515
5816002.0,20.9993,43.266000000000005,46.0164
5824002.0,21.9007,43.5707,1.5196399999999999
5832002.0,22.4896,43.7972,6.33754
5840002.0,23.1949,43.8911,11.1783
5848002.0,24.6337,43.8575,15.905
5856002.0,25.1307,43.7365,20.8881
5864002.0,26.2085,43.628,25.6614
5872002.0,26.5148,43.3984,30.2543
5880002.0,26.9504,43.1475,34.8606
5888002.0,28.2795,43.1654,39.8467
5896002.0,28.5721,43.0148,44.8165
5904002.0,29.0011,42.8927,0.307249
5912002.0,29.090999999999998,42.7194,5.1645
5920002.0,29.9307,42.8783,9.96527
5928002.0,30.4291,42.6941,14.9562
5936002.0,30.666999999999998,42.8275,20.1071
5944002.0,31.1401,42.8311,25.0784
5952002.0,30.9416,42.9491,29.9398
5960002.0,31.1216,43.1196,34.6807
5968002.0,31.2677,43.1902,39.4951
5976002.0,31.5279,43.0454,44.4279
5984002.0,31.6398,42.8613,49.4321
5992002.0,31.7412,42.9327,4.8469999999999995
6000002.0,32.0974,43.0057,9.737680000000001
6008002.0,31.9286,43.0628,14.3406
6016002.0,32.1901,43.2538,18.4488
6024002.0,32.1379,43.1031,23.2942
6032002.0,32.5156,42.9237,27.993000000000002
6040002.0,32.2549,42.8712,32.7187
6048002.0,32.4767,43.3473,37.6009
6056002.0,32.556,43.5084,42.4495
6064002.0,33.0361,43.5528,47.5957
6072002.0,33.2397,43.5953,3.15192
6080002.0,33.6738,43.5909,8.241060000000001
6088002.0,33.8875,43.7968,13.2132
6096002.0,34.3559,43.6594,18.3354
6104002.0,34.3295,43.6252,23.188000000000002
6112002.0,34.9281,43.6211,28.209
6120002.0,34.9998,43.658,33.068000000000005
6128002.0,35.3695,43.6904,38.1272
6136002.0,35.7374,43.5315,43.0018
6144002.0,36.0892,43.4422,48.0635
6152002.0,36.3816,43.3214,3.54935
6160002.0,36.4866,43.4178,8.30161
6168002.0,36.5327,43.4129,13.4543
6176002.0,36.5183,43.331,18.5652
6184002.0,36.5803,43.1951,23.0667
6192002.0,36.61,43.3034,27.7386
6200002.0,36.8208,43.2356,32.5325
6208002.0,36.9571,43.0889,37.4381
6216002.0,37.2191,43.2174,42.7075
6224002.0,37.3934,43.3759,47.7959
6232002.0,37.899,43.4337,3.23274
6240002.0,38.4341,43.3152,8.41465
6248002.0,39.7074,43.1661,13.2548
6256002.0,40.6536,43.1263,17.8625
6264002.0,41.7811,42.9453,22.8488
6272002.0,42.2478,42.723,27.1843
6280002.0,42.6793,42.7025,31.8484
6288002.0,42.986999999999995,42.6623,37.0862
6296002.0,43.6313,42.9515,42.4077
6304002.0,44.5401,42.8643,47.6517
6312002.0,45.6322,42.9563,2.78992
6320002.0,46.5277,42.9315,7.48425
6328002.0,47.7045,42.8894,12.2552
6336002.0,48.3047,42.7386,16.9659
6344002.0,48.4867,42.7044,21.9752
6352002.0,48.4614,42.5755,26.6118
6360002.0,49.1797,42.7813,31.6432
6368002.0,0.000131301,42.7172,36.4958
6376002.0,0.116248,42.6265,41.2863
6384002.0,0.257152,42.7334,45.9763
6392002.0,0.338145,42.7369,1.04321
6400002.0,0.64993,42.6962,6.32569
6408002.0,0.911826,42.6346,10.8633
6416002.0,1.32187,42.6681,15.7081
6424002.0,1.49387,42.7653,20.3044
6432002.0,1.3673600000000001,42.6497,25.0823
6440002.0,1.3533600000000001,42.6296,29.8609
6448002.0,1.09781,42.5777,34.7808
6456002.0,1.65327,42.6651,39.4841
6464002.0,2.4372700000000003,42.6064,44.0884
6472002.0,2.8614900000000003,42.7085,49.283
6480002.0,3.61473,42.7532,4.68841
6488002.0,3.9913,42.7974,9.51783
6496002.0,3.99643,42.7109,14.082
6504002.0,4.6163,42.5682,18.905
6512002.0,4.97405,42.4412,23.664
6520002.0,5.1093,42.486000000000004,28.1586
6528002.0,4.72468,42.6754,33.0293
6536002.0,5.05806,42.8122,37.6052
6544002.0,5.01754,42.7809,42.4129
6552002.0,5.06588,42.8204,47.2401
6560002.0,5.31936,42.9302,2.99492
6568002.0,5.82779,43.1793,7.708939999999999
6576002.0,6.31159,42.8646,12.7268
6584002.0,6.89911,42.9085,17.417
6592002.0,7.9288300000000005,42.7785,22.4464
6600002.0,8.67549,42.724,27.4241
6608002.0,8.79951,42.6193,32.6484
6616002.0,9.42644,42.1882,36.8409
6624002.0,10.9402,42.2937,40.7814
6632002.0,12.3761,42.2523,45.5962
6640002.0,12.9602,42.0865,1.3077
6648002.0,13.8931,41.961999999999996,5.94465
6656002.0,14.5224,42.0941,10.4084
6664002.0,15.4486,42.0709,13.8879
6672002.0,17.0201,42.2303,18.7234
6680002.0,17.4079,42.3784,23.9629
6688002.0,17.9958,42.2076,28.7959
6696002.0,19.4601,42.2207,32.7517
6704002.0,20.387,42.2276,37.2899
6712002.0,21.1384,42.0424,41.3931
6720002.0,22.6653,41.7013,45.6938
6728002.0,23.9315,41.8608,1.05946
6736002.0,25.2342,41.7187,5.19874
6744002.0,25.7409,41.6195,9.33357
6752002.0,26.7747,42.0892,14.8192
6760002.0,27.3458,42.4709,19.7378
6768002.0,27.8627,42.9801,24.8011
6776002.0,28.3607,42.7956,29.7134
6784002.0,28.6767,43.1081,34.4665
6792002.0,29.4186,43.1527,38.8812
6800002.0,30.1272,43.2704,42.7462
6808002.0,30.2502,43.3526,46.8592
6816002.0,30.3382,43.1478,1.99662
6824002.0,31.0113,43.1792,6.9056
6832002.0,32.0619,43.1967,11.6158
6840002.0,32.0077,42.9948,16.8502
6848002.0,32.4657,43.0821,21.4163
6856002.0,32.9143,43.1086,26.3825
6864002.0,33.7865,43.1246,30.6389
6872002.0,34.5117,42.8747,35.0424
6880002.0,35.625,41.7563,39.3568
6888002.0,36.3528,41.3645,44.7435
6896002.0,36.5636,40.2078,1.19651
6904002.0,37.9899,40.2531,5.24488
6912002.0,38.9212,40.8998,9.74117
6920002.0,41.4218,42.4617,14.1196
6928002.0,43.8342,41.6931,18.015
6936002.0,43.9027,42.4774,20.8389
6944002.0,45.5631,42.5399,24.9391
6952002.0,48.2607,42.3354,28.4205
6960002.0,0.0557183,42.8483,30.9692
6968002.0,0.526234,43.065,34.9123
6976002.0,1.7994900000000003,42.5096,39.7258
6984002.0,1.7217799999999999,42.4993,44.2331
6992002.0,2.89031,42.3899,49.2453
7000002.0,3.89194,41.8925,4.65677
7008002.0,5.7032,41.1526,9.82959
7016002.0,6.434,41.9553,12.3157
7024002.0,6.75644,41.6668,16.8932
7032002.0,6.376869999999999,41.5212,20.3642
7040002.0,6.565580000000001,41.4466,24.5283
7048002.0,7.04545,41.4364,29.0487
7056002.0,7.93354,41.6427,33.4787
7064002.0,8.90138,41.5389,38.6251
7072002.0,10.2551,41.9323,42.7949
7080002.0,10.5839,41.706,46.9734
7088002.0,10.8693,42.2346,2.59363
7096002.0,10.8504,42.5055,6.678610000000001
7104002.0,10.9385,42.3978,10.9064
7112002.0,11.3179,42.5809,16.8635
7120002.0,12.2128,42.7906,22.7559
7128002.0,11.6567,42.5334,27.771
7136002.0,12.5481,42.3763,32.424
7144002.0,12.3281,42.0861,37.4135
7152002.0,12.524000000000001,41.9247,42.2624
7160002.0,13.4929,42.2713,47.9537
7168002.0,13.833,42.3608,2.84789
7176002.0,15.1276,42.2516,8.5274
7184002.0,15.7405,42.0603,12.2518
7192002.0,15.7161,41.8587,17.3847
7200002.0,16.475,43.0225,22.5589
7204002.0,15.7371,42.3812,24.6703
7212002.0,17.5487,42.3198,29.4186
7220002.0,18.4069,42.2283,33.7623
7228002.0,18.5991,42.0969,39.1302
7236002.0,19.5124,42.4941,43.4135
7244002.0,19.579,42.7029,48.7368
7252002.0,19.6994,42.805,3.7536699999999996
7260002.0,19.8928,43.0923,8.48291
7268002.0,19.9301,43.0695,13.507
7276002.0,20.6255,43.093999999999994,18.0904
7284002.0,20.5331,43.2184,23.1127
7292002.0,20.9916,43.4663,28.086
7300002.0,21.5085,43.4397,32.9829
7308002.0,22.2719,43.5846,37.6109
7316002.0,22.54,43.5648,42.0711
7324002.0,22.418000000000003,43.6017,46.6499
7332002.0,22.9965,43.5541,1.90888
7340002.0,22.9854,43.4109,6.91144
7348002.0,23.2726,43.2566,10.9905
7356002.0,23.237,43.3248,14.8257
7364002.0,23.6815,43.4279,19.2646
7372002.0,24.0981,43.442,23.9262
7380002.0,24.0217,43.3662,28.1658
7388002.0,23.9966,43.2595,32.5231
7396002.0,24.3607,43.2615,37.1567
7404002.0,24.7452,43.1991,41.9083
7412002.0,25.070999999999998,43.1209,46.5214
7420002.0,25.1944,43.1851,1.87903
7428002.0,25.2444,43.2085,6.8089699999999995
7436002.0,25.2479,42.9787,11.505999999999998
7444002.0,25.3514,42.8625,16.2436
7452002.0,25.4973,42.8544,21.1857
7460002.0,25.7081,43.0529,25.8449
7468002.0,25.8284,43.2364,31.0176
7476002.0,25.9335,43.3111,35.8748
7484002.0,26.3741,43.3787,40.7249
7492002.0,26.9185,43.1763,45.521
7500002.0,27.2487,42.964,0.519109
7508002.0,27.7276,43.2248,4.53961
7516002.0,27.6275,43.3449,9.77802
7524002.0,27.6893,43.2284,14.6187
7532002.0,27.6854,43.2628,19.3931
7540002.0,27.8148,43.2437,24.3917
7548002.0,27.8898,43.4095,28.3413
7556002.0,28.1715,43.4562,33.367
7564002.0,28.1966,43.7265,37.9318
7572002.0,28.7119,44.206,42.6236
7580002.0,29.0709,44.398999999999994,47.8315
7588002.0,29.0305,44.1911,3.1392700000000002
7596002.0,29.3709,44.6648,8.08971
7604002.0,29.4391,44.8475,12.8417
7612002.0,29.6875,45.0236,17.7525
7620002.0,29.7342,44.9936,22.2452
7628002.0,29.7137,44.8033,26.7811
7636002.0,29.8416,44.7552,31.3971
7644002.0,29.8961,45.041000000000004,35.6987
7652002.0,29.8604,44.9062,39.639
7660002.0,30.176,45.1866,44.4195
7668002.0,30.8232,45.0646,0.13448
7676002.0,31.0705,45.0514,5.18161
7684002.0,31.3408,45.236999999999995,10.0066
7692002.0,32.6252,44.9968,15.3242
7700002.0,32.6969,45.3209,20.1326
7708002.0,32.4716,45.9859,24.8824
7716002.0,32.6779,46.0638,29.9022
7724002.0,33.2489,45.9246,34.8911
7732002.0,34.3503,45.9456,39.9171
7740002.0,35.0803,45.7895,44.5346
7748002.0,35.3432,45.736000000000004,49.3518
7756002.0,35.3292,45.6867,4.53836
7764002.0,35.676,45.7149,9.301110000000001
7772002.0,35.717,45.8,14.1646
7780002.0,35.7466,45.7511,19.2986
7788002.0,35.9865,45.6082,24.2982
7796002.0,36.2926,45.4406,29.4698
7804002.0,36.3626,45.4933,34.3081
7812002.0,36.8171,45.4844,39.4492
7820002.0,37.1604,45.6888,44.4793
7828002.0,38.1329,45.5678,0.12731900000000002
7836002.0,38.4869,45.6315,5.3592900000000006
7844002.0,38.9311,45.4375,10.5079
7852002.0,38.9374,45.5397,15.523
7860002.0,39.2237,45.5256,20.7327
7868002.0,39.2778,45.653,25.6695
7876002.0,39.6493,45.5641,30.7508
7884002.0,40.0233,45.6162,35.5891
7892002.0,40.5358,45.6504,40.7229
7900002.0,40.5435,45.711999999999996,45.7066
7908002.0,40.5884,45.6036,1.19706
7916002.0,40.6845,45.5529,6.04726
7924002.0,40.8292,45.7114,10.6515
7932002.0,41.0039,45.9033,15.4991
7940002.0,41.1955,46.0112,19.9733
7948002.0,40.7892,46.3333,24.6287
7956002.0,41.1323,46.2955,29.2721
7964002.0,41.2608,46.2369,34.3194
7972002.0,41.2758,46.2212,39.2904
7980002.0,41.3589,46.4152,44.6031
7988002.0,41.6587,46.5068,49.361999999999995
7996002.0,42.3328,46.4864,4.630669999999999
