2.0,5.39705,35.4482,10.8553
8002.0,10.1057,34.3855,13.2126
16002.0,12.1821,34.5127,17.1488
24002.0,12.2509,34.5539,22.1367
32002.0,12.7557,34.6469,26.1446
40002.0,13.5134,34.5943,30.9734
48002.0,13.5793,34.6709,35.3473
56002.0,13.459000000000001,34.762,39.9656
64002.0,12.3227,34.0513,43.5727
72002.0,13.307,34.2094,46.7207
80002.0,13.8592,34.3629,49.3582
88002.0,14.7726,34.5269,4.79472
96002.0,15.3129,34.7039,8.67498
104002.0,15.600999999999999,35.384,12.0857
112002.0,15.7456,35.6218,13.9841
120002.0,16.2202,36.0061,16.9546
128002.0,16.83,36.007,21.0235
136002.0,17.6975,36.4372,25.1817
144002.0,18.254,36.4342,29.1325
152002.0,18.7975,36.2884,32.4232
160002.0,22.5325,36.1479,36.1566
168002.0,23.261,36.147,40.1249
176002.0,23.2226,35.7945,44.1586
184002.0,23.6339,35.4038,47.5987
192002.0,23.7992,35.0328,2.6852099999999997
200002.0,24.2718,34.8861,7.377960000000001
208002.0,26.0947,34.5439,10.4787
216002.0,27.5316,34.6809,14.6376
224002.0,27.7076,34.5596,19.1052
232002.0,28.2936,34.7888,24.1927
240002.0,28.7669,35.1898,28.6105
248002.0,29.1636,35.1755,33.0625
256002.0,29.8013,35.0354,38.1744
264002.0,30.5951,35.0466,43.4517
272002.0,31.6204,34.4053,48.7852
280002.0,32.1553,33.9058,3.5761
288002.0,33.4076,34.215,8.9497
296002.0,33.953,34.4826,13.425999999999998
304002.0,35.425,34.2237,18.5401
312002.0,36.9441,34.3788,21.6517
320002.0,37.9587,34.4896,26.3079
328002.0,40.3724,34.9931,30.4926
336002.0,41.3102,33.8963,34.510999999999996
344002.0,41.9711,33.5981,39.2133
352002.0,43.1178,32.6773,42.7367
360002.0,43.9793,27.381999999999998,48.5235
368002.0,45.4423,27.3296,1.8015400000000001
376002.0,45.4732,27.3029,6.60568
384002.0,46.4891,27.1944,9.69687
392002.0,47.0214,26.761999999999997,13.917
400002.0,47.0225,26.4191,18.675
408002.0,47.5786,26.4668,23.0059
416002.0,47.7006,26.4225,26.7167
424002.0,48.7514,26.8049,31.1385
432002.0,0.213121,26.649,34.7697
440002.0,0.9482440000000001,26.6348,40.038000000000004
448002.0,1.03926,26.5177,44.5687
456002.0,1.5343,26.6616,48.2031
464002.0,1.8050400000000002,27.2602,1.48908
472002.0,2.59437,27.0984,6.82153
480002.0,3.3515900000000003,26.6971,11.3346
488002.0,3.85351,26.6439,15.9351
496002.0,4.72342,26.5996,20.8989
504002.0,3.8600800000000004,26.774,25.8439
512002.0,4.53749,26.1992,30.3349
520002.0,4.91718,25.9721,34.3547
528002.0,4.5955,26.0712,39.7556
536002.0,5.40146,26.2699,44.1663
544002.0,6.978,26.4897,48.1187
552002.0,8.549539999999999,26.1633,1.6679599999999999
560002.0,9.675980000000001,26.2809,5.3308
568002.0,9.8577,25.9493,8.504669999999999
576002.0,10.0744,25.8191,14.0932
584002.0,11.1707,25.8247,18.6416
592002.0,12.0507,25.1747,21.5907
600002.0,12.6043,25.5755,26.0075
608002.0,13.6673,25.381999999999998,30.1921
616002.0,16.234,24.5512,35.0847
624002.0,16.9953,25.5396,40.1513
632002.0,17.067,25.9674,44.4649
640002.0,18.5024,25.7522,47.977
648002.0,19.4176,25.419,0.858232
656002.0,20.3281,24.8258,5.190180000000001
664002.0,21.0477,24.6765,9.29827
672002.0,20.9439,24.4431,13.5748
680002.0,21.2723,24.8629,17.6557
688002.0,22.2908,24.8453,22.1573
696002.0,22.9441,24.5859,24.9543
704002.0,22.879,24.467,30.1031
712002.0,22.999000000000002,24.5024,34.6756
720002.0,23.5981,24.4102,37.7069
728002.0,23.5675,24.5195,41.9986
736002.0,23.5166,24.5648,45.3273
744002.0,23.816999999999997,24.8947,48.2952
752002.0,23.4012,24.5882,3.22674
760002.0,23.699,24.3302,8.421669999999999
768002.0,23.9138,24.5839,12.2233
776002.0,23.9412,24.8942,17.397000000000002
784002.0,22.3108,25.6766,20.7592
792002.0,22.7652,22.4409,24.1316
800002.0,23.2838,22.4183,27.6314
808002.0,23.7675,22.8383,30.1466
816002.0,23.8296,23.2015,34.0969
824002.0,24.4947,23.6214,37.5839
832002.0,25.7827,23.6652,41.7174
840002.0,26.1572,23.9197,44.8875
848002.0,27.3616,23.8295,48.9134
856002.0,31.6669,24.0515,2.94068
864002.0,33.1672,24.0362,6.23457
872002.0,32.3581,24.0448,9.407919999999999
880002.0,32.2804,24.6895,13.2462
888002.0,33.3085,26.3579,16.9038
896002.0,31.859,27.2322,20.4233
904002.0,32.99,26.2853,24.9075
912002.0,34.2543,25.862,27.9508
920002.0,34.4691,27.3342,31.6523
928002.0,34.187,27.5912,35.742
936002.0,33.984,27.6817,38.6466
944002.0,34.7932,28.4808,41.9106
952002.0,35.7114,29.0822,46.3388
960002.0,35.4181,29.1922,0.9965209999999999
968002.0,35.5856,28.9684,3.97896
976002.0,37.5392,28.8362,6.69608
984002.0,37.9345,28.8205,10.6491
992002.0,38.2616,28.8963,13.4867
1000002.0,39.4427,28.7172,17.8799
1008002.0,40.193000000000005,28.717,22.3092
1016002.0,40.819,28.9431,26.8854
1024002.0,41.621,28.4622,30.6387
1032002.0,42.7372,28.4865,33.6948
1040002.0,43.0831,28.5096,37.4383
1048002.0,43.042,28.3194,41.4233
1056002.0,43.3922,28.1351,45.423
1064002.0,43.6759,27.9938,0.9147139999999999
1072002.0,44.0671,28.0981,5.46212
1080002.0,44.2165,28.1479,9.7123
1088002.0,45.1936,28.0189,13.909
1096002.0,46.5978,27.8092,18.2318
1104002.0,47.3768,27.8587,22.4663
1112002.0,47.3065,27.8832,27.4121
1120002.0,47.8272,27.6709,32.2026
1128002.0,48.2308,27.8718,36.8596
1136002.0,48.8463,27.9029,41.6551
1144002.0,0.0647416,28.0035,44.9323
1152002.0,0.955594,28.1093,0.259372
1160002.0,1.3182399999999999,28.1144,4.668740000000001
1168002.0,1.8423,28.308000000000003,8.85317
1176002.0,2.0933599999999997,28.2976,13.1782
1184002.0,2.29961,28.0414,17.2536
1192002.0,2.97788,27.8783,20.6139
1200002.0,4.12939,27.674,24.5322
1208002.0,5.97164,27.6205,28.7548
1216002.0,7.87067,27.676,31.8389
1224002.0,8.36089,27.8986,36.9586
1232002.0,9.247069999999999,28.1345,41.7298
1240002.0,10.0888,27.2041,46.138999999999996
1248002.0,11.3649,26.6858,1.9920400000000003
1256002.0,12.3139,26.6629,4.93823
1264002.0,13.1044,26.0069,9.79605
1272002.0,13.4199,26.1006,14.5401
1280002.0,15.463,25.927,19.5328
1288002.0,16.5345,25.7872,22.0327
1296002.0,16.5237,25.8413,26.8801
1304002.0,18.7893,25.2074,30.9497
1312002.0,19.5644,25.5772,35.6878
1320002.0,21.6772,25.9054,39.8449
1328002.0,22.0607,26.499000000000002,43.8409
1336002.0,23.3376,26.7989,48.3386
1344002.0,24.4739,26.7118,1.8240299999999998
1352002.0,24.5779,27.1974,7.5287
1360002.0,25.2623,27.2619,11.7251
1368002.0,25.9458,26.8155,15.9137
1376002.0,26.8903,26.9229,20.4491
1384002.0,27.1989,27.063000000000002,24.0445
1392002.0,27.6198,27.4601,28.0905
1400002.0,29.4909,27.1926,32.1618
1408002.0,30.476999999999997,26.9486,36.409
1416002.0,30.9479,26.8664,40.9789
1424002.0,30.9908,26.4899,46.1538
1432002.0,31.6839,26.2848,1.7712900000000003
1440002.0,33.5446,25.9164,6.37731
1448002.0,34.5696,26.09,10.4629
1456002.0,36.4781,25.8742,15.0497
1464002.0,36.7391,25.8722,18.8445
1472002.0,37.9004,25.7487,22.9399
1480002.0,38.3115,25.4776,26.8535
1488002.0,39.4075,25.2616,30.7295
1496002.0,39.576,25.2318,34.5025
1504002.0,40.7541,25.4578,38.7147
1512002.0,42.2036,25.5099,43.839
1520002.0,42.7228,25.3643,48.3257
1528002.0,43.669,25.5351,4.35968
1536002.0,44.1158,24.5965,7.83126
1544002.0,44.5657,24.6455,12.1832
1552002.0,46.6552,24.1579,15.6142
1560002.0,48.4023,24.2556,20.8888
1568002.0,49.363,23.963,25.7096
1576002.0,49.4758,23.3928,30.0692
1584002.0,1.64457,22.7558,34.2185
1592002.0,1.7785,22.750999999999998,38.6883
1600002.0,2.45138,22.604,43.2941
1608002.0,2.76943,22.785,48.4792
1616002.0,3.26245,22.7371,2.72213
1624002.0,3.18007,22.4736,7.604889999999999
1632002.0,3.70974,22.7291,11.6122
1640002.0,4.95634,22.5903,16.4384
1648002.0,5.84282,22.7609,19.4382
1656002.0,6.7605699999999995,22.4052,23.5876
1664002.0,8.299760000000001,22.4248,27.5339
1672002.0,9.44453,22.1877,31.2904
1680002.0,9.885580000000001,22.2533,35.4381
1688002.0,10.1161,22.1301,39.2723
1696002.0,10.2612,22.2585,42.7195
1704002.0,10.8463,21.9578,47.3153
1712002.0,10.912,21.9154,2.52374
1720002.0,11.7988,21.4259,5.50783
1728002.0,13.1624,21.912,9.22498
1736002.0,14.1314,22.1318,12.4709
1744002.0,14.7651,22.5788,16.7307
1752002.0,14.6693,22.4264,20.2263
1760002.0,14.5223,22.5616,24.394000000000002
1768002.0,15.4887,22.7255,27.6133
1776002.0,16.8803,23.6207,31.428
1784002.0,17.9972,23.7866,35.1857
1792002.0,18.3806,24.1844,39.3082
1800002.0,19.4554,24.0799,44.4061
1808002.0,20.2189,24.1799,48.5406
1816002.0,21.4016,24.0252,1.6495900000000001
1824002.0,21.885,24.1463,4.44149
1832002.0,23.2801,24.3021,7.537539999999999
1840002.0,25.869,24.1868,10.9405
1848002.0,25.5594,24.0564,14.2722
1856002.0,26.2256,24.9049,17.8126
1864002.0,27.041,25.2636,21.4418
1872002.0,27.9676,25.1532,24.9971
1880002.0,29.5643,25.4059,29.1924
1888002.0,31.7926,25.1573,32.5363
1896002.0,33.2856,24.7937,36.2629
1904002.0,34.2651,23.9513,39.7365
1912002.0,34.4681,24.034000000000002,44.3519
1920002.0,34.9204,23.8654,0.303774
1928002.0,36.4257,24.0542,4.342230000000001
1936002.0,36.8372,24.2967,7.98764
1944002.0,37.2757,24.191999999999997,12.7902
1952002.0,38.3535,24.2049,16.8763
1960002.0,38.5294,24.2909,20.6921
1968002.0,38.6417,24.4289,24.8555
1976002.0,39.1464,24.5377,28.5022
1984002.0,39.088,24.7337,33.1131
1992002.0,39.4352,24.7652,37.4617
2000002.0,40.294000000000004,24.8519,40.8429
2008002.0,41.1732,24.7791,45.755
2016002.0,42.4293,25.3812,0.8824190000000001
2024002.0,42.8323,26.2575,3.18099
2032002.0,43.8331,27.1337,5.47581
2040002.0,45.8751,27.3735,9.59949
2048002.0,47.1026,26.998,14.7453
2056002.0,48.5563,26.6832,17.3002
2064002.0,1.15372,26.2226,20.6287
2072002.0,3.39413,26.2406,23.8802
2080002.0,4.58929,25.5578,27.3969
2088002.0,6.07305,26.2801,29.3163
2096002.0,7.260660000000001,25.3887,34.1229
2104002.0,9.34357,25.3232,36.9302
2112002.0,11.1605,24.6801,42.7293
2120002.0,11.4487,24.7997,47.8527
2128002.0,12.0372,25.2172,1.1069
2136002.0,13.0768,25.8837,4.748069999999999
2144002.0,13.6489,25.6467,9.451210000000001
2152002.0,14.8117,26.3168,12.6143
2160002.0,14.8968,30.1463,21.7377
2168002.0,15.4426,30.1481,26.8839
2176002.0,14.7128,30.1108,30.8414
2184002.0,16.2467,29.6538,34.324
2192002.0,16.1691,29.715,38.4775
2200002.0,12.075999999999999,29.9298,37.9696
2208002.0,12.9946,30.9987,41.3551
2216002.0,14.3465,31.2529,45.6188
2224002.0,15.9873,31.6497,1.8998400000000002
2232002.0,18.6762,31.6273,5.55375
2240002.0,19.8116,31.35,10.2773
2248002.0,20.5363,31.28,13.745999999999999
2256002.0,21.0096,31.4618,16.6859
2264002.0,21.7553,31.7944,20.4716
2272002.0,21.9274,31.5243,25.4193
2280002.0,22.5775,31.2534,29.6637
2288002.0,22.4403,30.7713,34.766
2296002.0,24.0922,30.4346,39.8553
2304002.0,25.8935,30.7563,44.0372
2312002.0,26.1123,30.6854,49.0661
2320002.0,27.8907,30.5012,4.23205
2328002.0,29.3422,30.6071,8.82503
2336002.0,29.5977,30.6067,13.3092
2344002.0,30.7783,30.5715,18.3645
2352002.0,31.7453,30.4575,22.7052
2360002.0,32.9087,30.6946,26.9088
2368002.0,33.6718,30.8709,31.5594
2376002.0,33.9461,30.6543,36.7058
2384002.0,34.2911,30.3772,40.7307
2392002.0,34.7998,30.4938,45.1527
2400002.0,35.3114,30.4314,49.4213
2408002.0,35.8212,30.2079,4.7234300000000005
2414002.0,36.4787,30.7168,9.17408
2422002.0,37.4545,30.325,15.8079
2430002.0,42.5679,30.2003,20.147000000000002
2438002.0,45.9094,29.8743,25.4794
2446002.0,47.6462,29.7925,30.1282
2454002.0,48.0679,29.8508,33.3545
2462002.0,0.681308,30.0078,37.2758
2470002.0,2.01517,30.0313,40.4189
2478002.0,3.92527,29.7552,44.7989
2486002.0,5.0816099999999995,29.9308,48.7244
2494002.0,6.60164,30.1113,3.0829
2502002.0,6.5188,30.0852,6.909269999999999
2510002.0,8.661539999999999,30.1469,11.7623
2518002.0,9.580860000000001,30.1873,15.6343
2526002.0,11.8218,30.3727,19.0277
2534002.0,13.952,30.8168,22.9392
2542002.0,14.3761,31.1108,28.2898
2550002.0,15.4441,31.1451,33.5885
2558002.0,16.2322,31.2348,36.8813
2566002.0,17.6615,31.3475,40.9844
2574002.0,19.1504,31.2816,43.3366
2582002.0,19.6852,31.3667,46.6437
2590002.0,22.8131,31.8481,0.542042
2598002.0,24.8012,32.4376,5.75134
2606002.0,25.5447,32.2874,11.0128
2614002.0,26.7359,32.3129,15.7688
2622002.0,26.6591,32.4624,19.9166
2630002.0,26.8425,32.7674,23.537
2638002.0,26.9745,33.0476,28.241999999999997
2646002.0,27.3502,33.3908,33.234
2654002.0,28.3529,33.6081,37.6564
2662002.0,28.7147,33.3868,41.9492
2670002.0,29.323,33.4507,47.3036
2678002.0,31.031,34.3215,2.5061299999999997
2686002.0,33.6936,34.532,6.743539999999999
2694002.0,35.1582,34.5074,10.3586
2702002.0,35.6988,34.3154,14.9968
2710002.0,36.1398,34.4091,20.4614
2718002.0,36.961999999999996,34.6467,25.2194
2726002.0,38.2847,35.7554,28.2252
2734002.0,39.3685,35.9553,33.3094
2742002.0,40.9675,36.5013,37.7841
2750002.0,42.7032,36.9833,42.5706
2758002.0,43.8781,37.3929,47.0414
2766002.0,44.1158,37.5371,2.9308799999999997
2774002.0,43.7815,37.9104,7.415539999999999
2782002.0,43.8915,38.1095,12.0418
2790002.0,43.7075,38.5352,17.3813
2798002.0,44.233999999999995,38.7263,22.2898
2806002.0,44.9978,38.735,27.1838
2814002.0,45.1004,38.5903,32.5436
2822002.0,45.6596,38.622,37.5185
2830002.0,46.2869,38.7597,41.7099
2838002.0,46.5345,38.9391,46.0359
2846002.0,48.4255,39.0758,0.388974
2854002.0,0.932634,38.639,5.38629
2862002.0,2.23749,38.7331,10.4217
2870002.0,2.26335,38.7742,14.138
2878002.0,3.8150699999999995,39.126999999999995,19.0497
2886002.0,4.08774,38.743,23.4325
2894002.0,4.8477,39.1069,27.9325
2902002.0,5.14133,39.9205,33.1949
2910002.0,5.09035,40.4089,38.0512
2918002.0,5.18767,40.39,42.2273
2926002.0,5.08116,40.7284,47.3233
2934002.0,5.45442,40.771,3.20738
2942002.0,6.29822,40.6744,8.30878
2950002.0,5.55176,41.0226,13.1521
2958002.0,5.46805,41.0097,17.8745
2966002.0,5.68401,40.8315,22.665
2974002.0,5.63206,40.9824,27.5385
2982002.0,5.573840000000001,41.0435,32.6021
2990002.0,6.06364,41.0658,37.5423
2998002.0,6.4331,41.0155,42.6044
3006002.0,7.05728,40.982,47.5755
3014002.0,7.52982,40.8544,3.10638
3022002.0,8.10391,40.5992,8.055480000000001
3030002.0,8.48123,40.5609,13.1822
3038002.0,9.00726,40.9006,18.5437
3046002.0,9.32392,40.8844,23.4626
3054002.0,10.7968,41.2048,28.6184
3062002.0,10.7291,41.3904,33.6085
3070002.0,10.8499,41.5337,38.9437
3078002.0,10.2867,41.336000000000006,43.4993
3086002.0,10.7505,41.1334,48.3168
3094002.0,11.3437,41.1019,3.83866
3102002.0,12.0125,41.1943,7.7266699999999995
3110002.0,12.5108,41.6175,12.3648
3118002.0,13.1523,42.2154,16.9069
3126002.0,13.4113,43.0153,22.328000000000003
3134002.0,14.2146,43.0162,27.0621
3142002.0,14.3569,42.6882,32.2542
3150002.0,15.3089,42.6641,36.4546
3158002.0,16.8011,43.1217,41.0741
3166002.0,17.565,43.1639,44.2702
3174002.0,18.1164,42.7953,47.9601
3182002.0,19.5074,42.8217,3.77851
3190002.0,20.4914,42.2367,8.30443
3198002.0,21.276,42.2899,12.4307
3206002.0,23.5292,41.8042,16.0768
3214002.0,24.8191,41.6426,20.1161
3222002.0,27.8038,41.8631,24.026
3230002.0,28.3585,42.2748,29.3241
3238002.0,29.0773,42.3144,34.0753
3246002.0,30.4832,42.49100000000001,38.0968
3254002.0,30.3695,42.2811,42.2838
3262002.0,31.4211,42.3433,46.0676
3270002.0,32.1822,42.5916,1.01647
3278002.0,32.4286,42.559,5.06455
3286002.0,33.0983,42.4504,9.32601
3294002.0,33.4716,42.6924,12.8226
3302002.0,33.9259,42.8829,17.5909
3310002.0,34.7362,42.5429,21.4868
3318002.0,34.9981,42.6596,26.2699
3326002.0,35.325,43.0755,31.1791
3334002.0,35.8649,43.0852,36.0585
3342002.0,36.3271,42.7677,40.8832
3350002.0,37.0125,42.6361,44.7998
3358002.0,39.0123,42.6761,49.3505
3366002.0,41.1081,42.5416,5.75896
3374002.0,42.0799,42.4102,10.4123
3382002.0,42.6609,42.2393,15.343
3390002.0,44.4576,42.3201,19.6743
3398002.0,45.7502,42.6825,24.7959
3406002.0,46.4427,43.0012,29.6459
3414002.0,48.2928,43.1049,34.6024
3422002.0,1.08187,43.0763,39.439
3430002.0,3.3297,42.8892,44.1738
3438002.0,4.061640000000001,42.8599,48.7762
3446002.0,4.3529599999999995,42.6878,3.96599
3454002.0,4.3604,42.8852,8.941189999999999
3462002.0,4.59542,43.0058,13.8391
3470002.0,4.6097,42.9215,18.7745
3478002.0,4.7676300000000005,43.0351,23.726
3486002.0,4.3859900000000005,43.1072,28.4947
3494002.0,4.57236,43.2059,33.3433
3502002.0,5.10663,43.1759,38.3634
3510002.0,5.24241,43.0393,43.196999999999996
3518002.0,5.18464,42.8441,48.1881
3526002.0,5.28477,42.5176,3.2313400000000003
3534002.0,6.17779,42.3374,8.71795
3542002.0,5.7897300000000005,42.1443,13.7079
3550002.0,5.9794,41.9766,18.1248
3558002.0,5.4524099999999995,41.9738,22.4936
3566002.0,5.68634,42.1226,27.5659
3574002.0,6.0738,42.0212,32.2872
3582002.0,6.14243,42.1163,37.3702
3590002.0,6.32134,42.0131,42.1535
3598002.0,6.5083,42.0267,47.4808
3606002.0,7.28932,42.2502,2.97215
3614002.0,8.0364,42.468999999999994,7.7114
3622002.0,8.36754,42.6571,13.1435
3630002.0,8.55913,42.7728,18.1924
3638002.0,8.43172,42.8291,22.884
3646002.0,8.67437,42.7767,27.9123
3654002.0,8.89887,42.7696,32.6072
3662002.0,8.75351,42.7307,37.7191
3670002.0,8.5746,42.8399,42.56
3678002.0,8.98123,43.0731,47.7755
3686002.0,9.40325,43.3106,3.3366
3694002.0,9.25809,43.8047,8.4888
3702002.0,9.37317,43.6878,13.3098
3710002.0,9.31379,43.7974,18.4671
3718002.0,9.17707,43.9994,23.6982
3726002.0,9.346860000000001,44.1159,28.7911
3734002.0,9.2584,44.1987,33.900999999999996
3742002.0,9.27787,44.2448,39.042
3750002.0,9.6135,44.3215,43.8211
3758002.0,10.2409,44.0369,48.4203
3766002.0,11.444,43.9331,3.3879900000000003
3774002.0,11.9308,43.891000000000005,8.6569
3782002.0,12.3212,43.848,13.1865
3790002.0,12.2545,43.9708,18.5228
3798002.0,12.3093,44.1685,23.3282
3806002.0,12.2533,44.3691,28.3411
3814002.0,13.1926,44.3619,32.9346
3822002.0,14.2094,44.1138,37.3641
3830002.0,14.3717,44.232,42.1711
3838002.0,14.3953,44.2207,47.332
3846002.0,14.4363,44.3015,2.8787
3854002.0,14.4253,44.298,7.84655
3862002.0,14.7174,44.2228,12.4657
3870002.0,14.9781,44.1641,17.8071
3878002.0,15.0371,44.3149,23.0099
3886002.0,15.2842,44.2669,27.7982
3894002.0,16.0151,44.1956,32.6655
3902002.0,16.4205,44.2172,37.528
3910002.0,17.0238,44.1903,42.4426
3918002.0,18.0308,44.1305,47.388999999999996
3926002.0,19.441,44.0822,2.65286
3934002.0,20.2656,43.7833,7.51973
3942002.0,20.4249,43.5083,12.2944
3950002.0,20.5614,43.5174,17.0343
3958002.0,20.9444,43.4972,21.9811
3966002.0,21.3107,43.4395,26.4191
3974002.0,21.7456,43.4018,31.1909
3982002.0,22.2799,43.3166,35.9632
3990002.0,22.7876,43.3867,40.6968
3998002.0,23.3748,43.31399999999999,45.4137
4006002.0,23.7622,43.1287,0.69896
4014002.0,24.0468,43.1078,5.72865
4022002.0,24.2617,43.308,10.6078
4030002.0,24.468000000000004,43.3735,15.1088
4038002.0,24.75,43.3794,19.6017
4046002.0,25.3762,42.9558,24.2682
4054002.0,25.4683,42.8766,29.1806
4062002.0,26.5411,43.0159,33.8166
4070002.0,26.9277,42.7253,38.295
4078002.0,26.4256,41.9717,43.4752
4086002.0,26.9757,41.9345,47.9966
4094002.0,27.6614,41.9689,2.7982299999999998
4102002.0,27.9306,42.0389,7.640339999999999
4110002.0,28.358,42.038000000000004,12.1706
4118002.0,28.5966,42.0044,16.8854
4126002.0,28.9259,41.9583,21.7565
4134002.0,28.91,41.7996,26.021
4142002.0,29.1699,41.8581,30.7434
4150002.0,29.5263,41.6742,35.6683
4158002.0,30.1197,42.0819,40.2621
4166002.0,30.7412,42.2649,44.8851
4174002.0,31.6869,42.0696,0.0493136
4182002.0,31.4044,42.0594,4.71611
4190002.0,31.9217,42.2898,9.75798
4198002.0,32.5981,41.5846,14.2474
4206002.0,32.9084,41.2405,19.1817
4214002.0,33.0016,41.0243,24.2256
4222002.0,32.8978,40.9829,29.8173
4230002.0,33.3689,41.3829,34.5245
4238002.0,34.9987,41.573,39.3467
4246002.0,36.2425,41.917,44.3687
4254002.0,37.1562,42.5576,0.495428
4262002.0,38.0029,42.9031,5.96406
4270002.0,38.0145,42.7265,10.3886
4278002.0,38.5042,42.7251,15.9497
4286002.0,38.747,42.7524,20.6238
4294002.0,39.5231,42.9098,24.9159
4302002.0,40.0775,42.7814,29.9686
4310002.0,40.6706,42.9893,34.8855
4318002.0,40.8301,43.0311,39.5344
4326002.0,40.8114,42.7096,44.3154
4334002.0,41.3766,42.3314,49.065
4342002.0,41.9551,42.4003,4.4724699999999995
4350002.0,41.5104,42.8298,9.75959
4358002.0,41.5217,42.7258,14.3494
4366002.0,41.5943,42.9115,18.6819
4374002.0,42.3535,42.9543,23.1915
4382002.0,43.1441,42.9364,27.6646
4390002.0,43.4825,42.5915,31.878
4398002.0,43.4405,42.5911,37.484
4406002.0,43.8869,42.3849,42.1102
4414002.0,44.0008,42.367,46.8249
4422002.0,44.0133,42.3435,2.43257
4430002.0,43.8749,42.2334,7.63352
4438002.0,44.0811,42.07899999999999,12.4624
4446002.0,44.4796,41.6859,16.6144
4454002.0,44.8337,41.4031,21.2168
4462002.0,45.0823,41.477,26.3481
4470002.0,46.1041,41.8922,30.8563
4478002.0,46.7631,41.8323,35.0422
4486002.0,47.5565,41.9573,39.5547
4494002.0,47.7236,42.5911,44.9162
4502002.0,48.2088,42.6774,0.46891000000000005
4510002.0,48.3573,42.8249,5.24277
4518002.0,48.7325,42.7684,9.210239999999999
4526002.0,48.9142,42.8959,14.2506
4534002.0,0.141372,42.1514,18.7079
4542002.0,0.385834,42.0911,23.2114
4550002.0,0.9122969999999999,42.0055,27.3732
4558002.0,1.32464,41.887,32.2404
4566002.0,1.51915,41.6318,37.0065
4574002.0,3.28767,42.2004,42.0952
4582002.0,3.7796199999999995,42.1871,47.4128
4590002.0,5.61109,42.232,2.43765
4598002.0,7.07107,42.6348,7.773339999999999
4606002.0,8.121039999999999,42.6594,12.1088
4614002.0,9.19096,42.7794,16.1819
4622002.0,9.70819,43.2472,20.3721
4630002.0,10.4425,43.2807,24.3846
4638002.0,11.3175,43.2915,27.8522
4646002.0,11.2244,43.2697,32.6191
4654002.0,11.3148,43.0818,37.1427
4662002.0,11.9762,42.8514,41.7958
4670002.0,12.925999999999998,43.0019,46.3794
4678002.0,13.505999999999998,43.0443,1.59161
4686002.0,14.2321,42.699,5.90875
4694002.0,14.85,42.7117,10.3496
4702002.0,15.7383,42.8752,14.5324
4710002.0,17.1321,42.9404,18.3581
4718002.0,17.3586,42.6382,22.9415
4726002.0,17.9229,42.4711,27.3974
4734002.0,18.1629,42.9247,31.9046
4742002.0,18.3915,42.9375,36.5092
4750002.0,18.6004,43.251999999999995,41.1172
4758002.0,18.3039,42.2553,44.8244
4760002.0,18.3969,42.2197,45.5737
4768002.0,19.3858,42.0876,1.1566100000000001
4776002.0,20.7723,41.9108,5.01466
4784002.0,22.7103,41.7284,10.1428
4792002.0,23.5675,41.4727,14.5074
4800002.0,24.3363,41.1321,18.7251
4808002.0,24.621,41.1332,23.3509
4816002.0,26.0857,41.236999999999995,27.91
4824002.0,27.9733,41.0016,32.451
4832002.0,29.7494,40.7936,36.9999
4840002.0,31.237,40.7204,41.8087
4848002.0,32.59,40.2444,45.808
4856002.0,35.2793,40.2168,0.313346
4864002.0,35.6976,39.794000000000004,5.51197
4872002.0,38.8221,39.0275,9.33005
4880002.0,38.5347,39.3393,14.3634
4888002.0,39.1372,39.5561,18.9165
4896002.0,41.4844,39.7461,23.8323
4904002.0,43.8094,39.8604,27.8131
4912002.0,44.3615,39.88,32.5047
4920002.0,47.1899,39.3205,36.8462
4928002.0,49.1816,39.5394,41.288999999999994
4936002.0,0.490389,39.5652,46.4824
4944002.0,0.303879,40.0697,0.464688
4952002.0,1.42935,40.0671,4.5318
4960002.0,1.7346599999999999,39.7375,9.43667
4968002.0,2.22343,40.0969,14.1984
4976002.0,2.78462,39.9636,18.8002
4984002.0,3.62839,39.861999999999995,23.7906
4992002.0,4.56407,39.8687,26.9907
5000002.0,5.78667,39.6401,32.0267
5008002.0,6.19638,39.8269,36.8767
5016002.0,6.7108300000000005,39.4665,40.3056
5024002.0,7.33427,39.2635,44.6477
5032002.0,8.41591,39.2924,49.4691
5040002.0,10.0062,39.2326,4.95875
5048002.0,10.429,39.2168,8.82141
5056002.0,11.6582,39.2513,12.899000000000001
5064002.0,13.7433,39.297,16.8072
5072002.0,14.864,38.916,20.2646
5080002.0,15.9159,39.431999999999995,25.9555
5088002.0,16.5381,39.2165,30.5258
5096002.0,18.4784,39.3652,35.6726
5104002.0,19.3592,39.4432,40.4051
5112002.0,19.8426,39.6269,45.055
5120002.0,20.5258,39.5141,1.73855
5128002.0,21.2926,39.718,6.96318
5136002.0,21.4815,39.6466,11.9956
5144002.0,22.2761,39.9466,16.3402
5152002.0,22.754,39.8565,20.9846
5160002.0,23.4749,39.405,26.755
5168002.0,23.9445,39.4388,31.9114
5176002.0,24.5407,39.679,37.4454
5184002.0,24.7265,40.0218,42.0505
5192002.0,25.2188,39.6823,46.8852
5200002.0,26.1343,40.0635,2.30824
5208002.0,26.4005,39.8456,6.05389
5216002.0,27.5374,39.5345,10.8868
5224002.0,28.4345,39.5515,15.1936
5232002.0,28.912,39.4676,20.8903
5240002.0,29.2004,39.5126,26.2963
5248002.0,29.8931,39.6002,30.1614
5256002.0,30.1296,39.9168,34.1572
5264002.0,30.5211,40.1244,38.7929
5272002.0,30.2871,40.4103,43.2996
5280002.0,31.8279,40.3132,48.1826
5288002.0,32.0336,40.3008,3.8336699999999997
5296002.0,32.2997,41.2081,8.21606
5304002.0,32.4979,41.4175,13.7061
5312002.0,34.2061,41.1748,18.6357
5320002.0,34.1106,41.6826,23.2079
5328002.0,34.1955,41.9063,27.984
5336002.0,35.5721,41.7691,32.5589
5344002.0,36.8086,42.0144,36.4262
5352002.0,37.1313,41.9966,40.8296
5360002.0,37.9967,42.0102,44.4177
5368002.0,38.0908,42.0393,0.126021
5376002.0,37.7933,42.0307,4.333419999999999
5384002.0,38.9246,41.9011,9.400269999999999
5392002.0,39.0601,41.5561,13.7181
5400002.0,39.2752,41.3864,18.5671
5408002.0,39.4507,41.5587,22.4019
5416002.0,40.5657,41.4658,27.6567
5424002.0,40.8185,41.3144,32.3523
5432002.0,40.9781,41.2454,36.9445
5440002.0,41.3161,41.1905,40.9465
5448002.0,42.0339,40.9037,45.6951
5456002.0,42.3833,40.9468,1.0312700000000001
5464002.0,42.3045,41.0371,5.3730199999999995
5472002.0,42.00899999999999,41.1661,10.7261
5480002.0,42.3423,41.2227,15.6464
5488002.0,43.3106,41.0322,19.8101
5496002.0,44.3396,40.9263,24.6417
5504002.0,44.3911,41.1135,29.7056
5512002.0,45.0011,41.0896,33.8943
5520002.0,45.8937,41.0542,38.6258
5528002.0,47.0718,40.9934,42.8987
5536002.0,47.6658,41.1548,47.5124
5544002.0,48.2971,41.1603,2.4679599999999997
5552002.0,49.35,40.9771,6.89991
5560002.0,0.27128800000000003,40.9428,11.7908
5568002.0,1.36189,40.9429,16.367
5576002.0,2.43229,41.0128,20.9167
5584002.0,3.5022599999999997,41.5509,25.8626
5592002.0,4.28094,41.6404,30.7627
5600002.0,4.29556,41.6599,35.7683
5608002.0,4.67779,41.7846,40.4238
5616002.0,5.28515,41.9126,45.2704
5624002.0,5.37502,41.8015,0.443379
5632002.0,5.94464,41.8302,5.42278
5640002.0,7.6954,41.7626,10.4349
5648002.0,8.7714,41.6033,15.4477
5656002.0,9.09201,41.5246,20.6173
5664002.0,9.2922,41.6676,25.7835
5672002.0,9.782639999999999,41.7509,30.6388
5680002.0,9.86486,41.9759,35.3826
5688002.0,10.2307,42.2426,40.0879
5696002.0,10.2243,42.43,44.4555
5704002.0,10.4163,42.7247,49.3043
5712002.0,10.5168,42.7577,4.58359
5720002.0,10.4731,42.9256,9.658389999999999
5728002.0,10.5234,42.9199,14.4369
5736002.0,10.5974,43.0746,19.4701
5744002.0,10.6612,43.0081,24.5149
5752002.0,10.6583,43.0864,29.476999999999997
5760002.0,10.7216,42.6445,33.8514
5768002.0,12.0668,42.9467,38.5317
5776002.0,12.9843,42.6077,43.5818
5784002.0,12.9249,42.6286,48.7595
5792002.0,13.8023,42.2489,4.1910300000000005
5800002.0,14.2453,42.247,9.36674
5808002.0,15.1228,42.1537,14.3034
5816002.0,16.3896,42.0159,19.2789
5824002.0,16.8998,42.0269,23.9631
5832002.0,17.4279,41.9557,28.5096
5840002.0,17.8053,42.0389,34.0886
5848002.0,19.4563,41.9337,39.4728
5856002.0,21.0959,41.67,44.4895
5864002.0,22.1824,41.4953,49.4096
5872002.0,22.3436,41.0705,5.02349
5880002.0,22.2611,40.6486,9.29549
5888002.0,23.0154,40.6344,14.5842
5896002.0,23.9258,40.8344,19.4578
5904002.0,24.7176,41.1382,23.9918
5912002.0,24.9878,40.751999999999995,29.0774
5920002.0,24.9513,40.8283,34.0814
5928002.0,25.3067,41.0185,39.0859
5936002.0,25.3155,41.2852,43.8588
5944002.0,25.5037,41.4122,48.6496
5952002.0,25.3278,41.621,3.93965
5960002.0,25.401999999999997,41.2533,8.553180000000001
5968002.0,25.6889,41.2069,13.3015
5976002.0,25.5669,41.3389,18.1589
5984002.0,25.7449,41.1265,23.2382
5992002.0,25.8033,41.1414,28.4229
6000002.0,25.9102,41.4136,33.4575
6008002.0,26.0491,41.7382,38.2351
6016002.0,26.0875,41.6135,42.0617
6024002.0,26.0816,41.7849,46.9019
6032002.0,26.3449,41.7702,2.16188
6040002.0,26.3512,41.8688,7.14032
6048002.0,26.483,41.7037,12.3326
6056002.0,26.4557,41.788000000000004,16.9856
6064002.0,26.8638,41.6957,22.0707
6072002.0,27.0883,41.9546,27.1653
6080002.0,27.6733,41.8512,32.244
6088002.0,28.1222,42.0678,36.5732
6096002.0,28.5033,42.4215,41.1352
6104002.0,28.6486,42.7063,46.1351
6112002.0,29.2514,42.8516,1.51987
6120002.0,29.5247,43.0135,6.14644
6128002.0,29.8079,43.0864,11.3136
6136002.0,30.1754,42.8411,16.6562
6144002.0,30.5681,42.7914,21.5577
6152002.0,30.6412,43.1981,26.4539
6160002.0,30.9056,43.3084,32.1069
6168002.0,31.0807,43.1511,37.2468
6176002.0,31.2346,43.3633,42.9357
6184002.0,31.316,43.3983,48.0516
6192002.0,31.524,43.6751,3.7407800000000004
6200002.0,31.7419,43.5155,8.64189
6208002.0,32.1077,43.4088,13.6936
6216002.0,32.7787,43.4017,18.4359
6224002.0,33.1391,43.1649,22.6525
6232002.0,33.659,43.1524,27.2158
6240002.0,34.1275,43.2253,32.4216
6248002.0,35.266999999999996,43.2293,37.4489
6256002.0,36.436,43.323,41.9296
6264002.0,36.9879,43.9888,47.1178
6272002.0,37.4129,43.8352,2.6217799999999998
6280002.0,37.7149,43.6757,7.550339999999999
6288002.0,37.899,43.4575,12.5654
6296002.0,38.1105,43.3122,17.2467
6304002.0,38.3477,43.4908,21.6173
6312002.0,39.5583,43.4747,26.1539
6320002.0,40.4992,43.6646,31.0911
6328002.0,41.8656,43.788000000000004,36.349000000000004
6336002.0,42.0547,43.8964,41.2491
6344002.0,42.3431,43.9378,46.2253
6352002.0,42.508,43.9799,1.6773099999999999
6360002.0,42.701,43.9847,6.46643
6368002.0,43.1585,43.8155,11.4348
6376002.0,43.2196,43.776,16.6163
6384002.0,43.1528,43.68899999999999,21.6973
6392002.0,43.2988,43.8619,26.4969
6400002.0,43.2083,43.8717,31.4529
6408002.0,43.1851,43.9701,36.2872
6416002.0,43.5144,43.771,40.909
6424002.0,43.7107,43.8275,45.1165
6432002.0,44.1944,44.2887,48.9324
6440002.0,43.9333,44.3528,4.13678
6448002.0,44.1059,44.6531,9.02088
6456002.0,44.6167,44.6695,13.8394
6464002.0,45.2916,44.438,18.3745
6472002.0,45.8801,44.2858,23.3718
6480002.0,45.4916,44.3641,28.2732
6488002.0,45.8688,44.5282,32.9934
6496002.0,45.9689,44.8408,37.6594
6504002.0,45.8285,44.8636,42.0853
6512002.0,44.9105,44.6976,47.1158
6520002.0,43.7649,46.3806,0.208404
6528002.0,44.2124,46.4303,4.7487900000000005
6536002.0,44.1437,46.858000000000004,9.74339
6544002.0,44.4671,46.7899,14.3138
6552002.0,44.9373,46.7868,18.169
6560002.0,45.8969,46.42100000000001,22.7052
6568002.0,46.7061,46.4084,27.1843
6576002.0,47.4251,46.215,32.2841
6584002.0,48.0293,46.1164,37.0595
6592002.0,48.4713,46.155,42.4028
6600002.0,49.1781,46.2123,47.6818
6608002.0,0.8795350000000001,45.9355,3.23601
6616002.0,2.15013,45.8207,7.502730000000001
6624002.0,4.06695,46.0525,12.1136
6632002.0,5.45303,46.0468,16.4952
6640002.0,5.91669,46.3118,21.2515
6648002.0,6.40615,46.3498,25.8879
6656002.0,7.351439999999999,46.2041,30.956
6664002.0,7.3524199999999995,45.2831,34.3196
6672002.0,9.26362,45.8603,39.5717
6680002.0,8.30167,45.6423,42.5503
6688002.0,8.10928,46.9637,48.8577
6696002.0,9.44336,46.983999999999995,4.08045
6704002.0,12.1837,44.7598,7.5684
6712002.0,14.5796,46.3838,10.9211
6720002.0,15.4269,47.3151,15.7331
6728002.0,15.4468,47.1138,20.6607
6736002.0,15.7805,47.1309,25.7054
6744002.0,15.8046,47.0325,31.8664
6752002.0,15.6424,46.5929,40.4364
6760002.0,16.5009,46.5412,45.6694
6768002.0,16.5199,46.8873,0.7648229999999999
6776002.0,16.182000000000002,47.6244,4.46788
6784002.0,18.2408,47.5198,10.5729
6792002.0,19.3939,47.2157,15.0477
6800002.0,19.6021,47.0657,19.9175
6808002.0,19.6142,46.7579,24.1662
6816002.0,19.4685,46.2972,29.2687
6824002.0,19.9186,46.6348,33.9109
6832002.0,21.0692,46.7136,38.815
6840002.0,21.4743,46.9645,44.1038
6848002.0,22.4054,47.0815,48.6903
6856002.0,22.6669,47.006,4.19105
6864002.0,23.1045,46.9616,9.07819
6872002.0,23.2786,46.1783,14.3634
6880002.0,23.7816,46.067,18.957
6888002.0,24.2047,45.3141,24.4865
6896002.0,24.4243,44.8889,29.1994
6904002.0,24.7377,44.9274,33.9616
6912002.0,25.9008,44.8173,39.1875
6920002.0,26.6117,44.4524,44.1557
6928002.0,27.7788,44.516000000000005,49.06399999999999
6936002.0,27.6798,44.7737,3.3778300000000003
6944002.0,29.0976,44.8568,8.34296
6952002.0,30.6553,44.5132,12.9696
6960002.0,31.3991,44.6456,16.5997
6968002.0,31.9714,45.369,20.9528
6976002.0,32.908,45.2356,26.0087
6984002.0,32.6245,44.9599,30.8226
6992002.0,34.067,45.1617,36.1336
7000002.0,34.3299,44.9261,40.6709
7008002.0,35.1585,45.1575,45.503
7016002.0,35.5128,45.1911,0.389795
7024002.0,35.0298,44.9719,5.37119
7032002.0,35.9938,45.1493,9.08587
7040002.0,36.5829,45.4877,13.4289
7048002.0,37.2063,45.586000000000006,18.299
7056002.0,37.8887,45.4649,22.9112
7064002.0,38.7393,45.9542,28.0581
7072002.0,39.0249,46.5463,32.8511
7080002.0,39.1698,46.7811,37.6206
7088002.0,39.1311,47.1284,43.0324
7096002.0,38.9212,47.2376,47.2111
7104002.0,39.3793,47.1385,1.6637
7112002.0,39.6777,47.1092,6.2943
7120002.0,40.1228,46.9101,10.5548
7128002.0,40.4493,46.9278,15.5036
7136002.0,40.909,46.945,20.172
7144002.0,40.8502,46.8055,24.9197
7152002.0,41.0534,46.7302,29.963
7160002.0,41.227,46.9695,34.5591
7168002.0,41.927,46.7482,39.3777
7176002.0,42.2305,46.8858,44.1247
7184002.0,43.965,46.8304,49.045
7192002.0,44.0141,46.8447,4.50019
7200002.0,44.4604,46.637,9.37315
7204002.0,44.1311,46.7751,11.4664
7212002.0,45.2407,46.7325,16.0542
7220002.0,45.8835,46.495,20.6012
7228002.0,46.2573,46.2834,25.523000000000003
7236002.0,46.3565,46.3682,30.3332
7244002.0,46.5056,46.3213,35.4934
7252002.0,46.5154,46.49100000000001,40.6093
7260002.0,46.7159,46.3614,45.0776
7268002.0,46.6291,46.5521,0.395623
7276002.0,46.4626,46.4331,5.34511
7284002.0,46.4685,46.3222,10.6973
7292002.0,46.5774,46.1197,15.6542
7300002.0,46.8525,46.0801,20.4974
7308002.0,47.3934,46.0627,25.5228
7316002.0,47.5903,45.8992,30.15
7324002.0,47.6175,46.398999999999994,34.9036
7332002.0,47.7296,46.551,40.0209
7340002.0,48.0731,46.6807,44.985
7348002.0,47.9508,46.6583,0.0664093
7356002.0,48.104,46.7744,4.42476
7364002.0,48.5776,47.0551,9.03143
7372002.0,48.5995,47.005,13.7332
7380002.0,48.6746,47.088,18.4256
7388002.0,48.6064,46.9292,23.0152
7396002.0,49.1983,46.9936,27.61
7404002.0,49.4287,46.9553,32.5267
7412002.0,49.4645,46.818000000000005,36.9489
7420002.0,49.4757,46.8373,41.5625
7428002.0,49.468,46.86600000000001,46.2606
7436002.0,49.2084,47.0228,1.68478
7444002.0,0.031028700000000003,47.008,6.4834
7452002.0,0.509031,46.9686,11.4255
7460002.0,0.796151,47.0294,16.3235
7468002.0,0.875244,47.0157,21.1983
7476002.0,0.8739809999999999,47.0025,25.7655
7484002.0,0.500458,46.8368,30.7004
7492002.0,0.823274,46.7833,35.1134
7500002.0,1.10906,46.6663,40.1467
7508002.0,1.80685,46.6252,44.8049
7516002.0,2.77122,46.1707,49.381
7524002.0,2.7548,46.4896,4.81075
7532002.0,2.45891,46.3815,9.96804
7540002.0,2.5935599999999996,46.4437,15.0208
7548002.0,2.79363,46.4815,19.3718
7556002.0,2.72187,46.5459,24.3862
7564002.0,2.90257,46.3704,29.1251
7572002.0,3.26923,46.288999999999994,33.815
7580002.0,3.4927699999999997,46.7111,38.762
7588002.0,3.5764400000000003,46.6824,43.4873
7596002.0,3.6864,46.5519,48.2009
7604002.0,3.91989,46.5567,3.3077099999999997
7612002.0,4.10663,46.516999999999996,8.148769999999999
7620002.0,4.27266,46.5516,12.734000000000002
7628002.0,4.40843,46.4864,17.4274
7636002.0,5.018269999999999,46.2635,21.7982
7644002.0,5.15001,46.4689,26.5432
7652002.0,5.19259,46.6869,30.9456
7660002.0,5.80736,46.5147,35.7349
7668002.0,6.60683,46.6178,40.6582
7676002.0,6.8677600000000005,46.592,45.6909
7684002.0,7.24955,46.5955,0.9858469999999999
7692002.0,7.756589999999999,46.5593,5.7293400000000005
7700002.0,7.53132,46.4437,10.4339
7708002.0,8.025030000000001,46.6479,15.0518
7716002.0,8.482569999999999,46.4052,19.531
7724002.0,8.58265,46.3431,24.1769
7732002.0,9.52277,46.4025,28.6567
7740002.0,9.85558,46.4441,33.5886
7748002.0,9.87256,46.388999999999996,38.6372
7756002.0,9.96146,46.4241,43.3011
7764002.0,9.995239999999999,46.4169,48.1354
7772002.0,9.956439999999999,46.3859,3.4726199999999996
7780002.0,9.8768,46.2952,8.537889999999999
7788002.0,9.578439999999999,46.5022,13.7318
7796002.0,9.428360000000001,45.8963,18.8928
7804002.0,9.84707,45.8788,23.6914
7812002.0,10.1007,45.9393,28.7377
7820002.0,10.4672,45.9615,33.5458
7828002.0,11.4316,46.2152,38.8024
7836002.0,11.6501,45.772,43.8092
7844002.0,11.5947,46.0539,48.3597
7852002.0,11.6687,46.1657,3.8704199999999997
7860002.0,11.9874,46.1812,8.84798
7868002.0,12.1639,46.1376,13.7572
7876002.0,12.7435,46.3113,18.7588
7884002.0,13.0577,46.3055,23.6644
7892002.0,13.5623,45.9927,28.4917
7900002.0,14.1114,46.2273,33.2625
7908002.0,14.5688,46.2855,38.2684
7916002.0,14.3568,46.382,43.1511
7924002.0,14.693,46.3951,47.9706
7932002.0,14.947000000000001,46.3069,3.24138
7940002.0,14.98,46.4709,7.99225
7948002.0,15.1968,46.4412,12.9112
7956002.0,15.2322,46.4421,17.4146
7964002.0,15.4479,46.5264,22.4048
7972002.0,16.0412,46.4417,27.2657
7980002.0,16.0639,46.4266,32.2784
7988002.0,16.1364,46.6689,36.9984
7996002.0,16.27,46.6612,41.0243
