2.0,44.3205,28.5444,20.5926
8002.0,0.489048,28.7393,24.5275
16002.0,1.63048,29.4809,28.2157
24002.0,0.9497120000000001,29.6354,33.1516
32002.0,1.65717,29.6444,36.6613
40002.0,2.4883599999999997,29.6374,41.0601
48002.0,2.56527,29.6038,45.5703
56002.0,2.27005,30.0709,1.3271700000000002
64002.0,1.24745,29.8478,4.59658
72002.0,1.9719200000000001,30.0727,7.297619999999999
80002.0,2.46562,29.9803,10.0108
88002.0,3.33879,30.1411,14.7908
96002.0,3.98392,30.3216,18.4173
104002.0,4.2836300000000005,30.7707,21.6302
112002.0,4.64159,30.8116,23.4841
120002.0,5.273969999999999,30.9336,26.5449
128002.0,6.34299,30.9025,30.3745
136002.0,8.1037,31.6506,34.7116
144002.0,8.68063,31.6917,37.7826
152002.0,10.3616,31.6202,40.4754
160002.0,15.1607,31.4105,44.2127
168002.0,15.4775,31.3486,47.04
176002.0,15.8396,31.5324,1.11277
184002.0,16.3188,31.8213,3.7113099999999997
192002.0,16.389,31.6852,7.915780000000001
200002.0,17.1586,31.2825,12.4442
208002.0,18.2469,30.6875,15.5125
216002.0,19.1202,30.928,20.0881
224002.0,19.695,31.128,24.8581
232002.0,21.2484,30.5443,30.7175
240002.0,21.416,30.6471,34.7272
248002.0,22.1481,30.1326,39.4719
256002.0,23.2615,29.9253,44.5343
264002.0,24.1565,29.7782,49.4299
272002.0,25.1387,29.2159,4.47133
280002.0,26.1359,29.4553,8.64366
288002.0,27.8007,29.545,14.2698
296002.0,28.2914,29.7137,18.4597
304002.0,29.4108,30.1001,22.9653
312002.0,31.1641,29.9107,26.6439
320002.0,32.7004,29.6975,30.9886
328002.0,34.1043,29.8399,35.3748
336002.0,35.3239,29.5655,40.0103
344002.0,35.5642,29.0149,44.2915
352002.0,36.2051,29.2218,48.0043
360002.0,37.4071,28.2574,1.6535400000000002
368002.0,38.7468,27.7867,4.81321
376002.0,39.0341,27.9,9.41336
384002.0,40.2818,27.499000000000002,12.5766
392002.0,41.1311,27.0271,16.7106
400002.0,41.5892,26.8076,21.2323
408002.0,42.0756,27.0123,25.1756
416002.0,42.2564,26.9153,28.5612
424002.0,42.9471,26.7903,33.2428
432002.0,43.9307,26.745,37.0531
440002.0,44.5743,26.7388,42.4358
448002.0,44.6144,26.8244,46.5393
456002.0,44.9987,27.1222,0.8724360000000001
464002.0,45.6562,27.5011,3.42441
472002.0,46.646,27.4177,8.8481
480002.0,47.6975,27.4221,13.1543
488002.0,48.7757,27.3252,17.6818
496002.0,0.808732,27.0946,22.6129
504002.0,0.662289,26.3485,26.8374
512002.0,0.9965440000000001,26.3457,30.9051
520002.0,1.52957,26.3801,34.7255
528002.0,1.518,25.2496,39.3158
536002.0,2.48762,25.465999999999998,43.9204
544002.0,4.0662400000000005,26.4634,47.7695
552002.0,6.00887,26.7738,1.86717
560002.0,7.34289,26.8456,5.79738
568002.0,7.950139999999999,26.7516,9.10138
576002.0,8.086969999999999,25.9801,14.4165
584002.0,9.60045,26.2691,18.9015
592002.0,10.1315,25.4059,21.3974
600002.0,10.2062,25.1613,25.1484
608002.0,11.052,24.9479,29.128
616002.0,13.2402,24.0255,33.2745
624002.0,13.353,24.3355,36.5516
632002.0,13.144,24.1046,39.9946
640002.0,14.9402,25.2693,42.9014
648002.0,15.7156,25.0406,44.9335
656002.0,15.967,24.4015,48.3647
664002.0,16.6761,24.2616,2.45035
672002.0,17.2161,24.6851,6.93416
680002.0,17.5952,25.4132,10.309000000000001
688002.0,17.8251,25.7777,15.2489
696002.0,17.7997,26.3497,19.3802
704002.0,17.4279,26.6244,24.8656
712002.0,18.0587,26.5655,29.7119
720002.0,18.7517,26.4116,33.745
728002.0,18.1013,26.3321,37.7573
736002.0,17.7274,26.5358,41.0664
744002.0,17.8486,26.5482,43.9642
752002.0,17.7657,26.8663,47.7155
760002.0,18.5055,26.8438,3.8028
768002.0,18.6514,27.0388,7.262010000000001
776002.0,18.9488,26.9756,12.5609
784002.0,17.8825,27.5505,16.3372
792002.0,19.1822,27.0686,19.2999
800002.0,18.9836,27.2501,23.3542
808002.0,19.2173,27.1769,26.7237
816002.0,19.0671,27.5308,31.0935
824002.0,18.8565,27.9233,34.7641
832002.0,19.9878,28.2558,39.2486
840002.0,19.9023,27.9702,42.9186
848002.0,21.1131,27.7758,46.9643
856002.0,25.2011,27.7262,0.561344
864002.0,26.7881,27.6319,4.91901
872002.0,26.2165,27.9606,8.16329
880002.0,27.5589,31.1525,12.3358
888002.0,28.8916,30.7846,17.5482
896002.0,29.4267,31.2341,21.0927
904002.0,30.8416,30.9165,25.5194
912002.0,31.7749,31.3821,28.893
920002.0,32.1587,31.1751,32.9817
928002.0,31.8756,30.7959,37.5919
936002.0,31.9072,30.5824,41.2028
944002.0,32.363,30.7378,44.5059
952002.0,33.5182,31.494,48.5354
960002.0,33.6163,31.9919,3.6412699999999996
968002.0,34.0068,31.4785,7.490069999999999
976002.0,34.859,31.0369,11.0064
984002.0,35.2809,30.781,15.8019
992002.0,35.5773,31.0528,19.2228
1000002.0,36.433,30.9527,23.3079
1008002.0,37.4351,31.105,27.9212
1016002.0,37.9493,31.4209,32.6793
1024002.0,38.5124,30.944000000000003,36.7456
1032002.0,38.6022,30.4317,39.7764
1040002.0,39.1943,30.4735,43.8733
1048002.0,38.868,30.5216,48.2026
1056002.0,38.7566,30.6513,3.06272
1064002.0,39.3621,30.8647,8.18845
1072002.0,39.9184,30.7873,12.5629
1080002.0,40.1686,30.7819,17.0753
1088002.0,40.9036,30.676,21.423000000000002
1096002.0,41.3224,31.1563,26.2285
1104002.0,42.1175,31.647,30.3637
1112002.0,41.8388,32.1264,34.8944
1120002.0,42.2049,32.3978,39.1923
1128002.0,42.6011,32.6253,43.7228
1136002.0,43.1914,32.6926,48.5486
1144002.0,43.8947,32.7256,3.20561
1152002.0,44.2141,33.0643,7.67697
1160002.0,44.1477,32.9974,12.3535
1168002.0,44.4547,32.7379,16.5682
1176002.0,44.5454,32.7599,21.1543
1184002.0,44.9352,32.5123,25.7188
1192002.0,45.1574,32.5246,30.0238
1200002.0,45.5051,32.4846,34.1178
1208002.0,46.3084,32.4347,38.7846
1216002.0,47.7402,32.7203,42.8107
1224002.0,48.052,32.2246,48.3587
1232002.0,48.8396,32.1123,3.54244
1240002.0,49.4173,32.0414,8.40362
1248002.0,0.678898,31.9704,13.5849
1256002.0,1.30849,31.6272,17.8326
1264002.0,1.7278900000000001,31.6848,22.7086
1272002.0,2.05415,31.9608,28.2161
1280002.0,4.35537,31.2732,33.1425
1288002.0,4.90043,31.3315,36.982
1296002.0,5.09119,31.6583,41.8995
1304002.0,6.2015,31.9033,46.2229
1312002.0,6.29814,32.0473,1.53813
1320002.0,7.18894,32.3553,5.72397
1328002.0,7.49649,32.5771,10.1986
1336002.0,8.83871,32.5576,14.8842
1344002.0,9.26854,32.3813,18.8335
1352002.0,9.40901,32.3245,24.1445
1360002.0,9.59103,32.5998,29.099
1368002.0,10.3961,32.7951,33.6633
1376002.0,11.1144,32.5631,38.6525
1384002.0,11.3567,32.7218,42.9612
1392002.0,11.8039,33.0578,47.9203
1400002.0,13.0534,32.535,4.00387
1408002.0,13.3992,32.7234,8.35695
1416002.0,13.5371,32.4144,13.3991
1424002.0,13.8745,32.5329,18.2248
1432002.0,14.1698,32.6632,23.5846
1440002.0,15.4905,32.9665,28.8304
1448002.0,15.6638,32.7314,32.5165
1456002.0,16.695999999999998,32.7819,36.8177
1464002.0,17.0539,33.0521,41.2051
1472002.0,17.2267,33.1292,45.5916
1480002.0,18.1716,33.4019,0.26613400000000004
1488002.0,18.9845,33.4385,4.2230099999999995
1496002.0,19.4272,33.6422,8.22809
1504002.0,20.2959,33.6144,13.1444
1512002.0,21.3712,33.8593,17.7284
1520002.0,22.0441,34.0735,22.1815
1528002.0,22.5424,34.2175,27.4851
1536002.0,22.7497,33.9852,31.9887
1544002.0,23.5844,33.9556,36.7278
1552002.0,25.3794,34.0973,40.9882
1560002.0,26.1877,34.0203,46.6769
1568002.0,26.6555,33.7589,2.29567
1576002.0,26.4853,34.0556,7.53395
1584002.0,27.2312,33.8913,12.7381
1592002.0,27.2626,34.2772,17.4439
1600002.0,27.5806,34.2841,22.2001
1608002.0,27.4686,34.3192,27.243000000000002
1616002.0,27.7719,34.2897,31.8661
1624002.0,28.166,34.108000000000004,36.4968
1632002.0,28.1391,34.0712,41.2837
1640002.0,28.765,33.9968,46.3283
1648002.0,29.2358,33.7953,0.382745
1656002.0,29.1359,34.0566,5.10101
1664002.0,29.4677,34.0581,9.88976
1672002.0,29.7263,34.2818,14.7009
1680002.0,29.7796,34.4952,20.1119
1688002.0,29.8473,34.5008,24.8014
1696002.0,29.5179,34.6357,29.6812
1704002.0,29.4476,34.9043,34.873000000000005
1712002.0,29.146,35.4196,40.4029
1720002.0,29.8036,35.4036,44.6426
1728002.0,30.2795,35.4318,48.9335
1736002.0,30.7126,35.1876,4.047619999999999
1744002.0,30.7559,35.3549,8.41924
1752002.0,30.1606,35.4043,12.3192
1760002.0,30.1028,35.3656,17.0101
1768002.0,30.8802,35.5073,21.8853
1776002.0,31.1268,35.2663,26.8415
1784002.0,31.6145,35.4048,31.2571
1792002.0,31.5154,35.5734,35.8212
1800002.0,31.6537,35.3422,41.2375
1808002.0,32.467,35.3667,45.802
1816002.0,32.6661,35.5327,0.16258499999999998
1824002.0,32.4517,36.2281,4.80356
1832002.0,32.7863,36.1065,9.11053
1840002.0,33.6001,36.2356,13.3827
1848002.0,33.0583,36.2501,17.6662
1856002.0,32.936,36.125,21.6614
1864002.0,33.3185,36.2409,26.1869
1872002.0,33.9564,36.3401,31.1344
1880002.0,34.8444,36.2167,35.7846
1888002.0,36.328,35.988,40.567
1896002.0,36.8218,35.5418,45.9726
1904002.0,36.8928,35.9115,1.20944
1912002.0,37.2506,35.6467,6.16444
1920002.0,37.2263,36.0882,11.3966
1928002.0,38.5587,35.7261,16.3886
1936002.0,39.1842,35.7098,21.1135
1944002.0,39.3514,34.8748,25.7455
1952002.0,40.0298,34.3737,30.7817
1960002.0,39.4782,34.0361,35.3758
1968002.0,39.9021,34.2925,40.0275
1976002.0,40.6226,34.5374,44.5561
1984002.0,41.0852,34.5418,0.500289
1992002.0,40.5941,34.4266,5.06918
2000002.0,41.3366,34.4259,9.37871
2008002.0,41.6355,34.1255,14.5074
2016002.0,42.1721,33.9127,19.7145
2024002.0,42.5966,34.4397,24.2941
2032002.0,43.1254,33.8511,28.3438
2040002.0,44.3063,33.9847,32.7141
2048002.0,44.8478,34.4732,38.5479
2056002.0,45.7681,33.8976,42.9232
2064002.0,46.1148,34.3934,47.6291
2072002.0,47.9239,33.9553,2.13203
2080002.0,49.3436,33.2836,6.12133
2088002.0,1.22153,33.0627,9.54225
2096002.0,2.33032,32.9243,13.6884
2104002.0,4.05441,33.1394,17.1515
2112002.0,5.32109,33.2733,22.6177
2120002.0,5.66071,33.3983,27.7389
2128002.0,5.74388,33.4443,31.0972
2136002.0,6.54913,33.2262,35.4473
2144002.0,6.99189,33.3666,40.4865
2152002.0,7.2752300000000005,33.2048,44.7147
2160002.0,7.568169999999999,32.7173,48.8734
2168002.0,8.49568,32.7505,4.4367
2176002.0,8.84876,32.655,8.15286
2184002.0,9.644039999999999,32.5756,10.8723
2192002.0,10.2674,32.4045,13.1363
2200002.0,10.3081,32.6231,16.5463
2208002.0,10.3216,32.9987,20.3761
2216002.0,12.0014,33.0557,24.4295
2224002.0,13.264000000000001,33.5269,29.7376
2232002.0,15.1573,33.8255,33.6325
2240002.0,16.2576,33.7748,38.1915
2248002.0,17.1919,33.696,42.0433
2256002.0,18.1203,33.2867,44.8051
2264002.0,18.9285,33.3734,48.0456
2272002.0,19.4233,33.0993,3.09136
2280002.0,20.2561,32.9808,6.70765
2288002.0,20.1795,33.1791,11.6919
2296002.0,21.3351,33.843,16.8766
2304002.0,22.3335,33.9482,20.6884
2312002.0,22.5249,34.1948,25.7096
2320002.0,24.1185,34.2159,30.705
2328002.0,25.0486,34.6273,35.3048
2336002.0,25.4229,34.4526,39.9129
2344002.0,26.3117,34.4502,44.6393
2352002.0,26.8689,34.2879,48.8853
2360002.0,27.8326,34.7376,3.5026
2368002.0,27.7663,34.8624,7.74823
2376002.0,27.3474,34.9219,12.4264
2384002.0,27.346,35.0564,17.0605
2392002.0,27.2976,35.0748,21.6036
2400002.0,28.0328,34.7607,26.3264
2408002.0,28.8033,34.7744,31.0112
2414002.0,29.5609,35.1754,35.207
2422002.0,31.0634,36.0871,41.5667
2430002.0,34.9013,35.8839,46.0466
2438002.0,37.4112,36.2976,0.9904270000000001
2446002.0,38.7427,36.1473,5.36329
2454002.0,39.0762,35.9042,9.40113
2462002.0,40.4723,35.9202,14.149000000000001
2470002.0,41.6302,36.2117,17.4476
2478002.0,42.729,36.1677,21.9843
2486002.0,43.5068,36.0191,26.7496
2494002.0,44.506,35.1099,30.6697
2502002.0,44.4898,35.0086,34.5911
2510002.0,46.008,35.132,39.3337
2518002.0,46.0489,34.8271,43.0903
2526002.0,48.5137,34.5135,46.3238
2534002.0,0.348608,34.1426,0.9567549999999999
2542002.0,0.362564,34.0083,5.64387
2550002.0,0.858516,34.0362,10.4028
2558002.0,2.5348599999999997,32.354,12.8226
2566002.0,3.24091,33.7752,16.8916
2574002.0,4.48466,34.4147,19.9396
2582002.0,4.88773,33.9632,24.0637
2590002.0,7.50833,34.1065,27.3862
2598002.0,9.30216,33.3491,33.4668
2606002.0,9.464789999999999,33.864000000000004,38.1792
2614002.0,10.8181,33.9315,42.6203
2622002.0,11.1112,34.1002,47.0102
2630002.0,12.1462,33.7528,1.7144599999999999
2638002.0,12.9152,33.6977,6.0917900000000005
2646002.0,13.4459,33.7715,10.8907
2654002.0,14.2666,34.0251,15.6482
2662002.0,14.3992,34.6347,19.3656
2670002.0,14.0553,34.8995,24.2237
2678002.0,15.8929,34.5978,29.4921
2686002.0,18.972,34.5312,33.7173
2694002.0,19.9682,34.5526,36.9932
2702002.0,20.9802,34.3286,41.53
2710002.0,21.4228,34.5841,46.9329
2718002.0,22.664,34.4215,2.26555
2726002.0,22.93,34.3836,5.3689599999999995
2734002.0,23.401,34.421,10.3849
2742002.0,24.4131,34.5655,14.8721
2750002.0,25.5298,34.1668,19.41
2758002.0,25.9545,34.0452,24.4776
2766002.0,26.0993,34.4302,29.3298
2774002.0,26.1995,34.6643,33.6095
2782002.0,25.9919,34.8068,38.6351
2790002.0,25.8785,35.1812,43.2096
2798002.0,26.588,35.0984,48.2826
2806002.0,27.2167,35.3347,4.10358
2814002.0,27.3342,35.3737,9.3531
2822002.0,27.8785,35.4309,13.9806
2830002.0,28.1483,36.4821,17.7044
2838002.0,28.7984,35.6908,21.8801
2846002.0,30.4546,35.6024,26.5384
2854002.0,31.5398,35.4154,31.9413
2862002.0,33.6124,35.1939,37.1056
2870002.0,33.9835,35.868,40.3306
2878002.0,35.9832,35.802,44.5166
2886002.0,35.912,35.7659,48.8244
2894002.0,36.528,35.8616,3.7004900000000003
2902002.0,37.3002,36.3338,7.94377
2910002.0,37.4692,36.6542,12.4408
2918002.0,37.7071,36.5384,16.8904
2926002.0,38.1086,36.635999999999996,22.753
2934002.0,38.5951,36.8139,27.6471
2942002.0,38.6993,36.8546,32.7195
2950002.0,38.6456,36.5944,37.5869
2958002.0,38.8475,36.6264,42.3126
2966002.0,39.7203,36.696999999999996,46.9356
2974002.0,39.6134,36.7499,1.94944
2982002.0,39.9855,36.8262,7.24183
2990002.0,40.5143,36.6978,12.1429
2998002.0,41.2304,37.1527,16.7775
3006002.0,41.8475,37.3789,21.8156
3014002.0,42.1154,37.0247,27.1024
3022002.0,42.2826,37.2941,32.0384
3030002.0,43.0147,37.2742,37.2713
3038002.0,43.6371,37.3096,41.6313
3046002.0,43.9513,37.5547,46.6006
3054002.0,44.8801,37.248000000000005,2.7656
3062002.0,45.1332,37.4669,7.27747
3070002.0,46.4524,36.9469,13.5056
3078002.0,45.288000000000004,37.3068,17.5695
3086002.0,45.7519,37.5291,22.6857
3094002.0,46.6336,37.5816,27.6642
3102002.0,46.851000000000006,37.6308,31.2814
3110002.0,46.9257,37.724000000000004,36.0974
3118002.0,47.2687,37.6956,41.0223
3126002.0,47.0691,37.7297,46.3832
3134002.0,47.95,37.0371,1.89635
3142002.0,47.8927,36.8083,6.85509
3150002.0,48.8998,37.7195,10.8746
3158002.0,2.6928,37.4841,13.5698
3166002.0,2.38165,38.1708,16.6778
3174002.0,2.89342,37.8527,19.0687
3182002.0,3.25335,38.4031,24.2918
3190002.0,4.47691,38.6164,27.9985
3198002.0,4.84476,38.5061,32.6254
3206002.0,6.25016,38.5947,36.8104
3214002.0,7.36861,38.6466,40.4508
3222002.0,8.89512,38.5198,44.8789
3230002.0,10.6357,37.8686,0.5093989999999999
3238002.0,10.8169,38.1839,4.44111
3246002.0,10.9348,38.4836,7.8766
3254002.0,11.6924,38.1904,11.4288
3262002.0,12.4551,37.879,14.6996
3270002.0,12.6453,37.8298,20.1287
3278002.0,13.1944,37.5196,24.2748
3286002.0,13.1858,37.678000000000004,28.0144
3294002.0,13.5387,37.8395,30.3347
3302002.0,14.0592,38.1913,35.8927
3310002.0,14.9086,37.7031,38.9508
3318002.0,15.628,38.0299,43.3986
3326002.0,16.5945,37.9028,47.5792
3334002.0,17.6846,37.7011,3.35986
3342002.0,18.9712,37.7179,8.548169999999999
3350002.0,19.8603,37.8027,12.9873
3358002.0,22.706,37.4286,17.5625
3366002.0,26.2685,37.1045,23.0676
3374002.0,27.3264,36.5014,28.1445
3382002.0,28.1285,36.5483,33.7371
3390002.0,30.2405,36.246,37.4663
3398002.0,30.8996,36.4124,43.1928
3406002.0,32.4282,36.4314,48.4792
3414002.0,34.9943,36.7417,3.8702099999999997
3422002.0,37.5602,36.5304,7.70685
3430002.0,39.4856,36.4867,12.2337
3438002.0,40.521,36.8969,17.3114
3446002.0,40.4676,36.6629,20.6048
3454002.0,40.6849,36.8338,25.3711
3462002.0,41.5264,36.7733,29.839000000000002
3470002.0,41.4076,36.666,34.3769
3478002.0,41.7425,36.8804,39.1148
3486002.0,42.0294,36.8195,43.4659
3494002.0,42.2936,36.8514,48.43899999999999
3502002.0,42.2945,36.7058,3.9634
3510002.0,42.2787,36.5668,8.50405
3518002.0,42.3864,36.8185,12.9755
3526002.0,42.5004,37.1621,17.8308
3534002.0,42.3627,37.1708,22.2896
3542002.0,42.5517,37.2109,27.3365
3550002.0,42.4276,36.9544,31.822
3558002.0,42.3428,36.9997,36.6731
3566002.0,42.8973,36.8445,41.7252
3574002.0,43.1829,36.7255,47.0602
3582002.0,43.4797,36.3973,3.1181799999999997
3590002.0,43.8,36.4853,8.0717
3598002.0,44.4374,36.2913,12.4044
3606002.0,44.8135,36.7846,17.3577
3614002.0,45.3707,37.1759,21.537
3622002.0,45.6349,37.1722,26.2527
3630002.0,45.8932,37.0343,30.6816
3638002.0,45.9685,36.8159,35.2305
3646002.0,46.0996,36.8999,40.1669
3654002.0,46.0706,36.8855,44.7179
3662002.0,46.1221,36.9954,0.46508999999999995
3670002.0,46.407,36.8452,4.92689
3678002.0,46.5214,36.9788,10.0888
3686002.0,47.2596,37.1105,14.9473
3694002.0,47.4296,37.3639,19.7317
3702002.0,47.6114,37.5166,24.596999999999998
3710002.0,47.7272,37.8837,28.8272
3718002.0,47.8244,38.3711,33.6771
3726002.0,48.1701,38.2337,38.2828
3734002.0,48.2126,37.918,43.3515
3742002.0,48.7143,37.608000000000004,48.1859
3750002.0,49.4015,37.6326,3.37549
3758002.0,1.7659599999999998,37.4393,8.439060000000001
3766002.0,3.5622300000000005,37.665,12.2897
3774002.0,4.84218,37.9015,17.1933
3782002.0,5.67154,37.6684,21.0697
3790002.0,6.5555,37.692,25.7496
3798002.0,7.08748,37.5036,29.9208
3806002.0,7.7021,37.2257,34.2186
3814002.0,9.57996,37.3767,38.173
3822002.0,10.0663,37.0145,41.9799
3830002.0,10.3764,37.1692,46.5396
3838002.0,10.5904,37.0665,1.9882900000000001
3846002.0,10.9089,36.9691,7.25909
3854002.0,11.2381,37.1972,12.3009
3862002.0,11.6177,37.2215,16.915
3870002.0,11.9755,37.2615,22.085
3878002.0,12.2687,37.1967,27.1567
3886002.0,12.9457,37.0983,31.83
3894002.0,13.6048,36.7172,36.5048
3902002.0,14.012,36.7987,41.1519
3910002.0,15.0504,36.8719,46.3175
3918002.0,16.6772,36.7308,2.24392
3926002.0,18.754,36.8114,6.43936
3934002.0,19.6294,36.8337,11.107999999999999
3942002.0,20.0991,36.4991,15.7879
3950002.0,20.868000000000002,36.6912,20.3645
3958002.0,21.1672,36.7986,25.3936
3966002.0,21.6947,36.4423,29.6438
3974002.0,22.7199,36.2935,34.292
3982002.0,22.7345,36.1542,38.3926
3990002.0,23.4622,35.9188,43.1084
3998002.0,24.6615,35.7272,46.8253
4006002.0,25.8822,35.7519,1.6970599999999998
4014002.0,26.3363,35.3792,6.4642599999999995
4022002.0,27.1479,35.4782,10.7669
4030002.0,27.1637,36.1906,15.6576
4038002.0,28.076,36.6593,20.0278
4046002.0,29.4862,37.0601,24.3358
4054002.0,30.5824,37.4844,29.2677
4062002.0,32.138000000000005,37.3816,34.1667
4070002.0,32.501999999999995,37.3623,37.9355
4078002.0,32.6149,36.9501,43.2232
4086002.0,33.3503,37.0115,47.4971
4094002.0,34.4237,36.8638,2.2542299999999997
4102002.0,34.6122,36.4086,7.159389999999999
4110002.0,35.0472,36.1958,11.8161
4118002.0,35.6811,36.2504,16.4249
4126002.0,35.9553,35.5852,21.7111
4134002.0,35.949,35.8061,25.2305
4142002.0,36.5576,35.5494,29.8432
4150002.0,37.4386,35.4592,35.2047
4158002.0,37.2343,35.2779,39.9768
4166002.0,38.4133,36.6546,43.8339
4174002.0,39.6549,36.5356,48.5892
4182002.0,40.0816,35.885,4.03501
4190002.0,40.983999999999995,36.2506,8.62681
4198002.0,41.8429,35.8971,13.6238
4206002.0,42.505,35.9129,18.7481
4214002.0,43.2852,36.0758,23.9488
4222002.0,43.6953,35.6656,29.7562
4230002.0,44.7227,35.6347,34.0206
4238002.0,46.5474,35.4892,39.2914
4246002.0,48.6192,35.4936,44.2456
4254002.0,1.39619,34.8545,0.37906599999999996
4262002.0,2.15373,34.9032,5.76043
4270002.0,2.09355,35.1638,9.97947
4278002.0,2.9931900000000002,35.1476,15.1282
4286002.0,3.54825,35.4706,20.2215
4294002.0,4.40393,35.3871,24.796
4302002.0,5.47711,35.5735,29.480999999999998
4310002.0,6.26207,35.5692,34.6158
4318002.0,6.15417,35.641999999999996,38.8786
4326002.0,6.579269999999999,35.5276,43.0314
4334002.0,7.58865,35.2547,47.583
4342002.0,8.17432,35.1452,3.043
4350002.0,8.54417,34.8355,8.00276
4358002.0,9.02068,34.8322,12.2769
4366002.0,9.61892,35.007,16.3906
4374002.0,10.1573,34.9614,20.4745
4382002.0,10.4035,34.7031,24.9555
4390002.0,11.1482,34.7469,30.014
4398002.0,11.625,34.3777,36.2572
4406002.0,12.3851,34.2711,41.2329
4414002.0,12.7462,34.4424,45.7429
4422002.0,12.8432,34.2197,1.21545
4430002.0,12.8045,34.0155,6.20496
4438002.0,13.3705,33.7835,11.2384
4446002.0,13.722999999999999,33.5413,14.8561
4454002.0,14.3253,33.6155,19.8208
4462002.0,14.8569,33.5724,24.802
4470002.0,15.9845,33.2436,29.8605
4478002.0,16.7339,33.7891,33.9688
4486002.0,17.7065,34.4796,39.2182
4494002.0,18.5001,34.7477,43.8341
4502002.0,19.1125,34.3182,48.8858
4510002.0,18.5306,34.5387,3.22979
4518002.0,18.819000000000003,35.0363,6.83518
4526002.0,19.3795,35.7051,11.994000000000002
4534002.0,19.6254,35.215,15.6576
4542002.0,19.8363,35.5794,19.8303
4550002.0,21.2243,35.466,23.9982
4558002.0,22.1202,36.0649,29.5614
4566002.0,22.7021,36.0745,34.0814
4574002.0,23.9363,36.3315,39.6135
4582002.0,27.2224,35.3398,44.8258
4590002.0,30.9086,35.3731,48.6368
4598002.0,32.3946,35.6031,4.48
4606002.0,34.4231,33.8777,7.921069999999999
4614002.0,35.5748,33.9908,11.7163
4622002.0,35.5941,35.2376,13.917
4630002.0,35.6858,35.6241,15.9403
4638002.0,35.8612,36.8982,17.3103
4646002.0,36.1541,36.6367,21.9261
4654002.0,36.6991,36.1916,25.0266
4662002.0,38.4215,36.2088,28.3659
4670002.0,39.1131,36.9343,31.4589
4678002.0,39.5745,37.3233,35.7067
4686002.0,40.4335,37.9755,39.448
4694002.0,41.5403,37.8703,43.9228
4702002.0,42.6177,37.4544,47.387
4710002.0,44.3476,37.3736,1.80128
4718002.0,45.0221,37.4209,6.23837
4726002.0,45.17,37.9546,9.974639999999999
4734002.0,46.8414,37.8451,14.2072
4742002.0,47.3106,38.8488,18.3454
4750002.0,47.9172,39.1265,22.5177
4758002.0,48.9832,38.9687,26.4016
4760002.0,49.1171,38.9211,27.4396
4768002.0,49.428000000000004,39.0147,32.806999999999995
4776002.0,1.5888799999999998,38.9395,36.3242
4784002.0,3.6156300000000003,39.0545,41.2703
4792002.0,4.47844,38.8824,45.67100000000001
4800002.0,5.29766,38.8057,0.6466149999999999
4808002.0,6.17582,38.957,5.342280000000001
4816002.0,7.6874199999999995,38.7939,10.1595
4824002.0,9.23457,38.588,14.3844
4832002.0,10.8075,38.5487,19.2345
4840002.0,11.6976,38.601,24.7853
4848002.0,13.1814,38.4547,28.9063
4856002.0,15.3035,39.1071,33.9853
4864002.0,15.9196,38.8899,39.1859
4872002.0,18.4238,38.5306,42.8951
4880002.0,18.6781,38.5155,46.8685
4888002.0,18.9168,38.519,1.8554599999999999
4896002.0,20.8401,38.3226,6.3811800000000005
4904002.0,21.4292,38.3883,9.54682
4912002.0,22.2518,38.1424,13.5836
4920002.0,24.5198,37.9485,17.7592
4928002.0,26.7859,37.2311,21.9943
4936002.0,27.6299,37.0446,26.899
4944002.0,26.8242,37.1295,31.0585
4952002.0,27.5334,37.0808,35.7445
4960002.0,27.6576,36.7139,40.7514
4968002.0,27.848000000000003,36.2714,45.9297
4976002.0,28.29,36.5127,1.13103
4984002.0,28.6496,36.2731,5.979030000000001
4992002.0,29.6697,36.1114,9.186689999999999
5000002.0,30.4536,35.5389,13.5933
5008002.0,31.3698,35.6275,17.8209
5016002.0,32.2901,35.6922,21.2008
5024002.0,32.515,35.3719,25.3307
5032002.0,32.8801,35.2265,29.9798
5040002.0,34.5175,34.5664,34.5147
5048002.0,35.3635,34.2741,38.5379
5056002.0,36.5113,34.0708,43.4098
5064002.0,37.784,34.1553,47.8017
5072002.0,39.3794,34.5587,2.9312
5080002.0,40.674,34.8302,8.046380000000001
5088002.0,41.125,34.5789,12.968
5096002.0,43.4933,34.3128,18.1741
5104002.0,44.662,33.9741,23.1358
5112002.0,45.8765,34.0554,28.1288
5120002.0,46.593999999999994,33.9317,33.6785
5128002.0,47.7509,34.0283,38.9181
5136002.0,47.92100000000001,34.1591,43.4976
5144002.0,48.9175,34.2374,48.5192
5152002.0,49.1502,34.1458,4.133719999999999
5160002.0,0.513836,34.2568,9.481060000000001
5168002.0,0.995964,34.3053,14.7845
5176002.0,1.2195,33.7392,19.7047
5184002.0,2.06681,33.6389,24.3413
5192002.0,3.3638,33.6646,28.4511
5200002.0,3.9225800000000004,33.8139,33.5918
5208002.0,4.82707,34.1538,37.9055
5216002.0,5.55905,34.3253,43.3116
5224002.0,6.819660000000001,33.902,47.2639
5232002.0,7.8099,34.0561,2.67583
5240002.0,8.2943,33.9361,7.78396
5248002.0,8.37834,33.678000000000004,11.267000000000001
5256002.0,8.29884,33.3443,14.9489
5264002.0,9.24342,33.4066,19.1742
5272002.0,10.0623,33.3434,23.5716
5280002.0,10.9346,33.297,28.6339
5288002.0,11.0436,33.400999999999996,32.634
5296002.0,11.7328,33.4122,37.0967
5304002.0,12.3971,33.4605,42.0572
5312002.0,14.4405,33.6382,46.563
5320002.0,14.407,33.0747,1.66432
5328002.0,14.4472,32.4453,5.8613599999999995
5336002.0,15.7644,31.8677,10.5787
5344002.0,16.980999999999998,31.3505,14.6542
5352002.0,17.6473,30.4733,18.8363
5360002.0,18.1122,31.5369,22.9629
5368002.0,18.5853,31.6106,27.6292
5376002.0,19.0572,31.9014,31.4808
5384002.0,20.783,32.0322,36.4813
5392002.0,21.405,31.131,40.1468
5400002.0,22.0567,30.8694,44.3875
5408002.0,22.1807,30.1434,48.7225
5416002.0,22.8002,29.8998,3.3364300000000005
5424002.0,22.7717,29.3027,7.11745
5432002.0,23.3012,29.1218,11.3069
5440002.0,24.9945,29.1991,14.3994
5448002.0,25.6332,29.6001,18.7352
5456002.0,26.0996,29.8967,23.9116
5464002.0,26.2396,30.0778,28.6719
5472002.0,25.6086,29.641,33.9753
5480002.0,26.4991,29.4761,38.7818
5488002.0,27.9212,29.5057,42.5771
5496002.0,29.7949,29.8203,47.2768
5504002.0,30.9875,29.5156,2.05088
5512002.0,31.7848,29.5534,5.73309
5520002.0,32.2618,29.5663,10.0243
5528002.0,33.3751,29.6223,14.3468
5536002.0,33.8227,29.7557,18.4538
5544002.0,34.8663,29.5144,22.854
5552002.0,35.4166,29.5009,26.8788
5560002.0,35.3458,29.7636,31.9668
5568002.0,36.4846,30.0578,35.9544
5576002.0,36.1774,29.9034,38.9328
5584002.0,36.5272,30.0721,43.8664
5592002.0,36.7867,29.9046,47.7619
5600002.0,36.8116,30.1844,2.32056
5608002.0,37.5023,29.9568,6.14371
5616002.0,38.0699,29.9156,10.3562
5624002.0,38.4118,30.2844,14.4064
5632002.0,38.93,30.613000000000003,18.4057
5640002.0,40.9227,30.1293,22.1083
5648002.0,42.3731,30.2876,27.1257
5656002.0,42.8811,29.8192,31.4313
5664002.0,43.2964,29.9464,35.9812
5672002.0,44.0659,30.0295,39.7336
5680002.0,44.7633,30.686,43.5841
5688002.0,45.4909,30.7497,47.2969
5696002.0,45.8974,31.1038,1.5475700000000001
5704002.0,47.3772,31.4711,6.7892
5712002.0,47.6508,30.8269,11.9569
5720002.0,47.4825,30.8346,16.6897
5728002.0,47.75,30.4519,20.5705
5736002.0,47.8888,30.5252,24.8844
5744002.0,48.2847,30.5067,30.4909
5752002.0,48.2547,30.7127,35.224000000000004
5760002.0,48.6829,30.7036,39.2723
5768002.0,0.9452790000000001,30.3841,43.3271
5776002.0,2.3789700000000003,30.307,48.4044
5784002.0,2.5681700000000003,30.3134,3.9330300000000005
5792002.0,2.8888599999999998,30.3459,8.58802
5800002.0,3.62629,30.4072,13.8731
5808002.0,5.11711,30.5894,18.4338
5816002.0,6.33763,30.3285,23.4296
5824002.0,6.684889999999999,30.089000000000002,27.0299
5832002.0,7.297810000000001,29.8697,30.7344
5840002.0,7.66487,29.3991,35.359
5848002.0,8.920169999999999,30.0864,39.4434
5856002.0,9.68413,30.2288,44.2832
5864002.0,11.3592,30.7237,48.2693
5872002.0,11.9201,30.3656,2.58228
5880002.0,12.2992,29.805,6.950880000000001
5888002.0,13.3576,29.6106,12.1732
5896002.0,14.6352,29.7601,16.0414
5904002.0,15.5677,29.2835,20.54
5912002.0,16.1221,29.2765,25.1103
5920002.0,16.4161,29.2441,30.5538
5928002.0,16.4707,29.2824,34.7709
5936002.0,16.1682,29.6832,39.6981
5944002.0,16.7759,29.7419,44.5991
5952002.0,17.6244,29.6527,0.6019770000000001
5960002.0,18.8052,28.8747,5.9254
5968002.0,19.8416,28.7206,10.5244
5976002.0,20.2446,28.8172,15.6437
5984002.0,20.9213,28.9991,19.7804
5992002.0,21.3057,28.9203,25.1163
6000002.0,22.2637,28.6935,29.930999999999997
6008002.0,22.0257,28.7037,33.9811
6016002.0,21.4916,28.6985,37.6014
6024002.0,21.7502,28.4777,42.5382
6032002.0,22.1286,28.6839,47.2161
6040002.0,22.0805,28.9014,2.56149
6048002.0,21.8116,28.8253,6.977119999999999
6056002.0,21.8079,28.4827,11.1086
6064002.0,22.208000000000002,28.639,17.0624
6072002.0,22.6047,28.325,21.3505
6080002.0,24.0804,28.0288,25.7609
6088002.0,24.4349,27.4553,30.5611
6096002.0,24.5641,27.3921,34.7023
6104002.0,25.1697,26.741,39.309
6112002.0,25.9669,26.7096,44.2363
6120002.0,25.8076,26.7438,48.7925
6128002.0,25.4449,26.7592,4.10464
6136002.0,26.2241,26.7664,8.653089999999999
6144002.0,27.2499,26.6317,13.1766
6152002.0,27.718000000000004,26.5997,17.8808
6160002.0,29.2199,26.6625,22.17
6168002.0,30.1518,25.9865,26.4475
6176002.0,30.4096,25.8889,31.3893
6184002.0,30.545,25.4916,34.7675
6192002.0,31.1255,25.3204,37.9942
6200002.0,31.7804,25.3673,41.7669
6208002.0,32.2063,25.3417,45.6885
6216002.0,32.3751,25.1533,0.423175
6224002.0,33.0421,24.9235,5.37197
6232002.0,33.2329,25.3036,9.89277
6240002.0,33.8716,25.6143,15.2994
6248002.0,35.5298,26.2327,19.8765
6256002.0,37.1232,26.6853,22.9421
6264002.0,38.0427,26.1033,26.0106
6272002.0,38.8503,26.1239,29.4865
6280002.0,39.346,26.0825,33.5726
6288002.0,39.5518,25.7405,38.0452
6296002.0,40.3284,25.7241,41.8997
6304002.0,41.4597,25.8139,45.7067
6312002.0,42.6611,26.112,0.800662
6320002.0,43.8325,26.6192,5.157830000000001
6328002.0,45.4342,26.838,9.56146
6336002.0,46.646,26.8564,13.9697
6344002.0,46.8696,26.9503,18.7149
6352002.0,46.8407,27.4114,23.6437
6360002.0,47.2194,27.6058,28.3225
6368002.0,47.8269,27.3737,32.8974
6376002.0,48.1516,27.3014,37.5434
6384002.0,48.5401,27.5021,41.9871
6392002.0,48.5427,27.1904,45.6003
6400002.0,49.0103,27.5306,0.947356
6408002.0,49.0672,27.6081,5.4907699999999995
6416002.0,0.053085,27.6036,9.67094
6424002.0,0.14189200000000002,28.1408,13.7778
6432002.0,0.414591,27.9206,18.0012
6440002.0,49.4094,27.9421,21.7733
6448002.0,49.2085,28.2825,26.094
6456002.0,0.200695,27.9414,30.3778
6464002.0,0.760038,28.1049,34.2686
6472002.0,1.40985,28.3511,39.4456
6480002.0,1.9221099999999998,28.7958,44.4086
6488002.0,3.41278,29.0401,48.6709
6496002.0,3.7097,29.0697,3.44165
6504002.0,4.8152,29.4895,7.64695
6512002.0,5.63481,29.5062,12.0388
6520002.0,6.247269999999999,29.6208,15.8091
6528002.0,6.57627,29.4543,20.7296
6536002.0,7.64665,29.6606,25.289
6544002.0,7.6668199999999995,29.4609,28.6306
6552002.0,8.12097,29.2947,32.4782
6560002.0,9.08353,30.1883,37.4783
6568002.0,10.9376,30.0167,41.0152
6576002.0,12.6615,30.618000000000002,45.4376
6584002.0,13.6511,31.6866,0.547452
6592002.0,14.9615,31.1031,4.93813
6600002.0,16.4376,31.1845,8.607619999999999
6608002.0,17.8083,31.7237,12.5153
6616002.0,19.2699,33.9404,16.9489
6624002.0,23.3344,34.2435,19.3849
6632002.0,24.9138,33.8417,23.4531
6640002.0,24.2662,34.3094,29.4357
6648002.0,25.0855,33.5409,33.236999999999995
6656002.0,26.613000000000003,33.758,38.3778
6664002.0,27.7306,33.9308,41.8304
6672002.0,29.3203,33.3538,46.7633
6680002.0,29.5007,33.3311,2.16814
6688002.0,29.6097,33.1111,6.2407699999999995
6696002.0,31.128,33.3169,10.4055
6704002.0,32.4746,32.9065,14.9947
6712002.0,34.1459,32.9883,18.8294
6720002.0,36.1338,33.0382,22.804000000000002
6728002.0,37.5274,33.3033,26.8062
6736002.0,38.2182,33.1344,30.7057
6744002.0,38.5623,32.7642,36.1251
6752002.0,40.1486,32.2248,41.6681
6760002.0,40.0694,32.6361,46.2631
6768002.0,40.122,32.571999999999996,1.33359
6776002.0,40.4538,31.9801,6.0092
6784002.0,41.4164,31.9001,10.5543
6792002.0,41.6716,31.7251,14.7085
6800002.0,41.9476,32.1878,18.3321
6808002.0,42.3524,31.9042,21.8258
6816002.0,42.2761,31.839000000000002,25.7648
6824002.0,43.7569,31.5414,30.4309
6832002.0,45.4085,31.3187,35.1609
6840002.0,45.8383,31.3627,39.7746
6848002.0,46.4187,31.2561,43.8416
6856002.0,47.3806,31.406,49.256
6864002.0,48.0342,31.5599,5.11634
6872002.0,47.8839,31.543000000000003,9.29338
6880002.0,0.0224725,31.8933,13.6108
6888002.0,0.41359700000000005,32.3131,18.7904
6896002.0,1.4001299999999999,32.0452,22.815
6904002.0,1.05344,31.9883,27.4612
6912002.0,2.96522,32.0969,33.019
6920002.0,4.52974,32.0087,38.663000000000004
6928002.0,5.40943,31.776,43.3695
6936002.0,5.5615,31.9767,47.1375
6944002.0,6.79042,31.9894,1.61669
6952002.0,9.19186,31.9768,4.97502
6960002.0,10.9594,31.7071,7.57063
6968002.0,11.8135,31.4928,11.2417
6976002.0,12.7963,31.5759,15.5503
6984002.0,12.5381,31.737,19.8688
6992002.0,13.8237,31.5778,24.2887
7000002.0,14.1883,32.3182,28.2036
7008002.0,14.8116,32.4773,32.7984
7016002.0,15.6766,32.5178,36.8734
7024002.0,15.6825,32.8544,41.5376
7032002.0,16.3792,32.5224,45.3954
7040002.0,16.8315,33.1531,49.2217
7048002.0,17.6543,33.2191,3.95779
7056002.0,19.0953,33.1059,8.1595
7064002.0,21.256999999999998,33.887,12.5482
7072002.0,22.6739,33.6668,16.8052
7080002.0,23.8205,33.5323,20.1956
7088002.0,23.7073,33.7312,24.7064
7096002.0,23.4832,33.7928,28.7261
7104002.0,24.4578,33.6346,31.7365
7112002.0,25.2673,34.0641,36.6157
7120002.0,27.1451,33.9052,41.5632
7128002.0,27.7837,33.878,45.6651
7136002.0,28.706,34.1389,1.04964
7144002.0,28.5822,34.0233,5.36541
7152002.0,28.9383,33.597,10.28
7160002.0,30.1727,32.8017,15.6741
7168002.0,30.6953,32.9257,20.2203
7176002.0,31.2236,32.8365,25.951999999999998
7184002.0,32.5497,32.9079,30.0423
7192002.0,31.6923,32.821999999999996,35.0483
7200002.0,32.9678,33.0641,40.1868
7204002.0,32.1857,33.0164,41.6851
7212002.0,34.2515,33.7319,46.3986
7220002.0,35.648,33.5962,0.332942
7228002.0,35.9061,33.788000000000004,5.19634
7236002.0,36.1562,33.9872,9.94942
7244002.0,36.4146,33.9037,14.9698
7252002.0,36.314,33.6576,20.0231
7260002.0,36.6729,33.5535,24.3357
7268002.0,37.0595,33.8185,29.1563
7276002.0,38.2129,33.5507,33.6718
7284002.0,37.5921,34.1339,38.592
7292002.0,37.7185,33.9113,43.3397
7300002.0,38.4284,34.2693,47.792
7308002.0,38.8147,34.4213,3.03621
7316002.0,39.1387,34.3006,6.58625
7324002.0,39.0619,34.6562,10.33
7332002.0,39.0321,35.47,16.1657
7340002.0,39.4682,35.6615,20.7369
7348002.0,39.3537,35.5986,24.724
7356002.0,39.3137,35.6853,28.4627
7364002.0,40.0076,35.468,32.2778
7372002.0,40.3618,35.5782,36.748000000000005
7380002.0,40.6423,35.1753,40.479
7388002.0,40.3981,35.1815,45.2575
7396002.0,40.9363,35.6509,49.1575
7404002.0,41.3061,35.8549,4.0816099999999995
7412002.0,42.0354,36.0195,8.30594
7420002.0,42.1398,35.5308,12.2655
7428002.0,42.6144,35.86,16.0588
7436002.0,42.623000000000005,35.7198,20.5584
7444002.0,42.7654,35.7586,24.6735
7452002.0,43.0757,35.6845,29.8886
7460002.0,43.153999999999996,35.9529,34.186
7468002.0,43.342,36.3126,38.7359
7476002.0,43.3872,36.2713,42.8453
7484002.0,43.4601,36.1792,47.2316
7492002.0,44.1283,35.8831,2.36039
7500002.0,44.6578,35.8068,6.90268
7508002.0,45.4048,36.0429,10.8745
7516002.0,45.3849,36.3717,15.3909
7524002.0,45.5344,35.9884,20.0748
7532002.0,45.8337,35.8218,24.7045
7540002.0,46.1483,35.8005,29.4215
7548002.0,46.0864,35.9642,32.6865
7556002.0,46.2841,36.0739,37.7553
7564002.0,46.53,36.2241,42.1141
7572002.0,46.7255,36.2756,46.7506
7580002.0,47.00899999999999,36.5099,1.55793
7588002.0,47.1118,36.8269,5.78037
7596002.0,47.6275,36.8791,10.0705
7604002.0,48.4059,37.1677,14.6262
7612002.0,48.7439,36.9568,19.5057
7620002.0,49.1278,36.9183,23.9811
7628002.0,49.2416,37.0334,28.513
7636002.0,0.243252,37.069,32.2368
7644002.0,0.717789,37.0371,36.8391
7652002.0,0.635892,37.0262,40.4394
7660002.0,1.19525,37.0363,44.7416
7668002.0,2.66384,37.1057,0.207783
7676002.0,3.21132,36.859,5.2392199999999995
7684002.0,3.7801099999999996,36.9515,9.80499
7692002.0,5.1867,36.8073,14.6082
7700002.0,5.71939,36.8811,19.0314
7708002.0,5.89802,36.8746,23.842
7716002.0,6.8199,36.7459,27.6307
7724002.0,7.10975,36.8413,32.0303
7732002.0,8.66497,37.0127,36.7543
7740002.0,10.422,36.8289,41.5951
7748002.0,10.7249,36.6212,46.6505
7756002.0,10.9384,36.688,1.75148
7764002.0,10.8335,36.8814,6.4988
7772002.0,10.77,37.3317,11.0685
7780002.0,10.9373,38.0796,15.7982
7788002.0,11.0071,38.1889,20.9135
7796002.0,11.5056,38.3658,26.1772
7804002.0,11.9941,38.4387,31.0662
7812002.0,12.7164,38.6526,36.2369
7820002.0,13.3673,39.1967,41.1823
7828002.0,14.758,39.4086,46.684
7836002.0,15.0805,39.4399,2.27074
7844002.0,15.4102,39.551,6.30203
7852002.0,15.245,39.7274,11.3923
7860002.0,15.4125,39.8809,15.8859
7868002.0,15.2315,40.2034,20.699
7876002.0,15.9895,40.3673,25.8438
7884002.0,16.5433,40.4087,30.7628
7892002.0,17.4582,40.5739,35.8344
7900002.0,17.8025,40.64,40.6177
7908002.0,18.0536,40.7547,44.7796
7916002.0,17.9881,40.7899,0.00142963
7924002.0,17.9398,40.7759,4.6634199999999995
7932002.0,18.4034,40.7791,8.9978
7940002.0,18.2915,40.7194,13.3369
7948002.0,18.5221,40.6296,17.9149
7956002.0,18.5748,40.5219,21.8673
7964002.0,18.4179,40.9973,26.4436
7972002.0,18.1474,40.9374,31.3314
7980002.0,18.0052,41.0285,36.7504
7988002.0,17.7413,41.961000000000006,41.1105
7996002.0,17.6212,42.5592,44.7881
