2.0,3.16131,21.765,4.2461
8002.0,7.6641,21.6375,7.640460000000001
16002.0,9.79382,21.326999999999998,11.3327
24002.0,8.96735,21.3423,16.2416
32002.0,8.92667,21.5716,19.5795
40002.0,9.7509,21.1426,23.0107
48002.0,11.6209,21.5448,27.3466
56002.0,13.0315,21.2271,32.2398
64002.0,11.5901,21.0197,35.3272
72002.0,12.370999999999999,21.1459,38.1014
80002.0,12.2965,20.5659,40.6577
88002.0,13.1808,20.8295,44.4692
96002.0,13.2833,20.8162,47.5549
104002.0,13.7307,20.9026,1.10574
112002.0,14.5893,20.829,2.26047
120002.0,14.7624,20.8484,4.1459
128002.0,15.3153,20.7424,7.63592
136002.0,16.7206,20.7379,10.8393
144002.0,17.2401,21.0918,13.6078
152002.0,18.8409,21.0183,15.3748
160002.0,22.4846,20.8009,15.7462
168002.0,22.6791,20.2559,17.9181
176002.0,22.2002,20.1753,19.6876
184002.0,22.1413,20.7817,21.3782
192002.0,22.0326,21.6329,24.6336
200002.0,22.1103,21.8155,28.7473
208002.0,22.1045,21.8996,32.0223
216002.0,22.0309,22.0568,36.1254
224002.0,22.2022,22.0967,39.9601
232002.0,22.4768,22.1144,44.4606
240002.0,23.2982,22.1128,48.4163
248002.0,23.7457,22.1434,2.54523
256002.0,24.6609,22.2346,6.799589999999999
264002.0,24.4912,22.6021,11.2754
272002.0,26.3383,22.7181,15.6631
280002.0,26.9422,23.0378,19.8569
288002.0,28.1386,22.8229,24.9991
296002.0,28.2878,22.5805,29.305999999999997
304002.0,29.0977,22.7743,33.4915
312002.0,30.2963,22.8435,37.5059
320002.0,31.709,22.7289,41.2645
328002.0,34.1117,22.8038,45.7263
336002.0,35.0075,23.0571,0.327733
344002.0,35.3965,22.7036,4.4646099999999995
352002.0,36.522,22.7288,7.7096
360002.0,37.823,22.3615,11.1066
368002.0,39.1983,22.564,13.6067
376002.0,39.4753,22.7281,18.0091
384002.0,40.939,22.7075,20.524
392002.0,41.1128,21.9129,24.5878
400002.0,41.4406,21.5342,28.9625
408002.0,41.7872,21.564,33.6006
416002.0,41.6917,21.5818,36.7334
424002.0,42.6773,21.799,40.9483
432002.0,43.4238,21.941999999999997,43.7558
440002.0,44.4974,21.9463,48.8433
448002.0,44.9404,21.8236,3.3786099999999997
456002.0,45.3094,22.31,6.83018
464002.0,45.795,22.906,9.52347
472002.0,46.9248,22.7162,14.7407
480002.0,48.2945,22.7548,18.3903
488002.0,49.4569,22.8251,21.5619
496002.0,1.8961299999999999,22.8872,25.2978
504002.0,1.72355,23.2242,29.8304
512002.0,2.94522,23.0407,34.1232
520002.0,3.46622,23.0473,37.926
528002.0,3.2344,22.9805,42.637
536002.0,4.45407,23.444000000000003,45.8107
544002.0,6.27398,24.193,48.8478
552002.0,8.105360000000001,23.9823,2.89913
560002.0,9.22251,24.2045,6.682989999999999
568002.0,9.58163,23.8963,9.995510000000001
576002.0,9.181569999999999,23.7435,15.9845
584002.0,9.62105,23.7237,20.7899
592002.0,9.661589999999999,23.9294,24.2854
600002.0,10.105,24.1365,27.9417
608002.0,10.7846,23.9061,31.4509
616002.0,11.7761,24.6658,35.6441
624002.0,12.4513,24.873,39.495
632002.0,12.3412,24.2356,43.1507
640002.0,14.2818,24.1102,46.1736
648002.0,15.1553,24.0687,47.8865
656002.0,15.4441,23.7508,1.5185799999999998
664002.0,16.2094,23.8079,4.96917
672002.0,16.6921,23.9231,9.24917
680002.0,17.3117,24.4498,12.6332
688002.0,17.5384,24.5048,17.6152
696002.0,18.2081,24.3222,20.516
704002.0,18.6129,24.3206,25.4889
712002.0,18.6805,24.4821,29.1731
720002.0,19.3291,23.7842,32.6977
728002.0,19.2574,23.6783,36.3639
736002.0,18.9975,23.4693,39.0425
744002.0,19.5254,23.0372,41.8133
752002.0,19.9449,23.0846,44.9533
760002.0,21.0432,22.7779,0.274631
768002.0,21.0399,22.8904,3.21263
776002.0,21.5167,22.7209,8.16676
784002.0,21.1129,22.6893,11.0136
792002.0,22.8131,22.0656,13.3875
800002.0,22.5551,21.5749,16.2296
808002.0,23.9026,21.480999999999998,17.1319
816002.0,24.2018,21.8369,21.4879
824002.0,25.1595,22.1823,24.5072
832002.0,26.2654,22.9454,29.081
840002.0,26.3699,22.8995,32.118
848002.0,27.8969,23.160999999999998,35.455
856002.0,31.009,23.5877,38.8199
864002.0,32.1218,23.5028,41.9626
872002.0,31.6516,23.6461,46.2148
880002.0,32.355,24.2156,1.28939
888002.0,33.833,24.2642,5.35455
896002.0,35.1166,24.2039,8.44537
904002.0,36.5054,24.0325,12.9184
912002.0,37.9162,23.5838,15.405999999999999
920002.0,38.5421,22.8749,19.3448
928002.0,38.5102,22.2521,22.6064
936002.0,38.6328,22.0399,24.6787
944002.0,41.2961,21.7573,28.7836
952002.0,43.7538,21.3392,32.8563
960002.0,44.1261,21.5672,36.1912
968002.0,44.5969,21.7406,39.4278
976002.0,45.5375,21.7842,42.2055
984002.0,47.3614,21.2924,46.653
992002.0,47.5695,19.7032,48.6955
1000002.0,1.24472,20.1472,3.5748699999999998
1008002.0,3.61939,20.9082,8.31073
1016002.0,4.34122,18.8705,12.0027
1024002.0,6.95477,21.3621,14.1537
1032002.0,7.72507,19.0562,14.9762
1040002.0,8.858130000000001,19.4257,18.5736
1048002.0,9.01179,20.405,21.776999999999997
1056002.0,8.82034,20.2718,25.3031
1064002.0,9.07284,19.8704,29.5429
1072002.0,9.67503,20.1516,33.2976
1080002.0,10.2082,21.1822,36.2556
1088002.0,11.1305,21.6651,39.7202
1096002.0,12.427,21.6408,43.9243
1104002.0,13.6514,21.7995,47.9416
1112002.0,13.7823,21.7574,3.09877
1120002.0,14.5732,21.7901,7.25195
1128002.0,15.9571,21.8118,11.0011
1136002.0,16.9451,21.5859,15.2724
1144002.0,18.5248,21.5002,18.1418
1152002.0,19.73,21.0262,22.4905
1160002.0,20.0488,21.1674,25.9738
1168002.0,20.062,21.3167,29.2604
1176002.0,20.631,21.1051,32.8
1184002.0,20.6536,21.4809,36.5005
1192002.0,21.3954,21.6447,39.6081
1200002.0,22.3299,21.5528,42.9966
1208002.0,24.6382,20.701999999999998,45.5913
1216002.0,25.4223,20.3988,48.1249
1224002.0,26.910999999999998,20.2775,2.78583
1232002.0,28.7486,19.886,6.19019
1240002.0,29.2838,20.2446,10.2291
1248002.0,29.3574,20.2581,14.7467
1256002.0,30.7673,20.3059,17.0027
1264002.0,31.9144,20.7469,20.2559
1272002.0,33.025999999999996,20.7009,24.4674
1280002.0,35.5075,20.6119,28.7047
1288002.0,36.6946,20.8108,31.6478
1296002.0,36.9775,21.0146,35.9316
1304002.0,38.8225,21.5953,38.9368
1312002.0,39.7551,21.7915,43.7374
1320002.0,41.2691,21.9482,47.8553
1328002.0,42.358000000000004,21.471999999999998,2.54566
1336002.0,42.9165,21.4393,6.3229999999999995
1344002.0,43.4491,21.555999999999997,8.724969999999999
1352002.0,43.9898,21.2857,13.9823
1360002.0,44.261,21.748,18.009
1368002.0,44.7444,21.6454,21.9505
1376002.0,45.549,21.701,27.0067
1384002.0,46.4417,21.44,29.9335
1392002.0,47.7722,21.2601,33.8841
1400002.0,0.06079,21.0125,38.2519
1408002.0,0.8339709999999999,21.0459,40.5885
1416002.0,1.02702,20.87,43.257
1424002.0,1.6744900000000003,20.711,47.7799
1432002.0,2.32871,20.6974,3.02298
1440002.0,4.85197,20.5421,7.40112
1448002.0,5.63664,20.6493,10.5203
1456002.0,6.793639999999999,21.0942,13.7731
1464002.0,6.52559,21.4994,17.9035
1472002.0,6.936960000000001,20.3643,21.4917
1480002.0,7.88063,20.7272,24.6943
1488002.0,9.31555,20.7562,28.8664
1496002.0,10.4977,21.513,32.527
1504002.0,12.0349,20.4998,34.9321
1512002.0,13.9265,20.2425,38.6089
1520002.0,14.3133,20.2443,42.1086
1528002.0,14.6589,20.3636,46.4628
1536002.0,14.9355,20.3006,0.698263
1544002.0,15.3669,19.8278,3.9624599999999996
1552002.0,17.3475,19.4671,7.0471
1560002.0,16.9473,19.5695,11.9072
1568002.0,17.5507,19.691,15.7725
1576002.0,16.9035,19.4825,20.0039
1584002.0,16.7776,18.9668,24.4956
1592002.0,16.6074,19.3417,28.3364
1600002.0,17.1163,19.4104,32.1531
1608002.0,17.0835,19.4005,35.8721
1616002.0,17.6448,19.1242,38.7907
1624002.0,18.2765,19.035999999999998,43.4241
1632002.0,19.4838,19.3134,46.8233
1640002.0,21.131999999999998,19.1272,1.45836
1648002.0,21.8799,19.3858,3.87574
1656002.0,22.17,19.3991,7.723560000000001
1664002.0,23.0702,19.5288,11.6366
1672002.0,23.9141,19.6375,14.4958
1680002.0,24.6345,19.034000000000002,19.1836
1688002.0,25.6182,18.8469,22.531999999999996
1696002.0,25.8491,18.7799,26.976999999999997
1704002.0,25.7582,18.57,30.4967
1712002.0,25.7879,18.8046,34.5767
1720002.0,26.9221,19.357,37.4057
1728002.0,28.2229,19.9384,40.0482
1736002.0,28.816999999999997,19.7587,42.7843
1744002.0,29.1594,20.1037,46.8341
1752002.0,28.8214,19.9,0.366338
1760002.0,28.8025,20.1641,4.9474800000000005
1768002.0,29.7216,20.1429,7.41507
1776002.0,30.2401,20.1803,11.033
1784002.0,30.4386,20.109,14.4104
1792002.0,30.4334,20.0172,17.5038
1800002.0,31.1018,19.7508,21.8606
1808002.0,32.4116,19.4409,25.3088
1816002.0,33.7304,18.9778,28.2266
1824002.0,33.9721,18.8954,31.304000000000002
1832002.0,35.3265,18.9298,34.3891
1840002.0,38.72,18.8354,36.3682
1848002.0,39.2077,18.4191,39.4362
1856002.0,40.8307,18.1019,42.1818
1864002.0,41.9435,18.0514,44.8055
1872002.0,43.6949,17.8219,47.6322
1880002.0,42.9833,17.2844,1.75098
1888002.0,44.4486,17.0767,4.5727199999999995
1896002.0,45.5213,17.2844,7.201060000000001
1904002.0,45.6945,16.9717,9.25389
1912002.0,46.6139,17.2819,12.5693
1920002.0,46.4014,17.1154,16.7502
1928002.0,48.3849,16.4969,20.3264
1936002.0,47.8469,15.865,23.6497
1944002.0,47.3843,15.7382,26.4715
1952002.0,47.9681,15.4982,30.0134
1960002.0,47.6941,15.4434,33.5419
1968002.0,48.1502,15.9321,36.9086
1976002.0,49.1679,15.8089,39.3127
1984002.0,49.4041,15.7984,42.648
1992002.0,0.168236,15.6052,46.151
2000002.0,0.856993,15.5943,49.2441
2008002.0,1.78571,16.1622,3.73241
2016002.0,3.23889,16.3652,7.6787399999999995
2024002.0,3.5944300000000005,16.5476,9.75527
2032002.0,3.85354,16.377,11.6835
2040002.0,5.36566,16.5747,14.6551
2048002.0,6.3779699999999995,17.4667,18.8334
2056002.0,7.54465,17.6861,21.1828
2064002.0,8.628210000000001,17.5382,24.2565
2072002.0,10.9642,17.2637,25.7235
2080002.0,11.359000000000002,17.9015,28.6111
2088002.0,13.2596,18.0107,29.451999999999998
2096002.0,13.6009,16.9581,32.2777
2104002.0,14.7085,16.4953,33.954
2112002.0,14.1538,17.9136,40.3674
2120002.0,14.431,17.9603,44.6403
2128002.0,15.0608,18.2424,46.7493
2136002.0,16.1365,18.3696,49.1685
2144002.0,16.7317,18.3406,4.0071900000000005
2152002.0,17.2993,18.2135,6.08789
2160002.0,18.0198,18.4135,9.60486
2168002.0,18.8176,18.4608,12.5708
2176002.0,19.0343,18.7095,15.083
2184002.0,19.964000000000002,18.4239,16.8837
2192002.0,20.3952,18.5692,18.9626
2200002.0,20.1179,19.0371,21.0829
2208002.0,20.9618,19.047,24.1777
2216002.0,22.3515,18.7187,26.9323
2224002.0,23.469,18.1542,31.6789
2232002.0,23.9806,17.7061,35.234
2240002.0,25.5533,17.5867,38.4198
2248002.0,26.3272,17.1401,41.4456
2256002.0,26.5274,16.8812,42.6728
2264002.0,26.5256,16.9185,44.2567
2272002.0,26.5904,17.3615,47.3282
2280002.0,26.8762,17.6246,0.381238
2288002.0,27.3948,18.5165,3.9856
2296002.0,28.4015,18.8184,8.47857
2304002.0,30.0352,18.9608,12.1749
2312002.0,29.8365,18.7994,15.8718
2320002.0,31.6139,18.992,19.3197
2328002.0,33.1422,19.0921,22.6775
2336002.0,33.7305,18.855999999999998,26.4577
2344002.0,34.7434,18.7491,29.5875
2352002.0,35.2443,18.9582,32.7338
2360002.0,37.1686,18.9036,35.6986
2368002.0,38.1546,19.0421,39.7631
2376002.0,38.8379,18.6845,43.2335
2384002.0,39.6793,18.6008,46.4147
2392002.0,39.7381,18.8661,49.481
2400002.0,40.6738,19.082,2.89197
2408002.0,40.7853,19.3125,7.14318
2414002.0,42.4933,19.1188,10.7059
2422002.0,45.1764,18.6005,16.3129
2430002.0,48.9873,18.4397,18.4056
2438002.0,2.14532,17.7954,22.6072
2446002.0,3.36473,17.5886,25.6265
2454002.0,3.34515,17.6708,28.6962
2462002.0,5.37311,17.9735,31.8119
2470002.0,6.6355699999999995,17.8562,34.0824
2478002.0,8.09489,17.2594,37.2499
2486002.0,9.5195,17.312,39.7766
2494002.0,10.49,17.2676,42.1219
2502002.0,10.9978,17.2064,45.133
2510002.0,12.5847,17.3514,48.6839
2518002.0,13.0074,17.987000000000002,2.29125
2526002.0,15.0923,17.6574,4.37006
2534002.0,16.3972,17.7404,7.079680000000001
2542002.0,16.3855,17.8353,11.1675
2550002.0,16.4179,17.6047,14.7668
2558002.0,17.4765,17.3048,17.0573
2566002.0,18.0136,17.5354,19.15
2574002.0,19.4438,17.5634,21.3897
2582002.0,20.2871,17.7624,23.1148
2590002.0,22.9662,18.1239,25.9872
2598002.0,24.8069,18.1845,29.4631
2606002.0,25.5342,18.6681,33.0668
2614002.0,26.3153,18.6932,36.0155
2622002.0,26.7646,19.3126,39.3405
2630002.0,27.6647,19.7674,42.644
2638002.0,28.6885,19.9027,46.3615
2646002.0,29.0453,20.1107,1.34401
2654002.0,30.1377,20.2588,5.32517
2662002.0,30.3827,19.9988,8.63447
2670002.0,30.4106,20.7342,13.1346
2678002.0,31.6269,21.4054,18.1768
2686002.0,34.7378,21.2933,21.3436
2694002.0,36.1682,21.2511,23.3987
2702002.0,37.6271,21.261999999999997,26.7857
2710002.0,38.9375,20.7527,31.8885
2718002.0,40.138000000000005,20.2546,35.5915
2726002.0,41.0342,19.9852,37.1159
2734002.0,41.8779,19.4416,40.5626
2742002.0,44.1037,19.538,44.0407
2750002.0,45.4988,20.1088,47.8569
2758002.0,46.9851,20.0932,2.21583
2766002.0,47.8541,19.5631,6.51726
2774002.0,49.0504,19.7869,9.554160000000001
2782002.0,0.22701999999999997,19.6134,12.7741
2790002.0,0.110796,19.4708,16.5366
2798002.0,0.127899,19.6711,20.6127
2806002.0,1.80489,20.0049,25.0894
2814002.0,1.93682,20.0606,30.6551
2822002.0,2.84903,19.8746,35.1079
2830002.0,3.7544800000000005,19.7965,37.7871
2838002.0,4.59959,20.1276,41.3211
2846002.0,7.0930800000000005,20.1399,44.0997
2854002.0,8.70427,20.2482,48.4958
2862002.0,9.79787,20.868000000000002,2.75437
2870002.0,10.2761,20.2678,5.59842
2878002.0,11.3698,20.6138,8.89298
2886002.0,11.7312,20.7826,11.8893
2894002.0,12.3473,20.8003,14.974
2902002.0,13.5764,21.1119,19.0939
2910002.0,13.5465,21.3092,22.583000000000002
2918002.0,12.6106,21.903000000000002,25.1075
2926002.0,12.1519,20.8524,30.5273
2934002.0,12.9972,21.0221,35.9976
2942002.0,13.7473,21.0745,40.3906
2950002.0,14.2025,21.0156,44.588
2958002.0,15.2751,20.6945,48.4428
2966002.0,16.0538,20.7611,2.83435
2974002.0,16.0392,20.6158,5.718780000000001
2982002.0,16.6589,20.1309,9.72626
2990002.0,17.4813,20.1411,13.3093
2998002.0,18.0987,20.6427,16.3573
3006002.0,19.8281,21.3161,19.0106
3014002.0,20.2206,21.2862,22.9829
3022002.0,22.1906,21.2038,25.8604
3030002.0,23.7624,21.2435,31.0921
3038002.0,25.2284,21.9956,34.3161
3046002.0,24.95,22.336,40.1101
3054002.0,26.5996,23.1503,43.8632
3062002.0,27.4058,23.4145,47.2564
3070002.0,28.9209,23.7251,1.90231
3078002.0,29.1859,23.6405,4.901730000000001
3086002.0,30.0853,23.8151,8.85983
3094002.0,31.3749,23.4433,12.5653
3102002.0,32.6621,23.553,16.1244
3110002.0,33.9078,23.7867,20.338
3118002.0,35.1823,23.7532,24.2177
3126002.0,36.0125,24.1659,28.7705
3134002.0,37.5283,24.1276,33.5122
3142002.0,37.861999999999995,24.4827,37.821999999999996
3150002.0,39.6211,24.3643,41.0095
3158002.0,43.3956,24.5774,45.0479
3166002.0,43.7718,24.3841,47.563
3174002.0,44.7967,24.5268,0.530586
3182002.0,46.1345,24.9278,5.20328
3190002.0,47.9701,25.4313,8.89133
3198002.0,48.86600000000001,25.4759,14.0889
3206002.0,1.8262200000000002,25.6368,17.724
3214002.0,3.43365,25.8269,20.255
3222002.0,6.4516800000000005,26.5624,24.8923
3230002.0,8.04049,26.3175,29.0548
3238002.0,9.14202,26.4803,33.1701
3246002.0,10.3571,27.2539,36.8822
3254002.0,10.5003,26.4666,39.8622
3262002.0,11.3455,26.3949,43.1838
3270002.0,11.5252,26.6242,48.3747
3278002.0,12.2202,26.3285,2.96571
3286002.0,13.479000000000001,25.2871,6.321330000000001
3294002.0,13.8777,26.7943,8.7679
3302002.0,14.597000000000001,26.8034,13.9169
3310002.0,15.626,27.6416,16.594
3318002.0,16.2028,27.5874,20.4218
3326002.0,17.3937,28.3296,23.9251
3334002.0,18.8272,28.4808,28.5869
3342002.0,20.2056,28.2781,33.2303
3350002.0,21.1009,28.8211,37.099000000000004
3358002.0,23.4422,29.0787,41.5821
3366002.0,26.5364,28.9612,46.5976
3374002.0,27.7575,28.381999999999998,1.8931799999999999
3382002.0,29.1114,28.0861,6.93567
3390002.0,30.7693,27.9203,10.0264
3398002.0,32.0981,27.8189,15.0249
3406002.0,33.8687,27.656999999999996,20.0936
3414002.0,35.8746,27.6724,24.4529
3422002.0,38.6676,27.744,28.6253
3430002.0,41.876999999999995,27.2736,32.9447
3438002.0,43.0575,27.6904,36.4228
3446002.0,42.3647,28.2347,39.2993
3454002.0,42.818999999999996,28.208000000000002,44.3541
3462002.0,43.2155,28.4248,48.7497
3470002.0,43.1753,28.1419,3.66108
3478002.0,43.6017,28.0566,8.12429
3486002.0,43.5125,28.2383,12.8105
3494002.0,44.1027,28.0601,17.8236
3502002.0,43.9715,27.9306,22.5593
3510002.0,44.5105,28.0966,27.336
3518002.0,44.6655,27.8128,32.0181
3526002.0,45.2298,28.3036,36.9974
3534002.0,45.2231,28.2148,41.2903
3542002.0,44.7212,28.2241,45.9763
3550002.0,45.1068,28.3155,0.935776
3558002.0,45.4336,28.2551,5.78536
3566002.0,45.8233,28.421999999999997,10.3744
3574002.0,46.2121,28.3213,15.2597
3582002.0,46.4726,28.4265,20.721
3590002.0,47.0006,28.4,25.0217
3598002.0,47.4258,28.1323,29.7216
3606002.0,48.1976,28.2349,34.2004
3614002.0,48.6596,28.647,37.4819
3622002.0,49.4135,29.389,41.0794
3630002.0,0.37779,29.4891,45.5214
3638002.0,0.708939,29.3243,0.920076
3646002.0,1.60669,29.3021,5.98839
3654002.0,1.8516,29.5007,10.6049
3662002.0,1.44487,29.9257,15.29
3670002.0,1.61667,29.7161,19.7473
3678002.0,1.83792,29.5862,25.1532
3686002.0,2.9149,29.423000000000002,30.3554
3694002.0,3.04317,29.3666,34.9322
3702002.0,3.1212,29.3494,39.8013
3710002.0,3.51879,29.2999,44.3512
3718002.0,3.72474,29.3643,48.8893
3726002.0,3.31903,29.4524,3.50064
3734002.0,3.7668699999999995,28.6934,8.29063
3742002.0,4.33515,27.8178,12.2815
3750002.0,5.19955,27.6015,16.0559
3758002.0,7.57838,28.0869,20.0006
3766002.0,10.3952,26.8821,23.315
3774002.0,11.3798,27.441,28.1731
3782002.0,12.8101,27.2595,32.0254
3790002.0,14.0532,27.4133,36.4095
3798002.0,14.3798,27.3575,40.0597
3806002.0,15.2364,27.5347,44.2553
3814002.0,17.1445,27.8663,47.5935
3822002.0,18.1956,28.1194,2.0205
3830002.0,18.9778,27.9647,6.21109
3838002.0,19.651,28.1104,11.5337
3846002.0,20.1157,28.2379,17.0549
3854002.0,20.185,28.5384,22.2221
3862002.0,20.7322,28.436999999999998,26.4012
3870002.0,21.9153,28.090999999999998,31.3123
3878002.0,22.061999999999998,28.0456,36.4977
3886002.0,22.4219,27.3553,40.9052
3894002.0,23.6915,27.5682,44.8147
3902002.0,24.0365,27.8238,48.6764
3910002.0,25.2119,28.0093,4.03293
3918002.0,26.9764,27.8251,10.0239
3926002.0,28.8722,28.0112,13.3223
3934002.0,30.2214,27.9353,17.4156
3942002.0,30.9694,27.7263,21.6693
3950002.0,31.2684,27.4339,26.8574
3958002.0,31.6031,27.3183,31.4469
3966002.0,32.3236,27.4383,35.4033
3974002.0,33.0581,27.441,38.961
3982002.0,33.5805,27.1061,41.9295
3990002.0,34.0653,27.3528,45.678000000000004
3998002.0,35.7476,27.5429,48.5586
4006002.0,36.381,28.2446,2.4058200000000003
4014002.0,36.7765,28.3811,6.645969999999999
4022002.0,37.1636,28.8905,10.5191
4030002.0,36.2596,28.8209,14.675
4038002.0,37.4224,28.5543,16.8784
4046002.0,39.1444,28.2991,20.1752
4054002.0,39.431999999999995,27.9838,24.6498
4062002.0,40.9394,27.9277,29.2633
4070002.0,40.9267,27.6651,32.4305
4078002.0,41.1077,27.7845,37.7018
4086002.0,42.0775,27.9597,42.1324
4094002.0,42.8802,28.0739,46.2343
4102002.0,43.3544,28.5279,1.21395
4110002.0,43.4597,28.5478,5.870080000000001
4118002.0,44.708,30.3092,10.4758
4126002.0,46.0,30.1738,14.8487
4134002.0,46.3253,30.4104,18.1472
4142002.0,47.4256,30.9221,22.3426
4150002.0,48.8972,30.8028,26.9472
4158002.0,0.6532720000000001,30.9588,31.3352
4166002.0,1.56942,31.4359,35.8472
4174002.0,3.07417,31.2822,39.8871
4182002.0,3.40845,32.2952,44.1267
4190002.0,4.433330000000001,32.0657,49.0974
4198002.0,5.34044,31.7567,3.6390800000000003
4206002.0,5.92579,32.0188,8.71059
4214002.0,6.3615,31.7397,14.2047
4222002.0,7.0827800000000005,31.9078,19.6841
4230002.0,7.78883,32.7786,23.5323
4238002.0,9.41688,32.8087,29.3143
4246002.0,11.5408,33.3767,33.0955
4254002.0,14.6347,33.484,39.0656
4262002.0,15.6374,33.6772,44.9809
4270002.0,15.7696,33.7326,49.4653
4278002.0,17.2835,33.6621,4.80781
4286002.0,17.8831,33.7881,9.86914
4294002.0,18.8277,34.2483,14.9411
4302002.0,19.1852,34.2936,19.868
4310002.0,19.9122,34.4744,25.0208
4318002.0,19.7515,34.5127,29.6033
4326002.0,19.953,34.5582,34.5984
4334002.0,20.3606,34.6134,39.3352
4342002.0,20.8708,34.3776,44.0475
4350002.0,21.0548,34.6461,48.973
4358002.0,21.2755,34.3013,3.9454300000000004
4366002.0,21.8038,34.318000000000005,7.5919
4374002.0,22.3636,34.2416,11.4007
4382002.0,22.5597,34.0149,15.3892
4390002.0,23.4597,34.3596,20.8622
4398002.0,23.9253,34.1606,26.6132
4406002.0,24.5885,33.8306,32.0192
4414002.0,24.6284,33.5351,36.4641
4422002.0,24.866,33.4682,40.8421
4430002.0,24.4989,33.2213,45.656000000000006
4438002.0,24.625999999999998,33.1832,1.06066
4446002.0,24.6128,32.6429,5.18973
4454002.0,24.9031,32.3458,10.2524
4462002.0,25.3342,32.3669,15.0489
4470002.0,26.3965,32.476,20.235
4478002.0,27.6677,32.6014,23.3126
4486002.0,28.6615,32.698,27.5681
4494002.0,30.0748,33.2078,31.331
4502002.0,30.8585,33.1796,36.5117
4510002.0,29.5882,32.4822,39.8757
4518002.0,30.1396,31.8556,42.7163
4526002.0,30.6734,31.9727,47.5909
4534002.0,31.9131,32.729,1.02504
4542002.0,31.2264,32.0212,5.70595
4550002.0,31.8996,31.4776,8.79675
4558002.0,32.6985,31.6504,14.3002
4566002.0,33.1983,31.6885,18.8211
4574002.0,34.3783,31.9221,23.3615
4582002.0,35.7951,31.7012,27.7142
4590002.0,37.9389,31.3417,30.9034
4598002.0,39.8815,31.6348,35.3172
4606002.0,40.994,31.2885,38.3309
4614002.0,42.5726,31.0503,41.4755
4622002.0,42.9188,30.725,43.6603
4630002.0,44.2779,30.7431,46.0862
4638002.0,45.7127,30.8485,47.8681
4646002.0,46.3377,30.9358,2.7974799999999997
4654002.0,47.0092,30.864,5.66568
4662002.0,0.118833,30.537,9.23147
4670002.0,1.43118,30.22,13.4267
4678002.0,1.7385599999999999,30.5093,17.9202
4686002.0,3.68845,30.809,22.2427
4694002.0,4.31872,30.6772,27.7856
4702002.0,5.63842,30.6517,31.0276
4710002.0,7.233860000000001,30.5722,35.0153
4718002.0,7.742839999999999,30.8103,38.9369
4726002.0,7.61135,30.92,42.6638
4734002.0,9.02549,30.8124,46.2829
4742002.0,9.5439,30.1773,0.83119
4750002.0,10.0269,30.3919,4.51565
4758002.0,10.8876,30.3518,7.69543
4760002.0,11.0315,30.2364,8.60308
4768002.0,11.5216,29.7841,15.0585
4776002.0,13.3792,30.0532,17.968
4784002.0,15.5643,29.5807,23.2981
4792002.0,17.044,29.624000000000002,27.0873
4800002.0,18.1087,29.8488,31.1003
4808002.0,19.136,29.5495,34.7907
4816002.0,22.0357,28.9297,39.0588
4824002.0,24.9134,28.5591,42.8817
4832002.0,26.7012,28.2573,47.626000000000005
4840002.0,27.6789,28.1547,2.68923
4848002.0,29.1094,28.4887,6.9341
4856002.0,32.0654,27.5844,11.2914
4864002.0,31.5912,28.7439,16.6774
4872002.0,35.4336,28.5994,20.3741
4880002.0,34.4704,28.7703,23.3309
4888002.0,35.0418,28.5517,27.4187
4896002.0,37.8507,27.4424,31.5675
4904002.0,39.257,27.799,33.7064
4912002.0,39.9815,27.6276,37.4056
4920002.0,43.4141,26.8741,40.3202
4928002.0,45.7585,27.1237,43.1793
4936002.0,46.7152,26.7799,47.4087
4944002.0,46.7466,26.934,0.782209
4952002.0,47.9447,27.0152,4.52565
4960002.0,47.9967,26.914,8.52107
4968002.0,48.3673,27.298000000000002,12.368
4976002.0,49.0959,27.1343,16.3671
4984002.0,0.43235500000000004,27.0774,20.4787
4992002.0,1.19783,27.0884,23.9733
5000002.0,2.20876,27.1747,28.3923
5008002.0,2.8952,27.5754,32.9592
5016002.0,3.12784,27.5692,35.8049
5024002.0,3.46666,27.1962,39.2586
5032002.0,3.69763,27.1108,43.943000000000005
5040002.0,5.165690000000001,27.2109,48.715
5048002.0,5.82506,26.7508,1.5781
5056002.0,7.43035,26.9454,5.566669999999999
5064002.0,8.83939,26.7716,9.5153
5072002.0,10.5694,26.7067,12.9819
5080002.0,11.8943,27.1397,17.04
5088002.0,12.7137,26.7248,21.5461
5096002.0,15.2608,26.7753,26.3881
5104002.0,16.847,26.5499,31.3694
5112002.0,17.3451,26.3256,35.605
5120002.0,17.9738,26.1884,40.5699
5128002.0,19.7062,26.2604,45.403
5136002.0,19.9158,26.4941,0.230291
5144002.0,20.9835,26.5843,4.99723
5152002.0,21.8967,26.7256,10.4057
5160002.0,23.3468,26.7337,15.4331
5168002.0,24.0958,26.6378,20.3295
5176002.0,25.0203,26.5088,24.8621
5184002.0,25.1625,26.94,29.1971
5192002.0,25.6237,27.1361,33.3051
5200002.0,26.416,27.2566,37.6792
5208002.0,27.3316,26.9875,40.794000000000004
5216002.0,28.1096,26.9568,45.396
5224002.0,28.799,26.5201,48.7326
5232002.0,29.7959,26.1577,4.14962
5240002.0,30.1499,26.0143,9.05539
5248002.0,31.0271,26.4243,12.1111
5256002.0,31.3201,27.206,15.3136
5264002.0,32.1357,27.3016,19.3933
5272002.0,32.8249,27.3919,23.2443
5280002.0,34.0293,27.1513,27.8759
5288002.0,33.7793,27.3137,32.0289
5296002.0,34.4637,27.3622,36.3127
5304002.0,35.7218,27.1731,40.6646
5312002.0,38.5873,27.7111,44.7446
5320002.0,38.8727,27.6478,49.3737
5328002.0,38.9913,27.1271,3.15687
5336002.0,40.1456,27.1429,7.48061
5344002.0,41.2828,27.3448,10.9917
5352002.0,41.7576,27.4038,15.0696
5360002.0,42.8285,27.131,17.9838
5368002.0,43.6938,27.0173,22.5036
5376002.0,43.9934,26.8947,26.5139
5384002.0,45.2182,26.9996,31.8525
5392002.0,45.3208,26.6555,34.7807
5400002.0,46.0575,27.1377,38.9529
5408002.0,46.1992,27.5553,42.3197
5416002.0,47.3978,27.3782,46.568000000000005
5424002.0,48.1615,27.173000000000002,1.16842
5432002.0,0.17763299999999999,27.2163,5.19731
5440002.0,1.75899,27.3846,8.07903
5448002.0,2.3105,27.5542,12.1317
5456002.0,3.3494699999999997,27.706999999999997,17.3372
5464002.0,4.1250599999999995,27.9409,22.138
5472002.0,4.02629,28.278000000000002,27.4834
5480002.0,5.56234,28.4459,31.4187
5488002.0,6.69267,28.5103,34.8154
5496002.0,8.41768,28.1347,38.6233
5504002.0,8.92142,28.3279,42.9091
5512002.0,10.4116,28.6193,46.5553
5520002.0,10.9828,29.0782,1.28956
5528002.0,12.7518,28.4964,4.30808
5536002.0,15.2956,26.4315,5.224819999999999
5544002.0,16.9174,27.2588,6.77133
5552002.0,19.3667,28.228,9.722489999999999
5560002.0,19.0559,26.7259,14.3286
5568002.0,20.4856,25.043000000000003,18.0547
5576002.0,21.6944,28.0305,19.0169
5584002.0,23.4652,28.8719,24.4391
5592002.0,23.5423,25.8495,28.8497
5600002.0,23.6474,25.8057,33.5292
5608002.0,24.7712,25.7585,37.3688
5616002.0,25.6808,26.0432,42.4838
5624002.0,26.6606,26.921999999999997,47.0398
5632002.0,28.0242,26.7104,1.38131
5640002.0,29.6264,26.6872,5.68741
5648002.0,30.7551,26.8069,10.7573
5656002.0,30.9135,26.7212,15.159
5664002.0,31.8151,26.6558,19.5563
5672002.0,32.7849,26.8382,23.3469
5680002.0,33.7178,26.833000000000002,27.0919
5688002.0,34.5672,26.9147,30.8621
5696002.0,35.2027,26.9294,34.6177
5704002.0,36.1368,26.7358,39.5026
5712002.0,36.9961,27.0778,44.1412
5720002.0,37.3142,27.3422,48.7133
5728002.0,38.1712,27.5053,3.52967
5736002.0,39.1536,27.1986,7.78825
5744002.0,39.6268,27.5721,13.1392
5752002.0,40.2313,27.6574,17.7815
5760002.0,40.4059,27.5683,21.4051
5768002.0,42.5263,27.7864,25.6491
5776002.0,43.863,27.9367,30.515
5784002.0,43.7725,27.8941,35.3316
5792002.0,44.663999999999994,27.8242,39.7938
5800002.0,45.5981,27.9967,45.2222
5808002.0,46.7049,27.6921,49.4487
5816002.0,48.8513,27.8674,4.92224
5824002.0,0.674511,28.4897,8.21229
5832002.0,1.24181,29.2333,11.74
5840002.0,1.8989599999999998,28.9886,16.0552
5848002.0,4.136819999999999,28.7747,20.5136
5856002.0,4.70454,28.4858,25.5015
5864002.0,6.6597,29.3898,29.7198
5872002.0,6.765860000000001,29.7217,33.8363
5880002.0,7.271139999999999,30.3088,38.6045
5888002.0,8.78087,30.9577,43.852
5896002.0,9.33858,31.0999,48.1036
5904002.0,10.1357,31.160999999999998,2.97474
5912002.0,10.9097,31.3588,7.76709
5920002.0,11.9542,31.2184,12.5628
5928002.0,12.7931,31.2346,17.0747
5936002.0,12.6989,31.3435,21.9106
5944002.0,13.2675,31.3024,26.7224
5952002.0,13.3956,31.2291,31.7463
5960002.0,14.0342,31.4921,36.5743
5968002.0,14.9453,30.9452,40.4346
5976002.0,15.0473,30.4592,45.3871
5984002.0,15.6239,29.9946,0.27267800000000003
5992002.0,16.198,29.6706,5.04362
6000002.0,16.5489,29.4941,9.73355
6008002.0,16.5699,29.1752,14.2575
6016002.0,17.039,28.496,18.3496
6024002.0,17.2592,29.035,23.174
6032002.0,17.6699,28.8414,27.5509
6040002.0,17.8048,28.3233,31.8989
6048002.0,18.8325,28.1151,36.3121
6056002.0,19.4536,27.7849,40.8926
6064002.0,20.5134,27.8536,46.0053
6072002.0,20.6899,28.2798,1.0676299999999999
6080002.0,21.6399,28.7405,5.43722
6088002.0,22.2758,28.6744,9.85184
6096002.0,22.5995,28.6758,13.8859
6104002.0,22.7978,28.8995,18.4358
6112002.0,23.6962,28.8906,23.2017
6120002.0,24.201,28.8789,27.6596
6128002.0,24.6126,29.3121,32.7504
6136002.0,24.8667,28.9308,37.0528
6144002.0,25.1611,28.9512,42.1086
6152002.0,25.6852,29.0906,46.8608
6160002.0,25.929000000000002,29.0975,2.2926
6168002.0,26.2895,29.4321,7.243239999999999
6176002.0,26.4749,29.6127,12.290999999999999
6184002.0,26.6101,29.7968,16.8093
6192002.0,26.9967,29.4043,21.385
6200002.0,27.5612,29.3381,25.2039
6208002.0,28.2388,28.6229,29.7751
6216002.0,29.2479,28.3545,34.8944
6224002.0,30.3168,28.2228,39.4723
6232002.0,32.2165,27.6021,43.7469
6240002.0,33.2737,27.1148,48.5811
6248002.0,34.6059,27.2249,3.79909
6256002.0,36.5494,27.0713,7.28672
6264002.0,38.1407,27.3335,11.0378
6272002.0,39.5551,27.9414,15.1383
6280002.0,40.0713,28.3253,19.3038
6288002.0,40.3376,28.3708,23.8462
6296002.0,40.9874,28.8947,27.8345
6304002.0,41.8509,29.1562,31.7334
6312002.0,42.9597,29.0567,36.0102
6320002.0,44.4663,29.2548,39.9158
6328002.0,46.2553,29.1187,44.9428
6336002.0,46.913999999999994,29.3526,48.7477
6344002.0,47.2746,29.6063,4.07578
6352002.0,47.3766,29.9507,8.6848
6360002.0,47.8074,29.9841,12.3773
6368002.0,48.1777,29.5578,17.871
6376002.0,48.7136,29.2863,22.7327
6384002.0,49.1085,29.3012,27.6442
6392002.0,49.4121,29.5717,31.5407
6400002.0,0.14110999999999999,29.5344,36.0976
6408002.0,0.499518,29.4582,40.7276
6416002.0,0.54113,28.9393,45.0887
6424002.0,0.689137,29.0657,49.0075
6432002.0,0.774133,29.1616,3.98611
6440002.0,0.8675459999999999,29.4229,7.59055
6448002.0,1.22684,29.7757,11.6836
6456002.0,2.2901700000000003,29.7304,15.9815
6464002.0,3.07062,29.75,20.3186
6472002.0,3.6347099999999997,29.9365,25.4621
6480002.0,4.12849,29.6744,29.9654
6488002.0,4.8613800000000005,29.5192,34.0575
6496002.0,4.557869999999999,29.686999999999998,38.2877
6504002.0,5.48608,29.7495,42.7789
6512002.0,6.56464,30.1749,47.4515
6520002.0,6.8570899999999995,30.7801,1.7844200000000001
6528002.0,7.8213,31.0438,6.58143
6536002.0,9.1038,31.305999999999997,11.6457
6544002.0,9.89512,31.3635,16.0638
6552002.0,10.1827,31.0952,19.9675
6560002.0,11.5095,31.3657,24.7271
6568002.0,12.4989,31.5388,28.0933
6576002.0,13.5025,31.5558,32.1886
6584002.0,16.3452,31.8086,37.6297
6592002.0,17.5264,31.6605,43.3275
6600002.0,19.3694,31.8319,47.2973
6608002.0,20.7976,32.2453,1.9668
6616002.0,22.6636,32.8306,5.28822
6624002.0,25.4354,32.8585,9.39888
6632002.0,27.6241,32.7484,13.4586
6640002.0,28.3159,33.091,18.1408
6648002.0,30.2377,33.2114,21.1991
6656002.0,32.0946,33.3058,25.5851
6664002.0,33.2643,32.8426,29.4306
6672002.0,35.2388,32.6193,34.083
6680002.0,36.2615,32.6588,38.9164
6688002.0,36.8102,32.4951,43.9891
6696002.0,39.3326,32.618,48.229
6704002.0,41.0857,32.824,3.42775
6712002.0,43.1045,32.9173,7.74834
6720002.0,44.5463,32.5193,11.8925
6728002.0,46.5415,32.6324,16.0362
6736002.0,47.6584,32.4766,20.0678
6744002.0,48.3451,32.1742,25.5333
6752002.0,0.737701,32.4734,30.6086
6760002.0,1.3341,32.1931,35.3706
6768002.0,1.6763099999999997,32.213,40.794000000000004
6776002.0,2.11413,31.7087,45.9019
6784002.0,3.6084300000000002,31.9844,1.08205
6792002.0,4.06095,32.1784,5.27888
6800002.0,4.5519300000000005,32.3769,9.19548
6808002.0,4.76393,32.3366,13.4462
6816002.0,4.86759,32.4022,18.6381
6824002.0,6.04219,32.5152,23.24
6832002.0,7.19607,32.3439,28.0032
6840002.0,7.06008,33.1839,32.9034
6848002.0,7.858969999999999,32.5461,37.6526
6856002.0,8.06066,32.2709,42.7294
6864002.0,8.72918,32.2732,47.3402
6872002.0,9.08132,32.0251,2.05382
6880002.0,10.4535,31.861,6.19129
6888002.0,11.334000000000001,31.7395,11.0502
6896002.0,12.5808,31.5599,14.6889
6904002.0,13.9132,31.1665,18.7883
6912002.0,16.0644,30.9244,23.3707
6920002.0,17.9012,30.5273,28.1131
6928002.0,19.4312,30.5005,32.7825
6936002.0,19.5489,30.3255,36.1754
6944002.0,21.2344,30.3737,40.0661
6952002.0,24.2387,30.0263,43.128
6960002.0,25.9569,29.7659,45.7565
6968002.0,26.8864,29.1909,49.0354
6976002.0,28.3401,28.7868,4.140680000000001
6984002.0,29.3761,28.9732,8.77016
6992002.0,30.9403,29.5684,13.2649
7000002.0,31.7966,29.5675,17.0422
7008002.0,33.5165,30.051,20.8195
7016002.0,34.3523,30.3581,25.2136
7024002.0,34.7083,30.7037,30.0058
7032002.0,35.3762,30.7512,33.3105
7040002.0,35.9829,30.3673,37.3028
7048002.0,36.7655,30.1624,41.6333
7056002.0,38.2513,30.5455,46.1073
7064002.0,41.43,30.2931,0.586202
7072002.0,43.1976,30.6206,4.47462
7080002.0,44.3951,30.4845,8.24367
7088002.0,43.4448,30.1779,12.5144
7096002.0,42.6538,30.0828,15.93
7104002.0,42.5861,29.9882,17.8167
7112002.0,42.3903,29.765,22.8135
7120002.0,44.788999999999994,29.8969,26.7736
7128002.0,45.3113,28.6101,30.4064
7136002.0,45.8576,29.1312,35.8096
7144002.0,45.536,29.073,38.7713
7152002.0,45.56399999999999,29.0214,43.1028
7160002.0,48.6744,28.6954,48.3348
7168002.0,0.3313,27.7348,1.6928
7176002.0,2.75683,29.0212,5.9983900000000006
7184002.0,5.9637,27.9148,9.40658
7192002.0,3.28148,26.3398,14.5004
7200002.0,5.37311,27.467,18.4607
7204002.0,3.89204,27.0402,20.0359
7212002.0,6.10312,27.2287,26.0612
7220002.0,7.9291100000000005,28.2725,28.1798
7228002.0,11.7118,27.3084,31.4996
7236002.0,13.4975,27.1997,34.7927
7244002.0,14.0771,28.4679,40.2984
7252002.0,14.0714,28.3486,44.6565
7260002.0,14.4493,28.4472,48.6363
7268002.0,14.3328,28.5556,4.07118
7276002.0,14.8418,28.4396,7.22214
7284002.0,14.5537,28.3119,11.8993
7292002.0,15.9856,28.3118,14.7314
7300002.0,17.5663,28.346,18.5477
7308002.0,18.343,27.9275,22.4431
7316002.0,18.9641,27.6191,25.3204
7324002.0,19.0817,27.8735,29.1935
7332002.0,19.3956,27.4682,33.9604
7340002.0,20.5572,27.7519,37.2563
7348002.0,20.7408,27.6604,40.3939
7356002.0,21.6651,27.0184,43.1069
7364002.0,22.4924,27.0339,46.1304
7372002.0,23.6839,26.7674,49.333999999999996
7380002.0,24.5376,26.6,2.84869
7388002.0,24.8444,27.1475,7.366339999999999
7396002.0,25.7826,27.6997,11.1163
7404002.0,26.4255,27.4217,15.056
7412002.0,27.807,27.693,18.8524
7420002.0,28.3491,27.8739,23.4149
7428002.0,29.1831,28.5995,28.0125
7436002.0,29.5573,28.2898,32.3446
7444002.0,29.3703,28.8112,36.2772
7452002.0,29.8857,27.9618,40.8116
7460002.0,29.7968,28.2216,45.0114
7468002.0,30.3989,27.9562,0.0285457
7476002.0,30.868000000000002,27.8402,3.9532
7484002.0,31.6849,27.9171,8.70223
7492002.0,32.5012,27.4201,12.6916
7500002.0,32.8596,27.2369,16.8999
7508002.0,33.981,27.4262,19.5957
7516002.0,34.4971,27.5875,23.851999999999997
7524002.0,35.0357,27.5644,28.4017
7532002.0,36.0075,27.8923,32.5678
7540002.0,36.6939,27.7043,36.2031
7548002.0,36.7799,27.9214,38.232
7556002.0,36.7213,27.805,42.632
7564002.0,36.7603,27.9882,46.0569
7572002.0,37.1926,27.9256,0.550601
7580002.0,37.1079,27.7402,4.79174
7588002.0,37.5637,27.7646,8.99798
7596002.0,38.0444,27.7642,13.0256
7604002.0,38.3777,27.91,16.8027
7612002.0,38.9805,27.8114,21.4208
7620002.0,39.4741,27.7849,25.4679
7628002.0,40.0543,27.9317,29.3801
7636002.0,41.0674,28.0389,33.0729
7644002.0,42.0713,28.1179,36.7925
7652002.0,42.238,28.5225,40.4818
7660002.0,43.56399999999999,28.4682,44.4924
7668002.0,45.1665,28.5028,0.24015100000000003
7676002.0,45.545,28.4927,5.15034
7684002.0,46.4408,28.8393,9.33266
7692002.0,48.1389,28.9032,14.3063
7700002.0,49.0548,28.8627,18.0335
7708002.0,49.2916,28.6974,22.1827
7716002.0,0.47579399999999994,28.5416,25.9984
7724002.0,1.42992,28.3511,29.6668
7732002.0,3.35431,28.7157,33.7639
7740002.0,5.9945,28.7794,37.6018
7748002.0,7.0816,28.8848,41.4931
7756002.0,8.08089,28.9744,45.1906
7764002.0,8.624039999999999,29.0002,0.783295
7772002.0,8.73723,29.6683,5.74726
7780002.0,8.9693,28.6854,10.4774
7788002.0,9.15468,29.1736,15.7592
7796002.0,9.35388,28.7078,19.2046
7804002.0,9.97823,28.7678,23.7779
7812002.0,10.3566,29.108,28.2705
7820002.0,11.1437,29.3155,32.6478
7828002.0,12.4216,29.671,37.8211
7836002.0,13.2124,29.8307,42.6926
7844002.0,13.1955,29.9187,46.5411
7852002.0,12.7538,30.0366,2.4537400000000003
7860002.0,12.9682,30.4369,5.98238
7868002.0,13.0919,30.5921,11.3477
7876002.0,13.5626,30.7264,15.7265
7884002.0,14.459000000000001,31.0623,20.305
7892002.0,15.3687,31.2417,24.8776
7900002.0,15.7267,31.0653,29.489
7908002.0,15.4651,31.2028,33.4834
7916002.0,15.1118,30.9877,37.5627
7924002.0,14.6067,31.0951,41.6983
7932002.0,15.1104,31.105,45.4461
7940002.0,15.457,31.4803,0.215852
7948002.0,16.1124,32.1474,4.36489
7956002.0,16.6126,32.2002,8.04443
7964002.0,16.8599,32.302,12.8146
7972002.0,16.7236,32.1335,17.5384
7980002.0,17.0023,32.0405,22.4762
7988002.0,16.9542,32.0016,26.545
7996002.0,17.6033,32.0757,29.3092
