2.0,10.57,13.6238,32.607
8002.0,15.0425,13.3779,34.1879
16002.0,16.9371,13.5808,36.3149
24002.0,16.8208,13.5989,39.4728
32002.0,17.3659,13.9113,41.8387
40002.0,18.1261,14.125,44.4532
48002.0,19.2343,13.694,47.7651
56002.0,19.4991,13.5362,1.27903
64002.0,18.3848,13.5096,3.1628700000000003
72002.0,18.8793,13.588,5.39663
80002.0,18.8309,13.5866,7.41632
88002.0,18.7866,13.3262,10.2916
96002.0,18.8965,13.032,12.5174
104002.0,19.0599,12.7954,14.3561
112002.0,19.7915,12.6106,15.3913
120002.0,20.1187,12.4996,16.6681
128002.0,19.9487,11.8318,18.7342
136002.0,20.7484,11.8022,20.6689
144002.0,21.1251,12.0607,22.3489
152002.0,21.9703,12.1834,23.4844
160002.0,24.8554,12.4702,24.1919
168002.0,25.2093,12.319,25.6688
176002.0,24.9106,12.0871,27.6283
184002.0,24.8937,12.809000000000001,29.2328
192002.0,24.7,12.919,31.1992
200002.0,25.2872,12.7856,34.3985
208002.0,25.5794,12.6547,36.7951
216002.0,26.0705,12.4967,40.0851
224002.0,26.5171,12.45,43.2824
232002.0,27.1522,12.5135,46.8195
240002.0,27.3943,12.5205,0.630247
248002.0,27.5286,12.546,3.2894300000000003
256002.0,28.3729,12.52,6.5502400000000005
264002.0,28.6012,12.7233,9.492
272002.0,30.0303,12.6806,12.1832
280002.0,30.6935,12.5773,14.7307
288002.0,31.7893,12.3232,18.1348
296002.0,32.1181,12.0412,21.2427
304002.0,32.7655,11.9176,24.339000000000002
312002.0,34.2013,11.7059,26.9097
320002.0,35.9103,11.6721,29.1903
328002.0,37.7164,11.7507,32.0963
336002.0,39.1869,11.8089,34.7261
344002.0,40.2561,11.6555,37.274
352002.0,41.1827,11.8852,39.4428
360002.0,42.5168,11.5362,41.3568
368002.0,44.2624,11.7666,43.3136
376002.0,44.371,11.7638,45.6296
384002.0,45.257,11.7644,47.0812
392002.0,45.2972,11.6263,49.4645
400002.0,45.4832,11.5205,3.0209799999999998
408002.0,45.5917,11.6143,5.77214
416002.0,46.0951,11.4774,7.74597
424002.0,46.9499,11.2696,10.3358
432002.0,47.4943,11.1879,12.182
440002.0,47.7954,11.3617,15.0251
448002.0,48.0887,11.218,17.8217
456002.0,48.2069,11.2599,19.869
464002.0,47.92100000000001,11.868,21.493000000000002
472002.0,48.3131,11.3934,25.1197
480002.0,0.134625,10.9169,26.7581
488002.0,1.22625,11.2628,27.5968
496002.0,3.50589,11.1597,28.9276
504002.0,3.3379800000000004,11.0804,30.7585
512002.0,3.7518800000000003,11.4274,32.5017
520002.0,4.95332,11.9546,33.7952
528002.0,5.53965,12.1744,36.0484
536002.0,5.7377199999999995,12.036,37.6195
544002.0,7.23267,12.3308,39.8697
552002.0,8.75418,13.07,42.4259
560002.0,9.51423,13.466,45.5476
568002.0,9.973230000000001,13.003,48.3324
576002.0,10.0773,13.0419,2.1112900000000003
584002.0,10.411,12.935,5.52685
592002.0,11.3081,12.8658,7.60307
600002.0,11.9407,13.0181,10.491
608002.0,12.5181,13.126,12.7486
616002.0,13.6351,12.9935,15.595
624002.0,14.1956,12.9576,18.7781
632002.0,14.8535,12.6015,21.4791
640002.0,15.7601,12.1603,23.6853
648002.0,15.9619,11.3618,24.6853
656002.0,16.4428,11.0394,27.3432
664002.0,16.9621,10.6508,29.9447
672002.0,17.2805,10.3501,32.5359
680002.0,17.393,10.1785,34.8561
688002.0,17.7985,10.0149,38.9128
696002.0,18.3442,9.9713,40.8342
704002.0,18.0165,9.92988,43.8713
712002.0,18.9746,9.33644,46.4888
720002.0,19.3003,9.32635,47.3462
728002.0,19.3342,9.46288,48.8855
736002.0,19.2568,9.37814,0.184644
744002.0,19.5221,10.0384,1.50769
752002.0,19.4399,10.0594,2.84567
760002.0,19.5522,10.588,4.9690199999999995
768002.0,19.9653,10.4673,7.27425
776002.0,20.3564,10.49,10.5938
784002.0,20.0934,10.1496,12.6844
792002.0,20.9645,9.91934,14.0563
800002.0,21.843000000000004,10.0238,16.8171
808002.0,22.8819,9.907689999999999,18.4757
816002.0,23.7668,9.93407,20.4388
824002.0,25.1036,9.69053,22.0124
832002.0,26.1105,9.53035,24.2154
840002.0,26.4834,9.47747,26.4259
848002.0,27.5275,9.51383,28.3829
856002.0,29.7795,9.23762,30.3276
864002.0,31.1148,9.532160000000001,32.1129
872002.0,31.416,9.7686,33.7907
880002.0,32.6109,9.692860000000001,36.902
888002.0,33.558,9.83248,39.2555
896002.0,34.9198,9.92725,41.0732
904002.0,36.162,9.86547,44.1877
912002.0,37.8655,9.86887,46.1041
920002.0,38.6731,9.52319,48.5578
928002.0,38.8754,9.64456,1.46821
936002.0,40.3508,9.58741,2.14646
944002.0,40.7233,9.563360000000001,3.11253
952002.0,43.1388,9.119810000000001,5.01901
960002.0,43.695,8.96851,6.77618
968002.0,43.9763,9.13915,8.08179
976002.0,45.3801,9.548739999999999,10.2279
984002.0,46.6697,9.78807,12.2401
992002.0,47.0998,9.68255,14.208
1000002.0,48.4032,10.2685,16.2983
1008002.0,49.4896,10.8831,18.1141
1016002.0,0.473616,11.3633,21.5622
1024002.0,2.26632,11.7901,23.5303
1032002.0,2.75966,12.1761,24.7078
1040002.0,3.65245,12.7213,27.8875
1048002.0,3.7956199999999995,13.2342,31.1112
1056002.0,4.33386,13.2162,33.9635
1064002.0,4.5646,12.9962,37.8283
1072002.0,5.38127,12.9536,41.1217
1080002.0,6.74786,12.8371,43.443999999999996
1088002.0,7.811939999999999,12.7952,46.2214
1096002.0,8.73507,13.0349,48.8065
1104002.0,9.472430000000001,12.6962,1.9644700000000002
1112002.0,10.0487,12.7074,5.65798
1120002.0,10.1665,12.8786,8.45481
1128002.0,11.3301,13.1677,11.5333
1136002.0,12.0949,13.5389,15.6745
1144002.0,13.4657,14.1078,17.8138
1152002.0,14.5362,13.7144,20.9699
1160002.0,15.038,13.5563,22.9864
1168002.0,15.4521,13.6317,25.0887
1176002.0,16.4596,13.6166,27.8587
1184002.0,16.5264,13.4136,30.3991
1192002.0,16.6943,13.552,32.0247
1200002.0,17.8565,13.4286,34.4539
1208002.0,20.1213,13.5919,37.5444
1216002.0,21.4253,13.6521,39.1011
1224002.0,22.643,14.0584,42.216
1232002.0,24.9248,14.0022,45.118
1240002.0,26.5922,14.0618,48.2874
1248002.0,27.2863,14.8678,2.6491599999999997
1256002.0,29.4365,14.9833,4.81913
1264002.0,31.2753,15.5063,8.252939999999999
1272002.0,32.2179,16.8973,12.210999999999999
1280002.0,35.7768,17.3065,16.2327
1288002.0,38.2366,18.6578,17.5172
1296002.0,38.0471,17.9125,21.0683
1304002.0,42.0034,19.735,21.7555
1312002.0,42.6325,19.8053,25.4134
1320002.0,43.9426,20.5506,28.2148
1328002.0,43.7545,19.3665,32.5106
1336002.0,45.3946,18.7662,35.836
1344002.0,46.5791,18.9783,39.0313
1352002.0,47.6736,19.6873,43.8236
1360002.0,48.0545,19.8276,47.1966
1368002.0,1.01709,20.2602,1.65975
1376002.0,2.71965,20.1439,5.9513
1384002.0,3.39606,20.0725,9.080910000000001
1392002.0,3.5985099999999997,20.2642,11.5806
1400002.0,4.34785,20.0292,16.1213
1408002.0,6.17755,20.0076,19.2202
1416002.0,3.72815,18.9687,20.0981
1424002.0,4.65825,19.7705,24.4958
1432002.0,5.4850900000000005,19.7568,28.603
1440002.0,7.29965,20.9437,33.3459
1448002.0,7.8494,19.9236,36.0319
1456002.0,9.099739999999999,19.7376,39.0021
1464002.0,10.1391,20.107,40.7646
1472002.0,10.7168,20.2304,44.5656
1480002.0,11.5039,20.7027,46.9918
1488002.0,11.8913,21.2753,1.02338
1496002.0,12.3593,21.0977,4.738519999999999
1504002.0,13.8468,21.1842,8.44538
1512002.0,15.3688,21.5042,13.3431
1520002.0,15.7143,21.3742,16.9036
1528002.0,16.9383,21.4217,21.9171
1536002.0,17.4726,21.515,25.6392
1544002.0,18.4707,21.7592,29.4727
1552002.0,20.7999,22.226999999999997,32.5301
1560002.0,22.2517,22.6262,37.2182
1568002.0,23.4958,22.6193,41.533
1576002.0,23.943,22.863000000000003,45.9378
1584002.0,24.6668,22.9274,1.33546
1592002.0,25.0736,22.5947,5.38277
1600002.0,26.3775,22.9772,9.60852
1608002.0,26.5034,23.0549,13.9161
1616002.0,27.2945,23.5201,17.7046
1624002.0,28.3069,23.421,21.6364
1632002.0,28.9692,23.5438,26.1791
1640002.0,30.7894,23.7873,30.5783
1648002.0,31.4794,23.3623,34.8124
1656002.0,32.0567,23.7771,38.8402
1664002.0,33.0752,23.9666,43.2504
1672002.0,33.8224,24.094,47.9474
1680002.0,34.3432,23.8012,3.1733599999999997
1688002.0,35.0868,24.4236,7.680689999999999
1696002.0,35.6322,24.0127,11.9085
1704002.0,36.275999999999996,23.829,16.706
1712002.0,35.7787,24.3013,21.3558
1720002.0,37.5618,24.325,24.8506
1728002.0,38.6747,24.184,28.5783
1736002.0,39.1226,24.7067,32.6712
1744002.0,39.213,25.0403,36.6581
1752002.0,39.4068,24.5645,40.3234
1760002.0,39.6632,24.5525,45.0287
1768002.0,40.2035,24.0055,47.6024
1776002.0,40.6951,23.9212,2.5144599999999997
1784002.0,41.0786,23.9284,6.64032
1792002.0,41.0854,23.7774,10.1725
1800002.0,41.4136,23.6679,14.7036
1808002.0,42.6993,23.7048,18.4716
1816002.0,43.4928,23.5346,20.4651
1824002.0,43.4382,24.0008,23.9471
1832002.0,44.4108,24.2152,27.6461
1840002.0,46.4409,23.7227,30.2396
1848002.0,46.1347,23.4198,33.7307
1856002.0,47.3447,22.9317,36.9692
1864002.0,48.4968,22.903000000000002,40.477
1872002.0,0.116631,23.1471,43.2819
1880002.0,0.788125,22.4303,46.7745
1888002.0,2.91234,22.18,0.16552
1896002.0,3.57881,22.4613,3.5648800000000005
1904002.0,3.8991300000000004,22.1962,7.03512
1912002.0,4.426130000000001,22.0564,10.8717
1920002.0,3.76312,22.3365,15.4197
1928002.0,5.459230000000001,22.704,19.4367
1936002.0,4.97064,23.3483,23.6023
1944002.0,4.57206,23.8019,27.5216
1952002.0,5.33223,23.5347,31.5689
1960002.0,5.13483,23.2057,35.977
1968002.0,5.69038,23.1383,39.7459
1976002.0,6.24409,23.4357,43.3805
1984002.0,6.76094,22.9984,47.6366
1992002.0,6.74783,23.1134,2.4285099999999997
2000002.0,7.5016,22.8029,6.56531
2008002.0,7.977060000000001,22.7954,11.459000000000001
2016002.0,9.194469999999999,22.9666,16.0604
2024002.0,9.59339,23.2733,18.8671
2032002.0,10.2679,23.2411,21.6107
2040002.0,12.3147,23.4475,25.6047
2048002.0,13.3791,23.8394,30.2155
2056002.0,14.2938,23.7567,33.1717
2064002.0,14.7991,22.9528,36.9748
2072002.0,17.375999999999998,22.7382,40.1672
2080002.0,17.8142,22.1421,44.0634
2088002.0,19.4115,21.9915,46.8176
2096002.0,20.656999999999996,21.8054,0.732006
2104002.0,22.6558,21.8601,3.39647
2112002.0,25.4559,21.0963,8.58625
2120002.0,25.1634,21.3564,13.3346
2128002.0,24.5338,21.1463,16.1747
2136002.0,25.9529,21.4323,19.6846
2144002.0,25.9899,21.7388,23.803
2152002.0,26.4424,21.5772,26.9569
2160002.0,26.28,21.8885,30.5691
2168002.0,26.4224,22.2731,34.0198
2176002.0,25.9161,22.4183,37.3922
2184002.0,27.3784,22.2433,39.471
2192002.0,27.897,22.6028,41.2065
2200002.0,27.7604,23.0225,43.905
2208002.0,29.0004,23.016,47.0845
2216002.0,31.111,22.6698,0.8891950000000001
2224002.0,32.4387,22.4684,5.43352
2232002.0,33.0813,22.1924,9.23648
2240002.0,34.6522,21.5987,12.8597
2248002.0,34.6943,21.1361,15.3811
2256002.0,35.2292,21.3279,17.4051
2264002.0,36.2078,21.4854,19.6967
2272002.0,36.5351,21.1736,23.677
2280002.0,37.2805,21.0352,26.7427
2288002.0,38.1658,20.9075,31.03
2296002.0,40.4342,20.6164,35.0614
2304002.0,42.2479,19.9521,38.1525
2312002.0,42.3583,18.7665,41.6232
2320002.0,43.9429,18.75,45.3973
2328002.0,44.8073,19.6565,47.9808
2336002.0,43.9701,20.5836,1.76985
2344002.0,45.4171,20.1418,5.629630000000001
2352002.0,45.0465,20.0973,9.66962
2360002.0,47.0662,20.0601,11.9081
2368002.0,47.9394,19.9484,16.0073
2376002.0,47.4803,19.7257,19.7796
2384002.0,48.4015,20.1747,23.0667
2392002.0,49.379,20.2223,26.296
2400002.0,0.403223,20.027,29.4969
2408002.0,0.389206,20.3536,33.1463
2414002.0,1.57746,19.6547,37.232
2422002.0,3.87474,19.3489,43.1238
2430002.0,7.7808,19.3032,44.7316
2438002.0,11.5764,18.6085,48.4459
2446002.0,13.0359,18.598,2.8279099999999997
2454002.0,13.2306,18.8496,6.80174
2462002.0,14.7948,18.6548,10.3475
2470002.0,16.0179,18.7035,13.3666
2478002.0,17.5722,18.793,16.7655
2486002.0,19.0126,19.1623,19.9613
2494002.0,19.4485,18.6927,22.445999999999998
2502002.0,19.2205,18.4624,25.2427
2510002.0,21.1249,18.7745,29.0884
2518002.0,21.1628,18.8804,32.5367
2526002.0,23.249000000000002,18.6637,34.5933
2534002.0,25.375,18.3578,36.6846
2542002.0,25.9394,18.0024,40.5512
2550002.0,26.5387,18.4294,44.5486
2558002.0,28.2749,18.939,46.3793
2566002.0,29.5252,19.0895,48.974
2574002.0,30.7932,19.3621,1.76197
2582002.0,31.3968,19.6187,4.06784
2590002.0,34.2149,19.9124,7.0182199999999995
2598002.0,35.9059,20.2914,10.9911
2606002.0,36.0642,20.1487,14.8486
2614002.0,37.1473,20.5714,17.6129
2622002.0,37.5818,20.526,21.2274
2630002.0,38.2647,20.4523,24.4552
2638002.0,39.1196,20.3902,27.4988
2646002.0,39.4416,20.0139,31.8605
2654002.0,40.4982,20.0988,35.7166
2662002.0,40.5311,19.8156,37.3003
2670002.0,40.3561,20.2416,41.3096
2678002.0,41.5847,20.2086,46.4428
2686002.0,45.1458,19.5995,0.816702
2694002.0,47.3713,20.6799,2.3658200000000003
2702002.0,48.1022,20.2683,5.61704
2710002.0,0.0924694,20.3614,10.1712
2718002.0,1.31217,19.9968,13.8242
2726002.0,1.7779599999999998,20.5786,15.0865
2734002.0,2.59171,20.3623,19.1292
2742002.0,4.59906,19.9567,23.0116
2750002.0,5.989,19.5909,27.0391
2758002.0,6.75661,19.2786,30.683000000000003
2766002.0,7.024030000000001,19.3127,34.6197
2774002.0,7.33401,18.8382,36.3885
2782002.0,7.67824,18.9938,39.9032
2790002.0,7.46161,18.0639,42.871
2798002.0,7.2977300000000005,18.0385,45.9439
2806002.0,8.70637,18.2131,0.395542
2814002.0,8.35402,18.4008,4.90508
2822002.0,8.39593,18.5782,8.598289999999999
2830002.0,8.59255,18.7856,10.9401
2838002.0,8.984160000000001,18.93,13.9794
2846002.0,11.65,19.3342,16.854
2854002.0,11.8678,20.505,21.3171
2862002.0,13.4411,20.6406,25.4232
2870002.0,13.663,20.3006,28.8582
2878002.0,13.7604,20.1845,31.84
2886002.0,14.1102,20.3019,34.9514
2894002.0,14.6798,19.586,37.8163
2902002.0,15.4689,19.2618,42.11600000000001
2910002.0,15.8307,17.8771,46.1466
2918002.0,16.4858,17.3198,48.3748
2926002.0,17.9911,17.6056,4.10755
2934002.0,19.6394,16.3578,8.510489999999999
2942002.0,19.4716,16.3177,12.0027
2950002.0,19.5454,16.445999999999998,15.7551
2958002.0,20.9612,16.7516,18.5582
2966002.0,21.9758,17.0194,22.2816
2974002.0,21.9661,17.5387,25.2971
2982002.0,22.4297,17.9108,29.2236
2990002.0,22.959,18.6491,32.3758
2998002.0,23.2232,18.9661,34.9297
3006002.0,24.0813,18.812,36.7834
3014002.0,24.4576,18.2642,41.1318
3022002.0,26.337,18.7011,43.7814
3030002.0,27.5189,18.1769,48.6392
3038002.0,28.0537,17.9849,2.26613
3046002.0,28.7024,17.9731,6.2058800000000005
3054002.0,29.9751,18.160999999999998,9.056280000000001
3062002.0,30.845,17.9499,11.3112
3070002.0,31.9104,18.0113,15.1881
3078002.0,32.0875,18.4273,18.0268
3086002.0,32.5858,18.6451,21.4698
3094002.0,33.946,18.5751,25.5772
3102002.0,34.6402,18.4007,28.8798
3110002.0,35.8491,18.4341,32.7375
3118002.0,37.009,18.3127,36.7707
3126002.0,37.9881,18.6301,40.6398
3134002.0,38.9723,18.8667,45.1651
3142002.0,39.1694,19.1962,48.8154
3150002.0,40.3386,18.8426,2.14298
3158002.0,43.7773,18.9323,5.0721300000000005
3166002.0,44.2238,18.636,7.229589999999999
3174002.0,45.8671,18.4556,9.22322
3182002.0,47.3274,18.4001,12.9209
3190002.0,49.0832,18.6163,15.9252
3198002.0,0.667065,18.3208,19.7694
3206002.0,3.25548,18.5946,22.7483
3214002.0,4.7725800000000005,18.6773,25.6208
3222002.0,6.685989999999999,18.6462,29.1683
3230002.0,8.23559,18.2511,33.3689
3238002.0,8.962489999999999,18.289,37.018
3246002.0,9.59535,18.2421,40.7754
3254002.0,10.0331,18.3351,43.332
3262002.0,11.0417,18.7545,46.1992
3270002.0,11.1528,18.6546,0.139649
3278002.0,11.5486,18.7109,2.89964
3286002.0,13.1437,17.7824,5.88399
3294002.0,13.7872,18.5852,8.39403
3302002.0,14.4161,18.4491,13.0308
3310002.0,15.1517,18.7168,15.0799
3318002.0,15.5444,18.4429,17.9114
3326002.0,16.5033,19.257,21.3306
3334002.0,18.5635,19.0144,25.7121
3342002.0,19.9125,18.5894,30.0491
3350002.0,20.4982,18.6123,33.7761
3358002.0,22.4553,18.6837,37.4125
3366002.0,25.3422,18.7455,41.7333
3374002.0,26.8943,17.605,45.9025
3382002.0,28.3708,17.5608,0.449763
3390002.0,30.1483,17.8122,2.11468
3398002.0,31.0338,17.6704,5.86484
3406002.0,31.7888,17.5538,9.70708
3414002.0,34.593,17.5653,13.6547
3422002.0,37.1673,17.922,16.5879
3430002.0,39.3248,17.8491,20.4182
3438002.0,39.9676,18.0954,24.0793
3446002.0,39.9783,18.0261,26.9117
3454002.0,40.423,18.1389,30.6794
3462002.0,40.5871,18.2522,34.5715
3470002.0,40.3605,18.792,38.5784
3478002.0,41.7123,18.912,42.1284
3486002.0,41.5143,18.8909,45.9151
3494002.0,42.2725,18.964000000000002,0.634145
3502002.0,41.6474,19.1536,4.76861
3510002.0,42.3197,18.4951,9.08875
3518002.0,42.1515,18.9272,12.2524
3526002.0,42.9035,19.1683,15.9735
3534002.0,43.2456,19.2855,19.0513
3542002.0,42.8615,19.5304,23.7446
3550002.0,42.8173,19.2234,26.8108
3558002.0,43.3029,19.9183,30.5822
3566002.0,43.788000000000004,19.78,34.8885
3574002.0,44.0506,19.8548,40.0202
3582002.0,44.7111,19.6116,44.9255
3590002.0,45.8679,19.55,0.0507983
3598002.0,46.5467,19.3125,4.5901
3606002.0,47.559,19.4162,8.30825
3614002.0,48.7384,19.76,10.7288
3622002.0,0.771716,20.1389,13.6621
3630002.0,1.1702299999999999,20.250999999999998,17.6273
3638002.0,1.3771799999999998,20.1527,21.2816
3646002.0,2.4205400000000004,20.7831,23.9331
3654002.0,2.24897,21.0102,27.3751
3662002.0,2.23002,20.8284,31.3275
3670002.0,2.3349,21.3095,34.7727
3678002.0,3.26084,21.8288,38.6837
3686002.0,3.78021,21.694000000000003,43.1824
3694002.0,4.08214,22.3332,47.114
3702002.0,4.74718,22.5301,2.11344
3710002.0,5.06701,22.6566,6.4769
3718002.0,5.1881900000000005,23.1756,10.8624
3726002.0,5.07811,23.4542,15.6777
3734002.0,3.5259,23.6754,21.2508
3742002.0,5.4726300000000005,27.5336,25.3455
3750002.0,6.19839,28.103,28.1642
3758002.0,6.965839999999999,28.8367,33.425
3766002.0,6.7098,29.7556,35.9783
3774002.0,9.62562,29.1139,41.238
3782002.0,11.1204,29.0966,45.4633
3790002.0,11.97,28.4732,0.909316
3798002.0,11.8837,28.2014,4.240530000000001
3806002.0,12.9202,28.1865,8.81831
3814002.0,15.1907,27.9912,12.2514
3822002.0,16.4742,27.9524,16.5588
3830002.0,17.5893,27.8553,20.7971
3838002.0,18.3885,27.8073,25.7571
3846002.0,19.1012,27.7347,31.1016
3854002.0,19.6423,27.3982,36.39
3862002.0,20.4744,27.2032,40.4805
3870002.0,21.191,27.0682,45.5231
3878002.0,21.0377,27.1601,1.02634
3886002.0,21.6349,27.3909,5.43093
3894002.0,23.1918,26.516,9.81832
3902002.0,23.8375,26.4188,14.1612
3910002.0,25.3382,26.1415,18.505
3918002.0,27.0553,26.0375,23.1118
3926002.0,29.8736,26.1135,26.6736
3934002.0,31.3092,25.9332,30.4438
3942002.0,31.8767,25.4666,34.5979
3950002.0,32.6819,25.201,39.7324
3958002.0,33.6147,24.5016,44.5507
3966002.0,34.543,24.5997,48.7171
3974002.0,36.1753,24.9715,1.8406
3982002.0,36.3908,24.1551,4.57866
3990002.0,36.7904,24.6422,8.78808
3998002.0,38.4684,23.6772,12.3435
4006002.0,40.3581,23.8697,14.0063
4014002.0,41.481,23.6787,18.1413
4022002.0,42.4072,23.7029,20.5903
4030002.0,42.9201,23.8312,24.1633
4038002.0,44.2134,24.0677,26.7057
4046002.0,46.1837,23.5923,29.9331
4054002.0,47.3493,23.7699,33.9299
4062002.0,48.4373,23.5823,37.9057
4070002.0,48.3089,23.2845,40.717
4078002.0,48.4033,23.0408,44.5361
4086002.0,48.9059,23.136999999999997,48.3863
4094002.0,0.0994342,23.4109,2.47193
4102002.0,0.285159,23.5285,6.353219999999999
4110002.0,0.72422,23.0207,9.885639999999999
4118002.0,1.27204,23.4212,13.4928
4126002.0,2.3428299999999997,23.6853,17.660999999999998
4134002.0,2.50975,24.0467,20.3833
4142002.0,3.40953,24.2164,23.791
4150002.0,4.79142,24.1083,27.4759
4158002.0,5.71835,24.4648,30.8279
4166002.0,6.26945,24.195999999999998,34.3226
4174002.0,7.3764199999999995,24.1191,38.5769
4182002.0,7.69407,24.3632,41.6343
4190002.0,8.843119999999999,24.3337,45.7126
4198002.0,10.2515,24.2901,0.537134
4206002.0,11.139000000000001,24.3293,5.321330000000001
4214002.0,11.7233,24.24,10.855
4222002.0,12.3904,24.1423,15.7444
4230002.0,13.8796,24.0275,19.7962
4238002.0,15.8353,23.9653,24.7094
4246002.0,18.4031,23.0879,28.089000000000002
4254002.0,21.2303,23.4463,33.3142
4262002.0,21.7412,23.0143,38.0091
4270002.0,22.6284,21.9461,41.7984
4278002.0,24.3269,22.9916,45.8579
4286002.0,25.245,22.4157,0.951257
4294002.0,26.1231,22.7319,4.72818
4302002.0,26.77,22.7032,8.19152
4310002.0,27.4978,22.5844,11.8124
4318002.0,27.3153,22.7962,15.22
4326002.0,27.6848,22.6953,18.8081
4334002.0,28.0661,22.1726,21.9229
4342002.0,28.1865,22.3021,25.5487
4350002.0,28.8905,21.7416,29.9429
4358002.0,29.2766,21.4843,32.9152
4366002.0,29.7252,20.5762,35.4885
4374002.0,31.2525,19.4404,37.865
4382002.0,32.9741,20.0811,40.4226
4390002.0,34.2857,20.016,44.1858
4398002.0,34.3658,19.9093,49.4654
4406002.0,35.0483,20.1605,4.10759
4414002.0,35.1666,20.5627,7.734319999999999
4422002.0,35.6462,20.8107,11.5789
4430002.0,34.8222,22.4771,16.8545
4438002.0,34.9498,24.0942,22.8
4446002.0,33.9975,27.4281,26.6435
4454002.0,34.6486,27.9317,31.7083
4462002.0,35.148,28.1561,36.2938
4470002.0,36.6914,28.7835,40.2026
4478002.0,38.1322,28.6608,43.2932
4486002.0,39.2688,28.8521,46.8094
4494002.0,40.3945,28.9358,1.34086
4502002.0,42.1064,28.5944,5.483619999999999
4510002.0,42.7422,28.6526,8.972610000000001
4518002.0,43.4094,28.4632,11.1479
4526002.0,44.1027,28.82,15.1681
4534002.0,44.8024,28.6678,18.2752
4542002.0,45.0762,29.0798,21.6108
4550002.0,46.0562,29.1087,25.6527
4558002.0,47.7582,29.3927,30.0814
4566002.0,48.5138,29.7192,34.9474
4574002.0,0.39410500000000004,29.6532,39.175
4582002.0,1.8730900000000001,29.6305,43.4516
4590002.0,5.65669,30.1196,47.3269
4598002.0,7.1894,30.5617,3.23768
4606002.0,9.29205,30.230999999999998,6.6093
4614002.0,10.9228,29.8242,10.6184
4622002.0,11.5583,29.8835,13.8235
4630002.0,12.5116,29.2566,15.7043
4638002.0,14.4291,29.2795,18.4959
4646002.0,14.4462,29.09,22.654
4654002.0,14.6306,28.8891,25.909000000000002
4662002.0,16.3763,28.7769,29.3536
4670002.0,16.9103,28.8844,33.1366
4678002.0,17.3917,29.1214,37.4889
4686002.0,18.5618,29.2525,41.621
4694002.0,19.5565,29.4324,45.9377
4702002.0,20.601,29.4572,49.2179
4710002.0,22.7812,28.971,2.8612900000000003
4718002.0,23.7799,29.0134,6.5433900000000005
4726002.0,24.0181,28.6794,10.0536
4734002.0,25.7975,28.4641,12.9007
4742002.0,26.63,27.8785,16.401
4750002.0,27.7351,27.9989,20.2079
4758002.0,28.8139,27.9743,23.5607
4760002.0,28.8488,28.0131,24.3284
4768002.0,28.6867,26.4308,27.6532
4776002.0,30.3929,26.7687,29.8391
4784002.0,32.6772,26.4846,34.2593
4792002.0,33.9754,26.6758,37.2206
4800002.0,35.0632,27.0944,40.9626
4808002.0,36.7816,27.5034,44.6409
4816002.0,39.0265,27.9715,48.4529
4824002.0,41.407,28.0872,2.28431
4832002.0,43.2521,28.1689,6.347919999999999
4840002.0,44.3202,28.0546,10.741
4848002.0,45.7631,28.5255,13.9954
4856002.0,48.2987,28.9354,18.082
4864002.0,48.0958,28.8418,23.1864
4872002.0,1.4485700000000001,28.6901,27.043000000000003
4880002.0,1.00632,28.8543,30.5909
4888002.0,1.485,28.8547,33.6413
4896002.0,3.5751,29.2907,37.378
4904002.0,5.53155,29.3194,39.4526
4912002.0,6.1037300000000005,29.5844,42.9961
4920002.0,9.56944,29.703000000000003,46.4265
4928002.0,11.6502,29.9176,0.126171
4936002.0,12.8795,30.1201,4.45916
4944002.0,13.5552,29.691999999999997,7.5065100000000005
4952002.0,15.6379,29.2968,11.4113
4960002.0,16.504,29.5185,16.1205
4968002.0,17.0295,29.7221,20.2496
4976002.0,17.8609,30.1193,24.3902
4984002.0,18.2639,30.2984,28.8071
4992002.0,20.2708,30.8137,32.4185
5000002.0,21.6393,31.2986,36.7736
5008002.0,21.987,31.3194,41.17100000000001
5016002.0,22.206999999999997,31.1902,43.9225
5024002.0,22.5433,31.3569,47.9796
5032002.0,23.7094,33.6045,3.65381
5040002.0,25.038,33.7765,8.17961
5048002.0,25.2448,34.1051,11.645
5056002.0,26.7658,34.4299,16.144000000000002
5064002.0,28.9322,34.0066,20.2958
5072002.0,30.7539,34.4746,24.6616
5080002.0,33.1105,34.6529,29.2244
5088002.0,34.3219,34.579,33.8079
5096002.0,36.7425,34.1608,39.34
5104002.0,38.4813,34.5716,44.7307
5112002.0,39.4886,33.9703,0.144583
5120002.0,40.3551,33.0822,5.7007900000000005
5128002.0,41.7646,33.0366,10.6894
5136002.0,42.6649,32.893,15.3697
5144002.0,43.8156,33.0897,20.2795
5152002.0,44.4477,33.1043,25.6138
5160002.0,44.9988,32.9455,30.823
5168002.0,45.2894,32.6224,36.2674
5176002.0,46.153999999999996,32.4684,41.5549
5184002.0,46.687,32.5219,46.294
5192002.0,47.3957,32.5479,0.9567209999999999
5200002.0,48.0124,32.5339,6.0631
5208002.0,48.6484,32.5632,9.98472
5216002.0,0.318596,32.6593,14.7849
5224002.0,1.2837399999999999,32.1454,18.7417
5232002.0,2.08465,32.1118,23.5904
5240002.0,3.06862,32.1836,28.2395
5248002.0,3.84588,31.78,31.5095
5256002.0,3.8117699999999997,31.6517,34.5893
5264002.0,4.66565,31.7518,39.3259
5272002.0,5.773540000000001,31.9395,43.7004
5280002.0,7.067019999999999,31.9261,48.586000000000006
5288002.0,7.58407,32.2256,2.7951
5296002.0,8.95363,32.4366,7.07866
5304002.0,9.71515,32.6305,11.999
5312002.0,12.2919,32.7241,16.6791
5320002.0,12.2682,32.7189,21.2079
5328002.0,12.6967,32.3065,24.7981
5336002.0,14.5988,32.0413,29.9959
5344002.0,16.4194,31.9676,33.8629
5352002.0,17.4479,32.0799,38.1561
5360002.0,17.9951,31.8867,41.09
5368002.0,18.8978,31.7322,45.2656
5376002.0,19.0493,31.5245,48.8218
5384002.0,20.9306,31.4408,4.3638699999999995
5392002.0,20.9945,31.416,7.5298300000000005
5400002.0,21.3012,30.9818,12.1052
5408002.0,21.4714,31.3196,16.3256
5416002.0,22.9741,31.6524,21.1707
5424002.0,23.5863,31.6191,25.3962
5432002.0,23.976999999999997,31.7737,28.9863
5440002.0,25.2572,32.239000000000004,32.1077
5448002.0,25.8611,31.933000000000003,36.029
5456002.0,25.9708,31.8868,41.0828
5464002.0,26.1947,31.7913,45.2637
5472002.0,26.0729,31.4273,1.07637
5480002.0,27.2402,31.188000000000002,5.1982099999999996
5488002.0,28.1851,31.1244,8.70975
5496002.0,29.508000000000003,31.099,13.1235
5504002.0,30.2637,30.8275,17.1594
5512002.0,31.0723,31.7481,21.365
5520002.0,32.224000000000004,31.9779,25.8494
5528002.0,33.9029,32.0372,30.0036
5536002.0,34.1802,32.6357,33.8847
5544002.0,35.0141,32.8668,38.1291
5552002.0,35.722,32.9604,42.4443
5560002.0,36.7239,32.9826,46.8781
5568002.0,38.168,33.2074,1.5326
5576002.0,39.2732,33.2225,4.88628
5584002.0,40.1039,33.4616,10.2059
5592002.0,40.9653,33.9156,14.8343
5600002.0,41.7246,33.914,19.6785
5608002.0,42.5025,33.943000000000005,23.8276
5616002.0,43.0008,33.9669,28.1473
5624002.0,43.7996,34.0544,32.8776
5632002.0,45.0669,34.5451,37.5574
5640002.0,47.6502,34.5483,42.0718
5648002.0,0.0894367,34.5294,47.6363
5656002.0,0.45810100000000004,34.2145,2.75173
5664002.0,1.40521,34.3526,7.4508
5672002.0,2.41584,34.1023,11.720999999999998
5680002.0,3.1118900000000003,33.9062,15.9311
5688002.0,3.29322,33.9679,20.0825
5696002.0,4.356330000000001,33.852,24.1775
5704002.0,5.46443,33.8824,29.5591
5712002.0,6.13802,33.791,34.1166
5720002.0,6.2561599999999995,33.7501,38.7604
5728002.0,6.69642,33.6666,43.1552
5736002.0,7.3768899999999995,33.6852,47.8973
5744002.0,7.47279,33.1942,3.3567
5752002.0,8.20245,33.1046,8.05229
5760002.0,8.6116,32.9544,12.0565
5768002.0,10.415,32.7968,16.631
5776002.0,11.8483,32.5075,20.9043
5784002.0,12.4469,32.3004,25.7228
5792002.0,13.4181,31.8859,30.4767
5800002.0,14.2859,32.0075,35.7844
5808002.0,15.0864,32.0662,40.2872
5816002.0,16.8572,31.9092,44.9591
5824002.0,18.109,31.444000000000003,48.3049
5832002.0,19.0132,30.7532,2.52042
5840002.0,19.0982,30.3043,6.563110000000001
5848002.0,20.4837,30.1203,10.5944
5856002.0,20.894000000000002,29.9315,15.2469
5864002.0,22.8983,29.4593,19.055999999999997
5872002.0,23.1234,29.2751,23.1982
5880002.0,24.0482,29.0226,27.3561
5888002.0,24.3247,29.1764,32.3686
5896002.0,24.9721,28.9986,35.9684
5904002.0,25.8231,28.9769,39.988
5912002.0,25.874000000000002,29.3946,44.6543
5920002.0,26.7268,29.1335,48.9878
5928002.0,27.7937,29.0849,4.24135
5936002.0,27.6498,29.0766,8.75548
5944002.0,27.9597,29.0983,13.3835
5952002.0,28.0443,28.8957,17.8116
5960002.0,28.443,28.608,21.7823
5968002.0,28.4847,28.829,25.8888
5976002.0,28.1857,28.8059,30.6014
5984002.0,28.8644,29.3983,34.7675
5992002.0,29.6359,28.9459,39.486999999999995
6000002.0,30.3935,29.0674,43.4081
6008002.0,30.104,29.3387,46.9784
6016002.0,30.3418,29.7812,1.04396
6024002.0,30.2597,29.6352,5.53072
6032002.0,30.837,29.6053,9.84269
6040002.0,31.2388,28.8191,13.8831
6048002.0,31.4562,28.9218,18.1728
6056002.0,31.6275,28.971,22.5853
6064002.0,32.5028,28.7987,28.1214
6072002.0,33.0623,29.0457,33.2587
6080002.0,33.8528,29.3546,37.6178
6088002.0,35.0169,29.1069,42.9553
6096002.0,35.7331,29.1429,47.1414
6104002.0,36.1706,29.2086,2.1966900000000003
6112002.0,36.6042,29.5724,7.410360000000001
6120002.0,36.7071,29.6636,12.1399
6128002.0,36.8646,29.7474,16.6582
6136002.0,37.6166,30.1525,20.7346
6144002.0,37.9113,30.1634,25.9
6152002.0,38.6402,30.4862,29.764
6160002.0,39.4442,30.9793,34.4096
6168002.0,40.1171,31.3209,38.9519
6176002.0,40.7616,30.8899,44.0507
6184002.0,40.5644,30.6944,48.4324
6192002.0,40.6479,30.3002,3.4851099999999997
6200002.0,41.1702,30.4397,7.557589999999999
6208002.0,41.9038,30.8604,11.9697
6216002.0,42.7927,30.7701,16.6199
6224002.0,43.6873,30.4974,20.7843
6232002.0,44.4211,30.8112,25.7056
6240002.0,45.2298,30.9489,31.0927
6248002.0,46.6657,31.1052,35.9876
6256002.0,47.8502,31.3807,40.4808
6264002.0,48.7453,31.1729,44.4705
6272002.0,49.2716,31.2899,48.5679
6280002.0,49.3415,31.1939,3.71831
6288002.0,49.2393,31.2142,8.2445
6296002.0,0.573167,31.141,12.5345
6304002.0,1.28481,30.9921,16.6432
6312002.0,2.91075,31.1687,21.199
6320002.0,4.0892599999999995,31.0346,25.3423
6328002.0,6.04563,31.3884,30.2466
6336002.0,6.054180000000001,31.7255,33.941
6344002.0,6.6879,31.7895,38.748000000000005
6352002.0,6.2218800000000005,31.6652,43.1841
6360002.0,6.33835,31.0798,47.4711
6368002.0,6.592210000000001,31.0228,3.11322
6376002.0,6.680810000000001,31.219,7.628480000000001
6384002.0,6.39198,31.6968,12.2325
6392002.0,6.18239,31.961,16.2947
6400002.0,6.25304,32.1065,21.535999999999998
6408002.0,6.35277,32.5161,26.5219
6416002.0,6.29948,32.4716,30.7549
6424002.0,6.2695099999999995,32.5796,34.9929
6432002.0,6.820989999999999,32.653,39.619
6440002.0,6.47929,32.8269,43.6186
6448002.0,6.4097,33.0849,47.7413
6456002.0,6.983060000000001,33.4223,2.1040799999999997
6464002.0,7.678669999999999,33.5054,6.45357
6472002.0,7.724489999999999,33.6538,12.1613
6480002.0,8.18425,33.766,16.7461
6488002.0,8.53551,33.4771,20.8892
6496002.0,8.30274,33.3109,25.6852
6504002.0,9.211730000000001,33.3776,30.2243
6512002.0,10.0858,33.221,34.2789
6520002.0,10.7681,33.4032,38.429
6528002.0,11.0012,33.5006,43.1439
6536002.0,11.3099,33.7931,48.6104
6544002.0,11.0924,33.8132,3.21371
6552002.0,11.5133,34.3517,7.282789999999999
6560002.0,12.2417,34.3706,11.6577
6568002.0,13.6662,34.5248,15.2164
6576002.0,14.7967,34.8579,19.8301
6584002.0,15.753,35.7526,24.6954
6592002.0,16.7561,36.3136,29.7984
6600002.0,18.3155,36.4344,34.9565
6608002.0,18.886,36.6133,39.4259
6616002.0,20.0774,36.3655,42.5078
6624002.0,22.2496,36.4467,45.8884
6632002.0,24.296,36.257,49.3659
6640002.0,24.648000000000003,36.0827,4.85532
6648002.0,25.5824,35.923,8.65445
6656002.0,27.1197,35.7806,13.0623
6664002.0,28.6027,35.7732,17.0269
6672002.0,31.0741,35.4418,22.0066
6680002.0,32.055,35.760999999999996,26.6753
6688002.0,33.123000000000005,35.4133,31.2754
6696002.0,34.9227,35.6786,34.559
6704002.0,36.4924,35.1722,39.0831
6712002.0,38.043,34.836999999999996,42.7409
6720002.0,40.0577,34.4838,46.8431
6728002.0,41.8008,34.9002,0.800984
6736002.0,43.5204,35.0108,4.481669999999999
6744002.0,43.9435,35.1147,9.54244
6752002.0,45.5033,35.4807,15.3688
6760002.0,45.4872,35.4917,20.2537
6768002.0,45.2683,35.8117,25.0701
6776002.0,45.3684,36.2535,29.9413
6784002.0,46.1595,36.6043,35.0174
6792002.0,47.0013,37.0332,39.407
6800002.0,47.3372,37.04,43.2047
6808002.0,47.3691,36.9081,47.5613
6816002.0,47.4707,37.0208,3.0908
6824002.0,48.6626,36.8136,7.96585
6832002.0,0.750958,36.7995,13.0102
6840002.0,1.09218,36.8403,17.8024
6848002.0,1.67057,37.3392,22.4632
6856002.0,2.53876,37.594,27.3714
6864002.0,4.16967,37.7069,31.8956
6872002.0,4.85688,37.7475,36.5658
6880002.0,5.4743,38.774,41.1284
6888002.0,6.54985,38.6297,46.2318
6896002.0,7.472010000000001,38.5581,0.7733800000000001
6904002.0,8.41815,38.8039,5.5808599999999995
6912002.0,9.87149,38.9982,11.1927
6920002.0,10.4074,38.9287,16.2049
6928002.0,11.686,38.7906,20.9528
6936002.0,11.3934,39.107,24.8685
6944002.0,12.4048,39.4128,29.037
6952002.0,14.6766,39.2515,33.3562
6960002.0,15.700999999999999,39.455,36.0748
6968002.0,15.9973,39.6044,40.2421
6976002.0,17.3102,39.3866,44.8513
6984002.0,17.2947,39.7046,49.4186
6992002.0,18.1945,39.7213,4.47797
7000002.0,19.1351,39.9165,8.603110000000001
7008002.0,20.0813,39.7311,13.3612
7016002.0,21.0776,39.5367,17.2615
7024002.0,21.1226,39.6158,21.9741
7032002.0,21.3723,39.4511,25.2332
7040002.0,21.8827,39.3671,29.195999999999998
7048002.0,22.4026,39.2081,33.9787
7056002.0,23.1407,39.475,37.8901
7064002.0,24.6846,39.4884,42.0386
7072002.0,26.0249,39.5252,46.2925
7080002.0,26.9388,39.2923,0.6784899999999999
7088002.0,26.9533,39.1046,5.65346
7096002.0,26.6926,39.0305,10.2852
7104002.0,26.8531,39.2815,13.8328
7112002.0,27.2,39.0666,18.2549
7120002.0,28.4743,38.9172,23.1961
7128002.0,28.3119,38.7072,27.8504
7136002.0,28.7775,38.157,32.3241
7144002.0,28.1795,37.9535,37.3787
7152002.0,28.7714,37.8471,42.4175
7160002.0,29.7536,37.5262,47.9054
7168002.0,30.371,37.7436,2.8508299999999998
7176002.0,31.2037,38.131,7.46247
7184002.0,32.7161,38.371,11.7681
7192002.0,32.064,38.7446,16.4429
7200002.0,33.8521,39.0671,21.3307
7204002.0,32.6959,39.3494,23.3929
7212002.0,34.111999999999995,39.3906,29.3628
7220002.0,35.2379,39.3944,33.2326
7228002.0,35.9278,39.2033,38.2764
7236002.0,36.4997,38.9219,42.9053
7244002.0,37.1632,38.5813,47.5569
7252002.0,37.3466,38.8482,2.79793
7260002.0,37.7363,38.8985,7.481330000000001
7268002.0,37.7706,38.8382,12.7642
7276002.0,38.9079,38.8144,17.4221
7284002.0,38.971,38.7727,22.2456
7292002.0,39.5401,38.6966,26.8738
7300002.0,40.3663,38.7972,31.4212
7308002.0,41.107,38.6233,35.9783
7316002.0,41.3738,38.4956,40.0118
7324002.0,41.2719,38.548,44.376000000000005
7332002.0,41.4777,38.2855,49.0705
7340002.0,41.7096,37.973,4.0522599999999995
7348002.0,41.9682,37.6786,8.388530000000001
7356002.0,42.4974,37.6572,12.1397
7364002.0,43.0126,38.2738,15.8062
7372002.0,43.3095,38.2862,19.9694
7380002.0,43.3988,38.5362,24.0609
7388002.0,43.4093,38.512,28.6215
7396002.0,43.843,38.2696,32.7737
7404002.0,44.3868,38.0113,37.4399
7412002.0,45.0496,38.0657,41.6522
7420002.0,45.2331,37.7946,46.2958
7428002.0,45.3954,37.7581,1.10686
7436002.0,44.6966,37.5301,6.21045
7444002.0,45.1254,37.57,10.8892
7452002.0,45.5685,37.0808,15.9747
7460002.0,45.4852,37.1867,20.3723
7468002.0,45.6237,36.9312,25.2934
7476002.0,45.5588,36.7441,29.4031
7484002.0,45.8486,37.008,34.1155
7492002.0,46.011,37.048,38.4227
7500002.0,46.151,37.3419,43.2057
7508002.0,46.601000000000006,37.5215,47.5522
7516002.0,46.089,37.6257,3.00935
7524002.0,45.7873,37.3922,7.81388
7532002.0,45.5843,37.3086,12.6051
7540002.0,45.6271,37.3597,17.5165
7548002.0,45.4493,37.6551,20.8243
7556002.0,46.2993,37.507,25.6714
7564002.0,46.555,37.5521,30.1519
7572002.0,46.9914,37.5402,34.6988
7580002.0,46.9605,37.3241,39.1872
7588002.0,46.8479,37.0412,43.3661
7596002.0,46.9605,36.9072,47.3755
7604002.0,46.8486,36.411,2.27763
7612002.0,47.3423,36.6434,7.288289999999999
7620002.0,47.5716,36.5629,11.5716
7628002.0,47.8279,36.4869,15.8986
7636002.0,48.5091,36.2276,19.3949
7644002.0,48.7785,35.9152,23.5128
7652002.0,49.3932,35.4837,27.0389
7660002.0,0.192212,35.1326,31.0293
7668002.0,1.48672,34.9196,35.9414
7676002.0,1.57339,34.7766,40.875
7684002.0,1.8829900000000002,34.6596,45.17
7692002.0,3.4991,34.3731,0.41917
7700002.0,3.8677300000000003,34.2198,4.83502
7708002.0,4.5107,33.7454,9.404580000000001
7716002.0,5.17173,33.5426,13.8772
7724002.0,6.25868,33.6623,18.2315
7732002.0,8.0538,33.3579,22.3571
7740002.0,10.7356,33.2598,26.8398
7748002.0,12.0557,33.2272,31.2174
7756002.0,13.3761,33.4606,35.3799
7764002.0,13.8449,33.5221,40.2304
7772002.0,13.6625,33.3909,44.9838
7780002.0,14.035,33.5172,0.433388
7788002.0,14.1374,33.3773,5.1079099999999995
7796002.0,14.9592,33.161,10.0204
7804002.0,15.3055,33.2663,14.6743
7812002.0,16.0279,33.0729,20.3818
7820002.0,16.6757,32.4851,24.8142
7828002.0,18.1161,31.6238,29.730999999999998
7836002.0,18.7661,31.1631,34.455999999999996
7844002.0,19.2534,31.1697,38.4496
7852002.0,19.2733,31.4367,43.5436
7860002.0,19.7663,31.7012,47.5666
7868002.0,19.8885,31.7045,3.1244400000000003
7876002.0,20.8902,31.4866,7.64445
7884002.0,22.0025,31.2232,12.1218
7892002.0,23.0663,31.268,16.932000000000002
7900002.0,23.3265,31.8614,21.2954
7908002.0,23.2267,31.0432,25.6018
7916002.0,23.1682,31.1832,29.6019
7924002.0,23.4381,31.213,33.7166
7932002.0,24.0185,31.2825,37.3001
7940002.0,24.877,31.5091,40.6644
7948002.0,26.0005,31.5262,44.5766
7956002.0,26.5775,31.4291,47.1033
7964002.0,27.3764,32.8686,0.579497
7972002.0,27.5972,34.0371,3.9881300000000004
7980002.0,26.7019,35.3962,8.0866
7988002.0,27.0791,35.518,12.2483
7996002.0,27.2627,35.9673,15.8684
