2.0,27.1136,34.5345,42.0841
8002.0,31.8999,34.6227,45.6338
16002.0,33.842,34.5863,49.3196
24002.0,33.8217,34.7907,4.8604400000000005
32002.0,33.9868,34.6195,8.62675
40002.0,34.5993,34.6657,13.1737
48002.0,35.5035,34.6426,16.8991
56002.0,35.4315,34.4278,21.3245
64002.0,34.7145,34.4483,24.6806
72002.0,36.9402,34.7489,27.914
80002.0,37.6453,34.9786,31.1445
88002.0,38.3599,35.1697,35.8514
96002.0,38.8025,35.012,39.9118
104002.0,38.8936,34.9665,43.4964
112002.0,38.988,34.8979,45.6805
120002.0,39.6842,34.2547,48.8028
128002.0,40.3672,34.0227,3.42391
136002.0,40.538000000000004,22.8644,7.93513
144002.0,40.4425,22.0423,8.93937
152002.0,43.4025,20.76,10.7772
160002.0,47.8355,20.4145,13.3554
168002.0,48.5365,20.1147,16.0628
176002.0,48.6092,20.090999999999998,19.3281
184002.0,48.958999999999996,19.8434,22.266
192002.0,49.104,19.2924,26.3552
200002.0,0.353027,19.0287,30.1134
208002.0,1.0159,19.2738,32.5364
216002.0,1.62734,19.0318,36.4511
224002.0,1.82476,19.1868,40.5804
232002.0,2.3554,19.3906,44.6867
240002.0,2.4706200000000003,19.3136,48.3056
248002.0,2.88848,19.524,1.9591900000000002
256002.0,3.4691099999999997,20.0278,6.460430000000001
264002.0,4.11574,19.7537,10.8212
272002.0,5.74533,19.8346,14.5625
280002.0,6.6181,19.9072,17.5172
288002.0,7.63329,19.9497,21.8774
296002.0,8.31152,19.7039,25.5969
304002.0,9.92071,20.1718,29.3477
312002.0,10.9922,20.5669,32.895
320002.0,13.1091,20.7956,36.8354
328002.0,15.2062,20.7544,41.3333
336002.0,16.7254,20.8093,45.5457
344002.0,17.4818,21.3197,0.503905
352002.0,18.5908,21.4127,3.86297
360002.0,19.9606,21.8582,6.98481
368002.0,21.4998,21.5741,9.61035
376002.0,21.9892,21.6824,13.5571
384002.0,23.2148,22.2962,16.0523
392002.0,23.2981,22.6309,19.7782
400002.0,23.5614,23.1681,24.2753
408002.0,23.6467,23.4699,28.6918
416002.0,23.3634,23.6957,32.259
424002.0,24.5448,23.7727,36.3769
432002.0,25.5287,23.6331,39.488
440002.0,26.0936,24.3435,44.8763
448002.0,25.9596,24.2724,49.0243
456002.0,26.7426,24.4627,2.43358
464002.0,28.1414,25.2347,5.28982
472002.0,29.329,25.3542,9.86682
480002.0,30.9316,25.6366,13.7312
488002.0,31.8723,26.1331,17.7796
496002.0,33.8515,26.814,21.6724
504002.0,34.1796,27.0592,25.98
512002.0,34.4451,26.9409,30.1068
520002.0,35.2661,26.9219,33.7883
528002.0,35.3867,27.2609,38.9983
536002.0,36.1944,27.0599,43.1141
544002.0,38.0813,27.3336,46.6925
552002.0,40.1293,27.965,0.9487760000000001
560002.0,41.856,28.4819,4.55543
568002.0,42.736000000000004,28.9854,7.59227
576002.0,42.815,28.4898,12.5285
584002.0,43.4019,28.4143,17.5086
592002.0,44.5498,28.4077,20.4683
600002.0,44.9947,28.3169,25.2138
608002.0,46.5296,29.2462,28.5218
616002.0,48.523,29.9129,33.086
624002.0,48.8088,30.136999999999997,37.6858
632002.0,49.16,29.9378,41.9413
640002.0,1.22151,30.1462,45.5905
648002.0,1.60582,30.569000000000003,48.5256
656002.0,1.8731400000000002,30.2641,3.29699
664002.0,2.7443,30.5241,7.657030000000001
672002.0,3.14361,30.62,12.4446
680002.0,3.9321599999999997,30.7302,16.8712
688002.0,4.48735,31.1395,22.506
696002.0,4.27428,30.6936,26.7229
704002.0,4.31378,30.5908,31.9919
712002.0,4.3736,30.3144,36.7422
720002.0,5.13488,30.5375,41.0915
728002.0,4.95487,30.283,46.0174
736002.0,4.8794,30.6941,1.25054
744002.0,5.97886,30.3347,5.97063
752002.0,5.87746,30.3078,10.6505
760002.0,6.94768,30.3364,15.9627
768002.0,7.22797,30.6051,20.7049
776002.0,7.647939999999999,30.6695,26.1823
784002.0,7.341880000000001,30.5295,29.6697
792002.0,8.92469,30.7206,33.665
800002.0,9.482610000000001,30.9343,37.8458
808002.0,9.75157,30.8532,42.3096
816002.0,10.3947,30.9329,46.7708
824002.0,11.2464,31.1848,1.42992
832002.0,12.1545,31.9145,6.3669
840002.0,12.6543,32.05,10.9412
848002.0,15.0418,31.6936,15.4231
856002.0,16.6758,32.0027,19.3945
864002.0,17.6889,32.0596,23.3961
872002.0,17.2105,32.1515,27.6348
880002.0,17.8486,32.2717,32.3799
888002.0,19.5275,32.2493,36.1505
896002.0,20.7105,32.6817,39.5942
904002.0,22.0708,32.6405,43.9531
912002.0,23.2406,32.5081,47.5012
920002.0,24.0984,32.3408,2.3931
928002.0,24.1612,32.1391,7.7385600000000005
936002.0,24.9062,32.0345,11.595999999999998
944002.0,25.4757,32.5932,15.335999999999999
952002.0,27.1453,32.0846,19.5596
960002.0,27.1837,32.0696,23.9362
968002.0,28.0371,32.5318,27.8663
976002.0,28.9173,32.7651,32.0192
984002.0,29.541999999999998,32.6314,36.3989
992002.0,29.8752,32.6814,39.7472
1000002.0,30.8639,33.0488,43.4985
1008002.0,31.9775,32.6834,47.6477
1016002.0,32.3892,32.8421,2.81066
1024002.0,33.4585,32.4544,6.962460000000001
1032002.0,34.819,32.8431,10.584000000000001
1040002.0,35.5701,32.8507,14.6381
1048002.0,35.7757,32.4934,19.1432
1056002.0,36.4264,32.354,23.0704
1064002.0,36.9055,32.1418,28.0113
1072002.0,37.4396,32.260999999999996,32.4076
1080002.0,38.1059,32.4186,36.5093
1088002.0,38.7448,32.2695,40.5621
1096002.0,39.8172,32.0854,45.1121
1104002.0,40.5261,32.4665,49.4059
1112002.0,40.5248,32.5472,4.712269999999999
1120002.0,40.9973,32.8602,9.29804
1128002.0,42.0343,33.1467,13.7049
1136002.0,42.7272,33.0601,18.4237
1144002.0,43.1355,33.2744,22.136999999999997
1152002.0,43.9398,33.3877,27.0255
1160002.0,44.4141,33.6548,31.4376
1168002.0,44.8831,34.0663,35.8388
1176002.0,45.2204,34.0785,40.1443
1184002.0,46.1865,34.3478,44.5986
1192002.0,46.8405,34.2741,48.8345
1200002.0,47.342,34.0101,3.70033
1208002.0,47.8712,33.9907,8.48516
1216002.0,48.4329,33.5523,12.7705
1224002.0,48.9081,33.8937,18.0565
1232002.0,0.428679,33.6619,22.6055
1240002.0,0.8920030000000001,34.0013,27.654
1248002.0,0.871647,34.3196,33.2617
1256002.0,1.4308299999999998,34.4703,37.4558
1264002.0,1.7377,34.323,42.4414
1272002.0,1.42794,34.2352,46.8898
1280002.0,3.0173099999999997,34.387,1.9803
1288002.0,3.69116,34.4236,5.7768
1296002.0,3.8831300000000004,34.6942,10.8776
1304002.0,6.318890000000001,35.4346,15.1899
1312002.0,6.656439999999999,35.6093,19.9304
1320002.0,7.85383,35.5875,24.7302
1328002.0,8.25082,35.7843,29.3692
1336002.0,9.16564,36.2399,34.2012
1344002.0,9.87858,36.5104,38.4602
1352002.0,10.5061,36.383,44.2059
1360002.0,11.2686,36.1145,48.9912
1368002.0,11.5748,36.2859,4.752669999999999
1376002.0,12.4941,36.594,10.1932
1384002.0,12.7217,36.9459,14.7541
1392002.0,12.7647,38.0436,19.7629
1400002.0,13.9485,38.3933,25.5991
1408002.0,14.7965,39.1634,30.3936
1416002.0,15.2465,39.4316,35.6138
1424002.0,15.3674,39.4425,41.5038
1432002.0,15.5829,39.6101,46.7761
1440002.0,16.8738,39.5572,3.00555
1448002.0,17.2672,39.4663,7.749969999999999
1456002.0,18.180999999999997,39.1657,11.6774
1464002.0,18.2921,38.8757,16.0068
1472002.0,18.8724,38.8506,20.3436
1480002.0,19.8217,39.1208,24.8265
1488002.0,19.9401,39.4374,29.2628
1496002.0,19.6081,39.7548,33.8728
1504002.0,19.6384,40.0242,39.1222
1512002.0,19.767,40.303000000000004,44.3487
1520002.0,19.9681,40.4964,48.6358
1528002.0,20.3159,40.6161,3.80609
1536002.0,20.3301,41.4928,8.16342
1544002.0,20.8563,41.8445,12.8146
1552002.0,22.5121,41.9026,16.9077
1560002.0,22.9237,41.7621,22.2347
1568002.0,22.9755,41.7559,27.3129
1576002.0,22.8671,41.9562,32.5523
1584002.0,22.9409,42.0035,37.6648
1592002.0,23.0088,42.1342,42.833999999999996
1600002.0,23.3726,42.0114,47.6718
1608002.0,23.1899,41.5703,3.21645
1616002.0,23.2808,41.5848,7.76837
1624002.0,23.665,41.157,12.3601
1632002.0,23.8489,41.4292,17.1719
1640002.0,24.3224,41.3532,22.2487
1648002.0,24.8448,41.0263,26.9859
1656002.0,24.7834,40.8538,31.7973
1664002.0,25.2394,40.6957,36.5924
1672002.0,25.5456,40.4708,41.5526
1680002.0,25.88,40.7,46.7369
1688002.0,26.0504,40.8007,2.00972
1696002.0,26.0293,40.4079,7.144819999999999
1704002.0,25.986,40.2496,12.5228
1712002.0,25.7639,40.4123,17.6404
1720002.0,26.0867,40.6504,21.8715
1728002.0,26.2577,40.4329,26.3056
1736002.0,26.5819,40.141999999999996,30.815
1744002.0,26.658,39.7428,35.093
1752002.0,27.0044,39.7679,39.3127
1760002.0,27.1937,40.0032,44.0181
1768002.0,27.7278,40.2247,48.6713
1776002.0,28.0617,40.4785,3.98783
1784002.0,28.2964,40.6423,8.550089999999999
1792002.0,28.3596,40.5678,12.8625
1800002.0,28.7634,40.0689,17.4213
1808002.0,29.1566,39.925,22.1915
1816002.0,30.1188,39.732,26.401999999999997
1824002.0,30.1849,39.7158,31.2981
1832002.0,30.6475,39.594,35.826
1840002.0,32.3256,39.7363,40.2134
1848002.0,32.4235,39.6223,45.1274
1856002.0,32.7224,39.4135,49.43600000000001
1864002.0,33.2821,39.5016,4.5252
1872002.0,33.6456,39.6544,8.93014
1880002.0,35.2559,39.937,14.0717
1888002.0,36.8175,40.2112,18.8498
1896002.0,38.1514,39.9254,23.8015
1904002.0,38.6142,39.8891,28.5988
1912002.0,38.4271,40.5123,33.8763
1920002.0,38.2789,40.5991,39.3085
1928002.0,39.3288,40.9171,43.8538
1936002.0,39.7037,41.0827,48.6374
1944002.0,39.9845,40.9976,4.40575
1952002.0,40.1181,40.9512,9.5618
1960002.0,39.8044,41.2002,14.4307
1968002.0,40.5482,41.4418,19.7313
1976002.0,40.8282,41.5879,24.6218
1984002.0,41.5269,41.598,30.1158
1992002.0,41.655,41.5765,35.0782
2000002.0,41.4065,41.8035,40.0554
2008002.0,41.3459,42.4329,45.5094
2016002.0,41.6698,42.3602,0.9446129999999999
2024002.0,41.8934,42.5396,5.79504
2032002.0,42.2752,42.5833,10.8068
2040002.0,42.5121,42.7475,15.4271
2048002.0,42.7535,42.2243,20.7693
2056002.0,43.8382,42.1082,25.4265
2064002.0,44.3788,42.2028,30.1248
2072002.0,45.1083,42.1377,34.798
2080002.0,45.8683,42.0556,39.5308
2088002.0,46.4583,41.9098,44.0116
2096002.0,46.8489,41.3542,48.9887
2104002.0,47.7487,41.3526,4.142919999999999
2112002.0,49.1102,41.3583,9.63504
2120002.0,49.3016,41.3975,15.0679
2128002.0,49.4485,41.428000000000004,19.5507
2136002.0,0.365983,41.1154,24.2137
2144002.0,0.709381,41.1076,29.0283
2152002.0,1.11002,41.1809,33.7645
2160002.0,0.964282,41.0748,38.6638
2168002.0,1.56809,40.8456,43.7554
2176002.0,1.4842799999999998,40.8142,48.1913
2184002.0,1.79902,40.6038,2.58508
2192002.0,2.18713,40.1206,6.731910000000001
2200002.0,2.3624099999999997,40.0311,11.1393
2208002.0,2.86505,39.8682,15.4698
2216002.0,3.5792,40.0223,20.3749
2224002.0,3.4494800000000003,40.039,26.0414
2232002.0,3.8271300000000004,40.1752,31.3046
2240002.0,4.31548,40.067,35.7828
2248002.0,4.64319,40.1607,39.6993
2256002.0,4.7967900000000006,39.1555,42.9833
2264002.0,4.3141099999999994,39.3378,47.5398
2272002.0,4.92909,39.4224,2.6897599999999997
2280002.0,5.73878,40.0184,7.15101
2288002.0,5.41783,39.9476,12.2268
2296002.0,6.5179800000000006,40.3622,17.1623
2304002.0,7.3735800000000005,40.4163,22.046
2312002.0,7.67927,40.4817,27.3852
2320002.0,9.16938,40.922,32.437
2328002.0,9.920860000000001,40.8118,37.9385
2336002.0,9.89777,40.7229,42.9623
2344002.0,10.4422,40.9818,48.125
2352002.0,10.7554,40.9159,3.05249
2360002.0,10.9893,40.6268,7.885339999999999
2368002.0,11.604000000000001,40.4182,13.2181
2376002.0,11.5408,40.4762,18.1792
2384002.0,11.3695,40.473,22.8268
2392002.0,11.4548,40.4771,27.5522
2400002.0,11.3849,40.4919,32.1607
2408002.0,11.3484,40.6886,37.1273
2414002.0,11.5551,40.6805,41.00899999999999
2422002.0,11.8848,40.2804,47.1814
2430002.0,14.5693,40.6106,2.42086
2438002.0,15.472999999999999,40.7689,7.21117
2446002.0,15.7469,40.7617,12.1376
2454002.0,15.9244,40.6778,16.7441
2462002.0,16.9081,40.6539,21.4829
2470002.0,17.1781,40.5956,25.8583
2478002.0,17.5185,40.6167,30.3278
2486002.0,17.7236,40.7218,34.5042
2494002.0,17.651,40.4807,38.5131
2502002.0,17.0336,40.5195,42.8467
2510002.0,17.585,40.6875,47.63
2518002.0,17.5128,40.7551,1.60265
2526002.0,19.9847,40.4659,5.41788
2534002.0,20.9913,40.7922,9.43113
2542002.0,21.0432,40.8572,14.3237
2550002.0,22.0779,41.0369,19.3496
2558002.0,23.0611,41.1462,23.2455
2566002.0,23.9681,41.0502,26.9949
2574002.0,25.1141,41.0726,30.0451
2582002.0,25.2582,40.8094,33.1916
2590002.0,27.4524,41.321999999999996,37.3258
2598002.0,29.2762,41.4309,42.8655
2606002.0,29.5667,41.06399999999999,46.9107
2614002.0,30.9293,41.0678,2.17223
2622002.0,30.9649,41.0127,7.1325899999999995
2630002.0,31.4611,41.3489,12.126
2638002.0,31.6973,41.0283,16.5177
2646002.0,32.0232,40.9809,20.8091
2654002.0,32.7945,41.2686,26.1501
2662002.0,33.2163,41.2396,30.6728
2670002.0,33.9582,41.4043,35.5844
2678002.0,35.149,41.3524,40.5902
2686002.0,37.4545,41.4542,45.5428
2694002.0,38.7489,41.4243,0.61032
2702002.0,39.9614,41.7985,5.83866
2710002.0,40.9811,42.0912,11.222000000000001
2718002.0,41.606,42.2574,16.1581
2726002.0,42.6603,42.1663,19.8604
2734002.0,43.0989,42.193999999999996,24.8649
2742002.0,44.0568,42.3568,29.6351
2750002.0,45.7117,42.2227,34.0818
2758002.0,46.5664,41.7721,38.5438
2766002.0,47.1079,41.1086,43.7109
2774002.0,47.6399,40.9869,48.1492
2782002.0,47.7875,40.9887,3.83964
2790002.0,47.756,40.9621,8.768360000000001
2798002.0,47.8462,41.0297,13.9415
2806002.0,48.3967,41.0562,19.1547
2814002.0,48.3049,41.1088,24.4889
2822002.0,48.6328,41.1211,29.3506
2830002.0,48.6111,40.9524,33.9512
2838002.0,48.8434,41.2373,38.8476
2846002.0,0.867751,41.2262,42.8714
2854002.0,1.10629,41.2255,47.7829
2862002.0,1.81817,41.0719,3.23849
2870002.0,1.98711,41.1692,7.211469999999999
2878002.0,3.41868,41.3332,12.2472
2886002.0,3.50618,41.4092,16.5663
2894002.0,4.01769,41.5622,20.9059
2902002.0,5.054819999999999,41.4955,25.6465
2910002.0,5.88725,41.6321,30.2098
2918002.0,6.48385,41.6271,34.6193
2926002.0,6.8181199999999995,41.4557,39.7101
2934002.0,7.25065,41.3732,44.7971
2942002.0,8.00341,41.2129,0.225331
2950002.0,7.984039999999999,41.3207,5.28576
2958002.0,8.29946,41.1881,9.98972
2966002.0,8.70122,41.1328,14.3362
2974002.0,8.65466,41.0274,18.9336
2982002.0,8.48005,40.9492,24.1778
2990002.0,8.93887,40.8235,29.1799
2998002.0,9.1087,40.7137,34.1949
3006002.0,9.830210000000001,40.8196,38.5815
3014002.0,9.80637,40.9703,43.1424
3022002.0,9.74348,41.0197,48.0312
3030002.0,9.80697,40.5528,4.03651
3038002.0,9.7248,40.3208,9.004710000000001
3046002.0,9.689910000000001,39.9316,14.163
3054002.0,11.1561,39.4974,19.3334
3062002.0,11.1978,39.0909,24.4823
3070002.0,11.6677,38.8387,30.5191
3078002.0,11.6133,38.6283,34.705
3086002.0,11.6448,38.7231,39.6407
3094002.0,12.0283,38.9176,44.6843
3102002.0,12.8001,38.5967,48.666000000000004
3110002.0,13.7073,38.5359,4.37064
3118002.0,14.110999999999999,38.9323,8.95951
3126002.0,14.4477,39.0841,14.7928
3134002.0,15.2685,39.306999999999995,19.5627
3142002.0,15.5891,39.3926,24.6939
3150002.0,16.4387,39.2999,28.526999999999997
3158002.0,18.6795,39.2755,32.6362
3166002.0,19.1703,39.5796,36.4437
3174002.0,19.6939,40.0528,39.6226
3182002.0,20.1524,40.3333,44.324
3190002.0,21.4805,40.4239,48.3579
3198002.0,22.1034,40.4185,3.01907
3206002.0,23.7312,40.2615,7.0067
3214002.0,25.2823,39.727,10.5661
3222002.0,26.6454,39.6164,15.3917
3230002.0,27.8853,39.2259,19.9481
3238002.0,28.6767,39.1842,24.7582
3246002.0,29.3375,39.0031,28.7236
3254002.0,29.44,39.06,32.906
3262002.0,30.4496,38.7868,36.5561
3270002.0,30.4428,38.1854,41.5472
3278002.0,30.5491,38.3454,45.1223
3286002.0,31.3261,38.5959,48.9425
3294002.0,31.9796,38.7299,2.6233
3302002.0,32.4703,39.2943,7.364389999999999
3310002.0,32.9296,39.1617,11.1025
3318002.0,33.1302,38.95,15.3055
3326002.0,34.2962,38.7174,20.2986
3334002.0,35.0331,38.4241,25.1223
3342002.0,35.8744,38.5773,29.5582
3350002.0,36.8008,38.0762,34.2587
3358002.0,39.0304,37.8048,39.3231
3366002.0,41.5758,37.701,44.1455
3374002.0,41.9041,37.5827,48.9949
3382002.0,42.6782,37.6211,4.864269999999999
3390002.0,43.9322,37.3619,9.85404
3398002.0,44.7093,37.0871,14.7824
3406002.0,45.8862,36.6177,19.864
3414002.0,47.7131,36.7025,24.5024
3422002.0,1.11189,36.6517,28.2656
3430002.0,3.94305,36.861999999999995,31.4736
3438002.0,4.5732099999999996,36.444,36.0962
3446002.0,4.7542,36.4243,40.0584
3454002.0,4.390969999999999,36.6804,44.7287
3462002.0,4.66087,36.6397,49.4082
3470002.0,4.7237800000000005,36.6404,4.08246
3478002.0,4.74801,37.0933,8.4503
3486002.0,4.6568,37.3388,13.2833
3494002.0,4.90123,37.335,18.1347
3502002.0,4.78923,37.49,22.9214
3510002.0,4.16266,36.9633,28.3699
3518002.0,3.99485,37.1757,33.0771
3526002.0,4.35525,37.0636,38.4619
3534002.0,4.54857,37.3334,43.2916
3542002.0,4.6906099999999995,37.4407,47.8545
3550002.0,4.60016,37.4275,2.5587299999999997
3558002.0,4.62712,37.4807,7.45171
3566002.0,4.89089,37.5939,12.3042
3574002.0,5.07493,37.7507,17.0688
3582002.0,5.62648,37.7387,22.4142
3590002.0,5.863090000000001,37.6353,26.9527
3598002.0,6.03765,37.7432,31.7267
3606002.0,6.70016,37.8591,36.3625
3614002.0,6.79523,37.8655,41.0037
3622002.0,7.25576,37.9428,45.8356
3630002.0,7.655660000000001,38.0587,1.04669
3638002.0,7.8548800000000005,37.9747,5.49898
3646002.0,8.25681,38.2724,10.6324
3654002.0,8.39971,38.2981,15.4772
3662002.0,8.47193,38.1887,20.5322
3670002.0,8.525260000000001,38.1382,25.2964
3678002.0,8.86395,38.0955,30.4282
3686002.0,9.3398,38.0524,35.3664
3694002.0,9.78613,37.609,40.2581
3702002.0,9.9894,37.4311,45.1638
3710002.0,9.8746,37.3748,0.174349
3718002.0,9.99566,37.5201,4.86508
3726002.0,9.792539999999999,37.4275,9.493889999999999
3734002.0,10.3232,36.9809,14.3767
3742002.0,10.8775,36.9777,19.2206
3750002.0,11.0589,36.9015,24.1442
3758002.0,12.1911,36.9557,29.131
3766002.0,13.6399,36.9133,33.1979
3774002.0,14.4812,36.4085,38.4545
3782002.0,15.062999999999999,36.6104,42.2915
3790002.0,16.41,36.3691,47.5567
3798002.0,16.1612,36.0161,2.3649299999999998
3806002.0,16.7855,36.0385,6.81876
3814002.0,18.4898,35.7934,10.8889
3822002.0,19.8325,35.99,15.2865
3830002.0,20.1027,35.6796,19.6048
3838002.0,20.2902,35.785,24.6451
3846002.0,20.4971,35.8658,30.2914
3854002.0,20.7355,35.9895,35.4177
3862002.0,20.9339,36.2025,40.0007
3870002.0,21.3411,36.1929,45.2782
3878002.0,20.9689,36.1756,1.03255
3886002.0,21.4558,36.0302,5.77226
3894002.0,22.1022,35.5321,10.5855
3902002.0,22.85,35.3138,15.2548
3910002.0,24.3398,35.2199,20.2649
3918002.0,25.74,35.1978,25.6317
3926002.0,27.3814,35.5435,29.7568
3934002.0,28.7251,35.5115,34.482
3942002.0,29.0269,35.9412,38.9966
3950002.0,29.6158,36.068000000000005,43.6414
3958002.0,29.589000000000002,36.0158,48.5432
3966002.0,30.3834,36.0007,3.2328099999999997
3974002.0,31.1883,35.8588,7.3577699999999995
3982002.0,31.7749,36.3703,11.8269
3990002.0,32.4722,38.0281,15.6853
3998002.0,39.484,33.6429,19.9897
4006002.0,42.019,32.2373,22.9445
4014002.0,42.6279,32.7439,27.3995
4022002.0,43.3983,32.3903,30.9844
4030002.0,43.4759,31.8702,35.2353
4038002.0,44.7001,31.9831,38.0483
4046002.0,46.1881,31.8591,41.5805
4054002.0,46.9099,32.0007,46.2232
4062002.0,48.0128,31.3554,1.69628
4070002.0,48.021,31.3743,4.69025
4078002.0,48.172,31.4186,9.6602
4086002.0,48.8242,31.6931,13.559000000000001
4094002.0,0.12116500000000001,31.2175,18.2739
4102002.0,0.23321999999999998,31.1346,22.7519
4110002.0,0.48037700000000005,30.6432,27.3614
4118002.0,1.14836,30.801,31.5681
4126002.0,2.21913,30.7363,36.1979
4134002.0,2.7962,30.9329,39.3729
4142002.0,3.35313,31.6023,43.9462
4150002.0,4.96861,32.2763,48.4923
4158002.0,6.2653300000000005,32.4566,3.64666
4166002.0,7.0126800000000005,32.2732,7.8743300000000005
4174002.0,8.18164,32.2845,12.0457
4182002.0,8.94171,32.5882,16.6381
4190002.0,9.92033,32.8169,21.014
4198002.0,10.6545,32.898,26.0768
4206002.0,11.638,32.7704,30.9939
4214002.0,13.1741,32.1329,36.1323
4222002.0,14.7841,32.0607,41.3742
4230002.0,16.6019,32.1717,46.0131
4238002.0,18.8865,31.9582,2.28804
4246002.0,20.5188,31.7183,7.3173
4254002.0,22.8138,31.2878,12.8489
4262002.0,23.7701,31.4437,18.2338
4270002.0,24.3987,31.4835,22.2855
4278002.0,25.2321,31.0692,27.4969
4286002.0,26.0611,30.9579,32.5758
4294002.0,26.921,30.6655,37.3167
4302002.0,27.4029,30.6719,41.9908
4310002.0,28.4351,30.4641,47.3359
4318002.0,28.4698,30.6461,2.12443
4326002.0,28.5463,31.0798,6.766489999999999
4334002.0,29.3203,31.5013,10.6999
4342002.0,29.8223,31.6994,15.5656
4350002.0,30.0269,31.3812,20.1876
4358002.0,30.2947,31.5704,24.3307
4366002.0,31.5309,31.1627,28.2795
4374002.0,32.4793,31.0028,32.543
4382002.0,32.8839,30.9393,37.3693
4390002.0,33.6171,30.921,42.36600000000001
4398002.0,33.8006,30.8682,48.6506
4406002.0,34.3196,30.6889,4.28135
4414002.0,34.3296,30.7935,8.6134
4422002.0,34.7057,30.4407,13.1875
4430002.0,34.9029,30.7947,17.8526
4438002.0,35.6237,31.8253,23.2549
4446002.0,35.6477,32.4186,25.4856
4454002.0,36.0985,31.7279,30.6969
4462002.0,36.9542,31.2222,35.687
4470002.0,39.3578,31.9625,39.3874
4478002.0,40.12,31.8977,42.7768
4486002.0,41.2425,31.8999,46.7374
4494002.0,41.9621,32.0787,1.58707
4502002.0,42.849,31.8408,6.18653
4510002.0,42.6638,31.7946,9.65077
4518002.0,42.083,32.4069,12.24
4526002.0,42.3344,33.1837,16.4862
4534002.0,42.9119,33.1167,20.458
4542002.0,43.1816,33.1752,24.5166
4550002.0,44.1743,33.1234,29.0472
4558002.0,45.2619,33.239000000000004,34.5382
4566002.0,44.9374,33.2842,38.898
4574002.0,46.2951,33.3358,43.4314
4582002.0,47.472,33.4105,47.5089
4590002.0,0.775413,32.7544,2.97931
4598002.0,2.8609,32.9753,7.81717
4606002.0,4.6416900000000005,32.5529,11.5486
4614002.0,5.8368199999999995,32.4212,15.7138
4622002.0,6.456840000000001,32.3817,18.7953
4630002.0,7.32533,32.3236,21.1365
4638002.0,8.0779,32.6153,24.3497
4646002.0,7.32378,32.8058,28.9254
4654002.0,7.654560000000001,32.9139,32.1282
4662002.0,9.08722,33.0239,35.9315
4670002.0,10.5613,34.3926,39.9123
4678002.0,10.6049,34.6752,44.482
4686002.0,11.3571,34.5469,48.5791
4694002.0,11.9468,34.381,3.5763199999999995
4702002.0,12.5836,34.2777,7.175910000000001
4710002.0,14.1934,34.3012,10.6813
4718002.0,14.8944,34.7108,14.9262
4726002.0,14.9757,34.3964,18.8762
4734002.0,16.7441,34.4203,22.5122
4742002.0,17.1103,33.9898,26.5395
4750002.0,17.3162,33.7155,30.497
4758002.0,17.5488,33.7204,34.2344
4760002.0,17.7128,33.658,35.0025
4768002.0,18.0596,34.0353,40.0587
4776002.0,19.7076,33.7813,43.1754
4784002.0,21.8025,33.5199,48.4902
4792002.0,22.7103,33.4009,2.59455
4800002.0,23.3656,33.3661,7.06305
4808002.0,24.0523,33.3187,11.5907
4816002.0,26.0426,33.6858,15.4481
4824002.0,28.2248,34.056,19.5877
4832002.0,29.8672,34.7061,24.5313
4840002.0,31.1028,35.3564,29.6918
4848002.0,32.6339,35.4086,33.8667
4856002.0,34.6513,35.5254,38.788000000000004
4864002.0,35.1702,35.6402,44.1119
4872002.0,37.6839,35.4099,48.2667
4880002.0,37.3773,35.6806,2.8315900000000003
4888002.0,37.5176,35.709,6.76889
4896002.0,39.1806,36.2371,11.3435
4904002.0,40.3144,36.2737,15.254000000000001
4912002.0,40.1991,36.4304,19.8271
4920002.0,42.7827,36.2136,24.2585
4928002.0,44.3109,36.5382,28.4232
4936002.0,45.4972,36.4016,33.1125
4944002.0,46.0745,36.5301,36.209
4952002.0,47.2251,36.3682,40.1409
4960002.0,47.7514,36.209,44.7086
4968002.0,47.6021,36.4512,0.146035
4976002.0,47.8533,36.861,5.0161
4984002.0,48.2368,37.1074,10.005
4992002.0,48.8906,37.2513,13.8524
5000002.0,0.183192,37.334,18.7904
5008002.0,0.48486,37.2331,23.8557
5016002.0,0.9180020000000001,36.623000000000005,28.497
5024002.0,1.22669,35.9702,32.9086
5032002.0,1.69413,35.8187,37.7238
5040002.0,2.67035,35.5231,42.2996
5048002.0,3.3532900000000003,35.4882,45.7084
5056002.0,4.354509999999999,35.985,1.20654
5064002.0,5.65375,35.8619,6.21165
5072002.0,7.0610100000000005,35.7723,9.93379
5080002.0,8.56541,36.1673,14.7009
5088002.0,10.1208,36.2108,19.758
5096002.0,12.4912,36.2657,25.2016
5104002.0,13.7987,36.364000000000004,30.5363
5112002.0,14.4863,36.0716,35.0865
5120002.0,15.3641,36.1289,40.4438
5128002.0,16.7574,36.2732,45.4622
5136002.0,16.9995,36.7313,0.77294
5144002.0,18.0925,36.8952,5.69404
5152002.0,18.3161,37.2116,10.9677
5160002.0,19.1349,37.001,16.0899
5168002.0,19.6436,36.8826,21.26
5176002.0,20.566,36.9074,26.156999999999996
5184002.0,21.1353,37.4499,30.9357
5192002.0,21.5801,37.3468,35.4188
5200002.0,22.4325,37.6133,40.5019
5208002.0,23.3625,37.385,44.5368
5216002.0,24.2158,37.0611,0.0671688
5224002.0,25.215,37.3495,4.55896
5232002.0,25.862,37.2286,9.76673
5240002.0,26.5115,36.9808,14.4445
5248002.0,27.0105,37.0988,18.4298
5256002.0,27.1086,37.3073,22.0592
5264002.0,27.5109,37.3789,26.7649
5272002.0,28.5906,37.5536,30.7727
5280002.0,29.641,37.4071,35.8088
5288002.0,30.03,37.8236,40.4905
5296002.0,30.8776,37.8939,44.7113
5304002.0,31.9605,38.1211,49.4922
5312002.0,34.4889,38.8473,4.57822
5320002.0,35.1807,39.7368,9.545
5328002.0,36.699,41.2373,13.8916
5336002.0,38.1892,44.3276,20.2991
5344002.0,39.1546,44.159,24.3779
5352002.0,38.6492,42.6824,27.6905
5360002.0,41.5059,38.5766,27.3365
5368002.0,41.5465,37.2605,32.2756
5376002.0,41.9674,36.9942,35.5172
5384002.0,43.4697,37.2905,41.3176
5392002.0,42.3988,36.8909,41.2727
5400002.0,42.9991,38.8856,44.961999999999996
5408002.0,42.4833,38.9139,48.9106
5416002.0,43.5862,38.2426,4.20643
5424002.0,43.3217,37.9001,8.97813
5432002.0,43.7447,38.4501,12.9854
5440002.0,44.4269,38.5487,16.9403
5448002.0,44.4698,38.3866,21.2057
5456002.0,45.0426,38.3792,26.1125
5464002.0,45.4608,38.4381,30.9443
5472002.0,45.7195,38.631,36.2362
5480002.0,46.9402,38.8488,41.1612
5488002.0,47.2698,39.1591,45.007
5496002.0,49.391999999999996,38.891,48.5931
5504002.0,0.430171,38.9158,3.4128800000000004
5512002.0,2.6714900000000004,37.278,6.561839999999999
5520002.0,3.13616,36.6381,11.5068
5528002.0,4.3249,36.3798,14.1102
5536002.0,7.571219999999999,32.95,14.6646
5544002.0,8.36722,32.1575,18.4627
5552002.0,8.60872,32.3905,23.4937
5560002.0,9.13832,32.1368,28.4033
5568002.0,10.3431,31.5008,32.2859
5576002.0,10.8911,31.1466,35.1223
5584002.0,11.7392,30.9389,39.7804
5592002.0,11.8229,30.936999999999998,43.8761
5600002.0,12.0207,31.1769,48.2689
5608002.0,12.8727,30.778000000000002,2.46118
5616002.0,12.9712,30.2369,6.60745
5624002.0,13.3892,30.0659,10.302
5632002.0,14.6057,29.9681,14.5775
5640002.0,16.6319,29.8418,19.0003
5648002.0,18.2894,29.776,24.3168
5656002.0,18.9287,29.8871,29.0256
5664002.0,19.0067,30.0196,33.8154
5672002.0,20.215999999999998,30.1178,38.2556
5680002.0,20.6304,30.2153,42.6655
5688002.0,21.6102,30.2902,46.8122
5696002.0,22.2342,30.4178,1.3191
5704002.0,23.500999999999998,30.3649,5.77579
5712002.0,24.303,30.5931,10.800999999999998
5720002.0,24.5698,30.5574,15.4622
5728002.0,25.3147,30.3884,19.5629
5736002.0,25.8994,30.4499,24.6821
5744002.0,26.429000000000002,30.3733,30.0116
5752002.0,26.3129,30.5724,34.8297
5760002.0,27.0336,30.6333,39.0961
5768002.0,28.8089,30.6221,43.2889
5776002.0,29.9557,30.9822,48.3782
5784002.0,30.2599,31.1201,3.75734
5792002.0,31.0106,31.4238,8.71359
5800002.0,31.6052,31.425,14.4846
5808002.0,32.6774,31.4069,18.6618
5816002.0,34.2672,31.4616,23.6089
5824002.0,34.9405,31.8974,26.9795
5832002.0,35.4922,32.1206,31.2664
5840002.0,36.3145,32.2475,35.7601
5848002.0,38.5388,32.359,39.8708
5856002.0,39.3254,32.2461,44.843999999999994
5864002.0,40.9367,32.1686,49.1384
5872002.0,41.1103,31.9889,3.54075
5880002.0,42.4261,31.9045,7.709689999999999
5888002.0,43.5413,31.6882,12.5293
5896002.0,44.867,31.7641,16.8849
5904002.0,45.8206,32.0554,21.6496
5912002.0,46.0383,32.4832,26.7078
5920002.0,46.1702,33.0226,31.6638
5928002.0,46.3631,33.124,36.3831
5936002.0,46.3398,33.0244,40.8723
5944002.0,46.5367,33.228,46.0218
5952002.0,46.6083,33.400999999999996,1.2980399999999999
5960002.0,47.1048,33.5867,5.95657
5968002.0,47.6494,33.5573,10.3731
5976002.0,48.2636,33.4866,15.6077
5984002.0,48.8771,33.4557,20.4
5992002.0,48.8193,33.7509,25.3528
6000002.0,49.1026,34.1821,30.3421
6008002.0,48.6375,34.3466,34.0565
6016002.0,48.9761,34.1242,38.0773
6024002.0,48.6632,34.0241,43.1089
6032002.0,48.9398,33.9749,47.3286
6040002.0,48.7751,34.3649,2.09396
6048002.0,49.3533,34.4577,6.9018
6056002.0,0.601989,34.5452,11.7976
6064002.0,1.73812,34.2237,16.8022
6072002.0,1.61968,34.1381,21.5495
6080002.0,2.22111,33.7929,25.9887
6088002.0,2.98735,33.9094,29.474
6096002.0,3.96244,33.1168,33.7404
6104002.0,5.05284,32.675,37.7086
6112002.0,6.09317,32.3889,42.0657
6120002.0,6.38745,32.3789,46.3762
6128002.0,6.611210000000001,32.3187,1.73596
6136002.0,7.15782,32.3135,6.736219999999999
6144002.0,7.60105,32.038000000000004,11.514000000000001
6152002.0,7.8924,31.9064,15.8438
6160002.0,7.986269999999999,32.1121,20.3693
6168002.0,8.93895,32.2391,24.8173
6176002.0,9.678180000000001,31.6968,30.2808
6184002.0,10.2283,31.7696,34.9679
6192002.0,10.5155,32.1634,39.5444
6200002.0,11.3415,32.0017,43.707
6208002.0,11.8166,31.7525,48.2356
6216002.0,11.9361,31.8153,3.54556
6224002.0,12.2374,31.7196,8.55838
6232002.0,12.562000000000001,31.6448,13.0125
6240002.0,13.3588,31.8627,18.1682
6248002.0,14.7742,31.5164,22.6539
6256002.0,15.8163,31.2613,27.0585
6264002.0,16.8225,31.607,31.5955
6272002.0,17.3565,31.5096,35.1615
6280002.0,18.1285,31.1569,39.6912
6288002.0,18.2961,31.3314,44.2777
6296002.0,19.0081,31.2692,48.1504
6304002.0,19.7087,31.3778,2.91485
6312002.0,21.2038,30.8731,7.542510000000001
6320002.0,22.3426,30.5644,11.8997
6328002.0,24.4678,30.1065,17.1579
6336002.0,25.6316,29.8228,20.9258
6344002.0,25.9028,29.6113,25.5611
6352002.0,25.6929,29.418000000000003,30.4622
6360002.0,26.4726,29.8038,35.132
6368002.0,27.2937,29.932,40.2459
6376002.0,27.8603,29.9937,44.9583
6384002.0,28.1962,30.0849,49.291000000000004
6392002.0,28.5053,29.8805,3.94182
6400002.0,28.5604,29.9286,8.56351
6408002.0,29.0177,30.046999999999997,13.1873
6416002.0,29.7072,30.5484,17.3631
6424002.0,30.4214,31.0758,22.2183
6432002.0,31.7109,31.1704,25.8387
6440002.0,32.7523,31.4433,28.6725
6448002.0,32.707,31.1782,32.5012
6456002.0,33.689,31.1561,36.3627
6464002.0,34.8622,30.9673,40.3115
6472002.0,35.3762,31.0038,45.6217
6480002.0,35.6213,31.6317,0.382245
6488002.0,36.0813,31.8659,4.16988
6496002.0,36.6246,31.9352,8.39832
6504002.0,37.6606,32.0003,13.1821
6512002.0,38.7021,32.0812,17.7377
6520002.0,38.9889,32.0931,21.0716
6528002.0,39.1628,31.9334,25.3942
6536002.0,39.9179,31.6541,30.0999
6544002.0,40.5898,31.3156,33.5216
6552002.0,41.7081,30.0856,35.7253
6560002.0,40.6899,30.7121,39.2176
6568002.0,43.2258,28.5251,40.7565
6576002.0,44.7009,29.2799,45.4427
6584002.0,46.0009,28.5548,0.754231
6592002.0,48.9349,28.9536,5.69128
6600002.0,1.73508,28.9805,10.508
6608002.0,3.29731,28.5942,15.2608
6616002.0,5.77005,28.6702,18.4153
6624002.0,8.56626,29.061,21.6276
6632002.0,9.77919,29.2664,25.1996
6640002.0,10.8172,30.267,29.7464
6648002.0,12.5668,30.5111,33.4889
6656002.0,14.0661,29.9843,38.3803
6664002.0,15.2293,30.1149,42.1244
6672002.0,16.6613,29.7196,46.4631
6680002.0,17.7807,29.3208,1.59562
6688002.0,18.0654,29.4423,5.42098
6696002.0,20.0734,29.6263,9.24569
6704002.0,22.0929,29.234,14.061
6712002.0,23.6636,29.4443,16.9722
6720002.0,25.8079,29.5824,20.0592
6728002.0,27.497,29.6147,24.0351
6736002.0,28.0189,30.0333,27.6653
6744002.0,28.5672,29.7168,32.8027
6752002.0,30.9041,28.965999999999998,37.9269
6760002.0,31.1668,29.0897,42.0672
6768002.0,30.3542,29.6574,46.2905
6776002.0,30.4791,29.4737,1.60565
6784002.0,31.3072,29.5137,6.2016599999999995
6792002.0,31.4168,29.191,9.33407
6800002.0,32.0395,29.4434,12.8285
6808002.0,32.156,29.6191,16.5886
6816002.0,32.0107,30.2514,20.831999999999997
6824002.0,32.5947,30.3879,25.0287
6832002.0,33.6166,30.4633,29.593000000000004
6840002.0,34.1321,30.862,34.5575
6848002.0,35.2091,31.2628,39.168
6856002.0,35.452,30.9092,44.06
6864002.0,35.8292,31.2113,48.9368
6872002.0,36.3302,31.2499,3.7125800000000004
6880002.0,37.3171,31.0591,6.986489999999999
6888002.0,38.2038,31.0214,11.7854
6896002.0,39.1271,31.1798,16.0582
6904002.0,40.3933,30.9592,20.35
6912002.0,42.5009,31.4245,25.3289
6920002.0,43.8917,31.3501,29.7325
6928002.0,45.0856,31.7396,33.8904
6936002.0,45.5505,31.7298,36.8594
6944002.0,47.3226,31.476,40.4144
6952002.0,0.48273699999999997,31.5789,43.6074
6960002.0,2.4378,31.5537,45.6879
6968002.0,3.57335,31.6141,49.2202
6976002.0,5.02884,31.8589,3.91289
6984002.0,5.52677,31.7589,8.7538
6992002.0,6.23722,31.2474,12.7082
7000002.0,7.010910000000001,31.4355,16.9212
7008002.0,8.44332,31.4282,21.3024
7016002.0,9.26455,31.65,24.7998
7024002.0,9.41012,31.5978,29.5825
7032002.0,10.4245,31.2593,32.9703
7040002.0,11.3365,31.4686,37.010999999999996
7048002.0,11.7467,31.1321,41.543
7056002.0,13.0252,30.9037,45.9936
7064002.0,15.4859,30.8534,1.03696
7072002.0,16.7342,30.9314,5.22383
7080002.0,17.6403,30.4158,8.74766
7088002.0,17.4879,30.3714,13.0543
7096002.0,17.342,30.4734,16.2984
7104002.0,18.3202,30.1204,19.948
7112002.0,19.1603,30.2867,24.8973
7120002.0,21.3063,30.6992,29.5013
7128002.0,22.0693,30.7533,33.7431
7136002.0,23.8124,31.1955,38.5187
7144002.0,23.4566,31.1675,42.5399
7152002.0,24.0756,31.1377,47.5406
7160002.0,26.3766,31.5735,3.80378
7168002.0,27.0053,31.2835,8.11908
7176002.0,28.2036,31.2511,12.8436
7184002.0,29.7741,31.5888,16.5785
7192002.0,29.467,31.7956,21.2039
7200002.0,31.3149,31.9361,26.0716
7204002.0,30.4423,32.0131,27.4497
7212002.0,33.0521,32.1615,31.1958
7220002.0,34.5617,32.6521,34.6107
7228002.0,35.5767,32.8369,38.7254
7236002.0,36.9485,33.0479,43.5638
7244002.0,37.6954,33.3913,48.6034
7252002.0,38.0931,33.9984,4.05534
7260002.0,38.5407,34.5954,8.40945
7268002.0,38.3211,34.825,14.0062
7276002.0,39.2852,34.8125,18.7609
7284002.0,39.5845,34.8589,23.3441
7292002.0,40.4884,34.8467,27.6431
7300002.0,41.559,34.903,31.7418
7308002.0,42.5723,34.6029,35.9991
7316002.0,43.2295,34.5351,39.6544
7324002.0,42.9347,34.465,44.1464
7332002.0,43.0377,34.2126,48.7083
7340002.0,43.4108,33.5764,3.4029199999999995
7348002.0,43.2796,33.6277,7.5424
7356002.0,43.5618,33.7855,11.0658
7364002.0,44.2084,34.0857,14.3845
7372002.0,44.435,34.0612,18.2483
7380002.0,44.5926,34.4062,22.2119
7388002.0,44.5857,34.5475,26.9318
7396002.0,44.9079,34.824,30.7476
7404002.0,45.336999999999996,34.6124,35.5074
7412002.0,46.1019,34.6793,39.7911
7420002.0,46.2485,34.0996,44.0574
7428002.0,46.7682,34.1353,48.4935
7436002.0,46.7362,34.6947,3.87667
7444002.0,47.0042,35.0082,8.25249
7452002.0,47.2239,34.7638,13.6312
7460002.0,47.2167,34.4094,17.8612
7468002.0,47.2533,34.1913,22.697
7476002.0,47.5146,34.2914,26.8203
7484002.0,47.9941,34.6349,31.5392
7492002.0,48.5105,35.0608,35.6046
7500002.0,48.8614,35.1848,40.3417
7508002.0,49.2588,35.3157,44.5467
7516002.0,0.229108,34.8314,49.1344
7524002.0,0.32818600000000003,35.0,4.35605
7532002.0,0.415182,34.8815,9.13353
7540002.0,0.647472,34.9545,14.1267
7548002.0,0.771502,34.8975,17.012
7556002.0,1.82815,34.6295,21.5648
7564002.0,2.26932,34.7839,25.7756
7572002.0,2.7178400000000003,34.4464,30.2167
7580002.0,2.74847,34.5005,34.5962
7588002.0,2.53452,34.3509,38.9774
7596002.0,3.05275,34.2772,43.0897
7604002.0,3.7751900000000003,33.9546,47.9616
7612002.0,4.18691,33.6838,3.22601
7620002.0,4.52327,33.7768,7.406689999999999
7628002.0,4.90334,33.6754,11.7998
7636002.0,5.87939,33.6983,14.8863
7644002.0,6.16791,33.48,18.941
7652002.0,7.11437,33.312,22.4014
7660002.0,7.23798,33.1184,26.3883
7668002.0,8.67097,33.4185,31.1037
7676002.0,8.7813,33.6298,36.2162
7684002.0,9.33938,33.8256,40.7565
7692002.0,10.9313,33.4419,45.5154
7700002.0,11.4113,33.278,0.40797100000000003
7708002.0,11.6842,33.4024,4.89345
7716002.0,12.105,33.1013,9.54804
7724002.0,12.6251,32.8545,13.3881
7732002.0,13.8987,32.8957,17.6654
7740002.0,16.047,32.7171,21.9865
7748002.0,17.0414,32.4548,26.5269
7756002.0,18.7197,32.7122,30.8001
7764002.0,19.1689,33.0414,35.4499
7772002.0,18.8064,32.935,40.0543
7780002.0,19.4353,33.2981,45.0415
7788002.0,19.2155,33.2944,0.06205549999999999
7796002.0,20.0133,33.3677,4.80063
7804002.0,20.3084,33.3267,9.1919
7812002.0,20.6537,33.4208,14.2734
7820002.0,21.2886,33.4515,18.6583
7828002.0,22.4715,33.08,23.6169
7836002.0,22.8556,32.9528,28.3738
7844002.0,22.9259,32.7941,32.3997
7852002.0,22.5834,32.7466,37.4374
7860002.0,23.3877,32.4828,41.4374
7868002.0,24.4945,32.3738,46.6869
7876002.0,25.6598,32.1744,1.8798400000000002
7884002.0,27.6361,32.3327,7.03026
7892002.0,29.1587,32.3224,11.628
7900002.0,29.5298,32.2525,15.7481
7908002.0,29.4907,31.8596,19.8607
7916002.0,29.3736,32.0221,23.9595
7924002.0,29.359,31.9324,28.2897
7932002.0,29.6744,31.7782,31.305999999999997
7940002.0,29.8332,31.8337,34.885999999999996
7948002.0,30.8635,31.8072,38.8246
7956002.0,31.1368,32.0954,41.9625
7964002.0,31.6796,32.1385,45.7488
7972002.0,31.9917,32.4802,0.540063
7980002.0,32.1488,32.1672,5.3493
7988002.0,31.7381,31.8637,9.55958
7996002.0,31.8087,32.2226,13.044
