2.0,18.7079,7.15061,28.6495
8002.0,21.0987,7.2669,30.2629
16002.0,21.9995,7.4622399999999995,32.3031
24002.0,21.2407,7.443280000000001,34.8347
32002.0,21.5827,6.8611,34.952
40002.0,22.3914,6.14781,35.3582
48002.0,22.049,5.5179,37.8567
56002.0,22.1485,5.09618,39.64
64002.0,21.8828,5.01537,41.3296
72002.0,22.0339,5.056780000000001,43.1622
80002.0,22.1153,4.78249,44.6657
88002.0,22.198,4.86085,46.7158
96002.0,22.3915,5.16261,48.4072
104002.0,22.4537,5.00992,0.8882200000000001
112002.0,22.3386,4.9562,1.5236
120002.0,22.1066,4.76485,2.44489
128002.0,22.3538,4.81612,3.9148099999999997
136002.0,22.8135,4.74696,5.471030000000001
144002.0,22.9001,4.8324300000000004,6.3633
152002.0,23.6609,4.8381300000000005,7.15659
160002.0,24.8644,4.66558,7.93421
168002.0,24.6686,3.9304300000000003,8.482669999999999
176002.0,24.7726,3.8583300000000005,9.11401
184002.0,24.8185,3.7958800000000004,10.0107
192002.0,24.9365,3.7306,11.0346
200002.0,25.0292,3.7204699999999997,12.1448
208002.0,25.2611,3.6645800000000004,13.2483
216002.0,25.6525,3.6611300000000004,14.524000000000001
224002.0,25.9446,3.55617,16.0407
232002.0,26.0845,3.5182900000000004,17.3476
240002.0,26.3444,3.4065,18.8198
248002.0,26.4786,3.31242,19.8617
256002.0,26.6651,3.1873400000000003,21.004
264002.0,27.1913,2.99726,22.2623
272002.0,27.6019,2.85988,23.3065
280002.0,27.4994,2.67795,24.4367
288002.0,27.799,2.8271599999999997,25.9627
296002.0,28.3678,2.96029,27.4764
304002.0,28.9615,3.37025,28.5041
312002.0,29.7916,3.6640099999999998,29.4199
320002.0,30.7482,3.71655,30.232
328002.0,31.2594,3.74059,31.335
336002.0,31.7324,3.72548,32.2671
344002.0,32.0035,3.7774099999999997,33.3178
352002.0,32.1026,3.5706599999999997,34.3542
360002.0,32.3804,3.68475,35.0832
368002.0,33.1548,3.66108,35.7509
376002.0,33.3646,3.56348,36.3035
384002.0,34.0072,3.83391,36.5056
392002.0,34.3058,3.9394099999999996,37.6468
400002.0,34.1677,4.00089,38.5661
408002.0,34.0795,4.02214,40.119
416002.0,34.0843,4.12714,41.1956
424002.0,34.3194,4.13695,42.2543
432002.0,34.6526,4.121090000000001,42.919
440002.0,34.9455,3.9807699999999997,44.3677
448002.0,35.1141,3.8030699999999995,45.681999999999995
456002.0,35.2005,3.76608,46.7817
464002.0,35.3491,3.8421199999999995,47.0388
472002.0,35.5139,3.77395,48.6998
480002.0,35.8449,3.7637,0.718043
488002.0,36.6181,3.7572400000000004,1.97573
496002.0,37.3611,3.5041599999999997,2.62351
504002.0,37.5676,3.4302699999999997,3.43509
512002.0,38.031,3.38844,4.47925
520002.0,40.8211,2.46254,4.42194
528002.0,45.2717,3.45776,8.75052
536002.0,45.3634,3.28922,10.4574
544002.0,45.9853,3.3647,10.9924
552002.0,46.7401,3.21749,11.984000000000002
560002.0,47.5425,3.08948,12.8921
568002.0,47.7878,3.12716,13.9809
576002.0,47.7405,2.97285,15.0548
584002.0,47.77,3.07404,16.2162
592002.0,48.2465,3.00779,17.239
600002.0,48.5006,2.9628900000000002,18.1864
608002.0,48.8797,3.09877,18.8209
616002.0,49.4206,3.3499800000000004,19.7312
624002.0,0.109607,3.52845,20.3433
632002.0,0.32613200000000003,3.40445,21.3226
640002.0,0.546737,3.38184,22.1806
648002.0,0.582255,3.22168,22.9058
656002.0,0.752423,3.16091,23.9727
664002.0,0.9676610000000001,2.98648,24.9778
672002.0,1.37399,2.9,26.9627
680002.0,1.38961,2.8540200000000002,28.4733
688002.0,1.3779299999999999,2.7974799999999997,30.1477
696002.0,1.53132,2.7031099999999997,30.5563
704002.0,1.5256299999999998,2.73198,31.8439
712002.0,1.61846,2.92237,33.2535
720002.0,1.8226799999999999,3.10394,34.0079
728002.0,1.83417,3.1728,34.9839
736002.0,1.77089,3.04359,35.3816
744002.0,1.8678599999999999,2.98504,35.6849
752002.0,1.7895299999999998,2.9649900000000002,36.5956
760002.0,1.92858,2.90561,38.0297
768002.0,2.0167900000000003,2.80913,39.5776
776002.0,2.06086,2.9979400000000003,42.0923
784002.0,1.4112799999999999,3.00886,43.5099
792002.0,1.4338,3.08206,44.5831
800002.0,0.787198,2.70505,46.148999999999994
808002.0,0.792397,2.6442099999999997,47.0095
816002.0,0.941779,2.7683299999999997,48.1953
824002.0,3.1019400000000004,3.1233400000000002,47.7744
832002.0,4.07943,2.7332799999999997,1.07257
840002.0,4.246569999999999,2.52894,1.57097
848002.0,4.62455,2.40808,2.1698
856002.0,5.14866,2.64756,2.62682
864002.0,5.70111,2.73453,3.35497
872002.0,5.03999,2.88127,3.69715
880002.0,4.80724,2.9951,4.41012
888002.0,5.29024,3.0169900000000003,4.92758
896002.0,5.59711,2.99542,5.472919999999999
904002.0,6.03182,3.20268,6.32923
912002.0,6.818110000000001,3.35806,6.94353
920002.0,7.1282,3.1539900000000003,7.95058
928002.0,5.959309999999999,3.56865,8.7984
936002.0,5.871,3.4538300000000004,9.23794
944002.0,6.10778,3.26368,9.57821
952002.0,6.807460000000001,3.18687,10.2339
960002.0,7.06765,3.21773,10.9747
968002.0,7.46628,3.1557,11.549000000000001
976002.0,8.131260000000001,3.02303,12.3552
984002.0,8.71842,2.955,13.2058
992002.0,8.83629,2.9565200000000003,13.757
1000002.0,9.51484,2.8535,14.6191
1008002.0,10.2862,2.8612599999999997,15.1389
1016002.0,10.4006,2.95015,15.9756
1024002.0,10.395,3.20535,16.3729
1032002.0,10.6501,3.43747,16.8647
1040002.0,10.899000000000001,3.6286099999999997,17.5473
1048002.0,10.6475,3.6219699999999997,18.1125
1056002.0,10.8221,3.7442,18.7365
1064002.0,11.091,3.94329,20.0942
1072002.0,11.2003,4.32707,21.2691
1080002.0,11.607000000000001,4.6536599999999995,22.5535
1088002.0,11.6859,4.762,23.9679
1096002.0,12.772,4.28501,24.4229
1104002.0,13.5399,4.2583,25.4479
1112002.0,13.3697,3.7195199999999997,27.1231
1120002.0,15.4018,4.13007,27.1264
1128002.0,15.1978,4.07409,29.0802
1136002.0,15.579,4.23841,30.2641
1144002.0,15.7578,4.07985,31.5874
1152002.0,15.6666,3.9052599999999997,32.4041
1160002.0,15.6937,4.35215,31.949
1168002.0,19.4589,4.33338,32.4545
1176002.0,21.2043,3.8616,33.1464
1184002.0,20.6684,3.8175800000000004,34.7286
1192002.0,20.0281,3.44392,36.3817
1200002.0,20.889,3.42142,36.9944
1208002.0,21.3169,3.29336,37.9768
1216002.0,22.0575,3.13979,38.4343
1224002.0,22.3227,3.5224599999999997,39.1361
1232002.0,22.974,3.7210199999999998,40.1702
1240002.0,23.561,3.6488699999999996,41.3801
1248002.0,24.2137,3.4769099999999997,42.843999999999994
1256002.0,25.3062,3.27978,43.5761
1264002.0,25.6474,3.37601,44.4837
1272002.0,25.6055,3.44694,45.6551
1280002.0,26.0598,3.6458199999999996,46.6994
1288002.0,26.4186,3.70324,47.2069
1296002.0,26.438000000000002,3.7977199999999995,48.1892
1304002.0,26.8373,3.9091400000000003,49.0485
1312002.0,27.0784,3.9179800000000005,0.648944
1320002.0,27.773000000000003,3.8881099999999997,1.4796200000000002
1328002.0,29.2335,4.09085,2.97589
1336002.0,29.6953,4.0631699999999995,3.9892800000000004
1344002.0,29.9466,4.26961,4.869759999999999
1352002.0,30.2722,4.49799,6.24327
1360002.0,30.2702,4.49906,7.27141
1368002.0,31.0431,4.93604,8.30253
1376002.0,30.9565,4.92589,10.1116
1384002.0,31.2305,4.94038,10.8799
1392002.0,31.7882,4.951630000000001,11.5944
1400002.0,32.6107,5.30565,13.2858
1408002.0,33.2991,5.05524,13.8876
1416002.0,33.2963,4.83782,15.2412
1424002.0,34.3536,4.75354,16.2574
1432002.0,35.5955,4.9896,17.7837
1440002.0,36.9157,5.510330000000001,19.187
1448002.0,35.5742,5.78006,19.2592
1456002.0,37.3819,5.93117,21.1466
1464002.0,38.0405,6.2192,22.8671
1472002.0,38.3648,6.5816300000000005,24.9661
1480002.0,38.2163,6.37814,26.7077
1488002.0,39.2106,6.6527899999999995,28.9461
1496002.0,39.461,6.57101,31.2871
1504002.0,40.6467,6.90395,32.9287
1512002.0,41.6627,7.478619999999999,34.9257
1520002.0,41.6231,8.830910000000001,37.3959
1528002.0,41.6148,9.31173,39.6312
1536002.0,41.0394,9.36782,41.1016
1544002.0,43.351000000000006,11.061,42.4945
1552002.0,2.13615,12.6498,42.1106
1560002.0,0.781035,11.5695,46.8579
1568002.0,0.953364,12.1185,1.32879
1576002.0,0.926056,12.4049,3.6312300000000004
1584002.0,47.0267,12.3601,5.40905
1592002.0,45.4479,14.2191,8.57765
1600002.0,48.7864,15.5676,15.2757
1608002.0,48.2547,15.9322,18.987000000000002
1616002.0,1.33261,17.0463,20.1419
1624002.0,3.96165,21.6867,22.5543
1632002.0,4.56315,19.7703,25.6824
1640002.0,8.01185,21.5365,32.6446
1648002.0,8.95151,20.0996,35.2463
1656002.0,9.10796,19.7158,38.9228
1664002.0,10.3795,19.3952,42.8116
1672002.0,11.3793,19.2276,46.361000000000004
1680002.0,12.3619,18.8963,1.27688
1688002.0,12.5369,18.5472,5.14081
1696002.0,12.7351,18.6821,10.0887
1704002.0,12.6928,19.4231,13.7528
1712002.0,10.5248,19.195999999999998,17.8176
1720002.0,22.0857,26.6396,16.8801
1728002.0,23.0731,25.0399,20.2282
1736002.0,23.3633,25.0532,24.773000000000003
1744002.0,23.3529,24.9314,28.9889
1752002.0,23.3613,24.8347,32.8127
1760002.0,23.8592,24.8073,37.5964
1768002.0,23.9262,25.249000000000002,41.082
1776002.0,24.2349,25.461,44.7511
1784002.0,24.2752,25.3413,48.1677
1792002.0,24.2135,25.3414,2.4862
1800002.0,24.7729,24.9629,7.42392
1808002.0,26.0129,24.8082,11.4729
1816002.0,27.2896,24.5769,14.095999999999998
1824002.0,27.5668,24.8649,17.7113
1832002.0,28.8578,24.7022,21.0787
1840002.0,31.1598,24.7469,23.2714
1848002.0,31.4184,24.3026,26.5918
1856002.0,33.1426,24.4691,28.9526
1864002.0,35.4556,24.1762,32.163000000000004
1872002.0,36.5751,24.2172,34.1814
1880002.0,37.4859,24.1127,38.6995
1888002.0,39.5531,24.4832,42.2185
1896002.0,40.6692,24.0008,45.1188
1904002.0,40.7399,23.2368,49.0255
1912002.0,41.6282,23.018,3.18665
1920002.0,41.562,22.7144,8.1656
1928002.0,43.4216,22.3897,12.3918
1936002.0,42.631,22.4528,16.7689
1944002.0,41.7004,22.5887,21.1787
1952002.0,42.5324,22.7258,25.483
1960002.0,42.4637,23.1108,29.3824
1968002.0,42.6766,23.3109,33.2453
1976002.0,43.5723,23.3322,37.0978
1984002.0,43.1677,23.2037,41.8254
1992002.0,43.5251,23.8696,45.9354
2000002.0,44.1588,23.9214,49.3378
2008002.0,44.4687,23.8818,4.32793
2016002.0,45.6685,23.4737,8.68727
2024002.0,45.9346,23.8263,10.5164
2032002.0,47.0331,24.4169,13.3727
2040002.0,49.2403,24.7029,17.1723
2048002.0,49.2449,25.2691,21.8351
2056002.0,0.500504,24.9372,24.3879
2064002.0,1.20537,24.2992,27.863000000000003
2072002.0,4.189369999999999,24.8154,31.1205
2080002.0,4.60693,24.3552,34.2234
2088002.0,5.94537,24.3826,35.8157
2096002.0,6.84894,24.0687,39.1726
2104002.0,9.08239,23.7046,41.7789
2112002.0,19.5162,21.4828,46.3249
2120002.0,17.7418,21.5521,1.7657
2128002.0,16.5399,21.5389,4.33033
2136002.0,19.6638,23.1656,7.2240899999999995
2144002.0,20.2795,21.4581,10.2697
2152002.0,21.4666,21.9778,12.963
2160002.0,20.9018,22.3585,16.8104
2168002.0,21.4473,22.3087,20.0688
2176002.0,20.8385,22.2419,22.9197
2184002.0,22.0356,22.3292,24.8823
2192002.0,22.77,21.7987,26.3944
2200002.0,22.5483,22.0522,28.6921
2208002.0,23.9086,21.9872,31.5685
2216002.0,26.1082,22.2085,34.2991
2224002.0,27.1176,22.1076,38.0337
2232002.0,27.4129,22.0354,41.2745
2240002.0,28.2797,21.855,45.0412
2248002.0,28.576,21.752,47.9279
2256002.0,28.6689,22.3887,0.207725
2264002.0,28.9674,22.244,2.49705
2272002.0,29.195,22.6534,6.16553
2280002.0,29.4655,22.8977,9.31616
2288002.0,29.1791,22.6636,13.3697
2296002.0,30.7964,23.0329,18.2879
2304002.0,32.0335,23.4645,21.9495
2312002.0,30.4848,23.4046,26.6807
2320002.0,32.216,24.3038,30.5627
2328002.0,32.8126,24.9681,34.1128
2336002.0,32.3002,25.0519,37.6192
2344002.0,32.8406,25.1439,41.6861
2352002.0,32.5757,25.1014,45.7201
2360002.0,33.3969,24.6423,49.2546
2368002.0,33.9268,24.5819,4.73292
2376002.0,32.5144,24.6869,8.33939
2384002.0,33.4023,24.7901,12.5311
2392002.0,34.0007,24.6886,16.3363
2400002.0,35.8353,24.0894,20.3479
2408002.0,36.2577,24.307,24.7819
2414002.0,37.2461,24.3752,28.7542
2422002.0,38.059,26.9133,34.101
2430002.0,42.5305,26.6012,37.6647
2438002.0,46.0323,26.3071,43.2344
2446002.0,47.974,26.5109,47.5183
2454002.0,48.2702,26.8004,1.87622
2462002.0,0.49428500000000003,26.9154,6.41311
2470002.0,1.80751,26.4233,9.1919
2478002.0,3.30533,26.3087,13.4639
2486002.0,4.949990000000001,26.5124,17.1758
2494002.0,5.999280000000001,26.2967,20.7566
2502002.0,6.331259999999999,26.0255,23.989
2510002.0,8.268360000000001,25.9187,28.1916
2518002.0,8.22851,25.8405,31.2569
2526002.0,9.92646,25.7683,33.4984
2534002.0,11.4033,25.6332,36.8342
2542002.0,11.434000000000001,25.6478,41.1392
2550002.0,12.3381,25.2211,45.7129
2558002.0,13.8769,25.0797,48.4855
2566002.0,15.3435,24.8327,2.63695
2574002.0,16.8263,24.6055,5.56585
2582002.0,17.0577,24.429000000000002,8.5679
2590002.0,19.3202,23.8229,12.1084
2598002.0,21.0271,24.1575,16.714000000000002
2606002.0,21.0763,24.0648,20.8251
2614002.0,21.9931,24.0416,24.7957
2622002.0,22.0417,24.2047,29.4206
2630002.0,22.3,24.3722,33.2162
2638002.0,22.7122,24.2658,37.2593
2646002.0,23.2321,24.3482,42.0281
2654002.0,24.0823,24.121,46.2332
2662002.0,24.1431,23.4853,0.0055528999999999995
2670002.0,24.4609,22.9657,4.76572
2678002.0,25.9626,23.601,10.5667
2686002.0,29.0634,23.9276,13.2789
2694002.0,30.3417,24.4792,16.0542
2702002.0,31.1696,24.5898,20.0555
2710002.0,31.8756,24.4078,24.7752
2718002.0,33.0784,24.3937,28.9328
2726002.0,34.045,25.1704,31.4529
2734002.0,35.008,25.1232,36.0413
2742002.0,36.8802,25.4049,40.0295
2750002.0,38.7434,25.9244,44.2788
2758002.0,39.6959,26.2143,48.7592
2766002.0,40.6162,26.1617,4.3146
2774002.0,40.9149,26.7256,7.96683
2782002.0,40.9498,25.9279,13.0264
2790002.0,40.9414,25.6608,17.2904
2798002.0,41.5351,25.9574,22.101
2806002.0,42.658,26.1875,26.9464
2814002.0,42.4718,25.1591,32.0925
2822002.0,42.7756,25.7099,37.3246
2830002.0,43.7044,24.9899,40.1884
2838002.0,44.5319,25.5119,43.4296
2846002.0,46.7351,25.6904,46.6816
2854002.0,48.2338,25.5087,2.42308
2862002.0,0.138812,24.9276,6.621560000000001
2870002.0,0.680951,24.5018,10.2999
2878002.0,2.20154,24.5527,14.1718
2886002.0,2.90623,24.4705,18.1936
2894002.0,3.5062800000000003,24.2795,22.1689
2902002.0,4.45108,23.948,25.7967
2910002.0,4.30962,24.0523,29.9835
2918002.0,4.18271,24.0382,33.5662
2926002.0,4.55543,23.2526,39.325
2934002.0,5.50555,23.256,44.4502
2942002.0,5.63659,23.608,49.2955
2950002.0,5.71413,23.4072,4.0934800000000005
2958002.0,6.17874,23.7066,7.67737
2966002.0,7.335839999999999,23.794,12.4708
2974002.0,7.0817,24.0933,16.0657
2982002.0,7.63859,23.5289,20.3931
2990002.0,8.41142,23.1755,24.4037
2998002.0,8.61969,23.3722,27.9461
3006002.0,9.54578,23.9742,31.6425
3014002.0,10.5431,23.7339,35.7334
3022002.0,11.7164,23.980999999999998,39.0848
3030002.0,12.6915,23.6163,43.835
3038002.0,13.3892,24.0649,47.7421
3046002.0,14.115,23.7693,2.9325900000000003
3054002.0,15.0919,24.1533,6.46462
3062002.0,15.5756,24.1991,9.21575
3070002.0,16.7046,24.2871,13.6493
3078002.0,16.3101,23.8753,17.2705
3086002.0,17.3201,23.8652,21.3682
3094002.0,18.4788,24.2469,25.6946
3102002.0,19.0384,24.5428,29.7214
3110002.0,19.9863,24.3789,34.1941
3118002.0,21.2244,25.046999999999997,38.7348
3126002.0,21.6682,24.169,43.2188
3134002.0,23.1874,24.1371,48.1033
3142002.0,23.07,24.4941,3.8726300000000005
3150002.0,24.6656,24.4626,7.55163
3158002.0,27.886999999999997,24.0419,11.7006
3166002.0,28.7746,23.7513,15.0956
3174002.0,30.0431,23.6975,17.3446
3182002.0,31.3039,23.6196,21.4953
3190002.0,33.5066,23.9891,25.1803
3198002.0,34.5005,23.6996,29.3541
3206002.0,37.2341,23.561999999999998,33.0607
3214002.0,38.8064,23.5403,35.7883
3222002.0,41.2183,23.5547,39.9628
3230002.0,42.5851,23.9477,44.7397
3238002.0,43.4283,23.9871,48.8088
3246002.0,44.5641,23.5738,2.67145
3254002.0,45.1446,23.1608,5.52233
3262002.0,46.0297,23.1872,8.32143
3270002.0,46.0476,23.215999999999998,12.1866
3278002.0,46.0065,22.7419,14.7556
3286002.0,47.4005,22.8381,17.8881
3294002.0,47.6654,22.5169,20.8503
3302002.0,48.2796,22.4644,26.0154
3310002.0,49.0324,22.174,28.6468
3318002.0,49.2265,21.9903,32.0501
3326002.0,0.649776,21.7293,35.3886
3334002.0,2.18541,21.5458,39.532
3342002.0,3.22479,21.1513,43.1694
3350002.0,3.6147199999999997,21.0992,46.409
3358002.0,5.39417,21.2005,0.46115600000000007
3366002.0,8.44075,20.7874,4.55187
3374002.0,9.61389,21.1666,8.875860000000001
3382002.0,11.3332,21.8283,13.6373
3390002.0,13.9209,22.0157,15.6776
3398002.0,15.0736,22.0064,20.1474
3406002.0,16.3256,22.4592,24.5405
3414002.0,18.5016,21.8797,28.663
3422002.0,21.0599,22.5444,31.4114
3430002.0,23.2923,22.4353,35.3363
3438002.0,24.0525,22.3484,39.4212
3446002.0,24.1539,22.6607,42.5154
3454002.0,24.3281,21.9122,46.2921
3462002.0,25.0051,22.4945,0.447449
3470002.0,25.0344,23.0936,4.237769999999999
3478002.0,25.6573,23.2689,8.40819
3486002.0,25.724,23.1083,12.7082
3494002.0,26.8557,23.4437,17.4166
3502002.0,26.9078,23.4873,21.9727
3510002.0,26.8959,22.7538,26.8097
3518002.0,27.0778,22.2621,31.1156
3526002.0,27.5088,22.5515,34.8428
3534002.0,27.9619,22.3075,39.5843
3542002.0,28.0649,21.7431,44.1131
3550002.0,28.024,22.0455,47.5947
3558002.0,28.1346,21.7746,1.92419
3566002.0,28.1674,22.8844,6.2476
3574002.0,28.5734,22.4323,11.6884
3582002.0,29.1674,22.575,16.3627
3590002.0,29.0275,23.6868,21.2765
3598002.0,29.9383,23.3975,25.8119
3606002.0,31.4562,24.3141,29.2907
3614002.0,32.2973,23.5132,32.6619
3622002.0,33.8342,23.6692,36.8743
3630002.0,34.521,23.939,40.1855
3638002.0,35.2865,24.4694,44.2233
3646002.0,35.8064,24.4647,49.2096
3654002.0,35.8595,24.9472,4.118119999999999
3662002.0,35.9148,25.471999999999998,9.08892
3670002.0,35.9468,25.3771,13.2902
3678002.0,36.0978,25.4018,18.176
3686002.0,37.1007,25.3697,23.0712
3694002.0,37.5941,25.7165,27.9085
3702002.0,37.6971,25.4422,32.625
3710002.0,38.0933,25.8958,36.7787
3718002.0,38.1119,26.0447,41.5486
3726002.0,37.983000000000004,25.6782,46.0959
3734002.0,38.2223,25.8348,1.6746400000000001
3742002.0,39.1885,25.8098,5.56842
3750002.0,39.7616,25.4835,9.36009
3758002.0,41.7269,25.1723,13.6323
3766002.0,42.8448,24.779,16.8771
3774002.0,44.5471,25.3106,20.997
3782002.0,45.103,25.3016,24.6867
3790002.0,46.3964,25.3229,29.5757
3798002.0,47.4023,25.5064,32.7889
3806002.0,48.305,25.2154,36.974000000000004
3814002.0,1.0679100000000001,25.1515,39.1024
3822002.0,1.4937200000000002,25.2257,43.3866
3830002.0,1.63215,25.6183,47.3689
3838002.0,1.8465799999999999,25.869,3.28474
3846002.0,2.096,26.1278,8.294939999999999
3854002.0,1.86379,26.500999999999998,12.9685
3862002.0,2.33,27.2712,18.0082
3870002.0,2.90306,27.5869,24.0404
3878002.0,3.6368099999999997,27.4791,28.6723
3886002.0,4.07544,26.961,33.0263
3894002.0,4.83085,26.5425,37.5106
3902002.0,5.29397,26.4869,42.0514
3910002.0,6.9877899999999995,26.0546,46.6861
3918002.0,8.70228,25.9773,2.61669
3926002.0,10.6198,26.0671,6.62068
3934002.0,11.6059,25.5605,10.3822
3942002.0,12.2322,25.5055,15.1388
3950002.0,13.1289,25.3895,19.8525
3958002.0,14.2485,24.9238,24.5715
3966002.0,14.8431,24.8563,28.6351
3974002.0,15.8631,24.5548,33.3413
3982002.0,15.9241,24.4768,37.0664
3990002.0,16.608,24.0552,41.2678
3998002.0,18.1141,24.0818,44.437
4006002.0,19.6637,24.156999999999996,46.9711
4014002.0,20.9354,24.0089,1.1157700000000002
4022002.0,21.635,24.3525,4.3136
4030002.0,21.8424,24.6563,7.691039999999999
4038002.0,23.205,25.2911,10.175
4046002.0,24.5707,25.718000000000004,13.7781
4054002.0,25.2446,25.9633,18.1681
4062002.0,27.0347,25.6438,22.5032
4070002.0,27.5508,24.9983,25.9183
4078002.0,28.0414,24.3134,29.9326
4086002.0,29.2918,24.3664,33.9893
4094002.0,30.8297,24.537,38.2927
4102002.0,31.3419,24.4037,42.8061
4110002.0,31.8509,24.7269,46.8741
4118002.0,32.1007,25.0224,1.23484
4126002.0,32.9518,24.4919,5.84275
4134002.0,33.6008,23.546999999999997,8.57201
4142002.0,34.4381,23.0851,12.3081
4150002.0,35.6327,23.1059,16.2908
4158002.0,36.4392,23.2781,19.8685
4166002.0,36.8845,23.4118,24.3825
4174002.0,38.3499,23.3695,28.5827
4182002.0,39.3463,23.0188,31.6689
4190002.0,40.7139,22.6971,35.8535
4198002.0,41.9031,23.1496,40.5697
4206002.0,43.1087,23.3648,44.8469
4214002.0,44.373999999999995,24.0007,0.838779
4222002.0,45.9272,23.8338,5.38731
4230002.0,47.5182,23.7089,9.38545
4238002.0,0.519207,24.0,14.4138
4246002.0,2.7699,23.5049,18.3075
4254002.0,5.53132,23.3574,23.1151
4262002.0,6.55377,23.864,27.8145
4270002.0,7.496639999999999,24.2267,30.5734
4278002.0,8.91323,24.6802,34.6585
4286002.0,9.909410000000001,24.6545,39.4927
4294002.0,10.5763,24.6245,43.7087
4302002.0,11.207,24.1813,47.9144
4310002.0,12.1641,24.316,2.50749
4318002.0,12.1052,24.1754,5.8461300000000005
4326002.0,12.6935,23.8101,9.458210000000001
4334002.0,12.6908,23.6755,12.2707
4342002.0,13.1429,23.3481,15.8326
4350002.0,13.7417,23.7542,19.0109
4358002.0,13.8994,23.7394,22.0453
4366002.0,14.7967,24.1292,24.5783
4374002.0,15.1435,24.3416,28.0842
4382002.0,15.9224,24.4531,31.6847
4390002.0,16.6635,24.4977,35.9924
4398002.0,17.2932,24.6864,42.1356
4406002.0,18.3101,24.4939,46.4876
4414002.0,19.1421,24.2887,0.791806
4422002.0,19.4067,24.3114,5.05757
4430002.0,18.8787,24.4549,9.6853
4438002.0,19.6879,24.81,14.2491
4446002.0,20.0477,24.4729,17.5545
4454002.0,21.2056,24.3783,21.7807
4462002.0,22.5772,24.3847,26.0867
4470002.0,24.2713,24.276,30.0426
4478002.0,24.8507,24.2115,32.219
4486002.0,25.8717,23.8773,35.1637
4494002.0,27.0873,24.3389,38.3059
4502002.0,28.4432,24.7911,42.0678
4510002.0,29.0722,23.2453,45.1704
4518002.0,29.0922,23.7223,46.476000000000006
4526002.0,30.2882,23.926,1.36776
4534002.0,30.796999999999997,24.2293,4.5738900000000005
4542002.0,31.8381,23.5331,7.426480000000001
4550002.0,33.0728,23.1725,11.300999999999998
4558002.0,34.0301,23.1787,15.8259
4566002.0,34.5261,23.0164,20.4951
4574002.0,36.0844,22.991,25.1744
4582002.0,37.7435,22.6532,29.2052
4590002.0,39.8335,22.7952,32.6269
4598002.0,41.8674,22.0596,36.118
4606002.0,43.934,21.6843,38.2985
4614002.0,45.3109,21.8298,40.35
4622002.0,45.7584,22.0447,42.201
4630002.0,47.1209,21.8718,43.6195
4638002.0,48.5268,21.6133,45.3846
4646002.0,48.971000000000004,21.7986,48.7298
4654002.0,49.3312,21.4678,1.5478399999999999
4662002.0,1.46085,21.234,4.69165
4670002.0,2.0508599999999997,20.8599,7.35485
4678002.0,2.4222099999999998,20.8242,11.0745
4686002.0,3.35802,20.0109,13.8451
4694002.0,4.21849,20.195999999999998,18.4417
4702002.0,5.23174,20.3173,20.956
4710002.0,6.87074,20.0736,24.2025
4718002.0,7.6577,20.3497,27.9479
4726002.0,8.233089999999999,20.4375,31.6015
4734002.0,10.3232,20.6858,35.1014
4742002.0,10.9493,20.7094,38.3351
4750002.0,12.3057,21.1927,41.6442
4758002.0,12.7272,20.4219,43.7662
4760002.0,12.7033,20.2797,44.2673
4768002.0,12.5322,20.4149,48.7209
4776002.0,15.482999999999999,20.2895,1.38647
4784002.0,17.9274,20.4841,5.7024300000000006
4792002.0,18.9228,20.5705,8.04898
4800002.0,20.2086,20.3224,10.8813
4808002.0,21.8547,20.1599,14.612
4816002.0,24.7022,20.5067,17.903
4824002.0,27.4668,20.2209,20.9417
4832002.0,29.6081,19.7258,23.986
4840002.0,31.1614,19.76,27.186
4848002.0,32.6679,19.6283,29.6041
4856002.0,34.7935,19.64,32.6041
4864002.0,34.7219,19.8055,37.0232
4872002.0,37.1322,19.5772,40.5091
4880002.0,37.2477,20.000999999999998,43.0922
4888002.0,37.6268,19.753,45.513999999999996
4896002.0,39.096,19.7918,48.895
4904002.0,40.5391,19.6072,1.06817
4912002.0,41.8232,19.6368,3.36731
4920002.0,44.6391,19.3145,5.90359
4928002.0,47.1074,19.3728,8.379480000000001
4936002.0,48.8647,19.3204,11.7279
4944002.0,0.0905635,19.5542,14.7671
4952002.0,1.17831,19.6016,18.3624
4960002.0,1.3013,19.8463,21.7634
4968002.0,1.7137799999999999,19.9174,25.2438
4976002.0,2.4310099999999997,19.9695,29.0324
4984002.0,3.7457199999999995,19.878,32.2764
4992002.0,5.1725699999999994,19.9471,35.3911
5000002.0,6.23454,20.4108,39.4638
5008002.0,7.07971,20.3346,43.5894
5016002.0,7.474,20.1709,46.3884
5024002.0,8.175130000000001,20.663,0.34584000000000004
5032002.0,9.000210000000001,20.473,4.62064
5040002.0,10.4877,20.5378,7.90797
5048002.0,11.0485,20.5435,10.1548
5056002.0,12.4893,20.9946,13.8337
5064002.0,14.24,20.5533,17.5498
5072002.0,16.1823,20.6199,21.2813
5080002.0,17.6408,20.3225,24.7222
5088002.0,19.1122,20.2739,28.8716
5096002.0,21.8159,20.129,32.9207
5104002.0,23.6758,19.9058,37.3777
5112002.0,24.2856,19.7278,40.7295
5120002.0,25.0389,19.7218,44.9624
5128002.0,26.679000000000002,19.7315,0.148518
5136002.0,26.6988,19.8059,3.99905
5144002.0,27.9569,20.07,7.7981
5152002.0,28.5583,20.6583,12.0737
5160002.0,30.3561,20.8803,16.1087
5168002.0,31.6477,20.772,20.3664
5176002.0,32.8706,21.0184,24.6716
5184002.0,33.8789,21.0777,28.4826
5192002.0,34.4768,20.8352,31.3213
5200002.0,35.7368,20.9162,34.4628
5208002.0,37.7213,20.9581,37.1181
5216002.0,38.4293,20.5902,40.8605
5224002.0,39.9582,20.3293,44.3889
5232002.0,41.7982,19.9296,48.7955
5240002.0,43.1617,20.1268,3.694
5248002.0,44.1407,20.0921,6.58402
5256002.0,44.8975,20.2312,9.27239
5264002.0,45.2753,20.6806,13.7297
5272002.0,46.0899,20.8509,17.0217
5280002.0,47.8405,21.3648,21.5986
5288002.0,48.2484,21.4368,25.3203
5296002.0,49.4505,21.8671,29.9124
5304002.0,0.796888,22.0337,33.6782
5312002.0,2.76973,22.2539,37.2313
5320002.0,2.41584,22.2499,40.927
5328002.0,2.6959299999999997,21.921,43.75
5336002.0,4.34131,21.7974,48.4913
5344002.0,6.0416,21.5095,2.38285
5352002.0,6.86075,21.7804,5.96205
5360002.0,7.74895,21.7365,8.73443
5368002.0,8.42722,21.5442,12.8423
5376002.0,8.476980000000001,21.8052,16.3689
5384002.0,9.6124,22.0065,20.6547
5392002.0,10.171,22.1212,23.1739
5400002.0,10.4283,22.3133,26.2889
5408002.0,10.6639,22.0609,29.5642
5416002.0,11.9704,22.3659,33.8468
5424002.0,12.5921,22.7068,37.2143
5432002.0,13.0685,22.8494,41.2723
5440002.0,14.8327,22.7625,43.5856
5448002.0,15.4502,22.7156,47.7566
5456002.0,16.7163,22.7593,2.8818599999999996
5464002.0,17.7344,22.6544,7.057580000000001
5472002.0,17.5454,22.8291,12.1154
5480002.0,18.6689,22.8716,16.1164
5488002.0,20.1738,22.548000000000002,19.5628
5496002.0,21.5317,22.0952,23.4303
5504002.0,21.9198,21.9701,26.8814
5512002.0,23.1042,22.1609,29.8128
5520002.0,23.54,22.4734,33.8147
5528002.0,25.4397,22.6019,37.1732
5536002.0,26.8086,22.6003,40.4127
5544002.0,27.5565,22.7303,43.9723
5552002.0,28.6255,22.6913,48.0292
5560002.0,29.3713,22.3073,2.85917
5568002.0,30.6912,22.3576,6.462619999999999
5576002.0,32.0948,22.3438,9.38296
5584002.0,33.6423,22.6796,13.7998
5592002.0,34.9051,23.526999999999997,17.8245
5600002.0,35.1301,24.0976,21.9387
5608002.0,36.5272,24.6907,25.7612
5616002.0,37.6313,24.2551,29.6073
5624002.0,38.0553,24.2098,32.7284
5632002.0,39.4545,24.1606,36.8193
5640002.0,41.0329,23.9174,40.9596
5648002.0,42.5343,23.889,46.1815
5656002.0,43.2606,23.4623,0.829002
5664002.0,44.3322,23.3537,5.11715
5672002.0,45.7276,23.1088,8.395480000000001
5680002.0,46.3957,22.840999999999998,11.7877
5688002.0,47.2624,22.4613,14.3536
5696002.0,47.9993,22.3124,16.507
5704002.0,49.1757,22.3425,20.7205
5712002.0,0.356162,21.9992,24.3094
5720002.0,0.416167,21.8869,28.0379
5728002.0,0.635547,22.0023,31.9098
5736002.0,1.10808,22.1807,35.5693
5744002.0,1.7668700000000002,21.9805,40.5992
5752002.0,2.16376,22.0228,44.8009
5760002.0,3.0091900000000003,21.6233,47.7083
5768002.0,4.32449,21.8271,0.881861
5776002.0,6.02646,21.6617,5.35175
5784002.0,6.068980000000001,21.754,9.48819
5792002.0,6.840139999999999,21.6721,13.7141
5800002.0,7.564310000000001,21.3896,18.464000000000002
5808002.0,9.27674,21.3237,22.5594
5816002.0,10.8355,20.9625,26.7918
5824002.0,11.1944,20.1991,28.9076
5832002.0,11.6831,20.1655,31.324
5840002.0,12.0105,19.9871,34.7317
5848002.0,13.683,20.1701,38.1861
5856002.0,14.5074,20.2182,42.5009
5864002.0,16.4672,20.553,45.1391
5872002.0,17.2937,20.4932,48.6078
5880002.0,17.6892,20.7715,2.3942
5888002.0,18.8063,20.9945,6.4084
5896002.0,20.0889,20.4252,9.61978
5904002.0,21.1128,19.2586,13.4296
5912002.0,21.5481,18.1633,17.7274
5920002.0,22.0984,18.285,20.4291
5928002.0,22.781999999999996,18.3822,23.6868
5936002.0,22.6134,18.4789,27.4691
5944002.0,23.3183,18.5969,30.9418
5952002.0,24.1268,18.6629,34.6694
5960002.0,24.4702,18.6378,37.8338
5968002.0,26.1709,18.2688,41.5366
5976002.0,27.0539,17.7161,45.7643
5984002.0,27.4719,17.7821,48.3366
5992002.0,28.3407,17.6277,1.91881
6000002.0,29.6187,18.1977,5.8822
6008002.0,29.1083,18.3481,8.566510000000001
6016002.0,30.3361,18.1815,10.2716
6024002.0,30.6686,18.7328,14.4188
6032002.0,30.6248,19.0058,18.4107
6040002.0,31.1034,18.5377,21.5378
6048002.0,30.8658,18.641,25.1166
6056002.0,31.7235,18.7183,29.0964
6064002.0,32.5779,19.0649,33.1419
6072002.0,33.5131,19.6047,37.531
6080002.0,35.2209,19.9297,41.3767
6088002.0,36.957,20.0536,44.2906
6096002.0,37.8418,20.3535,47.0589
6104002.0,38.1905,20.3898,1.17734
6112002.0,38.8024,20.7126,5.71127
6120002.0,39.5599,21.075,10.1529
6128002.0,39.7711,21.5582,14.1085
6136002.0,40.3059,22.1332,17.6079
6144002.0,40.5008,22.7208,21.5915
6152002.0,41.0123,22.738000000000003,25.2886
6160002.0,41.4934,23.2311,29.0001
6168002.0,42.2942,23.4879,33.4092
6176002.0,42.5533,23.4922,38.5516
6184002.0,42.7859,23.3749,41.7215
6192002.0,42.9856,23.4483,45.4711
6200002.0,43.5644,23.3608,48.707
6208002.0,44.1238,23.6316,2.98101
6216002.0,44.2972,23.4747,6.91292
6224002.0,44.4982,23.0149,11.1537
6232002.0,45.986999999999995,22.4222,15.6138
6240002.0,47.3564,22.3757,20.6986
6248002.0,48.5422,22.7812,25.3059
6256002.0,0.520588,23.0644,29.4705
6264002.0,1.9181700000000002,22.5867,33.1386
6272002.0,2.84042,22.4655,36.6166
6280002.0,3.86027,22.2628,40.2239
6288002.0,4.4697,22.051,44.1555
6296002.0,5.51584,22.0262,47.9098
6304002.0,6.7901,21.838,2.62912
6312002.0,7.82528,21.8328,6.877339999999999
6320002.0,8.82205,22.0929,10.6283
6328002.0,10.8234,22.3617,14.4398
6336002.0,13.07,22.5495,17.4229
6344002.0,13.6836,22.4902,22.3163
6352002.0,13.9275,22.0926,26.4082
6360002.0,14.2987,21.9098,29.6655
6368002.0,15.4789,22.3909,33.9762
6376002.0,15.6771,22.5129,38.2867
6384002.0,15.936,21.7063,41.8538
6392002.0,16.4617,22.1436,44.61
6400002.0,16.271,21.9419,0.268045
6408002.0,16.6565,21.9536,4.24975
6416002.0,17.9511,22.3031,6.80195
6424002.0,18.7279,22.4086,10.9222
6432002.0,19.4645,22.4409,14.387
6440002.0,19.2377,22.2119,16.9436
6448002.0,20.127,22.9839,20.0425
6456002.0,21.4569,23.0291,23.4569
6464002.0,22.2218,23.2482,26.2521
6472002.0,22.9924,23.3607,30.7898
6480002.0,23.6777,23.3094,34.211
6488002.0,23.8817,23.3706,37.2407
6496002.0,24.3823,23.3664,41.0658
6504002.0,25.5605,23.4832,44.9005
6512002.0,26.1053,23.7481,48.7631
6520002.0,26.9451,23.6547,2.79136
6528002.0,27.3551,23.7874,7.42903
6536002.0,28.0022,24.1357,12.1753
6544002.0,28.0886,23.8733,15.2388
6552002.0,28.6644,23.7812,17.9914
6560002.0,29.8562,23.9884,21.6087
6568002.0,31.1059,24.2614,24.5265
6576002.0,32.5314,24.7443,28.5525
6584002.0,33.8922,24.8214,32.935
6592002.0,35.1205,25.0514,37.6357
6600002.0,36.536,25.243000000000002,41.1981
6608002.0,38.1229,25.3031,46.083999999999996
6616002.0,39.571,24.9523,0.189416
6624002.0,41.4504,24.9984,3.2991599999999996
6632002.0,43.2532,25.5233,7.02562
6640002.0,43.4821,25.1486,11.2078
6648002.0,44.5876,25.2503,14.966
6656002.0,46.2076,25.0238,19.3443
6664002.0,47.5644,25.2346,22.229
6672002.0,0.208031,25.3072,26.587
6680002.0,0.723304,25.2398,30.8833
6688002.0,1.58445,25.7256,35.3418
6696002.0,4.02435,25.9061,38.6964
6704002.0,5.475,25.9104,43.1408
6712002.0,7.1201,25.4252,47.1611
6720002.0,9.24677,25.3333,0.9149290000000001
6728002.0,10.6673,25.1553,3.8934800000000003
6736002.0,11.5552,24.8075,7.09945
6744002.0,12.272,24.930999999999997,11.5437
6752002.0,13.710999999999999,25.6132,16.2913
6760002.0,14.2082,25.932,19.5323
6768002.0,13.6502,25.7977,23.4432
6776002.0,13.5639,25.6386,27.5344
6784002.0,14.0077,25.5209,31.3593
6792002.0,14.5895,25.3689,34.9565
6800002.0,15.7854,25.6454,38.1117
6808002.0,16.4152,25.7056,41.674
6816002.0,17.0146,25.6909,45.6256
6824002.0,18.0137,26.006999999999998,49.4317
6832002.0,19.7992,25.7768,4.214169999999999
6840002.0,20.5517,25.6823,8.8762
6848002.0,22.068,25.7188,12.6007
6856002.0,22.2723,26.2704,16.203
6864002.0,22.663,26.1103,20.1077
6872002.0,23.4594,26.3489,24.1047
6880002.0,25.0069,26.0828,27.9574
6888002.0,25.6138,25.6208,33.0673
6896002.0,27.4265,25.7336,36.1741
6904002.0,29.0278,25.4897,40.1963
6912002.0,30.9297,25.0282,44.0307
6920002.0,33.3264,25.1619,48.8111
6928002.0,35.1626,25.6126,4.1195
6936002.0,35.9733,25.1632,7.02575
6944002.0,38.323,25.0849,11.3377
6952002.0,41.0684,25.2367,14.8522
6960002.0,42.8997,25.2307,17.6999
6968002.0,44.4403,25.4269,21.7047
6976002.0,46.2122,25.3909,25.8087
6984002.0,46.9578,25.6956,29.6394
6992002.0,48.582,26.0336,34.0035
7000002.0,0.722684,26.4799,37.1755
7008002.0,2.1806799999999997,26.7086,41.246
7016002.0,3.34075,26.6465,44.7804
7024002.0,4.79778,26.4542,49.157
7032002.0,5.73055,26.2274,3.78154
7040002.0,6.79984,26.3363,7.509639999999999
7048002.0,8.427719999999999,26.3331,11.4688
7056002.0,9.96385,26.6463,15.6883
7064002.0,12.8364,26.8878,19.2564
7072002.0,14.5519,26.8099,23.1725
7080002.0,16.1821,26.4917,26.730999999999998
7088002.0,17.1292,26.6005,30.2739
7096002.0,17.1752,26.6058,32.9698
7104002.0,17.4658,26.5921,35.6092
7112002.0,17.6385,27.046,39.9128
7120002.0,19.873,26.961,44.1907
7128002.0,20.1048,27.2963,47.7195
7136002.0,21.5516,27.3968,1.63733
7144002.0,21.5681,27.6909,4.85996
7152002.0,22.5297,27.6113,8.71433
7160002.0,23.8753,27.3972,12.972000000000001
7168002.0,23.9275,28.2003,16.255
7176002.0,24.3349,28.4018,20.6178
7184002.0,26.0192,28.5563,24.449
7192002.0,25.8,28.6721,28.9423
7200002.0,27.6093,28.339000000000002,33.9088
7204002.0,26.886999999999997,28.4909,35.1649
7212002.0,30.1203,27.8968,40.5153
7220002.0,31.4757,27.730999999999998,44.0775
7228002.0,32.0125,28.1141,48.538999999999994
7236002.0,33.0896,27.8173,3.1712599999999997
7244002.0,33.9587,27.646,8.36327
7252002.0,33.9887,27.8173,12.6997
7260002.0,34.3669,27.561999999999998,16.5187
7268002.0,34.1598,27.4915,21.544
7276002.0,35.5575,27.4522,25.8288
7284002.0,35.8315,27.2949,30.4919
7292002.0,37.8344,26.6804,34.1623
7300002.0,39.6194,26.6357,37.3462
7308002.0,40.239000000000004,26.7749,40.9866
7316002.0,41.3558,26.5409,43.8701
7324002.0,41.1016,26.5351,47.3935
7332002.0,41.3368,26.4729,2.12508
7340002.0,42.3363,26.4169,5.19439
7348002.0,42.6777,26.3621,8.45527
7356002.0,42.8102,26.1427,11.0935
7364002.0,44.3932,26.2458,14.0665
7372002.0,45.3067,26.189,17.3533
7380002.0,45.775,26.3724,20.7021
7388002.0,45.9751,26.3431,24.8147
7396002.0,46.5152,26.2517,28.4437
7404002.0,47.298,26.0943,32.5111
7412002.0,48.3651,25.8148,35.8981
7420002.0,49.1008,25.1722,40.7607
7428002.0,0.337881,24.6566,44.791000000000004
7436002.0,0.6395649999999999,25.0904,48.8936
7444002.0,0.787675,25.1238,3.22737
7452002.0,1.41293,25.7403,7.82867
7460002.0,1.53386,25.7609,11.8868
7468002.0,2.17266,25.6373,16.6307
7476002.0,2.47518,25.7427,20.6133
7484002.0,3.10675,25.59,24.7216
7492002.0,3.9716099999999996,25.6336,28.0008
7500002.0,4.56925,25.6146,32.4224
7508002.0,5.923830000000001,25.9945,35.5615
7516002.0,6.718719999999999,25.4864,39.3116
7524002.0,7.54425,25.3607,43.7863
7532002.0,9.07242,24.6458,47.8679
7540002.0,9.607000000000001,24.8675,2.14876
7548002.0,10.0244,24.4175,3.5880300000000003
7556002.0,10.5138,24.1695,7.83443
7564002.0,10.2097,24.3114,10.757
7572002.0,10.7298,24.3834,13.9915
7580002.0,10.9369,24.6104,17.9469
7588002.0,11.0254,24.2569,22.1724
7596002.0,11.5492,24.0499,25.1572
7604002.0,12.203,24.3613,28.458000000000002
7612002.0,12.7574,24.3127,32.9347
7620002.0,12.9983,24.0868,36.4999
7628002.0,13.5447,23.9909,40.5819
7636002.0,14.6818,23.9591,43.8967
7644002.0,15.7269,23.8215,47.0883
7652002.0,16.7484,23.9919,0.551575
7660002.0,16.8622,23.9452,3.74675
7668002.0,18.8711,23.5615,7.597119999999999
7676002.0,18.6994,25.0167,11.7912
7684002.0,19.4212,24.7268,15.5817
7692002.0,21.1438,24.8326,20.008
7700002.0,21.705,25.0381,23.2897
7708002.0,22.2848,24.421,27.5051
7716002.0,22.7998,24.668000000000003,31.4881
7724002.0,23.3092,23.2045,33.821999999999996
7732002.0,25.4552,22.9534,37.8832
7740002.0,28.1468,22.3221,41.7108
7748002.0,28.5126,22.5283,45.5222
7756002.0,29.8935,21.9173,49.1411
7764002.0,30.8971,22.0451,3.53621
7772002.0,30.9191,21.8432,7.5365899999999995
7780002.0,31.615,21.8864,11.4594
7788002.0,31.5378,21.8644,15.5282
7796002.0,32.1351,21.9979,19.4899
7804002.0,32.7043,22.1627,23.2438
7812002.0,33.2186,22.2018,27.6238
7820002.0,34.1735,22.0927,30.8956
7828002.0,35.3597,22.2276,35.3581
7836002.0,36.038000000000004,22.6036,39.3657
7844002.0,36.8106,23.0613,42.0518
7852002.0,36.299,23.4219,47.0396
7860002.0,36.508,23.1936,1.13931
7868002.0,36.9555,23.0627,6.154319999999999
7876002.0,37.8264,23.1316,10.0455
7884002.0,39.4432,22.7863,13.9703
7892002.0,40.6218,23.1181,18.2544
7900002.0,41.214,22.9064,22.2799
7908002.0,41.6903,23.2269,25.5617
7916002.0,41.3226,23.3102,29.3423
7924002.0,41.2333,22.8753,32.5824
7932002.0,41.7465,22.746,34.5186
7940002.0,42.3855,22.7385,37.2851
7948002.0,43.1822,22.22,39.8173
7956002.0,44.0975,22.0943,42.1766
7964002.0,44.4601,21.7871,44.588
7972002.0,43.9115,21.7432,47.9174
7980002.0,43.763000000000005,21.4059,2.64681
7988002.0,43.4712,21.3114,5.2455300000000005
7996002.0,43.2237,21.2194,7.61171
