2.0,0.763262,46.9854,48.2237
8002.0,4.09526,47.6856,0.47705299999999995
16002.0,6.55527,47.6533,4.71305
24002.0,6.6444,47.6333,9.66585
32002.0,6.99182,47.7108,13.9564
40002.0,7.36251,47.6237,19.0511
48002.0,7.63161,47.6223,24.0194
56002.0,7.9124,47.7023,28.564
64002.0,8.09732,47.7058,32.9906
72002.0,10.3133,47.993,35.9376
80002.0,14.3204,47.805,39.6002
88002.0,14.6768,47.3614,44.6236
96002.0,14.5911,47.0446,48.6574
104002.0,16.1152,47.4996,4.58831
112002.0,16.6606,47.626999999999995,8.1205
120002.0,17.9452,47.6178,10.6983
128002.0,18.5844,47.5764,14.7408
136002.0,19.8072,47.6247,19.2424
144002.0,20.3663,47.6383,23.6866
152002.0,20.3732,47.7249,27.8213
160002.0,22.3836,47.6475,32.1798
168002.0,23.1836,47.6917,37.0883
176002.0,23.6628,47.6268,42.1203
184002.0,24.5493,47.8138,46.599
192002.0,24.4078,47.7004,1.6818099999999998
200002.0,24.9337,47.6669,6.74755
208002.0,25.4755,47.6375,11.4687
216002.0,26.3292,47.6107,15.8428
224002.0,26.2324,47.4245,20.2294
232002.0,26.2781,47.5852,24.8503
240002.0,26.8081,47.63,29.275
248002.0,27.322,47.5933,33.9965
256002.0,27.4805,47.6048,38.5975
264002.0,27.7837,47.6081,43.6431
272002.0,28.0733,47.3425,48.5343
280002.0,27.5741,47.3219,3.71834
288002.0,28.6169,47.623999999999995,9.504760000000001
296002.0,29.125999999999998,47.7186,14.2256
304002.0,30.385,47.528,18.6069
312002.0,31.3433,47.7216,22.4771
320002.0,31.3562,47.3943,27.8384
328002.0,32.5904,47.5244,32.9936
336002.0,33.1126,47.6018,37.6778
344002.0,33.2915,47.6462,42.4342
352002.0,33.9898,47.5865,46.8759
360002.0,34.3854,47.4823,0.715256
368002.0,34.4281,47.2304,4.77456
376002.0,34.4429,47.1533,9.49269
384002.0,34.4289,47.2609,13.7003
392002.0,34.314,47.1084,18.1475
400002.0,34.4816,47.0634,22.6893
408002.0,34.1703,46.9858,27.1174
416002.0,34.0505,46.5889,31.9045
424002.0,34.7482,46.3221,36.8471
432002.0,34.6715,46.4157,41.9155
440002.0,34.71,46.4166,46.9367
448002.0,34.3493,46.2945,2.70503
456002.0,34.2626,46.2141,7.475439999999999
464002.0,34.5701,46.4214,12.1845
472002.0,35.1847,46.3308,16.9706
480002.0,35.6605,46.4728,22.4328
488002.0,35.8343,46.5048,27.4465
496002.0,36.7449,46.2053,32.479
504002.0,36.7669,46.0809,37.3996
512002.0,36.858000000000004,45.9946,42.3228
520002.0,37.3524,45.5538,46.9373
528002.0,37.5736,45.6075,2.47455
536002.0,38.1991,46.3418,7.23911
544002.0,39.3609,45.8434,11.9723
552002.0,40.3645,45.7588,16.7076
560002.0,41.4152,46.7433,21.4511
568002.0,41.4499,47.03,25.9441
576002.0,42.0371,47.3925,30.5535
584002.0,43.2938,47.5409,33.8857
592002.0,43.863,47.5198,37.8505
600002.0,44.0986,47.5602,42.6545
608002.0,44.1504,47.5122,47.5333
616002.0,44.4244,47.4833,3.01138
624002.0,44.3138,47.3976,8.171289999999999
632002.0,44.4379,47.4309,12.9923
640002.0,44.7925,47.45399999999999,17.8898
648002.0,44.8955,47.4866,22.6857
656002.0,45.1368,47.4525,27.5121
664002.0,45.2503,47.4652,32.5111
672002.0,45.2555,47.4402,37.5376
680002.0,45.4538,47.4329,42.3032
688002.0,45.8598,47.4148,47.2399
696002.0,46.2626,47.3739,2.39071
704002.0,46.73,47.471000000000004,7.538869999999999
712002.0,47.2579,47.5406,12.9086
720002.0,47.4925,47.4899,17.9337
728002.0,47.4964,47.5076,22.8997
736002.0,47.2189,47.5241,27.6892
744002.0,47.5474,47.452,32.5824
752002.0,47.5125,47.4451,37.5299
760002.0,47.7921,47.4489,42.6014
768002.0,47.7944,47.5256,47.4981
776002.0,48.4952,47.4686,2.8915
784002.0,48.427,47.3564,7.58737
792002.0,48.3193,47.2761,12.3968
800002.0,48.1714,47.3471,17.3262
808002.0,48.1546,47.3524,22.2911
816002.0,48.3145,47.3334,27.1267
824002.0,48.1984,47.4725,31.9458
832002.0,48.3175,47.4829,37.0501
840002.0,48.4628,47.4791,42.081
848002.0,48.636,47.5257,47.2146
856002.0,0.101095,47.6053,2.6172
864002.0,0.561934,47.4276,7.89134
872002.0,0.92065,47.5685,12.3071
880002.0,0.912795,47.5191,16.5275
888002.0,1.52436,47.4032,21.384
896002.0,2.28416,47.4203,24.9931
904002.0,1.8038599999999998,47.3527,29.0032
912002.0,2.62433,47.0656,33.3391
920002.0,3.1230900000000004,47.0262,37.6385
928002.0,3.31736,47.2011,42.3142
936002.0,3.6090800000000005,46.8504,47.4765
944002.0,3.89826,46.9796,2.66014
952002.0,4.31349,47.2703,7.22008
960002.0,4.3089,47.2468,12.1196
968002.0,4.1784099999999995,47.2142,17.0703
976002.0,3.7412199999999998,47.3732,22.0873
984002.0,3.69383,47.4284,27.1246
992002.0,3.7900400000000003,47.4524,32.1367
1000002.0,3.9682,47.3549,37.0928
1008002.0,4.16896,47.2014,41.6757
1016002.0,4.46205,47.3092,46.6333
1024002.0,4.79281,47.4727,1.72511
1032002.0,5.53135,47.6858,6.296209999999999
1040002.0,5.82722,47.7118,10.8544
1048002.0,5.704969999999999,47.5949,15.5314
1056002.0,5.690580000000001,47.5578,20.4307
1064002.0,5.94615,47.515,25.4115
1072002.0,6.2329099999999995,47.5132,30.0548
1080002.0,6.32901,47.4521,35.0583
1088002.0,6.58925,47.4149,40.0374
1096002.0,7.00628,47.4075,44.7001
1104002.0,7.128939999999999,47.5022,0.0320753
1112002.0,7.3852,47.6414,4.5318
1120002.0,7.63248,47.3755,9.065610000000001
1128002.0,7.97235,47.2594,13.5268
1136002.0,8.19541,47.1239,17.8553
1144002.0,8.31897,46.8981,22.561999999999998
1152002.0,8.35375,46.4762,27.3023
1160002.0,8.52475,46.7661,32.284
1168002.0,8.798169999999999,46.7125,36.8531
1176002.0,8.955119999999999,46.8996,41.6259
1184002.0,9.00023,46.9242,46.8049
1192002.0,8.84727,47.1113,1.7679099999999999
1200002.0,8.88834,46.9791,6.7045699999999995
1208002.0,9.02637,46.8893,11.5813
1216002.0,9.246360000000001,46.9568,16.4361
1224002.0,9.47627,47.1082,21.4368
1232002.0,9.49231,46.8092,26.4485
1240002.0,9.65141,46.6424,31.3622
1248002.0,9.97132,46.8355,36.7632
1256002.0,10.1431,46.7175,41.611000000000004
1264002.0,10.1308,46.7186,46.7893
1272002.0,10.2081,46.4998,2.18771
1280002.0,10.4257,46.5024,7.51675
1288002.0,10.6234,46.6383,12.72
1296002.0,10.7796,46.6769,17.6882
1304002.0,11.0638,46.568000000000005,22.5351
1312002.0,12.0899,46.8845,27.3362
1320002.0,13.3642,46.8982,31.7699
1328002.0,13.2902,46.9088,36.5913
1336002.0,13.7101,46.7777,41.5688
1344002.0,13.5449,46.8398,46.6121
1352002.0,13.1329,47.1928,3.28416
1360002.0,13.6379,47.2818,8.61749
1368002.0,14.0058,47.506,14.5468
1376002.0,14.1986,47.3334,19.6727
1384002.0,14.109000000000002,47.1222,24.785
1392002.0,14.0245,47.1526,29.9355
1400002.0,14.6529,47.5455,35.564
1408002.0,15.6173,47.5408,40.9038
1416002.0,16.0093,47.6235,46.232
1424002.0,16.6192,47.6177,1.96717
1432002.0,17.1324,47.5219,7.60945
1440002.0,17.9548,47.5399,12.8499
1448002.0,18.1521,47.6898,17.7129
1456002.0,18.7784,47.578,22.8288
1464002.0,18.8965,47.6625,28.2207
1472002.0,19.5239,47.7489,33.1948
1480002.0,20.1837,47.6673,38.0073
1488002.0,20.6993,47.5074,43.0504
1496002.0,20.7251,47.3637,48.1347
1504002.0,20.8796,47.3571,3.82277
1512002.0,21.0914,47.3787,8.93346
1520002.0,20.9527,47.3505,13.8441
1528002.0,21.0111,47.4168,19.0239
1536002.0,21.9068,47.3992,23.9048
1544002.0,21.8722,47.4022,29.0041
1552002.0,22.9801,47.394,33.7566
1560002.0,23.5815,47.4322,38.9693
1568002.0,23.846,47.4426,44.0617
1576002.0,24.2891,47.4307,49.4235
1584002.0,24.8064,47.3962,4.802
1592002.0,24.886999999999997,47.4928,10.1867
1600002.0,25.2621,47.4272,14.9761
1608002.0,25.4449,47.42100000000001,19.7515
1616002.0,25.6316,47.4594,24.8323
1624002.0,25.5207,47.5211,30.2165
1632002.0,25.2491,47.4707,34.948
1640002.0,25.9704,47.4078,39.6341
1648002.0,25.5071,47.3178,44.6719
1656002.0,25.3979,47.2742,49.3403
1664002.0,25.6568,47.3061,4.725219999999999
1672002.0,25.7728,47.2599,9.778960000000001
1680002.0,25.6431,47.1906,14.6586
1688002.0,25.5127,47.2507,19.7261
1696002.0,25.4792,47.2656,24.7604
1704002.0,25.4432,47.2965,29.7049
1712002.0,25.4548,47.3494,34.6682
1720002.0,25.6453,47.368,39.5695
1728002.0,25.6653,47.428999999999995,44.4957
1736002.0,25.683000000000003,47.4292,49.4119
1744002.0,25.7939,47.4235,4.60905
1752002.0,25.7352,47.4876,9.28324
1760002.0,25.759,47.5518,13.8054
1768002.0,25.9549,47.4999,18.6443
1776002.0,25.9799,47.6418,23.7287
1784002.0,25.8557,47.4336,28.3998
1792002.0,25.8054,47.4044,32.8864
1800002.0,25.9826,47.341,38.048
1808002.0,26.0283,47.3976,42.8806
1816002.0,26.3604,47.3757,47.8182
1824002.0,26.0891,47.3417,3.09048
1832002.0,25.9082,47.4157,7.45471
1840002.0,25.9834,47.3165,12.0658
1848002.0,25.9592,47.3223,16.533
1856002.0,25.8744,47.3759,21.4261
1864002.0,26.0786,47.3223,26.3333
1872002.0,26.1193,47.4719,31.1849
1880002.0,26.9175,47.4045,35.8259
1888002.0,28.1051,47.3583,40.7736
1896002.0,28.319000000000003,47.3899,45.9475
1904002.0,28.6545,47.1935,1.8084799999999999
1912002.0,28.7853,47.0544,6.90831
1920002.0,28.372,47.1677,11.8798
1928002.0,28.435,47.1846,17.0251
1936002.0,28.8532,47.0114,22.3757
1944002.0,28.8968,47.0983,27.5558
1952002.0,29.05,47.1726,32.2574
1960002.0,28.9824,47.2395,37.8083
1968002.0,29.0773,47.2182,42.8941
1976002.0,29.0697,47.2602,47.8988
1984002.0,29.2375,47.2422,3.5228800000000002
1992002.0,28.9274,47.1276,8.605310000000001
2000002.0,28.9518,47.1754,13.2214
2008002.0,29.0877,47.1589,18.1415
2016002.0,29.2171,47.0797,23.1989
2024002.0,29.3704,47.1262,28.0609
2032002.0,29.2387,47.1741,33.2189
2040002.0,29.4096,47.3541,38.23
2048002.0,29.4565,47.3186,43.295
2056002.0,29.6338,47.2734,48.1975
2064002.0,29.8019,47.3181,3.76723
2072002.0,30.4987,47.1967,9.00654
2080002.0,30.6777,47.0424,13.997
2088002.0,31.0294,47.2541,19.3959
2096002.0,31.1528,47.321999999999996,24.8267
2104002.0,31.41,47.4356,30.1652
2112002.0,31.6548,47.2864,35.2866
2120002.0,31.9437,47.2427,40.2882
2128002.0,31.8506,47.3695,45.1288
2136002.0,32.2582,47.2472,0.574267
2144002.0,32.6268,47.1925,5.7950800000000005
2152002.0,32.7274,47.2268,10.7963
2160002.0,32.8634,47.1636,15.712
2168002.0,32.8762,47.2174,21.0549
2176002.0,32.7901,47.2012,26.0549
2184002.0,33.2046,47.2784,30.8873
2192002.0,33.2076,47.2816,35.6483
2200002.0,33.0144,47.286,40.3173
2208002.0,33.2521,47.2406,45.0185
2216002.0,33.3953,47.2268,0.185808
2224002.0,33.7115,47.1742,5.03049
2232002.0,33.8395,47.0911,9.94453
2240002.0,34.1116,47.1316,15.0049
2248002.0,34.1088,47.0536,19.9779
2256002.0,33.993,47.0993,24.2146
2264002.0,34.0604,47.1908,29.273000000000003
2272002.0,34.0802,47.1344,34.4292
2280002.0,34.1755,47.1889,39.3691
2288002.0,34.1345,47.1514,44.4117
2296002.0,34.5235,47.078,49.4001
2304002.0,34.8286,47.0239,4.73569
2312002.0,35.0629,46.9958,9.8924
2320002.0,35.4149,46.86,14.7153
2328002.0,35.5918,46.8885,19.6319
2336002.0,35.8655,47.1305,24.8529
2344002.0,36.0532,47.1195,29.7998
2352002.0,36.2537,47.1461,34.977
2360002.0,36.5749,47.1241,40.025999999999996
2368002.0,37.0511,47.248999999999995,45.4303
2376002.0,37.2035,47.1853,0.519001
2384002.0,37.249,47.1945,5.54319
2392002.0,37.38,47.2189,10.5912
2400002.0,37.3831,47.208999999999996,15.6663
2408002.0,37.4678,47.2098,20.5382
2414002.0,37.554,47.1785,24.2663
2422002.0,38.192,47.2839,29.6663
2430002.0,40.0281,47.3398,34.4231
2438002.0,41.133,47.5392,38.8906
2446002.0,41.493,47.5159,43.8863
2454002.0,41.0041,47.6062,48.7891
2462002.0,41.336999999999996,47.4958,4.26369
2470002.0,42.1523,47.5476,9.16531
2478002.0,42.581,47.3553,14.1833
2486002.0,43.0127,47.3411,19.1328
2494002.0,43.0156,47.6057,23.9492
2502002.0,43.4779,47.3096,28.53
2510002.0,44.2314,47.1766,33.2614
2518002.0,44.1929,47.2279,38.0974
2526002.0,45.3791,47.2441,41.8242
2534002.0,46.7337,47.1662,46.8171
2542002.0,47.1037,47.1313,2.20075
2550002.0,47.3139,47.0103,6.91547
2558002.0,48.1349,46.9736,11.5445
2566002.0,47.4083,46.7657,16.2237
2574002.0,49.3629,46.1733,19.6142
2582002.0,49.2777,46.1289,23.7034
2590002.0,0.718526,45.9546,28.6128
2598002.0,2.0352200000000003,45.738,33.9253
2606002.0,2.13328,45.6008,39.1088
2614002.0,2.85095,45.6179,44.2288
2622002.0,2.8494,45.5123,49.0371
2630002.0,3.27645,45.528,3.9140300000000003
2638002.0,3.12849,45.5382,8.54318
2646002.0,3.1924900000000003,45.2747,13.4067
2654002.0,3.4226,45.0674,18.2486
2662002.0,3.29949,45.0577,22.6234
2670002.0,3.59657,45.0973,27.5718
2678002.0,4.63201,45.3712,32.4836
2686002.0,6.51144,45.39,37.3274
2694002.0,7.05784,45.1982,41.6208
2702002.0,7.2207,45.3727,46.6395
2710002.0,7.817810000000001,46.4188,2.50317
2718002.0,8.72644,46.5217,6.91943
2726002.0,9.23132,46.6258,10.8567
2734002.0,9.61629,46.5823,15.6826
2742002.0,10.2523,46.5469,20.688000000000002
2750002.0,10.8605,46.3932,25.7616
2758002.0,11.3427,46.4605,30.5736
2766002.0,11.5323,46.4118,35.546
2774002.0,11.573,46.3781,40.5122
2782002.0,11.7774,46.3123,45.4057
2790002.0,11.6484,46.3845,0.736773
2798002.0,12.0112,46.2733,5.53718
2806002.0,12.383,46.0741,10.8369
2814002.0,12.6325,46.2945,16.1127
2822002.0,12.8693,46.1666,21.1061
2830002.0,12.9002,46.2834,26.0494
2838002.0,13.3605,46.1744,30.8685
2846002.0,14.3257,46.0141,35.635
2854002.0,14.9374,45.9413,41.1093
2862002.0,15.1807,45.8117,46.5167
2870002.0,15.5505,45.9394,1.07217
2878002.0,16.334,45.8988,6.2826699999999995
2886002.0,16.4312,46.4288,10.5092
2894002.0,16.7092,46.5222,15.1024
2902002.0,17.1825,46.7174,20.026
2910002.0,17.01,46.5274,25.1141
2918002.0,17.0992,46.3934,29.8603
2926002.0,17.0166,46.2306,35.1629
2934002.0,17.0607,46.0527,40.1591
2942002.0,17.4983,45.9163,45.0957
2950002.0,17.5395,45.9213,0.745895
2958002.0,17.6187,45.9178,5.66444
2966002.0,17.7917,46.1299,10.4596
2974002.0,17.7479,46.006,15.1987
2982002.0,17.7518,45.8167,20.3153
2990002.0,17.949,45.8461,25.2148
2998002.0,18.2066,46.0367,30.365
3006002.0,18.6148,46.1428,35.2142
3014002.0,19.011,46.2857,40.2938
3022002.0,19.0224,46.0377,45.2708
3030002.0,18.9583,45.9306,0.9851559999999999
3038002.0,19.5677,45.9413,5.9983
3046002.0,19.6347,45.9428,11.0387
3054002.0,20.4813,46.0758,16.0298
3062002.0,20.7199,46.1506,21.1282
3070002.0,21.6597,46.7019,26.9497
3078002.0,21.4597,46.8432,31.8625
3086002.0,21.5437,46.6072,37.0465
3094002.0,21.4374,46.5694,42.2325
3102002.0,21.5747,46.5113,46.5522
3110002.0,21.5379,46.608000000000004,2.01218
3118002.0,21.4667,46.516999999999996,7.1612100000000005
3126002.0,21.5027,46.4375,12.6617
3134002.0,21.9315,46.5715,17.6677
3142002.0,22.1778,46.7205,22.5631
3150002.0,22.5371,46.7223,27.3311
3158002.0,23.3868,46.6757,31.9981
3166002.0,23.7147,46.5656,36.6174
3174002.0,23.7128,46.6028,40.7595
3182002.0,23.9795,46.773,45.8986
3190002.0,24.5244,46.7645,1.12995
3198002.0,25.3257,46.6963,5.985040000000001
3206002.0,26.6261,46.5607,10.1905
3214002.0,27.7115,46.596000000000004,14.738
3222002.0,28.7872,46.49100000000001,19.3465
3230002.0,29.3529,46.15,24.2127
3238002.0,30.1191,45.8767,29.7475
3246002.0,30.7907,46.1106,33.9643
3254002.0,30.4912,46.2339,38.8156
3262002.0,30.5971,46.3715,43.0091
3270002.0,31.1476,46.1991,47.825
3278002.0,31.0716,46.086999999999996,2.8644700000000003
3286002.0,31.5044,46.2312,7.43955
3294002.0,31.9824,46.3066,11.3931
3302002.0,31.8956,45.7185,16.4784
3310002.0,32.5232,46.2386,20.8158
3318002.0,33.0852,46.7513,25.6468
3326002.0,33.959,46.861999999999995,30.2995
3334002.0,34.9195,47.2022,35.3293
3342002.0,35.274,47.2515,40.2562
3350002.0,35.8837,47.2442,45.1839
3358002.0,37.3347,47.1161,0.49089099999999997
3366002.0,38.7081,47.0486,5.58167
3374002.0,38.9109,46.8377,10.5434
3382002.0,39.104,46.7502,15.6686
3390002.0,39.6184,46.6922,20.3636
3398002.0,39.7431,46.7478,25.4561
3406002.0,39.7144,46.7168,30.4142
3414002.0,40.6553,46.5417,35.3861
3422002.0,41.7453,46.3445,40.3461
3430002.0,42.949,46.0883,45.591
3438002.0,43.5418,46.3597,0.878007
3446002.0,43.3958,46.3201,5.5888
3454002.0,43.4055,46.3461,10.3754
3462002.0,43.4425,46.4084,15.3515
3470002.0,43.4308,46.4983,20.3448
3478002.0,43.5341,46.5498,25.3886
3486002.0,43.3149,46.4966,30.2225
3494002.0,43.251999999999995,46.6023,34.8205
3502002.0,43.1711,46.6688,39.9631
3510002.0,43.2054,46.7318,45.0173
3518002.0,43.0653,46.8089,0.692148
3526002.0,43.0737,46.823,5.7462599999999995
3534002.0,43.0604,46.8604,10.7037
3542002.0,43.1282,46.858000000000004,15.6309
3550002.0,43.4911,46.9914,20.5988
3558002.0,43.4555,47.1103,25.5437
3566002.0,43.5931,47.07,30.3601
3574002.0,43.5156,47.2603,35.6015
3582002.0,43.409,47.5082,40.7496
3590002.0,43.3841,47.5463,45.7669
3598002.0,43.2974,47.5743,1.2793
3606002.0,43.3723,47.1356,6.19145
3614002.0,43.5727,47.1567,11.0716
3622002.0,43.711999999999996,47.0528,15.9045
3630002.0,43.7661,46.8495,20.7517
3638002.0,43.7917,46.8761,25.6369
3646002.0,43.8098,47.0072,30.6729
3654002.0,43.898999999999994,46.9513,35.6478
3662002.0,43.8671,47.0466,40.6594
3670002.0,44.1045,46.9956,45.7451
3678002.0,44.1245,47.1415,1.23705
3686002.0,44.336999999999996,47.1584,6.32302
3694002.0,44.3116,47.1882,11.3918
3702002.0,44.7725,47.356,16.519000000000002
3710002.0,44.8218,47.3049,21.37
3718002.0,45.0398,47.3841,26.2085
3726002.0,45.3511,47.3464,30.963
3734002.0,45.095,47.3957,35.9873
3742002.0,45.0663,47.4383,41.023999999999994
3750002.0,45.2683,47.2213,45.9002
3758002.0,46.2934,47.2574,1.4459600000000001
3766002.0,47.5772,47.2597,6.39007
3774002.0,48.5961,47.623000000000005,11.2377
3782002.0,48.8065,47.6896,16.1223
3790002.0,48.9904,47.6339,21.5028
3798002.0,49.3264,47.6741,26.711
3806002.0,49.4361,47.6912,31.6528
3814002.0,0.8451930000000001,47.6745,36.649
3822002.0,1.42351,47.5426,41.5196
3830002.0,1.8933099999999998,47.2406,46.4319
3838002.0,2.18218,47.1627,1.88473
3846002.0,2.35546,47.2973,6.9172
3854002.0,2.62467,47.1233,11.9147
3862002.0,2.97643,47.4224,16.9716
3870002.0,3.36321,47.2164,22.0668
3878002.0,3.43511,46.9982,27.3786
3886002.0,3.23762,46.6374,32.3923
3894002.0,3.7145099999999998,46.5758,37.5223
3902002.0,4.21584,46.5552,42.7463
3910002.0,4.65514,46.2274,47.8075
3918002.0,5.41044,46.4318,3.6261900000000002
3926002.0,6.614039999999999,46.9174,8.77647
3934002.0,6.6163,46.7981,14.1555
3942002.0,6.75081,46.3695,19.1612
3950002.0,6.557939999999999,46.0248,24.0243
3958002.0,6.71788,46.1302,29.0535
3966002.0,7.3188,46.051,33.8651
3974002.0,7.72662,46.0436,38.7923
3982002.0,7.93381,46.1714,43.9196
3990002.0,8.35913,46.3526,48.8812
3998002.0,8.61942,46.5825,4.14055
4006002.0,9.35327,46.7112,9.10372
4014002.0,9.15206,46.6985,14.3482
4022002.0,9.25929,46.3789,19.2474
4030002.0,9.134730000000001,46.2755,24.1467
4038002.0,9.39675,46.4059,28.5075
4046002.0,9.637889999999999,46.699,33.6984
4054002.0,9.76262,47.3945,40.1377
4062002.0,10.5749,47.5122,45.5079
4070002.0,10.7713,47.3876,0.156478
4078002.0,11.034,47.3644,5.14858
4086002.0,11.2465,47.2268,9.968919999999999
4094002.0,11.4855,47.1275,14.5317
4102002.0,11.6207,47.0438,19.5483
4110002.0,11.6204,46.9873,24.2018
4118002.0,12.1766,47.3701,29.1017
4126002.0,12.3868,47.6061,34.1159
4134002.0,12.4809,47.5024,39.1617
4142002.0,12.6436,47.4572,44.1079
4150002.0,13.5843,47.1232,48.7433
4158002.0,13.9031,47.2761,4.24367
4166002.0,13.8206,47.1337,8.94404
4174002.0,14.2888,47.2896,13.5961
4182002.0,14.5957,47.2702,18.262
4190002.0,15.0105,47.3855,22.886
4198002.0,15.7462,47.5172,28.034000000000002
4206002.0,15.8964,46.6854,33.0702
4214002.0,16.1242,46.6166,38.4672
4222002.0,16.4442,46.5451,43.7629
4230002.0,17.0297,46.5535,48.8291
4238002.0,18.0348,46.2316,4.66843
4246002.0,18.5507,46.3477,9.44014
4254002.0,18.9951,46.3332,14.9216
4262002.0,19.4497,46.2357,19.9607
4270002.0,20.2036,46.5613,24.1516
4278002.0,20.4092,46.6078,29.1495
4286002.0,20.6039,46.553999999999995,34.0642
4294002.0,20.858,46.4929,38.6555
4302002.0,20.9644,46.7009,43.8793
4310002.0,20.9323,46.6842,48.7449
4318002.0,21.1371,46.6162,4.3166
4326002.0,21.1417,46.7203,9.31353
4334002.0,21.3675,46.6843,14.3854
4342002.0,21.534000000000002,46.9339,19.1408
4350002.0,21.6602,46.9456,24.2389
4358002.0,21.61,46.8455,28.6989
4366002.0,21.8286,46.8147,33.1622
4374002.0,21.9153,46.8399,37.8891
4382002.0,22.0024,46.8997,42.6957
4390002.0,22.1656,46.9453,47.5706
4398002.0,22.3242,47.0521,3.05172
4406002.0,22.6042,47.5904,7.68317
4414002.0,22.6115,47.5989,12.3895
4422002.0,22.8546,47.5265,17.3355
4430002.0,22.8258,47.5635,22.4195
4438002.0,22.8166,47.5398,27.4153
4446002.0,22.8117,47.4969,32.4114
4454002.0,22.9085,47.5619,37.3646
4462002.0,23.2959,47.4576,42.6006
4470002.0,24.1701,47.6155,47.504
4478002.0,24.6266,47.5704,2.43407
4486002.0,24.872,47.7454,6.68533
4494002.0,24.893,47.727,11.7113
4502002.0,25.1105,47.7186,17.173
4510002.0,25.2968,47.736000000000004,22.1
4518002.0,25.3732,47.7645,26.5425
4526002.0,25.4029,47.7841,31.5591
4534002.0,25.3522,47.7341,36.1164
4542002.0,25.6567,47.6876,41.1241
4550002.0,25.518,47.4667,46.1694
4558002.0,25.820999999999998,47.4731,1.6814099999999998
4566002.0,25.9461,47.5777,6.86941
4574002.0,26.3561,47.652,11.8861
4582002.0,27.098000000000003,47.6656,16.9943
4590002.0,27.8029,47.6744,21.8494
4598002.0,28.9583,47.7083,26.8776
4606002.0,29.4173,47.4782,31.2554
4614002.0,29.7687,47.5026,35.8019
4622002.0,30.0034,47.4983,40.2
4630002.0,29.9794,47.6743,44.5357
4638002.0,30.8908,47.6787,49.2721
4646002.0,30.9816,47.6763,4.63622
4654002.0,31.0344,47.7221,9.58197
4662002.0,34.238,45.0632,14.6832
4670002.0,35.2347,45.2914,18.827
4678002.0,35.4234,45.3534,23.6859
4686002.0,35.585,45.1488,28.0893
4694002.0,36.2309,45.0004,32.9389
4702002.0,36.9907,44.9393,37.8417
4710002.0,38.3335,45.0873,41.0731
4718002.0,38.4925,44.9779,45.5516
4726002.0,38.6818,44.9785,1.14917
4734002.0,39.4194,44.1548,6.0250900000000005
4742002.0,39.994,43.8826,10.671
4750002.0,40.4715,44.1522,15.2251
4758002.0,41.7217,44.0312,19.1903
4760002.0,41.8728,43.9595,20.2438
4768002.0,42.4905,44.075,25.0667
4776002.0,43.7404,44.0418,28.8551
4784002.0,45.093,43.9256,33.6385
4792002.0,45.4366,43.8738,38.4252
4800002.0,46.6212,42.6394,42.4936
4808002.0,47.0284,42.4553,47.0436
4816002.0,48.8475,42.5003,2.26736
4824002.0,0.00707817,42.9855,6.3802
4832002.0,1.04713,42.673,11.5717
4840002.0,1.9298799999999998,42.5861,16.8559
4848002.0,2.74232,42.8041,21.6741
4856002.0,4.60735,42.7568,26.7287
4864002.0,4.6079099999999995,42.6884,32.0561
4872002.0,6.829610000000001,42.5089,36.8477
4880002.0,6.781389999999999,42.5615,41.4079
4888002.0,7.4020399999999995,42.5462,46.0242
4896002.0,8.8662,42.8879,1.71564
4904002.0,9.81927,42.8801,5.4753
4912002.0,10.2697,43.2713,10.2782
4920002.0,12.2134,43.1867,14.9035
4928002.0,13.9202,43.1583,19.8213
4936002.0,15.3527,43.4906,24.6438
4944002.0,15.3193,42.7231,28.7776
4952002.0,16.3273,42.8216,33.2102
4960002.0,16.454,42.6506,38.4056
4968002.0,16.7677,42.77,43.0936
4976002.0,17.1824,42.4284,48.1849
4984002.0,17.2757,42.8128,4.015219999999999
4992002.0,17.8031,42.5482,7.948860000000001
5000002.0,18.4121,42.8916,12.9654
5008002.0,18.8307,43.0707,17.6168
5016002.0,19.1723,43.1753,22.3173
5024002.0,19.5146,43.7935,27.121
5032002.0,20.0941,43.9175,31.98
5040002.0,21.6011,44.3095,36.6711
5048002.0,21.8688,44.6071,41.0469
5056002.0,23.1984,44.9042,45.8119
5064002.0,24.5261,45.0072,0.864181
5072002.0,25.0921,45.6434,4.95681
5080002.0,26.2015,45.8226,10.133
5088002.0,27.0474,45.6159,15.5278
5096002.0,28.7832,45.6931,20.7061
5104002.0,29.8192,45.4936,25.8733
5112002.0,30.6159,45.4318,30.9704
5120002.0,31.2991,45.5106,36.5637
5128002.0,32.0804,45.2505,42.1215
5136002.0,32.2051,45.2081,47.0573
5144002.0,32.6976,45.1968,2.7541700000000002
5152002.0,33.0609,45.2056,7.77423
5160002.0,33.3048,45.1704,12.9217
5168002.0,33.5055,45.0237,18.2322
5176002.0,33.9219,45.077,23.5318
5184002.0,34.4074,44.9915,27.9745
5192002.0,35.0375,45.1416,32.4977
5200002.0,35.6283,45.2759,37.804
5208002.0,36.1935,45.4505,42.2625
5216002.0,36.6168,45.4752,47.5497
5224002.0,37.3374,45.5807,2.4342200000000003
5232002.0,37.8843,45.7672,7.319210000000001
5240002.0,38.1494,45.7012,12.4726
5248002.0,38.6137,45.7569,17.0519
5256002.0,38.8968,45.7278,21.1776
5264002.0,39.1716,45.8643,25.8465
5272002.0,39.6094,45.9805,30.3965
5280002.0,40.5972,46.3654,35.4192
5288002.0,40.632,46.4548,40.1256
5296002.0,41.2034,46.4952,44.4254
5304002.0,41.4081,46.7034,49.3056
5312002.0,42.2104,46.836000000000006,5.0553
5320002.0,42.5357,46.9342,9.83436
5328002.0,42.5992,46.974,14.619000000000002
5336002.0,43.696999999999996,47.3527,19.5488
5344002.0,44.3226,47.3196,23.9387
5352002.0,44.4,47.2832,28.7224
5360002.0,44.9363,47.151,32.6387
5368002.0,45.2915,46.9839,37.6452
5376002.0,45.6006,47.1214,42.5973
5384002.0,46.476000000000006,47.3574,47.5705
5392002.0,47.1066,47.5864,3.05274
5400002.0,47.4089,47.476000000000006,8.1327
5408002.0,47.1051,47.3143,12.6768
5416002.0,48.0006,47.2167,18.1011
5424002.0,48.0337,47.4882,22.7457
5432002.0,47.6631,47.5343,27.655
5440002.0,47.993,47.7056,32.2538
5448002.0,47.4978,47.6839,36.9269
5456002.0,47.3404,47.7679,41.97
5464002.0,47.1316,47.6862,46.7518
5472002.0,47.0697,47.553999999999995,3.02298
5480002.0,47.0825,47.5358,8.13691
5488002.0,47.2089,47.4822,12.7906
5496002.0,47.6849,47.4891,17.938
5504002.0,47.7587,47.6041,23.1235
5512002.0,48.373999999999995,47.6226,28.3266
5520002.0,49.3389,47.5479,33.3915
5528002.0,0.162799,47.4321,37.9779
5536002.0,0.802638,47.4416,43.1898
5544002.0,1.25579,47.3714,48.2189
5552002.0,1.3977,47.4047,3.84079
5560002.0,1.62056,47.4469,8.90088
5568002.0,2.12149,47.5003,13.6051
5576002.0,2.8580200000000002,47.3553,18.4824
5584002.0,3.51234,47.3857,23.4975
5592002.0,4.1467,47.2903,28.4092
5600002.0,4.41804,47.2815,33.5734
5608002.0,4.83686,47.3466,38.4582
5616002.0,5.113919999999999,47.2203,43.293
5624002.0,5.84581,47.0715,48.168
5632002.0,6.47524,47.1729,3.7042300000000004
5640002.0,7.7738,47.2439,8.92516
5648002.0,8.61978,47.2669,13.876
5656002.0,8.9903,47.3273,18.9942
5664002.0,9.42275,47.3161,23.9861
5672002.0,9.77271,47.3272,28.8444
5680002.0,10.0022,47.5162,33.7539
5688002.0,10.5713,47.5545,38.5028
5696002.0,10.529000000000002,47.5822,42.8838
5704002.0,10.4501,47.6079,47.4795
5712002.0,10.4801,47.6356,2.62425
5720002.0,10.5599,47.6502,7.6906300000000005
5728002.0,10.488,47.6691,12.5645
5736002.0,10.6576,47.641999999999996,17.6281
5744002.0,10.8643,47.6057,22.6496
5752002.0,10.9572,47.6494,27.6153
5760002.0,11.0781,47.5896,32.144
5768002.0,12.183,47.6826,36.8824
5776002.0,12.9617,47.5359,41.7842
5784002.0,13.1322,47.6679,47.0618
5792002.0,13.5533,47.6241,2.57483
5800002.0,14.1562,47.5366,7.62092
5808002.0,15.1119,47.3843,12.6266
5816002.0,16.2715,47.1515,17.6051
5824002.0,16.8432,47.1867,22.2728
5832002.0,16.8905,47.2513,27.169
5840002.0,17.2463,47.287,32.2165
5848002.0,18.2865,46.4481,37.0777
5856002.0,19.3413,46.3624,42.1772
5864002.0,20.3033,46.0837,46.6576
5872002.0,20.5876,46.2191,2.15001
5880002.0,20.8597,46.089,7.51547
5888002.0,21.7545,45.3652,12.5892
5896002.0,22.3008,44.9917,17.871
5904002.0,22.8374,45.0189,22.9044
5912002.0,23.4123,45.1719,28.1963
5920002.0,23.5961,45.2525,33.0389
5928002.0,23.8077,45.5257,38.3451
5936002.0,24.0361,45.5092,43.3503
5944002.0,24.2132,45.6479,48.317
5952002.0,24.1196,45.583999999999996,3.7637300000000002
5960002.0,24.1642,45.4484,8.94048
5968002.0,24.1251,45.6255,13.5091
5976002.0,24.2171,45.4597,18.298
5984002.0,24.2379,45.4501,23.5588
5992002.0,24.308000000000003,45.4764,28.9701
6000002.0,24.4842,45.4565,34.0688
6008002.0,24.5782,45.4468,39.0605
6016002.0,24.8546,45.2643,43.4217
6024002.0,24.9473,45.352,48.1011
6032002.0,24.9874,45.3813,3.26852
6040002.0,25.2383,45.2819,8.40718
6048002.0,25.5104,45.3062,13.4521
6056002.0,25.7043,45.4126,18.2962
6064002.0,26.017,45.2782,23.2927
6072002.0,26.2073,45.0925,28.1501
6080002.0,26.4264,45.1922,33.5707
6088002.0,27.261,45.0995,38.9714
6096002.0,27.616,45.1562,43.9914
6104002.0,27.6215,45.2944,48.888000000000005
6112002.0,27.7157,45.2361,4.427919999999999
6120002.0,27.8426,45.3069,8.9748
6128002.0,27.7352,45.3064,14.0298
6136002.0,28.1243,45.0548,19.2918
6144002.0,29.1,44.6899,24.4835
6152002.0,29.1189,45.1796,29.2792
6160002.0,29.006999999999998,45.0969,34.7495
6168002.0,29.1756,44.8203,39.703
6176002.0,29.5152,44.9863,44.9744
6184002.0,29.5957,45.0628,0.29735300000000003
6192002.0,29.3394,44.9052,5.98364
6200002.0,29.3751,44.7489,10.7643
6208002.0,29.734,44.7473,15.9718
6216002.0,30.658,44.3017,21.4532
6224002.0,31.1583,43.6551,26.0121
6232002.0,32.134,42.8384,31.0476
6240002.0,33.3913,42.0011,37.0785
6248002.0,34.3348,42.2361,41.9137
6256002.0,35.2823,42.2077,46.7955
6264002.0,36.2859,42.2728,2.32977
6272002.0,37.0453,42.0482,7.3836
6280002.0,37.351,42.0139,11.5228
6288002.0,37.4288,41.9232,16.2731
6296002.0,37.6645,42.245,21.0558
6304002.0,38.2924,42.3623,25.5781
6312002.0,39.5082,42.3323,30.3145
6320002.0,40.2984,42.3794,35.6047
6328002.0,42.1347,42.4083,41.3347
6336002.0,42.6677,42.466,46.1143
6344002.0,43.0853,42.4292,1.73082
6352002.0,43.254,42.3453,6.696110000000001
6360002.0,43.2758,42.4925,11.5204
6368002.0,43.8137,42.3654,16.618
6376002.0,43.9285,42.4833,21.5981
6384002.0,43.8812,42.4211,26.5692
6392002.0,44.0838,42.3322,31.5421
6400002.0,44.025,42.398,36.4966
6408002.0,44.9757,41.8217,41.5665
6416002.0,45.1552,41.8903,46.1623
6424002.0,45.3371,41.7298,1.18266
6432002.0,45.538000000000004,41.7042,6.15885
6440002.0,45.3623,41.9399,10.5353
6448002.0,45.3302,42.0333,15.6364
6456002.0,46.1375,41.818000000000005,20.1116
6464002.0,46.9176,41.8322,24.3037
6472002.0,47.4513,41.8597,29.5846
6480002.0,47.388000000000005,41.7537,34.0253
6488002.0,47.5436,41.8908,38.3789
6496002.0,47.2184,42.1605,43.0113
6504002.0,46.2123,43.6177,46.9631
6512002.0,45.1205,43.9908,1.8880700000000001
6520002.0,44.5657,44.5618,5.26676
6528002.0,44.8178,44.3314,9.961789999999999
6536002.0,45.6619,44.3861,15.1676
6544002.0,46.2623,44.3666,19.6751
6552002.0,46.5388,44.4927,23.5649
6560002.0,47.2237,44.5723,28.299
6568002.0,47.9119,44.3729,32.411
6576002.0,48.9148,44.0991,37.7313
6584002.0,49.0699,43.8749,42.9319
6592002.0,0.46957299999999996,43.541000000000004,48.7241
6600002.0,1.15994,43.5961,4.52824
6608002.0,2.03085,44.0849,8.98824
6616002.0,3.0932,44.4213,13.2888
6624002.0,5.441319999999999,44.4568,18.0136
6632002.0,6.22691,45.1254,22.8133
6640002.0,6.511019999999999,45.1102,27.8623
6648002.0,7.5618300000000005,45.0373,32.7588
6656002.0,8.03951,45.001999999999995,37.3303
6664002.0,8.035810000000001,43.8887,41.5207
6672002.0,10.0547,44.4416,46.997
6680002.0,8.03103,42.762,2.96516
6688002.0,8.33261,45.3278,9.51035
6696002.0,9.62979,46.5629,13.7196
6704002.0,14.1567,45.4515,15.4924
6712002.0,20.4662,42.0493,10.1775
6720002.0,21.9118,41.4279,14.2081
6728002.0,21.7826,39.2862,18.2965
6736002.0,25.9417,45.2466,22.903000000000002
6744002.0,23.8097,45.2873,22.8175
6752002.0,25.1198,45.5363,33.8625
6760002.0,25.1814,44.7556,39.1196
6768002.0,25.1008,44.8854,43.6911
6776002.0,25.961,44.7524,48.1448
6784002.0,26.724,44.4921,2.88465
6792002.0,26.7868,44.0754,5.687819999999999
6800002.0,27.2788,42.4884,9.55241
6808002.0,29.3378,42.2628,14.1064
6816002.0,29.3337,42.9107,18.3706
6824002.0,31.8163,42.9322,24.2858
6832002.0,33.8893,42.8416,29.7395
6840002.0,34.9626,43.1371,34.6926
6848002.0,36.1095,43.7173,39.106
6856002.0,36.8205,43.5481,43.4284
6864002.0,37.5113,44.8942,46.1109
6872002.0,38.1233,45.1442,0.695531
6880002.0,38.491,45.1681,5.205509999999999
6888002.0,38.8699,45.3446,10.1143
6896002.0,39.4547,44.9383,15.1647
6904002.0,39.9363,45.3033,20.2174
6912002.0,40.9324,45.8065,25.4933
6920002.0,41.691,46.3649,30.4651
6928002.0,42.0684,46.6488,35.3625
6936002.0,42.3444,46.8037,39.6798
6944002.0,42.5826,47.0408,44.6084
6952002.0,43.7706,47.1259,49.1282
6960002.0,44.7955,46.9877,3.94235
6968002.0,44.7127,47.0296,7.89871
6976002.0,44.9633,47.1935,13.5891
6984002.0,45.7492,47.5037,20.9327
6992002.0,47.0135,47.4853,26.358
7000002.0,47.2483,47.4408,31.8628
7008002.0,47.9591,47.2458,36.8214
7016002.0,48.2749,47.2112,40.9309
7024002.0,45.4803,47.1788,0.756221
7032002.0,46.6908,47.4737,2.4593599999999998
7040002.0,47.3977,47.2884,7.201630000000001
7048002.0,47.7248,47.1902,12.227
7056002.0,47.9986,47.1044,17.0938
7064002.0,48.7873,46.9883,21.8124
7072002.0,0.633105,46.9543,26.5757
7080002.0,1.47389,46.9357,31.3156
7088002.0,2.0442,46.9371,35.8554
7096002.0,2.16249,46.9224,40.2705
7104002.0,2.41882,46.8243,44.7965
7112002.0,2.7690599999999996,46.9399,0.31449699999999997
7120002.0,3.4954199999999997,46.8937,5.03094
7128002.0,3.78565,47.0429,9.80831
7136002.0,3.93508,46.9793,14.6735
7144002.0,4.05668,46.9546,19.8779
7152002.0,4.47192,47.0103,25.0078
7160002.0,5.05673,46.4771,29.8956
7168002.0,5.32601,46.4279,34.5582
7176002.0,5.50931,46.4375,39.8121
7184002.0,6.081230000000001,46.4739,45.062
7192002.0,5.93016,46.5164,0.0522335
7200002.0,6.1700099999999996,46.7535,5.33977
7204002.0,6.08646,46.7414,7.4695
7212002.0,6.45171,47.2105,12.7663
7220002.0,7.417680000000001,47.2703,16.7903
7228002.0,7.63479,47.1954,21.7173
7236002.0,7.752860000000001,47.2895,26.7343
7244002.0,7.7461899999999995,47.5476,31.9951
7252002.0,7.7876,47.5687,37.0363
7260002.0,8.300239999999999,47.6461,41.7146
7268002.0,8.51867,47.533,46.5879
7276002.0,9.15957,47.5086,1.96878
7284002.0,9.192039999999999,47.5029,7.09532
7292002.0,9.34403,47.5606,12.069
7300002.0,10.1019,47.5483,16.8105
7308002.0,10.1543,47.455,21.7169
7316002.0,10.1824,47.2247,26.3926
7324002.0,10.3585,47.2004,31.1897
7332002.0,10.096,47.1149,36.5081
7340002.0,10.4427,47.0863,41.1153
7348002.0,10.9018,47.1922,45.8851
7356002.0,11.073,47.3105,0.58448
7364002.0,11.3635,47.1359,4.8669400000000005
7372002.0,11.3766,47.1475,9.39935
7380002.0,11.4385,47.1977,14.0506
7388002.0,11.4301,47.2445,18.7535
7396002.0,11.5446,47.184,23.1033
7404002.0,11.1794,47.5896,27.619
7412002.0,11.0944,47.6705,32.2258
7420002.0,11.1266,47.6109,36.9834
7428002.0,11.4593,47.5912,41.8666
7436002.0,11.5007,47.6479,46.9191
7444002.0,11.4796,47.7133,2.4094599999999997
7452002.0,11.915,47.7049,7.3906600000000005
7460002.0,11.9184,47.7193,12.39
7468002.0,11.9154,47.65,17.4946
7476002.0,11.9717,47.6736,22.3816
7484002.0,12.2429,47.6829,26.9034
7492002.0,12.7311,47.7538,31.5694
7500002.0,12.9116,47.6764,36.5144
7508002.0,12.9655,47.6704,41.4505
7516002.0,12.978,47.6889,46.5689
7524002.0,13.099,47.6795,2.04783
7532002.0,13.0655,47.6576,7.10111
7540002.0,13.0795,47.6484,12.0661
7548002.0,12.9006,47.6341,16.13
7556002.0,13.0058,47.5974,21.0985
7564002.0,13.0556,47.67100000000001,25.9775
7572002.0,13.4444,47.6682,30.906999999999996
7580002.0,13.4272,47.6666,35.9656
7588002.0,13.4447,47.6303,41.0288
7596002.0,13.4724,47.6689,45.6036
7604002.0,13.4664,47.5985,1.0721399999999999
7612002.0,13.48,47.6684,6.1087
7620002.0,13.5181,47.6185,11.0162
7628002.0,13.4663,47.5975,15.9082
7636002.0,13.7785,47.5488,20.476
7644002.0,13.9484,47.6192,24.9101
7652002.0,14.003,47.656000000000006,29.51
7660002.0,14.2193,47.6567,34.3092
7668002.0,14.8565,47.6425,39.3547
7676002.0,15.1061,47.6476,44.433
7684002.0,15.2311,47.6827,49.3229
7692002.0,16.1411,47.7413,4.95199
7700002.0,16.3073,47.8443,9.88685
7708002.0,16.5636,47.8789,14.8898
7716002.0,16.6657,47.8037,19.0231
7724002.0,16.2539,47.8803,23.3537
7732002.0,16.8,47.6563,27.8701
7740002.0,17.2612,47.6707,32.7549
7748002.0,17.4809,47.4786,38.0576
7756002.0,17.9126,47.5367,42.9098
7764002.0,18.042,47.5454,47.8817
7772002.0,18.0197,47.6595,3.31465
7780002.0,17.9848,47.45399999999999,8.35326
7788002.0,18.5842,47.313,13.0791
7796002.0,18.8647,47.5055,18.0508
7804002.0,19.3239,47.2619,22.8539
7812002.0,20.0084,47.6036,28.1242
7820002.0,20.2377,47.6463,33.0073
7828002.0,21.0068,47.5674,38.4142
7836002.0,21.3359,47.5414,43.9069
7844002.0,21.605,47.5667,48.6694
7852002.0,21.5796,47.605,4.45765
7860002.0,21.594,47.4979,9.8881
7868002.0,21.6929,47.4685,15.0378
7876002.0,22.0678,47.4185,20.0872
7884002.0,22.2986,47.4683,25.0283
7892002.0,23.0836,47.486999999999995,29.81
7900002.0,23.2132,47.1325,34.4142
7908002.0,23.2354,46.7337,38.9062
7916002.0,23.014,46.4766,43.6445
7924002.0,23.344,46.5933,48.2315
7932002.0,23.9213,47.3061,3.75746
7940002.0,23.9189,47.3468,8.57267
7948002.0,24.206999999999997,47.4548,13.6123
7956002.0,24.2196,47.4116,18.4502
7964002.0,24.5587,47.6251,23.6052
7972002.0,24.5976,47.7007,28.592
7980002.0,24.69,47.4842,33.8093
7988002.0,24.985,47.5138,38.5875
7996002.0,24.9228,46.7997,42.8458
