2.0,8.24416,43.0447,20.41
8002.0,11.929,43.1819,23.8869
16002.0,13.4656,43.3213,28.093000000000004
24002.0,13.5818,43.2391,33.0894
32002.0,13.5546,43.2639,37.455
40002.0,13.7944,43.3059,42.4446
48002.0,14.0008,43.2465,47.0316
56002.0,14.2682,42.9636,2.19628
64002.0,14.3614,43.1025,6.57605
72002.0,15.0903,42.956,10.0768
80002.0,15.520999999999999,42.7923,13.4008
88002.0,16.1096,42.8166,18.8531
96002.0,16.5562,43.0576,22.8155
104002.0,16.84,43.0135,26.4847
112002.0,16.6605,42.6118,28.732
120002.0,17.3457,42.8985,32.6418
128002.0,17.5521,43.0526,37.4768
136002.0,18.4973,43.108999999999995,42.5994
144002.0,18.9934,42.9021,47.2654
152002.0,19.5572,43.167,1.62867
160002.0,21.3523,43.3485,5.96154
168002.0,21.6908,43.3928,10.5148
176002.0,21.8013,43.6697,15.3736
184002.0,22.2311,43.8532,20.1566
192002.0,23.3787,44.6954,25.7121
200002.0,24.5063,45.1337,30.1129
208002.0,24.6439,44.3763,34.293
216002.0,25.3595,44.42,39.1819
224002.0,25.6486,44.5286,43.5281
232002.0,25.9096,44.7087,49.0684
240002.0,25.9315,44.678000000000004,4.502730000000001
248002.0,26.2278,44.3052,8.957410000000001
256002.0,26.4498,44.39,14.0982
264002.0,27.1585,44.7859,19.3648
272002.0,27.2164,45.6197,24.1486
280002.0,27.9711,45.2908,28.5258
288002.0,28.8523,45.056999999999995,34.0851
296002.0,28.2682,44.7308,38.3248
304002.0,29.0497,44.7687,43.5367
312002.0,29.7142,45.0241,47.9243
320002.0,30.605,44.9209,3.33219
328002.0,31.8692,45.0535,8.47385
336002.0,32.6719,45.3364,13.661
344002.0,33.5377,44.4751,19.2119
352002.0,33.3401,44.8313,23.1013
360002.0,33.6422,44.8388,27.7791
368002.0,34.2608,44.6765,32.4812
376002.0,34.2014,44.5119,37.7313
384002.0,34.8178,44.235,42.1609
392002.0,35.4344,43.6549,46.856
400002.0,35.1803,43.8788,1.7658200000000002
408002.0,35.2729,43.2884,8.42756
416002.0,33.8535,44.1154,9.09601
424002.0,34.2416,44.4791,13.3912
432002.0,34.6651,44.5189,17.6462
440002.0,34.9964,44.5294,22.6782
448002.0,35.0169,44.5122,27.6002
456002.0,35.0247,44.4282,32.0838
464002.0,35.475,44.4626,36.2123
472002.0,35.7808,44.4274,41.2513
480002.0,36.3483,44.4429,46.0851
488002.0,36.8892,44.5193,1.3833
496002.0,37.5247,44.5291,6.201230000000001
504002.0,37.3703,44.3547,10.6448
512002.0,37.5708,44.2863,15.5419
520002.0,37.598,44.1347,20.4122
528002.0,37.5917,44.1609,25.4834
536002.0,38.1195,44.1325,30.3459
544002.0,39.2355,44.0759,35.2808
552002.0,40.451,43.9149,39.7852
560002.0,41.9711,43.8176,44.0343
568002.0,42.2961,43.7746,48.3779
576002.0,43.1053,43.7534,4.0458
584002.0,44.0426,43.6861,8.78549
592002.0,43.9117,43.301,12.0146
600002.0,44.5465,43.3801,16.8399
608002.0,45.3365,43.0749,21.2142
616002.0,46.0508,43.0867,26.4915
624002.0,46.3632,43.2108,31.7099
632002.0,46.4601,43.2938,36.3853
640002.0,46.7286,43.4049,41.1962
648002.0,46.4867,43.5373,45.3558
656002.0,46.5071,43.5053,0.45424799999999993
664002.0,46.6076,43.2619,5.016380000000001
672002.0,46.5574,43.2276,10.0161
680002.0,46.7253,43.2639,14.5184
688002.0,46.928000000000004,43.2756,19.6358
696002.0,46.9435,43.3658,24.6994
704002.0,47.2955,43.4453,29.8725
712002.0,47.2785,43.6656,35.2198
720002.0,47.4157,43.7131,40.3669
728002.0,47.0811,43.7275,45.668
736002.0,47.0068,43.7097,0.753825
744002.0,47.2425,43.8612,5.94386
752002.0,47.1633,43.8034,11.0119
760002.0,47.5418,43.8319,16.2729
768002.0,47.5584,43.7895,21.0988
776002.0,47.4672,43.883,26.2358
784002.0,47.2807,43.9046,30.6566
792002.0,47.4198,43.8711,35.2057
800002.0,47.4086,43.7822,39.9935
808002.0,47.3963,43.8146,45.0076
816002.0,47.443000000000005,43.8896,0.5516310000000001
824002.0,47.3645,43.8881,5.5660099999999995
832002.0,47.185,43.8328,10.6693
840002.0,47.224,43.8352,15.4463
848002.0,48.4967,43.8301,20.5314
856002.0,49.4515,43.6514,25.4439
864002.0,0.396757,43.7031,30.0385
872002.0,0.24067600000000003,43.8107,35.0296
880002.0,0.338516,43.818000000000005,39.9158
888002.0,0.589546,43.8189,44.8204
896002.0,0.881992,43.736999999999995,48.9254
904002.0,1.3787,43.6144,3.9655400000000003
912002.0,1.66355,43.3483,7.75737
920002.0,2.1705400000000004,43.4079,12.4245
928002.0,2.09976,43.2949,17.1996
936002.0,2.34687,43.855,22.6507
944002.0,3.36174,43.8462,27.9177
952002.0,3.3305300000000004,43.963,32.4164
960002.0,2.94372,44.0194,37.3846
968002.0,2.9159,44.0987,42.3814
976002.0,3.3285,44.2171,47.243
984002.0,3.5315300000000005,44.2887,2.4073700000000002
992002.0,3.6977300000000004,44.1251,6.62205
1000002.0,3.79719,44.1104,10.9743
1008002.0,3.6446699999999996,44.0764,15.6462
1016002.0,3.8888300000000005,44.0132,20.4726
1024002.0,4.31989,44.0123,25.3148
1032002.0,4.1077699999999995,44.0068,29.8043
1040002.0,4.22198,43.5818,34.3908
1048002.0,4.0513900000000005,43.6614,39.6426
1056002.0,4.16673,43.5612,44.0811
1064002.0,4.4101,43.5427,49.0898
1072002.0,4.69462,43.4723,4.30347
1080002.0,4.755719999999999,43.5036,9.31235
1088002.0,4.7267,43.6728,14.0233
1096002.0,4.84802,43.8646,19.0254
1104002.0,5.18613,43.992,24.0325
1112002.0,5.07253,44.0398,29.0986
1120002.0,5.10773,44.1283,34.0061
1128002.0,5.3271,44.0404,38.9078
1136002.0,5.55835,44.0076,44.1455
1144002.0,5.85355,44.0922,48.7612
1152002.0,5.85452,44.1188,4.365480000000001
1160002.0,6.12611,44.0938,9.51711
1168002.0,6.09549,44.0832,14.3221
1176002.0,6.36057,44.1038,19.3557
1184002.0,6.50028,44.193000000000005,24.3608
1192002.0,6.78068,44.1515,29.0509
1200002.0,6.80195,44.39,34.0027
1208002.0,6.973730000000001,44.3158,39.1073
1216002.0,7.3679,44.3953,43.9472
1224002.0,7.377339999999999,44.422,49.0286
1232002.0,7.493519999999999,44.4772,4.71563
1240002.0,7.467339999999999,44.504,9.59753
1248002.0,7.389939999999999,44.6882,14.5979
1256002.0,7.63825,44.4053,19.6405
1264002.0,7.68352,44.6385,24.7305
1272002.0,7.79029,44.6609,29.9758
1280002.0,8.1431,44.6513,34.7614
1288002.0,8.01211,44.5522,39.3334
1296002.0,8.08188,44.6282,44.2537
1304002.0,8.653960000000001,44.5459,49.2188
1312002.0,8.33053,44.8774,4.6990099999999995
1320002.0,8.81557,44.9209,9.794369999999999
1328002.0,8.93643,44.6276,14.5821
1336002.0,9.10562,44.5649,19.6418
1344002.0,9.8037,44.7235,24.8317
1352002.0,9.84595,44.6235,29.7353
1360002.0,10.0213,44.4993,34.5886
1368002.0,10.4233,44.3529,39.5471
1376002.0,10.8669,44.1802,44.7161
1384002.0,10.9527,44.1545,49.3106
1392002.0,11.0648,44.0938,4.96276
1400002.0,11.3376,44.3587,10.0456
1408002.0,11.6939,44.3813,15.5808
1416002.0,11.8286,44.3377,20.8419
1424002.0,11.8847,44.4755,25.6843
1432002.0,12.2546,44.4958,31.0688
1440002.0,12.995999999999999,44.4034,36.9364
1448002.0,13.0486,44.4206,41.9198
1456002.0,13.5511,44.3111,46.6369
1464002.0,14.1526,44.2964,1.8680599999999998
1472002.0,14.3921,44.2675,6.75754
1480002.0,14.6877,44.3287,11.5051
1488002.0,15.3942,44.1294,17.4228
1496002.0,16.0016,44.297,22.018
1504002.0,16.3861,44.601000000000006,27.1696
1512002.0,16.4157,44.1934,32.2812
1520002.0,17.3654,44.4114,37.193000000000005
1528002.0,18.2873,44.013999999999996,42.3058
1536002.0,19.0475,43.6393,47.0945
1544002.0,19.3855,43.5942,2.99456
1552002.0,20.6112,43.6524,6.77314
1560002.0,20.9057,43.6268,11.9718
1568002.0,20.4551,43.8282,16.7117
1576002.0,20.3762,43.7024,21.5564
1584002.0,20.2983,43.6052,26.698
1592002.0,20.3411,43.5148,31.8896
1600002.0,20.3799,43.4956,36.7798
1608002.0,20.4212,43.4044,41.7202
1616002.0,20.1443,43.3081,46.473
1624002.0,19.4985,43.1786,2.23295
1632002.0,19.8497,42.5198,7.60267
1640002.0,18.333,42.0751,13.074000000000002
1648002.0,18.8919,42.2321,17.6618
1656002.0,18.8369,42.4969,22.9664
1664002.0,18.694000000000003,42.7487,28.3294
1672002.0,18.2435,42.1532,33.6215
1680002.0,18.1706,42.766999999999996,39.0056
1688002.0,18.3095,42.7495,44.1238
1696002.0,19.0019,42.0915,48.6098
1704002.0,19.3846,41.9533,3.5379300000000002
1712002.0,19.8217,42.0943,8.286610000000001
1720002.0,19.6857,42.0185,13.0009
1728002.0,19.6279,41.8067,17.6627
1736002.0,19.4099,42.0571,22.6121
1744002.0,19.5963,42.254,27.365
1752002.0,19.3236,42.4933,31.9756
1760002.0,19.3086,41.8319,36.5918
1768002.0,19.9825,41.6761,40.8537
1776002.0,20.4223,41.7162,45.4002
1784002.0,20.6401,41.5924,0.25495300000000004
1792002.0,20.6135,41.5647,4.87785
1800002.0,20.7823,41.4528,9.88829
1808002.0,21.0559,41.3602,14.6425
1816002.0,21.7503,41.407,19.3167
1824002.0,21.8152,41.1298,24.0
1832002.0,22.3164,41.2423,28.3909
1840002.0,23.1472,41.4674,32.5315
1848002.0,23.2647,41.1104,37.1251
1856002.0,23.3565,41.2648,41.5085
1864002.0,22.8895,41.3228,46.4407
1872002.0,23.7054,41.0682,1.22336
1880002.0,24.8537,41.1901,6.285830000000001
1888002.0,26.2664,41.2143,11.2962
1896002.0,27.3919,40.5906,15.634
1904002.0,27.6165,40.6639,20.519000000000002
1912002.0,27.6585,40.7136,25.4245
1920002.0,27.5723,40.8751,30.7026
1928002.0,28.5233,40.7108,34.9421
1936002.0,28.5999,40.8709,40.124
1944002.0,29.0316,40.8431,45.1805
1952002.0,29.3391,40.8335,0.901911
1960002.0,29.5295,40.9333,6.04932
1968002.0,29.8921,40.8837,10.599
1976002.0,30.2965,40.6432,15.1401
1984002.0,30.6095,40.816,20.2942
1992002.0,30.6515,40.7349,25.0285
2000002.0,31.6995,41.1557,29.896
2008002.0,31.7745,41.1498,34.9952
2016002.0,31.4652,40.9188,40.2054
2024002.0,31.5203,41.0021,45.1749
2032002.0,31.8882,40.6866,0.240902
2040002.0,32.6565,40.6191,4.88927
2048002.0,32.8529,40.4954,10.1283
2056002.0,33.3363,40.5251,14.8593
2064002.0,33.5202,40.5989,19.6616
2072002.0,34.9217,40.8513,24.4509
2080002.0,35.6187,40.9066,28.644000000000002
2088002.0,35.8745,40.7701,33.1077
2096002.0,36.1184,40.5643,38.0835
2104002.0,36.6248,40.5993,42.715
2112002.0,37.6303,40.1687,48.1617
2120002.0,38.2544,40.0821,3.8961300000000003
2128002.0,38.3211,39.9862,8.21215
2136002.0,39.1835,39.9592,12.8304
2144002.0,39.5678,39.9978,17.4378
2152002.0,40.0948,39.7872,22.4056
2160002.0,40.037,39.4459,27.2942
2168002.0,41.0355,39.3381,32.366
2176002.0,40.8638,39.2956,37.1066
2184002.0,41.7457,39.1121,41.3396
2192002.0,42.2767,39.3089,45.4502
2200002.0,42.0039,39.7493,0.877591
2208002.0,42.5198,39.9531,5.4555
2216002.0,43.2578,40.0981,10.1468
2224002.0,43.0825,40.1953,15.7178
2232002.0,43.3634,40.1428,20.506
2240002.0,43.7327,40.3386,25.0888
2248002.0,43.7638,40.4795,29.5824
2256002.0,43.8925,40.2982,32.9219
2264002.0,44.0962,40.2649,37.4478
2272002.0,44.4489,39.9861,42.403999999999996
2280002.0,45.0519,39.9902,47.1782
2288002.0,44.9674,39.7076,3.0693
2296002.0,45.6368,39.8949,8.137880000000001
2304002.0,46.4665,39.6139,13.3489
2312002.0,46.568999999999996,39.5559,18.2203
2320002.0,47.9149,39.3707,23.5029
2328002.0,48.4859,39.6405,28.6019
2336002.0,48.7632,39.305,33.4075
2344002.0,0.0321623,38.978,38.4957
2352002.0,0.332063,38.9099,43.214
2360002.0,0.709446,38.8457,47.7915
2368002.0,0.967247,38.8869,3.3624199999999997
2376002.0,0.927852,38.977,8.17329
2384002.0,0.500448,39.0229,12.9647
2392002.0,0.5307390000000001,39.1313,17.9311
2400002.0,0.622642,39.1992,22.3879
2408002.0,0.721051,39.2282,27.3656
2414002.0,1.14026,39.2645,31.2945
2422002.0,2.6924099999999997,39.2114,37.5163
2430002.0,5.29505,39.0331,41.9826
2438002.0,7.64288,38.8167,47.088
2446002.0,8.56548,38.8326,2.4568
2454002.0,8.6335,39.0039,7.1980699999999995
2462002.0,9.78688,38.8626,11.8656
2470002.0,10.8667,38.3962,15.9477
2478002.0,11.6875,38.2573,20.7499
2486002.0,12.4396,38.3013,24.9318
2494002.0,12.6905,37.7257,29.311999999999998
2502002.0,12.7957,37.5945,33.6396
2510002.0,14.1523,37.4085,38.4488
2518002.0,14.1452,37.2808,42.2108
2526002.0,15.9477,36.9504,46.1763
2534002.0,16.5241,36.458,0.668508
2542002.0,16.5276,36.0152,5.04897
2550002.0,16.6601,35.8571,10.1565
2558002.0,17.923,35.7006,14.1137
2566002.0,19.4517,35.2207,18.2586
2574002.0,20.8475,34.6073,21.7773
2582002.0,21.1557,34.8721,24.7026
2590002.0,23.0859,34.967,28.7989
2598002.0,25.0229,34.591,34.5882
2606002.0,25.4387,34.6362,39.1156
2614002.0,26.2379,34.3087,43.7566
2622002.0,26.4059,34.4745,48.2043
2630002.0,27.1416,34.3259,3.45215
2638002.0,27.2649,33.9768,7.62988
2646002.0,27.8816,33.8126,12.0853
2654002.0,28.8635,33.4418,16.9214
2662002.0,29.0172,33.5801,20.8901
2670002.0,30.3615,34.424,27.0323
2678002.0,31.7652,34.6631,31.8305
2686002.0,34.5417,34.7528,36.7343
2694002.0,35.503,34.8284,40.5452
2702002.0,36.3286,35.1152,45.6815
2710002.0,37.2082,35.5489,1.49306
2718002.0,38.1882,35.3246,5.91145
2726002.0,38.5752,35.3274,8.9907
2734002.0,39.1479,35.1436,13.8349
2742002.0,40.4304,35.4681,18.2667
2750002.0,41.5629,35.3393,23.0411
2758002.0,41.8671,35.1719,27.4746
2766002.0,41.9504,35.2236,32.6958
2774002.0,42.0883,35.1543,36.7167
2782002.0,42.2556,35.2227,41.135
2790002.0,42.4993,35.2024,45.8196
2798002.0,43.1491,35.2882,1.11733
2806002.0,43.8801,35.3178,6.19648
2814002.0,43.8311,35.6361,11.4725
2822002.0,44.3477,35.4668,16.4603
2830002.0,44.7114,35.559,20.5183
2838002.0,45.0073,35.274,25.0655
2846002.0,46.566,35.2887,29.2715
2854002.0,47.6039,35.2063,34.5351
2862002.0,49.4065,35.1636,39.0219
2870002.0,0.022141400000000002,35.2291,43.2792
2878002.0,1.36106,35.9494,47.3966
2886002.0,1.2339799999999999,36.0403,2.07626
2894002.0,2.11112,36.227,5.9756599999999995
2902002.0,3.0985400000000003,36.4025,10.6159
2910002.0,3.32269,36.519,15.1935
2918002.0,3.0200299999999998,36.4302,19.6581
2926002.0,3.38334,36.3084,25.0566
2934002.0,3.43574,35.9377,30.2382
2942002.0,3.6908300000000005,35.6399,35.4299
2950002.0,3.9350099999999997,35.7091,40.2979
2958002.0,3.5482699999999996,35.2965,44.3171
2966002.0,4.42202,35.2501,49.3978
2974002.0,4.13779,35.1984,3.7354800000000004
2982002.0,4.71644,35.0505,9.08872
2990002.0,5.14508,35.425,14.064
2998002.0,5.56383,35.6318,18.5958
3006002.0,5.90888,36.0242,23.3682
3014002.0,6.020919999999999,35.5036,28.164
3022002.0,6.26851,35.577,33.0907
3030002.0,7.21738,35.4816,38.6811
3038002.0,7.72807,35.2159,43.5181
3046002.0,8.00625,34.9963,48.5511
3054002.0,9.33985,34.989000000000004,3.7404599999999997
3062002.0,9.0305,34.7799,7.63387
3070002.0,9.217369999999999,34.9772,13.3633
3078002.0,8.2081,34.6276,17.4278
3086002.0,8.509360000000001,34.6953,22.1222
3094002.0,8.64586,34.7545,26.5159
3102002.0,9.1389,34.7857,30.5046
3110002.0,9.281930000000001,34.6087,34.9845
3118002.0,9.362219999999999,34.6688,39.6326
3126002.0,8.78857,34.5388,45.1326
3134002.0,8.80959,34.0506,0.668669
3142002.0,8.86839,34.4721,4.7521
3150002.0,9.17625,34.3067,7.9096
3158002.0,12.2858,33.3996,10.8887
3166002.0,8.264389999999999,35.9053,13.0754
3174002.0,8.48536,35.7748,15.2106
3182002.0,9.1925,36.2815,20.824
3190002.0,10.9883,36.2498,24.7396
3198002.0,11.8166,36.2627,29.7606
3206002.0,13.4336,36.1412,33.5769
3214002.0,14.3121,36.2609,37.266
3222002.0,16.0081,36.5374,42.2159
3230002.0,17.4722,36.4246,46.9208
3238002.0,18.9959,36.1327,2.0225400000000002
3246002.0,19.8426,36.1447,6.0277400000000005
3254002.0,21.0234,35.8407,9.24174
3262002.0,21.9069,35.6498,12.4102
3270002.0,21.8339,35.6537,17.2527
3278002.0,22.4825,35.5646,20.7594
3286002.0,22.7925,35.6014,24.0773
3294002.0,23.164,35.3963,27.17
3302002.0,23.9011,35.887,32.1955
3310002.0,24.546999999999997,36.0034,35.3216
3318002.0,25.0781,36.4434,39.7994
3326002.0,26.1986,35.9536,43.9901
3334002.0,27.2184,36.1857,48.6766
3342002.0,27.996,36.3785,3.78559
3350002.0,28.6931,36.3063,8.17327
3358002.0,30.6898,36.3457,12.4473
3366002.0,33.6557,36.2608,17.6037
3374002.0,34.6309,35.9535,22.8261
3382002.0,36.1709,35.7925,27.6018
3390002.0,38.2576,35.3177,31.2689
3398002.0,38.9732,36.2603,36.5798
3406002.0,40.2274,36.1942,40.9258
3414002.0,42.9379,36.3293,45.9745
3422002.0,45.3278,36.3423,0.6569010000000001
3430002.0,47.0879,36.7439,5.09614
3438002.0,47.7648,36.8839,9.57925
3446002.0,47.7486,36.8679,13.6791
3454002.0,48.3884,36.8103,18.0742
3462002.0,48.508,36.8939,22.5017
3470002.0,47.7251,37.0032,27.3357
3478002.0,47.7865,37.0557,32.0836
3486002.0,47.9495,37.2003,36.2749
3494002.0,47.8859,37.4789,40.9265
3502002.0,47.5899,37.7844,45.7277
3510002.0,47.5765,37.7969,1.12256
3518002.0,47.5133,37.9081,5.80509
3526002.0,47.7265,38.5575,10.4293
3534002.0,48.1286,38.6589,15.1994
3542002.0,48.3642,38.6912,19.9404
3550002.0,49.0197,38.8962,25.1083
3558002.0,48.7905,40.0168,30.046999999999997
3566002.0,49.1942,40.3867,34.9569
3574002.0,0.049756199999999993,40.6509,40.0854
3582002.0,0.5364979999999999,40.6118,45.1776
3590002.0,0.9080219999999999,40.5955,0.562339
3598002.0,1.13278,40.4229,5.59281
3606002.0,1.33409,40.3818,10.2504
3614002.0,1.6908599999999998,40.5407,14.5403
3622002.0,1.6927299999999998,40.8048,18.9856
3630002.0,1.69612,40.9899,23.6144
3638002.0,1.81607,40.9978,28.6042
3646002.0,1.7497599999999998,41.133,33.4797
3654002.0,2.21218,41.1468,38.3261
3662002.0,2.3077900000000002,41.1321,43.451
3670002.0,2.4456599999999997,41.0781,48.1331
3678002.0,2.68178,41.3321,3.80551
3686002.0,3.5119800000000003,41.5794,9.150830000000001
3694002.0,3.78456,41.7306,14.2616
3702002.0,4.23404,41.5738,19.2522
3710002.0,4.43246,41.51,23.8868
3718002.0,4.6666,41.3924,28.9793
3726002.0,5.17606,41.2146,33.76
3734002.0,4.79606,41.3863,38.7038
3742002.0,5.01365,41.0988,43.7666
3750002.0,5.187930000000001,41.5412,48.7702
3758002.0,6.74478,40.9794,4.21185
3766002.0,8.48063,41.1818,8.6638
3774002.0,8.99029,40.6393,13.5621
3782002.0,9.85249,40.1082,17.8676
3790002.0,10.3651,40.0233,22.7945
3798002.0,10.5793,40.1455,27.4359
3806002.0,11.0787,40.0747,31.6879
3814002.0,12.8409,40.2833,36.0858
3822002.0,14.3613,40.2971,40.4062
3830002.0,14.9413,40.4106,45.1314
3838002.0,15.1125,40.3834,0.742135
3846002.0,15.2668,40.3057,5.68427
3854002.0,15.4019,40.5268,10.6322
3862002.0,15.8426,40.7154,15.4217
3870002.0,16.3683,40.501999999999995,20.5275
3878002.0,17.0018,40.3884,26.1042
3886002.0,17.3322,40.4776,31.0253
3894002.0,17.8112,40.6316,35.9403
3902002.0,18.3847,40.641,40.774
3910002.0,19.1252,40.6187,45.8966
3918002.0,20.2579,40.7797,1.5720299999999998
3926002.0,21.2244,41.1614,6.23909
3934002.0,22.0472,40.7046,10.8299
3942002.0,22.5808,40.591,15.8742
3950002.0,23.7851,40.8609,20.7885
3958002.0,24.0365,40.9184,25.9561
3966002.0,24.0971,40.8243,30.3646
3974002.0,24.6542,40.8054,35.1373
3982002.0,24.6831,40.8188,39.5018
3990002.0,24.371,41.0362,44.4742
3998002.0,24.858,41.071000000000005,48.911
4006002.0,25.6826,41.0866,4.29876
4014002.0,26.0872,41.1299,9.25733
4022002.0,25.8093,41.0895,13.9887
4030002.0,25.7316,41.1512,18.9354
4038002.0,25.8314,41.2022,23.1619
4046002.0,26.9353,41.3631,27.4198
4054002.0,26.566999999999997,41.3152,32.2356
4062002.0,28.0299,41.6069,37.1943
4070002.0,28.6477,41.0002,41.2022
4078002.0,28.5348,40.5221,45.6922
4086002.0,29.1722,41.0944,0.9874059999999999
4094002.0,30.0009,41.1116,4.863519999999999
4102002.0,30.1489,40.8652,9.43062
4110002.0,30.5694,40.7762,13.7352
4118002.0,31.2344,40.8314,18.5052
4126002.0,31.3509,41.0907,23.8613
4134002.0,31.3181,41.2482,28.0
4142002.0,32.5292,41.6392,33.4845
4150002.0,32.3976,41.2634,39.4494
4158002.0,32.5587,41.769,44.3841
4166002.0,32.936,41.8053,48.7175
4174002.0,33.5856,41.3434,3.8569400000000003
4182002.0,33.9481,41.2019,8.41438
4190002.0,34.4736,41.5494,13.568
4198002.0,34.3559,41.409,18.2796
4206002.0,34.4226,41.0985,23.0646
4214002.0,34.9825,41.001000000000005,27.704
4222002.0,35.4767,40.6548,32.7543
4230002.0,36.1919,40.494,37.4593
4238002.0,37.2492,40.4292,42.3064
4246002.0,38.004,40.6164,46.8817
4254002.0,38.0184,41.089,2.97458
4262002.0,38.8302,41.3514,8.532119999999999
4270002.0,39.0338,41.2719,12.7662
4278002.0,40.1529,41.3308,18.0939
4286002.0,40.32,40.8373,22.6731
4294002.0,40.995,40.9097,27.0378
4302002.0,41.4497,41.0214,31.9018
4310002.0,41.9082,40.8357,36.7889
4318002.0,42.0444,40.7816,41.506
4326002.0,42.637,40.7437,46.5667
4334002.0,43.9517,39.9079,1.1079999999999999
4342002.0,44.126000000000005,39.2891,5.59861
4350002.0,44.4212,39.9297,10.6682
4358002.0,44.3268,39.5438,14.9133
4366002.0,44.2942,39.9281,19.2284
4374002.0,45.0389,40.1836,23.5434
4382002.0,45.0954,39.9725,27.6633
4390002.0,45.3365,39.659,32.8532
4398002.0,45.3961,39.6169,38.89
4406002.0,45.7529,39.461,43.7946
4414002.0,45.7394,40.0101,48.8146
4422002.0,45.9044,39.6567,3.7835199999999998
4430002.0,46.0185,39.3183,8.555819999999999
4438002.0,46.1426,39.2277,13.4575
4446002.0,46.5117,39.3723,17.6428
4454002.0,46.4094,39.1397,22.3902
4462002.0,46.5438,39.052,27.0387
4470002.0,47.7292,39.9158,32.4931
4478002.0,48.5641,39.7511,36.1697
4486002.0,0.48568100000000003,40.0713,40.308
4494002.0,0.532085,40.3071,45.5847
4502002.0,1.01742,40.2415,0.987159
4510002.0,0.476245,40.9352,5.92655
4518002.0,0.27199,40.8927,9.251339999999999
4526002.0,0.630458,41.162,14.207
4534002.0,1.9477200000000001,40.7061,18.7528
4542002.0,2.91335,40.56,23.6987
4550002.0,3.49055,40.6708,27.9418
4558002.0,3.9043400000000004,41.303999999999995,32.8422
4566002.0,4.12447,41.3846,37.835
4574002.0,5.44728,42.4147,42.9305
4582002.0,6.13195,43.0882,48.0519
4590002.0,8.08987,43.0036,3.07393
4598002.0,9.48279,43.2351,8.34887
4606002.0,10.7475,43.3193,12.9687
4614002.0,10.9584,42.7514,17.5441
4622002.0,10.5978,42.312,22.0332
4630002.0,10.9492,42.3952,26.3515
4638002.0,11.2652,42.3527,29.9134
4646002.0,11.4605,42.2995,34.3407
4654002.0,11.5897,42.0272,38.6172
4662002.0,12.5487,42.0864,43.5372
4670002.0,12.9641,42.5324,48.7039
4678002.0,13.1939,42.2562,4.35735
4686002.0,13.9397,42.3492,8.81671
4694002.0,14.7657,42.1622,13.3483
4702002.0,15.8341,41.9983,17.5653
4710002.0,16.7784,41.7768,21.6897
4718002.0,17.7182,41.43600000000001,26.1308
4726002.0,17.9639,41.1332,30.6232
4734002.0,18.8817,41.423,34.6488
4742002.0,19.1872,41.7926,39.1777
4750002.0,19.5281,41.9463,43.9145
4758002.0,19.2409,42.0966,47.8917
4760002.0,19.349,41.9214,48.6136
4768002.0,20.2044,42.1269,4.40071
4776002.0,21.4034,41.7974,8.0804
4784002.0,23.215999999999998,42.0814,12.8745
4792002.0,23.7314,41.7553,17.1496
4800002.0,23.9888,41.6123,21.6511
4808002.0,24.3461,41.7059,26.2179
4816002.0,26.6902,41.9972,30.4386
4824002.0,28.7634,41.8206,34.8812
4832002.0,30.7302,41.2984,39.1923
4840002.0,32.0562,41.1341,44.0431
4848002.0,33.4755,40.7404,48.1918
4856002.0,35.8325,40.7393,3.2759099999999997
4864002.0,35.3539,40.4146,8.53888
4872002.0,38.6516,40.6226,12.4633
4880002.0,37.9042,40.3335,16.8587
4888002.0,38.329,40.1126,21.3723
4896002.0,41.047,40.7203,26.7446
4904002.0,43.5437,40.4969,30.9532
4912002.0,44.5004,41.0145,35.2839
4920002.0,46.8428,40.5747,39.8926
4928002.0,49.0225,40.1307,44.7033
4936002.0,0.285773,39.8673,0.263594
4944002.0,0.289539,39.9747,3.59121
4952002.0,1.5265,40.4402,7.503660000000001
4960002.0,1.8192,40.2274,12.1649
4968002.0,2.48789,40.0517,16.9638
4976002.0,3.18755,40.1116,21.3954
4984002.0,4.4430000000000005,39.8909,26.3288
4992002.0,6.31714,39.4071,29.5122
5000002.0,7.36302,39.4109,34.505
5008002.0,8.3206,39.3823,39.1639
5016002.0,8.96988,39.4328,42.8266
5024002.0,9.58469,39.461,47.097
5032002.0,11.3136,39.508,2.55845
5040002.0,12.8438,39.0215,7.58943
5048002.0,13.4135,39.5927,11.4105
5056002.0,14.4353,39.9159,15.8203
5064002.0,16.8107,39.4878,19.8603
5072002.0,17.6069,39.1797,23.7044
5080002.0,19.1064,39.4026,28.9585
5088002.0,19.6053,39.2802,33.9005
5096002.0,21.7968,39.4878,38.1299
5104002.0,22.0488,39.4116,42.9872
5112002.0,22.7487,39.2153,46.94
5120002.0,24.1896,38.9691,3.3551300000000004
5128002.0,25.2112,38.7145,7.99478
5136002.0,25.5149,38.5809,13.0203
5144002.0,26.5153,38.6045,18.9207
5152002.0,26.6388,38.8546,23.6774
5160002.0,27.3587,38.8246,29.5712
5168002.0,28.4171,38.1555,35.5114
5176002.0,29.4942,37.9475,40.7331
5184002.0,29.3548,38.0403,45.0887
5192002.0,30.4198,37.5345,0.345415
5200002.0,32.265,38.3664,5.62016
5208002.0,32.4106,38.1722,8.38527
5216002.0,33.6355,37.9208,13.5934
5224002.0,34.891,38.1539,17.6711
5232002.0,35.953,38.7837,23.538
5240002.0,36.5508,38.8309,28.6812
5248002.0,37.2252,39.1038,32.8977
5256002.0,37.2006,39.2958,36.9535
5264002.0,38.1972,39.5917,41.5301
5272002.0,38.7515,39.575,45.7114
5280002.0,40.1156,40.0275,1.55663
5288002.0,40.8853,40.2734,6.38814
5296002.0,41.7309,40.6626,10.8908
5304002.0,42.2717,40.8807,15.9074
5312002.0,43.7271,40.775,20.2769
5320002.0,44.1871,40.9522,25.6992
5328002.0,44.7261,41.0892,29.8151
5336002.0,45.5614,41.4652,34.2119
5344002.0,47.0212,41.7249,37.7843
5352002.0,47.2941,42.0164,42.1619
5360002.0,47.6209,42.2176,45.2189
5368002.0,48.1024,42.0349,0.468657
5376002.0,48.3885,42.0538,4.9347900000000005
5384002.0,0.63359,41.8974,10.0703
5392002.0,0.683708,41.7588,14.4534
5400002.0,0.869706,41.8485,19.0592
5408002.0,0.767683,42.1352,23.4325
5416002.0,1.83752,42.1061,28.3342
5424002.0,1.72022,42.6375,32.5734
5432002.0,2.4447900000000002,42.7344,37.2412
5440002.0,3.16857,42.7264,41.3016
5448002.0,3.3711900000000004,42.7156,45.4068
5456002.0,3.49341,42.621,0.39511
5464002.0,3.5781400000000003,42.3254,5.3416
5472002.0,3.38385,41.8827,10.4219
5480002.0,3.63615,41.7752,14.5538
5488002.0,4.16156,41.2926,18.5111
5496002.0,5.18858,41.4871,22.6928
5504002.0,5.6725900000000005,41.1839,27.6437
5512002.0,6.248469999999999,41.6212,32.4119
5520002.0,6.998460000000001,41.7698,37.2679
5528002.0,7.81446,41.888000000000005,41.7127
5536002.0,8.4063,41.2804,46.5884
5544002.0,8.81841,41.4205,2.12995
5552002.0,9.44083,41.2709,6.969869999999999
5560002.0,9.747810000000001,40.9525,11.5608
5568002.0,10.794,40.9263,16.3238
5576002.0,11.4923,40.5703,20.621
5584002.0,12.0197,40.552,25.4018
5592002.0,12.8454,40.9302,30.3769
5600002.0,12.9746,40.9846,35.4049
5608002.0,13.2808,41.0466,39.9781
5616002.0,13.8821,41.1476,44.6497
5624002.0,14.0624,40.7797,49.2286
5632002.0,14.9091,40.7495,4.71191
5640002.0,16.4705,40.6683,9.9019
5648002.0,17.3071,40.9691,15.0688
5656002.0,17.8784,41.1016,19.8111
5664002.0,17.9233,40.8988,24.8879
5672002.0,18.6278,41.0659,29.4258
5680002.0,18.9931,40.8989,34.084
5688002.0,19.5912,41.1942,37.8687
5696002.0,20.0835,41.0836,41.8067
5704002.0,20.3514,41.288000000000004,46.375
5712002.0,20.9062,41.1401,1.4156
5720002.0,20.9433,40.8458,6.49761
5728002.0,20.3602,40.9501,11.5999
5736002.0,20.6622,40.7674,16.6721
5744002.0,20.6098,40.9913,21.3788
5752002.0,20.5902,40.9876,26.1183
5760002.0,21.1643,41.1023,30.4968
5768002.0,23.0563,41.9389,34.4655
5776002.0,24.1729,42.0666,39.0571
5784002.0,24.3897,42.3354,44.152
5792002.0,25.134,42.4382,48.8908
5800002.0,25.6946,42.5265,4.47818
5808002.0,26.6811,42.2044,9.3786
5816002.0,28.0395,42.2603,14.607000000000001
5824002.0,28.5065,42.4059,18.9737
5832002.0,28.9277,42.144,23.4799
5840002.0,29.9713,41.9412,28.5772
5848002.0,31.3088,41.9746,32.9545
5856002.0,31.9798,42.3433,37.8591
5864002.0,33.361,42.7417,41.4628
5872002.0,33.7761,42.7926,45.6116
5880002.0,34.2715,42.5509,0.9946459999999999
5888002.0,35.1974,42.3665,6.31656
5896002.0,35.5712,42.2396,10.907
5904002.0,36.5118,41.5603,15.4919
5912002.0,36.4942,41.3891,20.1276
5920002.0,36.6359,41.4403,25.1037
5928002.0,36.9236,41.5232,30.3428
5936002.0,37.2991,41.6799,35.1643
5944002.0,37.3877,42.1201,40.1403
5952002.0,37.2573,42.3582,44.8938
5960002.0,37.495,42.7205,49.4055
5968002.0,37.8572,42.6456,4.59607
5976002.0,37.8106,42.8288,9.470360000000001
5984002.0,38.0331,42.9545,14.3238
5992002.0,38.0908,43.0395,19.2801
6000002.0,38.2132,42.8411,24.3145
6008002.0,38.1658,43.0631,28.7626
6016002.0,38.5575,42.8766,33.0602
6024002.0,38.9336,42.7588,38.1099
6032002.0,39.1954,42.8858,43.1641
6040002.0,39.5529,43.3204,47.2162
6048002.0,39.7237,43.2854,2.5909
6056002.0,39.9233,43.3229,6.73555
6064002.0,40.7028,43.1288,11.8714
6072002.0,40.6913,42.8562,17.2188
6080002.0,40.727,43.1819,21.9117
6088002.0,41.4706,42.9991,26.6241
6096002.0,42.3967,42.7502,31.6783
6104002.0,42.6144,42.8455,36.256
6112002.0,43.1639,42.5948,40.8628
6120002.0,43.391000000000005,42.5592,45.6037
6128002.0,43.4815,42.5166,1.03896
6136002.0,43.166000000000004,42.8776,6.04681
6144002.0,43.3084,43.0444,11.0557
6152002.0,43.3733,43.1625,15.9226
6160002.0,43.7141,43.2402,20.4485
6168002.0,43.8241,43.4251,25.5865
6176002.0,43.9676,43.474,30.5324
6184002.0,43.9444,43.525,35.1527
6192002.0,43.853,43.5651,39.7725
6200002.0,44.3984,43.3664,44.3595
6208002.0,45.1363,43.2578,49.2199
6216002.0,45.1555,43.2184,4.40914
6224002.0,45.5718,42.9377,9.35505
6232002.0,46.2017,42.8377,14.255
6240002.0,46.6698,42.5962,19.4058
6248002.0,47.7888,42.855,24.4651
6256002.0,48.6216,42.9379,29.1333
6264002.0,49.2326,42.9076,33.8169
6272002.0,49.4255,43.1291,38.0516
6280002.0,0.27814,42.7164,43.2245
6288002.0,0.178982,43.1649,47.7057
6296002.0,0.868382,43.0269,3.12595
6304002.0,1.67082,42.8906,7.9434
6312002.0,3.1930099999999997,42.7686,12.9027
6320002.0,4.22267,42.31100000000001,17.544
6328002.0,5.2624699999999995,42.1163,22.331
6336002.0,5.17039,42.4333,27.096999999999998
6344002.0,5.07877,42.2403,31.8919
6352002.0,5.018619999999999,42.187,36.7526
6360002.0,5.34836,42.2198,41.354
6368002.0,5.1882,42.015,46.5535
6376002.0,4.92926,42.0082,2.1288400000000003
6384002.0,4.700419999999999,41.8796,7.1665600000000005
6392002.0,4.62047,41.7952,11.7383
6400002.0,4.42655,42.0062,16.8885
6408002.0,4.845940000000001,41.8384,21.523000000000003
6416002.0,5.13387,41.6223,26.3695
6424002.0,5.18371,41.7385,30.8254
6432002.0,5.42212,41.8367,35.4958
6440002.0,5.27864,41.6195,39.7422
6448002.0,5.43951,41.6362,44.5498
6456002.0,5.9983,41.6625,49.2211
6464002.0,7.301019999999999,41.5193,4.46724
6472002.0,7.95907,41.7268,10.1715
6480002.0,8.47204,41.7998,15.1695
6488002.0,8.68557,41.9665,19.4264
6496002.0,8.496139999999999,42.2437,23.5673
6504002.0,9.18709,42.4786,28.3676
6512002.0,9.68632,42.2912,32.79
6520002.0,10.1227,42.6189,37.2099
6528002.0,10.0498,42.6739,41.9461
6536002.0,10.3522,42.5999,46.8075
6544002.0,10.9717,42.4727,1.8842400000000001
6552002.0,11.0272,42.8184,6.30211
6560002.0,11.5238,42.5513,11.9627
6568002.0,12.2742,42.5261,16.4366
6576002.0,13.2521,42.4867,20.8657
6584002.0,13.9331,42.53,25.4886
6592002.0,14.7424,42.3945,31.046
6600002.0,16.1461,42.3784,36.1041
6608002.0,16.7424,42.465,40.391
6616002.0,18.5785,42.4496,44.303999999999995
6624002.0,21.272,42.885,47.8193
6632002.0,23.2034,43.2659,3.56
6640002.0,23.9438,43.4435,9.14892
6648002.0,24.9208,43.5712,13.8934
6656002.0,25.9083,43.6455,18.6092
6664002.0,26.8328,43.5633,22.7671
6672002.0,28.6886,43.6441,27.7131
6680002.0,29.5683,43.8846,32.7221
6688002.0,29.9629,43.8617,37.4272
6696002.0,31.1609,43.8513,41.6717
6704002.0,32.5035,44.0007,47.0481
6712002.0,33.3324,43.9029,1.7532400000000001
6720002.0,34.9649,43.6711,6.11399
6728002.0,35.6033,43.8676,11.0173
6736002.0,36.1566,43.9496,15.3609
6744002.0,35.8416,44.0193,20.1155
6752002.0,37.024,44.111999999999995,25.6553
6760002.0,37.4458,44.1821,30.6914
6768002.0,37.4474,44.1128,35.5924
6776002.0,37.2948,44.0371,40.4702
6784002.0,37.6908,43.8589,44.8939
6792002.0,38.9687,43.3419,0.419421
6800002.0,39.0492,43.0816,4.32674
6808002.0,39.0379,43.0231,8.53629
6816002.0,39.3076,43.0016,13.1135
6824002.0,40.6371,42.6882,17.8409
6832002.0,41.8357,42.1242,21.7084
6840002.0,41.7198,40.8234,26.5786
6848002.0,41.8753,41.0197,31.346999999999998
6856002.0,42.9262,39.9764,36.2892
6864002.0,43.8526,39.5929,40.4934
6872002.0,43.773999999999994,39.8311,44.518
6880002.0,44.4152,40.7882,48.8838
6888002.0,45.0294,40.7742,4.36435
6896002.0,46.0605,40.7385,9.60922
6904002.0,47.2554,40.6365,14.9442
6912002.0,49.3852,40.6404,20.8376
6920002.0,0.9265329999999999,40.7918,25.6768
6928002.0,2.52603,40.8701,30.8451
6936002.0,2.89624,41.0503,35.1907
6944002.0,4.64695,40.9269,39.7085
6952002.0,6.79144,41.0382,44.1337
6960002.0,8.595419999999999,40.8985,47.7065
6968002.0,9.60849,40.8602,1.37574
6976002.0,11.0018,40.9658,5.963430000000001
6984002.0,11.3139,40.9253,10.7451
6992002.0,12.5163,40.7819,15.3979
7000002.0,13.3876,40.9744,19.3901
7008002.0,14.2979,40.8468,24.195999999999998
7016002.0,15.3454,40.3568,28.3264
7024002.0,15.3652,40.8561,32.7665
7032002.0,16.1961,40.5558,36.5867
7040002.0,16.7998,40.5549,40.3495
7048002.0,17.0768,40.411,45.0716
7056002.0,18.637,40.0109,49.3998
7064002.0,21.0533,39.5898,4.20825
7072002.0,22.4652,39.4135,8.12681
7080002.0,22.8867,39.5471,12.4711
7088002.0,22.6685,39.5306,17.6204
7096002.0,22.366999999999997,39.3449,22.0332
7104002.0,23.0459,39.2773,25.8345
7112002.0,23.2388,39.6288,30.5206
7120002.0,24.7494,39.6871,35.7513
7128002.0,25.203000000000003,39.5462,40.5387
7136002.0,25.9624,39.9888,45.1357
7144002.0,25.9573,39.853,0.347581
7152002.0,26.1899,39.7223,5.5688
7160002.0,27.2542,39.5584,11.1891
7168002.0,27.6441,39.7965,16.0297
7176002.0,28.4222,39.9697,21.0941
7184002.0,29.6809,40.0091,25.1501
7192002.0,29.4087,40.3942,29.7788
7200002.0,31.0846,40.3204,35.0415
7204002.0,30.6924,40.3499,37.4401
7212002.0,32.4292,40.2288,42.3687
7220002.0,32.8091,39.8091,46.3372
7228002.0,32.9007,39.6764,1.91684
7236002.0,33.6898,39.7769,6.44434
7244002.0,33.8049,39.6423,11.3989
7252002.0,33.8853,39.4297,16.0443
7260002.0,34.1428,39.3573,20.5943
7268002.0,34.1569,39.5675,26.0485
7276002.0,35.3289,39.2922,30.7266
7284002.0,35.2624,39.2343,36.0252
7292002.0,35.7262,39.0662,40.7208
7300002.0,36.5281,39.1912,45.2729
7308002.0,37.2115,38.9562,0.8256040000000001
7316002.0,37.4507,39.2087,4.85917
7324002.0,37.3673,39.1913,9.3808
7332002.0,37.6043,39.2054,14.1228
7340002.0,37.8092,39.3958,18.3976
7348002.0,38.0623,38.9048,22.3477
7356002.0,37.9853,38.9974,25.6717
7364002.0,38.5636,38.7721,29.7522
7372002.0,38.8691,38.8544,34.1589
7380002.0,39.115,38.5839,38.0813
7388002.0,38.9624,38.6401,42.8962
7396002.0,39.4078,38.823,47.3097
7404002.0,39.8066,39.187,2.6484099999999997
7412002.0,40.4021,39.243,6.7495899999999995
7420002.0,40.4268,39.2508,11.3797
7428002.0,40.6425,39.2784,15.7298
7436002.0,40.5017,39.2102,20.0535
7444002.0,40.6613,39.2249,24.7901
7452002.0,41.0527,39.2334,29.7554
7460002.0,41.1356,39.0675,34.3435
7468002.0,41.4235,39.1476,39.3888
7476002.0,41.3847,39.3713,43.5993
7484002.0,41.4563,39.3282,48.111000000000004
7492002.0,42.0334,39.304,3.47195
7500002.0,42.332,39.2472,8.42694
7508002.0,42.8171,39.4469,12.4842
7516002.0,42.8116,39.6395,17.4868
7524002.0,42.8399,39.2984,22.249000000000002
7532002.0,42.8217,39.4285,26.8456
7540002.0,43.0891,39.0347,31.5189
7548002.0,42.9823,39.1811,35.0939
7556002.0,43.0203,39.3737,40.086
7564002.0,43.3508,39.5157,44.2452
7572002.0,43.5315,39.6769,48.6985
7580002.0,43.2227,39.811,3.84061
7588002.0,42.9942,39.9068,8.56438
7596002.0,43.2008,39.9771,12.8855
7604002.0,43.7856,40.0889,17.3541
7612002.0,44.1878,39.9669,22.2678
7620002.0,44.4938,39.8622,26.9605
7628002.0,44.4663,40.3556,31.0362
7636002.0,44.9485,40.4764,35.3974
7644002.0,45.2309,40.7386,40.0891
7652002.0,45.4193,40.7982,44.20399999999999
7660002.0,45.6841,41.2041,48.9109
7668002.0,46.9467,41.6319,4.61824
7676002.0,47.3303,41.6121,9.52275
7684002.0,47.625,41.6535,14.347000000000001
7692002.0,48.666000000000004,42.2461,19.444000000000003
7700002.0,48.9432,42.7228,24.0759
7708002.0,48.9179,42.7874,28.6698
7716002.0,49.0643,43.0077,33.43
7724002.0,49.4007,43.0812,38.0415
7732002.0,0.9987659999999999,43.2526,42.8457
7740002.0,1.8861,43.7588,48.0263
7748002.0,2.3405299999999998,43.4352,3.57237
7756002.0,2.66443,43.6966,8.63443
7764002.0,2.7662299999999997,43.4922,13.5921
7772002.0,2.67518,43.45,18.4784
7780002.0,2.33817,43.5694,23.4309
7788002.0,2.3868,43.5362,28.4972
7796002.0,2.58027,43.4596,33.5483
7804002.0,2.72952,43.5044,38.5172
7812002.0,2.9477900000000004,43.7209,43.0392
7820002.0,3.5078199999999997,43.6204,48.0707
7828002.0,4.9408199999999995,43.5505,4.40014
7836002.0,5.25902,43.5119,9.560939999999999
7844002.0,5.55512,43.5488,14.1207
7852002.0,5.367430000000001,43.5092,19.1359
7860002.0,5.785480000000001,43.328,24.176
7868002.0,6.0823599999999995,43.4016,29.2712
7876002.0,6.53421,43.3634,34.2541
7884002.0,7.29162,42.7508,38.8175
7892002.0,8.32884,42.803999999999995,43.6577
7900002.0,8.8014,42.6255,48.3952
7908002.0,9.40904,43.1148,3.9199599999999997
7916002.0,9.08338,42.8797,8.292689999999999
7924002.0,9.21076,42.978,13.2217
7932002.0,9.303889999999999,42.7751,17.5106
7940002.0,9.21848,42.7589,22.1457
7948002.0,9.19855,42.6018,26.5943
7956002.0,9.37539,42.6123,31.0002
7964002.0,9.50146,42.553000000000004,36.075
7972002.0,9.28852,42.4,41.0453
7980002.0,8.89401,42.4686,45.7361
7988002.0,9.14875,42.2779,0.9069280000000001
7996002.0,9.04111,42.5234,5.21565
