2.0,30.7954,2.7723299999999997,9.45374
8002.0,32.3056,2.78837,9.23652
16002.0,32.9828,3.45204,9.660169999999999
24002.0,32.6626,4.03981,10.0571
32002.0,30.4394,4.52995,8.60313
40002.0,33.4702,6.17735,4.7459
48002.0,37.1846,3.2837,9.67121
56002.0,37.2975,3.21522,11.0076
64002.0,37.1386,3.1568400000000003,11.7414
72002.0,37.073,3.04622,12.9943
80002.0,37.0881,3.00089,13.6981
88002.0,37.3901,3.08605,15.1366
96002.0,37.7275,2.96217,16.2956
104002.0,38.2209,2.8523400000000003,17.2654
112002.0,38.3874,3.01689,17.7216
120002.0,38.106,2.94768,17.9046
128002.0,38.2254,2.80177,18.5515
136002.0,38.5682,2.71563,19.1344
144002.0,38.5328,2.72546,19.6062
152002.0,38.736,2.7697599999999998,19.8332
160002.0,40.0745,2.6027099999999996,20.4296
168002.0,40.1514,2.71938,21.0363
176002.0,40.306999999999995,2.74165,21.8308
184002.0,40.4615,2.95877,22.8784
192002.0,40.5934,3.18315,23.3363
200002.0,40.4964,3.26599,24.178
208002.0,40.6831,3.48296,25.1623
216002.0,40.879,3.95157,26.2494
224002.0,40.8723,3.9715599999999998,27.8851
232002.0,40.8828,4.14202,29.5768
240002.0,41.4717,4.280959999999999,30.5648
248002.0,41.7698,4.22497,31.5785
256002.0,42.4765,3.76065,32.9361
264002.0,43.023999999999994,3.51344,33.7679
272002.0,43.9981,3.4168,34.7164
280002.0,44.48,3.54218,35.9938
288002.0,45.3337,3.78042,37.2047
296002.0,45.7673,3.79799,39.0659
304002.0,46.3721,3.8684199999999995,40.1063
312002.0,46.9286,4.33099,41.3511
320002.0,48.1181,4.41045,42.7342
328002.0,49.3404,4.61522,44.2745
336002.0,0.758706,4.60153,45.7216
344002.0,1.30324,4.53854,47.1194
352002.0,1.78752,4.29628,48.1687
360002.0,2.78788,4.27356,49.4804
368002.0,4.2182900000000005,4.33941,0.780684
376002.0,4.33707,4.29205,1.56331
384002.0,4.55464,4.43475,2.1400799999999998
392002.0,4.9468,4.56559,3.85526
400002.0,4.97726,4.72856,5.56395
408002.0,4.8320300000000005,5.42165,7.23795
416002.0,4.8270599999999995,5.25183,8.05207
424002.0,5.52228,5.2329300000000005,9.46995
432002.0,5.83666,5.62099,10.9056
440002.0,6.08485,5.597980000000001,12.6096
448002.0,6.2223,5.44511,14.395
456002.0,6.30435,5.507709999999999,15.1703
464002.0,5.8966199999999995,5.41255,15.6174
472002.0,7.0384899999999995,5.53065,18.2448
480002.0,7.8667300000000004,5.5935,19.3134
488002.0,8.3702,5.68429,20.1217
496002.0,10.1931,6.1124,22.0251
504002.0,9.73675,6.42149,24.0088
512002.0,10.342,7.56566,26.3566
520002.0,11.4416,7.68605,27.0244
528002.0,12.2385,7.82154,29.2535
536002.0,12.14,7.847580000000001,30.044
544002.0,13.4809,7.9629,31.5664
552002.0,14.5863,8.19779,32.5408
560002.0,15.5527,8.49502,33.794000000000004
568002.0,15.762,8.61556,35.1829
576002.0,15.9771,8.810789999999999,37.3146
584002.0,16.6178,8.71975,39.8124
592002.0,17.317,8.63769,41.4561
600002.0,17.8018,8.4041,43.7131
608002.0,18.1336,8.326939999999999,45.2667
616002.0,18.9438,8.2778,46.9244
624002.0,18.9433,8.47032,48.5911
632002.0,19.1427,8.78914,0.970583
640002.0,19.4699,9.082139999999999,2.28491
648002.0,19.8278,9.151580000000001,3.00319
656002.0,20.2851,9.13642,4.780959999999999
664002.0,20.4481,9.20081,6.022069999999999
672002.0,20.8341,9.39681,8.83917
680002.0,21.498,9.345989999999999,11.2524
688002.0,22.6348,8.91174,14.7343
696002.0,23.5805,8.978489999999999,15.8663
704002.0,23.795,8.96503,19.631
712002.0,24.326999999999998,8.56585,21.8725
720002.0,25.4364,8.4882,22.5744
728002.0,26.1235,8.60385,23.9334
736002.0,25.8985,8.840019999999999,24.6195
744002.0,26.072,8.85436,25.4744
752002.0,26.4792,9.2097,27.4416
760002.0,26.9638,8.9772,30.0058
768002.0,27.1032,8.47989,31.1935
776002.0,27.0864,7.83955,33.8338
784002.0,26.9337,8.15426,36.0276
792002.0,27.4984,8.22809,37.1617
800002.0,28.0859,7.85628,39.0985
808002.0,28.201999999999998,7.799589999999999,39.2732
816002.0,28.4688,7.6617,40.7554
824002.0,28.8458,7.758310000000001,42.1501
832002.0,29.5861,7.56858,44.0663
840002.0,29.3023,7.696219999999999,46.1109
848002.0,29.9417,7.907430000000001,47.7137
856002.0,32.2085,7.555280000000001,49.4055
864002.0,33.131,7.11678,1.30655
872002.0,32.3879,6.52369,2.7570900000000003
880002.0,32.6723,6.51489,4.37177
888002.0,33.6747,6.61706,5.8777
896002.0,35.1198,6.45003,7.625439999999999
904002.0,35.734,6.40724,9.01097
912002.0,36.891999999999996,6.4762,10.7755
920002.0,37.6632,6.81186,12.9695
928002.0,37.7816,6.738689999999999,14.385
936002.0,38.113,6.95402,14.9654
944002.0,38.4397,7.28752,15.5195
952002.0,39.5337,7.25915,17.0979
960002.0,40.1739,7.30761,18.1219
968002.0,41.1656,7.0644800000000005,19.5178
976002.0,42.3085,6.904139999999999,21.4642
984002.0,43.5323,7.17374,22.8761
992002.0,44.4347,7.10923,24.3345
1000002.0,45.3284,7.339230000000001,26.2825
1008002.0,46.5947,7.45299,28.0922
1016002.0,47.1111,7.8468100000000005,30.2884
1024002.0,48.0605,7.429639999999999,32.0709
1032002.0,48.4704,7.19895,32.7878
1040002.0,49.222,7.268,35.4712
1048002.0,48.9019,7.277989999999999,37.6324
1056002.0,48.9792,7.41153,39.3548
1064002.0,49.1647,7.052169999999999,41.7603
1072002.0,0.234031,7.300560000000001,44.3435
1080002.0,1.48959,7.36495,45.9814
1088002.0,2.06658,7.2927800000000005,48.3844
1096002.0,3.08419,7.407039999999999,0.94015
1104002.0,3.55315,7.07048,2.95898
1112002.0,3.82168,7.039219999999999,6.11649
1120002.0,4.59213,6.96747,8.252839999999999
1128002.0,4.990480000000001,6.9929,9.86235
1136002.0,5.52567,6.752260000000001,12.0752
1144002.0,6.58828,6.54743,14.3831
1152002.0,7.2212,6.46741,16.2835
1160002.0,7.43708,6.2522199999999994,17.62
1168002.0,7.4585300000000005,6.02955,18.4227
1176002.0,8.16383,5.84692,19.7326
1184002.0,7.78872,5.6809400000000005,21.1833
1192002.0,7.32251,5.61266,21.8456
1200002.0,7.926760000000001,5.37028,22.372
1208002.0,8.76063,5.37766,23.9874
1216002.0,9.588330000000001,5.0003,24.9338
1224002.0,10.1986,4.75818,25.6574
1232002.0,10.5889,4.5948199999999995,26.7024
1240002.0,10.5502,4.165769999999999,27.5589
1248002.0,11.1405,4.588,28.8463
1256002.0,11.8097,5.05906,29.7527
1264002.0,13.1218,5.15864,31.2008
1272002.0,14.3174,5.40969,33.2884
1280002.0,14.9146,5.70301,35.2878
1288002.0,15.4149,5.58453,36.3558
1296002.0,15.366,5.5780199999999995,38.4396
1304002.0,17.0406,5.666,39.7013
1312002.0,17.5703,5.96047,42.9812
1320002.0,18.7183,5.860519999999999,44.9986
1328002.0,19.1246,5.86499,46.8876
1336002.0,19.0928,5.82575,48.5873
1344002.0,19.0361,5.971480000000001,0.0801769
1352002.0,19.6852,6.29965,1.8805599999999998
1360002.0,20.0414,6.44434,3.7712800000000004
1368002.0,21.2511,6.579439999999999,4.8948
1376002.0,22.0145,6.80249,6.53273
1384002.0,22.834,7.01923,7.82268
1392002.0,23.5026,7.1099,8.92595
1400002.0,24.7597,6.9796,10.8025
1408002.0,25.5451,6.6699399999999995,11.7796
1416002.0,25.2636,6.64963,13.328
1424002.0,25.328000000000003,6.49059,15.2055
1432002.0,25.3879,6.11217,17.4555
1440002.0,26.7083,6.02093,19.7216
1448002.0,26.7957,6.30526,20.9464
1456002.0,28.1745,6.23102,22.311999999999998
1464002.0,28.7377,5.9518699999999995,23.4516
1472002.0,30.0454,5.91301,25.4553
1480002.0,30.1772,5.57995,26.7967
1488002.0,31.1957,5.39865,28.7969
1496002.0,31.2448,5.69498,29.8299
1504002.0,32.5758,6.2618,31.2381
1512002.0,35.9352,7.62275,32.8729
1520002.0,35.568000000000005,5.27811,32.3249
1528002.0,34.4556,6.20911,35.5407
1536002.0,33.7335,6.91983,35.9413
1544002.0,33.7784,6.973,37.0087
1552002.0,35.3042,6.58944,37.2466
1560002.0,35.3401,6.87807,39.6164
1568002.0,36.2667,7.0536,41.2114
1576002.0,36.899,7.02013,43.0716
1584002.0,37.5678,7.20995,45.8889
1592002.0,37.0808,7.265339999999999,46.9286
1600002.0,37.6799,7.559010000000001,0.308913
1608002.0,36.6697,7.737539999999999,2.27358
1616002.0,36.7858,7.713939999999999,4.0805
1624002.0,36.9959,7.501710000000001,6.5785
1632002.0,36.6966,7.52758,8.02815
1640002.0,37.3544,7.855239999999999,9.87878
1648002.0,37.7934,8.11761,10.5228
1656002.0,38.5741,8.64461,12.3123
1664002.0,39.7295,8.72146,14.4658
1672002.0,40.2448,9.31225,15.7409
1680002.0,39.9013,9.650839999999999,18.1635
1688002.0,40.2729,9.844619999999999,20.4301
1696002.0,40.6979,9.829,22.8474
1704002.0,40.8571,9.93746,25.4766
1712002.0,40.647,10.4526,28.3048
1720002.0,41.2006,11.0953,30.2565
1728002.0,41.4635,11.1186,31.8957
1736002.0,41.3251,11.3546,33.4207
1744002.0,41.705,11.3029,36.1412
1752002.0,41.5156,11.2258,38.2202
1760002.0,41.8117,11.4888,40.8513
1768002.0,42.8301,12.2187,42.5824
1776002.0,43.5108,12.9671,45.8064
1784002.0,43.6895,13.3512,48.1902
1792002.0,43.7736,13.9255,0.728508
1800002.0,45.1095,13.7905,3.55196
1808002.0,46.3112,14.0729,5.65942
1816002.0,47.4805,13.9986,6.7774
1824002.0,47.5673,13.9324,9.51247
1832002.0,48.8434,14.3175,11.4228
1840002.0,1.6199299999999999,14.164000000000001,13.0233
1848002.0,1.52044,14.095,15.3971
1856002.0,2.1402,13.7702,17.003
1864002.0,2.43857,13.4054,18.6746
1872002.0,2.76725,13.8191,20.0775
1880002.0,3.0029,13.3434,22.27
1888002.0,3.9129300000000002,14.3225,24.193
1896002.0,4.5353,14.7766,26.7296
1904002.0,4.247809999999999,15.048,28.4577
1912002.0,4.69853,15.0896,30.9397
1920002.0,4.63399,14.9388,34.8236
1928002.0,5.74602,15.1097,37.7045
1936002.0,6.27104,15.2289,40.273
1944002.0,6.83754,15.4604,43.6294
1952002.0,7.79028,15.3685,46.5844
1960002.0,8.23405,15.6805,0.044313599999999995
1968002.0,9.35726,16.1226,2.2411
1976002.0,10.3632,16.4796,4.47532
1984002.0,11.085999999999999,16.7384,8.10005
1992002.0,11.7537,16.8651,11.7969
2000002.0,12.5791,17.0305,15.2529
2008002.0,13.6851,17.0535,19.6869
2016002.0,15.0059,16.8199,23.726
2024002.0,15.9436,17.2106,25.4481
2032002.0,17.2725,17.6798,27.142
2040002.0,18.6619,17.8268,30.4616
2048002.0,19.7502,18.7853,34.6535
2056002.0,21.3617,19.1916,37.1836
2064002.0,22.4382,19.1149,40.2406
2072002.0,24.8201,19.5973,43.1284
2080002.0,25.9291,19.9138,45.843
2088002.0,27.6763,19.9021,47.8554
2096002.0,28.7003,20.2753,1.48327
2104002.0,30.7762,20.1655,4.1157699999999995
2112002.0,33.0339,19.7981,9.11892
2120002.0,32.2987,20.0423,13.3798
2128002.0,31.7836,20.2186,15.8619
2136002.0,33.3207,19.73,19.2745
2144002.0,33.1213,20.1165,23.1772
2152002.0,34.2435,20.1373,26.0746
2160002.0,34.2534,20.296,29.3466
2168002.0,34.3919,20.8387,32.2337
2176002.0,33.8348,21.0904,35.2126
2184002.0,34.9781,21.5081,36.6348
2192002.0,35.4207,21.6495,38.3219
2200002.0,35.5693,21.8225,40.6525
2208002.0,37.0987,21.7088,43.4849
2216002.0,39.0995,21.8608,46.2267
2224002.0,40.391,21.6969,0.732974
2232002.0,40.9065,21.2354,4.20754
2240002.0,42.1902,20.9747,7.5374300000000005
2248002.0,42.6077,20.5868,10.8094
2256002.0,42.8075,20.7382,12.6586
2264002.0,43.5287,21.2342,14.5238
2272002.0,43.6918,20.6786,17.7787
2280002.0,44.2513,20.546999999999997,19.9569
2288002.0,44.3863,20.4933,24.6687
2296002.0,45.5397,20.6001,28.7841
2304002.0,47.0525,20.1644,32.1527
2312002.0,46.8393,19.5014,36.1806
2320002.0,48.4589,19.3024,40.12
2328002.0,49.0826,19.1904,43.1595
2336002.0,48.5165,20.793000000000003,47.2675
2344002.0,1.22566,21.7033,1.09671
2352002.0,1.67245,23.215,4.9713199999999995
2360002.0,4.2617400000000005,22.7337,7.22222
2368002.0,4.8146,22.2519,11.6826
2376002.0,4.65223,22.3165,15.4199
2384002.0,5.51241,21.7613,18.8586
2392002.0,6.83352,21.3954,22.3497
2400002.0,7.77797,21.618000000000002,25.8956
2408002.0,8.49581,22.7989,29.6473
2414002.0,9.38203,22.4987,33.5107
2422002.0,12.1997,23.1127,41.5123
2430002.0,15.4975,23.4069,44.286
2438002.0,18.6283,23.3622,49.0479
2446002.0,20.2873,23.1582,3.1453
2454002.0,20.9209,23.2874,7.19477
2462002.0,22.5588,23.6242,10.8488
2470002.0,23.9844,23.6475,13.439
2478002.0,25.9927,24.0397,16.9974
2486002.0,27.7582,24.4706,20.9673
2494002.0,29.1878,24.5496,24.2814
2502002.0,29.9109,24.3489,27.8108
2510002.0,32.28,24.2881,32.5242
2518002.0,32.864000000000004,24.078000000000003,35.6789
2526002.0,34.8742,23.9001,38.4879
2534002.0,36.1979,23.8307,42.1148
2542002.0,36.5183,23.9385,46.218999999999994
2550002.0,36.5946,23.9669,1.66104
2558002.0,37.9975,23.2358,4.65332
2566002.0,40.0096,23.0526,8.40356
2574002.0,41.42100000000001,23.1539,11.2232
2582002.0,42.4574,23.3205,13.8563
2590002.0,45.3947,23.3201,17.8442
2598002.0,47.7654,23.2879,22.4946
2606002.0,48.9778,23.3879,26.8322
2614002.0,1.08007,23.3708,30.7701
2622002.0,0.8495530000000001,23.7354,35.6773
2630002.0,1.7430700000000001,23.6996,39.4834
2638002.0,2.42377,23.6437,43.5508
2646002.0,3.5941300000000003,23.2273,47.8579
2654002.0,5.11185,23.4892,3.01911
2662002.0,5.76946,23.8872,6.17842
2670002.0,5.93882,23.9283,11.0893
2678002.0,7.4904,23.9187,16.6709
2686002.0,10.5928,23.8108,20.2303
2694002.0,12.3706,23.3672,21.6546
2702002.0,13.3375,22.8853,26.9944
2710002.0,14.4046,22.9035,31.6008
2718002.0,15.9577,23.0238,35.976
2726002.0,16.5011,22.8175,38.6719
2734002.0,17.3161,22.9157,43.1193
2742002.0,19.0738,22.5867,47.0923
2750002.0,20.4513,22.6688,2.06074
2758002.0,21.1134,22.5333,6.52096
2766002.0,21.6577,22.2032,11.4647
2774002.0,21.9323,21.7425,14.5657
2782002.0,22.7336,21.579,18.6993
2790002.0,21.5152,21.7378,22.8449
2798002.0,21.701999999999998,21.1584,26.9437
2806002.0,23.1038,20.6673,31.8122
2814002.0,22.7899,20.9111,36.7811
2822002.0,23.39,20.3287,41.0558
2830002.0,24.7704,20.1144,42.7716
2838002.0,25.8693,21.1046,45.5114
2846002.0,28.4069,20.5533,49.3384
2854002.0,29.6175,20.4012,4.1005
2862002.0,30.5173,20.7051,8.09683
2870002.0,31.3,20.4467,11.0813
2878002.0,31.9314,20.3209,14.3397
2886002.0,32.5503,20.3278,17.6354
2894002.0,33.3128,20.6083,20.7384
2902002.0,34.01,20.6583,24.2117
2910002.0,34.2062,21.1122,27.71
2918002.0,34.6672,21.3394,29.9734
2926002.0,34.376999999999995,21.6723,34.5685
2934002.0,35.1824,22.1111,38.9385
2942002.0,34.8875,21.5562,42.989
2950002.0,35.3175,20.9468,46.975
2958002.0,35.9626,20.7316,1.5762200000000002
2966002.0,37.0491,21.425,4.9330099999999995
2974002.0,37.4621,21.4615,7.77389
2982002.0,38.0651,21.6959,11.8498
2990002.0,38.6938,20.9793,15.3162
2998002.0,38.9679,21.1152,18.5348
3006002.0,39.8173,21.1548,21.5339
3014002.0,40.8613,20.7678,25.8951
3022002.0,42.1942,20.8148,28.9958
3030002.0,43.4175,20.3713,34.6908
3038002.0,43.5815,20.4111,38.313
3046002.0,44.8372,19.8924,41.9742
3054002.0,45.7394,19.5407,45.9821
3062002.0,46.4837,19.8957,49.2026
3070002.0,47.5801,19.5574,4.12427
3078002.0,47.5373,20.5492,7.142360000000001
3086002.0,48.1662,20.5127,10.9381
3094002.0,0.183384,20.7686,15.1388
3102002.0,1.0850899999999999,20.9821,18.9165
3110002.0,2.31772,21.3512,23.037
3118002.0,3.89569,21.6685,26.7637
3126002.0,4.663119999999999,22.4516,31.8375
3134002.0,5.97231,22.2395,36.7571
3142002.0,5.90824,22.1146,41.1443
3150002.0,7.4839899999999995,22.0741,44.8065
3158002.0,11.3072,22.8326,49.2316
3166002.0,12.4156,22.7094,2.69375
3174002.0,13.779000000000002,23.4,5.3246400000000005
3182002.0,15.0472,22.3327,10.5257
3190002.0,16.4319,22.664,14.922
3198002.0,17.0441,23.5002,18.996
3206002.0,19.8611,23.8327,22.6897
3214002.0,21.6003,24.0006,25.5327
3222002.0,23.8724,23.8398,30.5116
3230002.0,25.4128,24.4083,34.4056
3238002.0,26.3069,24.5028,39.0781
3246002.0,27.8026,24.5693,43.5558
3254002.0,28.7249,24.7845,47.0967
3262002.0,30.2193,24.9516,0.652513
3270002.0,30.7757,24.9274,4.88439
3278002.0,30.6324,25.0938,7.935910000000001
3286002.0,31.6455,25.2139,11.0239
3294002.0,32.0303,25.1037,13.6112
3302002.0,32.5405,25.1963,18.6664
3310002.0,32.9926,24.8747,21.3553
3318002.0,33.0958,24.9561,25.0927
3326002.0,34.592,24.6301,28.8164
3334002.0,35.7939,24.2919,32.948
3342002.0,36.7357,24.2283,37.158
3350002.0,37.2526,24.0082,40.6532
3358002.0,39.1504,23.7408,44.9602
3366002.0,42.2091,23.735,0.290885
3374002.0,43.3051,23.8245,4.871
3382002.0,45.3163,23.6384,9.44517
3390002.0,47.6097,23.7485,12.1175
3398002.0,48.3704,23.6194,16.8649
3406002.0,0.0966484,23.6985,21.1599
3414002.0,2.82998,23.6584,25.9771
3422002.0,5.71082,23.6875,30.2024
3430002.0,7.931539999999999,23.4785,35.0376
3438002.0,8.66662,23.6569,39.2689
3446002.0,8.339780000000001,23.4643,43.0977
3454002.0,8.89729,23.44,46.7769
3462002.0,8.60395,23.5001,1.28785
3470002.0,8.64053,23.2277,5.54574
3478002.0,9.840019999999999,23.2091,9.40664
3486002.0,10.0702,23.3983,13.5317
3494002.0,11.1252,23.5379,18.3128
3502002.0,11.0874,23.7821,22.8231
3510002.0,10.8895,23.6947,27.6299
3518002.0,10.8306,23.815,32.0258
3526002.0,11.1214,23.855,37.4163
3534002.0,11.1446,24.2115,41.9459
3542002.0,11.4716,24.7717,46.8208
3550002.0,12.2806,24.9866,1.27722
3558002.0,12.4836,25.112,5.43591
3566002.0,12.3068,25.2561,9.585230000000001
3574002.0,12.7613,25.3063,14.3025
3582002.0,12.1991,25.7286,19.4396
3590002.0,12.4431,25.2204,24.2593
3598002.0,12.3106,25.4388,28.9984
3606002.0,13.4286,25.2795,33.3339
3614002.0,14.4821,25.6073,36.251999999999995
3622002.0,15.4996,25.9293,39.9406
3630002.0,16.0299,26.427,44.6427
3638002.0,16.1561,26.6215,49.1854
3646002.0,16.8794,27.0426,4.53024
3654002.0,16.8532,26.9781,8.90705
3662002.0,16.9821,27.1425,13.4183
3670002.0,17.2381,27.1603,17.8312
3678002.0,17.4574,27.4038,22.6417
3686002.0,18.4499,27.5427,27.2476
3694002.0,18.5377,27.4649,31.7031
3702002.0,18.852,27.3686,36.2924
3710002.0,19.1707,27.482,40.5961
3718002.0,19.7137,27.5312,45.1826
3726002.0,20.0557,27.9499,0.39061599999999996
3734002.0,20.0551,27.4632,5.39527
3742002.0,21.0586,27.6836,9.26463
3750002.0,21.9465,27.6884,13.5928
3758002.0,23.6811,27.6652,17.7289
3766002.0,25.2299,27.3946,21.6997
3774002.0,26.0895,27.915,26.4882
3782002.0,27.1709,28.003,30.1249
3790002.0,28.4907,28.2287,35.1127
3798002.0,28.6301,28.7265,39.0951
3806002.0,29.4357,29.0997,43.6071
3814002.0,31.3186,29.5864,47.4603
3822002.0,32.0733,29.6473,2.14664
3830002.0,32.5501,29.6796,6.60686
3838002.0,33.2122,30.0276,11.9092
3846002.0,33.5699,29.9836,17.0899
3854002.0,33.7248,30.115,21.8846
3862002.0,33.9078,30.4407,26.3665
3870002.0,34.6017,30.6729,31.2725
3878002.0,35.0125,30.9098,36.3483
3886002.0,35.3369,30.9264,40.8005
3894002.0,36.6342,31.1513,45.6089
3902002.0,37.1677,31.2199,0.6085659999999999
3910002.0,38.7571,31.2939,5.59713
3918002.0,40.3728,30.9592,10.7542
3926002.0,42.4107,31.3492,14.8758
3934002.0,43.7883,31.6613,19.6466
3942002.0,44.5847,31.6189,24.6122
3950002.0,44.7131,31.4808,29.375999999999998
3958002.0,44.9343,31.7231,34.1793
3966002.0,45.7505,32.0443,38.4686
3974002.0,46.6765,32.0161,42.6495
3982002.0,46.9834,31.9587,46.8622
3990002.0,47.8709,31.8931,1.9913599999999998
3998002.0,49.2103,31.8114,5.44223
4006002.0,2.2151400000000003,33.3291,8.27794
4014002.0,3.7112199999999995,32.6281,11.3637
4022002.0,2.94387,29.9046,14.8212
4030002.0,0.901165,29.1403,18.1493
4038002.0,1.96822,28.0937,20.788
4046002.0,4.19425,27.5913,24.441
4054002.0,5.41075,27.7196,29.5609
4062002.0,7.3289800000000005,27.6447,33.7846
4070002.0,7.59081,27.8427,37.1372
4078002.0,7.67784,28.088,41.659
4086002.0,8.31825,28.4874,45.6549
4094002.0,9.21773,28.6984,49.3801
4102002.0,9.64487,28.5686,3.9011099999999996
4110002.0,10.0697,28.3084,7.426480000000001
4118002.0,10.7015,29.0126,11.5565
4126002.0,11.1048,29.9249,16.5999
4134002.0,11.485,30.2684,19.8192
4142002.0,12.0621,30.5076,23.4125
4150002.0,13.7626,30.6424,28.4822
4158002.0,15.7167,30.8242,32.6917
4166002.0,16.519000000000002,30.517,37.0828
4174002.0,17.5006,30.2868,41.67
4182002.0,17.7738,30.5862,45.5607
4190002.0,19.1425,30.6215,1.09896
4198002.0,20.1922,30.6216,6.30286
4206002.0,21.7512,30.5813,10.7691
4214002.0,22.5281,30.2917,16.118
4222002.0,22.9746,30.5882,21.2215
4230002.0,24.6107,31.0111,25.6366
4238002.0,26.4109,30.6559,30.9487
4246002.0,29.182,30.7111,35.8929
4254002.0,32.5246,30.8617,41.0301
4262002.0,34.0594,31.6712,45.3707
4270002.0,31.1363,31.8664,48.4752
4278002.0,32.5462,32.7442,3.18079
4286002.0,32.6607,32.5799,7.75513
4294002.0,33.2022,32.3858,12.0047
4302002.0,33.4544,32.4352,16.4653
4310002.0,34.2888,32.9243,21.4963
4318002.0,34.5171,33.1062,25.1249
4326002.0,34.8459,32.9516,30.3609
4334002.0,35.4782,32.7173,34.2636
4342002.0,35.2082,33.043,37.0526
4350002.0,37.3308,32.4858,42.0764
4358002.0,35.1502,35.2314,46.3376
4366002.0,34.8858,34.4528,46.9683
4374002.0,35.9191,34.4703,0.808361
4382002.0,36.9168,33.7722,4.96157
4390002.0,37.9476,33.4809,10.2151
4398002.0,38.8303,34.3588,16.156
4406002.0,39.6351,34.5427,21.0235
4414002.0,40.0071,34.478,25.662
4422002.0,40.2024,35.488,30.0345
4430002.0,39.8933,35.5099,35.1224
4438002.0,40.1005,35.6315,40.4869
4446002.0,39.71,35.2003,44.7493
4454002.0,39.7778,34.963,0.360025
4462002.0,39.409,34.7486,4.80647
4470002.0,39.9804,34.7217,9.580869999999999
4478002.0,40.6967,34.5073,13.2557
4486002.0,41.04,33.8376,17.8776
4494002.0,41.056000000000004,34.0734,22.2419
4502002.0,41.5494,34.1463,27.0747
4510002.0,41.8493,34.5085,31.6842
4518002.0,41.9143,34.385,34.8317
4526002.0,42.2123,34.6162,39.4217
4534002.0,43.0493,34.4367,42.88399999999999
4542002.0,43.1912,34.4361,47.1858
4550002.0,44.2091,33.911,1.6740099999999998
4558002.0,45.1099,33.5126,6.338430000000001
4566002.0,45.0034,33.8571,11.4617
4574002.0,46.3205,33.6231,15.8262
4582002.0,48.4436,33.5777,20.6893
4590002.0,1.15714,33.3527,24.2335
4598002.0,3.1135200000000003,33.2747,29.5303
4606002.0,4.79027,32.9568,32.8449
4614002.0,5.91146,32.8134,36.9368
4622002.0,6.87666,32.8584,39.9893
4630002.0,8.17796,32.7906,42.6758
4638002.0,9.697230000000001,32.6438,46.2458
4646002.0,10.141,33.0378,0.891128
4654002.0,10.49,33.225,4.5474
4662002.0,13.3309,32.903,8.28872
4670002.0,13.5276,32.6534,12.4022
4678002.0,14.0476,32.7956,16.5672
4686002.0,15.6332,32.8779,20.7857
4694002.0,16.2224,33.2466,25.1584
4702002.0,17.6625,33.236999999999995,29.094
4710002.0,18.932000000000002,33.1282,32.2454
4718002.0,19.0933,33.1552,36.1011
4726002.0,18.8813,33.1667,39.0424
4734002.0,20.0277,32.8363,42.791000000000004
4742002.0,20.7262,32.5766,46.5974
4750002.0,21.0824,32.5906,1.04518
4758002.0,21.6142,32.391,4.33869
4760002.0,21.7349,32.4527,5.0924
4768002.0,21.6032,32.4277,10.6354
4776002.0,24.4975,32.8667,12.6467
4784002.0,26.8126,33.0189,17.3818
4792002.0,27.4132,32.9802,20.9801
4800002.0,28.138,33.2011,25.3451
4808002.0,28.771,33.0253,29.5971
4816002.0,31.3974,33.0353,33.654
4824002.0,33.4608,33.5099,38.2325
4832002.0,34.7774,33.7085,42.9084
4840002.0,35.6719,33.9639,47.6971
4848002.0,37.2123,34.4263,2.83753
4856002.0,39.5597,34.5401,7.55375
4864002.0,39.0648,35.1218,12.3213
4872002.0,42.4201,35.0096,16.5341
4880002.0,42.4141,35.3479,20.3077
4888002.0,42.7803,35.2776,24.21
4896002.0,45.3469,34.7542,28.8357
4904002.0,47.5438,34.8237,32.0901
4912002.0,48.0055,35.3724,35.7732
4920002.0,1.9768599999999998,35.3345,40.067
4928002.0,4.12689,35.3406,43.8487
4936002.0,5.08609,35.1765,48.3441
4944002.0,4.96704,35.2954,1.9368900000000002
4952002.0,6.63116,35.5151,6.13853
4960002.0,6.855180000000001,35.5208,11.1233
4968002.0,7.0043,35.0978,15.5784
4976002.0,7.688089999999999,35.0388,19.6947
4984002.0,8.3899,35.0082,24.65
4992002.0,9.8967,34.8984,28.1814
5000002.0,11.3508,35.0087,32.7641
5008002.0,11.9338,35.1774,37.771
5016002.0,12.7303,35.3705,41.1376
5024002.0,13.4304,35.3535,45.3853
5032002.0,14.0058,35.3921,0.797912
5040002.0,15.3294,35.4448,5.29422
5048002.0,15.6977,35.5449,8.682360000000001
5056002.0,17.0794,35.5871,13.2222
5064002.0,19.2863,35.4894,17.1052
5072002.0,20.695999999999998,35.8495,21.3274
5080002.0,21.9774,35.6285,26.1331
5088002.0,22.5017,35.7071,31.3026
5096002.0,25.8389,35.9063,36.1294
5104002.0,26.6299,35.9118,41.0147
5112002.0,28.379,35.6203,45.8967
5120002.0,29.8345,36.284,2.68857
5128002.0,31.495,36.6312,7.63432
5136002.0,32.0191,36.5731,12.2379
5144002.0,32.7192,36.8224,17.5761
5152002.0,33.3186,36.9505,22.6468
5160002.0,33.9349,36.8651,28.274
5168002.0,34.3661,36.8787,33.464
5176002.0,34.8932,36.7782,39.0711
5184002.0,35.6847,37.1982,43.7228
5192002.0,36.2938,37.0426,47.482
5200002.0,37.1012,37.5686,3.9064300000000003
5208002.0,38.1419,37.1803,7.4668399999999995
5216002.0,38.6301,36.8772,12.5085
5224002.0,39.8405,36.9538,16.6255
5232002.0,40.4357,36.8688,21.8969
5240002.0,41.0026,37.0583,26.9488
5248002.0,41.6652,36.9732,31.0729
5256002.0,41.5568,36.8855,34.6308
5264002.0,42.6633,37.0207,39.4586
5272002.0,43.597,36.8272,44.0981
5280002.0,44.9758,36.9511,49.0662
5288002.0,45.5511,37.1192,3.9519300000000004
5296002.0,46.7955,36.9759,8.61815
5304002.0,47.5961,36.4849,13.5242
5312002.0,0.0372157,36.3647,18.6185
5320002.0,0.44992200000000004,36.3256,23.1329
5328002.0,0.843059,36.2015,27.6929
5336002.0,2.39228,36.3242,32.3442
5344002.0,3.8923,36.4152,36.125
5352002.0,4.200019999999999,36.2875,40.9187
5360002.0,4.85738,36.3685,44.0157
5368002.0,5.49504,36.4515,0.10793699999999999
5376002.0,5.75378,36.0613,4.68985
5384002.0,7.58557,35.0574,10.1171
5392002.0,7.2246,34.7565,13.6173
5400002.0,7.797060000000001,34.6157,17.9417
5408002.0,7.764530000000001,34.9033,22.1817
5416002.0,9.11635,35.0082,27.1038
5424002.0,9.69232,35.2913,31.2335
5432002.0,10.1297,35.4356,35.4269
5440002.0,11.1479,35.3098,39.1381
5448002.0,11.3269,35.6388,43.466
5456002.0,11.5269,35.3636,49.0913
5464002.0,11.7598,35.7125,4.30774
5472002.0,11.5625,35.8639,9.845130000000001
5480002.0,12.5548,35.8942,14.5524
5488002.0,13.3902,34.9165,18.5589
5496002.0,14.9861,35.1897,22.5391
5504002.0,15.4513,35.0487,27.1573
5512002.0,16.2207,35.0652,31.2738
5520002.0,17.0483,35.479,36.1194
5528002.0,18.8033,35.8326,40.684
5536002.0,19.392,36.2563,44.6383
5544002.0,20.2816,36.3104,49.2453
5552002.0,21.1334,36.4842,4.26037
5560002.0,22.1331,36.396,9.24956
5568002.0,23.3825,36.1007,14.172
5576002.0,24.1873,36.8434,18.0042
5584002.0,24.6131,36.9386,23.3649
5592002.0,25.2389,36.6358,27.8014
5600002.0,25.8838,36.855,32.9231
5608002.0,27.0991,36.4168,36.9476
5616002.0,27.4842,37.1348,41.1352
5624002.0,28.4279,37.4625,45.193000000000005
5632002.0,30.08,38.102,0.460086
5640002.0,32.239000000000004,38.2766,5.44848
5648002.0,33.6404,38.08,10.4226
5656002.0,34.3555,37.9212,15.5335
5664002.0,34.8351,37.7136,20.2256
5672002.0,35.8601,37.3563,24.6236
5680002.0,36.4512,37.0307,28.9229
5688002.0,36.622,36.8045,32.9744
5696002.0,37.4393,36.7245,37.1681
5704002.0,37.5888,36.6945,42.0162
5712002.0,38.451,36.7477,46.8216
5720002.0,38.6129,37.0605,2.1159
5728002.0,38.8803,37.236,6.6129
5736002.0,39.3565,37.1367,11.3576
5744002.0,40.089,37.2619,16.6965
5752002.0,40.4756,37.2518,21.7391
5760002.0,40.9648,37.2687,26.2824
5768002.0,42.9337,37.0783,30.7778
5776002.0,44.0747,37.2572,35.7165
5784002.0,44.3528,37.2887,40.9893
5792002.0,45.1233,37.3874,45.7725
5800002.0,45.7046,37.3728,1.54843
5808002.0,47.1098,36.8597,5.75844
5816002.0,49.0184,36.8544,10.4383
5824002.0,49.3973,37.2153,15.0417
5832002.0,0.0377222,37.742,19.2989
5840002.0,1.2125299999999999,38.0275,24.2399
5848002.0,3.17897,38.1759,28.705
5856002.0,4.13212,38.2433,33.8209
5864002.0,5.90321,38.7956,38.5781
5872002.0,6.338030000000001,39.3304,43.3552
5880002.0,6.753589999999999,39.9486,48.5771
5888002.0,7.80237,39.9853,4.418740000000001
5896002.0,8.59227,40.2205,8.954239999999999
5904002.0,8.99588,40.5164,13.9387
5912002.0,9.15042,40.4424,18.7869
5920002.0,9.24978,40.2676,23.6929
5928002.0,9.50683,40.0276,28.5586
5936002.0,9.62073,40.0893,33.4539
5944002.0,9.95052,39.8336,38.3295
5952002.0,10.0225,39.7168,43.2364
5960002.0,10.3973,39.3698,47.9825
5968002.0,10.8245,39.2845,2.7244900000000003
5976002.0,11.2277,39.0928,7.57008
5984002.0,11.607999999999999,38.9733,12.4932
5992002.0,11.9625,38.9544,17.719
6000002.0,12.2352,38.8308,22.8796
6008002.0,12.2744,38.7684,27.518
6016002.0,12.5423,39.1346,31.7402
6024002.0,12.6322,39.0087,36.7033
6032002.0,12.9391,38.9466,41.4127
6040002.0,12.7281,39.1022,46.3583
6048002.0,13.232000000000001,38.9264,1.6643299999999999
6056002.0,13.7323,38.9721,6.90494
6064002.0,15.2622,38.66,12.328
6072002.0,15.3039,38.6915,17.1423
6080002.0,15.6911,38.5348,21.828000000000003
6088002.0,16.6164,38.6807,26.656
6096002.0,17.2567,38.8582,31.451999999999998
6104002.0,17.4493,38.9744,36.5689
6112002.0,18.2773,39.0881,41.2027
6120002.0,18.6254,39.0751,45.9308
6128002.0,18.6826,38.9878,1.61684
6136002.0,19.1108,38.8589,6.831860000000001
6144002.0,19.2029,38.693000000000005,12.0046
6152002.0,19.2814,38.676,16.8516
6160002.0,19.5379,38.5025,22.1314
6168002.0,20.0919,38.3108,26.9231
6176002.0,19.7515,38.2492,32.0928
6184002.0,19.8161,38.289,36.5542
6192002.0,20.2905,38.2808,41.3333
6200002.0,20.4487,38.3853,45.7502
6208002.0,20.6515,38.5053,0.787837
6216002.0,20.7918,38.4346,5.41005
6224002.0,20.8963,38.4862,10.6821
6232002.0,21.2305,38.4335,15.7089
6240002.0,21.803,37.9224,21.0475
6248002.0,22.7255,37.8103,25.7422
6256002.0,23.6792,37.9359,30.8756
6264002.0,25.1535,37.7364,35.8105
6272002.0,25.6226,37.4397,40.0535
6280002.0,25.7599,37.8206,44.7308
6288002.0,25.7779,37.8283,49.3815
6296002.0,26.3213,37.8259,4.1566
6304002.0,26.9736,37.6731,8.67657
6312002.0,27.6473,37.345,13.4252
6320002.0,28.3343,37.424,18.5066
6328002.0,29.4657,37.5999,23.5828
6336002.0,30.1234,37.3406,28.0156
6344002.0,30.3691,37.2531,32.736
6352002.0,30.3857,37.0627,37.446999999999996
6360002.0,30.0847,37.994,42.2839
6368002.0,29.7776,38.1402,47.7153
6376002.0,29.9628,38.1562,3.12814
6384002.0,29.9235,38.0629,8.00577
6392002.0,30.0927,37.9979,12.7496
6400002.0,29.8269,38.0363,17.9707
6408002.0,30.019000000000002,38.1127,22.955
6416002.0,30.4616,37.93,27.6996
6424002.0,30.5826,37.832,32.4311
6432002.0,30.7907,37.4972,37.426
6440002.0,30.6339,37.3781,41.4797
6448002.0,30.6254,37.2817,46.163999999999994
6456002.0,31.1404,37.0709,1.49767
6464002.0,31.8143,37.0221,6.1124
6472002.0,32.2571,36.9629,11.6479
6480002.0,32.3029,36.9269,16.3662
6488002.0,32.872,37.0665,20.8481
6496002.0,32.4944,37.6086,25.5998
6504002.0,33.0958,37.4154,30.4747
6512002.0,33.4481,37.4152,35.7165
6520002.0,32.6247,36.9977,40.1699
6528002.0,32.917,37.303000000000004,45.6607
6536002.0,32.8782,37.8674,0.918868
6544002.0,32.7239,38.5926,5.57564
6552002.0,33.3415,38.4847,9.81649
6560002.0,33.9645,39.0298,14.7876
6568002.0,34.6558,38.8173,19.0771
6576002.0,36.0824,38.5491,24.285999999999998
6584002.0,37.088,38.8586,29.3062
6592002.0,37.9936,38.9407,34.4567
6600002.0,39.7389,38.5893,39.0668
6608002.0,40.5547,38.1332,44.4547
6616002.0,42.1092,38.074,48.3366
6624002.0,44.1948,38.2592,3.6185099999999997
6632002.0,46.0644,37.9314,8.62721
6640002.0,46.7799,37.7802,13.4486
6648002.0,47.943999999999996,37.8153,18.1787
6656002.0,0.059810800000000004,37.5114,22.9228
6664002.0,1.23357,37.5913,26.814
6672002.0,3.12883,37.5651,31.8501
6680002.0,3.42637,37.5885,37.0252
6688002.0,3.52084,38.0173,41.8194
6696002.0,5.12793,38.1138,45.5698
6704002.0,6.649719999999999,37.9526,1.12543
6712002.0,7.784489999999999,37.674,5.41633
6720002.0,9.60197,38.3588,9.741489999999999
6728002.0,10.8704,38.0541,13.7626
6736002.0,11.2486,37.6497,17.9137
6744002.0,11.0076,37.5275,22.5497
6752002.0,13.5831,38.2417,28.2247
6760002.0,13.9949,37.7483,32.8184
6768002.0,14.4562,37.9005,37.6585
6776002.0,13.9681,37.3815,42.3673
6784002.0,15.189,37.5129,47.1605
6792002.0,15.8203,37.8644,1.96731
6800002.0,16.5259,38.1518,5.89036
6808002.0,16.570999999999998,38.7992,9.78958
6816002.0,16.5273,38.8972,14.5164
6824002.0,17.6074,39.2689,19.0973
6832002.0,18.9786,39.5144,23.8344
6840002.0,19.1273,39.5182,28.9168
6848002.0,19.6791,39.1277,33.7398
6856002.0,20.5482,39.7522,38.4524
6864002.0,21.2959,40.211,42.661
6872002.0,22.0237,40.4725,46.9325
6880002.0,22.8598,40.4638,1.74435
6888002.0,23.3584,40.2019,6.672160000000001
6896002.0,23.69,39.9567,11.3264
6904002.0,24.7408,39.5762,15.9719
6912002.0,26.7393,39.6275,20.7314
6920002.0,27.6173,39.5132,25.489
6928002.0,28.7515,39.6596,30.8353
6936002.0,28.7735,39.7927,34.733000000000004
6944002.0,29.9497,39.9947,37.9952
6952002.0,32.3823,39.714,41.3556
6960002.0,33.721,39.876999999999995,44.4553
6968002.0,35.3511,39.6628,48.2473
6976002.0,36.5016,39.8766,3.5527
6984002.0,36.7702,39.9423,8.074860000000001
6992002.0,37.7424,40.1203,12.9926
7000002.0,38.1229,40.4555,17.1906
7008002.0,39.2422,38.9549,20.5353
7016002.0,40.0586,38.9011,24.6859
7024002.0,40.0127,39.0905,29.4355
7032002.0,40.5507,38.9459,32.931999999999995
7040002.0,41.2353,37.6196,36.5863
7048002.0,41.9672,37.1412,41.0642
7056002.0,43.06,37.1102,45.6413
7064002.0,44.821000000000005,36.9815,0.792
7072002.0,0.350999,42.0874,2.07887
7080002.0,2.05883,42.2551,9.04317
7088002.0,4.08458,41.8796,16.6524
7096002.0,3.3591,41.1771,20.5145
7104002.0,3.7163800000000005,40.8786,23.9862
7112002.0,3.9199,41.0575,28.7774
7120002.0,5.267919999999999,41.3255,33.8807
7128002.0,5.52883,41.5024,38.4839
7136002.0,6.26673,41.6067,43.4349
7144002.0,6.32685,41.7409,48.1441
7152002.0,6.4267900000000004,41.8716,3.61915
7160002.0,7.2953600000000005,41.6911,9.13522
7168002.0,7.47565,41.8054,13.3437
7176002.0,7.92858,41.903,18.5266
7184002.0,9.00563,42.0444,22.651999999999997
7192002.0,8.96272,41.9297,27.9533
7200002.0,9.976410000000001,42.1458,32.6535
7204002.0,9.82713,42.2626,34.4745
7212002.0,11.9275,42.628,40.3202
7220002.0,13.0343,42.792,44.8934
7228002.0,13.5101,42.7276,0.285367
7236002.0,14.5312,42.6615,4.9499699999999995
7244002.0,15.0291,42.5884,10.099
7252002.0,15.0931,42.6464,15.0551
7260002.0,15.4812,42.6921,19.7569
7268002.0,15.4443,43.1405,24.9714
7276002.0,16.4867,43.1331,29.8407
7284002.0,16.3227,43.1191,34.6998
7292002.0,16.6301,43.1723,39.6325
7300002.0,17.0085,43.2058,44.4973
7308002.0,17.8571,43.2702,49.3221
7316002.0,17.9423,43.2029,3.9004300000000005
7324002.0,18.1629,43.1697,8.48987
7332002.0,18.3961,43.2293,13.5672
7340002.0,18.7052,42.9096,17.8189
7348002.0,18.6473,42.9327,21.9626
7356002.0,18.4259,42.942,25.9478
7364002.0,19.0372,42.8987,29.8365
7372002.0,19.2899,43.0206,34.3597
7380002.0,19.1605,43.2845,38.8537
7388002.0,19.2298,43.6953,43.6975
7396002.0,19.3436,43.7176,48.4685
7404002.0,19.6044,43.721000000000004,3.9976300000000005
7412002.0,20.1748,43.7984,8.74918
7420002.0,20.2593,43.785,13.2853
7428002.0,20.3419,43.7703,18.2039
7436002.0,20.5503,43.6344,23.1062
7444002.0,20.5245,43.4144,27.6013
7452002.0,20.6372,43.593,32.621
7460002.0,20.5843,43.5934,37.334
7468002.0,20.8216,43.1355,42.1076
7476002.0,20.9149,43.2173,46.7424
7484002.0,20.5432,43.3416,2.07152
7492002.0,20.9035,43.3305,6.66287
7500002.0,21.0245,43.4118,11.7541
7508002.0,21.3733,43.6999,16.7424
7516002.0,21.4196,43.7987,22.078000000000003
7524002.0,21.4088,43.6892,27.1537
7532002.0,21.3965,43.6645,32.3642
7540002.0,21.4297,43.6676,37.3239
7548002.0,21.4617,43.575,42.0506
7556002.0,21.8766,43.6145,47.3509
7564002.0,22.2041,43.7115,2.4152
7572002.0,22.396,43.3419,7.03723
7580002.0,22.7005,43.3783,12.2604
7588002.0,22.9229,43.3722,17.4233
7596002.0,23.0479,43.5531,21.8004
7604002.0,23.265,43.5828,26.7059
7612002.0,23.3079,43.6381,31.7669
7620002.0,23.6396,43.3639,36.5574
7628002.0,23.9263,43.1542,41.0447
7636002.0,24.3387,43.1045,45.4152
7644002.0,24.3889,43.1475,0.374555
7652002.0,24.6337,43.0013,5.06372
7660002.0,25.1015,42.7817,9.92366
7668002.0,26.3695,42.7782,15.1976
7676002.0,26.7264,42.763000000000005,20.4385
7684002.0,26.9856,42.7951,25.2755
7692002.0,28.1453,42.895,30.2596
7700002.0,28.1475,43.1382,34.952
7708002.0,28.2742,43.1548,40.1483
7716002.0,28.5793,43.5409,45.0637
7724002.0,28.9758,43.4423,0.34617600000000004
7732002.0,29.7688,43.4044,5.31885
7740002.0,30.6759,43.5216,9.74274
7748002.0,30.9161,43.5486,14.6536
7756002.0,31.7137,43.486000000000004,18.8882
7764002.0,31.6019,43.5798,23.42
7772002.0,31.3849,43.486000000000004,27.8581
7780002.0,31.6506,43.2369,32.7952
7788002.0,31.8347,43.2506,37.7648
7796002.0,32.0882,43.2448,43.0948
7804002.0,32.611999999999995,43.1024,47.9683
7812002.0,32.9305,43.1793,3.6666199999999995
7820002.0,33.3526,43.1605,8.61095
7828002.0,34.3235,43.181000000000004,13.6475
7836002.0,34.8387,43.4822,18.6262
7844002.0,35.0674,43.4306,23.3335
7852002.0,35.0578,43.5296,28.6461
7860002.0,35.3621,43.4801,33.6089
7868002.0,35.4673,43.6112,38.5688
7876002.0,35.9172,43.7599,43.6678
7884002.0,36.37,43.5798,48.42
7892002.0,37.4363,43.6714,3.8920800000000004
7900002.0,37.8118,43.4857,8.59775
7908002.0,37.9841,43.2212,13.5398
7916002.0,38.2275,43.1878,18.1587
7924002.0,38.5586,42.8783,22.6899
7932002.0,38.6993,42.5856,27.0146
7940002.0,38.6305,43.1251,31.0827
7948002.0,38.4078,43.2728,35.5498
7956002.0,38.5636,42.5804,39.3036
7964002.0,38.9324,42.4152,44.2468
7972002.0,38.8907,42.302,49.0831
7980002.0,39.0005,42.2095,4.9223099999999995
7988002.0,39.1339,42.2732,9.40144
7996002.0,39.2763,42.4834,13.9463
