2.0,34.4001,33.656,48.5357
8002.0,38.7081,33.3968,2.25211
16002.0,40.449,33.5096,6.3988
24002.0,40.6219,33.4646,11.4146
32002.0,40.7794,33.47,14.9637
40002.0,40.7728,33.8609,19.3059
48002.0,41.1816,33.5022,23.6116
56002.0,41.4909,33.4084,28.4929
64002.0,39.7057,33.8466,31.6829
72002.0,42.9963,33.9992,34.6649
80002.0,43.4423,34.1643,37.7787
88002.0,44.3891,34.089,42.0592
96002.0,45.2212,34.0331,45.7402
104002.0,45.4564,33.6899,49.1628
112002.0,46.1602,33.7758,1.2800799999999999
120002.0,47.0089,33.5178,4.1976
128002.0,47.5552,33.1379,8.1182
136002.0,48.411,33.0688,12.4681
144002.0,48.7302,33.2107,16.092
152002.0,49.3647,33.1125,20.2263
160002.0,3.62635,33.2615,24.5308
168002.0,3.93024,33.106,28.5349
176002.0,3.4285900000000002,33.5485,32.2115
184002.0,3.04723,33.8078,35.8797
192002.0,3.12602,33.9528,40.2826
200002.0,3.4569199999999998,33.948,44.9625
208002.0,3.95949,34.4258,48.5808
216002.0,4.59664,34.2531,3.65035
224002.0,4.87781,34.2066,8.17404
232002.0,5.6138900000000005,34.2296,12.883
240002.0,6.35851,34.2729,17.737000000000002
248002.0,6.840960000000001,33.8152,22.2084
256002.0,7.185630000000001,33.9993,27.1983
264002.0,7.75223,33.9607,32.166
272002.0,8.81821,34.643,36.6401
280002.0,9.96263,34.757,40.6596
288002.0,11.0583,34.6526,46.0366
296002.0,10.652999999999999,34.6763,0.8301790000000001
304002.0,12.0306,34.8876,6.0158
312002.0,14.0996,34.8954,10.0631
320002.0,14.9907,35.8062,14.4935
328002.0,16.5447,36.2256,19.8753
336002.0,17.9133,36.6103,24.7073
344002.0,18.254,37.2597,29.8192
352002.0,19.2248,37.0427,33.3382
360002.0,19.7713,37.0256,37.8382
368002.0,20.7506,36.9907,41.6624
376002.0,20.2481,37.1378,46.7434
384002.0,21.2757,37.4338,0.512383
392002.0,21.8241,37.9357,4.6542699999999995
400002.0,21.9897,38.1943,8.78069
408002.0,21.9688,38.747,13.6596
416002.0,22.054000000000002,38.555,17.5455
424002.0,23.2611,39.1134,21.9778
432002.0,23.5243,39.2101,26.7482
440002.0,23.7894,39.1824,31.8426
448002.0,24.1571,39.2493,35.9588
456002.0,24.3503,38.8478,39.8112
464002.0,24.6751,38.7933,43.5698
472002.0,25.3565,38.3953,48.3873
480002.0,25.8982,38.5448,3.6628
488002.0,26.4702,38.1441,8.178139999999999
496002.0,27.3901,38.3191,12.7752
504002.0,27.1949,38.2856,17.8693
512002.0,27.2809,38.5429,22.7052
520002.0,27.276999999999997,38.7246,27.485
528002.0,27.3776,38.8363,32.6345
536002.0,28.191,38.4348,37.5183
544002.0,29.3575,38.5123,41.4169
552002.0,31.006999999999998,38.5989,46.21
560002.0,32.8608,38.1526,0.435489
568002.0,33.3683,37.7355,4.18191
576002.0,33.8623,37.6849,9.71488
584002.0,34.3039,37.6627,14.4192
592002.0,35.6968,37.111999999999995,17.5181
600002.0,36.3654,36.9666,21.6579
608002.0,37.6944,36.5883,25.334
616002.0,38.7446,36.6506,30.0506
624002.0,38.6006,36.45,34.8199
632002.0,38.6496,36.3796,39.3024
640002.0,40.1043,36.4898,43.6486
648002.0,40.3683,36.973,46.7461
656002.0,40.6026,36.8597,1.6836
664002.0,40.9868,37.122,6.34083
672002.0,41.1684,36.8776,11.295
680002.0,41.5012,37.0521,15.5053
688002.0,41.7541,37.0835,20.649
696002.0,42.2543,37.4113,25.1754
704002.0,42.2367,37.3851,30.8994
712002.0,42.3487,37.361999999999995,36.0447
720002.0,42.9839,37.6635,40.2003
728002.0,42.6836,37.4033,44.9861
736002.0,42.4409,37.47,0.13350499999999998
744002.0,43.1569,37.5487,5.34176
752002.0,42.9419,37.3576,9.89472
760002.0,43.4711,37.6834,15.21
768002.0,44.0673,37.978,19.9097
776002.0,44.5293,38.1873,25.0107
784002.0,44.248999999999995,38.2929,29.0593
792002.0,44.6497,38.1291,33.6742
800002.0,44.9134,38.0619,38.8171
808002.0,44.9302,37.9539,43.6961
816002.0,45.1048,38.1877,48.532
824002.0,45.5586,38.6709,4.05884
832002.0,45.6776,38.6959,9.26863
840002.0,46.091,38.6649,13.8828
848002.0,47.3485,38.6175,18.7147
856002.0,49.3433,38.9518,23.1363
864002.0,0.648745,38.9966,27.8506
872002.0,0.633008,39.0268,32.6245
880002.0,0.7791140000000001,39.1447,37.5562
888002.0,1.90268,39.1698,42.3132
896002.0,2.83093,39.104,46.3515
904002.0,3.655,39.0133,1.45036
912002.0,4.73048,38.9031,5.48546
920002.0,5.02,39.2032,10.3365
928002.0,4.8245,39.4895,15.5446
936002.0,5.1039,39.5467,19.9065
944002.0,5.52855,39.1533,24.0265
952002.0,6.3186599999999995,38.9946,28.4664
960002.0,6.02763,39.126,33.2858
968002.0,6.1588199999999995,39.0255,38.4146
976002.0,7.01209,38.7823,42.9424
984002.0,7.5126,38.9259,47.1226
992002.0,7.4764800000000005,38.8487,1.91639
1000002.0,8.08421,39.0217,6.08122
1008002.0,8.53512,39.2814,11.175999999999998
1016002.0,8.8048,38.7897,15.5129
1024002.0,9.18856,39.1912,20.285999999999998
1032002.0,9.7295,38.821,24.3451
1040002.0,10.0293,38.9546,29.3693
1048002.0,10.097000000000001,38.941,34.4183
1056002.0,10.1295,38.9351,38.7017
1064002.0,10.8469,39.0798,43.5314
1072002.0,11.0666,39.0901,48.327
1080002.0,11.2066,39.0105,3.71676
1088002.0,11.7152,39.0527,8.09924
1096002.0,11.9581,39.1569,13.1176
1104002.0,12.3465,39.0192,17.9137
1112002.0,12.4908,38.8917,22.9481
1120002.0,12.5084,39.1692,27.8648
1128002.0,12.8715,39.0831,32.7616
1136002.0,13.4874,38.9085,37.9363
1144002.0,13.7597,38.8171,42.2692
1152002.0,14.4115,38.5196,47.806000000000004
1160002.0,14.7576,38.3218,3.27084
1168002.0,15.0212,38.2473,8.32518
1176002.0,15.2137,38.0613,13.255999999999998
1184002.0,15.5,38.2923,18.0189
1192002.0,16.1205,38.5743,22.8168
1200002.0,17.0748,38.4793,28.134
1208002.0,17.6972,38.3191,33.1668
1216002.0,18.4099,38.603,37.7775
1224002.0,18.4556,38.5995,42.8634
1232002.0,18.9128,38.6366,47.798
1240002.0,19.0959,38.6554,3.3433300000000004
1248002.0,19.2577,38.4183,8.60561
1256002.0,19.374000000000002,38.7248,13.4932
1264002.0,19.8265,38.7292,18.6218
1272002.0,20.2564,38.8415,23.8089
1280002.0,21.4813,38.9422,28.2609
1288002.0,22.3693,38.7388,32.0698
1296002.0,22.5117,38.7074,36.3663
1304002.0,22.9432,38.7227,40.8354
1312002.0,22.8905,38.7305,45.7467
1320002.0,23.579,38.7859,1.2047
1328002.0,23.8925,38.602,6.5315
1336002.0,24.6826,38.3114,11.7526
1344002.0,25.2104,38.2359,15.9832
1352002.0,25.2706,38.2039,22.096
1360002.0,25.5786,38.1267,27.0883
1368002.0,26.139,38.1328,31.7386
1376002.0,26.3731,37.9854,37.1333
1384002.0,26.5579,37.6727,41.2739
1392002.0,26.9285,37.9878,45.9166
1400002.0,27.6329,37.5415,1.8533099999999998
1408002.0,28.1257,38.016999999999996,6.904
1416002.0,28.3174,38.0363,12.1363
1424002.0,28.6506,37.9445,17.1738
1432002.0,28.9152,38.02,22.3227
1440002.0,29.9602,38.1397,27.391
1448002.0,30.3126,38.1071,32.0525
1456002.0,31.288,38.1704,36.8896
1464002.0,31.3292,37.4695,40.6189
1472002.0,31.625999999999998,37.3089,44.5574
1480002.0,32.1535,37.0522,48.5916
1488002.0,32.7206,37.6643,3.3565400000000003
1496002.0,33.1771,37.7037,7.73048
1504002.0,33.5832,37.8583,12.5866
1512002.0,34.4879,38.5116,18.0953
1520002.0,35.1321,39.0921,22.7962
1528002.0,35.8038,39.2522,28.6934
1536002.0,36.2776,39.0494,33.5584
1544002.0,36.8734,39.3593,37.8782
1552002.0,38.4429,39.4548,41.9547
1560002.0,39.1719,39.577,47.1856
1568002.0,39.3904,39.6803,2.21671
1576002.0,39.5318,39.5599,7.34068
1584002.0,40.141999999999996,39.9831,12.3189
1592002.0,40.4075,39.9959,17.1872
1600002.0,40.7933,40.1876,22.0178
1608002.0,41.0038,40.6782,26.7548
1616002.0,41.0704,40.6591,30.9476
1624002.0,41.0468,40.7325,36.1251
1632002.0,41.0008,40.3631,40.7836
1640002.0,41.6232,40.2712,46.0035
1648002.0,41.6029,40.4976,1.1011799999999998
1656002.0,41.7439,40.931,6.21266
1664002.0,42.1983,40.6942,11.2164
1672002.0,42.8068,40.7826,16.2557
1680002.0,42.8283,40.8933,21.4978
1688002.0,42.6037,41.2501,26.2767
1696002.0,42.5725,41.2152,31.4062
1704002.0,42.3844,41.1658,36.4768
1712002.0,42.4524,41.042,41.2284
1720002.0,42.681000000000004,41.1187,45.6956
1728002.0,43.1255,40.9582,1.06531
1736002.0,43.3451,40.8585,6.00904
1744002.0,43.3685,41.1126,10.6506
1752002.0,42.7474,41.3562,14.9632
1760002.0,42.3947,40.9171,19.9079
1768002.0,42.3081,41.379,23.9443
1776002.0,42.5302,41.405,29.1136
1784002.0,42.4338,41.4229,33.554
1792002.0,42.7174,41.2546,38.0537
1800002.0,42.6717,41.3451,43.1207
1808002.0,42.8981,41.4153,47.8605
1816002.0,43.3657,41.4625,2.7991900000000003
1824002.0,43.458999999999996,41.3666,7.484719999999999
1832002.0,43.3509,41.0043,11.7649
1840002.0,44.4768,40.5939,16.3354
1848002.0,44.6114,40.301,20.8804
1856002.0,45.1499,40.169000000000004,25.1631
1864002.0,45.251000000000005,40.3085,29.7666
1872002.0,45.6769,40.3607,34.6373
1880002.0,46.655,40.1149,39.8038
1888002.0,47.8178,40.6077,44.4213
1896002.0,47.7655,40.5003,0.20890799999999998
1904002.0,47.8544,40.4418,5.1112400000000004
1912002.0,48.3776,40.5496,10.5131
1920002.0,48.4116,40.3787,15.9844
1928002.0,49.2726,40.5256,20.7811
1936002.0,49.3133,40.4963,25.8641
1944002.0,49.397,40.453,30.8971
1952002.0,0.199479,40.4106,36.1305
1960002.0,0.113167,40.5648,40.5237
1968002.0,49.3552,40.491,45.5029
1976002.0,0.8965059999999999,40.604,0.88328
1984002.0,1.16907,40.4973,6.29188
1992002.0,1.02767,40.4483,11.0082
2000002.0,1.5686200000000001,40.4199,15.6929
2008002.0,1.61914,40.4572,20.5031
2016002.0,2.2665599999999997,40.5594,25.8509
2024002.0,2.72553,40.4014,30.7027
2032002.0,3.4026699999999996,40.2858,35.1485
2040002.0,4.01731,40.1231,40.0588
2048002.0,4.38989,40.1675,45.318000000000005
2056002.0,5.13965,40.8512,0.36497399999999997
2064002.0,5.69222,40.7628,5.25967
2072002.0,6.77911,41.06100000000001,10.0448
2080002.0,6.966189999999999,41.1347,14.8735
2088002.0,7.387510000000001,40.8673,19.5745
2096002.0,7.579510000000001,41.1075,24.3182
2104002.0,7.90159,41.3959,28.7863
2112002.0,8.69561,41.6125,34.1359
2120002.0,9.04424,41.6304,39.5126
2128002.0,9.044989999999999,41.5706,43.9675
2136002.0,9.42405,41.599,48.4166
2144002.0,9.837760000000001,41.5029,4.4572199999999995
2152002.0,10.1277,41.598,9.13251
2160002.0,10.3897,41.8739,13.5857
2168002.0,10.9888,42.0415,18.9549
2176002.0,10.9456,42.1827,23.9807
2184002.0,10.9493,42.3206,28.6588
2192002.0,10.956,42.1459,33.0683
2200002.0,11.3734,42.0939,38.0599
2208002.0,12.2021,41.8701,42.3994
2216002.0,11.9984,41.9584,47.0681
2224002.0,12.3118,41.831,3.7750800000000004
2232002.0,12.5576,41.7487,8.86462
2240002.0,13.1929,41.6976,13.8831
2248002.0,13.7032,41.7101,18.397000000000002
2256002.0,13.6447,41.8302,21.7598
2264002.0,13.8878,41.919,26.0449
2272002.0,13.9421,41.4109,31.2856
2280002.0,14.1203,40.7925,36.5449
2288002.0,13.880999999999998,40.5834,42.0423
2296002.0,14.5241,40.6729,47.4366
2304002.0,15.2637,40.4522,2.89463
2312002.0,15.3872,40.6199,8.2318
2320002.0,16.0974,40.1947,13.6979
2328002.0,16.4296,39.9608,18.7472
2336002.0,16.6638,39.8916,24.0347
2344002.0,17.232,39.8882,29.1
2352002.0,17.3186,40.1344,33.9192
2360002.0,17.7034,40.2893,38.5988
2368002.0,17.9454,40.1612,43.6298
2376002.0,18.0168,40.124,48.6207
2384002.0,18.1356,40.1222,4.00403
2392002.0,18.0275,40.0222,8.952919999999999
2400002.0,18.4013,39.9561,13.8189
2408002.0,18.7021,39.8942,19.0677
2414002.0,19.2872,40.2237,23.1228
2422002.0,20.8337,40.9447,29.2274
2430002.0,23.3758,40.9574,34.0082
2438002.0,25.2871,41.028,39.2466
2446002.0,25.4785,40.869,44.4423
2454002.0,24.7895,40.6871,48.5207
2462002.0,25.8933,40.5838,3.7866400000000002
2470002.0,26.655,41.0689,7.89831
2478002.0,26.947,41.2418,12.724
2486002.0,27.671999999999997,41.5823,17.2427
2494002.0,28.6602,41.7324,22.1776
2502002.0,28.5294,41.9325,27.0325
2510002.0,29.8737,41.9863,31.715999999999998
2518002.0,30.4486,42.2258,36.0236
2526002.0,32.0565,42.1973,39.6883
2534002.0,32.9849,42.2482,44.7783
2542002.0,33.313,42.4125,0.325423
2550002.0,33.5252,42.7542,5.07356
2558002.0,34.3949,42.8892,9.37524
2566002.0,35.4454,43.026,13.1214
2574002.0,36.7457,43.3863,16.8229
2582002.0,37.1492,43.4279,20.2865
2590002.0,38.9578,43.5829,25.092
2598002.0,40.9595,43.6177,30.2538
2606002.0,41.2347,43.7042,35.4254
2614002.0,41.5859,43.192,40.9201
2622002.0,41.9126,43.7202,45.3583
2630002.0,42.3392,43.5044,0.923198
2638002.0,42.4436,43.3704,5.94349
2646002.0,42.6535,43.5296,10.9557
2654002.0,42.9457,43.402,16.2199
2662002.0,43.1028,43.6505,20.1189
2670002.0,43.1192,43.461000000000006,24.9184
2678002.0,44.1778,43.5136,30.02
2686002.0,45.9878,43.4148,35.1226
2694002.0,46.9283,43.6607,39.6851
2702002.0,47.5755,43.5187,44.4973
2710002.0,47.8376,43.6937,49.1226
2718002.0,49.083999999999996,43.8561,4.38192
2726002.0,0.262187,43.51,7.64946
2734002.0,0.81328,43.6298,12.8627
2742002.0,1.23958,43.8141,17.336
2750002.0,1.99165,43.9566,22.2778
2758002.0,2.14042,43.8234,26.8239
2766002.0,2.10154,43.918,32.1078
2774002.0,2.2955099999999997,43.9835,36.7782
2782002.0,2.2982,43.6057,41.8251
2790002.0,2.01241,43.4864,47.6074
2798002.0,2.51092,43.5295,3.0175799999999997
2806002.0,2.88647,43.3446,8.26782
2814002.0,3.22684,43.3125,13.8335
2822002.0,3.7841699999999996,43.3395,18.9116
2830002.0,3.9525099999999997,43.2695,23.4764
2838002.0,4.42882,43.1477,27.982
2846002.0,5.87953,43.027,32.5005
2854002.0,6.2371300000000005,42.8029,37.4376
2862002.0,7.3022100000000005,42.7901,42.6111
2870002.0,7.554880000000001,42.813,46.6341
2878002.0,8.38182,42.6485,2.0211099999999997
2886002.0,8.5244,42.5662,6.34342
2894002.0,9.25067,42.7147,10.7348
2902002.0,9.90598,42.8761,15.3468
2910002.0,10.2877,42.6424,20.3089
2918002.0,10.2751,42.3451,24.5013
2926002.0,10.5241,42.2228,29.0986
2934002.0,10.9265,42.3044,34.2554
2942002.0,10.8622,42.3764,39.0433
2950002.0,10.9809,42.4164,44.1251
2958002.0,11.1052,42.3755,48.8226
2966002.0,11.1508,42.5239,4.21191
2974002.0,10.9207,42.3634,9.04297
2982002.0,11.0361,42.2858,14.1906
2990002.0,11.5283,42.2601,19.0866
2998002.0,12.1141,42.0467,24.1946
3006002.0,12.587,42.0182,29.0196
3014002.0,12.5237,41.9172,33.9573
3022002.0,12.867,41.7611,39.1982
3030002.0,13.0625,42.1002,44.5623
3038002.0,13.0788,42.2749,49.3096
3046002.0,13.1317,42.2043,4.94431
3054002.0,14.2641,42.1375,9.76707
3062002.0,14.2885,41.927,14.4814
3070002.0,15.3894,41.452,20.2529
3078002.0,14.8888,41.4914,25.3442
3086002.0,15.4333,41.2363,30.9472
3094002.0,15.9527,41.2734,36.7583
3102002.0,16.430999999999997,41.6252,40.857
3110002.0,16.7445,41.6046,46.0094
3118002.0,17.0595,41.5779,1.6486900000000002
3126002.0,17.1537,41.5724,7.7948
3134002.0,17.3283,41.8063,12.859000000000002
3142002.0,17.1822,42.1693,18.4058
3150002.0,18.2861,41.9063,22.5277
3158002.0,20.3282,42.2264,26.5895
3166002.0,21.000999999999998,42.104,30.7219
3174002.0,21.074,41.9209,34.0923
3182002.0,21.3713,41.9268,38.9759
3190002.0,22.1335,41.9348,42.8157
3198002.0,23.118000000000002,41.5561,47.0022
3206002.0,24.430999999999997,41.6097,1.5540100000000001
3214002.0,24.9886,41.5282,5.87055
3222002.0,26.0312,41.4722,10.8634
3230002.0,27.4061,41.5276,15.491
3238002.0,28.12,41.5119,19.7549
3246002.0,28.5151,41.1952,23.9447
3254002.0,28.7212,41.6005,28.4739
3262002.0,29.1675,40.9268,32.1711
3270002.0,29.7853,40.6127,36.9632
3278002.0,29.924,40.8151,41.1506
3286002.0,30.2488,40.775,45.151
3294002.0,30.7628,40.8491,49.0529
3302002.0,31.1014,41.2825,4.73308
3310002.0,31.3688,41.4403,8.47718
3318002.0,31.6078,41.4397,12.7371
3326002.0,33.0538,41.2488,17.7301
3334002.0,34.3514,40.9277,22.6729
3342002.0,34.8484,40.9283,27.2454
3350002.0,35.5756,40.4786,31.6121
3358002.0,37.775,40.383,36.7252
3366002.0,40.4251,40.2613,41.9687
3374002.0,40.681,40.4397,46.7025
3382002.0,41.3443,40.4599,2.75317
3390002.0,42.358999999999995,40.238,7.881460000000001
3398002.0,43.1095,40.0078,13.0108
3406002.0,43.7698,39.757,17.7471
3414002.0,45.8452,40.0069,22.2752
3422002.0,48.58,39.7246,26.6053
3430002.0,1.57827,40.0794,30.749000000000002
3438002.0,2.26293,39.9373,35.3987
3446002.0,2.4385,40.2319,40.1037
3454002.0,2.14662,40.1226,44.8131
3462002.0,2.0888299999999997,39.8948,49.336999999999996
3470002.0,2.32251,39.7679,4.6121099999999995
3478002.0,2.43153,40.0684,9.67464
3486002.0,2.28346,40.2515,14.5412
3494002.0,2.4633599999999998,40.0102,19.4557
3502002.0,2.4514,40.3599,24.2889
3510002.0,2.07625,39.9832,28.898000000000003
3518002.0,1.5798,40.0944,33.6529
3526002.0,1.72577,39.8218,38.8726
3534002.0,1.62618,40.3617,43.4243
3542002.0,1.26639,40.1409,48.3682
3550002.0,1.39628,40.2855,3.43247
3558002.0,1.24031,40.373000000000005,8.317169999999999
3566002.0,1.44546,40.9188,13.2529
3574002.0,1.72747,40.9377,18.4447
3582002.0,2.13257,40.8806,23.8564
3590002.0,2.3609400000000003,40.7476,28.7495
3598002.0,2.77568,40.9133,34.191
3606002.0,3.60837,40.7909,39.088
3614002.0,3.8893,40.8103,43.8491
3622002.0,4.491280000000001,40.8417,48.9617
3630002.0,4.78839,40.805,4.14225
3638002.0,4.99146,40.7499,8.7274
3646002.0,5.64811,40.998000000000005,13.9249
3654002.0,6.35648,40.994,18.9521
3662002.0,6.3800300000000005,41.1185,23.8373
3670002.0,6.264880000000001,40.9582,28.3868
3678002.0,6.48214,40.7736,33.4967
3686002.0,7.4539100000000005,40.6769,38.3915
3694002.0,7.88427,40.6786,43.4131
3702002.0,8.31214,40.6626,48.3545
3710002.0,8.39134,40.5907,3.51309
3718002.0,8.57346,40.6737,8.48035
3726002.0,8.39202,40.8302,13.4007
3734002.0,8.69174,40.7876,18.2645
3742002.0,9.14209,40.9111,23.2758
3750002.0,9.29084,40.9497,27.8884
3758002.0,10.7341,41.1944,32.3765
3766002.0,12.2367,41.3595,36.6992
3774002.0,13.389000000000001,41.0353,41.5487
3782002.0,13.8305,41.0556,45.7153
3790002.0,14.5596,40.9293,1.34694
3798002.0,14.5839,40.7194,5.99225
3806002.0,15.0053,40.6716,10.1035
3814002.0,16.6638,40.6098,14.5623
3822002.0,18.0949,40.7269,18.6673
3830002.0,18.6826,40.7146,23.3534
3838002.0,18.9232,40.7861,28.8377
3846002.0,19.2358,40.6993,34.0386
3854002.0,19.3388,40.654,39.2288
3862002.0,19.6273,40.7642,43.7706
3870002.0,20.0871,40.6497,48.8624
3878002.0,20.1698,40.8264,4.60584
3886002.0,20.3179,40.8867,9.267539999999999
3894002.0,21.0271,40.6946,14.2916
3902002.0,21.7534,40.7011,18.877
3910002.0,23.291999999999998,40.7614,23.8033
3918002.0,24.3554,40.6319,29.0613
3926002.0,25.7315,40.6162,33.6353
3934002.0,27.3764,40.6203,38.5113
3942002.0,27.5772,40.9777,43.2672
3950002.0,27.910999999999998,40.9681,47.8181
3958002.0,27.9671,40.9506,3.12196
3966002.0,28.9997,40.8569,7.29635
3974002.0,29.6369,40.9112,11.8445
3982002.0,29.7849,41.1469,16.6976
3990002.0,30.7909,41.9031,22.0462
3998002.0,31.5338,41.3955,25.9685
4006002.0,32.6717,41.544,30.8541
4014002.0,33.199,41.501000000000005,35.7424
4022002.0,33.8814,41.8985,40.8416
4030002.0,33.9059,41.7205,44.9609
4038002.0,34.8409,41.6188,48.8757
4046002.0,36.3573,41.8063,3.5087
4054002.0,36.8625,41.8929,8.64194
4062002.0,38.016999999999996,41.5305,13.6393
4070002.0,38.5692,41.4846,17.7244
4078002.0,38.713,41.8965,23.2801
4086002.0,39.1158,41.7878,27.3415
4094002.0,39.4794,41.574,31.265
4102002.0,40.0833,41.9179,36.8473
4110002.0,40.4632,41.7204,41.0781
4118002.0,41.1301,41.6712,45.6387
4126002.0,41.3466,41.8866,1.3426
4134002.0,42.0077,42.2105,5.27612
4142002.0,42.0361,41.8497,9.9429
4150002.0,43.0078,42.1472,15.1159
4158002.0,43.5001,42.636,21.0854
4166002.0,44.3404,41.1673,24.0281
4174002.0,45.0121,40.6487,28.8636
4182002.0,44.6362,39.9785,33.9496
4190002.0,45.6322,39.7775,38.7183
4198002.0,46.3264,40.7073,44.3988
4206002.0,46.5618,40.7942,49.3079
4214002.0,47.5706,41.2615,5.21928
4222002.0,47.515,41.4034,10.6102
4230002.0,48.7123,41.4838,15.3939
4238002.0,0.70503,41.6323,21.0614
4246002.0,1.75375,41.8663,25.6117
4254002.0,4.01583,41.5839,31.2035
4262002.0,4.65634,41.7087,36.8504
4270002.0,4.476459999999999,41.9075,41.5525
4278002.0,5.06159,41.678000000000004,47.0625
4286002.0,5.37022,41.9288,3.11312
4294002.0,6.49653,41.4471,7.700019999999999
4302002.0,6.968039999999999,41.3549,12.8787
4310002.0,7.241910000000001,41.2907,17.8825
4318002.0,7.406789999999999,41.2055,22.8444
4326002.0,7.5106,41.2856,27.6953
4334002.0,7.92524,41.5191,32.7318
4342002.0,8.044780000000001,41.4975,37.4063
4350002.0,8.2471,41.5137,42.0481
4358002.0,8.25869,41.192,47.021
4366002.0,8.81937,41.0336,1.70665
4374002.0,9.62688,40.6484,5.59499
4382002.0,9.88355,40.7462,10.3913
4390002.0,10.4126,40.6949,15.4312
4398002.0,10.8651,40.7999,21.1558
4406002.0,11.2642,40.9066,26.3776
4414002.0,11.9562,40.4702,31.1541
4422002.0,12.431,40.3147,36.2104
4430002.0,12.3914,40.1513,41.376000000000005
4438002.0,12.3316,40.0637,46.3182
4446002.0,12.4559,40.092,1.4475200000000001
4454002.0,12.8662,40.1605,6.49673
4462002.0,13.0315,40.2392,11.4003
4470002.0,14.0808,40.5601,16.6018
4478002.0,14.4012,40.4661,20.7039
4486002.0,15.1203,40.5622,25.5595
4494002.0,15.437000000000001,40.823,30.0434
4502002.0,15.7665,40.9846,35.3717
4510002.0,15.4886,41.3032,39.5034
4518002.0,15.3036,42.0575,43.3708
4526002.0,15.7293,42.3839,48.3543
4534002.0,16.1536,42.425,3.70916
4542002.0,16.0864,42.4326,8.19813
4550002.0,16.3174,42.5149,12.988
4558002.0,16.834,42.3377,17.9843
4566002.0,16.5686,42.2316,23.4695
4574002.0,17.9307,41.6159,28.0792
4582002.0,19.3059,41.9101,33.7192
4590002.0,20.8706,41.6817,38.0074
4598002.0,21.8664,41.8406,43.3083
4606002.0,22.7358,41.9476,47.1678
4614002.0,23.5416,41.9245,1.9081299999999999
4622002.0,24.1986,41.4927,5.73807
4630002.0,24.4697,40.9996,9.05312
4638002.0,25.4524,40.0986,11.7173
4646002.0,24.8964,40.4515,16.7553
4654002.0,25.4006,40.1963,20.7988
4662002.0,27.5476,40.8382,24.826999999999998
4670002.0,28.4691,41.0423,28.7439
4678002.0,28.2068,40.95,33.3925
4686002.0,29.2651,41.0531,37.7975
4694002.0,29.7563,40.9873,42.8557
4702002.0,30.5075,41.026,46.9948
4710002.0,32.0198,41.1577,1.31484
4718002.0,32.3978,41.2447,5.5925
4726002.0,32.3089,41.5612,10.3602
4734002.0,33.6208,41.5803,14.4875
4742002.0,34.3039,41.7908,19.2158
4750002.0,34.3927,41.6758,23.4941
4758002.0,34.7741,41.5637,27.7119
4760002.0,34.6818,41.538999999999994,28.6043
4768002.0,34.8884,41.5194,33.5469
4776002.0,36.3423,41.6714,37.043
4784002.0,38.0035,41.7159,41.9247
4792002.0,38.5265,41.7951,46.2563
4800002.0,38.9133,42.035,1.3651799999999998
4808002.0,39.134,42.1874,6.239269999999999
4816002.0,40.7366,42.0835,11.027999999999999
4824002.0,41.6965,41.9219,15.9819
4832002.0,42.9399,42.0148,20.8014
4840002.0,43.6068,42.0878,26.2432
4848002.0,44.3088,42.055,31.2689
4856002.0,45.7637,42.1714,36.7075
4864002.0,45.9541,42.0303,41.9114
4872002.0,47.8327,42.1238,46.9168
4880002.0,47.9144,42.5316,2.3683
4888002.0,48.5392,42.5682,6.9875
4896002.0,0.783034,42.8008,11.8055
4904002.0,1.7039799999999998,43.2283,15.7104
4912002.0,2.03214,43.5424,20.7376
4920002.0,3.8451800000000005,43.9353,25.4958
4928002.0,5.32822,44.0374,30.1833
4936002.0,6.42753,44.346000000000004,35.16
4944002.0,6.49328,44.266999999999996,38.6447
4952002.0,7.085319999999999,44.0697,42.9886
4960002.0,7.26589,44.0185,47.736999999999995
4968002.0,7.4161399999999995,44.0679,3.41171
4976002.0,7.659110000000001,44.0812,8.31842
4984002.0,7.78613,44.0974,13.3215
4992002.0,8.4567,43.9637,17.3583
5000002.0,8.69422,43.8513,22.1766
5008002.0,8.70451,43.8966,27.0212
5016002.0,8.51801,43.9007,31.5136
5024002.0,8.54567,44.0484,36.4759
5032002.0,9.01565,43.9914,41.3151
5040002.0,9.27106,44.1132,46.5188
5048002.0,9.52862,44.0844,1.5748799999999998
5056002.0,9.95931,44.0691,6.50097
5064002.0,11.6122,44.065,10.8967
5072002.0,12.3458,44.0939,15.4296
5080002.0,13.4509,44.1239,20.4337
5088002.0,14.1469,44.0888,25.1789
5096002.0,15.3209,43.9175,30.2134
5104002.0,15.9936,44.0089,35.3646
5112002.0,16.8028,43.9537,40.080999999999996
5120002.0,17.647000000000002,43.9442,45.4587
5128002.0,18.3386,44.0167,0.8656889999999999
5136002.0,18.4715,44.0114,6.040690000000001
5144002.0,18.6681,44.0052,11.0808
5152002.0,18.5331,44.0328,16.0983
5160002.0,18.9309,44.0158,21.1463
5168002.0,19.0351,43.9786,26.1007
5176002.0,19.4023,44.0127,31.111
5184002.0,19.7082,43.9548,35.7869
5192002.0,19.9049,44.0983,40.1087
5200002.0,20.3234,44.1704,45.0585
5208002.0,20.8829,44.3063,0.0601294
5216002.0,21.3516,44.106,4.664630000000001
5224002.0,21.7631,44.1224,9.18108
5232002.0,21.9542,43.9595,13.7749
5240002.0,22.1151,43.7385,17.9608
5248002.0,22.625,43.8923,21.9504
5256002.0,22.5282,44.0431,26.2041
5264002.0,22.0598,44.0076,30.7978
5272002.0,22.9825,44.158,35.1204
5280002.0,23.6202,44.2008,40.1647
5288002.0,24.0942,44.3562,44.8114
5296002.0,24.6903,44.4179,49.3617
5304002.0,25.2458,44.4874,5.018759999999999
5312002.0,26.8101,44.6692,9.97454
5320002.0,26.9649,44.8205,14.8248
5328002.0,27.0412,44.8602,19.199
5336002.0,27.9004,44.5889,23.888
5344002.0,28.7576,44.3737,28.1577
5352002.0,28.7438,44.3339,33.0562
5360002.0,29.8237,44.6275,37.6361
5368002.0,30.4334,44.474,42.6664
5376002.0,30.912,44.4125,47.2927
5384002.0,32.4646,44.085,2.64898
5392002.0,32.3766,44.2157,6.878439999999999
5400002.0,32.4037,44.018,11.8658
5408002.0,32.77,43.933,16.1388
5416002.0,34.1253,44.0522,21.2743
5424002.0,34.7546,44.3953,25.9629
5432002.0,35.0083,44.4154,30.555999999999997
5440002.0,35.512,44.185,34.6983
5448002.0,36.2208,44.2098,39.3162
5456002.0,36.446,44.1811,44.1098
5464002.0,36.0454,43.8278,48.4781
5472002.0,35.9941,43.7975,4.37789
5480002.0,36.6054,43.7091,9.58929
5488002.0,36.9296,43.5722,13.7682
5496002.0,37.885999999999996,43.068999999999996,19.2467
5504002.0,37.8179,43.0446,24.2725
5512002.0,38.8536,43.6369,28.881
5520002.0,39.6026,43.6602,33.2993
5528002.0,40.4649,43.5257,37.5847
5536002.0,40.8958,43.7239,42.2726
5544002.0,41.0798,43.6189,47.0922
5552002.0,41.3688,43.5117,2.12304
5560002.0,41.6989,42.9813,7.150189999999999
5568002.0,42.3724,43.405,11.5555
5576002.0,43.2905,43.2779,16.2218
5584002.0,43.7115,43.1914,21.5402
5592002.0,44.4146,43.7629,26.641
5600002.0,44.3875,44.0998,31.6037
5608002.0,44.7947,43.8736,36.4611
5616002.0,45.4917,43.5382,41.3065
5624002.0,45.9445,44.0519,46.1343
5632002.0,47.1823,44.2119,1.48748
5640002.0,48.7652,44.1949,6.918889999999999
5648002.0,0.0776852,44.4516,11.7088
5656002.0,0.555041,44.5408,16.6718
5664002.0,0.693384,44.5244,21.6371
5672002.0,1.13802,44.6478,26.601
5680002.0,0.890727,45.0682,31.1019
5688002.0,1.8727200000000002,44.5073,36.022
5696002.0,1.8291,44.6239,40.3834
5704002.0,1.87972,44.5919,44.8517
5712002.0,2.13003,45.1079,49.4826
5720002.0,2.4685900000000003,44.9941,5.21767
5728002.0,2.71431,45.0885,10.118
5736002.0,2.89125,45.2543,14.9826
5744002.0,3.06327,45.1782,20.0762
5752002.0,3.3527400000000003,45.1867,25.0931
5760002.0,3.07737,45.6991,28.8629
5768002.0,4.30457,45.5749,33.7048
5776002.0,5.32195,45.698,38.6508
5784002.0,5.60621,45.5562,43.4879
5792002.0,6.23759,45.6428,48.2322
5800002.0,6.67692,45.6455,4.1525099999999995
5808002.0,7.55991,45.6147,9.04214
5816002.0,8.72083,45.7801,14.1118
5824002.0,8.98157,45.7443,18.695
5832002.0,9.38108,46.1004,23.3318
5840002.0,10.3608,46.5771,29.2191
5848002.0,11.8187,46.868,34.6809
5856002.0,12.5192,46.8484,39.6966
5864002.0,13.7729,46.8553,44.7004
5872002.0,14.0123,46.8589,0.11643900000000001
5880002.0,13.7965,47.0312,5.03938
5888002.0,14.5486,47.0774,10.1025
5896002.0,15.1296,47.1341,15.2705
5904002.0,15.3168,47.284,20.2918
5912002.0,15.1933,47.379,25.345
5920002.0,15.1802,47.3516,30.4004
5928002.0,15.3619,47.2902,35.3072
5936002.0,15.2907,47.3245,40.2674
5944002.0,15.4991,47.2134,45.2
5952002.0,15.5035,47.152,0.66428
5960002.0,15.5311,47.1228,5.42318
5968002.0,15.793,47.1059,10.0809
5976002.0,15.7979,47.0701,14.9169
5984002.0,15.9389,47.097,19.9118
5992002.0,16.0945,47.1903,25.2286
6000002.0,16.0319,47.3073,30.274
6008002.0,16.1694,47.3078,35.226
6016002.0,16.0863,47.2326,40.1547
6024002.0,16.2242,47.2286,45.1302
6032002.0,16.2078,47.0999,0.41828699999999996
6040002.0,16.2754,47.0706,5.32225
6048002.0,16.7425,47.2338,10.3524
6056002.0,16.9249,47.2364,15.5787
6064002.0,17.1494,47.2285,20.4634
6072002.0,17.3354,47.5317,25.5045
6080002.0,17.8362,47.3757,30.5819
6088002.0,18.5389,47.379,35.5608
6096002.0,18.6926,47.2287,40.5573
6104002.0,18.8401,47.318999999999996,45.5785
6112002.0,18.8848,47.4377,1.10879
6120002.0,19.1917,47.5343,5.997669999999999
6128002.0,19.1957,47.5618,11.0856
6136002.0,19.4741,47.4967,16.0204
6144002.0,20.273,47.5182,21.4056
6152002.0,20.9348,47.4411,26.641
6160002.0,21.0592,47.4865,31.9715
6168002.0,21.0839,47.4862,36.8732
6176002.0,21.1913,47.5205,41.873999999999995
6184002.0,21.2827,47.5681,46.7503
6192002.0,21.2723,47.6044,2.2917
6200002.0,21.3021,47.6002,7.33767
6208002.0,21.3446,47.5424,12.4081
6216002.0,21.3647,47.4984,17.3374
6224002.0,21.4762,47.2998,22.373
6232002.0,21.9851,47.3414,27.3059
6240002.0,22.5759,47.3176,32.2668
6248002.0,23.4643,47.2589,37.2177
6256002.0,23.8174,47.3649,42.2342
6264002.0,24.1175,46.9092,47.852
6272002.0,24.7728,47.1164,3.24348
6280002.0,25.315,47.2084,8.45158
6288002.0,25.6875,47.2961,13.2639
6296002.0,25.6103,47.2741,18.0581
6304002.0,25.6641,47.1858,23.0096
6312002.0,26.42,47.262,27.9986
6320002.0,27.005,47.088,32.7224
6328002.0,27.6344,46.5298,37.7963
6336002.0,27.918000000000003,46.5107,42.9742
6344002.0,28.1109,46.5547,47.8947
6352002.0,28.0854,46.3856,3.4376300000000004
6360002.0,28.1002,46.3781,8.25504
6368002.0,28.4715,46.4178,13.2333
6376002.0,28.615,46.4321,18.4533
6384002.0,28.7428,46.6774,23.5147
6392002.0,28.8374,46.5844,28.3835
6400002.0,28.7083,46.574,33.3978
6408002.0,28.7588,46.4957,38.4836
6416002.0,28.6452,46.5004,43.3444
6424002.0,28.8933,46.5774,48.401
6432002.0,28.7228,46.3977,3.70285
6440002.0,28.8115,46.5729,8.23754
6448002.0,28.9977,46.6132,13.345999999999998
6456002.0,29.9066,46.6331,18.4221
6464002.0,30.5287,46.3987,23.5155
6472002.0,30.5166,46.3743,29.0147
6480002.0,30.5026,46.4149,34.1581
6488002.0,30.3982,46.5504,39.052
6496002.0,30.5995,46.3745,44.2779
6504002.0,30.8824,46.2912,49.3271
6512002.0,30.8494,46.3053,4.85887
6520002.0,30.448,46.4046,9.45834
6528002.0,30.5494,46.2952,14.3582
6536002.0,30.8577,46.3293,19.7696
6544002.0,31.0115,46.3429,24.4195
6552002.0,31.1327,46.2814,29.392
6560002.0,31.3268,46.597,34.9098
6568002.0,31.9429,46.3865,39.2897
6576002.0,32.2887,46.4252,44.4853
6584002.0,32.9495,46.5047,49.4104
6592002.0,33.98,46.6487,4.973409999999999
6600002.0,34.5628,46.6446,9.97667
6608002.0,35.3757,46.7458,15.0261
6616002.0,36.2929,46.652,19.8821
6624002.0,38.0512,46.7021,24.2984
6632002.0,39.5181,46.4073,28.7172
6640002.0,39.9521,46.418,33.7182
6648002.0,40.3965,46.5032,38.5993
6656002.0,41.0222,46.6704,43.5369
6664002.0,41.5874,46.9123,48.1677
6672002.0,42.4735,47.006,3.8686800000000003
6680002.0,42.9843,46.9367,9.105
6688002.0,42.6789,46.4255,14.3265
6696002.0,42.9297,46.4139,18.8304
6704002.0,44.0725,46.4953,23.3455
6712002.0,45.2489,46.5952,28.1913
6720002.0,45.8438,46.6037,33.1851
6728002.0,46.6073,46.5927,38.2425
6736002.0,47.5725,46.6489,42.76
6744002.0,48.2453,46.6542,47.8646
6752002.0,49.2423,46.5164,3.4112699999999996
6760002.0,49.4363,46.5496,8.407910000000001
6768002.0,49.29600000000001,46.6027,13.6008
6776002.0,49.2136,46.3847,18.4245
6784002.0,0.0807309,46.3459,23.3666
6792002.0,0.305357,46.4409,27.8869
6800002.0,0.611917,46.551,32.4088
6808002.0,0.9521860000000001,46.4232,37.1356
6816002.0,1.13493,46.3139,42.2212
6824002.0,1.4027399999999999,46.4327,47.162
6832002.0,2.31153,46.5689,2.45553
6840002.0,2.70712,46.5546,7.60945
6848002.0,3.38774,46.6623,12.6252
6856002.0,3.9106300000000003,46.5193,17.4383
6864002.0,4.56378,46.6291,22.1722
6872002.0,5.00085,46.5331,26.5058
6880002.0,5.73884,46.4635,31.2762
6888002.0,6.1947,46.5127,36.4397
6896002.0,6.42185,46.6392,41.2461
6904002.0,7.00738,46.2862,46.2888
6912002.0,7.861789999999999,46.1779,1.87296
6920002.0,8.21498,46.3864,6.964339999999999
6928002.0,8.9046,46.4662,11.9795
6936002.0,8.5387,46.358999999999995,16.7248
6944002.0,9.080789999999999,46.5591,21.1607
6952002.0,10.8724,46.1699,25.3549
6960002.0,11.4772,46.2477,29.3542
6968002.0,11.572000000000001,46.5312,33.7981
6976002.0,12.134,46.6881,38.8677
6984002.0,11.8627,46.9394,43.4757
6992002.0,11.9033,47.3097,48.312
7000002.0,12.2429,47.3025,3.14725
7008002.0,13.0829,47.2678,8.18004
7016002.0,13.457,47.5346,12.4849
7024002.0,13.4406,47.4892,17.1774
7032002.0,13.6788,47.4571,21.5357
7040002.0,14.1104,47.2909,25.8596
7048002.0,14.2083,47.3134,30.7649
7056002.0,14.3938,47.1524,35.8807
7064002.0,14.7702,46.9764,40.865
7072002.0,15.3996,46.8229,45.606
7080002.0,15.9093,46.9689,0.592037
7088002.0,15.7088,46.9591,5.6772800000000005
7096002.0,15.6845,46.7147,10.4415
7104002.0,16.0054,46.6131,15.2176
7112002.0,16.2362,46.913000000000004,20.1833
7120002.0,16.5845,46.8056,25.1479
7128002.0,16.3937,46.7842,29.9197
7136002.0,16.7015,46.7437,34.7718
7144002.0,16.942,46.6564,39.772
7152002.0,17.0669,46.5988,44.8273
7160002.0,17.7706,46.6845,1.03204
7168002.0,17.9991,46.5798,5.73987
7176002.0,18.9604,46.6972,11.4498
7184002.0,19.3555,46.8092,16.1528
7192002.0,19.4886,46.8647,21.0855
7200002.0,20.0091,47.0418,26.3445
7204002.0,19.8148,47.0833,28.6263
7212002.0,21.3359,47.1942,33.898
7220002.0,22.1004,47.0831,38.4615
7228002.0,22.3339,47.1142,43.34
7236002.0,22.8002,47.001999999999995,48.4922
7244002.0,23.0271,47.008,3.9239800000000002
7252002.0,23.1,47.0829,8.88976
7260002.0,23.3055,47.2584,13.8094
7268002.0,23.5,47.2624,18.6755
7276002.0,24.0182,47.5316,23.6067
7284002.0,23.9941,47.4784,28.5856
7292002.0,24.3464,47.3973,33.6432
7300002.0,24.9203,47.4085,38.6111
7308002.0,25.7766,47.3496,43.3829
7316002.0,25.9266,47.2115,47.7556
7324002.0,25.9148,47.2498,3.06196
7332002.0,26.0505,47.3282,8.09051
7340002.0,26.4314,47.1909,12.4515
7348002.0,26.6174,47.0169,17.1271
7356002.0,26.4186,46.9956,21.4482
7364002.0,26.7167,46.9756,25.5227
7372002.0,26.8551,46.9942,30.511999999999997
7380002.0,26.9367,46.9348,34.9191
7388002.0,27.0114,47.0739,39.8166
7396002.0,27.0885,47.0234,44.4466
7404002.0,27.241,47.0674,49.4324
7412002.0,27.7445,46.9592,4.4629
7420002.0,27.9021,47.082,9.14895
7428002.0,28.0844,47.0899,14.0751
7436002.0,27.9671,47.0955,19.0739
7444002.0,27.9771,47.1089,24.0417
7452002.0,28.1073,47.0249,28.9613
7460002.0,28.1802,47.0297,34.0479
7468002.0,28.1942,47.0798,39.1199
7476002.0,28.2253,47.0533,44.0549
7484002.0,28.2448,46.9942,48.8418
7492002.0,28.2862,47.1378,4.3354099999999995
7500002.0,28.4687,47.336999999999996,9.25267
7508002.0,28.7637,47.3096,14.1673
7516002.0,28.5875,47.2544,19.1624
7524002.0,28.588,47.1207,23.947
7532002.0,28.5208,47.0599,28.8307
7540002.0,28.6344,46.8908,33.6648
7548002.0,28.4993,47.1,37.8244
7556002.0,28.6927,47.3578,42.9349
7564002.0,28.7945,47.3566,47.6073
7572002.0,28.8467,47.3521,3.06175
7580002.0,29.0144,47.5698,8.10238
7588002.0,28.9804,47.6781,12.9615
7596002.0,28.9267,47.6826,18.0262
7604002.0,29.1108,47.778,22.9004
7612002.0,29.2429,47.5487,28.0697
7620002.0,29.1803,47.6323,32.9656
7628002.0,29.1145,47.6973,37.9512
7636002.0,29.3979,47.6968,42.4976
7644002.0,29.4608,47.68899999999999,47.5212
7652002.0,29.5778,47.7012,3.00307
7660002.0,29.7384,47.5201,7.98318
7668002.0,30.6403,47.4649,13.1912
7676002.0,31.2181,47.4085,17.855999999999998
7684002.0,31.3274,47.3798,22.7459
7692002.0,31.796999999999997,47.438,28.0325
7700002.0,31.9833,47.6026,33.0205
7708002.0,32.0582,47.7335,37.9963
7716002.0,32.2726,47.4929,43.0169
7724002.0,32.5613,47.3198,47.8958
7732002.0,33.1552,47.5236,3.7151099999999997
7740002.0,33.9862,47.4654,8.29609
7748002.0,34.0886,47.4979,13.2181
7756002.0,34.5165,47.5185,17.9661
7764002.0,34.5616,47.5674,22.7436
7772002.0,34.5506,47.5462,27.6239
7780002.0,34.6099,47.3784,32.3799
7788002.0,34.8162,47.3203,37.2784
7796002.0,34.9569,47.3463,42.3811
7804002.0,35.1615,47.2839,47.361000000000004
7812002.0,35.474000000000004,47.2613,2.8972900000000004
7820002.0,35.813,47.2042,7.971080000000001
7828002.0,36.3118,47.1979,13.0616
7836002.0,36.5183,47.2961,18.1772
7844002.0,36.5961,47.0415,23.133000000000003
7852002.0,36.5681,46.9455,28.0309
7860002.0,36.681,46.933,33.0933
7868002.0,36.5922,47.0091,38.1255
7876002.0,36.5079,46.9637,43.1164
7884002.0,37.1561,46.5493,48.3618
7892002.0,37.9899,46.3809,3.79169
7900002.0,38.1778,46.4629,8.7868
7908002.0,38.2979,46.3753,13.6473
7916002.0,38.4588,46.2806,18.6072
7924002.0,38.6205,46.428999999999995,23.3759
7932002.0,38.6401,46.5466,28.160999999999998
7940002.0,38.6228,46.6302,32.7764
7948002.0,39.1531,46.1698,37.4533
7956002.0,39.1335,46.1966,41.858000000000004
7964002.0,39.0651,46.1802,46.7264
7972002.0,38.9498,46.1665,2.17853
7980002.0,39.2294,46.3302,7.375839999999999
7988002.0,39.2555,46.2852,12.2117
7996002.0,39.2137,46.4499,17.1067
