2.0,17.1529,47.6265,28.5468
8002.0,19.8643,47.382,32.543
16002.0,21.5927,47.3106,36.5288
24002.0,21.7521,47.3165,41.3856
32002.0,21.766,47.3298,45.9707
40002.0,21.7819,47.33,1.46719
48002.0,22.046,47.2895,6.12709
56002.0,22.0044,47.2485,11.0103
64002.0,22.0972,47.2241,15.4521
72002.0,22.9967,47.2629,19.5398
80002.0,23.3585,47.2287,23.3235
88002.0,23.6173,47.2718,28.2572
96002.0,24.1165,47.115,32.9186
104002.0,24.311999999999998,47.0544,36.1501
112002.0,24.3545,47.0541,39.1185
120002.0,27.8958,47.4854,45.9109
128002.0,29.3601,46.8296,2.02568
136002.0,30.6274,46.6142,7.15552
144002.0,31.3037,46.4708,11.9838
152002.0,31.6891,46.4781,16.3409
160002.0,33.8263,46.4498,21.1599
168002.0,34.6047,46.5475,26.0776
176002.0,35.0339,46.5068,31.0862
184002.0,35.5612,46.6752,35.9267
192002.0,36.1806,46.48,40.8935
200002.0,36.4851,46.691,45.8223
208002.0,37.2621,46.7453,0.58424
216002.0,38.1206,46.6004,5.4096
224002.0,38.492,46.1175,9.662930000000001
232002.0,40.2405,44.6054,14.4789
240002.0,41.6451,43.756,17.4716
248002.0,44.4214,40.9286,20.2924
256002.0,45.1528,42.0497,26.5254
264002.0,45.5756,44.8137,32.0513
272002.0,45.4057,45.7506,40.0384
280002.0,45.9679,46.0201,45.4499
288002.0,48.1303,46.0221,1.1767299999999998
296002.0,46.573,46.4774,6.09034
304002.0,47.6828,46.1725,10.7412
312002.0,48.7397,46.18600000000001,14.799000000000001
320002.0,49.1733,46.3649,19.38
328002.0,0.539063,46.4046,24.704
336002.0,1.5143,46.415,29.2415
344002.0,1.84928,46.5966,34.7339
352002.0,3.3560300000000005,46.2849,38.0082
360002.0,3.3089800000000005,46.2313,42.8139
368002.0,4.19575,46.0464,47.2782
376002.0,3.92266,46.0899,2.48733
384002.0,4.18076,46.0449,7.06618
392002.0,4.60395,46.3629,11.9624
400002.0,4.556719999999999,46.4712,16.7951
408002.0,4.58871,46.5106,21.4717
416002.0,4.53166,46.5659,25.9873
424002.0,4.91212,46.6502,30.912
432002.0,4.94067,46.5972,35.658
440002.0,4.911490000000001,46.3915,40.408
448002.0,4.959919999999999,46.478,44.826
456002.0,5.12476,46.515,49.1827
464002.0,5.2278199999999995,46.6999,3.90297
472002.0,5.82085,46.419,8.939160000000001
480002.0,6.19899,46.4811,14.0168
488002.0,6.50106,46.4803,18.9713
496002.0,7.35513,46.3747,23.8681
504002.0,7.45719,46.3868,28.8282
512002.0,7.56875,46.3402,33.7961
520002.0,7.71488,46.0932,38.9244
528002.0,7.86228,46.0132,44.1165
536002.0,8.817639999999999,45.9211,49.1711
544002.0,10.0687,45.895,4.4732400000000005
552002.0,11.4854,46.1503,9.10172
560002.0,12.6325,45.9519,13.9806
568002.0,12.6472,46.0753,18.7963
576002.0,13.1889,46.0465,23.9076
584002.0,13.8056,45.6465,28.8386
592002.0,14.7704,45.3864,33.7089
600002.0,15.1425,45.1995,38.6742
608002.0,15.3869,45.0268,43.8752
616002.0,15.544,45.3953,48.4937
624002.0,15.7794,45.7169,3.8109300000000004
632002.0,15.4486,45.7697,8.09596
640002.0,15.7209,45.7194,13.0403
648002.0,15.5344,46.0994,16.9351
656002.0,15.1704,46.4442,21.528000000000002
664002.0,15.1296,46.6941,26.3876
672002.0,15.0682,46.4592,31.2664
680002.0,15.1281,46.5258,36.1926
688002.0,15.1313,46.5788,41.4176
696002.0,15.126,46.576,46.3079
704002.0,15.1858,46.5731,1.8671799999999998
712002.0,15.1177,46.3861,7.00737
720002.0,15.1492,46.4233,11.9947
728002.0,15.1933,46.4174,16.9372
736002.0,15.1685,46.5015,21.8441
744002.0,15.0857,46.4296,26.8792
752002.0,14.9881,46.3209,32.0184
760002.0,14.9633,46.3023,37.1729
768002.0,14.9714,46.3091,41.9326
776002.0,14.8877,46.4755,47.0082
784002.0,14.7733,46.3589,1.9473799999999999
792002.0,14.9877,46.5473,7.0151
800002.0,15.0114,46.7914,11.5975
808002.0,15.1383,46.8105,16.483
816002.0,15.0998,46.8846,21.3115
824002.0,15.2395,46.8966,26.0672
832002.0,15.1332,46.8756,31.0537
840002.0,15.0748,46.9127,35.8121
848002.0,15.5158,46.9862,40.8793
856002.0,15.7079,46.7285,45.596000000000004
864002.0,15.6309,46.6842,1.21441
872002.0,15.6551,46.8001,6.05971
880002.0,15.7599,46.9198,10.9753
888002.0,16.0619,46.8695,15.8169
896002.0,16.4834,46.8696,20.2832
904002.0,16.7798,46.5401,25.0236
912002.0,17.0155,46.4993,29.3147
920002.0,17.1862,46.511,34.099000000000004
928002.0,17.2411,46.58,39.2523
936002.0,17.2035,46.6631,43.9592
944002.0,17.3219,46.5832,48.7674
952002.0,17.7329,46.6493,4.14907
960002.0,17.7986,46.5706,9.23829
968002.0,17.8042,46.6228,14.1674
976002.0,17.8326,46.7046,19.1002
984002.0,17.8028,46.8085,23.956
992002.0,17.7339,46.9283,28.7971
1000002.0,17.8093,46.9234,33.4259
1008002.0,18.1764,46.7152,38.3714
1016002.0,18.1128,46.751000000000005,43.3699
1024002.0,18.7575,46.73,48.132
1032002.0,18.91,46.7249,3.50432
1040002.0,18.9923,46.8042,8.19203
1048002.0,19.1237,46.8204,13.1888
1056002.0,19.0977,46.841,18.0925
1064002.0,19.1667,46.7863,23.1413
1072002.0,19.1376,47.0328,28.2062
1080002.0,19.0988,47.059,33.1146
1088002.0,19.2503,47.0123,37.874
1096002.0,19.407,47.0158,42.6348
1104002.0,19.4304,47.1994,47.5868
1112002.0,19.5642,47.0268,3.00995
1120002.0,19.8127,47.1315,8.24899
1128002.0,19.9968,47.37,13.6059
1136002.0,20.0578,47.3786,19.0452
1144002.0,20.1356,47.3414,23.9422
1152002.0,20.1198,47.3725,29.4705
1160002.0,20.2936,47.3966,34.5898
1168002.0,20.1739,47.3632,39.6143
1176002.0,20.1812,47.49100000000001,44.8219
1184002.0,20.3076,47.50899999999999,0.23685900000000001
1192002.0,20.570999999999998,47.4183,5.23115
1200002.0,20.7282,47.3814,10.1876
1208002.0,20.4288,47.6333,15.9383
1216002.0,20.7454,47.523999999999994,20.9344
1224002.0,20.6653,47.598,26.5705
1232002.0,21.3417,47.582,31.6408
1240002.0,22.0381,47.4207,36.8934
1248002.0,22.1375,47.2635,42.0639
1256002.0,22.1421,47.3998,46.7278
1264002.0,22.0767,47.4242,2.14331
1272002.0,22.2706,47.5045,7.07132
1280002.0,22.1204,47.5317,11.8393
1288002.0,21.9446,47.5719,16.6904
1296002.0,21.9435,47.4224,21.2964
1304002.0,21.6842,47.5007,26.0468
1312002.0,22.094,47.4682,30.8804
1320002.0,22.9282,47.4313,35.7475
1328002.0,22.8587,47.5516,40.5337
1336002.0,23.3102,47.5968,45.70399999999999
1344002.0,23.7543,47.5777,1.35474
1352002.0,23.8768,47.5965,7.211689999999999
1360002.0,24.2408,47.5963,12.1723
1368002.0,24.5972,47.6173,17.2479
1376002.0,24.5089,47.608999999999995,22.4913
1384002.0,24.5244,47.5901,27.1482
1392002.0,24.6954,47.5976,31.9803
1400002.0,25.5498,47.6222,37.1573
1408002.0,26.2565,47.5197,42.4925
1416002.0,26.5649,47.5764,47.4057
1424002.0,26.6012,47.5407,3.028
1432002.0,27.0318,47.5248,8.6104
1440002.0,28.1229,47.512,13.9355
1448002.0,28.5555,47.4723,18.974
1456002.0,28.8488,47.4405,23.8125
1464002.0,29.3905,47.3822,29.4748
1472002.0,29.5835,47.3416,34.2354
1480002.0,29.9904,47.2165,39.1662
1488002.0,30.715,46.9323,43.9482
1496002.0,30.8602,47.1966,48.9561
1504002.0,30.7729,47.2183,4.58601
1512002.0,31.221,47.369,9.558710000000001
1520002.0,31.5093,47.5109,14.6466
1528002.0,31.6315,47.4768,19.7112
1536002.0,32.0387,47.5269,24.7934
1544002.0,32.2051,47.6099,29.7226
1552002.0,33.2696,47.2303,34.3764
1560002.0,33.8769,47.1633,39.3956
1568002.0,33.7906,47.1335,44.2838
1576002.0,34.3026,47.0474,49.3921
1584002.0,34.4069,47.0541,4.86604
1592002.0,34.4224,47.1481,9.70161
1600002.0,34.8617,46.9547,14.6954
1608002.0,35.0845,46.7048,19.7611
1616002.0,35.0284,46.726000000000006,24.569000000000003
1624002.0,35.204,46.8081,29.4457
1632002.0,35.2268,46.8753,34.2067
1640002.0,35.452,46.8957,39.2687
1648002.0,35.5343,46.9913,44.2854
1656002.0,35.5357,46.9338,49.1877
1664002.0,35.5694,46.9739,4.57978
1672002.0,35.764,47.0878,9.56513
1680002.0,35.7596,47.1293,14.5542
1688002.0,35.8327,47.1122,19.5312
1696002.0,35.8892,47.0409,24.6024
1704002.0,35.8707,46.9591,29.5604
1712002.0,36.1354,46.9713,34.6748
1720002.0,36.2708,46.9579,39.2933
1728002.0,36.0766,47.0969,44.1844
1736002.0,36.1508,47.1049,49.1521
1744002.0,36.0361,47.1121,4.39692
1752002.0,35.7828,47.1533,8.55903
1760002.0,35.5499,47.17,13.4713
1768002.0,35.523,47.1751,18.26
1776002.0,35.501,47.0746,23.2493
1784002.0,35.4777,46.9263,27.691999999999997
1792002.0,35.5389,46.8609,32.346
1800002.0,35.7215,46.9592,37.4409
1808002.0,35.8578,46.9254,42.2933
1816002.0,36.0358,46.5847,46.7207
1824002.0,36.1771,46.5576,1.97337
1832002.0,36.2735,46.4148,6.841660000000001
1840002.0,36.8821,46.1624,11.7339
1848002.0,36.8631,45.9856,16.2366
1856002.0,37.1043,46.2679,20.8829
1864002.0,36.9918,46.1038,25.1004
1872002.0,37.1493,46.2005,30.0717
1880002.0,38.1292,46.3766,35.1835
1888002.0,38.9932,46.3176,39.9268
1896002.0,39.2125,46.2859,44.8778
1904002.0,39.4512,46.4501,0.6104149999999999
1912002.0,39.439,46.4522,5.64818
1920002.0,39.5909,46.4916,10.8133
1928002.0,39.4358,46.7535,16.0757
1936002.0,39.547,46.8509,21.0034
1944002.0,39.5482,46.6527,25.776999999999997
1952002.0,40.2296,46.8602,30.9472
1960002.0,39.8101,46.5654,35.4973
1968002.0,39.8094,46.7041,40.6035
1976002.0,39.9607,46.7365,45.2058
1984002.0,39.9787,46.6624,0.821419
1992002.0,39.851,46.6905,5.52493
2000002.0,39.8947,46.7611,10.1917
2008002.0,39.650999999999996,46.8805,15.2593
2016002.0,39.8463,46.9796,20.5996
2024002.0,39.9346,47.0996,25.7266
2032002.0,40.0926,47.1494,30.7441
2040002.0,40.3152,47.1554,35.6259
2048002.0,40.5578,47.1669,40.4275
2056002.0,40.8925,47.1216,45.2474
2064002.0,40.5497,47.3613,0.29596300000000003
2072002.0,41.1452,47.3481,4.79951
2080002.0,41.1071,47.4146,9.714269999999999
2088002.0,41.7229,47.2834,14.1729
2096002.0,42.0282,47.3705,19.5366
2104002.0,42.1295,47.3661,24.1031
2112002.0,42.5512,47.5876,29.1335
2120002.0,42.9085,47.531000000000006,34.1519
2128002.0,43.1896,47.2843,38.4175
2136002.0,43.5842,47.3899,43.0503
2144002.0,44.2008,47.2775,48.0099
2152002.0,44.3159,47.2423,3.4858
2160002.0,44.3144,47.2053,8.51404
2168002.0,44.489,47.1687,13.4485
2176002.0,44.2088,47.0974,18.1168
2184002.0,44.4448,47.2824,23.0793
2192002.0,44.6221,47.0954,27.495
2200002.0,44.5113,47.1208,31.9007
2208002.0,44.6789,47.2569,36.6462
2216002.0,44.7755,47.2719,41.4992
2224002.0,45.1541,47.3627,47.0433
2232002.0,45.4648,47.3111,2.5910900000000003
2240002.0,45.9033,47.4149,7.947310000000001
2248002.0,45.8211,47.192,12.8326
2256002.0,45.7677,47.1548,16.8977
2264002.0,45.8131,47.0976,21.5619
2272002.0,45.898999999999994,47.0711,26.9848
2280002.0,45.6999,47.6482,31.4532
2288002.0,45.541000000000004,47.6972,36.4913
2296002.0,45.8967,47.2729,41.2929
2304002.0,46.3192,47.2467,46.1045
2312002.0,46.3319,47.2977,1.48753
2320002.0,46.4244,47.3024,6.46919
2328002.0,46.7337,47.3308,11.3968
2336002.0,46.8006,47.2788,16.4631
2344002.0,46.836999999999996,47.29600000000001,21.4871
2352002.0,46.9016,47.3394,26.21
2360002.0,47.3547,47.1331,31.031
2368002.0,47.4339,47.1323,35.7824
2376002.0,47.3148,47.1295,40.5248
2384002.0,47.3665,47.1192,45.4087
2392002.0,47.3964,47.091,1.01734
2400002.0,47.3862,47.0508,6.06787
2408002.0,47.3155,47.0477,10.7675
2414002.0,47.6386,46.9601,14.5618
2422002.0,48.1839,46.9482,20.0017
2430002.0,0.667716,46.8043,25.0307
2438002.0,1.9416799999999999,46.958,30.2734
2446002.0,2.66807,46.94,35.1522
2454002.0,2.58969,47.0314,40.0213
2462002.0,3.77923,47.0466,44.9884
2470002.0,4.28184,46.994,0.182092
2478002.0,4.69036,47.0857,5.1618699999999995
2486002.0,4.9134400000000005,47.2121,10.1842
2494002.0,5.04632,47.5496,14.9449
2502002.0,5.20581,47.5327,19.8469
2510002.0,6.24371,47.1145,24.6088
2518002.0,6.17066,46.781000000000006,28.9989
2526002.0,6.9521,46.9517,33.1241
2534002.0,7.784339999999999,46.3923,37.0134
2542002.0,8.21509,46.1151,41.4123
2550002.0,8.66505,46.3637,46.5323
2558002.0,9.574760000000001,46.5762,1.30043
2566002.0,11.0424,46.6078,5.16681
2574002.0,12.9181,47.2945,8.27133
2582002.0,13.9314,46.1569,11.4648
2590002.0,13.9939,46.6376,16.7316
2598002.0,15.3068,46.8293,22.008000000000003
2606002.0,16.1775,46.5515,27.7359
2614002.0,16.5806,46.5906,32.4648
2622002.0,16.7947,46.8273,36.613
2630002.0,17.3399,46.7431,41.9261
2638002.0,17.2534,46.8836,46.8265
2646002.0,17.2121,47.0767,2.75978
2654002.0,17.1671,47.0171,7.67455
2662002.0,17.2726,47.2149,13.2123
2670002.0,18.0081,47.1387,18.3916
2678002.0,18.7003,47.0847,23.3974
2686002.0,20.1917,47.266000000000005,28.3335
2694002.0,20.9149,47.2168,33.6713
2702002.0,21.0954,47.4135,39.203
2710002.0,21.3667,47.3635,44.0341
2718002.0,21.779,47.3562,49.2808
2726002.0,22.430999999999997,47.3048,4.36977
2734002.0,22.6638,47.4059,9.47512
2742002.0,23.3918,47.4726,14.7171
2750002.0,24.156,47.4938,19.9532
2758002.0,24.0941,47.5545,25.1449
2766002.0,24.3264,47.4697,30.0898
2774002.0,24.5418,47.4774,34.8931
2782002.0,24.3687,47.4473,39.7605
2790002.0,24.381,47.4108,44.7282
2798002.0,24.4718,47.4442,0.0358819
2806002.0,24.5472,47.608000000000004,4.96674
2814002.0,24.555999999999997,47.555,9.97096
2822002.0,25.0509,47.5359,14.9071
2830002.0,25.1414,47.4498,19.6525
2838002.0,25.5068,47.4884,25.0913
2846002.0,26.5568,47.4085,30.1169
2854002.0,27.7378,47.5674,35.1968
2862002.0,28.5197,47.4985,40.9848
2870002.0,28.9355,47.5905,45.4003
2878002.0,29.7037,47.5334,1.12744
2886002.0,29.9217,47.3997,6.08677
2894002.0,30.2424,47.3142,11.0703
2902002.0,31.4071,47.4274,15.5121
2910002.0,31.4337,47.5456,20.4991
2918002.0,31.5829,47.7,25.3769
2926002.0,31.9095,47.3314,30.6917
2934002.0,32.1615,47.2492,36.0822
2942002.0,32.2447,47.3421,41.0088
2950002.0,32.2658,47.3527,45.9735
2958002.0,32.5224,47.4166,1.13447
2966002.0,33.2963,47.3967,5.839919999999999
2974002.0,33.3061,47.6,10.6599
2982002.0,33.2072,47.4815,15.8797
2990002.0,33.5155,47.2614,20.8989
2998002.0,34.1373,47.5583,25.6178
3006002.0,34.3719,47.6941,30.6265
3014002.0,34.5651,47.6825,35.4244
3022002.0,34.6778,47.6678,40.318000000000005
3030002.0,35.0204,47.5767,45.2042
3038002.0,35.1115,47.717,0.807822
3046002.0,35.2002,47.6521,5.7633
3054002.0,36.1341,47.6246,10.7784
3062002.0,36.5246,47.6539,15.6704
3070002.0,36.9304,47.4951,21.4861
3078002.0,36.911,47.4661,26.0707
3086002.0,36.8991,47.1476,31.3795
3094002.0,37.0065,47.1886,36.6283
3102002.0,37.5341,47.5392,40.6635
3110002.0,37.5264,47.5356,45.5302
3118002.0,37.7676,47.6662,0.9826530000000001
3126002.0,37.727,47.6673,6.3829
3134002.0,37.9199,47.6771,11.2609
3142002.0,37.9603,47.6404,16.1813
3150002.0,38.6669,47.4296,20.8099
3158002.0,40.1327,47.3984,25.6958
3166002.0,40.2252,47.1843,30.0663
3174002.0,40.8167,47.1386,33.6375
3182002.0,40.8516,46.7282,39.0142
3190002.0,42.5217,46.6744,43.4347
3198002.0,42.7629,46.6503,48.4853
3206002.0,43.9243,46.4031,3.5383400000000003
3214002.0,44.4269,46.3732,7.93393
3222002.0,44.938,46.6403,12.7466
3230002.0,45.2648,46.6541,18.0667
3238002.0,45.7177,46.7118,22.6504
3246002.0,46.4482,46.8708,26.4538
3254002.0,46.896,46.9395,30.3969
3262002.0,46.8931,47.0646,34.339
3270002.0,47.1499,47.3327,39.1446
3278002.0,47.0497,47.5417,43.3649
3286002.0,47.3341,47.3218,47.3474
3294002.0,47.9754,47.6015,1.7837900000000002
3302002.0,48.1665,47.7812,6.4515400000000005
3310002.0,48.474,47.7138,11.1765
3318002.0,48.7394,47.5894,15.8936
3326002.0,49.1469,47.7348,20.2327
3334002.0,0.352711,47.598,24.951
3342002.0,0.72449,47.582,29.916
3350002.0,1.38612,46.9389,34.6106
3358002.0,3.22486,46.7572,39.6563
3366002.0,5.1052,46.6397,44.2274
3374002.0,5.81692,46.3939,49.2512
3382002.0,6.70775,46.1448,4.35217
3390002.0,7.70735,46.6736,8.9868
3398002.0,7.98508,46.4788,14.2547
3406002.0,8.432830000000001,46.6112,19.0054
3414002.0,10.0541,46.4761,23.7269
3422002.0,12.0295,46.3639,28.4111
3430002.0,13.8031,46.6218,33.8386
3438002.0,14.3038,46.6651,38.8459
3446002.0,14.5882,46.5058,43.8428
3454002.0,14.5023,46.4644,48.7395
3462002.0,14.4936,46.5095,3.8988699999999996
3470002.0,14.6139,46.6324,8.49297
3478002.0,14.7832,46.6204,13.4271
3486002.0,14.752,46.6804,18.250999999999998
3494002.0,14.8074,46.6989,23.1855
3502002.0,14.8792,46.5626,28.0659
3510002.0,14.9555,46.4615,33.0188
3518002.0,14.9249,46.5674,38.0512
3526002.0,14.895999999999999,46.5874,43.0125
3534002.0,14.7611,46.5307,47.896
3542002.0,14.6775,46.6818,3.26609
3550002.0,14.6424,46.8038,8.16502
3558002.0,14.6359,46.7581,13.272
3566002.0,14.8736,46.2491,17.8144
3574002.0,14.7993,46.4279,22.857
3582002.0,14.8053,46.6047,28.179000000000002
3590002.0,15.0717,46.5143,33.1751
3598002.0,15.3232,46.4355,38.2583
3606002.0,16.1193,46.1101,43.4939
3614002.0,16.2073,46.1152,48.3321
3622002.0,16.3775,45.99100000000001,3.93961
3630002.0,16.5765,46.3014,8.89375
3638002.0,17.062,46.3609,13.7476
3646002.0,17.7518,46.4884,18.9298
3654002.0,18.1827,46.6679,23.8364
3662002.0,18.182000000000002,46.6872,28.7607
3670002.0,18.0696,46.7938,33.7233
3678002.0,18.2645,46.718,38.616
3686002.0,18.7263,46.7746,43.778
3694002.0,18.6561,46.7663,48.7187
3702002.0,18.9002,46.6188,4.19525
3710002.0,19.0181,46.653999999999996,9.14086
3718002.0,19.1638,46.6027,13.9814
3726002.0,19.6466,46.6988,18.8508
3734002.0,19.805,46.6893,23.9241
3742002.0,20.0399,46.7314,28.6998
3750002.0,20.1446,46.6839,33.7118
3758002.0,20.2013,47.1122,39.1077
3766002.0,20.7668,47.1713,43.8828
3774002.0,20.944000000000003,47.4671,48.4248
3782002.0,20.9795,47.53,3.40575
3790002.0,21.3837,47.5088,8.59655
3798002.0,21.2615,47.343999999999994,13.2248
3806002.0,21.4818,47.192,18.0555
3814002.0,22.2173,47.2325,22.6118
3822002.0,22.8519,47.233000000000004,27.0597
3830002.0,23.0182,47.2092,31.9212
3838002.0,22.9873,47.1628,36.9348
3846002.0,22.9797,47.2276,42.0935
3854002.0,23.3885,47.2816,47.0225
3862002.0,23.4748,47.1698,2.15006
3870002.0,23.9099,47.1651,6.916989999999999
3878002.0,23.999000000000002,47.2555,11.937000000000001
3886002.0,24.0193,47.2854,17.2342
3894002.0,24.4871,47.2335,22.2018
3902002.0,24.8682,47.2528,27.0679
3910002.0,25.3219,47.2112,32.5814
3918002.0,25.8291,47.3197,37.8811
3926002.0,26.7258,47.4548,42.5196
3934002.0,27.2925,47.2481,47.3582
3942002.0,27.3364,47.1251,2.97052
3950002.0,27.4921,47.2929,7.988760000000001
3958002.0,27.9034,46.7886,13.1506
3966002.0,28.144000000000002,46.8976,17.4495
3974002.0,28.5223,46.9331,22.1702
3982002.0,28.3403,47.3234,27.1579
3990002.0,28.5726,47.2426,31.9749
3998002.0,29.0896,47.2897,36.6935
4006002.0,29.2639,47.3336,41.7225
4014002.0,29.1964,47.3479,46.6786
4022002.0,29.3165,47.2235,2.09441
4030002.0,29.5846,47.231,6.68031
4038002.0,30.02,47.321000000000005,11.2618
4046002.0,30.2011,47.4047,15.7843
4054002.0,30.2432,47.2645,20.5788
4062002.0,31.2483,47.3654,25.4305
4070002.0,31.3499,47.4418,29.4581
4078002.0,30.6814,47.3584,34.659
4086002.0,31.3778,47.1957,39.3212
4094002.0,32.0045,46.853,43.8627
4102002.0,31.660999999999998,46.8273,48.8007
4110002.0,31.739,47.1948,4.05443
4118002.0,31.7852,46.9734,8.65317
4126002.0,32.0482,47.1512,13.3815
4134002.0,32.0241,47.2564,18.0116
4142002.0,31.548000000000002,46.4996,22.1587
4150002.0,32.9091,46.0551,27.2084
4158002.0,33.8073,46.1956,32.2723
4166002.0,34.2654,46.3051,36.3755
4174002.0,35.1214,46.3142,40.9439
4182002.0,34.3793,46.1054,46.1345
4190002.0,34.1701,46.3604,1.5170299999999999
4198002.0,34.2001,46.4446,6.4282900000000005
4206002.0,34.2777,46.4652,11.3917
4214002.0,34.4899,46.4839,16.4698
4222002.0,34.1989,46.4613,21.9312
4230002.0,35.2515,46.3237,26.6034
4238002.0,36.2568,46.1469,31.6968
4246002.0,37.1279,46.2873,36.6512
4254002.0,38.827,46.5284,41.4456
4262002.0,38.9346,46.6011,46.2752
4270002.0,38.6031,46.6716,1.2458
4278002.0,39.3669,46.6424,6.70113
4286002.0,39.5292,46.5721,11.4532
4294002.0,40.0986,46.6064,16.2927
4302002.0,40.0713,46.8274,21.5398
4310002.0,40.1541,47.1741,26.622
4318002.0,40.2368,47.4281,31.305999999999997
4326002.0,40.2562,47.2732,36.3151
4334002.0,40.5323,46.6603,41.3105
4342002.0,40.6165,46.3613,46.6812
4350002.0,40.7048,46.4954,2.12117
4358002.0,40.8635,46.4021,7.1733
4366002.0,40.9148,46.3103,11.3796
4374002.0,40.938,46.4981,15.9908
4382002.0,41.0172,46.6859,20.8806
4390002.0,41.1511,46.6126,26.3165
4398002.0,41.8112,46.3386,31.5388
4406002.0,42.721000000000004,46.1737,36.643
4414002.0,43.0533,46.3183,41.321999999999996
4422002.0,43.1644,46.3265,46.0623
4430002.0,42.9256,46.5891,1.71305
4438002.0,43.1684,46.3327,6.65861
4446002.0,43.4604,46.1355,11.6506
4454002.0,43.6147,46.1859,16.5002
4462002.0,43.4397,46.2222,21.4407
4470002.0,43.8059,46.3224,26.1156
4478002.0,44.0988,46.6126,30.918000000000003
4486002.0,44.6767,46.4507,36.1823
4494002.0,45.1008,46.376999999999995,41.4465
4502002.0,44.9455,46.3796,46.6347
4510002.0,44.7287,46.6728,2.1154
4518002.0,44.7434,46.7792,6.580139999999999
4526002.0,44.903999999999996,46.7155,11.2199
4534002.0,45.3895,46.7245,16.1228
4542002.0,45.4644,46.7797,21.1222
4550002.0,45.5513,46.8664,26.1342
4558002.0,45.7816,47.1957,31.0022
4566002.0,45.7575,47.1013,35.9347
4574002.0,46.7096,47.257,41.1379
4582002.0,46.9527,47.343,46.7627
4590002.0,48.2263,47.2651,1.9454099999999999
4598002.0,49.2395,47.1407,7.23675
4606002.0,0.471846,47.0324,11.4142
4614002.0,1.50406,47.2384,16.567999999999998
4622002.0,1.5619999999999998,47.3298,21.6686
4630002.0,1.67956,47.3916,26.1076
4638002.0,1.57885,47.1176,30.218000000000004
4646002.0,1.6223100000000001,47.5137,35.1346
4654002.0,1.60089,47.4054,39.6575
4662002.0,2.35712,47.6388,44.293
4670002.0,2.58963,47.6433,49.1267
4678002.0,2.64605,47.5529,4.70788
4686002.0,3.06694,47.477,9.73485
4694002.0,3.5939,47.5159,14.4845
4702002.0,3.9704300000000003,47.3803,18.2805
4710002.0,4.93459,47.4841,22.7272
4718002.0,5.16391,47.4068,26.9386
4726002.0,5.31091,47.371,31.1591
4734002.0,6.23384,47.369,35.3135
4742002.0,6.5115099999999995,47.3147,39.7009
4750002.0,6.692,47.275,44.1765
4758002.0,7.05054,47.3243,48.7551
4760002.0,7.00329,47.1784,0.09589099999999999
4768002.0,6.7775300000000005,47.1704,5.45172
4776002.0,7.50973,47.7176,10.550999999999998
4784002.0,8.99954,47.5762,14.4405
4792002.0,8.58217,47.445,19.2852
4800002.0,8.74625,47.4099,24.7048
4808002.0,8.95598,47.3049,29.4484
4816002.0,10.2091,47.3474,33.4654
4824002.0,12.075,47.6214,37.7063
4832002.0,13.0195,47.5714,42.2931
4840002.0,13.7413,47.4489,47.6859
4848002.0,14.8842,47.2184,3.8236199999999996
4856002.0,16.0226,47.7248,10.5233
4864002.0,16.1305,47.7381,15.6914
4872002.0,17.6343,47.6041,21.1093
4880002.0,16.7531,47.7318,25.8861
4888002.0,16.7776,47.8318,31.1203
4896002.0,18.1017,47.4948,36.0561
4904002.0,18.7457,47.5795,41.527
4912002.0,18.6493,47.6889,46.8605
4920002.0,20.6288,47.7617,2.22036
4928002.0,22.18,47.7548,7.751589999999999
4936002.0,23.6826,47.7785,12.3647
4944002.0,23.7502,47.8121,16.7803
4952002.0,24.6396,47.8516,20.7295
4960002.0,24.5295,47.818999999999996,25.8595
4968002.0,24.8269,47.845,31.095
4976002.0,25.1617,47.8316,36.4939
4984002.0,26.3824,47.7518,41.385
4992002.0,26.7976,47.7131,45.9204
5000002.0,27.1081,47.733000000000004,1.47268
5008002.0,27.9124,47.6952,6.41855
5016002.0,27.6052,47.7448,11.277000000000001
5024002.0,27.8877,47.8089,15.9627
5032002.0,28.2235,47.8275,20.9773
5040002.0,29.715,47.7555,25.4155
5048002.0,30.0958,47.6362,30.3528
5056002.0,30.5892,47.6595,35.3794
5064002.0,31.826,47.6592,40.0781
5072002.0,33.0976,47.4565,44.8582
5080002.0,33.8228,47.5973,0.724312
5088002.0,34.465,47.7147,6.48209
5096002.0,36.5763,47.711999999999996,10.97
5104002.0,37.935,47.6733,16.219
5112002.0,38.3899,47.3571,20.3487
5120002.0,38.9588,47.4479,26.2137
5128002.0,39.8334,47.4742,31.6055
5136002.0,39.9122,47.5087,37.0994
5144002.0,40.4124,47.4037,42.2066
5152002.0,40.2418,47.4797,47.5144
5160002.0,40.479,47.4842,3.39964
5168002.0,40.5035,47.4846,8.624139999999999
5176002.0,40.8899,47.4759,14.4043
5184002.0,41.1617,47.44,19.4591
5192002.0,41.5444,47.5955,24.1534
5200002.0,42.3672,47.7397,29.5323
5208002.0,42.3757,47.8703,33.4906
5216002.0,42.6,47.9005,38.5663
5224002.0,43.6606,47.9147,43.5774
5232002.0,43.9557,47.8583,48.3138
5240002.0,44.4525,47.8488,3.8737699999999995
5248002.0,44.4835,47.84,8.39306
5256002.0,44.4886,47.6176,12.4213
5264002.0,44.7476,47.8864,17.0477
5272002.0,45.3048,47.8524,21.8181
5280002.0,45.3136,47.652,25.2384
5288002.0,45.1302,47.7759,29.9634
5296002.0,45.5741,47.6685,34.6196
5304002.0,45.9199,47.751000000000005,39.4393
5312002.0,47.0759,47.662,44.5082
5320002.0,47.4761,47.6701,49.2588
5328002.0,47.768,47.7497,4.246980000000001
5336002.0,48.0565,47.6302,9.55049
5344002.0,48.8621,46.9952,13.5872
5352002.0,48.4844,46.56,18.1504
5360002.0,48.7757,45.6317,20.9915
5368002.0,48.0608,44.8957,26.0861
5376002.0,48.1254,44.8442,31.0166
5384002.0,48.8677,44.7918,36.3351
5392002.0,48.0394,44.7562,40.9026
5400002.0,48.4894,44.7453,46.1533
5408002.0,48.7456,44.6412,0.973334
5416002.0,49.0613,44.7648,5.95947
5424002.0,48.7792,44.5384,10.8721
5432002.0,49.1814,44.6508,15.1921
5440002.0,49.3766,44.5019,19.4681
5448002.0,48.638999999999996,44.3903,23.9624
5456002.0,48.6845,44.1585,28.7835
5464002.0,48.7886,44.1673,33.9891
5472002.0,48.3021,43.9951,38.9463
5480002.0,48.9314,43.9919,44.0685
5488002.0,0.06949939999999999,44.1559,48.6043
5496002.0,1.7048900000000002,43.4373,3.52366
5504002.0,1.64667,43.2626,8.54595
5512002.0,1.9223299999999999,43.355,13.3021
5520002.0,2.59212,43.471000000000004,18.1532
5528002.0,3.26995,43.5702,22.5624
5536002.0,3.9612199999999995,43.6923,27.2927
5544002.0,4.2742,43.5651,31.735
5552002.0,4.06618,44.1863,36.6933
5560002.0,4.39382,44.2884,41.8117
5568002.0,5.00102,44.0058,45.7985
5576002.0,5.50068,43.8043,0.494942
5584002.0,5.8731,43.7324,5.1928
5592002.0,6.255319999999999,43.8895,10.1404
5600002.0,6.36805,43.8415,15.1594
5608002.0,6.621589999999999,43.9902,19.2998
5616002.0,6.94225,44.1107,24.9058
5624002.0,7.109710000000001,44.1132,29.6646
5632002.0,8.17481,43.8892,34.6457
5640002.0,9.74268,43.9737,39.6783
5648002.0,10.8595,43.982,44.4622
5656002.0,10.962,44.097,49.3081
5664002.0,11.2923,44.3432,4.33588
5672002.0,11.1729,45.0525,8.6718
5680002.0,11.1688,45.0903,13.8464
5688002.0,11.0376,45.5263,18.048
5696002.0,10.748,45.5376,23.3917
5704002.0,11.0412,46.0072,28.0713
5712002.0,11.1397,46.1909,32.8488
5720002.0,11.3261,46.1198,37.9113
5728002.0,11.5767,46.5829,42.2932
5736002.0,11.8691,46.5636,47.4684
5744002.0,11.9408,46.6317,2.9739999999999998
5752002.0,12.7046,46.5808,7.756539999999999
5760002.0,12.3741,46.5976,13.0139
5768002.0,12.7513,46.4405,18.2869
5776002.0,13.571,46.5665,23.4121
5784002.0,13.6463,46.4992,28.2813
5792002.0,14.1559,46.4623,33.2562
5800002.0,14.6954,46.6231,38.3804
5808002.0,15.1029,46.7462,43.318000000000005
5816002.0,15.9008,46.9865,48.659
5824002.0,15.9709,46.9578,4.27588
5832002.0,16.0414,47.5735,9.44293
5840002.0,16.2827,47.3817,15.1648
5848002.0,17.2837,47.4839,19.7348
5856002.0,18.2655,47.2354,24.1887
5864002.0,18.8934,47.3206,28.5242
5872002.0,19.2415,47.2014,33.6299
5880002.0,19.1731,47.0349,38.1555
5888002.0,19.5846,47.248999999999995,43.6406
5896002.0,20.0801,47.2095,48.3559
5904002.0,20.1903,47.1412,4.01547
5912002.0,20.1234,47.1928,8.47433
5920002.0,20.2156,47.1502,13.664000000000001
5928002.0,20.4683,47.1107,18.9887
5936002.0,20.4534,47.0635,23.9428
5944002.0,20.2305,47.2574,28.873
5952002.0,20.089000000000002,47.4787,33.5142
5960002.0,20.0544,47.5066,38.3164
5968002.0,19.5312,47.4038,42.3945
5976002.0,19.4469,47.3618,47.3776
5984002.0,19.8414,47.2359,3.05124
5992002.0,19.9484,47.3566,8.37957
6000002.0,20.0779,47.4704,13.4863
6008002.0,20.0093,47.4428,18.8513
6016002.0,19.8545,47.5125,23.8857
6024002.0,19.680999999999997,47.4369,29.1043
6032002.0,19.9479,47.3752,33.659
6040002.0,20.5344,47.126000000000005,38.4674
6048002.0,20.3237,47.3851,43.0454
6056002.0,20.4904,47.5242,48.4741
6064002.0,20.7345,47.4693,4.31423
6072002.0,21.1011,47.6494,8.798910000000001
6080002.0,21.1604,47.6582,14.0941
6088002.0,21.438000000000002,47.6133,18.8344
6096002.0,21.9611,47.5187,23.3091
6104002.0,22.0901,47.545,28.1518
6112002.0,22.1833,47.553999999999995,33.2696
6120002.0,22.5018,47.5422,38.2654
6128002.0,22.2096,47.5667,42.7044
6136002.0,22.7429,47.5672,48.5181
6144002.0,22.6154,47.5738,4.0359300000000005
6152002.0,22.5983,47.5442,9.012089999999999
6160002.0,22.7252,47.6116,14.2781
6168002.0,22.8431,47.5905,19.1856
6176002.0,22.621,47.6431,24.3226
6184002.0,22.683000000000003,47.6564,29.264
6192002.0,22.8135,47.6525,34.0742
6200002.0,23.0663,47.6799,39.391
6208002.0,22.9492,47.6955,44.3159
6216002.0,23.171999999999997,47.724,49.483000000000004
6224002.0,23.0998,47.6987,4.94292
6232002.0,23.5051,47.7511,9.80296
6240002.0,23.4671,47.7515,14.5715
6248002.0,23.933000000000003,47.7827,19.6488
6256002.0,24.5541,47.699,24.5016
6264002.0,24.7428,47.7412,28.8492
6272002.0,25.1927,47.7277,34.086999999999996
6280002.0,25.9462,47.6885,39.0363
6288002.0,26.3068,47.5543,43.6797
6296002.0,27.494,47.718,48.2107
6304002.0,28.1496,47.6713,3.46841
6312002.0,28.3794,47.6275,7.9360800000000005
6320002.0,29.0532,47.6009,12.7064
6328002.0,29.5833,47.474,17.4338
6336002.0,30.7462,47.6785,22.0919
6344002.0,31.1368,47.6585,26.5811
6352002.0,30.9514,47.5694,31.1994
6360002.0,31.5606,47.6275,36.3451
6368002.0,31.6348,47.4563,41.8076
6376002.0,31.5376,47.5327,47.5631
6384002.0,31.4219,47.4954,3.06714
6392002.0,31.3892,47.5482,8.6585
6400002.0,31.3969,47.5747,13.6018
6408002.0,31.5277,47.4717,18.9226
6416002.0,31.7668,47.5008,24.5182
6424002.0,32.0872,47.5044,29.5181
6432002.0,32.0825,47.443999999999996,34.8031
6440002.0,31.9025,47.3964,39.3776
6448002.0,31.9854,47.5171,44.1095
6456002.0,32.1405,47.5616,48.8874
6464002.0,32.8546,47.551,4.334219999999999
6472002.0,32.9209,47.6081,9.676210000000001
6480002.0,33.3342,47.6358,15.0011
6488002.0,33.3965,47.6244,19.5963
6496002.0,33.3575,47.5999,24.8465
6504002.0,34.2246,47.5747,29.2999
6512002.0,34.4936,47.5095,34.4322
6520002.0,33.8097,46.7765,39.0481
6528002.0,35.1606,47.6195,43.533
6536002.0,35.8953,47.5433,48.7158
6544002.0,36.0089,47.6215,4.2462599999999995
6552002.0,36.044000000000004,47.6848,8.66446
6560002.0,36.4612,47.6685,13.6498
6568002.0,36.5506,47.6979,18.0202
6576002.0,36.7162,47.6327,23.1123
6584002.0,37.5131,47.6701,28.0839
6592002.0,38.096,47.8188,32.9288
6600002.0,39.0587,47.6234,38.2492
6608002.0,39.3409,47.4448,43.6797
6616002.0,39.7896,47.4093,48.5964
6624002.0,40.9193,47.5838,4.03331
6632002.0,42.2305,47.5192,8.790519999999999
6640002.0,42.4616,47.3104,14.6965
6648002.0,42.7096,47.6592,19.1026
6656002.0,43.4785,47.4269,23.9981
6664002.0,43.5327,47.5643,28.6422
6672002.0,43.8654,47.6122,32.8551
6680002.0,43.9878,47.6554,37.7547
6688002.0,43.7266,47.5103,42.8341
6696002.0,44.365,47.4502,47.3208
6704002.0,45.602,47.4381,2.65633
6712002.0,47.0795,47.358000000000004,7.517710000000001
6720002.0,47.0559,47.2767,12.157
6728002.0,48.2396,47.3512,16.4065
6736002.0,49.0335,47.4348,20.8429
6744002.0,49.0268,47.6309,27.1587
6752002.0,1.0358,47.6611,32.8963
6760002.0,1.39283,47.5897,38.3065
6768002.0,1.45636,47.7009,44.6325
6776002.0,1.14869,47.6105,0.06478740000000001
6784002.0,2.54562,47.7263,5.30094
6792002.0,2.95451,47.738,9.97115
6800002.0,3.47355,47.6347,14.7793
6808002.0,3.32743,47.5594,19.2606
6816002.0,2.97451,47.6017,23.6405
6824002.0,3.31523,47.6479,28.3834
6832002.0,4.5218,47.6039,33.3679
6840002.0,4.43864,47.6764,37.9658
6848002.0,4.45255,47.6149,42.7831
6856002.0,4.52361,47.6784,46.8897
6864002.0,4.38709,47.6534,1.63586
6872002.0,3.9165900000000002,47.585,5.3567599999999995
6880002.0,4.0580099999999995,47.4698,10.4186
6888002.0,4.00888,47.4974,16.0147
6896002.0,4.03183,47.3597,21.1158
6904002.0,4.77923,47.3184,26.3001
6912002.0,5.70368,47.2748,31.2006
6920002.0,6.53603,47.104,36.0613
6928002.0,7.25776,47.0512,40.6876
6936002.0,7.96356,47.176,45.5653
6944002.0,8.754489999999999,46.6807,0.217048
6952002.0,9.94839,46.3445,4.59283
6960002.0,10.9019,46.4232,8.3737
6968002.0,11.5447,45.8371,12.7549
6976002.0,12.3705,46.0761,17.6322
6984002.0,13.0256,45.6901,22.2093
6992002.0,13.6011,45.7086,26.7945
7000002.0,13.4233,45.5634,30.8511
7008002.0,13.8392,45.8632,35.6685
7016002.0,14.2902,45.6132,39.6192
7024002.0,13.7324,46.2331,45.1494
7032002.0,14.5775,46.0266,0.294011
7040002.0,14.2651,46.6524,5.09395
7048002.0,15.5259,46.7077,10.3643
7056002.0,16.5273,46.5113,15.1686
7064002.0,17.0493,46.8468,20.198
7072002.0,18.1109,46.8486,24.7602
7080002.0,19.4729,47.1843,31.0219
7088002.0,20.0892,47.2463,36.443000000000005
7096002.0,20.2322,47.3854,41.1432
7104002.0,20.2159,47.2481,44.8467
7112002.0,20.3556,47.2846,0.49663500000000005
7120002.0,21.1769,47.0403,5.58704
7128002.0,21.5146,46.8737,11.378
7136002.0,21.4629,47.3221,17.0501
7144002.0,21.2975,47.2666,21.9017
7152002.0,21.0602,47.4001,26.5586
7160002.0,21.6561,47.5552,32.0982
7168002.0,21.4719,47.61600000000001,36.9641
7176002.0,21.8938,47.5411,42.70399999999999
7184002.0,21.9573,47.7246,47.0823
7192002.0,22.9993,47.6346,2.6028599999999997
7200002.0,23.5006,47.571000000000005,7.19309
7204002.0,23.2446,47.6011,9.685789999999999
7212002.0,24.6832,47.5534,14.0831
7220002.0,25.3501,46.9603,18.316
7228002.0,25.2018,46.6512,23.0482
7236002.0,25.4705,46.5798,27.9894
7244002.0,25.5596,46.4442,33.3216
7252002.0,25.5457,46.2533,38.1848
7260002.0,25.9775,46.4944,43.3295
7268002.0,25.8407,46.5637,48.1275
7276002.0,26.1574,46.4305,3.8868699999999996
7284002.0,26.2693,46.2232,9.12307
7292002.0,26.4565,46.0552,14.2228
7300002.0,27.0415,45.9149,19.0155
7308002.0,27.3803,45.7678,24.2407
7316002.0,27.6267,45.8887,28.4921
7324002.0,27.6951,46.1648,33.3976
7332002.0,27.8037,46.3553,37.9814
7340002.0,28.0706,46.6772,42.5943
7348002.0,28.5248,46.4643,47.4574
7356002.0,28.5774,46.0878,1.79288
7364002.0,28.3366,46.3518,5.59385
7372002.0,28.4015,46.3866,10.1243
7380002.0,28.2977,46.5761,14.3288
7388002.0,28.2716,46.5975,18.8967
7396002.0,28.2591,46.5934,23.5338
7404002.0,28.4772,46.6691,28.3039
7412002.0,28.7926,46.5029,33.6281
7420002.0,28.5963,46.5052,38.3803
7428002.0,28.7404,46.5914,43.2334
7436002.0,28.8064,46.6514,48.2413
7444002.0,28.9287,46.6377,3.7657599999999998
7452002.0,29.0317,46.8287,8.78155
7460002.0,29.0774,46.8417,13.4955
7468002.0,29.1668,47.0007,18.1831
7476002.0,29.1544,46.9969,23.1582
7484002.0,29.31,46.9734,28.1302
7492002.0,29.4909,46.9318,33.2326
7500002.0,29.6908,46.9317,38.5227
7508002.0,29.3536,47.1448,42.4735
7516002.0,29.3151,47.1377,47.7434
7524002.0,29.0996,47.2226,3.18495
7532002.0,29.3986,47.2645,8.42804
7540002.0,29.5166,47.5791,13.9811
7548002.0,28.9533,47.5404,17.9263
7556002.0,29.2596,47.4555,22.9489
7564002.0,29.1154,47.5213,27.9287
7572002.0,29.6389,47.4657,32.891999999999996
7580002.0,29.6085,47.4601,37.8602
7588002.0,29.6973,47.2248,42.3286
7596002.0,29.7371,47.1875,47.25899999999999
7604002.0,29.601,47.1036,2.68601
7612002.0,29.5472,47.1925,7.876989999999999
7620002.0,29.7602,47.2486,13.1021
7628002.0,29.7184,47.2362,17.6469
7636002.0,29.5938,47.0767,22.655
7644002.0,29.554000000000002,46.8201,27.0855
7652002.0,29.5783,46.6629,31.8977
7660002.0,29.573,46.4772,36.7936
7668002.0,30.2347,46.3896,42.2729
7676002.0,30.5371,46.5313,47.3442
7684002.0,30.548000000000002,46.5391,2.76911
7692002.0,31.3783,46.5121,7.71382
7700002.0,31.504,46.7167,12.5623
7708002.0,31.5272,46.7015,17.3398
7716002.0,31.8193,46.6045,22.3003
7724002.0,31.7905,46.7059,27.197
7732002.0,32.6177,46.5791,32.4953
7740002.0,33.4483,46.7641,37.3945
7748002.0,33.6582,46.6223,42.3559
7756002.0,33.6545,46.7318,47.34
7764002.0,33.9522,46.7806,2.70578
7772002.0,34.0304,46.7203,7.450089999999999
7780002.0,34.2997,46.7833,12.3163
7788002.0,34.383,46.8087,17.4508
7796002.0,34.577,46.6784,22.5812
7804002.0,34.7456,46.7672,27.2574
7812002.0,35.0793,46.705,32.4857
7820002.0,35.3537,46.9759,37.4823
7828002.0,36.1571,46.9951,42.7523
7836002.0,36.5185,47.0529,47.92
7844002.0,36.6683,47.1071,3.5302300000000004
7852002.0,36.7213,47.0597,8.50825
7860002.0,36.7973,47.1478,13.6572
7868002.0,36.9149,46.968999999999994,18.636
7876002.0,37.2298,46.9877,23.7846
7884002.0,37.7583,46.9478,28.6007
7892002.0,38.4081,46.6943,33.8977
7900002.0,38.5614,46.6536,38.7992
7908002.0,38.7077,46.7625,43.5059
7916002.0,38.7535,46.7878,48.1806
7924002.0,38.5732,46.8166,3.30948
7932002.0,38.4229,46.9765,8.41752
7940002.0,38.6276,46.9361,13.1601
7948002.0,38.7249,47.0233,18.0234
7956002.0,39.4916,46.8829,22.5281
7964002.0,39.429,47.0071,27.0635
7972002.0,39.5498,46.9402,32.2005
7980002.0,39.8724,47.0742,37.256
7988002.0,39.979,47.2787,41.7713
7996002.0,40.2935,47.1885,46.2481
