2.0,8.90024,10.5114,1.44319
8002.0,12.1977,11.2439,2.87169
16002.0,13.8221,11.7134,4.5328599999999994
24002.0,13.8345,11.9044,7.50522
32002.0,13.8024,12.4896,9.3305
40002.0,14.8891,12.3377,10.95
48002.0,16.669,11.8232,13.588
56002.0,16.5552,11.5955,16.5754
64002.0,16.1115,11.552,18.3679
72002.0,17.1028,11.7511,20.7265
80002.0,17.1691,11.6619,22.6605
88002.0,18.1867,11.734000000000002,25.8832
96002.0,19.0357,11.6632,28.5988
104002.0,18.8948,11.6068,31.3393
112002.0,19.6637,11.7875,33.4413
120002.0,20.0462,11.9829,34.9847
128002.0,20.555999999999997,12.2923,37.3322
136002.0,22.0664,12.1657,39.686
144002.0,22.8234,12.2736,41.2278
152002.0,24.1605,11.84,42.6114
160002.0,26.991999999999997,10.7982,43.7212
168002.0,27.9376,11.4841,45.335
176002.0,27.7713,11.088,47.1686
184002.0,27.6841,10.6887,48.6662
192002.0,27.5424,10.1875,0.9926879999999999
200002.0,27.848000000000003,9.69362,3.41117
208002.0,28.3629,9.495439999999999,5.59623
216002.0,28.820999999999998,9.085510000000001,8.38792
224002.0,29.221,8.59227,11.5052
232002.0,30.0459,8.11185,14.0443
240002.0,30.8945,7.84991,16.4684
248002.0,31.2875,8.31746,19.0216
256002.0,31.9583,8.55328,21.813000000000002
264002.0,32.7978,8.50815,24.964000000000002
272002.0,34.4793,7.998410000000001,26.735
280002.0,35.5132,8.452119999999999,28.9723
288002.0,36.2542,8.84862,31.502
296002.0,36.6842,9.05136,33.441
304002.0,37.7961,9.43412,35.9355
312002.0,39.0686,9.502130000000001,38.1704
320002.0,40.7001,9.63228,40.3032
328002.0,42.9315,9.487739999999999,43.2233
336002.0,44.0715,9.64713,45.7814
344002.0,44.5021,9.71368,47.9597
352002.0,45.2405,9.61103,49.4182
360002.0,46.7541,9.624310000000001,1.8980700000000001
368002.0,48.2698,9.51966,3.11951
376002.0,49.0694,9.2911,4.90169
384002.0,0.6469090000000001,8.95415,5.679180000000001
392002.0,1.16201,8.77391,7.6262
400002.0,2.12874,8.742,10.408
408002.0,2.6533599999999997,8.88978,13.5846
416002.0,2.88197,8.53732,15.7974
424002.0,3.33463,8.532919999999999,18.6728
432002.0,3.48394,8.73498,20.7127
440002.0,3.79143,8.84092,23.2548
448002.0,4.41174,8.72733,25.6841
456002.0,4.8371900000000005,8.16393,27.5934
464002.0,4.02565,7.58086,28.6767
472002.0,4.20325,7.216360000000001,30.9456
480002.0,4.98337,6.692939999999999,31.9558
488002.0,6.12847,6.865819999999999,33.3843
496002.0,7.39613,6.705210000000001,34.9973
504002.0,7.294560000000001,6.32227,35.9162
512002.0,7.5499600000000004,6.100630000000001,36.8165
520002.0,8.37978,6.546130000000001,37.2526
528002.0,8.73117,6.464930000000001,38.7108
536002.0,9.16424,7.11062,39.2192
544002.0,10.3565,7.607939999999999,40.7593
552002.0,12.1002,7.3485,42.1016
560002.0,13.1184,7.46683,42.8195
568002.0,13.654000000000002,7.477010000000001,43.9223
576002.0,13.9432,7.487830000000001,45.881
584002.0,14.1281,7.62875,47.9659
592002.0,14.7289,7.59208,0.164223
600002.0,14.9845,7.8592699999999995,2.2722900000000004
608002.0,15.157,7.87613,4.00169
616002.0,15.7832,7.5301,5.70527
624002.0,16.5712,7.31575,7.67022
632002.0,17.0401,7.3818,9.6089
640002.0,17.5576,7.179189999999999,11.145999999999999
648002.0,18.0107,6.8627,11.9223
656002.0,18.392,6.76892,13.3551
664002.0,18.7577,6.691669999999999,14.7752
672002.0,19.3451,6.64694,17.1779
680002.0,20.3005,6.97612,19.9371
688002.0,21.5631,7.11119,22.9415
696002.0,22.6196,7.49475,24.0319
704002.0,22.9791,7.331230000000001,27.2064
712002.0,23.6773,7.2503899999999994,30.0023
720002.0,24.6248,6.97566,31.0456
728002.0,24.5949,7.139289999999999,32.4174
736002.0,24.3762,7.159910000000001,32.8144
744002.0,24.6807,6.86415,32.9892
752002.0,24.4917,6.99012,34.1088
760002.0,24.4868,6.91133,36.0229
768002.0,25.451999999999998,6.58775,37.2172
776002.0,25.8709,6.59515,39.1982
784002.0,25.9785,6.759530000000001,40.5551
792002.0,26.6837,7.021160000000001,41.2498
800002.0,27.2289,7.0017,43.1018
808002.0,27.7645,6.965889999999999,43.4628
816002.0,28.3415,6.70057,44.7987
824002.0,28.8487,6.67137,46.2875
832002.0,29.819000000000003,6.55893,48.2454
840002.0,29.6469,6.597460000000001,0.785573
848002.0,30.2608,6.684010000000001,2.20951
856002.0,31.9017,6.34589,3.6356300000000004
864002.0,32.5558,5.82676,4.4105099999999995
872002.0,32.0695,5.46899,5.7303
880002.0,32.1475,5.26706,6.774360000000001
888002.0,32.8803,5.08884,7.742999999999999
896002.0,34.129,5.01064,9.17127
904002.0,34.6365,5.04138,10.4716
912002.0,35.5124,5.2435599999999996,11.8244
920002.0,35.7697,5.65331,13.4439
928002.0,35.4324,6.0063,14.7724
936002.0,35.5709,6.1141,15.411
944002.0,35.7239,6.3052,15.8516
952002.0,36.7278,6.22317,17.5867
960002.0,37.3273,6.07871,18.5643
968002.0,37.8465,5.857559999999999,19.5894
976002.0,38.5188,5.99375,20.758000000000003
984002.0,39.8385,6.0408599999999995,22.3327
992002.0,40.5745,6.08449,23.6259
1000002.0,41.4921,6.1094,24.6241
1008002.0,42.5627,6.3754,25.708000000000002
1016002.0,43.2543,6.4095699999999995,27.33
1024002.0,44.0071,6.46978,27.8799
1032002.0,44.6173,6.778760000000001,28.3914
1040002.0,45.3378,6.74315,30.0529
1048002.0,45.5567,6.67506,31.2933
1056002.0,46.0278,6.94895,33.0379
1064002.0,45.9729,7.30623,36.0175
1072002.0,46.9131,7.477060000000001,39.2226
1080002.0,48.6015,7.29501,42.7008
1088002.0,49.3305,7.15843,45.1336
1096002.0,0.25390999999999997,6.9675,46.5279
1104002.0,0.696836,6.745430000000001,48.1301
1112002.0,0.502945,6.71985,1.5147899999999999
1120002.0,0.577055,6.7114899999999995,3.47614
1128002.0,1.3436,6.8426100000000005,4.32106
1136002.0,2.27445,6.782360000000001,6.23
1144002.0,3.34174,6.56805,8.17366
1152002.0,3.9496,6.565689999999999,10.1054
1160002.0,3.8726800000000003,6.45965,11.7647
1168002.0,3.6292,6.61044,12.5761
1176002.0,4.07186,6.505269999999999,14.193
1184002.0,3.87515,6.619619999999999,15.8057
1192002.0,3.8784400000000003,6.6254800000000005,16.6848
1200002.0,4.1956,6.44669,17.9995
1208002.0,4.83557,6.52289,19.3281
1216002.0,6.20565,6.51619,20.4042
1224002.0,7.5747100000000005,6.711189999999999,21.9553
1232002.0,8.75014,6.562460000000001,23.8068
1240002.0,8.98438,6.49559,25.6518
1248002.0,9.46601,6.63806,28.2064
1256002.0,9.64883,7.047689999999999,28.8297
1264002.0,9.99949,7.45452,31.2521
1272002.0,10.6264,7.297439999999999,34.8022
1280002.0,11.8514,7.20487,38.0759
1288002.0,12.7501,7.163539999999999,39.815
1296002.0,12.6822,6.863460000000001,42.5416
1304002.0,13.7607,6.827660000000001,44.1643
1312002.0,14.0808,6.54356,46.7597
1320002.0,15.4575,6.130240000000001,48.8893
1328002.0,16.3268,5.8194099999999995,1.3689
1336002.0,16.5707,5.77243,2.91382
1344002.0,16.773,5.96013,4.18534
1352002.0,17.3332,6.12046,6.5183800000000005
1360002.0,17.6081,6.45289,8.14976
1368002.0,18.534000000000002,6.606380000000001,9.37399
1376002.0,19.1941,7.12056,10.9609
1384002.0,20.0473,7.42547,12.154000000000002
1392002.0,20.8432,7.729589999999999,13.3352
1400002.0,22.2538,7.660810000000001,15.6549
1408002.0,23.2198,7.70649,17.3085
1416002.0,23.0154,7.80065,18.9412
1424002.0,23.1585,7.276680000000001,20.8654
1432002.0,23.3204,6.18278,22.9767
1440002.0,24.7169,5.95688,24.8838
1448002.0,24.8291,6.37256,26.0778
1456002.0,26.0252,6.3493,27.139
1464002.0,26.2018,5.8884300000000005,27.5454
1472002.0,26.9631,5.95156,28.3044
1480002.0,27.2383,5.96272,28.9683
1488002.0,28.1243,6.02198,30.2581
1496002.0,28.3727,5.90302,31.455
1504002.0,29.820999999999998,5.39693,32.3842
1512002.0,32.6593,3.7576199999999997,31.9665
1520002.0,32.2053,3.35572,31.6933
1528002.0,31.9546,3.84974,33.9511
1536002.0,31.2896,4.55457,34.9568
1544002.0,31.4479,4.62478,35.7684
1552002.0,32.4138,4.6227,36.6287
1560002.0,32.3751,4.72438,38.4194
1568002.0,33.0335,4.6053,40.2739
1576002.0,33.3033,4.41833,41.5829
1584002.0,33.629,3.9054300000000004,42.8934
1592002.0,33.6866,3.72726,43.3337
1600002.0,34.328,3.5373699999999997,44.6563
1608002.0,34.0246,3.58961,45.5324
1616002.0,34.2958,3.51968,46.2741
1624002.0,34.4831,3.51106,48.3462
1632002.0,34.4962,3.4163900000000003,49.163999999999994
1640002.0,35.1617,3.2422,1.2163899999999999
1648002.0,35.107,2.77129,1.5935700000000002
1656002.0,35.2265,2.61669,2.05349
1664002.0,36.0128,2.45865,3.41785
1672002.0,36.338,2.54184,4.7502
1680002.0,36.4985,2.58838,5.8137300000000005
1688002.0,36.661,2.7084200000000003,6.81137
1696002.0,36.7519,2.76668,7.89345
1704002.0,37.0957,3.0693200000000003,9.24873
1712002.0,36.9889,3.40085,10.3933
1720002.0,37.15,3.7589099999999998,11.7456
1728002.0,37.8825,3.53199,12.4141
1736002.0,37.7498,3.6594300000000004,13.2618
1744002.0,38.2241,3.51214,14.3592
1752002.0,38.6758,3.39685,15.5402
1760002.0,38.7622,3.33356,16.6943
1768002.0,39.6916,2.9739,17.4659
1776002.0,40.0989,2.87015,18.8504
1784002.0,40.5785,2.78824,20.1129
1792002.0,40.6066,2.37669,20.7344
1800002.0,41.5884,2.25245,23.6071
1808002.0,41.8343,2.23711,25.2426
1816002.0,41.9811,2.26563,25.6697
1824002.0,42.0198,2.2734900000000002,27.0564
1832002.0,42.8797,2.2492400000000004,28.4454
1840002.0,44.9087,2.18951,29.3021
1848002.0,45.3263,2.12647,31.654
1856002.0,45.8288,2.14204,32.9537
1864002.0,46.3406,2.2199400000000002,34.1519
1872002.0,46.7849,2.1631299999999998,34.7196
1880002.0,47.3607,2.24274,36.0033
1888002.0,48.32899999999999,2.3563099999999997,36.8663
1896002.0,48.9433,2.30016,37.8668
1904002.0,49.479,2.39436,39.3764
1912002.0,0.19278499999999998,2.51151,41.0507
1920002.0,0.0755648,2.54002,42.9756
1928002.0,0.17386400000000002,2.53924,44.3677
1936002.0,0.0435843,2.6726400000000003,45.6097
1944002.0,49.4065,2.7755400000000003,46.5751
1952002.0,0.126809,2.69617,47.4745
1960002.0,0.0491281,2.76441,48.0954
1968002.0,0.0723822,2.85933,48.8715
1976002.0,49.045,3.0834900000000003,0.0629034
1984002.0,49.0378,3.4144300000000003,1.2317200000000001
1992002.0,0.0327279,3.8182,2.39456
2000002.0,0.124303,4.03276,3.8105599999999997
2008002.0,0.635048,4.19787,5.16469
2016002.0,1.11578,4.45554,6.61791
2024002.0,2.21067,4.2771099999999995,7.63908
2032002.0,2.31715,4.1485,8.05386
2040002.0,3.26708,4.26532,9.2411
2048002.0,4.70616,3.9866099999999998,11.0129
2056002.0,5.49291,3.95353,11.9408
2064002.0,6.6029,3.5077199999999995,12.9651
2072002.0,7.49852,4.297630000000001,13.9313
2080002.0,7.586860000000001,4.40799,14.905
2088002.0,7.65682,4.6575,15.5145
2096002.0,7.843839999999999,4.92525,15.9396
2104002.0,9.08338,5.28244,16.2266
2112002.0,10.7031,5.59619,17.6224
2120002.0,10.6169,5.43745,19.5561
2128002.0,11.1098,5.76995,20.5412
2136002.0,11.5261,5.87068,21.5831
2144002.0,12.0169,5.6103,23.4734
2152002.0,13.295,5.9842699999999995,23.7463
2160002.0,14.5351,6.84599,25.0857
2168002.0,15.0467,6.82729,26.1725
2176002.0,15.0026,6.67718,27.5379
2184002.0,15.2919,6.49259,27.8279
2192002.0,15.3022,5.86114,28.67
2200002.0,16.132,5.8411599999999995,29.1302
2208002.0,16.2791,5.8307199999999995,29.6543
2216002.0,16.9275,6.0433900000000005,29.9633
2224002.0,17.2768,6.18436,31.1037
2232002.0,17.2316,6.17502,32.5503
2240002.0,17.609,6.26575,33.5733
2248002.0,17.7264,6.29519,34.9032
2256002.0,17.945,6.36452,35.2455
2264002.0,17.8241,6.624619999999999,35.864000000000004
2272002.0,17.5786,6.838889999999999,37.0805
2280002.0,17.846,6.998760000000001,37.9773
2288002.0,18.2652,7.33062,39.6849
2296002.0,18.5654,7.44872,41.3106
2304002.0,18.5435,7.6991,42.7441
2312002.0,18.055999999999997,8.131780000000001,43.975
2320002.0,19.3612,8.253160000000001,45.3729
2328002.0,20.378,8.32502,47.1793
2336002.0,20.8412,8.89653,49.1246
2344002.0,22.1471,8.91837,1.78712
2352002.0,21.9952,9.27398,3.7456400000000003
2360002.0,23.9937,9.50742,6.35734
2368002.0,26.4645,7.602339999999999,8.57132
2376002.0,26.706,8.16301,10.2319
2384002.0,27.5083,8.46729,12.5588
2392002.0,30.1063,9.85727,13.0129
2400002.0,30.7903,7.465510000000001,11.735999999999999
2408002.0,30.4869,7.81458,13.1337
2414002.0,31.2906,8.01933,14.9974
2422002.0,32.4958,8.95182,15.592
2430002.0,35.2706,8.815489999999999,16.1005
2438002.0,37.4902,9.259030000000001,18.0972
2446002.0,38.6753,9.16961,19.3205
2454002.0,38.6343,9.409130000000001,19.7211
2462002.0,39.2304,9.26426,20.6456
2470002.0,39.5191,9.76318,21.5738
2478002.0,40.7933,9.932039999999999,22.9734
2486002.0,41.8965,10.3992,24.4123
2494002.0,42.5024,10.5658,26.0279
2502002.0,43.5852,10.0452,28.358
2510002.0,44.9971,10.042,30.9253
2518002.0,45.967,10.1406,33.1546
2526002.0,47.2763,9.79062,35.1415
2534002.0,48.8699,9.5262,36.6924
2542002.0,48.8046,9.60046,39.3423
2550002.0,48.8205,9.558639999999999,41.2928
2558002.0,49.1451,9.29397,42.8052
2566002.0,0.423651,9.17441,45.0695
2574002.0,1.38856,9.32651,47.0622
2582002.0,1.87127,9.59695,48.9257
2590002.0,3.49937,9.332939999999999,1.64362
2598002.0,4.73759,9.34347,5.32421
2606002.0,4.645980000000001,8.72413,8.65446
2614002.0,6.09834,8.8761,10.9795
2622002.0,7.23796,8.80805,14.3761
2630002.0,8.58442,8.467130000000001,16.9279
2638002.0,9.18483,8.24199,20.1909
2646002.0,9.4631,7.8890199999999995,23.1913
2654002.0,10.8495,7.419239999999999,26.6648
2662002.0,11.217,7.344310000000001,28.6357
2670002.0,11.6733,7.06787,31.7911
2678002.0,11.7146,6.757389999999999,35.1947
2686002.0,13.7903,6.36873,37.2217
2694002.0,14.3336,5.40315,37.9669
2702002.0,15.3169,5.24941,38.9735
2710002.0,16.9703,4.89778,38.8954
2718002.0,17.9412,4.92382,39.9479
2726002.0,17.7843,4.93002,40.3113
2734002.0,18.4536,5.07691,41.2467
2742002.0,20.8554,4.85674,40.856
2750002.0,21.2982,4.76499,41.5784
2758002.0,21.7123,4.52128,42.9002
2766002.0,22.1235,4.87329,44.0026
2774002.0,22.0102,5.35393,44.8346
2782002.0,22.4965,5.3752,45.7238
2790002.0,22.7086,5.40362,47.4013
2798002.0,22.8832,5.38398,48.6838
2806002.0,23.5746,5.46216,1.63228
2814002.0,23.5958,5.3890400000000005,3.80595
2822002.0,23.787,5.79408,5.80184
2830002.0,24.1055,5.71615,6.746110000000001
2838002.0,24.4094,5.82421,7.704610000000001
2846002.0,25.2259,6.18118,9.18849
2854002.0,24.7127,6.35325,11.5096
2862002.0,24.7912,6.47089,13.4402
2870002.0,25.441,6.80455,15.2226
2878002.0,25.6834,7.052110000000001,16.9445
2886002.0,26.4232,6.79345,18.0604
2894002.0,27.0012,6.96697,20.0641
2902002.0,27.0711,7.405460000000001,22.7069
2910002.0,27.087,7.467639999999999,24.2968
2918002.0,27.2909,7.4562,25.6744
2926002.0,27.7464,7.43174,28.4072
2934002.0,28.8422,8.01825,31.0191
2942002.0,29.1391,8.513919999999999,33.7621
2950002.0,29.1347,8.98189,36.4334
2958002.0,30.4476,9.16067,38.7999
2966002.0,31.5494,8.777460000000001,41.111000000000004
2974002.0,31.8633,8.58278,42.4875
2982002.0,32.2766,8.243210000000001,44.7951
2990002.0,34.3356,11.9136,44.3005
2998002.0,33.5303,11.0627,48.3235
3006002.0,33.0688,11.7565,0.15028699999999998
3014002.0,34.1459,11.8956,3.18113
3022002.0,35.1137,12.0662,5.12905
3030002.0,37.1142,11.5299,8.872630000000001
3038002.0,38.3918,10.5281,11.9986
3046002.0,39.0322,10.735999999999999,15.0243
3054002.0,39.8426,10.9076,17.3654
3062002.0,40.2658,10.5581,18.5399
3070002.0,41.1615,10.1292,21.5522
3078002.0,41.5676,10.1237,24.1636
3086002.0,41.8407,9.95993,26.5641
3094002.0,43.3931,10.0746,30.0182
3102002.0,44.482,10.520999999999999,32.6127
3110002.0,46.0422,10.6532,35.2024
3118002.0,47.1999,10.8223,37.7299
3126002.0,47.7967,10.7657,40.1228
3134002.0,48.5511,10.8815,42.7734
3142002.0,48.5572,10.7301,44.6161
3150002.0,49.2202,10.3637,46.3796
3158002.0,2.02465,10.5294,47.9951
3166002.0,2.8005400000000003,10.5197,49.4323
3174002.0,3.74966,10.8073,0.880209
3182002.0,4.77837,10.9539,3.74612
3190002.0,6.17894,11.0772,5.30591
3198002.0,7.702389999999999,11.0979,7.94205
3206002.0,9.45376,10.9247,10.1306
3214002.0,10.1909,10.1664,12.2326
3222002.0,11.4351,9.99953,14.8761
3230002.0,12.6979,9.68315,17.7073
3238002.0,13.5347,9.50985,19.9459
3246002.0,13.8833,9.509739999999999,22.6963
3254002.0,14.1778,9.057730000000001,24.1979
3262002.0,14.7625,8.48719,26.3882
3270002.0,14.3465,7.878939999999999,28.1421
3278002.0,14.2139,7.70378,30.0437
3286002.0,15.0611,7.58142,32.0422
3294002.0,15.5341,7.47788,34.0374
3302002.0,16.2156,7.238980000000001,37.3605
3310002.0,16.8703,6.875769999999999,38.991
3318002.0,17.3155,6.604,41.2189
3326002.0,18.0866,6.442069999999999,42.9654
3334002.0,19.2893,6.05727,45.0438
3342002.0,19.7028,5.59814,47.1037
3350002.0,19.7252,5.63552,49.0044
3358002.0,19.9384,5.826280000000001,2.05042
3366002.0,21.3233,5.889880000000001,5.06032
3374002.0,22.0328,5.50206,7.805060000000001
3382002.0,22.7522,5.9093800000000005,10.3582
3390002.0,23.9076,6.08565,11.2015
3398002.0,24.3077,6.20375,13.6698
3406002.0,24.8014,6.23144,16.0666
3414002.0,26.4674,6.30173,18.6704
3422002.0,27.7342,6.29605,19.9779
3430002.0,28.9572,6.04713,21.9953
3438002.0,28.4643,6.12132,24.0757
3446002.0,28.1386,5.99159,25.5043
3454002.0,28.1256,5.95608,27.4396
3462002.0,28.8077,5.51505,29.5358
3470002.0,28.8881,5.6108,31.7603
3478002.0,30.5151,5.66819,34.3731
3486002.0,30.9118,6.57746,36.7666
3494002.0,32.6471,6.655480000000001,39.4301
3502002.0,32.2681,6.87445,42.2799
3510002.0,31.5373,8.76303,45.8971
3518002.0,32.2181,9.498460000000001,48.1883
3526002.0,36.1487,8.3796,1.31946
3534002.0,36.4488,7.76762,2.2293
3542002.0,36.4991,7.82529,4.17124
3550002.0,36.8122,7.65849,6.11291
3558002.0,36.3594,6.89204,7.5772699999999995
3566002.0,36.4813,6.93881,9.91991
3574002.0,36.8585,7.02526,11.7583
3582002.0,37.1691,7.1167,14.1678
3590002.0,37.8689,7.18802,16.493
3598002.0,38.1072,6.59238,18.5137
3606002.0,39.1248,6.52894,20.4337
3614002.0,40.4713,6.489380000000001,21.2123
3622002.0,41.1587,5.9035,22.1282
3630002.0,40.9493,6.02541,24.0023
3638002.0,41.0822,6.0573,25.5136
3646002.0,42.5226,6.06952,26.4664
3654002.0,43.1332,6.39538,28.7696
3662002.0,43.9383,6.08175,31.8102
3670002.0,44.0062,5.84767,34.3515
3678002.0,44.7577,4.15064,35.0348
3686002.0,44.285,4.07109,37.2581
3694002.0,44.6214,4.103219999999999,37.9125
3702002.0,44.3417,3.70473,41.843999999999994
3710002.0,45.0923,3.8256699999999997,42.7922
3718002.0,46.0616,3.72399,44.9988
3726002.0,45.7931,3.3986,46.4789
3734002.0,45.2792,3.25198,47.7309
3742002.0,45.442,3.0653599999999996,48.7071
3750002.0,45.6897,2.98175,49.4301
3758002.0,45.9588,2.96138,0.42088100000000006
3766002.0,46.4207,2.9262900000000003,0.834015
3774002.0,47.038999999999994,2.9064400000000004,1.2617200000000002
3782002.0,47.0729,2.95015,1.7699
3790002.0,47.2669,2.93702,2.19838
3798002.0,47.4841,3.01233,2.59992
3806002.0,47.7921,3.01491,3.26341
3814002.0,48.4618,3.14785,3.7271300000000003
3822002.0,49.06,3.51355,4.323169999999999
3830002.0,49.2129,3.4496300000000004,5.23799
3838002.0,49.4395,3.60682,7.291989999999999
3846002.0,0.221102,3.60606,8.89437
3854002.0,0.044881300000000006,3.76135,9.932089999999999
3862002.0,47.1151,4.33054,10.1843
3870002.0,46.724,4.50569,14.3233
3878002.0,44.1661,3.04107,15.0443
3886002.0,43.4315,3.06715,15.2947
3894002.0,42.9992,3.12055,15.7469
3902002.0,42.1694,3.3092300000000003,16.2731
3910002.0,42.3698,2.92901,17.1833
3918002.0,42.7511,2.74946,18.424
3926002.0,43.1707,2.8872299999999997,19.6668
3934002.0,43.1867,2.58486,19.6009
3942002.0,42.9943,2.45893,19.9583
3950002.0,42.9009,2.4755700000000003,20.8399
3958002.0,43.7288,2.72455,23.2765
3966002.0,44.1606,2.7509200000000003,24.4883
3974002.0,45.1519,2.62206,25.9268
3982002.0,45.1643,2.7926599999999997,26.8128
3990002.0,45.4576,2.95526,27.732
3998002.0,45.6688,2.99154,28.2421
4006002.0,46.0874,3.05249,28.799
4014002.0,46.3782,3.15821,29.9293
4022002.0,46.6552,3.40214,30.664
4030002.0,46.8343,3.4673800000000004,31.5731
4038002.0,47.1835,3.4613699999999996,31.8569
4046002.0,47.6644,3.5074400000000003,32.8059
4054002.0,47.913000000000004,3.6001199999999995,33.8844
4062002.0,48.1325,3.5562300000000002,34.9334
4070002.0,48.1449,3.52708,35.7161
4078002.0,48.1868,3.50596,36.9949
4086002.0,48.6897,3.59975,38.3987
4094002.0,49.004,3.37961,39.3182
4102002.0,49.1595,3.56757,39.9309
4110002.0,0.146385,3.87165,40.7808
4118002.0,0.693012,4.39174,41.7854
4126002.0,1.21607,4.24444,42.5994
4134002.0,1.4903,4.142519999999999,42.659
4142002.0,1.55924,4.12219,43.5041
4150002.0,1.89402,4.3404300000000005,44.0147
4158002.0,1.84955,4.19228,44.3108
4166002.0,1.78069,4.06655,44.8119
4174002.0,1.81065,3.9474,45.5975
4182002.0,2.0039,3.9348199999999998,46.3547
4190002.0,2.5282400000000003,4.0526800000000005,47.3016
4198002.0,3.00653,4.104080000000001,48.3931
4206002.0,3.4154400000000003,4.1256,0.278461
4214002.0,3.7760199999999995,4.243930000000001,1.5206600000000001
4222002.0,4.30711,4.27714,3.11363
4230002.0,4.9987699999999995,4.30553,4.62249
4238002.0,5.7256800000000005,4.10939,6.48391
4246002.0,5.77999,3.8491,7.81456
4254002.0,6.33239,3.6062199999999995,9.2966
4262002.0,6.21966,3.4680699999999995,10.9206
4270002.0,6.22576,3.47358,12.202
4278002.0,6.699260000000001,3.27304,13.1243
4286002.0,6.55483,3.3469800000000003,14.3572
4294002.0,6.831810000000001,3.0832,15.3758
4302002.0,7.10722,2.89012,15.8294
4310002.0,7.55468,2.90825,16.3251
4318002.0,7.660139999999999,3.4669,16.516
4326002.0,7.68734,3.60449,18.0133
4334002.0,7.652660000000001,3.36323,18.6849
4342002.0,7.4142600000000005,3.24556,19.4263
4350002.0,7.63444,3.19172,20.9537
4358002.0,7.54529,3.11597,22.1352
4366002.0,7.98089,3.2895300000000005,23.1836
4374002.0,7.990760000000001,3.5052300000000005,24.2576
4382002.0,8.286019999999999,3.43394,25.1172
4390002.0,8.53987,3.1508599999999998,26.1288
4398002.0,8.36646,2.73793,27.2181
4406002.0,8.343069999999999,2.48632,28.1515
4414002.0,8.60778,2.6037,29.0772
4422002.0,8.730830000000001,2.8027599999999997,29.5683
4430002.0,8.67976,2.99653,30.1052
4438002.0,8.92842,2.79788,30.6377
4446002.0,8.85332,2.8722,31.0583
4454002.0,8.8068,3.17549,32.4284
4462002.0,9.0712,3.20896,33.5664
4470002.0,9.67623,3.18703,34.2377
4478002.0,9.86932,3.27276,35.9136
4486002.0,10.6649,3.00155,36.9592
4494002.0,11.0705,2.93812,37.485
4502002.0,11.9538,2.87548,37.996
4510002.0,12.0661,2.7318,38.4648
4518002.0,12.126,2.4720400000000002,38.9095
4526002.0,12.1829,2.63889,39.7642
4534002.0,12.2771,2.78566,40.104
4542002.0,12.4101,2.97952,40.7797
4550002.0,13.0192,2.81232,41.7426
4558002.0,13.3674,2.6757400000000002,43.0293
4566002.0,13.7501,2.61275,43.6044
4574002.0,13.5238,2.62177,45.3958
4582002.0,14.0937,2.49646,46.3791
4590002.0,14.9827,2.56922,46.9055
4598002.0,15.554,2.50928,47.2699
4606002.0,15.8629,2.66737,47.4217
4614002.0,16.2656,2.79346,47.8293
4622002.0,16.5182,2.81845,48.4398
4630002.0,17.008,2.989,48.7822
4638002.0,17.1379,3.16605,48.9717
4646002.0,17.6069,3.18051,49.3475
4654002.0,18.0183,3.09761,0.0317888
4662002.0,18.7043,3.1972099999999997,0.113533
4670002.0,19.1969,3.07899,0.530871
4678002.0,19.8177,2.9519,0.9274959999999999
4686002.0,20.7139,2.7739999999999996,1.79135
4694002.0,21.3256,2.4356400000000002,2.69351
4702002.0,21.6102,2.35325,3.01555
4710002.0,21.8393,2.34572,3.9567099999999997
4718002.0,22.5614,2.22422,4.38373
4726002.0,23.0299,2.18684,5.57819
4734002.0,23.6112,2.16317,6.041580000000001
4742002.0,23.9944,2.21437,6.58205
4750002.0,24.0844,2.2420299999999997,6.89756
4758002.0,23.8622,2.3266,7.362369999999999
4760002.0,23.8634,2.3167299999999997,7.528230000000001
4768002.0,23.655,2.25115,8.25122
4776002.0,24.9472,2.53619,8.14676
4784002.0,25.7826,2.56408,8.55083
4792002.0,25.9689,2.49796,8.90352
4800002.0,26.0217,2.60355,8.97017
4808002.0,26.5499,2.5695099999999997,9.500060000000001
4816002.0,27.3233,2.6248400000000003,9.90885
4824002.0,27.8646,2.6329700000000003,10.3245
4832002.0,27.9982,2.54576,10.7471
4840002.0,27.9566,2.58843,11.1624
4848002.0,27.9874,2.5346,11.5473
4856002.0,27.9533,2.46667,12.5088
4864002.0,27.9659,2.4900900000000004,14.4919
4872002.0,28.1297,2.5439,15.1705
4880002.0,28.2677,2.58644,15.7696
4888002.0,28.3897,2.64743,16.4195
4896002.0,28.4609,2.58395,17.2741
4904002.0,29.149,2.64404,18.1246
4912002.0,29.9534,2.67338,19.112000000000002
4920002.0,31.1823,2.83659,20.8897
4928002.0,32.0869,2.9919599999999997,22.2051
4936002.0,32.4332,3.15502,23.5131
4944002.0,32.6506,3.36217,24.851999999999997
4952002.0,32.5885,3.6878300000000004,26.4125
4960002.0,32.6042,3.9747199999999996,27.7659
4968002.0,32.6472,4.17247,29.3474
4976002.0,32.3572,4.21402,30.7062
4984002.0,32.9391,3.8243400000000003,31.2757
4992002.0,33.3996,3.73906,32.2059
5000002.0,34.0906,4.09134,33.3228
5008002.0,34.2763,3.58755,35.153
5016002.0,35.0283,3.38271,35.6276
5024002.0,35.228,3.3728800000000003,36.1569
5032002.0,34.9584,3.1211599999999997,37.1734
5040002.0,35.3159,3.11968,38.217
5048002.0,36.1123,2.84687,38.4693
5056002.0,36.5108,2.97513,39.7248
5064002.0,37.0835,3.08448,40.0404
5072002.0,37.5063,3.3794800000000005,40.6121
5080002.0,37.9118,3.39236,41.463
5088002.0,38.1323,3.1646,41.8351
5096002.0,38.7827,3.17823,42.2239
5104002.0,39.2142,3.31429,43.3347
5112002.0,39.6418,3.66741,44.8388
5120002.0,39.718,4.08244,46.5018
5128002.0,40.4912,3.8523199999999997,47.9165
5136002.0,40.5564,3.7320300000000004,48.7438
5144002.0,40.6268,3.61193,0.43201000000000006
5152002.0,40.6128,3.39238,2.42827
5160002.0,41.4208,3.24264,4.1767
5168002.0,42.718,3.116,5.58945
5176002.0,43.233999999999995,2.8494,7.39905
5184002.0,43.7941,2.6028599999999997,8.55741
5192002.0,43.9811,2.59849,9.55837
5200002.0,44.5632,2.3923200000000002,9.9384
5208002.0,44.5153,2.49155,10.7146
5216002.0,44.6665,2.4115599999999997,12.0284
5224002.0,44.7104,2.4483900000000003,12.9517
5232002.0,45.4829,2.47947,13.1875
5240002.0,46.0815,2.54135,14.1321
5248002.0,46.8861,2.5737400000000004,15.2207
5256002.0,47.0162,2.86412,16.1963
5264002.0,47.6401,2.98116,18.1706
5272002.0,48.3139,2.8423,19.4229
5280002.0,48.8076,2.92048,21.6885
5288002.0,48.9949,2.7961099999999997,22.5018
5296002.0,49.1724,3.1739599999999997,23.8325
5304002.0,0.364775,3.1112,25.0355
5312002.0,1.26309,3.0737,26.4629
5320002.0,1.5333700000000001,3.3349300000000004,27.5523
5328002.0,1.27696,3.3692800000000003,28.8098
5336002.0,0.516529,3.46728,30.3643
5344002.0,0.42271800000000004,3.3231900000000003,31.4063
5352002.0,0.14186700000000002,3.21854,31.5827
5360002.0,49.4729,3.4070400000000003,32.2146
5368002.0,0.255033,3.43894,33.4937
5376002.0,0.41171199999999997,3.68152,35.0753
5384002.0,1.3841700000000001,4.02709,36.6468
5392002.0,1.78945,4.08539,37.4372
5400002.0,1.94577,4.0671,38.3216
5408002.0,2.13041,3.9034800000000005,39.024
5416002.0,2.6451,3.6680599999999997,39.9493
5424002.0,2.95276,3.5560699999999996,40.8791
5432002.0,3.10153,3.4558199999999997,41.9155
5440002.0,3.7203800000000005,3.6065099999999997,43.0445
5448002.0,3.7293800000000004,3.5706300000000004,44.5811
5456002.0,3.93477,3.6569199999999995,46.3671
5464002.0,4.80245,3.5763300000000005,48.1231
5472002.0,5.77194,3.2781300000000004,0.532302
5480002.0,6.2669,2.99707,1.39865
5488002.0,6.82234,2.89262,2.31691
5496002.0,7.26888,2.86084,3.52866
5504002.0,7.263089999999999,3.1274900000000003,5.16668
5512002.0,7.6432199999999995,3.07666,6.30186
5520002.0,8.43549,2.9323900000000003,7.6961699999999995
5528002.0,8.78383,2.8380400000000003,8.72158
5536002.0,9.49616,2.47111,8.82826
5544002.0,10.0094,2.43623,10.72
5552002.0,10.6593,2.54636,12.3406
5560002.0,10.5087,2.58962,14.1019
5568002.0,10.7061,2.52021,15.1203
5576002.0,10.698,2.6040799999999997,15.8248
5584002.0,10.8978,2.6249599999999997,17.3528
5592002.0,10.7253,2.86049,18.5292
5600002.0,10.5323,3.14405,19.9201
5608002.0,10.6709,2.8597599999999996,20.6347
5616002.0,10.8464,2.7701,21.2708
5624002.0,11.2195,2.96216,22.5189
5632002.0,11.9323,2.60403,23.2384
5640002.0,12.3384,2.4088,24.2569
5648002.0,12.8196,2.37889,25.0552
5656002.0,12.948,2.47715,26.2499
5664002.0,12.9346,2.48012,26.9368
5672002.0,13.0548,2.48753,27.3763
5680002.0,13.3008,2.59218,28.0668
5688002.0,13.6903,2.64663,28.967
5696002.0,14.1474,2.89814,30.1355
5704002.0,14.732000000000001,2.95756,31.1502
5712002.0,15.1685,2.7409,31.8582
5720002.0,15.2653,2.65965,32.9248
5728002.0,15.1863,2.61931,33.8345
5736002.0,15.4849,2.58715,34.5187
5744002.0,16.1019,2.6194900000000003,36.2267
5752002.0,16.0603,2.53012,38.1572
5760002.0,16.1626,2.5756200000000002,38.6293
5768002.0,16.3565,2.6929,39.6599
5776002.0,16.5916,2.64852,41.2644
5784002.0,16.4925,2.54072,42.0624
5792002.0,17.3057,2.44109,43.0227
5800002.0,18.144000000000002,2.48755,45.0205
5808002.0,18.3106,2.48389,46.7107
5816002.0,18.7625,2.40803,47.5833
5824002.0,19.0577,2.4553599999999998,47.8314
5832002.0,19.0121,2.45505,47.7536
5840002.0,19.0762,2.51349,47.7653
5848002.0,19.277,2.54694,48.1724
5856002.0,19.1909,2.7461599999999997,49.0386
5864002.0,19.7814,2.86806,0.173853
5872002.0,19.9036,2.9298,0.329547
5880002.0,20.4607,3.42361,1.06077
5888002.0,20.1997,3.45371,1.84559
5896002.0,20.5803,3.3902300000000003,2.24797
5904002.0,20.7787,3.58636,2.75378
5912002.0,20.8874,3.65656,3.86125
5920002.0,21.3779,3.85607,4.9446900000000005
5928002.0,21.5317,3.7473099999999997,5.87225
5936002.0,21.7528,3.75874,7.1452100000000005
5944002.0,21.7776,3.91621,8.22151
5952002.0,21.8372,3.94421,8.87622
5960002.0,21.9927,3.95442,9.29137
5968002.0,22.4933,4.14266,10.1011
5976002.0,23.247,4.15115,11.3512
5984002.0,23.6315,3.9687900000000003,11.8194
5992002.0,23.8514,4.07083,12.8404
6000002.0,25.1835,3.5728400000000002,14.5593
6008002.0,25.8226,3.7100699999999995,15.2489
6016002.0,25.9741,3.72995,15.2456
6024002.0,26.2377,3.66816,16.2894
6032002.0,25.4813,4.03726,17.1435
6040002.0,26.1103,4.0198599999999995,17.5229
6048002.0,25.9319,3.83428,18.0666
6056002.0,26.969,3.8599699999999997,18.5142
6064002.0,27.4146,4.01885,19.6985
6072002.0,28.0769,4.1161,20.8377
6080002.0,28.9691,4.32115,21.8409
6088002.0,29.3858,4.39927,22.9837
6096002.0,29.8934,4.59615,23.6086
6104002.0,30.2935,4.75298,24.5573
6112002.0,31.2262,5.21736,26.5259
6120002.0,32.0394,6.698119999999999,29.3277
6128002.0,32.3287,6.642360000000001,31.4508
6136002.0,33.4671,7.364489999999999,32.8018
6144002.0,33.9671,7.72792,34.6488
6152002.0,34.3071,8.15426,36.2792
6160002.0,34.1677,8.86102,34.8384
6168002.0,35.7336,8.83054,37.3596
6176002.0,36.2895,8.08256,40.5141
6184002.0,35.4446,7.03918,45.5068
6192002.0,35.3718,7.183489999999999,46.7838
6200002.0,36.4145,7.3310699999999995,48.3663
6208002.0,37.7268,8.20214,1.11138
6216002.0,38.1072,7.79595,3.9659
6224002.0,37.5696,6.910360000000001,5.52358
6232002.0,38.1221,6.80369,7.1144300000000005
6240002.0,39.0902,7.07142,9.60473
6248002.0,39.3635,7.173089999999999,11.8907
6256002.0,40.0621,6.7476,12.9644
6264002.0,39.9607,6.72952,14.6129
6272002.0,40.1173,6.957380000000001,16.6918
6280002.0,40.1433,7.04767,18.7959
6288002.0,39.8298,7.1923,21.1756
6296002.0,39.7483,7.180630000000001,23.5054
6304002.0,39.6255,6.69975,26.201999999999998
6312002.0,36.852,9.15327,29.054000000000002
6320002.0,37.6664,8.15981,29.9922
6328002.0,40.2709,6.69505,30.4098
6336002.0,41.6538,5.69883,30.2932
6344002.0,41.2143,5.66001,32.1804
6352002.0,40.8642,5.79855,34.3429
6360002.0,41.84,5.50822,35.9248
6368002.0,42.4063,5.577459999999999,38.3662
6376002.0,42.5434,5.64481,39.858000000000004
6384002.0,42.6433,5.92997,41.6037
6392002.0,42.8334,5.608630000000001,43.3527
6400002.0,43.0724,4.8269,44.6232
6408002.0,43.4004,4.45983,46.9145
6416002.0,43.5304,4.37601,48.2308
6424002.0,43.528999999999996,4.53613,49.3612
6432002.0,43.6226,4.5753,1.07247
6440002.0,43.1484,4.46,3.43056
6448002.0,43.3498,4.80706,5.00393
6456002.0,43.8171,4.739269999999999,5.535
6464002.0,44.302,4.9347,5.97139
6472002.0,44.6587,5.17549,7.41984
6480002.0,44.9923,5.6213,9.039760000000001
6488002.0,44.8997,5.65648,9.975710000000001
6496002.0,45.2767,5.54125,11.0166
6504002.0,45.5469,5.6281300000000005,12.4138
6512002.0,45.3485,5.2861199999999995,13.9534
6520002.0,46.3136,5.1044,15.3586
6528002.0,47.0601,5.1916199999999995,16.7518
6536002.0,47.5031,5.21363,17.8157
6544002.0,47.4984,5.23294,18.2751
6552002.0,47.5716,5.35719,19.2008
6560002.0,48.2378,5.267919999999999,20.504
6568002.0,48.5706,5.24965,21.0942
6576002.0,49.3156,5.309130000000001,22.1341
6584002.0,0.313971,5.36859,24.0581
6592002.0,0.457607,5.22795,25.6422
6600002.0,1.03243,5.49074,26.7646
6608002.0,1.59753,5.73885,28.1591
6616002.0,1.95947,6.04213,28.7174
6624002.0,2.4674400000000003,6.281680000000001,29.6826
6632002.0,3.2488599999999996,6.47191,31.0869
6640002.0,3.6872599999999998,6.927010000000001,32.9634
6648002.0,4.2401599999999995,7.564080000000001,33.7665
6656002.0,5.8282300000000005,7.863119999999999,35.3476
6664002.0,6.63517,7.8435,36.7103
6672002.0,7.3419300000000005,7.47085,39.2301
6680002.0,7.7317100000000005,7.61713,41.3334
6688002.0,8.5037,7.489539999999999,43.2008
6696002.0,9.47059,7.25695,44.7625
6704002.0,10.1835,7.2562,46.7293
6712002.0,10.6682,7.3886199999999995,48.1595
6720002.0,11.0885,7.405,49.3944
6728002.0,11.8932,7.32004,0.890732
6736002.0,12.4916,7.27685,1.83807
6744002.0,13.0768,7.0862300000000005,2.89215
6752002.0,13.8834,6.99402,4.4443
6760002.0,14.4964,7.56423,5.6860599999999994
6768002.0,14.4619,7.0490699999999995,6.84191
6776002.0,14.4311,7.1402,8.47365
6784002.0,14.8227,6.93451,9.752130000000001
6792002.0,15.2868,7.110180000000001,10.9868
6800002.0,15.6412,7.42166,12.3805
6808002.0,15.9366,7.2065600000000005,13.3468
6816002.0,16.2277,7.27606,14.8808
6824002.0,16.467,7.47187,16.5008
6832002.0,16.9402,7.18783,17.8662
6840002.0,16.9949,7.1015,19.3549
6848002.0,17.4247,6.92134,20.5675
6856002.0,17.7983,7.07843,22.0518
6864002.0,18.839000000000002,7.280060000000001,24.1729
6872002.0,20.1327,7.7964899999999995,26.3198
6880002.0,21.2052,7.74487,27.7914
6888002.0,21.8667,7.51832,29.3629
6896002.0,22.2123,7.23473,30.4439
6904002.0,22.6738,7.172000000000001,31.7116
6912002.0,23.5659,7.07033,33.4126
6920002.0,24.787,6.956010000000001,35.3457
6928002.0,25.7992,6.870260000000001,36.7423
6936002.0,26.3436,6.90057,37.4188
6944002.0,27.3418,6.73037,38.0552
6952002.0,28.5134,6.58275,38.6098
6960002.0,29.3359,6.73764,39.0217
6968002.0,29.7372,6.790889999999999,39.8346
6976002.0,30.55,6.924810000000001,41.4312
6984002.0,31.3546,7.09922,43.4234
6992002.0,32.2354,7.25933,44.6507
7000002.0,33.7464,7.35963,45.7548
7008002.0,34.7051,6.93945,46.6476
7016002.0,35.4846,6.95534,48.528999999999996
7024002.0,35.7697,7.11067,0.8787299999999999
7032002.0,36.1358,7.36251,2.96048
7040002.0,36.9329,7.77035,5.52071
7048002.0,37.2149,8.05816,7.51693
7056002.0,37.6457,7.70834,8.92575
7064002.0,39.3974,7.53603,10.3765
7072002.0,39.9494,7.3905899999999995,12.5103
7080002.0,40.4423,7.514410000000001,13.9562
7088002.0,40.6939,7.46841,15.3001
7096002.0,40.4381,7.30209,15.9721
7104002.0,40.6929,7.46248,16.8097
7112002.0,40.3021,7.5410699999999995,17.881
7120002.0,41.7277,7.642460000000001,19.1689
7128002.0,41.5667,7.67085,20.4529
7136002.0,42.8546,7.687539999999999,21.8698
7144002.0,42.6685,6.8810199999999995,23.2653
7152002.0,44.7734,7.38603,24.4069
7160002.0,45.5793,7.1289,26.8589
7168002.0,45.8668,6.94747,28.3299
7176002.0,46.8426,6.61257,30.1717
7184002.0,47.8143,6.40025,31.5788
7192002.0,48.1944,5.76483,33.6077
7200002.0,49.3489,6.17405,35.5794
7204002.0,49.3917,6.31957,35.9879
7212002.0,0.559353,5.28797,38.6116
7220002.0,0.646734,4.3629,38.8218
7228002.0,0.854159,4.26098,39.5676
7236002.0,1.39497,4.27899,40.3548
7244002.0,1.9522599999999999,4.08324,41.7687
7252002.0,1.92892,4.06196,42.6172
7260002.0,1.7808099999999998,4.06677,43.4703
7268002.0,1.5937299999999999,4.07762,45.0559
7276002.0,1.85542,3.64569,45.9712
7284002.0,1.8697099999999998,3.51738,46.7694
7292002.0,2.25602,3.4006,47.0389
7300002.0,2.56098,3.4792199999999998,47.9755
7308002.0,2.48157,3.02412,48.8151
7316002.0,2.39413,2.62902,48.9501
7324002.0,2.28432,2.4986599999999997,0.713912
7332002.0,2.67015,2.4601599999999997,2.22195
7340002.0,2.51423,2.3138400000000003,2.62279
7348002.0,2.70396,2.45415,3.5527599999999997
7356002.0,2.64787,2.40195,3.88135
7364002.0,2.68777,2.40567,4.19078
7372002.0,2.88255,2.38595,4.56666
7380002.0,2.7423,2.40965,4.81907
7388002.0,3.01423,2.46881,6.02312
7396002.0,2.80233,2.58372,6.79672
7404002.0,2.24385,2.56373,9.002469999999999
7412002.0,2.10467,2.58568,10.5323
7420002.0,2.9201599999999996,2.64456,12.3829
7428002.0,3.7753400000000004,2.4476400000000003,13.9898
7436002.0,3.94757,2.66011,15.1409
7444002.0,4.77046,2.90066,16.4635
7452002.0,5.39991,2.65654,17.6276
7460002.0,5.64968,2.84137,18.9642
7468002.0,5.99095,2.64487,19.4919
7476002.0,5.72578,2.41188,20.6
7484002.0,6.25852,2.61721,22.1571
7492002.0,7.50615,2.42287,23.026999999999997
7500002.0,7.475389999999999,2.47917,24.8148
7508002.0,7.42542,2.40415,25.0278
7516002.0,7.427560000000001,2.47148,25.9062
7524002.0,7.29338,2.5457,27.0979
7532002.0,7.90154,2.66957,28.7758
7540002.0,8.518239999999999,2.6341099999999997,30.0113
7548002.0,9.04518,2.56577,30.8203
7556002.0,9.68464,2.57114,32.4156
7564002.0,9.91352,2.42576,32.9647
7572002.0,10.0755,2.4691,33.4438
7580002.0,10.3415,2.4430400000000003,34.0616
7588002.0,10.8079,2.40367,35.0721
7596002.0,10.9458,2.73139,35.9193
7604002.0,11.3029,2.80649,36.5267
7612002.0,11.8305,2.7212400000000003,38.3993
7620002.0,12.1492,2.79921,39.9399
7628002.0,12.6361,2.7381900000000003,41.7513
7636002.0,13.3251,2.7955,42.608000000000004
7644002.0,13.8925,2.70276,43.543
7652002.0,14.4489,2.69067,44.4368
7660002.0,14.5425,2.68233,45.5713
7668002.0,15.2103,2.61634,47.3402
7676002.0,15.3775,2.4925900000000003,49.2773
7684002.0,15.5087,2.48442,1.52434
7692002.0,15.2296,2.40265,2.48127
7700002.0,15.3647,2.2682599999999997,2.51232
7708002.0,15.3319,2.34959,3.4120699999999995
7716002.0,15.6097,2.42714,4.81799
7724002.0,16.4649,2.40637,5.92899
7732002.0,16.1257,2.4779,7.43993
7740002.0,17.1534,2.47443,8.908669999999999
7748002.0,17.9402,2.4312099999999996,9.78675
7756002.0,18.903,2.40567,10.5971
7764002.0,19.9155,2.47353,11.7548
7772002.0,20.5635,2.58142,13.1798
7780002.0,20.5133,2.55641,13.838
7788002.0,20.6005,2.52318,14.3771
7796002.0,20.6646,2.65121,15.6251
7804002.0,20.8727,2.5949299999999997,16.4804
7812002.0,21.3429,2.39915,17.7612
7820002.0,21.8928,2.35765,18.7305
7828002.0,22.1618,2.41792,19.781
7836002.0,22.5553,2.31461,20.9958
7844002.0,22.9032,2.29754,22.0297
7852002.0,22.5056,2.28445,23.1639
7860002.0,22.8596,2.2945,24.1827
7868002.0,23.1737,2.64395,25.7551
7876002.0,23.5704,2.45633,26.6825
7884002.0,23.4419,2.72606,28.6184
7892002.0,23.5947,2.7397,30.0961
7900002.0,23.9714,2.7528599999999996,31.2623
7908002.0,24.4063,2.6001,32.2389
7916002.0,24.5041,2.57239,33.1726
7924002.0,23.9976,2.2808200000000003,34.2197
7932002.0,24.3339,2.29205,34.1578
7940002.0,24.5461,2.3543,34.6302
7948002.0,24.7641,2.41019,34.7018
7956002.0,25.4676,2.28577,35.3989
7964002.0,25.4817,2.1890400000000003,36.2042
7972002.0,26.206,2.17676,36.8428
7980002.0,26.6736,2.21675,37.7766
7988002.0,27.7643,2.16071,38.6071
7996002.0,28.2554,2.25537,39.6273
