2.0,26.5583,8.61593,43.0336
8002.0,28.6393,8.467830000000001,44.0013
16002.0,29.8597,8.546330000000001,45.5204
24002.0,29.9107,9.32002,48.2164
32002.0,30.2227,9.32961,48.9266
40002.0,31.006999999999998,9.61092,0.940132
48002.0,33.6214,8.66488,5.98694
56002.0,33.6873,8.67808,8.37224
64002.0,33.2575,8.38238,10.4222
72002.0,33.4146,8.19864,12.0503
80002.0,33.4694,8.21647,13.4346
88002.0,33.8238,8.31123,15.9028
96002.0,34.0424,8.288269999999999,18.0558
104002.0,34.4922,8.318760000000001,20.1446
112002.0,34.9467,8.22119,21.0727
120002.0,35.2909,8.1368,21.857
128002.0,35.6425,7.91798,23.5824
136002.0,36.6753,6.870610000000001,25.5958
144002.0,36.9783,6.26405,26.4504
152002.0,37.1368,6.17395,27.0095
160002.0,39.3607,6.13341,27.8715
168002.0,39.8173,6.03895,28.2995
176002.0,39.7685,5.984719999999999,29.2726
184002.0,39.9552,5.60314,30.6145
192002.0,39.488,5.72091,32.0411
200002.0,40.0198,5.4252400000000005,33.7823
208002.0,40.5111,5.3624,35.4407
216002.0,40.6405,5.03892,36.6647
224002.0,40.3884,5.23119,38.2418
232002.0,40.6596,5.153580000000001,40.0164
240002.0,40.7541,4.97958,41.8112
248002.0,41.0631,4.82033,43.0795
256002.0,41.4262,4.5481300000000005,44.9832
264002.0,41.5136,4.6382,46.3454
272002.0,42.2718,4.6603,47.6632
280002.0,42.7757,5.24484,48.4401
288002.0,43.18899999999999,5.59443,0.406107
296002.0,43.4985,6.04081,1.9441400000000002
304002.0,43.2566,5.33419,3.5553199999999996
312002.0,43.7013,5.11717,5.12646
320002.0,43.5925,5.31177,6.555389999999999
328002.0,43.9716,5.55791,8.05367
336002.0,44.0624,5.63443,9.3674
344002.0,44.8238,5.724469999999999,10.8822
352002.0,45.6629,5.58091,12.2516
360002.0,47.2076,5.5037400000000005,13.73
368002.0,49.306999999999995,5.43998,14.2964
376002.0,0.578879,5.35265,15.4262
384002.0,1.85415,5.37305,15.8143
392002.0,1.69632,5.367430000000001,16.968
400002.0,2.3357799999999997,5.56481,18.1426
408002.0,2.81943,5.79938,20.7104
416002.0,3.19627,6.04574,22.4413
424002.0,4.0939,6.32126,23.9866
432002.0,4.261880000000001,6.40055,25.276999999999997
440002.0,4.40028,6.6436399999999995,27.2473
448002.0,4.63684,6.79735,29.3562
456002.0,4.98422,7.07477,31.2694
464002.0,4.700819999999999,7.30922,32.813
472002.0,4.742290000000001,7.103089999999999,35.1862
480002.0,5.811640000000001,7.10535,36.8877
488002.0,7.1722399999999995,7.4406,37.6589
496002.0,8.330789999999999,7.53448,38.9666
504002.0,8.39139,7.404669999999999,40.3381
512002.0,9.18108,7.281739999999999,41.7633
520002.0,10.4849,7.133610000000001,42.5381
528002.0,10.8675,7.25723,44.4711
536002.0,10.8461,7.35683,45.7209
544002.0,12.462,7.32371,48.1388
552002.0,13.812000000000001,7.23458,49.059
560002.0,14.3981,6.98347,0.8349709999999999
568002.0,14.8353,6.8582399999999994,2.72498
576002.0,14.8674,6.95947,4.78198
584002.0,14.712,7.12617,7.05876
592002.0,15.1196,7.19906,8.555010000000001
600002.0,15.7643,7.11154,10.6605
608002.0,16.1737,7.291989999999999,12.2167
616002.0,16.6136,7.107469999999999,13.4523
624002.0,16.814,7.348319999999999,14.8661
632002.0,17.4227,7.28941,16.3902
640002.0,17.8732,7.180280000000001,17.8479
648002.0,17.7644,7.14963,18.5973
656002.0,17.9065,7.22478,20.0272
664002.0,18.1585,7.0414,21.4826
672002.0,18.6579,6.7114899999999995,23.4512
680002.0,18.8504,6.89275,25.4458
688002.0,18.9869,6.817660000000001,28.0508
696002.0,19.4673,6.826460000000001,28.4636
704002.0,19.5218,7.0183100000000005,31.3988
712002.0,19.9193,7.1319,33.0913
720002.0,20.7365,7.15561,34.1487
728002.0,21.0807,7.1502,35.6748
736002.0,20.7899,6.957999999999999,36.5477
744002.0,20.9605,6.703930000000001,37.2702
752002.0,21.2111,6.49432,38.6275
760002.0,21.6226,6.42541,40.45
768002.0,22.4991,6.45995,42.2597
776002.0,22.8636,6.212680000000001,44.1101
784002.0,23.3211,6.53417,46.0138
792002.0,24.0678,6.506469999999999,46.6858
800002.0,24.6985,6.49544,48.3923
808002.0,25.3681,6.3836900000000005,49.2913
816002.0,27.3997,5.51358,1.00642
824002.0,28.2894,6.77924,2.17425
832002.0,29.6116,7.09555,3.99575
840002.0,29.6121,7.17408,5.99637
848002.0,30.313000000000002,7.13577,7.6075
856002.0,32.4518,6.4614199999999995,9.27962
864002.0,34.0535,6.06444,10.0532
872002.0,33.4559,6.193280000000001,11.2154
880002.0,33.262,6.47526,12.3777
888002.0,34.0362,6.38779,14.1775
896002.0,35.3007,7.52752,16.2187
904002.0,35.986999999999995,7.177510000000001,18.1409
912002.0,37.0413,7.17064,20.2292
920002.0,37.7161,7.51572,22.8483
928002.0,37.7972,7.375560000000001,25.0121
936002.0,38.3148,6.945119999999999,26.4615
944002.0,38.1163,6.35011,26.6683
952002.0,39.8881,6.891089999999999,28.8829
960002.0,40.5296,7.13514,30.5616
968002.0,41.6509,7.48715,32.2167
976002.0,42.2785,7.327160000000001,34.1087
984002.0,43.251999999999995,7.4618899999999995,36.147
992002.0,43.3176,7.252389999999999,37.1686
1000002.0,44.1954,6.79541,39.294000000000004
1008002.0,45.4402,6.2733,41.1166
1016002.0,46.6928,5.85767,43.358999999999995
1024002.0,47.4866,5.461040000000001,45.2009
1032002.0,47.5627,5.52125,45.5323
1040002.0,48.4536,5.77168,47.7405
1048002.0,49.2489,6.34975,0.924161
1056002.0,0.02525,6.33306,2.91605
1064002.0,0.76155,6.43703,5.11024
1072002.0,1.76817,6.6451899999999995,7.2731699999999995
1080002.0,2.59,7.084569999999999,8.628919999999999
1088002.0,2.5977200000000003,6.95304,10.3507
1096002.0,3.96699,7.21974,11.3462
1104002.0,4.366219999999999,7.13876,13.2651
1112002.0,4.29651,7.827999999999999,16.021
1120002.0,4.83395,8.13274,17.5629
1128002.0,6.13011,8.32611,19.3039
1136002.0,7.536110000000001,8.364469999999999,22.1421
1144002.0,8.52455,8.40255,23.5735
1152002.0,9.697230000000001,8.492,25.5994
1160002.0,9.9507,8.627939999999999,27.2061
1168002.0,10.8408,8.28047,29.0328
1176002.0,11.9392,8.39413,31.1318
1184002.0,11.8184,8.35161,33.1017
1192002.0,12.0211,8.40983,34.352
1200002.0,12.6561,7.98165,35.9796
1208002.0,14.1039,8.25336,38.5842
1216002.0,15.8251,7.617560000000001,39.4009
1224002.0,17.5935,7.2410000000000005,41.3065
1232002.0,19.5432,6.939310000000001,43.6039
1240002.0,20.5162,6.711460000000001,45.4722
1248002.0,21.4838,6.92997,47.3283
1256002.0,22.9864,7.136480000000001,48.6205
1264002.0,24.5105,7.4211800000000006,1.01072
1272002.0,25.1556,7.5175399999999994,3.6135599999999997
1280002.0,26.5637,8.033560000000001,6.32868
1288002.0,27.2132,8.23323,7.726660000000001
1296002.0,27.1194,8.22673,9.75907
1304002.0,28.5792,8.4852,10.9949
1312002.0,28.8349,8.637,13.5501
1320002.0,29.9997,9.07537,15.4186
1328002.0,30.6305,9.66655,17.4261
1336002.0,31.1088,10.2249,19.5064
1344002.0,31.5283,10.2389,20.6702
1352002.0,32.1737,9.82286,24.548000000000002
1360002.0,32.8645,9.77651,25.6194
1368002.0,32.8589,10.0577,27.8098
1376002.0,33.4,10.1636,30.9179
1384002.0,33.5623,9.738719999999999,32.7304
1392002.0,34.3705,9.80322,33.8226
1400002.0,34.8503,9.34983,36.7119
1408002.0,35.8104,9.426639999999999,38.1605
1416002.0,35.9654,9.535060000000001,39.512
1424002.0,35.7395,9.26496,41.7062
1432002.0,36.2107,9.58479,44.0115
1440002.0,38.345,9.61619,46.9839
1448002.0,38.8392,9.84635,48.2405
1456002.0,39.6365,9.93247,0.9763719999999999
1464002.0,40.3464,10.1196,2.8532900000000003
1472002.0,42.0047,9.988389999999999,5.06464
1480002.0,42.7198,9.91855,6.54212
1488002.0,43.666000000000004,9.78256,8.81334
1496002.0,43.5815,9.80453,11.2964
1504002.0,44.5089,9.836310000000001,13.2798
1512002.0,45.327,9.818480000000001,15.9781
1520002.0,45.2883,9.56354,18.2468
1528002.0,45.5539,9.151110000000001,21.0111
1536002.0,45.6342,9.04221,22.4805
1544002.0,46.3608,9.25232,24.0825
1552002.0,48.032,9.32627,24.9959
1560002.0,48.5525,9.887960000000001,29.3797
1568002.0,48.843999999999994,9.68926,31.8691
1576002.0,48.9003,9.557089999999999,33.5974
1584002.0,48.8072,9.58761,35.9675
1592002.0,48.8348,9.9362,37.8714
1600002.0,49.1487,9.70077,40.2497
1608002.0,49.3565,9.66259,42.9818
1616002.0,0.0606805,9.801060000000001,44.7575
1624002.0,49.3191,9.22251,47.9329
1632002.0,0.415681,9.0044,0.653564
1640002.0,0.575372,9.01827,4.52427
1648002.0,0.547725,9.168289999999999,5.81076
1656002.0,0.31819200000000003,8.52433,8.02153
1664002.0,0.8669690000000001,8.33264,10.8955
1672002.0,2.14456,7.76882,12.7421
1680002.0,1.8801299999999999,7.7709,14.9234
1688002.0,2.09643,8.08314,17.0211
1696002.0,1.87332,8.282160000000001,19.2724
1704002.0,1.8641900000000002,8.22145,21.5826
1712002.0,1.0655299999999999,8.42285,24.086
1720002.0,1.93818,9.03053,26.5741
1728002.0,2.16628,9.26207,28.5803
1736002.0,2.34623,9.10545,30.3379
1744002.0,2.61613,9.56653,32.3793
1752002.0,2.6148,9.13492,34.8834
1760002.0,2.56553,9.3382,37.7622
1768002.0,3.13916,9.64439,39.4445
1776002.0,3.793,9.95407,41.703
1784002.0,4.10679,10.3823,43.0931
1792002.0,4.17609,10.3193,45.1493
1800002.0,5.03287,10.149,47.5895
1808002.0,5.93481,9.99274,0.701308
1816002.0,6.90158,9.187660000000001,1.6425400000000001
1824002.0,7.262410000000001,8.37455,3.41971
1832002.0,7.5474,8.05874,4.93572
1840002.0,9.88512,8.45796,5.4637400000000005
1848002.0,9.9748,8.36309,7.1619399999999995
1856002.0,10.2389,8.14359,8.23828
1864002.0,10.8527,8.25429,9.19923
1872002.0,11.068,8.1081,10.7051
1880002.0,11.5616,7.7674,12.5762
1888002.0,12.4324,7.69848,13.8157
1896002.0,13.2963,7.660769999999999,15.3781
1904002.0,13.5796,7.74198,16.6909
1912002.0,13.5423,7.703689999999999,18.4768
1920002.0,13.01,7.37617,20.1707
1928002.0,13.1462,7.24287,21.6997
1936002.0,12.565,7.391,23.0579
1944002.0,11.9658,6.9015699999999995,25.0153
1952002.0,11.7598,6.48299,27.2473
1960002.0,11.0222,6.07469,28.8612
1968002.0,11.4702,5.85572,30.2272
1976002.0,11.3963,5.72088,31.6391
1984002.0,11.3959,5.4369,33.3635
1992002.0,12.1397,5.44035,34.5994
2000002.0,12.4535,5.84138,36.6593
2008002.0,12.8153,5.65373,39.1404
2016002.0,14.5074,5.2893099999999995,41.3078
2024002.0,14.3347,5.147469999999999,42.089
2032002.0,14.9936,5.05478,42.438
2040002.0,15.793,5.15723,43.8396
2048002.0,16.7759,4.75815,45.5779
2056002.0,18.025,4.54957,46.1529
2064002.0,18.7496,4.08991,46.6737
2072002.0,19.7314,3.7175300000000004,47.49100000000001
2080002.0,20.4491,3.51721,47.8262
2088002.0,21.0277,3.31331,48.0559
2096002.0,21.951,2.93903,48.4384
2104002.0,22.5105,2.85888,49.0625
2112002.0,23.0039,2.57211,0.34074099999999996
2120002.0,22.8032,2.57763,1.26119
2128002.0,22.3024,2.54983,2.0659099999999997
2136002.0,22.9753,2.5478099999999997,2.84728
2144002.0,23.0344,2.48525,4.6508400000000005
2152002.0,23.8974,2.55138,5.34518
2160002.0,23.9683,2.4119,6.54571
2168002.0,24.2724,2.3585700000000003,7.31699
2176002.0,24.6112,2.60177,8.07594
2184002.0,24.349,3.21081,7.762810000000001
2192002.0,24.0669,3.5749800000000005,7.49649
2200002.0,24.1847,3.8443099999999997,7.4468
2208002.0,24.4133,3.7746800000000005,8.11096
2216002.0,25.2593,3.8782300000000003,7.484489999999999
2224002.0,25.8949,3.4228,8.07217
2232002.0,25.8414,3.25927,8.93522
2240002.0,25.9958,3.07547,9.61046
2248002.0,26.2454,2.9801,10.8911
2256002.0,26.1228,2.8799099999999997,11.2981
2264002.0,26.2947,2.95464,11.7795
2272002.0,26.3296,2.89607,12.5515
2280002.0,26.2596,2.84721,13.1339
2288002.0,26.1983,2.84211,13.8885
2296002.0,26.4179,2.7930099999999998,14.7808
2304002.0,26.8008,2.7697,15.504000000000001
2312002.0,26.6779,2.61849,16.3528
2320002.0,26.9699,2.52355,16.8404
2328002.0,27.0004,2.51733,17.1803
2336002.0,26.8332,2.47534,17.9529
2344002.0,26.6252,2.52713,19.0822
2352002.0,26.5747,2.65198,19.8525
2360002.0,26.7215,2.92462,20.4074
2368002.0,26.7762,3.10203,21.1462
2376002.0,26.7522,3.1240099999999997,21.5617
2384002.0,26.8394,3.46118,22.6052
2392002.0,27.9648,3.63101,24.2454
2400002.0,28.6837,3.7587800000000002,24.7974
2408002.0,28.6554,3.86838,26.1385
2414002.0,28.8531,4.01671,27.4933
2422002.0,29.9036,4.035819999999999,29.2378
2430002.0,31.9194,4.08598,29.965999999999998
2438002.0,33.3794,3.95796,31.0742
2446002.0,35.3089,4.105090000000001,31.5296
2454002.0,36.3899,4.1982099999999996,32.1315
2462002.0,36.3624,3.81662,33.4177
2470002.0,36.4889,3.3095800000000004,33.3073
2478002.0,36.895,3.3060699999999996,33.2482
2486002.0,37.108000000000004,3.11433,33.3584
2494002.0,37.14,2.86973,33.7198
2502002.0,37.1566,2.80419,34.4367
2510002.0,37.3506,2.61826,34.6264
2518002.0,37.5038,2.52368,35.1904
2526002.0,37.4622,2.5943400000000003,35.0165
2534002.0,37.8659,2.5985,34.9971
2542002.0,37.8439,2.5838400000000004,35.1065
2550002.0,37.9148,2.5234900000000002,36.1585
2558002.0,38.1427,2.58423,36.6723
2566002.0,38.3213,2.84191,36.9741
2574002.0,38.8754,3.02169,37.9052
2582002.0,39.5458,3.04641,38.4596
2590002.0,40.7109,3.15577,39.2035
2598002.0,41.5085,3.12835,40.4285
2606002.0,41.7607,3.25608,41.3468
2614002.0,42.1112,3.17099,42.3254
2622002.0,42.3563,3.188,43.6823
2630002.0,42.5586,3.18051,44.6262
2638002.0,42.6308,2.97631,45.7492
2646002.0,42.7737,3.0510099999999998,47.0562
2654002.0,43.1007,3.2077400000000003,48.3382
2662002.0,43.0465,3.18218,48.8928
2670002.0,42.8443,3.24346,0.478088
2678002.0,43.2457,3.4479900000000003,2.0065
2686002.0,43.553999999999995,3.6561,2.61891
2694002.0,43.6808,3.57171,3.1713400000000003
2702002.0,43.8843,3.38381,4.09565
2710002.0,45.1237,3.48555,6.398280000000001
2718002.0,44.7203,3.45214,7.1931
2726002.0,44.6989,3.4733300000000003,7.54184
2734002.0,44.7573,3.59973,8.93717
2742002.0,45.2943,3.04094,9.62204
2750002.0,46.1485,2.69835,10.6561
2758002.0,47.1573,2.72998,12.7854
2766002.0,48.3789,2.3496099999999998,16.9702
2774002.0,48.2397,2.2890200000000003,17.5601
2782002.0,1.8220900000000002,2.53458,18.6786
2790002.0,1.6639099999999998,2.68947,19.7707
2798002.0,1.57588,2.7279299999999997,20.7674
2806002.0,1.89094,2.77046,21.4489
2814002.0,1.3155299999999999,2.7494099999999997,23.6291
2822002.0,1.3382100000000001,2.72212,25.2541
2830002.0,1.55723,2.55196,26.521
2838002.0,1.84568,2.56685,27.171999999999997
2846002.0,2.70247,2.57325,28.2894
2854002.0,3.00759,2.4092599999999997,29.5773
2862002.0,3.06681,2.38603,29.991
2870002.0,3.07412,2.38483,30.0127
2878002.0,3.01919,2.41466,30.0723
2886002.0,3.1804200000000002,2.6139099999999997,30.1834
2894002.0,3.15829,2.73298,30.4969
2902002.0,3.51525,2.79071,31.2361
2910002.0,3.4932800000000004,2.6974400000000003,32.137
2918002.0,3.3545199999999995,2.65057,32.7913
2926002.0,3.50178,2.79678,33.5285
2934002.0,3.55911,2.84865,34.6751
2942002.0,3.50487,2.70158,35.7399
2950002.0,3.60176,3.07085,37.0095
2958002.0,4.14896,3.49513,38.0597
2966002.0,4.61817,3.5356400000000003,38.7542
2974002.0,4.65774,3.33946,39.3649
2982002.0,4.84463,3.4320199999999996,40.9062
2990002.0,5.0769,3.47968,41.6019
2998002.0,5.34863,3.48925,42.2152
3006002.0,5.48435,3.8656,43.1837
3014002.0,5.63967,4.32245,44.8384
3022002.0,6.01558,4.2952699999999995,45.9543
3030002.0,7.030480000000001,4.27568,49.1589
3038002.0,7.406560000000001,4.258290000000001,1.7048599999999998
3046002.0,7.43007,4.40739,3.85054
3054002.0,7.37335,4.73005,5.3347
3062002.0,7.089160000000001,5.39422,6.33469
3070002.0,7.90492,5.43036,8.13274
3078002.0,8.16461,5.64726,9.680439999999999
3086002.0,7.836360000000001,5.78557,11.35
3094002.0,8.50061,5.9572199999999995,13.2646
3102002.0,8.77459,6.1889400000000006,15.0467
3110002.0,9.67326,6.30189,16.5423
3118002.0,10.1959,6.4634,18.166
3126002.0,10.9734,6.71172,20.695
3134002.0,12.0907,6.8626,23.6366
3142002.0,12.7264,7.4915199999999995,26.6681
3150002.0,13.9867,7.7961800000000006,28.8799
3158002.0,16.1347,7.32684,31.3085
3166002.0,16.4163,7.40705,33.0759
3174002.0,16.9184,6.870889999999999,34.2655
3182002.0,18.0122,6.89025,36.3952
3190002.0,18.9078,6.6495,38.2928
3198002.0,19.6483,7.07331,41.3254
3206002.0,20.4691,7.14867,43.3813
3214002.0,21.7287,7.2155,45.408
3222002.0,22.6659,7.6822,47.9041
3230002.0,23.34,8.20458,0.724007
3238002.0,23.9274,8.11492,2.95375
3246002.0,24.3548,8.172080000000001,5.04835
3254002.0,24.7039,8.161010000000001,6.69088
3262002.0,24.9106,8.0992,8.423869999999999
3270002.0,24.7046,8.24174,10.3664
3278002.0,24.5235,8.29268,12.3987
3286002.0,25.1532,8.16554,14.0365
3294002.0,25.4246,8.61303,15.309000000000001
3302002.0,25.9042,8.13771,18.2253
3310002.0,26.4943,7.70967,19.5288
3318002.0,26.586,7.48043,21.9109
3326002.0,27.4803,7.4827699999999995,24.0351
3334002.0,27.9768,6.883319999999999,25.6802
3342002.0,28.3027,6.86343,27.9046
3350002.0,28.1733,6.3362,29.9654
3358002.0,29.013,6.10173,32.6046
3366002.0,30.2567,6.49708,35.5143
3374002.0,31.6393,6.4505300000000005,37.914
3382002.0,32.4287,6.34387,40.2277
3390002.0,33.5671,6.23691,41.1179
3398002.0,33.7443,6.11074,43.1649
3406002.0,34.3916,5.77151,45.2413
3414002.0,36.0468,5.95339,47.9613
3422002.0,37.1392,6.102930000000001,0.32559099999999996
3430002.0,38.3453,5.325019999999999,1.98318
3438002.0,38.961,4.51566,3.4638
3446002.0,39.2844,4.1375,4.34101
3454002.0,39.8928,3.5272300000000003,5.83219
3462002.0,40.0486,3.17656,6.13743
3470002.0,40.2483,3.3849,7.40302
3478002.0,40.3149,3.57044,8.80895
3486002.0,40.2767,3.1663,9.66954
3494002.0,41.1172,3.10707,10.9031
3502002.0,41.629,2.93545,11.956
3510002.0,41.9623,2.95669,13.1347
3518002.0,42.6289,2.93847,13.9802
3526002.0,43.4227,3.10945,15.4123
3534002.0,43.5935,3.1640099999999998,16.1477
3542002.0,43.7416,3.40617,17.3328
3550002.0,44.0121,3.43489,18.7341
3558002.0,44.0585,3.57372,19.4417
3566002.0,44.0777,3.5914,21.0328
3574002.0,43.6543,3.6004199999999997,22.4613
3582002.0,43.5867,3.65425,23.6599
3590002.0,43.7661,3.5963,24.6687
3598002.0,43.902,3.4933099999999997,25.9694
3606002.0,44.1867,3.49804,27.3681
3614002.0,44.7849,3.48684,27.8093
3622002.0,45.7017,3.43819,28.6996
3630002.0,45.4597,3.00298,30.5882
3638002.0,45.7254,2.89613,31.703000000000003
3646002.0,46.7754,2.5279599999999998,32.7146
3654002.0,47.12,2.49838,34.0243
3662002.0,47.5443,2.553,35.2721
3670002.0,47.9408,2.5099299999999998,35.7865
3678002.0,48.1021,2.47897,36.5873
3686002.0,47.9905,2.44892,37.1155
3694002.0,48.113,2.67057,38.1414
3702002.0,45.687,3.19239,43.2785
3710002.0,47.6665,3.62265,42.9434
3718002.0,49.2204,5.29445,45.2028
3726002.0,0.210721,5.8141300000000005,47.3898
3734002.0,0.101146,6.04934,0.017928
3742002.0,0.26615900000000003,6.184019999999999,1.8608799999999999
3750002.0,0.722394,6.07102,3.3878699999999995
3758002.0,1.35306,6.40971,4.615069999999999
3766002.0,2.00694,6.584919999999999,5.8653699999999995
3774002.0,2.83396,6.65942,7.1254
3782002.0,3.3927099999999997,6.860360000000001,8.22449
3790002.0,3.6587300000000003,7.469189999999999,9.76566
3798002.0,3.68727,8.005,10.568
3806002.0,4.55872,8.7429,12.1081
3814002.0,6.18476,8.87767,12.7938
3822002.0,5.6963,8.96009,14.6153
3830002.0,5.82109,9.38064,16.3816
3838002.0,6.317069999999999,9.31503,18.9638
3846002.0,6.01136,9.24587,21.4607
3854002.0,5.95394,8.908619999999999,23.2972
3862002.0,5.67668,9.12808,24.5854
3870002.0,6.0397099999999995,9.03048,27.7907
3878002.0,6.37783,8.94125,30.8282
3886002.0,6.07368,9.33329,33.5271
3894002.0,6.415109999999999,9.516160000000001,35.9349
3902002.0,6.97018,9.66952,37.527
3910002.0,6.902880000000001,9.97227,39.6654
3918002.0,7.40865,9.89305,41.9626
3926002.0,7.94808,9.33208,43.4351
3934002.0,9.20567,9.2419,45.1189
3942002.0,10.6256,9.12164,46.8302
3950002.0,10.855,9.44817,49.0582
3958002.0,12.1193,9.26431,2.56013
3966002.0,13.4776,9.57821,4.77746
3974002.0,14.4253,9.27983,6.83483
3982002.0,14.8346,9.275030000000001,8.428230000000001
3990002.0,15.7135,9.42816,10.3561
3998002.0,16.8451,9.09781,11.3975
4006002.0,17.9128,9.186589999999999,12.7488
4014002.0,18.6227,9.23013,14.3613
4022002.0,19.0153,9.14334,15.3872
4030002.0,18.613,7.966010000000001,15.5907
4038002.0,19.0491,7.550739999999999,15.7008
4046002.0,19.4799,7.44729,16.6006
4054002.0,19.8322,8.01269,17.6808
4062002.0,20.2107,8.256269999999999,19.3644
4070002.0,20.6431,8.83015,20.5417
4078002.0,20.5558,8.753689999999999,22.8969
4086002.0,21.0634,9.27528,24.8204
4094002.0,21.5067,9.6992,26.1981
4102002.0,21.936999999999998,9.9165,27.5229
4110002.0,22.1165,10.1624,29.2967
4118002.0,22.6081,10.1951,30.7777
4126002.0,22.7395,10.2518,32.2561
4134002.0,22.4198,10.2666,33.35
4142002.0,22.8506,10.3188,34.7792
4150002.0,23.513,10.1928,36.1698
4158002.0,24.4611,10.1052,37.7551
4166002.0,24.8921,10.1828,39.7003
4174002.0,25.7949,10.2719,42.0759
4182002.0,25.854,10.3732,44.3471
4190002.0,26.779,10.3187,47.0513
4198002.0,28.1263,10.1956,0.330402
4206002.0,29.4334,9.81978,2.7633099999999997
4214002.0,30.8421,9.48198,6.57102
4222002.0,31.9277,9.54808,10.1385
4230002.0,33.3147,9.50755,12.369000000000002
4238002.0,35.1839,9.410739999999999,15.1674
4246002.0,36.4009,9.49741,17.7499
4254002.0,37.2282,9.636610000000001,20.7683
4262002.0,38.2663,9.246139999999999,23.5257
4270002.0,38.9729,8.942089999999999,25.3261
4278002.0,40.0005,9.13897,27.9981
4286002.0,40.6016,9.03985,31.2638
4294002.0,40.6552,9.73894,33.6704
4302002.0,40.963,9.50638,35.9204
4310002.0,41.8554,8.76169,37.7548
4318002.0,41.7859,8.55064,37.9496
4326002.0,41.3044,8.71937,40.771
4334002.0,41.7453,8.03628,42.0587
4342002.0,41.9791,7.7446600000000005,42.9036
4350002.0,42.449,7.3401,44.2819
4358002.0,42.7727,7.33938,45.8186
4366002.0,43.4478,7.545030000000001,47.2082
4374002.0,43.8328,7.658739999999999,47.9794
4382002.0,44.1132,7.79675,49.461000000000006
4390002.0,44.8058,8.04606,1.47122
4398002.0,44.6239,7.76094,4.68778
4406002.0,45.0529,8.10939,6.66405
4414002.0,47.4353,12.4615,5.47823
4422002.0,47.205,12.1409,5.65442
4430002.0,46.2409,12.2547,8.55133
4438002.0,45.8816,12.0352,11.3763
4446002.0,46.1308,12.4963,13.3275
4454002.0,46.7454,12.7185,16.0567
4462002.0,47.2147,13.1197,19.0372
4470002.0,48.1741,12.8947,20.9726
4478002.0,48.9641,12.8653,23.0129
4486002.0,0.270233,12.8629,25.6102
4494002.0,1.03673,14.0898,28.698
4502002.0,2.58639,14.6715,30.4594
4510002.0,2.5484299999999998,15.2202,32.8725
4518002.0,2.7329,15.1352,34.1967
4526002.0,3.78799,15.6248,37.064
4534002.0,5.0778,16.0325,38.9945
4542002.0,5.5606800000000005,16.2279,40.8124
4550002.0,6.42892,15.8657,43.2497
4558002.0,6.974539999999999,15.352,45.7357
4566002.0,7.862139999999999,15.6531,48.5715
4574002.0,9.179860000000001,15.9268,2.11168
4582002.0,10.8424,16.1506,4.56231
4590002.0,12.5714,16.584,6.00237
4598002.0,14.1138,16.8169,8.93591
4606002.0,15.4831,16.5668,10.2729
4614002.0,16.0823,16.4504,11.7261
4622002.0,16.0487,16.5226,12.9013
4630002.0,17.0222,16.7996,13.9328
4638002.0,17.9211,16.9403,15.3609
4646002.0,18.1294,17.1674,17.8478
4654002.0,18.7373,17.4589,19.3613
4662002.0,20.8397,17.7908,21.5848
4670002.0,21.1416,17.9686,24.5357
4678002.0,21.7645,17.9606,27.8461
4686002.0,23.0737,17.5577,30.4412
4694002.0,23.7915,16.7654,34.1687
4702002.0,24.3665,16.6972,36.4639
4710002.0,25.7796,16.7725,39.1638
4718002.0,26.9725,16.9602,41.6748
4726002.0,27.135,17.0322,43.8901
4734002.0,28.4525,17.3002,45.8298
4742002.0,29.2163,17.4512,48.1486
4750002.0,30.1221,17.7087,1.4190200000000002
4758002.0,30.8698,17.7708,3.8424400000000003
4760002.0,31.0475,17.8684,4.26992
4768002.0,29.4017,17.2363,7.148389999999999
4776002.0,32.0392,17.3401,8.40288
4784002.0,33.8315,16.9645,11.2862
4792002.0,34.9356,17.315,13.5592
4800002.0,36.3143,17.0849,15.8231
4808002.0,37.7006,17.1358,19.1702
4816002.0,40.2988,17.0246,22.0183
4824002.0,42.3337,16.8617,24.4604
4832002.0,43.42100000000001,16.5013,26.9616
4840002.0,44.2702,16.9715,29.7735
4848002.0,45.3708,17.1228,31.6251
4856002.0,47.6694,17.7112,34.2808
4864002.0,47.583,17.7941,38.0346
4872002.0,49.1953,17.2484,41.2986
4880002.0,0.255358,17.5012,43.8355
4888002.0,0.6831010000000001,17.7084,45.6944
4896002.0,2.0994200000000003,17.6987,47.6367
4904002.0,3.96431,17.5383,48.1494
4912002.0,4.9247,17.4303,0.25937
4920002.0,8.07297,17.8238,2.4460599999999997
4928002.0,10.4387,18.7048,4.56832
4936002.0,11.7524,19.2099,7.413360000000001
4944002.0,11.9653,19.1251,10.5407
4952002.0,13.2011,18.6431,13.7357
4960002.0,13.1872,18.3286,17.1721
4968002.0,13.6398,18.4252,20.6068
4976002.0,14.1901,18.1745,23.8533
4984002.0,14.4736,18.5648,26.7137
4992002.0,15.4777,18.7389,29.4371
5000002.0,16.7448,18.5339,33.0696
5008002.0,17.3801,17.9557,37.0294
5016002.0,17.654,17.2954,38.7453
5024002.0,17.9212,16.9846,41.5038
5032002.0,18.4086,16.7543,45.0047
5040002.0,19.5528,16.7096,47.6253
5048002.0,20.0791,16.0606,49.4284
5056002.0,21.4176,15.6801,2.98652
5064002.0,22.7498,15.3323,5.8474
5072002.0,23.9318,15.3569,8.37547
5080002.0,24.9995,15.3898,11.4742
5088002.0,26.2331,15.5004,14.9496
5096002.0,27.7472,15.9061,18.5845
5104002.0,29.2972,16.2942,22.7045
5112002.0,29.7014,16.7903,26.0488
5120002.0,30.0504,17.0227,30.6771
5128002.0,30.915,17.9234,35.2297
5136002.0,30.6947,18.547,39.1297
5144002.0,31.284000000000002,18.842,43.1789
5152002.0,31.783,19.648,47.8239
5160002.0,33.2314,19.9767,2.09393
5168002.0,33.5818,20.4033,6.499709999999999
5176002.0,34.0531,20.4618,10.8229
5184002.0,34.8116,20.5884,14.8776
5192002.0,35.191,20.8035,18.1409
5200002.0,36.1742,20.3711,22.0319
5208002.0,36.8797,21.0102,24.5674
5216002.0,37.7898,20.8538,28.5214
5224002.0,38.6398,20.7393,31.4961
5232002.0,40.0661,21.0034,35.8198
5240002.0,40.9187,20.8809,39.8239
5248002.0,41.7663,21.2565,42.7144
5256002.0,41.8269,21.4695,45.1291
5264002.0,42.7682,21.4897,49.3848
5272002.0,43.8814,21.6581,3.5066900000000003
5280002.0,45.2724,21.7087,8.12627
5288002.0,45.5257,22.0455,11.9776
5296002.0,46.6116,22.1927,16.1975
5304002.0,47.461000000000006,22.4481,20.7008
5312002.0,0.10865999999999999,22.9071,24.3336
5320002.0,49.0619,23.2632,28.2152
5328002.0,48.9772,23.4868,31.2039
5336002.0,0.381268,23.9483,35.4547
5344002.0,2.08853,24.1055,38.9554
5352002.0,3.1478900000000003,24.5645,42.7862
5360002.0,3.44735,24.5929,45.5789
5368002.0,4.94111,24.9478,0.986209
5376002.0,5.29915,24.5321,4.40307
5384002.0,6.55549,23.9615,8.386239999999999
5392002.0,6.48278,24.1878,11.6389
5400002.0,7.4383,24.355,15.8031
5408002.0,7.7378800000000005,24.500999999999998,19.5564
5416002.0,8.79009,24.142,24.2101
5424002.0,9.40818,23.9063,27.912
5432002.0,10.334000000000001,24.0063,31.9114
5440002.0,11.9907,23.8813,34.4287
5448002.0,12.6987,24.1263,38.247
5456002.0,12.7541,23.6651,42.968
5464002.0,13.0143,23.9945,47.3199
5472002.0,12.65,23.9398,2.67563
5480002.0,14.2131,24.8827,6.56878
5488002.0,15.0806,24.8402,9.83174
5496002.0,16.3072,24.9973,13.8094
5504002.0,16.6637,25.1124,17.9991
5512002.0,18.1905,25.1808,21.4434
5520002.0,19.1396,25.6404,25.4789
5528002.0,20.2747,25.5479,29.4945
5536002.0,21.3608,25.9122,32.6782
5544002.0,22.2147,26.0443,36.4756
5552002.0,22.9809,26.0981,40.4683
5560002.0,23.8418,25.8934,44.9185
5568002.0,25.3697,26.1915,49.1027
5576002.0,26.6569,26.3889,2.56118
5584002.0,27.2593,26.5479,7.35308
5592002.0,27.7559,26.8777,11.9435
5600002.0,28.6186,26.9208,15.9326
5608002.0,29.4087,27.232,20.0558
5616002.0,30.1913,27.6155,23.7558
5624002.0,30.8286,27.5721,27.0301
5632002.0,32.5104,27.8469,31.1139
5640002.0,34.4306,27.9361,35.8999
5648002.0,36.551,28.3833,40.3363
5656002.0,37.1629,27.6594,45.1397
5664002.0,39.0984,29.0132,48.9609
5672002.0,39.8322,28.9543,3.8380900000000002
5680002.0,40.894,29.4672,7.394660000000001
5688002.0,41.6562,29.0187,11.3433
5696002.0,42.461999999999996,28.4135,14.1485
5704002.0,44.0231,28.4904,18.8804
5712002.0,44.2214,28.0777,22.9415
5720002.0,44.3668,27.8662,27.0474
5728002.0,44.4543,28.0996,31.2471
5736002.0,44.94,28.4102,35.8239
5744002.0,45.5865,28.828000000000003,40.9611
5752002.0,45.5673,29.3604,46.0683
5760002.0,45.8203,28.9135,0.745388
5768002.0,47.3137,28.9991,4.77146
5776002.0,48.9292,28.5435,9.7954
5784002.0,49.3177,28.8301,15.06
5792002.0,0.499033,28.9358,19.8827
5800002.0,1.37404,28.8676,25.498
5808002.0,2.40358,29.5732,30.1881
5816002.0,3.60647,29.6322,34.9252
5824002.0,3.9460800000000003,29.4439,38.6872
5832002.0,4.1757800000000005,29.5852,42.521
5840002.0,4.30932,29.3395,47.055
5848002.0,5.21546,29.6172,1.5828
5856002.0,6.10009,29.9484,6.55364
5864002.0,7.55474,30.1177,10.694
5872002.0,7.9535100000000005,30.4266,15.113
5880002.0,8.60341,30.4039,19.572
5888002.0,9.24685,30.1163,24.6364
5896002.0,10.2937,30.5077,29.0456
5904002.0,11.0917,30.2382,33.63
5912002.0,11.5773,29.8707,38.1191
5920002.0,12.8674,29.8646,43.228
5928002.0,13.9107,29.9978,47.8423
5936002.0,14.1482,30.1754,3.1907400000000004
5944002.0,14.6722,30.6259,7.8503
5952002.0,15.3302,30.7311,12.5136
5960002.0,15.4265,30.486,16.8668
5968002.0,15.7159,30.396,21.1296
5976002.0,15.7612,30.0118,26.2744
5984002.0,16.4748,29.9683,30.9244
5992002.0,16.6077,29.9665,36.2509
6000002.0,17.0502,29.885,40.9096
6008002.0,16.9805,30.0485,45.045
6016002.0,17.3347,30.4823,49.4785
6024002.0,17.422,30.7289,5.19664
6032002.0,17.7553,30.9941,9.87753
6040002.0,17.8982,31.3355,14.5239
6048002.0,18.1456,31.3831,19.0761
6056002.0,18.831,31.526999999999997,24.1508
6064002.0,19.4122,31.4863,29.4207
6072002.0,19.648,31.7616,33.7538
6080002.0,20.7344,31.6665,38.5652
6088002.0,21.598000000000003,31.816999999999997,43.1681
6096002.0,22.1111,32.0881,47.1897
6104002.0,22.6537,32.0087,2.3532
6112002.0,23.4288,32.7734,7.4259699999999995
6120002.0,23.6953,32.9697,12.5058
6128002.0,23.9602,32.8701,17.6669
6136002.0,24.5933,32.8246,22.2989
6144002.0,24.664,32.773,27.4697
6152002.0,24.8211,32.7588,32.293
6160002.0,25.2124,32.6329,37.2315
6168002.0,25.8323,32.435,42.0843
6176002.0,26.1318,32.5519,47.2866
6184002.0,26.3691,32.6995,2.25851
6192002.0,26.5292,32.704,7.079789999999999
6200002.0,26.7131,32.7545,11.5708
6208002.0,27.3616,33.2104,16.2374
6216002.0,27.9745,33.7479,21.2997
6224002.0,28.5813,33.5697,26.4803
6232002.0,29.2868,33.513000000000005,31.2144
6240002.0,30.0184,33.5564,36.4889
6248002.0,31.4404,33.533,41.5405
6256002.0,32.9102,33.0839,46.1417
6264002.0,34.152,33.0006,1.33591
6272002.0,35.0324,32.4987,5.4583699999999995
6280002.0,35.1416,32.6039,9.95914
6288002.0,35.4546,32.3498,14.6121
6296002.0,35.7362,32.4357,18.844
6304002.0,36.2245,32.3087,23.2212
6312002.0,37.6581,32.5235,27.8779
6320002.0,38.8614,32.6354,32.2284
6328002.0,40.5991,32.5291,37.2022
6336002.0,40.9196,33.0546,41.7587
6344002.0,41.626999999999995,32.8204,46.5665
6352002.0,41.3145,32.751,1.7369999999999999
6360002.0,41.5088,32.6863,6.14611
6368002.0,42.2547,32.3771,10.939
6376002.0,42.9777,32.5086,15.8677
6384002.0,42.8547,32.2324,20.7185
6392002.0,43.1,32.3507,25.1597
6400002.0,43.3691,32.5455,30.4222
6408002.0,43.7098,32.4875,35.3019
6416002.0,43.9017,32.2378,39.7699
6424002.0,44.0893,32.2907,44.1225
6432002.0,44.2078,32.2697,48.2739
6440002.0,44.2831,32.3328,2.501
6448002.0,44.4538,32.2233,6.80151
6456002.0,45.6318,32.162,10.4963
6464002.0,46.4972,32.1365,14.7329
6472002.0,46.8618,32.1718,20.1549
6480002.0,47.3159,31.9114,24.4506
6488002.0,47.5476,31.7388,28.6889
6496002.0,47.3266,31.805999999999997,32.9092
6504002.0,48.023,31.8029,37.2353
6512002.0,48.8177,31.7283,41.5747
6520002.0,0.020391,32.006,45.4935
6528002.0,0.34875,31.9638,0.574448
6536002.0,0.820263,32.273,5.06078
6544002.0,0.710558,32.6563,8.5273
6552002.0,1.21347,32.8702,11.8048
6560002.0,2.07638,32.6189,16.6073
6568002.0,3.55652,32.8099,20.1923
6576002.0,4.44442,33.094,24.8297
6584002.0,5.59816,32.9041,29.6581
6592002.0,6.6773,32.7117,34.6888
6600002.0,7.684,32.8142,39.1827
6608002.0,8.420739999999999,33.105,44.2685
6616002.0,9.96256,33.2803,47.6933
6624002.0,11.9863,33.6893,1.8360900000000002
6632002.0,14.2553,34.0788,5.9043
6640002.0,14.7984,34.0679,10.9601
6648002.0,16.2748,34.039,14.9407
6656002.0,17.9525,33.9692,19.5042
6664002.0,19.439,34.2193,23.5295
6672002.0,22.1121,34.9178,28.7403
6680002.0,23.9503,35.6016,33.7579
6688002.0,24.5715,35.6217,38.1359
6696002.0,26.4502,35.8144,41.7755
6704002.0,28.1116,35.7319,46.4192
6712002.0,29.7704,35.1602,0.900645
6720002.0,31.7964,34.6989,4.81044
6728002.0,33.6491,35.053000000000004,8.89418
6736002.0,35.0064,34.9601,12.6828
6744002.0,35.2146,35.2076,17.9183
6752002.0,37.0006,35.5203,23.6256
6760002.0,38.5661,35.207,28.712
6768002.0,38.6425,35.0985,33.9478
6776002.0,38.7649,34.8765,38.7734
6784002.0,39.6788,34.4043,43.1164
6792002.0,40.3151,33.861999999999995,47.1317
6800002.0,41.1153,33.7593,1.4354
6808002.0,41.2488,33.7605,5.42824
6816002.0,41.5228,33.8133,10.0931
6824002.0,42.7054,33.5163,14.7995
6832002.0,44.0119,33.1918,19.2233
6840002.0,44.4434,33.2767,23.9943
6848002.0,45.4,33.7435,28.6773
6856002.0,46.2489,33.7202,33.667
6864002.0,46.8487,33.8569,38.4042
6872002.0,47.0761,34.1881,42.5674
6880002.0,48.4903,34.8708,46.958
6888002.0,49.1686,34.8141,2.30545
6896002.0,0.8283309999999999,34.7278,6.581760000000001
6904002.0,2.22886,34.8793,11.3727
6912002.0,4.5608900000000006,35.0142,17.2072
6920002.0,5.62939,34.9502,22.4495
6928002.0,7.06772,34.9287,26.7374
6936002.0,7.20834,34.9666,30.1771
6944002.0,8.49645,34.8377,34.1075
6952002.0,11.3136,35.0851,37.7372
6960002.0,13.1993,35.3998,40.4907
6968002.0,14.2976,35.4134,44.2463
6976002.0,15.8605,35.3696,49.0082
6984002.0,16.1524,35.5839,4.07589
6992002.0,17.2675,35.7704,8.42014
7000002.0,18.4415,36.3605,11.9978
7008002.0,19.5723,36.1194,16.3656
7016002.0,20.5049,35.9623,20.5604
7024002.0,20.3952,35.9687,25.0985
7032002.0,21.3364,36.0605,28.9305
7040002.0,21.9896,36.2956,33.0375
7048002.0,22.6447,36.2712,37.4439
7056002.0,24.0009,36.0637,42.0968
7064002.0,25.7939,35.9111,45.7006
7072002.0,27.7023,35.7423,49.3989
7080002.0,28.1573,35.715,3.4941800000000005
7088002.0,27.5766,35.5895,8.273810000000001
7096002.0,27.1364,35.5747,12.2558
7104002.0,27.7393,35.5167,15.8189
7112002.0,28.1314,35.3303,20.6837
7120002.0,30.0648,35.6574,25.4131
7128002.0,30.2297,36.1318,29.3761
7136002.0,30.0783,35.4578,33.7382
7144002.0,29.4568,35.6803,38.1582
7152002.0,30.1378,35.6562,43.1627
7160002.0,31.1156,35.6182,48.396
7168002.0,31.564,35.8191,3.20171
7176002.0,32.6408,36.2384,7.6871100000000006
7184002.0,34.5739,36.4582,11.6674
7192002.0,33.4382,36.7243,16.0928
7200002.0,35.1402,37.0755,21.2771
7204002.0,34.1414,37.2722,22.9584
7212002.0,36.3541,37.398,28.2882
7220002.0,37.6758,37.3605,31.9233
7228002.0,39.116,36.9628,36.4238
7236002.0,39.9131,36.7481,40.9909
7244002.0,40.2941,36.7012,45.6558
7252002.0,40.5291,36.57,0.8978700000000001
7260002.0,41.1528,36.5262,5.633030000000001
7268002.0,41.7211,36.0851,11.1334
7276002.0,43.1625,36.2109,16.461
7284002.0,43.4435,35.2887,21.4474
7292002.0,44.3227,35.3178,26.1659
7300002.0,45.8112,35.1809,30.4366
7308002.0,46.4966,34.9459,35.0668
7316002.0,47.0002,34.5267,38.5397
7324002.0,47.1764,34.2404,42.6101
7332002.0,47.3334,33.9458,47.2042
7340002.0,48.0121,33.6823,1.89905
7348002.0,48.4783,33.1824,5.7771
7356002.0,49.0201,33.5605,9.11326
7364002.0,0.48131899999999994,33.5999,12.8038
7372002.0,0.974849,33.5629,16.8233
7380002.0,1.1596899999999999,33.5061,20.6649
7388002.0,1.49793,33.2557,25.3208
7396002.0,2.1789,33.1107,29.456999999999997
7404002.0,2.9245900000000002,33.2353,34.3444
7412002.0,3.4769300000000003,33.4526,38.5476
7420002.0,3.69087,33.3607,43.1815
7428002.0,4.23128,33.2497,47.5462
7436002.0,4.5095,33.4522,2.41302
7444002.0,4.65721,33.798,7.00875
7452002.0,5.23528,33.9518,11.9236
7460002.0,5.04473,34.0756,16.049
7468002.0,5.04678,33.9055,20.7889
7476002.0,5.48905,33.4213,24.2588
7484002.0,6.3438,33.1531,28.5842
7492002.0,7.348560000000001,33.7285,32.4272
7500002.0,7.76968,33.6358,37.2539
7508002.0,8.83805,34.4415,40.8921
7516002.0,8.92816,34.3612,45.3431
7524002.0,9.026760000000001,34.2984,0.255502
7532002.0,8.85877,34.6462,5.30555
7540002.0,9.2096,35.2465,9.68188
7548002.0,9.08442,35.5656,13.6874
7556002.0,9.5533,35.1467,18.4416
7564002.0,9.665939999999999,35.2428,23.1643
7572002.0,9.88926,35.1108,27.4552
7580002.0,9.84365,35.5035,32.3695
7588002.0,10.0318,35.8933,37.2232
7596002.0,10.1381,35.7436,41.2976
7604002.0,10.7509,36.1065,46.0083
7612002.0,11.3046,35.8701,1.30939
7620002.0,11.9319,36.02,6.16978
7628002.0,12.0374,36.3528,10.6155
7636002.0,13.1016,35.641,14.7192
7644002.0,13.1907,35.6215,18.6837
7652002.0,13.6511,35.6281,22.5316
7660002.0,13.9315,35.7611,27.0087
7668002.0,15.7675,35.7584,32.4205
7676002.0,16.0042,35.7861,37.5136
7684002.0,17.6976,34.7662,42.4229
7692002.0,19.1174,34.989000000000004,47.8428
7700002.0,19.5837,35.2182,2.58202
7708002.0,19.6934,34.8658,7.98767
7716002.0,20.5751,34.7939,12.2112
7724002.0,21.5259,34.8108,16.2669
7732002.0,23.2275,34.5572,20.6044
7740002.0,25.0505,34.6859,25.2739
7748002.0,25.6406,34.6649,29.2816
7756002.0,27.0107,34.9001,33.3072
7764002.0,27.8395,35.1647,37.6762
7772002.0,27.1918,35.3975,42.0066
7780002.0,27.5083,35.6115,46.7739
7788002.0,27.2079,35.9473,1.9463099999999998
7796002.0,27.3367,36.3322,6.758439999999999
7804002.0,27.1895,36.789,11.0299
7812002.0,26.7226,35.9247,16.7743
7820002.0,27.0038,36.0907,20.7798
7828002.0,27.9518,35.4031,26.0541
7836002.0,28.1418,35.1848,30.7283
7844002.0,28.7421,35.1327,34.6503
7852002.0,28.6336,35.3331,39.7189
7860002.0,28.7729,35.8086,44.2596
7868002.0,29.0111,36.0387,49.1357
7876002.0,29.8613,36.2289,4.57751
7884002.0,31.2,35.8389,9.48836
7892002.0,32.6515,35.7401,14.1208
7900002.0,32.705999999999996,35.8724,18.4979
7908002.0,32.7608,35.5545,23.2023
7916002.0,32.597,35.968,27.3257
7924002.0,32.372,36.3226,31.3559
7932002.0,32.6259,36.4985,34.7748
7940002.0,33.0593,36.7617,38.1972
7948002.0,33.6142,36.715,42.4977
7956002.0,34.0817,36.8905,46.1772
7964002.0,34.8651,37.2543,1.19078
7972002.0,34.7598,37.6551,5.865469999999999
7980002.0,34.6423,37.8232,11.0384
7988002.0,34.1119,37.6079,15.2209
7996002.0,34.2003,37.6848,19.1141
