2.0,10.2507,38.7754,27.3158
8002.0,14.7115,38.146,30.7784
16002.0,16.4328,38.4539,34.8489
24002.0,16.5097,38.3439,39.4212
32002.0,16.3561,38.3782,43.733000000000004
40002.0,16.8066,38.4717,48.5695
48002.0,17.0912,38.4802,3.51882
56002.0,17.2282,38.3878,8.0081
64002.0,16.9356,37.8679,12.1355
72002.0,17.7702,37.6269,15.1369
80002.0,18.090999999999998,37.5222,18.5179
88002.0,19.3043,37.0864,23.535
96002.0,20.0094,37.2197,27.6754
104002.0,20.2264,37.1896,30.9667
112002.0,20.7237,37.2581,32.8939
120002.0,21.655,37.3526,36.3426
128002.0,22.3143,37.5685,40.7459
136002.0,23.822,37.9652,46.1657
144002.0,25.1253,37.6933,1.20059
152002.0,26.5268,37.3081,5.2268099999999995
160002.0,29.5721,37.3203,9.58723
168002.0,29.5971,36.8635,13.9069
176002.0,30.2032,36.343,18.9114
184002.0,31.6142,36.7504,23.2785
192002.0,30.9585,36.2127,28.3643
200002.0,32.0137,35.0579,33.1819
208002.0,32.157,35.354,37.1807
216002.0,33.3023,34.8021,42.0133
224002.0,33.3306,34.3039,46.4851
232002.0,33.260999999999996,34.1683,2.2113099999999997
240002.0,33.6517,33.9301,6.642860000000001
248002.0,34.1569,33.596,10.8579
256002.0,34.6326,33.6059,15.8454
264002.0,34.9448,33.7101,21.125999999999998
272002.0,36.0867,33.5865,25.9766
280002.0,37.3074,33.3983,30.2389
288002.0,38.126,33.2492,35.6916
296002.0,37.5108,33.1704,40.363
304002.0,37.7867,33.2167,45.4217
312002.0,39.0182,33.125,49.2013
320002.0,40.3858,32.8741,4.45633
328002.0,42.2175,32.9703,9.15201
336002.0,43.8612,32.717,13.6632
344002.0,44.0011,32.4574,18.6043
352002.0,43.9952,32.673,21.5442
360002.0,44.6725,33.4455,26.1478
368002.0,44.5367,34.2469,29.9897
376002.0,44.0884,33.6604,35.4174
384002.0,45.6945,34.1209,39.2749
392002.0,46.6541,34.0785,43.7524
400002.0,47.8392,33.4356,48.7149
408002.0,47.9804,33.5848,3.6087599999999997
416002.0,48.6151,33.7961,8.08566
424002.0,0.00678882,33.9994,12.8432
432002.0,0.440522,34.1825,16.8728
440002.0,0.747216,34.0988,21.8577
448002.0,1.0826799999999999,33.9969,26.3276
456002.0,1.3747200000000002,33.9413,30.6302
464002.0,2.2621700000000002,34.008,34.1758
472002.0,2.64134,33.869,39.3768
480002.0,3.40288,33.6851,44.2112
488002.0,4.0271099999999995,33.6306,49.0557
496002.0,5.22997,33.3862,4.12951
504002.0,5.0525400000000005,33.2183,9.25553
512002.0,5.46099,32.8406,14.0349
520002.0,5.77821,32.7871,18.6188
528002.0,6.20308,32.7178,23.8614
536002.0,7.4321399999999995,32.2151,27.9787
544002.0,8.95998,32.092,31.9051
552002.0,10.4494,32.5935,36.1517
560002.0,12.8401,32.3612,40.5832
568002.0,13.829,32.4811,44.7304
576002.0,14.5808,32.5965,1.0459200000000002
584002.0,15.4708,32.4331,5.51017
592002.0,17.2109,32.2261,8.90737
600002.0,17.6582,32.217,13.543
608002.0,18.7959,32.3056,17.3246
616002.0,20.6704,32.0067,22.0556
624002.0,20.8537,31.9288,27.0684
632002.0,21.4333,31.8038,31.5229
640002.0,24.4343,32.0077,35.5306
648002.0,26.3456,30.5862,39.4276
656002.0,26.7096,30.4598,43.985
664002.0,27.1181,30.3484,48.3154
672002.0,27.6229,30.3537,3.7786199999999996
680002.0,27.4798,30.5243,8.22339
688002.0,28.0798,30.6461,12.7745
696002.0,28.7751,30.2224,17.0038
704002.0,29.4438,30.2709,21.9348
712002.0,29.9367,30.2833,27.3273
720002.0,30.7177,29.9667,31.6771
728002.0,31.241999999999997,29.7253,35.5431
736002.0,30.9493,29.8572,39.7007
744002.0,31.5253,29.66,43.723
752002.0,31.2787,29.6712,47.3623
760002.0,31.8318,29.6763,2.8957
768002.0,32.4526,29.3173,6.7732399999999995
776002.0,32.5435,29.163,12.5672
784002.0,32.3866,29.1181,16.21
792002.0,33.3025,29.221999999999998,20.3113
800002.0,33.2812,29.0459,25.0443
808002.0,33.1623,28.2282,28.3761
816002.0,33.1451,28.5664,33.0626
824002.0,33.8335,29.0105,37.0438
832002.0,34.825,29.5226,41.4138
840002.0,34.8059,29.9994,44.9703
848002.0,35.9305,30.349,0.00628149
856002.0,38.0867,31.4538,4.168
864002.0,39.4769,31.801,8.024239999999999
872002.0,39.4939,31.4651,12.1891
880002.0,40.0105,31.4395,16.7999
888002.0,41.6521,32.2048,21.1316
896002.0,42.18600000000001,32.5067,25.1102
904002.0,42.3347,32.019,29.8554
912002.0,43.0282,31.9141,33.4989
920002.0,43.9741,32.9715,38.0601
928002.0,44.3802,32.5763,42.4318
936002.0,45.1178,32.4387,45.8729
944002.0,45.5472,32.6369,0.295073
952002.0,46.5909,33.2727,5.50931
960002.0,46.102,32.6778,9.91417
968002.0,47.126000000000005,32.6632,14.1489
976002.0,47.4839,32.7291,18.5708
984002.0,48.1005,32.3122,22.6894
992002.0,48.4593,32.2336,25.7212
1000002.0,48.916000000000004,32.1527,30.1255
1008002.0,0.636382,32.2659,33.4628
1016002.0,1.23767,32.8778,37.552
1024002.0,2.2305099999999998,32.1415,41.5266
1032002.0,2.51398,32.1481,45.3015
1040002.0,3.44115,31.8273,0.614165
1048002.0,3.59283,31.2891,5.56746
1056002.0,3.4138300000000004,31.4713,9.622110000000001
1064002.0,3.6054199999999996,31.7755,14.9815
1072002.0,4.3163,31.736,19.8384
1080002.0,4.70173,31.8458,24.3797
1088002.0,4.84247,32.1844,28.7822
1096002.0,5.53385,32.1912,33.5849
1104002.0,6.0397300000000005,32.1235,38.1332
1112002.0,5.87171,31.9343,42.6066
1120002.0,6.2224900000000005,31.5393,47.0741
1128002.0,6.4989300000000005,31.3882,2.07457
1136002.0,6.97912,31.2389,7.05435
1144002.0,7.6905600000000005,30.8684,10.8559
1152002.0,8.02449,30.7467,16.1009
1160002.0,7.58074,30.6696,20.9556
1168002.0,7.86615,30.7966,25.2443
1176002.0,8.17266,31.0023,30.0693
1184002.0,8.35094,30.4335,34.3286
1192002.0,8.33281,30.5092,38.3428
1200002.0,8.92827,30.5656,42.801
1208002.0,9.74085,30.1841,47.5918
1216002.0,11.0953,29.9123,2.53905
1224002.0,11.5567,29.8345,7.93142
1232002.0,12.1701,29.6679,12.7465
1240002.0,12.9184,29.443,17.6633
1248002.0,13.2849,28.8505,22.3334
1256002.0,13.9168,28.2597,26.6421
1264002.0,14.1949,28.1186,31.5559
1272002.0,14.8008,28.2623,37.132
1280002.0,16.406,28.3505,42.0178
1288002.0,16.973,28.3857,45.5601
1296002.0,17.0226,28.4161,0.39428
1304002.0,18.4045,27.8181,4.26527
1312002.0,18.3766,27.9926,8.70239
1320002.0,19.5526,27.8774,13.3381
1328002.0,20.5029,27.339000000000002,17.8787
1336002.0,21.6106,27.2072,22.7749
1344002.0,22.4474,26.6937,26.1991
1352002.0,22.906,26.2171,31.8321
1360002.0,23.0571,26.3123,35.991
1368002.0,23.9251,26.1087,39.8017
1376002.0,24.9936,25.9941,44.7451
1384002.0,24.8189,25.4194,48.6025
1392002.0,25.3221,25.4289,2.49979
1400002.0,26.8452,25.1684,6.745369999999999
1408002.0,28.1987,25.5244,10.8602
1416002.0,28.3895,25.6653,15.2911
1424002.0,29.14,26.3297,20.1421
1432002.0,29.8102,26.2991,25.2004
1440002.0,32.0381,26.4419,29.8868
1448002.0,32.4204,27.0654,34.3736
1456002.0,33.9813,27.343000000000004,38.4459
1464002.0,34.9276,27.416999999999998,42.2754
1472002.0,35.758,27.3982,46.3119
1480002.0,35.9896,27.8433,0.47871499999999995
1488002.0,36.3952,28.3569,4.538959999999999
1496002.0,37.1793,28.4274,8.78445
1504002.0,38.0291,28.6758,13.2841
1512002.0,39.5881,28.4823,18.1948
1520002.0,40.293,28.6107,22.2683
1528002.0,41.476000000000006,28.654,27.3743
1536002.0,42.2319,28.2833,31.5469
1544002.0,42.8795,28.375999999999998,35.6863
1552002.0,44.5905,28.5207,39.4781
1560002.0,45.5772,27.8293,44.9331
1568002.0,46.3309,28.5052,0.0370819
1576002.0,46.0308,28.7768,5.14225
1584002.0,46.4149,28.3081,10.267000000000001
1592002.0,47.0049,27.8819,15.0188
1600002.0,47.9026,28.0296,19.5454
1608002.0,47.8645,28.6165,24.6967
1616002.0,47.9244,28.7611,28.7127
1624002.0,47.8915,29.2679,33.4378
1632002.0,48.2288,29.2702,38.1073
1640002.0,48.8631,29.1565,42.5109
1648002.0,49.4482,29.3186,47.2467
1656002.0,0.08673639999999999,29.5009,2.62613
1664002.0,0.7790229999999999,29.6754,7.68191
1672002.0,1.80405,29.4434,12.0508
1680002.0,2.3212,29.3758,17.0675
1688002.0,2.25162,29.6885,21.250999999999998
1696002.0,2.43413,30.0959,25.965
1704002.0,2.62715,30.3854,31.6623
1712002.0,2.60033,30.3812,37.166
1720002.0,3.5398,29.8071,40.8315
1728002.0,5.0526599999999995,30.4719,45.7723
1736002.0,5.34926,30.4437,0.645423
1744002.0,5.5652800000000004,30.2374,5.09849
1752002.0,5.6192,30.0713,9.02663
1760002.0,5.59685,30.0982,13.6337
1768002.0,6.43611,30.165,17.6014
1776002.0,6.58661,30.3483,22.5014
1784002.0,6.317159999999999,30.8537,26.2333
1792002.0,6.26043,30.7448,30.5023
1800002.0,7.078139999999999,31.5614,34.6282
1808002.0,7.770010000000001,30.791,38.7428
1816002.0,8.596860000000001,30.8399,42.0571
1824002.0,8.24414,29.9278,46.3146
1832002.0,8.81645,30.1564,0.6913729999999999
1840002.0,10.6119,30.1366,3.4811199999999998
1848002.0,11.1081,30.7357,8.05359
1856002.0,11.425,30.8056,12.2917
1864002.0,12.3368,30.7812,15.7953
1872002.0,13.2287,31.1247,18.8717
1880002.0,14.3184,30.8649,23.8253
1888002.0,16.4731,30.9042,28.0057
1896002.0,17.4021,31.0066,32.4372
1904002.0,17.3919,31.4506,36.8497
1912002.0,17.8667,31.4528,41.4429
1920002.0,17.8174,31.4788,46.1156
1928002.0,18.914,31.753,0.9910690000000001
1936002.0,18.9591,31.7711,5.3150699999999995
1944002.0,19.805999999999997,31.8407,10.3233
1952002.0,20.3143,31.658,15.4849
1960002.0,20.2735,31.6977,20.7007
1968002.0,20.6286,31.4806,24.9984
1976002.0,20.9657,31.6948,29.1102
1984002.0,21.3911,31.6176,34.3468
1992002.0,21.5567,31.7649,39.1087
2000002.0,22.01,31.735,43.4081
2008002.0,22.5987,31.8652,48.141999999999996
2016002.0,23.0764,32.3565,3.78134
2024002.0,23.1616,32.3433,7.67778
2032002.0,23.886999999999997,32.1991,11.6689
2040002.0,25.6165,32.1562,16.0379
2048002.0,26.5773,32.0243,21.2352
2056002.0,27.8884,31.4808,25.0745
2064002.0,28.6383,31.0689,29.2504
2072002.0,30.8201,31.0951,33.4485
2080002.0,31.5291,31.2421,37.4746
2088002.0,33.0541,30.9332,40.8927
2096002.0,33.7692,31.0027,45.5632
2104002.0,34.9296,30.8407,49.2153
2112002.0,37.1665,30.5563,5.1252
2120002.0,37.4856,30.5343,10.0725
2128002.0,37.3898,30.3952,13.395
2136002.0,38.7272,30.1033,17.6774
2144002.0,38.9481,30.0737,22.3381
2152002.0,40.5531,29.627,26.8946
2160002.0,41.221000000000004,29.3576,30.8695
2168002.0,42.0413,29.5286,35.2018
2176002.0,41.4809,29.6222,39.2251
2184002.0,42.5333,30.3768,41.5723
2192002.0,43.4562,30.535999999999998,44.0161
2200002.0,43.2985,30.4074,47.555
2208002.0,43.9021,30.5787,1.36235
2216002.0,44.9902,30.7509,5.60921
2224002.0,45.1143,30.4887,11.681
2232002.0,44.8275,30.2706,16.3612
2240002.0,45.5865,30.448,20.5701
2248002.0,46.3565,30.6667,24.3721
2256002.0,46.9962,30.7933,26.7528
2264002.0,47.3263,30.46,30.6849
2272002.0,47.8519,30.0326,35.6365
2280002.0,48.9382,30.0608,39.4267
2288002.0,49.1752,30.135,44.7435
2296002.0,0.842793,29.5977,0.9300809999999999
2304002.0,2.61877,29.3426,4.9384
2312002.0,3.0343400000000003,29.0902,10.113999999999999
2320002.0,5.12478,28.6804,14.8943
2328002.0,6.7843100000000005,28.7639,19.5828
2336002.0,7.19261,28.6957,23.6644
2344002.0,8.05182,28.7126,28.2545
2352002.0,8.54373,28.7571,32.6389
2360002.0,9.32279,28.9463,36.7866
2368002.0,9.101980000000001,29.0871,41.5472
2376002.0,9.42479,29.0407,46.7202
2384002.0,9.902989999999999,29.1233,1.58584
2392002.0,10.5837,29.1742,6.12335
2400002.0,11.1742,29.0322,10.3652
2408002.0,11.3354,28.7582,15.0292
2414002.0,12.4293,29.0801,19.5437
2422002.0,14.2005,29.6664,25.8262
2430002.0,19.2548,29.3047,30.2631
2438002.0,22.4592,29.2539,35.1115
2446002.0,23.8906,28.6627,38.8821
2454002.0,23.5055,27.0404,42.382
2462002.0,26.7014,23.1284,47.0235
2470002.0,28.6171,23.4305,48.9284
2478002.0,33.7849,23.4958,1.78083
2486002.0,37.2015,23.5477,2.4632400000000003
2494002.0,39.7859,24.82,48.016000000000005
2502002.0,39.4419,25.765,2.3328
2510002.0,41.949,24.9559,5.83075
2518002.0,42.6669,24.6506,8.99797
2526002.0,44.8034,24.7726,11.9471
2534002.0,46.1448,25.368000000000002,15.0992
2542002.0,46.4487,26.0802,19.7198
2550002.0,47.3055,26.2814,24.5303
2558002.0,48.792,26.4486,27.291999999999998
2566002.0,0.72311,26.5233,30.6418
2574002.0,2.3475200000000003,26.8405,33.257
2582002.0,3.07918,26.3152,36.4247
2590002.0,5.68446,26.4156,39.9194
2598002.0,7.98924,26.7702,45.1658
2606002.0,8.6087,26.8854,0.20510799999999998
2614002.0,9.734960000000001,26.6601,4.41875
2622002.0,10.0329,26.0788,8.73552
2630002.0,10.758,25.8713,12.7374
2638002.0,11.4342,26.21,16.6368
2646002.0,12.0617,26.7906,21.4281
2654002.0,13.2689,26.8523,25.6386
2662002.0,13.1622,26.7214,29.2978
2670002.0,13.4348,26.4707,34.2928
2678002.0,14.4683,26.3252,39.4969
2686002.0,18.0596,26.1006,42.8045
2694002.0,19.7067,26.052,45.4979
2702002.0,20.8605,26.013,0.294387
2710002.0,22.3665,26.1011,5.17288
2718002.0,24.0945,26.3399,10.0551
2726002.0,24.5604,25.9405,12.1321
2734002.0,25.5378,25.9333,16.6805
2742002.0,27.3302,25.0156,19.9612
2750002.0,29.3052,24.2948,24.107
2758002.0,30.0645,23.8034,28.9263
2766002.0,30.6147,24.4678,34.0359
2774002.0,31.2308,24.1336,36.9611
2782002.0,31.7185,24.1544,41.5347
2790002.0,31.3995,24.0923,45.5583
2798002.0,31.9956,23.8619,0.44872700000000004
2806002.0,33.1511,23.3645,5.16102
2814002.0,32.8387,23.6183,10.3579
2822002.0,33.1676,23.3262,14.4839
2830002.0,37.3301,24.301,16.3027
2838002.0,37.9972,23.945999999999998,20.4939
2846002.0,39.6647,24.2475,24.2674
2854002.0,39.9966,23.6022,29.4689
2862002.0,41.3104,22.6536,34.1495
2870002.0,41.198,22.9717,37.4873
2878002.0,42.1978,22.5335,41.206
2886002.0,41.9791,22.4741,44.8611
2894002.0,43.1537,22.3838,48.1055
2902002.0,44.2792,22.2787,1.89475
2910002.0,44.3857,22.7657,5.62723
2918002.0,44.574,22.7286,8.83263
2926002.0,44.9403,22.9968,13.9955
2934002.0,46.1234,22.6086,18.305
2942002.0,46.1085,22.594,23.143
2950002.0,46.251000000000005,23.1001,27.6257
2958002.0,46.8892,23.0397,31.4091
2966002.0,47.6542,23.0666,35.455999999999996
2974002.0,47.8281,23.0368,38.7322
2982002.0,49.0838,23.2071,43.4347
2990002.0,0.7232109999999999,23.0897,47.7436
2998002.0,1.0428899999999999,22.8983,2.13535
3006002.0,1.5974,22.8073,5.964919999999999
3014002.0,2.1775599999999997,23.0865,10.2236
3022002.0,3.3782400000000004,23.5924,13.2926
3030002.0,4.50765,23.4666,18.0072
3038002.0,5.04301,24.2367,22.4096
3046002.0,5.81714,23.6756,26.9518
3054002.0,7.23389,23.1468,31.3409
3062002.0,8.19996,22.9645,35.0749
3070002.0,9.40785,22.9676,39.968
3078002.0,9.15708,22.5134,43.1858
3086002.0,9.58812,22.355,47.2735
3094002.0,10.6514,22.4439,1.79814
3102002.0,11.8892,22.7483,5.40872
3110002.0,13.1955,22.9845,9.590160000000001
3118002.0,14.5906,22.8826,14.1205
3126002.0,15.6509,22.6589,18.7276
3134002.0,17.3222,22.9044,23.1978
3142002.0,18.429000000000002,23.0052,27.8844
3150002.0,20.2826,23.4479,31.2308
3158002.0,23.9037,23.5262,36.1224
3166002.0,25.1091,23.4083,39.7799
3174002.0,26.4449,23.4247,42.1354
3182002.0,28.0488,23.996,47.0089
3190002.0,30.601999999999997,23.642,1.57798
3198002.0,31.718000000000004,23.0398,6.1264
3206002.0,34.2678,22.5123,9.91041
3214002.0,36.3053,21.9191,12.1713
3222002.0,38.959,22.0055,16.5713
3230002.0,40.5871,22.0768,20.3348
3238002.0,41.8182,21.7481,24.268
3246002.0,42.4194,22.0347,27.4691
3254002.0,43.318999999999996,22.6255,30.5777
3262002.0,44.1214,21.9749,33.4363
3270002.0,44.2214,21.8623,37.508
3278002.0,44.1861,21.3435,40.3342
3286002.0,45.2937,21.223000000000003,43.1783
3294002.0,45.8238,21.4415,45.7179
3302002.0,45.5425,21.063000000000002,1.0276100000000001
3310002.0,46.0785,21.3646,3.93109
3318002.0,45.7939,21.4924,7.08012
3326002.0,47.1657,21.2563,10.0507
3334002.0,48.6264,21.3496,13.8407
3342002.0,49.4793,21.5524,17.7151
3350002.0,0.661679,21.9061,21.5511
3358002.0,2.81609,22.0847,25.289
3366002.0,5.65221,22.0777,30.1181
3374002.0,6.8304100000000005,22.1553,34.6766
3382002.0,8.00872,22.3431,39.3527
3390002.0,9.8636,22.7463,42.2119
3398002.0,11.0538,22.5914,46.8108
3406002.0,11.7534,22.881,1.70648
3414002.0,14.4802,22.1415,6.06159
3422002.0,16.8305,21.9661,10.0016
3430002.0,18.7042,22.3128,14.1121
3438002.0,19.3304,22.4977,17.7629
3446002.0,19.2587,22.4959,20.8833
3454002.0,19.5378,23.0267,24.522
3462002.0,19.7864,22.9564,28.1314
3470002.0,18.0068,23.8276,33.2457
3478002.0,19.3217,23.1532,37.4364
3486002.0,19.1764,23.559,41.7318
3494002.0,19.7329,23.7107,46.4814
3502002.0,19.3127,24.3855,1.2936
3510002.0,19.3327,25.7374,6.25244
3518002.0,19.5125,26.4766,10.7519
3526002.0,20.2906,26.9589,15.7685
3534002.0,20.4223,26.6657,19.8403
3542002.0,20.3357,26.2554,24.0147
3550002.0,20.2037,26.4325,27.3465
3558002.0,20.5178,26.3285,30.9331
3566002.0,21.0922,25.4725,36.0463
3574002.0,21.482,25.4931,40.8526
3582002.0,22.0208,25.1476,45.7256
3590002.0,22.8103,24.9425,0.724097
3598002.0,23.1889,25.1821,5.62866
3606002.0,24.1606,25.5234,9.65227
3614002.0,24.9389,25.7978,12.9494
3622002.0,26.6611,25.9568,16.9802
3630002.0,27.4772,25.5111,21.1562
3638002.0,28.0129,25.7004,25.0646
3646002.0,29.0805,25.6507,29.9545
3654002.0,29.4676,26.2021,34.3975
3662002.0,30.018,26.5587,39.6014
3670002.0,30.211,26.8639,43.148999999999994
3678002.0,30.9414,26.6952,47.9881
3686002.0,31.761,26.9654,3.41339
3694002.0,32.6464,26.5517,8.22268
3702002.0,32.9923,26.6877,12.4898
3710002.0,33.3537,26.5382,16.3104
3718002.0,33.8678,26.4251,20.5065
3726002.0,34.1796,26.4605,25.1887
3734002.0,34.7171,26.8448,30.0107
3742002.0,35.1975,26.9216,33.9001
3750002.0,36.1148,27.2732,37.6078
3758002.0,38.0501,27.5771,42.2818
3766002.0,40.564,27.1807,45.6066
3774002.0,42.9311,26.7897,0.8494959999999999
3782002.0,43.8371,27.0042,4.17692
3790002.0,45.2869,26.7931,9.15017
3798002.0,46.3112,27.2991,11.6546
3806002.0,48.2698,27.3291,15.7496
3814002.0,0.9628950000000001,26.9134,19.0545
3822002.0,2.75243,27.3912,22.9036
3830002.0,3.3077199999999998,27.3365,26.7459
3838002.0,3.7864699999999996,26.9604,31.8391
3846002.0,4.57482,27.0963,37.1779
3854002.0,4.611000000000001,26.589000000000002,42.111000000000004
3862002.0,5.05053,26.6571,46.4623
3870002.0,5.576569999999999,26.2454,1.9735900000000002
3878002.0,5.457999999999999,26.1268,6.839010000000001
3886002.0,5.7066099999999995,26.5547,10.8334
3894002.0,6.4873400000000006,27.089000000000002,15.0292
3902002.0,7.38028,26.916999999999998,19.1574
3910002.0,8.91319,26.8525,23.8655
3918002.0,10.8656,27.2222,29.0604
3926002.0,12.9226,27.7416,33.2691
3934002.0,14.2955,28.1289,37.797
3942002.0,15.2144,27.9182,42.6779
3950002.0,16.0157,28.0304,47.7368
3958002.0,16.7918,28.2029,3.5223400000000002
3966002.0,18.023,28.0473,7.76558
3974002.0,19.4677,27.8919,12.4176
3982002.0,19.9227,27.8018,16.3799
3990002.0,21.680999999999997,27.9971,20.4138
3998002.0,23.5489,28.2391,23.4613
4006002.0,25.3068,28.4214,26.8109
4014002.0,26.3407,28.2662,30.927
4022002.0,27.4614,28.4228,34.6614
4030002.0,27.3884,28.1362,38.5148
4038002.0,28.5488,28.0517,41.6731
4046002.0,30.8542,28.2197,45.4692
4054002.0,32.2163,28.339000000000002,0.933316
4062002.0,33.8325,28.6382,5.546069999999999
4070002.0,33.961,28.7654,9.2638
4078002.0,34.4157,29.1074,13.8149
4086002.0,35.5948,29.2404,18.1872
4094002.0,36.3884,29.2983,22.0705
4102002.0,36.7572,29.3008,26.2928
4110002.0,37.0142,29.5807,30.4145
4118002.0,37.5056,29.2737,34.5858
4126002.0,38.7679,29.6252,38.9674
4134002.0,39.2925,29.4897,41.558
4142002.0,40.4114,29.7701,45.861000000000004
4150002.0,42.2431,30.2367,0.910333
4158002.0,43.6247,30.3059,5.57899
4166002.0,44.8059,30.2253,9.768839999999999
4174002.0,45.6478,30.0475,14.2337
4182002.0,46.5657,29.9337,17.8945
4190002.0,47.6841,29.8536,22.4321
4198002.0,49.2188,29.6528,27.6925
4206002.0,1.01157,29.3722,32.8784
4214002.0,2.50032,29.1288,38.6109
4222002.0,4.14449,29.0865,43.9651
4230002.0,6.0502199999999995,28.5986,48.1952
4238002.0,8.15804,28.7828,3.71288
4246002.0,10.2484,29.3578,7.82407
4254002.0,12.9561,29.3029,13.7786
4262002.0,14.1924,29.5141,18.965
4270002.0,15.0432,29.4563,23.0732
4278002.0,16.2523,29.2912,28.1322
4286002.0,16.9609,29.3096,33.0753
4294002.0,17.4934,29.3731,37.8132
4302002.0,17.9885,29.5208,42.6127
4310002.0,18.9076,29.9516,47.9323
4318002.0,19.1508,29.8432,2.30982
4326002.0,19.3547,30.0069,6.88897
4334002.0,19.6035,30.2335,11.0327
4342002.0,20.2057,30.0239,15.7877
4350002.0,20.3764,30.2927,20.6071
4358002.0,19.7705,30.5548,24.8826
4366002.0,20.2742,30.1421,28.4362
4374002.0,21.0137,30.2828,32.6017
4382002.0,21.2429,30.3253,36.8325
4390002.0,21.9421,30.5785,41.5626
4398002.0,21.842,30.8121,47.8424
4406002.0,22.2406,30.8236,3.26708
4414002.0,22.7937,30.7307,7.6463399999999995
4422002.0,22.8193,30.8131,12.4742
4430002.0,22.425,31.0071,17.7611
4438002.0,22.4541,31.3152,22.9454
4446002.0,21.8786,31.4824,27.6508
4454002.0,21.416,30.9176,32.801
4462002.0,25.8367,30.4737,38.6847
4470002.0,36.493,36.0384,37.1712
4478002.0,36.7849,34.7132,39.8704
4486002.0,38.9913,34.985,42.525
4494002.0,40.0164,34.9059,46.8265
4502002.0,40.5367,35.5251,2.08827
4510002.0,38.7321,35.8922,4.75275
4518002.0,39.0708,35.6016,7.97887
4526002.0,39.8911,35.3446,12.8017
4534002.0,40.6686,34.9868,16.7138
4542002.0,41.0327,34.9821,20.8838
4550002.0,41.2447,34.9408,24.9931
4558002.0,41.8799,35.1363,30.1074
4566002.0,42.1365,35.2479,34.8355
4574002.0,43.746,35.2678,39.9993
4582002.0,45.1938,35.181,44.9249
4590002.0,47.9536,35.1038,48.4973
4598002.0,0.221752,35.0382,4.12678
4606002.0,1.72584,35.0579,8.33187
4614002.0,2.67006,35.0585,12.4072
4622002.0,2.90923,34.8301,15.6091
4630002.0,3.84556,34.6321,18.8211
4638002.0,4.39655,34.5209,22.1776
4646002.0,4.4290400000000005,34.3433,27.0584
4654002.0,4.47696,34.5633,30.938000000000002
4662002.0,6.121580000000001,34.3093,34.958
4670002.0,6.76616,34.4777,39.3182
4678002.0,6.97531,34.3829,44.1409
4686002.0,8.04476,33.9297,48.2243
4694002.0,8.92281,33.4881,3.4126300000000005
4702002.0,9.55372,33.3482,7.25542
4710002.0,11.3316,32.7527,10.57
4718002.0,12.328,32.867,14.7389
4726002.0,12.3531,32.5234,18.6969
4734002.0,14.1644,32.861999999999995,22.9621
4742002.0,14.4768,32.0949,26.8206
4750002.0,14.8045,31.8059,31.3264
4758002.0,15.3167,31.756,35.0786
4760002.0,15.273,31.5279,35.9571
4768002.0,14.4277,31.4376,41.9542
4776002.0,16.525,31.9377,44.7304
4784002.0,18.9139,31.4982,0.118729
4792002.0,20.5564,31.3728,4.11765
4800002.0,21.384,31.2376,8.49645
4808002.0,22.1459,31.2971,12.591
4816002.0,24.1942,31.8252,16.9537
4824002.0,26.8267,32.1291,21.0094
4832002.0,28.9042,32.0644,25.0991
4840002.0,30.1211,32.5308,30.0396
4848002.0,31.8014,32.4523,33.7056
4856002.0,33.8985,32.7106,38.5265
4864002.0,33.9922,32.7889,43.5982
4872002.0,36.4935,32.3898,47.3223
4880002.0,36.2031,31.9702,1.2177200000000001
4888002.0,36.4506,31.6207,5.28054
4896002.0,38.7433,31.8317,9.258189999999999
4904002.0,40.4822,31.3537,11.455
4912002.0,41.1211,31.2529,14.9785
4920002.0,43.8319,30.2286,17.6535
4928002.0,45.7603,30.4464,21.1612
4936002.0,46.7217,30.1392,25.2746
4944002.0,47.1001,30.0001,28.2809
4952002.0,48.0439,29.506999999999998,31.9924
4960002.0,48.1825,29.5268,35.7976
4968002.0,48.2976,29.1718,40.49
4976002.0,49.2788,30.0515,44.3363
4984002.0,0.225769,30.9264,48.8218
4992002.0,1.58255,30.9213,2.64685
5000002.0,2.91493,30.7597,7.22655
5008002.0,3.6692699999999996,30.9421,12.4086
5016002.0,3.6938199999999997,31.3192,15.8909
5024002.0,3.6605199999999996,31.6843,19.8897
5032002.0,4.02975,31.828000000000003,24.9087
5040002.0,5.15793,31.855999999999998,28.888
5048002.0,5.89513,32.1186,32.0205
5056002.0,7.345619999999999,31.9108,36.9074
5064002.0,9.0032,31.4185,41.16
5072002.0,10.3918,31.1645,45.4535
5080002.0,11.3513,31.4289,0.715002
5088002.0,12.2421,31.4842,5.15678
5096002.0,14.9153,31.1923,9.90508
5104002.0,16.6601,31.0047,14.6149
5112002.0,17.512999999999998,31.2487,19.0331
5120002.0,18.9775,30.8531,23.8392
5128002.0,20.1521,30.9632,28.8668
5136002.0,20.2552,30.6274,33.4018
5144002.0,21.5716,30.5962,38.5312
5152002.0,21.8718,30.2933,44.0596
5160002.0,23.0645,29.8201,0.0315084
5168002.0,23.7863,29.6823,5.39582
5176002.0,24.5512,29.6679,10.1978
5184002.0,26.0311,29.4359,15.605
5192002.0,26.7411,29.7199,19.8722
5200002.0,27.0673,29.8475,24.0887
5208002.0,27.72,29.9329,27.2343
5216002.0,29.0481,30.0802,32.1621
5224002.0,30.0052,30.2502,35.9625
5232002.0,30.7691,29.8767,41.0692
5240002.0,31.6456,29.7704,46.1014
5248002.0,32.3762,30.1308,49.4418
5256002.0,32.6937,31.0013,2.61992
5264002.0,33.4507,31.1898,6.81637
5272002.0,34.9214,31.5186,10.7966
5280002.0,36.1235,31.5092,15.6428
5288002.0,35.8567,31.954,19.6521
5296002.0,36.4701,31.8798,23.9143
5304002.0,37.0447,31.9229,28.3861
5312002.0,39.2315,32.2658,32.0479
5320002.0,39.4485,32.4254,35.9598
5328002.0,39.9527,32.681999999999995,39.8417
5336002.0,41.3021,32.94,44.2512
5344002.0,42.5846,32.9899,47.9039
5352002.0,43.0834,32.7798,2.9755599999999998
5360002.0,43.56100000000001,33.0227,6.24298
5368002.0,44.0827,33.0786,11.037
5376002.0,44.3188,33.4225,14.9327
5384002.0,46.1508,33.5502,20.2438
5392002.0,45.5094,32.8962,23.9177
5400002.0,45.89,32.8857,28.2972
5408002.0,46.2093,33.0626,31.6967
5416002.0,47.2854,32.679,36.9339
5424002.0,47.6931,32.6312,41.4693
5432002.0,48.2438,32.5449,45.4141
5440002.0,49.4014,32.4914,48.641999999999996
5448002.0,0.247191,32.3866,3.4464599999999996
5456002.0,0.28923499999999996,32.4606,8.33124
5464002.0,0.5940770000000001,32.7037,13.0542
5472002.0,0.234781,32.7847,18.4962
5480002.0,1.20128,32.9182,23.1017
5488002.0,2.2572,32.8461,26.7266
5496002.0,3.7064800000000004,32.6052,30.717
5504002.0,3.7472800000000004,32.6124,35.1234
5512002.0,4.57334,32.3061,39.4114
5520002.0,5.08714,32.2498,43.9577
5528002.0,6.50505,32.1041,48.0219
5536002.0,7.26007,31.6255,2.03599
5544002.0,7.76403,32.0647,5.83171
5552002.0,8.41692,31.5918,10.3026
5560002.0,8.77239,31.705,15.0434
5568002.0,10.8649,31.0766,19.2112
5576002.0,11.9518,31.3963,22.5489
5584002.0,12.6041,31.5433,27.2589
5592002.0,12.7911,31.2282,31.6534
5600002.0,12.9184,31.4516,36.2438
5608002.0,13.5632,31.0235,39.6519
5616002.0,13.5278,31.0456,43.6316
5624002.0,13.8955,30.8472,47.623000000000005
5632002.0,15.3333,31.0573,1.9929599999999998
5640002.0,17.4163,31.118000000000002,6.43052
5648002.0,18.5428,31.1521,11.6525
5656002.0,18.6567,31.362,16.4506
5664002.0,18.7522,31.3741,20.9782
5672002.0,19.4969,31.5004,24.7164
5680002.0,20.2553,31.265,28.4969
5688002.0,20.5038,30.7903,32.1763
5696002.0,21.5627,30.6698,35.9083
5704002.0,22.8081,30.2787,40.583
5712002.0,22.9504,30.5696,45.0954
5720002.0,23.0475,30.6322,0.262129
5728002.0,23.4324,30.7185,4.51887
5736002.0,23.9083,30.9225,8.699910000000001
5744002.0,24.024,30.7472,13.6106
5752002.0,24.7941,30.543000000000003,18.5348
5760002.0,25.0125,30.1601,22.3673
5768002.0,27.1387,29.9801,26.2184
5776002.0,29.0357,29.6832,30.7936
5784002.0,29.3677,29.6054,35.9355
5792002.0,30.0205,29.8107,41.0632
5800002.0,30.6777,30.0492,46.0887
5808002.0,31.8074,30.0001,0.903834
5816002.0,34.2683,30.088,5.89197
5824002.0,34.5432,29.874000000000002,9.27004
5832002.0,35.1455,29.8377,13.199000000000002
5840002.0,35.9726,30.2487,17.4131
5848002.0,38.3876,29.8684,21.0866
5856002.0,39.4355,29.8403,25.8677
5864002.0,41.0114,29.6635,29.6772
5872002.0,41.2763,29.6591,34.084
5880002.0,41.7918,29.6512,38.4136
5888002.0,42.7407,29.6743,43.3857
5896002.0,43.3814,29.8743,47.8823
5904002.0,44.3234,30.0312,3.0060000000000002
5912002.0,45.1491,29.8798,7.57985
5920002.0,46.0701,29.7165,11.5533
5928002.0,46.7494,29.7742,16.1137
5936002.0,47.0329,30.064,20.7255
5944002.0,47.5378,30.285999999999998,25.448
5952002.0,48.3215,30.8011,29.6802
5960002.0,49.1252,30.9981,34.2846
5968002.0,0.5120939999999999,31.1473,38.6168
5976002.0,0.7156600000000001,31.0431,43.5609
5984002.0,0.8500110000000001,31.17,48.1586
5992002.0,1.30304,31.5211,3.5505
6000002.0,1.68432,31.8038,8.52334
6008002.0,1.9468,31.874000000000002,12.7932
6016002.0,2.3351900000000003,31.4068,16.6058
6024002.0,2.86515,31.2972,21.8005
6032002.0,3.26602,31.6591,26.3958
6040002.0,3.14083,31.9756,31.3651
6048002.0,3.5821099999999997,32.193000000000005,35.7685
6056002.0,4.34759,32.0427,40.4819
6064002.0,4.900980000000001,32.0479,45.7236
6072002.0,5.01293,32.2781,1.05974
6080002.0,5.63589,32.1147,6.09354
6088002.0,6.34324,31.9235,10.3682
6096002.0,6.5069099999999995,32.029,15.0403
6104002.0,6.734039999999999,32.124,19.5262
6112002.0,7.17748,32.0627,24.3743
6120002.0,7.559130000000001,32.0158,29.2206
6128002.0,7.9519899999999994,32.369,34.1646
6136002.0,8.46412,32.681999999999995,38.693000000000005
6144002.0,8.590760000000001,32.593,43.6976
6152002.0,8.781130000000001,32.9864,48.7011
6160002.0,8.8414,32.7466,4.77474
6168002.0,9.7446,33.4622,9.62375
6176002.0,9.91257,33.808,14.8828
6184002.0,10.3204,34.0036,19.6658
6192002.0,10.7034,34.005,24.4655
6200002.0,11.0436,33.8545,29.0686
6208002.0,11.2814,33.4842,33.9745
6216002.0,11.9128,33.5461,39.0555
6224002.0,12.5037,33.4051,43.9733
6232002.0,13.2684,33.2698,48.9525
6240002.0,13.985,33.0913,4.66017
6248002.0,15.2906,33.1098,10.0197
6256002.0,16.4602,33.5184,14.6547
6264002.0,17.5787,33.6169,18.9899
6272002.0,18.3738,33.839,23.2274
6280002.0,18.7202,33.6675,27.809
6288002.0,19.0913,33.6876,32.5224
6296002.0,19.6965,33.8163,37.0712
6304002.0,20.6327,33.9851,41.618
6312002.0,21.669,34.1187,46.4366
6320002.0,22.9851,34.2134,1.66261
6328002.0,24.5304,34.2503,6.54646
6336002.0,25.320999999999998,34.2985,11.0989
6344002.0,25.6445,34.2321,15.8755
6352002.0,25.7134,34.0326,20.8472
6360002.0,26.5427,34.117,25.6309
6368002.0,26.7626,34.6702,30.6812
6376002.0,26.9153,34.604,35.3774
6384002.0,26.6339,35.1643,40.3444
6392002.0,26.8022,35.2813,45.1624
6400002.0,26.9,35.2298,0.834408
6408002.0,27.3758,35.1872,5.525469999999999
6416002.0,28.4273,35.9709,9.52866
6424002.0,28.6207,35.8582,13.7704
6432002.0,28.8878,36.7468,17.928
6440002.0,21.8744,36.5459,19.1372
6448002.0,16.7626,35.9659,19.4592
6456002.0,15.8042,36.7685,20.6116
6464002.0,17.7521,37.2316,26.8633
6472002.0,18.1231,37.0299,32.2692
6480002.0,18.3725,36.0655,36.9383
6488002.0,18.6312,35.9259,41.4305
6496002.0,17.5013,35.927,45.6502
6504002.0,18.2359,35.6964,0.8442709999999999
6512002.0,18.6619,35.6308,5.459169999999999
6520002.0,19.6934,35.4534,9.78006
6528002.0,20.1767,35.3677,14.9828
6536002.0,21.1287,35.2336,20.6013
6544002.0,20.9515,34.9363,25.7462
6552002.0,21.2077,34.6593,29.8988
6560002.0,22.5832,34.602,34.9727
6568002.0,24.1108,34.8582,39.0872
6576002.0,25.5567,34.9053,43.5882
6584002.0,26.7409,34.588,47.8858
6592002.0,28.0503,34.5986,3.17093
6600002.0,29.8948,34.5284,7.50564
6608002.0,31.193,34.5081,11.6489
6616002.0,32.6236,34.4224,15.2087
6624002.0,34.9729,34.6914,19.3317
6632002.0,36.791,34.3535,23.8354
6640002.0,37.2312,34.3168,29.090999999999998
6648002.0,38.6813,34.6039,33.7244
6656002.0,40.3988,35.0649,38.4191
6664002.0,40.8962,35.3182,42.5963
6672002.0,42.1948,35.1901,47.4514
6680002.0,42.4737,35.1074,3.30458
6688002.0,42.9598,35.5195,8.40995
6696002.0,44.9267,35.6759,12.2803
6704002.0,46.1274,36.0438,17.2362
6712002.0,47.708,36.1081,22.0021
6720002.0,0.249754,36.5545,27.2104
6728002.0,1.46736,37.196999999999996,31.5013
6736002.0,2.48271,37.1857,35.2696
6744002.0,3.05492,37.5723,40.5906
6752002.0,4.77069,37.7454,46.0278
6760002.0,4.7919,37.7862,1.33541
6768002.0,4.45184,37.7175,6.15911
6776002.0,4.76778,37.7948,10.9346
6784002.0,5.65385,38.0778,15.807
6792002.0,5.82785,38.123000000000005,20.4043
6800002.0,6.32333,38.2047,24.7289
6808002.0,6.47907,38.7191,29.1908
6816002.0,6.36509,38.8299,34.0104
6824002.0,6.8133300000000006,39.0106,38.7823
6832002.0,8.13386,39.0646,43.3773
6840002.0,8.29477,39.3354,48.7313
6848002.0,8.71853,39.157,4.163130000000001
6856002.0,9.093010000000001,39.1208,8.932889999999999
6864002.0,9.76114,39.1391,13.834000000000001
6872002.0,10.6042,39.1044,18.248
6880002.0,11.8271,39.0969,22.8142
6888002.0,12.5146,39.3737,28.0349
6896002.0,13.911,39.6339,33.1119
6904002.0,15.3215,39.3115,38.3175
6912002.0,16.6819,39.4264,43.6476
6920002.0,17.7158,39.7464,48.8628
6928002.0,18.9808,39.6671,3.95356
6936002.0,19.5853,39.4704,8.01817
6944002.0,21.0669,39.8431,12.142999999999999
6952002.0,23.616999999999997,39.8523,16.3931
6960002.0,25.541,40.1052,20.1014
6968002.0,26.4025,40.3882,24.5938
6976002.0,27.7654,40.5153,28.8721
6984002.0,27.1424,40.5993,33.1057
6992002.0,28.2912,40.6681,38.0958
7000002.0,29.0236,40.4444,42.1573
7008002.0,30.065,40.6391,46.4188
7016002.0,30.8044,40.1927,1.2755
7024002.0,30.2435,40.012,5.4625900000000005
7032002.0,31.415,40.0524,9.12931
7040002.0,31.9075,40.0358,13.4618
7048002.0,32.2254,40.418,18.1503
7056002.0,32.6146,40.891,22.2067
7064002.0,34.1024,40.8275,26.8668
7072002.0,35.1542,40.5609,30.6008
7080002.0,35.6571,40.6668,34.8601
7088002.0,36.1933,40.6691,39.1169
7096002.0,36.2194,40.6397,43.0527
7104002.0,36.2837,40.8556,46.6455
7112002.0,36.4554,40.7374,2.0373099999999997
7120002.0,37.3739,41.0118,6.475630000000001
7128002.0,37.7417,41.071000000000005,11.367
7136002.0,38.0147,41.3418,15.9004
7144002.0,38.0687,41.6131,20.4772
7152002.0,38.1554,41.629,25.5917
7160002.0,38.622,41.6823,30.0296
7168002.0,39.0245,41.6182,34.8438
7176002.0,39.5692,41.7049,39.5758
7184002.0,40.7082,41.7794,44.946999999999996
7192002.0,40.2055,41.8872,0.124698
7200002.0,41.229,41.606,5.579280000000001
7204002.0,40.4033,41.9391,7.49608
7212002.0,42.0046,41.629,13.5406
7220002.0,42.8746,41.6514,18.0961
7228002.0,43.3656,41.6439,23.1471
7236002.0,43.6727,41.6057,27.9917
7244002.0,43.8051,41.7332,32.9257
7252002.0,43.92,41.3895,38.01
7260002.0,44.0368,41.0682,43.1241
7268002.0,44.0121,41.1982,48.1363
7276002.0,44.1516,41.1786,3.94144
7284002.0,44.2213,40.9974,8.961
7292002.0,44.2413,40.9812,13.9191
7300002.0,44.8036,41.0589,18.7472
7308002.0,45.0479,40.9258,23.7989
7316002.0,45.3168,41.0089,28.1027
7324002.0,45.693999999999996,41.0107,32.905
7332002.0,46.1572,40.9847,38.0308
7340002.0,46.9709,41.0013,42.966
7348002.0,46.833999999999996,40.8253,47.6356
7356002.0,47.4685,40.6737,2.15108
7364002.0,48.6217,40.7448,6.08902
7372002.0,48.9617,40.9516,10.9311
7380002.0,49.1459,40.9971,14.9243
7388002.0,48.9098,40.9842,19.6439
7396002.0,49.1898,40.9925,24.1659
7404002.0,49.2418,40.9748,29.1556
7412002.0,49.3419,40.7768,33.4516
7420002.0,49.2284,40.7271,38.2423
7428002.0,49.3,40.8823,42.7061
7436002.0,49.3788,40.9983,47.4838
7444002.0,0.123196,40.8768,2.44442
7452002.0,0.46837700000000004,40.584,7.49447
7460002.0,0.5205489999999999,40.7071,12.1212
7468002.0,0.536112,40.6541,16.963
7476002.0,0.734539,40.7951,21.3868
7484002.0,0.941436,40.6048,26.2401
7492002.0,0.838884,40.3575,30.4944
7500002.0,0.551874,40.4939,35.505
7508002.0,0.326362,40.4876,39.8184
7516002.0,0.388419,40.4964,44.8987
7524002.0,0.23046799999999998,40.5882,0.43497299999999994
7532002.0,49.4849,40.2877,5.32644
7540002.0,0.135331,40.5941,10.3943
7548002.0,49.4883,40.3138,14.2109
7556002.0,0.302669,40.4983,19.3564
7564002.0,0.548529,40.4851,23.9964
7572002.0,0.760622,40.4583,28.4966
7580002.0,0.5509850000000001,40.7227,33.2535
7588002.0,0.660255,40.6739,37.6229
7596002.0,0.667964,40.4858,42.1414
7604002.0,0.803087,40.2691,46.9392
7612002.0,1.28167,40.2519,2.23889
7620002.0,1.52586,40.1181,6.47358
7628002.0,1.73165,40.0256,10.8474
7636002.0,2.03543,40.0792,14.9433
7644002.0,1.9961799999999998,40.4374,19.5179
7652002.0,2.40915,40.1704,23.0637
7660002.0,2.83581,40.2044,27.7497
7668002.0,4.034269999999999,40.2953,32.2363
7676002.0,4.15865,40.4589,37.2698
7684002.0,4.45636,40.537,41.7637
7692002.0,5.37582,40.6124,46.2991
7700002.0,5.48309,40.4703,1.36436
7708002.0,5.70146,40.4636,6.192480000000001
7716002.0,5.47187,40.3272,11.0655
7724002.0,5.55208,40.2144,15.2929
7732002.0,5.804469999999999,40.1986,19.9014
7740002.0,7.03959,39.9062,24.6213
7748002.0,7.50254,39.7508,29.566
7756002.0,8.32563,39.711,33.7553
7764002.0,8.28422,39.3846,39.1373
7772002.0,8.22847,39.5052,43.8569
7780002.0,8.672139999999999,39.4336,48.4931
7788002.0,8.50607,39.3727,4.40226
7796002.0,8.62323,39.6469,9.11218
7804002.0,8.94018,39.5062,14.1728
7812002.0,8.90853,39.7472,18.4262
7820002.0,9.26012,39.7709,22.994
7828002.0,10.3711,39.753,27.9567
7836002.0,11.123,39.4879,32.9187
7844002.0,11.4111,39.1438,37.5021
7852002.0,11.4307,39.523,41.9813
7860002.0,11.9244,39.5222,46.4278
7868002.0,12.0916,39.5652,2.2398700000000002
7876002.0,12.425,39.5673,7.15694
7884002.0,12.8985,39.7308,11.4341
7892002.0,13.5307,39.7821,15.5557
7900002.0,14.1654,39.9681,19.875
7908002.0,13.7218,39.8953,24.1906
7916002.0,13.3887,39.7705,28.7749
7924002.0,13.7956,39.431,33.5187
7932002.0,14.0769,39.6656,37.7946
7940002.0,14.3378,39.7175,42.7276
7948002.0,14.4949,40.0636,47.6479
7956002.0,14.7128,39.9702,2.32925
7964002.0,14.5061,40.0089,7.114310000000001
7972002.0,14.5872,40.0797,11.8647
7980002.0,14.4131,40.1959,16.7445
7988002.0,14.8544,40.1852,20.8434
7996002.0,15.1915,39.9192,24.3683
