2.0,2.6656299999999997,11.3685,28.548000000000002
8002.0,5.72757,11.6164,30.2691
16002.0,7.64087,11.5807,32.583
24002.0,7.747489999999999,11.5903,36.2181
32002.0,7.6455,11.8741,37.9264
40002.0,8.4969,12.0569,39.3584
48002.0,8.69437,12.1517,42.7618
56002.0,9.12668,11.9949,45.8038
64002.0,8.3376,12.5642,46.9825
72002.0,8.8477,12.7137,48.7502
80002.0,8.978539999999999,12.7141,1.0837299999999999
88002.0,9.3789,12.5567,3.60124
96002.0,9.74965,12.4709,6.10214
104002.0,9.50751,12.7091,7.99528
112002.0,9.58813,12.8609,8.96982
120002.0,10.3934,12.5076,10.3983
128002.0,10.9719,12.3076,12.4561
136002.0,12.1126,12.415,14.2718
144002.0,12.5368,12.7103,15.7562
152002.0,13.3019,12.3945,17.2038
160002.0,16.6666,12.5214,17.9397
168002.0,16.6599,12.6781,18.8928
176002.0,16.2763,12.8446,20.1619
184002.0,16.4325,12.8352,22.1096
192002.0,16.7673,13.0968,24.2297
200002.0,17.4151,13.3187,27.2819
208002.0,17.9855,13.342,29.5945
216002.0,18.3875,13.3287,32.9893
224002.0,18.4739,13.3999,36.3556
232002.0,18.5854,13.4896,39.6878
240002.0,19.097,13.4773,42.9123
248002.0,19.1572,13.5975,45.5849
256002.0,19.9108,13.7089,49.0675
264002.0,20.3213,13.8358,2.9079900000000003
272002.0,22.1175,13.7962,5.796130000000001
280002.0,22.6985,13.8702,8.34132
288002.0,23.3541,14.1684,11.9407
296002.0,23.9136,14.3675,14.9863
304002.0,24.7118,14.1505,18.2207
312002.0,26.2318,14.0192,21.0987
320002.0,27.8593,13.9201,23.839000000000002
328002.0,29.6975,13.9535,26.9019
336002.0,31.2817,14.0518,29.4973
344002.0,32.0531,14.2464,32.6219
352002.0,33.0941,14.0961,35.1871
360002.0,34.5962,14.0475,37.191
368002.0,36.4877,13.8626,38.7631
376002.0,37.4448,13.9984,41.0104
384002.0,39.3485,13.8065,41.7146
392002.0,39.8997,13.5863,44.0917
400002.0,40.6861,13.1494,47.0955
408002.0,41.1168,13.1596,0.332739
416002.0,42.7132,13.8327,2.3668099999999996
424002.0,44.5465,14.0273,4.95373
432002.0,45.3116,14.0648,7.358410000000001
440002.0,45.8085,13.9554,11.8267
448002.0,45.8781,14.144,15.5673
456002.0,46.1561,13.9665,18.2177
464002.0,46.4668,14.3643,20.0819
472002.0,46.9766,13.943,24.1513
480002.0,49.0056,13.4133,26.6296
488002.0,0.804666,13.6451,28.916999999999998
496002.0,3.2556,13.3668,30.7339
504002.0,3.59121,13.7098,33.1139
512002.0,4.30124,14.1089,35.3713
520002.0,5.54265,14.1957,36.9006
528002.0,6.12435,14.0866,40.0216
536002.0,6.52769,13.8543,42.6944
544002.0,8.15287,14.3104,45.6596
552002.0,9.96935,13.8624,47.67
560002.0,10.8258,13.9349,0.751607
568002.0,11.2434,14.192,3.34904
576002.0,11.5174,14.1885,6.8825
584002.0,12.2882,14.0108,10.5122
592002.0,13.5296,14.0064,13.0999
600002.0,14.4432,13.7712,16.1755
608002.0,15.4327,13.3108,18.622
616002.0,17.1719,12.5819,21.22
624002.0,17.7436,12.2137,23.8488
632002.0,18.7105,12.1455,26.0783
640002.0,19.9722,12.0268,28.0744
648002.0,20.3193,11.8861,29.1228
656002.0,20.7796,12.238,32.025999999999996
664002.0,21.2859,12.1529,34.5335
672002.0,22.1605,11.7594,37.283
680002.0,23.0752,11.5376,39.8437
688002.0,23.8978,11.652000000000001,43.203
696002.0,25.5964,11.3721,43.9703
704002.0,26.2657,10.2255,47.7382
712002.0,27.6251,11.7649,7.67828
720002.0,30.2296,19.3213,12.1783
728002.0,29.0952,19.2596,14.5749
736002.0,28.3471,19.503,16.8061
744002.0,29.5038,19.2657,19.2613
752002.0,29.592,19.3737,22.5832
760002.0,30.539,20.189,27.1894
768002.0,30.7926,19.9646,30.1154
776002.0,30.8721,20.0132,35.1054
784002.0,30.4329,20.5275,37.4437
792002.0,31.7255,20.8718,40.1779
800002.0,32.4018,20.4411,43.6541
808002.0,33.4032,20.1346,46.1712
816002.0,34.9184,20.1355,0.52994
824002.0,37.3852,19.2745,3.3689699999999996
832002.0,39.0029,18.6912,7.238110000000001
840002.0,39.7296,18.3082,9.28978
848002.0,41.2516,18.2667,12.1141
856002.0,44.3297,18.6176,15.2981
864002.0,45.9722,18.6943,18.1425
872002.0,45.3291,19.0565,20.7888
880002.0,46.0252,18.8655,24.3654
888002.0,47.8586,19.1141,28.3317
896002.0,49.1469,19.4619,32.0602
904002.0,1.21333,20.5476,36.0723
912002.0,2.6345400000000003,20.6974,38.449
920002.0,3.3343800000000003,20.2954,41.9763
928002.0,3.6385699999999996,20.5535,45.9059
936002.0,3.59847,20.0929,47.3618
944002.0,3.5948300000000004,20.367,0.6725949999999999
952002.0,5.86926,20.2357,4.38385
960002.0,5.52996,20.3101,6.88732
968002.0,5.3692400000000005,20.5573,10.395
976002.0,6.6364,20.4971,13.5018
984002.0,7.751710000000001,20.561999999999998,16.901
992002.0,8.07953,20.581,19.4665
1000002.0,9.18176,20.7058,23.043000000000003
1008002.0,10.7033,20.6643,26.0042
1016002.0,10.7984,20.2281,29.017
1024002.0,12.0083,19.5069,31.9522
1032002.0,12.5169,19.7676,33.335
1040002.0,14.120999999999999,19.3543,36.9109
1048002.0,14.3678,19.4917,40.4859
1056002.0,14.6512,19.3053,43.0659
1064002.0,15.2394,19.1242,46.8661
1072002.0,16.0599,18.7465,0.8536020000000001
1080002.0,17.4544,18.0329,3.8571199999999997
1088002.0,18.5409,17.2578,6.607589999999999
1096002.0,19.5964,17.3055,9.57015
1104002.0,20.7981,16.6907,12.8295
1112002.0,20.809,16.4478,17.695999999999998
1120002.0,22.6317,15.8934,20.8735
1128002.0,23.9426,16.0664,23.6216
1136002.0,25.3625,16.1479,27.5103
1144002.0,27.5336,15.9527,29.2573
1152002.0,28.6676,15.5553,34.199
1160002.0,29.3703,15.5968,37.5441
1168002.0,30.6807,16.0817,40.1306
1176002.0,30.6129,15.8277,42.7689
1184002.0,30.7347,16.1028,45.6428
1192002.0,31.2025,16.4807,47.3433
1200002.0,32.2148,16.365,0.885965
1208002.0,34.213,15.7635,4.01808
1216002.0,35.8363,15.7404,6.32049
1224002.0,36.7112,15.7005,9.96648
1232002.0,37.7886,15.6831,13.2218
1240002.0,38.015,15.7196,16.5705
1248002.0,38.221,16.4764,20.7819
1256002.0,39.7361,16.6728,23.0744
1264002.0,40.676,16.6347,26.67
1272002.0,41.1505,16.2974,31.0843
1280002.0,42.8704,15.8602,34.8151
1288002.0,43.7227,15.658,36.7647
1296002.0,44.0612,15.4589,40.4823
1304002.0,45.7638,15.4296,42.5834
1312002.0,45.8233,15.2886,45.9073
1320002.0,46.8121,14.8461,48.5496
1328002.0,47.6105,14.4382,2.00141
1336002.0,48.5154,14.4635,4.13603
1344002.0,49.4497,14.2878,5.7928
1352002.0,0.8603200000000001,14.2082,9.78781
1360002.0,1.2546700000000002,14.4435,12.6866
1368002.0,2.3007,14.0345,16.2805
1376002.0,3.92326,13.6471,19.7075
1384002.0,4.5012099999999995,13.0877,21.52
1392002.0,6.04959,12.9693,24.1898
1400002.0,8.237039999999999,12.429,28.0685
1408002.0,9.32119,12.472999999999999,30.5754
1416002.0,9.29428,12.8027,32.7989
1424002.0,9.78382,13.2068,36.3012
1432002.0,10.352,13.4306,39.5009
1440002.0,12.6569,13.7624,42.9649
1448002.0,13.3722,14.2514,45.3624
1456002.0,14.3925,14.3278,48.2369
1464002.0,14.9449,14.7692,0.49342700000000006
1472002.0,16.135,15.1901,3.7923199999999997
1480002.0,17.0176,15.9505,6.209169999999999
1488002.0,17.584,16.2472,9.25739
1496002.0,17.4476,15.6085,13.0575
1504002.0,18.7045,15.3428,16.3528
1512002.0,20.1372,14.9841,20.8484
1520002.0,20.4668,15.1122,23.3575
1528002.0,21.4376,14.9708,27.2434
1536002.0,22.0298,15.1015,28.6404
1544002.0,22.8535,15.114,31.5302
1552002.0,25.2293,14.9543,33.6322
1560002.0,25.9881,15.0879,37.4919
1568002.0,26.397,15.2075,41.0267
1576002.0,26.5031,15.2692,44.1398
1584002.0,27.0666,15.5654,47.9859
1592002.0,26.8729,15.3575,1.81708
1600002.0,27.9455,15.1918,4.95213
1608002.0,27.0606,14.8116,8.09858
1616002.0,28.0896,14.7082,11.3
1624002.0,28.526,14.4397,14.3505
1632002.0,29.2054,14.4807,17.7533
1640002.0,31.0932,14.7265,21.3726
1648002.0,32.3457,14.775,23.9408
1656002.0,33.4502,14.8493,27.2208
1664002.0,35.5148,15.3699,30.8898
1672002.0,36.2732,14.5297,33.6624
1680002.0,36.7904,14.6606,36.7301
1688002.0,36.7764,15.0873,39.4784
1696002.0,36.6717,15.1677,42.3052
1704002.0,37.0326,15.1618,45.4438
1712002.0,36.4077,15.4747,49.1926
1720002.0,37.6566,15.7321,2.10205
1728002.0,38.8349,15.6684,4.5122800000000005
1736002.0,38.8263,15.4815,7.22398
1744002.0,39.1844,15.953,10.9678
1752002.0,40.0251,16.2638,12.2288
1760002.0,41.0509,16.0071,16.0498
1768002.0,42.353,15.876,17.3682
1776002.0,42.6144,16.4454,21.3718
1784002.0,42.8356,16.9967,23.7113
1792002.0,43.4059,15.6482,25.8579
1800002.0,43.3947,15.9051,29.4793
1808002.0,44.2652,16.1837,31.9708
1816002.0,44.8734,15.9107,32.7249
1824002.0,45.2788,15.5718,35.1377
1832002.0,47.0141,15.7198,37.5515
1840002.0,0.685499,15.3802,39.4189
1848002.0,0.30996399999999996,15.594000000000001,41.3624
1856002.0,0.895906,15.5745,43.6635
1864002.0,1.19468,15.3351,45.9229
1872002.0,2.1099799999999997,15.4336,47.5968
1880002.0,2.18282,15.2506,0.608563
1888002.0,3.33466,14.7238,2.1471400000000003
1896002.0,3.8604,14.8955,4.39924
1904002.0,3.32689,14.8173,6.53217
1912002.0,3.52546,14.9465,9.02445
1920002.0,3.0397,14.8922,12.7955
1928002.0,4.46563,14.8944,15.8553
1936002.0,4.60135,14.2703,18.7558
1944002.0,3.4523099999999998,13.9257,21.0752
1952002.0,4.03302,13.6462,24.4004
1960002.0,3.6569599999999998,13.6286,27.7477
1968002.0,4.25663,13.3102,30.0798
1976002.0,4.23306,13.3148,32.3507
1984002.0,4.28295,13.5821,35.949
1992002.0,3.93905,13.8609,38.6658
2000002.0,4.61189,13.4098,41.2168
2008002.0,5.05454,13.2874,44.2329
2016002.0,6.7088600000000005,12.8889,47.1707
2024002.0,7.81889,13.2795,48.5081
2032002.0,8.700560000000001,13.294,0.358477
2040002.0,9.95519,13.3389,2.72688
2048002.0,10.6855,13.3345,6.1165400000000005
2056002.0,12.1288,13.2789,7.72653
2064002.0,12.8652,12.982000000000001,9.75703
2072002.0,14.8921,12.9984,11.3353
2080002.0,15.6836,12.8701,13.124
2088002.0,16.4788,12.6234,14.2181
2096002.0,17.472,12.9149,16.1705
2104002.0,18.8197,12.8678,17.7808
2112002.0,20.0246,12.9445,21.096
2120002.0,20.0134,13.1702,24.2607
2128002.0,19.6005,13.5108,25.8398
2136002.0,20.4897,13.1732,28.044
2144002.0,21.267,13.4312,31.1156
2152002.0,22.3749,13.9207,32.8977
2160002.0,22.7803,13.8223,35.2528
2168002.0,22.896,13.6831,37.4675
2176002.0,22.2807,14.1938,39.9425
2184002.0,22.6794,14.4748,41.1012
2192002.0,23.0717,15.1849,42.1384
2200002.0,23.127,14.6825,43.4101
2208002.0,24.1756,14.4087,45.6306
2216002.0,25.94,14.1259,47.1683
2224002.0,26.8237,14.0445,0.0989495
2232002.0,27.1088,13.6815,2.6221200000000002
2240002.0,28.0434,13.4316,5.25052
2248002.0,28.333000000000002,13.1069,7.56181
2256002.0,28.0116,13.5209,8.68924
2264002.0,28.2063,13.7876,10.2079
2272002.0,28.1575,13.8949,12.652999999999999
2280002.0,28.180999999999997,13.9605,14.9426
2288002.0,28.2172,13.5887,17.6052
2296002.0,28.5978,13.6569,20.9638
2304002.0,29.284000000000002,13.9888,23.8191
2312002.0,29.3405,13.6039,26.4627
2320002.0,29.9448,13.9521,28.4917
2328002.0,30.9349,13.8977,30.6447
2336002.0,31.5402,13.7652,32.7434
2344002.0,32.8013,13.8212,34.5765
2352002.0,32.6038,13.7626,37.2235
2360002.0,34.3729,13.4724,39.1618
2368002.0,35.5885,14.1319,42.5966
2376002.0,35.1821,14.1984,45.4365
2384002.0,35.9638,14.0906,48.138999999999996
2392002.0,36.541,14.5014,0.972455
2400002.0,37.2641,14.7074,3.29065
2408002.0,37.6631,14.6138,6.4947099999999995
2414002.0,38.8436,14.7374,9.68404
2422002.0,39.7771,15.1526,15.6214
2430002.0,42.6939,15.2936,16.8041
2438002.0,44.6737,15.5572,20.2951
2446002.0,45.8548,15.8656,23.2149
2454002.0,46.5706,16.1149,25.5096
2462002.0,47.8145,15.8347,28.2568
2470002.0,48.9161,15.7148,30.3529
2478002.0,0.7168770000000001,15.1753,32.7902
2486002.0,2.35244,15.2052,35.3587
2494002.0,3.0289,14.8033,37.8618
2502002.0,3.58511,14.7339,40.2952
2510002.0,5.06405,14.5095,43.4772
2518002.0,5.582990000000001,14.2717,46.268
2526002.0,7.46426,13.8071,48.0417
2534002.0,8.96284,13.6285,0.43552399999999997
2542002.0,9.05926,13.3541,3.84939
2550002.0,9.38792,13.1303,6.662489999999999
2558002.0,10.8589,12.876,8.79989
2566002.0,12.2244,13.2183,10.6611
2574002.0,13.1017,13.343,12.94
2582002.0,13.302999999999999,13.2916,14.7409
2590002.0,14.9063,13.0865,17.3633
2598002.0,16.0204,12.904000000000002,20.2319
2606002.0,16.6029,12.5423,22.8808
2614002.0,18.1829,13.2892,25.3317
2622002.0,18.3723,13.3843,28.5364
2630002.0,19.1478,13.5777,31.0151
2638002.0,20.2609,13.9761,33.7983
2646002.0,20.9571,14.0026,37.376
2654002.0,22.1736,14.0432,40.3459
2662002.0,22.6077,14.1019,42.3496
2670002.0,22.9427,13.9921,46.2626
2678002.0,24.2656,14.2683,1.62345
2686002.0,26.8261,14.295,3.673
2694002.0,28.0812,14.792,4.940930000000001
2702002.0,29.1986,14.8835,8.19356
2710002.0,30.4681,14.9187,12.4997
2718002.0,32.4013,14.3921,15.5474
2726002.0,32.8182,14.8595,16.8904
2734002.0,33.3527,15.1588,19.6377
2742002.0,35.7417,15.0782,21.8637
2750002.0,37.1519,14.0351,25.27
2758002.0,37.8183,13.7362,29.3399
2766002.0,38.4204,13.6137,33.5925
2774002.0,38.8426,13.5861,35.5274
2782002.0,39.6258,13.4698,39.0225
2790002.0,38.9597,13.8667,43.0766
2798002.0,39.3627,13.9639,46.1
2806002.0,40.6723,14.1821,0.933054
2814002.0,41.099,13.6182,5.13079
2822002.0,41.4328,13.4473,7.44405
2830002.0,42.5336,13.6786,8.753739999999999
2838002.0,43.9084,13.7358,10.8958
2846002.0,47.6669,13.4028,14.7267
2854002.0,48.7192,13.6942,18.507
2862002.0,0.383454,13.9773,21.8434
2870002.0,1.01396,14.0347,24.3334
2878002.0,1.98535,14.5356,26.6297
2886002.0,2.7871900000000003,14.4691,29.5592
2894002.0,3.7177,14.9538,32.2266
2902002.0,5.03368,14.9393,34.8137
2910002.0,5.07595,14.8198,37.6759
2918002.0,5.34711,14.3284,40.3844
2926002.0,5.96021,13.8438,45.9518
2934002.0,8.23264,12.6789,0.30183899999999997
2942002.0,7.258719999999999,13.7151,4.056
2950002.0,6.41646,13.1296,7.146439999999999
2958002.0,7.47658,13.600999999999999,10.3218
2966002.0,9.31284,13.4321,13.7506
2974002.0,9.75169,13.4821,16.4265
2982002.0,10.2329,13.4037,20.3845
2990002.0,10.6834,13.6477,23.383000000000003
2998002.0,11.036,13.9113,25.9256
3006002.0,12.2853,14.1347,27.8408
3014002.0,13.7496,13.9562,31.4242
3022002.0,15.4268,14.0621,33.415
3030002.0,16.7912,14.1968,37.426
3038002.0,17.1354,14.9785,40.8961
3046002.0,18.5991,15.0405,44.2556
3054002.0,20.1393,14.8195,47.0206
3062002.0,21.5158,15.3018,48.9048
3070002.0,22.6229,15.7028,2.94944
3078002.0,23.1698,15.9467,5.89286
3086002.0,24.0601,16.0703,9.32289
3094002.0,25.4627,16.4692,12.6049
3102002.0,26.0017,16.698,16.3319
3110002.0,26.9821,16.8927,20.1368
3118002.0,27.9542,17.0246,23.4359
3126002.0,28.8025,17.3364,27.0992
3134002.0,30.3207,17.6309,31.3048
3142002.0,30.3387,17.8936,35.0568
3150002.0,31.2024,17.8648,37.7562
3158002.0,34.3977,18.1258,41.2341
3166002.0,35.3047,17.9368,43.4054
3174002.0,36.1302,18.121,45.6086
3182002.0,37.6573,18.3274,49.3743
3190002.0,39.5429,18.1762,3.3408
3198002.0,40.7308,17.9272,7.73515
3206002.0,42.5824,17.6368,11.2741
3214002.0,43.6388,17.6562,13.8804
3222002.0,45.8516,17.8034,17.5919
3230002.0,47.8537,18.2748,21.204
3238002.0,48.949,18.4185,24.7471
3246002.0,49.3721,18.5379,27.7197
3254002.0,0.625708,18.7481,30.2261
3262002.0,1.3432899999999999,18.5054,32.8427
3270002.0,1.14514,18.3027,36.5941
3278002.0,1.01699,18.1842,38.7607
3286002.0,2.31581,18.2315,40.6811
3294002.0,2.83263,17.8763,43.0151
3302002.0,3.8137199999999996,17.4819,46.5561
3310002.0,4.03165,17.4436,49.0313
3318002.0,3.79271,17.2557,2.14462
3326002.0,5.1974800000000005,16.8334,4.50418
3334002.0,6.54453,17.0513,7.45667
3342002.0,7.55642,17.4608,10.8598
3350002.0,8.10068,17.8263,14.1049
3358002.0,9.61458,17.9219,16.9403
3366002.0,12.2619,18.044,20.9375
3374002.0,13.4516,18.2743,24.5738
3382002.0,14.4699,18.4733,28.0722
3390002.0,17.0147,18.3077,30.0319
3398002.0,18.1401,18.2837,33.9978
3406002.0,18.8582,17.8612,37.481
3414002.0,21.090999999999998,17.7105,40.7029
3422002.0,23.8147,17.6766,42.9146
3430002.0,25.7985,17.5425,46.5637
3438002.0,26.5397,17.3946,0.754529
3446002.0,27.12,17.8203,2.5262700000000002
3454002.0,27.7149,17.8961,5.8928
3462002.0,27.877,18.1296,9.38188
3470002.0,28.2482,18.371,12.4045
3478002.0,29.2919,18.8729,15.3283
3486002.0,29.9422,18.7213,18.5951
3494002.0,31.2671,18.8104,22.9553
3502002.0,31.5161,19.0768,26.614
3510002.0,32.0864,18.5376,30.7296
3518002.0,32.2613,18.2073,34.3825
3526002.0,33.0921,17.9862,38.2505
3534002.0,33.2489,17.272000000000002,41.4634
3542002.0,31.2985,7.991060000000001,41.1067
3550002.0,29.7078,8.45498,42.5773
3558002.0,29.7014,8.775160000000001,44.1181
3566002.0,28.8081,9.688130000000001,49.2511
3574002.0,28.5975,9.958639999999999,3.48541
3582002.0,28.9352,9.88387,6.565760000000001
3590002.0,29.6607,10.1802,9.16458
3598002.0,29.8949,9.98353,12.5439
3606002.0,30.686999999999998,10.0104,14.5553
3614002.0,31.9864,10.035,15.2685
3622002.0,33.7725,9.145480000000001,15.0568
3630002.0,34.1876,8.767380000000001,17.619
3638002.0,34.6764,8.36675,19.2836
3646002.0,35.9313,8.56395,20.3795
3654002.0,36.0023,8.6942,21.7236
3662002.0,35.8927,7.88908,26.2154
3670002.0,36.571999999999996,8.09287,28.5307
3678002.0,36.9966,8.15348,31.7051
3686002.0,37.6926,8.38318,34.1084
3694002.0,38.359,9.343580000000001,36.0326
3702002.0,39.1788,9.15104,37.9934
3710002.0,39.8139,9.20621,39.5549
3718002.0,40.7089,8.99646,41.8979
3726002.0,41.8926,9.32359,43.4864
3734002.0,42.1969,9.722760000000001,45.5579
3742002.0,42.6539,9.30392,47.5061
3750002.0,43.7048,9.16028,0.499622
3758002.0,44.838,9.07035,2.65063
3766002.0,46.0148,8.66253,5.03578
3774002.0,47.7601,8.64717,7.29368
3782002.0,48.3772,8.27995,9.323080000000001
3790002.0,49.1257,8.10329,11.1281
3798002.0,0.31964899999999996,8.31682,12.2503
3806002.0,1.49604,8.409139999999999,13.5652
3814002.0,2.7599400000000003,8.406460000000001,14.0811
3822002.0,2.93693,8.63844,15.6072
3830002.0,3.21847,9.455630000000001,17.2204
3838002.0,3.3464699999999996,9.54148,19.9833
3846002.0,3.6398599999999997,10.0203,22.9436
3854002.0,3.14051,9.88405,24.8889
3862002.0,2.90013,10.449000000000002,26.8421
3870002.0,3.18153,10.6167,29.8413
3878002.0,3.09234,10.1695,33.0523
3886002.0,2.7271,9.75703,36.0772
3894002.0,2.43656,9.544080000000001,38.2215
3902002.0,2.66178,9.75821,40.0339
3910002.0,3.17834,9.51168,42.3296
3918002.0,4.04416,9.53722,45.0385
3926002.0,4.9277,9.03634,46.4952
3934002.0,6.1454699999999995,9.3408,48.7215
3942002.0,7.01815,8.82901,0.650917
3950002.0,7.30738,8.65597,2.81535
3958002.0,8.28197,8.59651,5.20934
3966002.0,9.057960000000001,8.814219999999999,6.867439999999999
3974002.0,9.91296,8.66761,8.37299
3982002.0,10.1887,8.69895,10.0981
3990002.0,11.3263,9.105030000000001,12.110999999999999
3998002.0,12.4448,9.30251,13.7085
4006002.0,13.4725,9.71614,14.4407
4014002.0,13.9026,10.1032,16.0001
4022002.0,14.3468,10.2112,18.0357
4030002.0,14.2122,11.0125,19.9107
4038002.0,15.3447,11.0061,21.273000000000003
4046002.0,16.587,10.7444,23.4948
4054002.0,17.0534,10.3995,25.616
4062002.0,17.5529,10.0809,27.6918
4070002.0,17.2325,10.5924,29.8501
4078002.0,16.730999999999998,11.0601,32.4988
4086002.0,16.7779,11.3351,35.0971
4094002.0,17.2721,11.4269,37.4741
4102002.0,16.9607,11.3679,39.5189
4110002.0,17.5459,11.3214,41.8177
4118002.0,18.245,10.9366,43.8362
4126002.0,18.4723,11.0083,44.8786
4134002.0,18.8857,10.8436,45.9974
4142002.0,19.2386,10.5921,47.7001
4150002.0,19.6978,10.6529,49.3067
4158002.0,20.3598,10.7459,1.06529
4166002.0,20.5128,10.374,2.6726900000000002
4174002.0,21.0499,10.2838,5.705080000000001
4182002.0,21.551,10.295,7.33487
4190002.0,21.7849,9.91112,9.5267
4198002.0,22.7263,10.0472,11.7217
4206002.0,22.7983,10.5084,14.3123
4214002.0,23.5134,10.2921,16.3758
4222002.0,24.3381,10.06,18.3549
4230002.0,25.5261,10.8015,20.5823
4238002.0,26.1988,10.6632,22.7054
4246002.0,27.7315,10.3674,24.2006
4254002.0,29.2457,10.4894,26.4732
4262002.0,30.7405,10.9118,29.1093
4270002.0,31.9059,11.8579,31.4855
4278002.0,33.4965,13.017999999999999,34.5203
4286002.0,34.051,12.9812,37.7593
4294002.0,34.4187,12.8171,41.0298
4302002.0,34.9215,12.6289,43.6224
4310002.0,35.7711,11.9846,46.2435
4318002.0,35.8541,11.7096,47.8416
4326002.0,35.8525,12.4049,0.25963600000000003
4334002.0,35.9473,12.565,1.9862099999999998
4342002.0,36.2639,12.7611,4.068280000000001
4350002.0,36.6979,12.7872,6.69643
4358002.0,37.1167,12.4496,8.62715
4366002.0,38.1007,12.4292,10.2028
4374002.0,38.7381,12.8448,12.1178
4382002.0,38.9794,13.0868,14.567
4390002.0,39.4319,12.9914,17.5362
4398002.0,39.2611,13.5269,22.2355
4406002.0,39.8486,13.6569,26.0209
4414002.0,40.2942,13.8827,29.2502
4422002.0,40.5674,14.1362,31.5579
4430002.0,39.8235,14.2812,35.6611
4438002.0,40.0863,14.651,39.209
4446002.0,40.1923,14.648,41.7581
4454002.0,40.8511,14.145999999999999,44.8008
4462002.0,41.3581,14.2884,47.6717
4470002.0,42.3603,14.4202,0.6007819999999999
4478002.0,43.8238,14.7046,3.01859
4486002.0,44.1622,15.0467,5.538819999999999
4494002.0,44.735,15.0439,8.1331
4502002.0,45.7973,15.1396,10.3246
4510002.0,45.8725,15.3811,12.1916
4518002.0,46.3414,15.3264,13.610999999999999
4526002.0,47.2873,15.4377,15.6637
4534002.0,48.2247,15.2015,17.4452
4542002.0,48.3587,15.5007,19.2112
4550002.0,0.27200100000000005,15.8671,21.7349
4558002.0,1.9966,15.3148,24.4489
4566002.0,2.4963599999999997,15.3713,27.0712
4574002.0,3.8782099999999997,14.8374,29.0497
4582002.0,5.29379,14.6278,31.8691
4590002.0,7.03463,15.1303,33.9929
4598002.0,8.360669999999999,15.6516,36.519
4606002.0,10.0914,15.8778,37.8416
4614002.0,10.8168,15.9457,39.8306
4622002.0,10.7755,16.0553,41.7125
4630002.0,11.8985,16.3371,43.2224
4638002.0,13.5024,16.9558,44.2026
4646002.0,14.3151,17.6244,46.7526
4654002.0,15.6625,17.8132,48.3643
4662002.0,17.6946,17.8945,1.54892
4670002.0,18.2772,17.7464,4.3341400000000005
4678002.0,19.2482,17.4146,7.4901
4686002.0,20.7404,17.0971,11.209000000000001
4694002.0,22.1997,17.2188,15.6306
4702002.0,23.1501,16.9261,17.8259
4710002.0,25.4399,17.1507,20.8797
4718002.0,26.3997,17.1103,23.8398
4726002.0,27.3056,16.5938,26.5234
4734002.0,28.7381,15.9342,28.0458
4742002.0,29.3122,15.3385,30.6624
4750002.0,29.7115,15.4276,33.0669
4758002.0,29.9144,14.8799,35.1851
4760002.0,29.7587,14.8275,35.6034
4768002.0,30.0983,13.5346,40.284
4776002.0,32.1865,13.1964,41.0325
4784002.0,34.7239,13.2745,43.5944
4792002.0,36.2178,13.3883,45.6307
4800002.0,37.4654,13.6285,47.3427
4808002.0,38.9151,13.8836,0.08450310000000001
4816002.0,41.5517,13.9272,2.42726
4824002.0,43.2469,13.9781,3.9357
4832002.0,45.0928,14.3085,5.87363
4840002.0,46.0485,14.5138,8.51736
4848002.0,47.1203,14.472000000000001,10.0661
4856002.0,48.653999999999996,14.6015,13.0709
4864002.0,48.1916,14.7755,16.8053
4872002.0,1.35995,15.1375,19.7761
4880002.0,1.47252,15.3324,22.1776
4888002.0,2.07002,15.5742,23.9712
4896002.0,4.0728599999999995,15.5087,27.1866
4904002.0,5.87511,15.6754,28.6098
4912002.0,6.7364,15.7219,30.7971
4920002.0,10.1041,15.1919,33.0305
4928002.0,11.9154,15.3938,35.3287
4936002.0,13.025,15.6512,38.0851
4944002.0,13.3017,16.02,41.2114
4952002.0,14.6564,16.5006,44.6551
4960002.0,14.73,16.4392,47.5484
4968002.0,15.1717,16.3375,0.66333
4976002.0,15.7013,15.2866,3.5794699999999997
4984002.0,17.0297,15.7883,6.3177900000000005
4992002.0,18.5876,16.154,9.28232
5000002.0,19.0479,15.126,12.0599
5008002.0,20.0782,14.7797,14.8664
5016002.0,20.9956,14.731,15.8137
5024002.0,21.1704,14.4007,18.1096
5032002.0,21.4529,14.373,21.0737
5040002.0,22.755,14.4016,23.1476
5048002.0,23.3229,14.5084,24.4679
5056002.0,25.0628,14.3864,26.8164
5064002.0,26.575,14.5994,29.2513
5072002.0,27.5808,14.7524,31.3516
5080002.0,28.7089,14.6162,33.4546
5088002.0,30.3691,14.5534,35.4564
5096002.0,32.4115,15.7633,38.7379
5104002.0,33.8314,15.9964,42.708
5112002.0,34.0184,15.7216,45.8996
5120002.0,34.4723,15.8365,0.07736649999999999
5128002.0,35.6671,15.0643,3.65369
5136002.0,35.9823,14.8807,6.3749
5144002.0,36.4041,14.6394,9.48393
5152002.0,36.5357,14.7692,12.9138
5160002.0,37.4952,14.8084,16.1867
5168002.0,38.3485,14.4552,19.9629
5176002.0,38.8952,14.2378,24.1424
5184002.0,39.8581,13.8534,27.5021
5192002.0,40.546,13.203,30.4209
5200002.0,40.9812,12.7992,33.0521
5208002.0,41.6842,12.8008,34.884
5216002.0,42.3038,12.8797,38.058
5224002.0,42.8897,12.9101,40.8374
5232002.0,43.8447,12.7081,44.8238
5240002.0,44.2835,12.6073,47.71
5248002.0,45.141999999999996,12.5191,1.17479
5256002.0,45.4769,12.6479,3.3389900000000003
5264002.0,45.7083,12.4201,6.64542
5272002.0,46.3633,12.4214,9.28076
5280002.0,47.2012,11.7079,12.7411
5288002.0,47.4126,11.6294,14.770999999999999
5296002.0,48.24,11.3401,17.9948
5304002.0,49.2375,11.2307,21.7589
5312002.0,1.50504,10.4911,24.4113
5320002.0,1.5683799999999999,10.8689,27.026999999999997
5328002.0,1.15301,11.0952,29.4625
5336002.0,2.00449,10.9165,32.3543
5344002.0,2.9460599999999997,11.0323,35.4965
5352002.0,3.74968,11.0704,37.7785
5360002.0,3.18591,10.929,39.3941
5368002.0,3.66442,10.7384,41.0946
5376002.0,4.08387,10.9034,43.8469
5384002.0,5.65653,11.0086,46.6695
5392002.0,5.5922,11.1952,47.5841
5400002.0,6.1870400000000005,11.3972,49.1952
5408002.0,6.12296,11.6773,1.22479
5416002.0,6.6818100000000005,11.8921,3.53871
5424002.0,8.079,12.2725,5.79419
5432002.0,8.47981,11.7666,7.87907
5440002.0,10.0891,11.8024,9.23775
5448002.0,10.4901,11.8843,11.6886
5456002.0,11.2216,12.0563,14.2932
5464002.0,12.4301,11.3667,17.2486
5472002.0,12.4248,11.4635,19.6668
5480002.0,13.662,11.6866,22.3256
5488002.0,15.0119,11.7206,24.149
5496002.0,15.2802,11.5789,26.8462
5504002.0,15.5569,11.0463,29.6268
5512002.0,15.7786,11.0845,30.9453
5520002.0,15.937000000000001,11.9185,33.3294
5528002.0,16.2854,12.0052,35.5405
5536002.0,16.3157,12.1594,36.9343
5544002.0,16.9422,12.1633,38.9982
5552002.0,17.8264,11.3184,41.6529
5560002.0,18.1053,10.9099,44.3217
5568002.0,19.0483,11.1349,46.9172
5576002.0,19.597,11.22,48.1087
5584002.0,20.2149,11.4076,1.58661
5592002.0,20.7875,11.850999999999999,4.89268
5600002.0,21.3012,11.7053,7.78
5608002.0,22.0008,11.7103,10.1849
5616002.0,22.6535,11.2485,13.5735
5624002.0,23.2956,10.940999999999999,15.8456
5632002.0,24.0047,10.5169,18.1718
5640002.0,25.659000000000002,10.1931,21.2914
5648002.0,27.4824,10.0585,24.7629
5656002.0,28.0338,10.2985,27.7506
5664002.0,28.5313,10.6456,30.3762
5672002.0,30.0031,10.9165,32.512
5680002.0,30.6572,11.3136,33.7375
5688002.0,31.4798,11.3279,35.6227
5696002.0,32.0796,11.4192,36.7184
5704002.0,33.4787,11.8561,39.8065
5712002.0,34.0743,12.3007,42.0198
5720002.0,34.3793,12.374,44.4536
5728002.0,34.8476,12.4214,46.833999999999996
5736002.0,35.4904,12.9076,49.2326
5744002.0,36.9815,13.2931,3.16808
5752002.0,37.6408,13.3545,5.8205
5760002.0,38.2191,13.965,8.1086
5768002.0,39.438,14.443,9.67022
5776002.0,40.6248,14.6231,13.0123
5784002.0,40.6131,14.8778,16.070999999999998
5792002.0,40.606,14.9908,18.6797
5800002.0,41.8166,15.5719,22.5579
5808002.0,43.6556,15.2319,25.0177
5816002.0,45.5277,15.4958,27.2089
5824002.0,45.7072,15.698,28.6713
5832002.0,45.8443,15.8277,30.3744
5840002.0,45.6198,15.4575,32.7851
5848002.0,46.54600000000001,15.5485,35.558
5856002.0,47.3575,15.7517,38.4432
5864002.0,49.0349,16.1136,40.0631
5872002.0,0.212608,15.8322,42.675
5880002.0,0.577436,15.1495,46.2026
5888002.0,0.975258,14.9576,49.3181
5896002.0,2.61878,13.034,2.67163
5904002.0,3.1954599999999997,12.4079,5.2849699999999995
5912002.0,4.22471,11.7284,7.6451
5920002.0,5.05689,12.6617,10.1165
5928002.0,6.30583,12.3653,11.9029
5936002.0,6.43814,12.8172,14.8457
5944002.0,6.79473,13.4952,18.3966
5952002.0,7.657939999999999,14.1971,21.164
5960002.0,8.451210000000001,15.0164,24.9119
5968002.0,9.37834,15.5326,28.0851
5976002.0,10.2843,16.21,32.2147
5984002.0,11.0385,17.3382,35.9221
5992002.0,13.0925,17.7999,39.4228
6000002.0,14.1826,17.9229,42.661
6008002.0,14.7002,18.1838,45.0473
6016002.0,15.8287,18.4597,46.85
6024002.0,16.7565,18.3879,1.46614
6032002.0,17.4259,18.4561,4.755380000000001
6040002.0,17.9542,18.3481,8.29969
6048002.0,17.9305,18.2722,11.0408
6056002.0,18.845,18.5965,14.7583
6064002.0,19.6025,19.0295,18.854
6072002.0,20.1887,18.814,22.0892
6080002.0,21.0593,18.8976,25.7124
6088002.0,22.2488,18.3834,28.1188
6096002.0,22.9958,18.342,30.7628
6104002.0,23.4717,17.8862,34.2355
6112002.0,24.0077,17.3447,37.6768
6120002.0,24.4496,17.3833,41.8077
6128002.0,23.4426,17.1829,45.4406
6136002.0,23.6558,16.8784,48.1249
6144002.0,23.6386,16.9499,1.5887200000000001
6152002.0,23.7467,16.6223,4.639959999999999
6160002.0,24.0128,16.4536,8.36562
6168002.0,24.6281,16.6942,12.3584
6176002.0,25.1092,16.3934,16.6489
6184002.0,25.1555,16.3441,19.8201
6192002.0,25.6503,15.8376,22.3249
6200002.0,26.5939,15.818,25.204
6208002.0,26.8101,15.2725,28.5103
6216002.0,27.6048,15.0711,31.4597
6224002.0,28.6926,15.1661,33.9867
6232002.0,29.2513,14.6842,37.476
6240002.0,30.6776,14.4605,41.0788
6248002.0,31.8467,14.6278,43.9294
6256002.0,33.8889,14.9042,46.3643
6264002.0,35.2753,14.3749,48.8941
6272002.0,36.6293,14.0921,1.6559
6280002.0,36.7612,13.9265,4.6075
6288002.0,37.2265,13.6314,8.35413
6296002.0,37.6335,13.8874,11.3333
6304002.0,38.2405,14.1251,14.0127
6312002.0,39.0533,13.3083,17.2809
6320002.0,40.2446,13.4162,20.2771
6328002.0,42.2438,13.0827,23.1171
6336002.0,43.9802,12.6073,25.0629
6344002.0,43.82,12.6271,27.7537
6352002.0,43.8197,12.489,31.2494
6360002.0,44.358999999999995,13.0449,34.5662
6368002.0,44.848,13.1079,38.4327
6376002.0,45.3081,13.2663,41.9314
6384002.0,45.8609,13.0445,45.8422
6392002.0,46.2416,12.8175,48.8869
6400002.0,46.3026,12.8153,2.24906
6408002.0,46.4485,12.8251,6.19793
6416002.0,47.0984,12.5062,9.52679
6424002.0,47.3214,12.7191,12.6192
6432002.0,47.6979,12.4263,15.5617
6440002.0,47.7362,12.7291,17.7073
6448002.0,48.261,12.8474,20.4576
6456002.0,0.319123,12.6697,23.2288
6464002.0,1.33731,12.7064,26.1665
6472002.0,2.07171,12.3783,30.4192
6480002.0,2.25058,11.7798,32.9854
6488002.0,3.69331,11.3436,35.6202
6496002.0,4.44204,11.3172,37.4558
6504002.0,5.48171,11.2213,40.7609
6512002.0,6.179530000000001,11.314,43.1442
6520002.0,7.0099,11.4227,45.6973
6528002.0,7.71162,10.7307,48.7469
6536002.0,7.7276,10.5414,2.52225
6544002.0,7.78103,10.3911,4.45545
6552002.0,8.41129,10.353,5.82051
6560002.0,9.11173,10.0143,7.3174600000000005
6568002.0,10.1976,9.721119999999999,8.24051
6576002.0,11.2407,9.16498,9.63494
6584002.0,12.1721,8.95149,11.9982
6592002.0,11.8724,8.23812,14.4921
6600002.0,12.3392,7.7990699999999995,16.3514
6608002.0,13.2363,7.93502,18.162
6616002.0,14.1741,7.96272,18.8452
6624002.0,15.4114,7.89898,19.5871
6632002.0,16.2453,7.99332,21.3882
6640002.0,16.6391,8.36002,24.9203
6648002.0,17.3761,7.75055,26.9166
6656002.0,18.8005,7.55583,28.8988
6664002.0,19.8842,7.557230000000001,30.4546
6672002.0,20.0982,7.3747,32.7596
6680002.0,20.5106,7.30426,35.4609
6688002.0,20.9741,7.177910000000001,37.668
6696002.0,21.5694,7.08127,39.3608
6704002.0,21.9944,7.21311,41.773
6712002.0,22.8011,7.4607600000000005,43.3264
6720002.0,23.4585,7.613919999999999,44.8357
6728002.0,24.1809,7.97202,46.1309
6736002.0,24.9086,8.17917,47.6078
6744002.0,25.4138,7.77295,0.33439800000000003
6752002.0,26.0265,7.63743,2.46217
6760002.0,26.7011,7.707039999999999,3.49575
6768002.0,26.3184,7.517519999999999,4.82434
6776002.0,26.724,7.738289999999999,6.48259
6784002.0,27.0754,8.22289,8.51713
6792002.0,26.8015,8.393989999999999,9.883569999999999
6800002.0,27.2643,8.786660000000001,11.8396
6808002.0,27.4656,8.61328,12.901
6816002.0,27.564,8.85436,14.2403
6824002.0,27.3717,9.020389999999999,16.0556
6832002.0,27.433000000000003,9.156130000000001,18.2869
6840002.0,26.9254,9.365310000000001,21.5161
6848002.0,27.730999999999998,9.25347,24.5547
6856002.0,27.5718,9.0757,26.9559
6864002.0,27.9288,9.34745,28.6745
6872002.0,28.4714,9.61887,30.665
6880002.0,29.726999999999997,9.839739999999999,32.6181
6888002.0,30.7355,9.77546,34.8663
6896002.0,31.1294,9.903210000000001,36.3661
6904002.0,31.8741,9.81356,38.1446
6912002.0,32.5483,9.92659,40.7205
6920002.0,33.6511,10.2366,43.4753
6928002.0,34.4298,9.99474,45.8491
6936002.0,34.7531,10.1533,47.1491
6944002.0,36.302,10.5678,48.9026
6952002.0,38.6329,11.0422,0.80496
6960002.0,40.0861,11.0752,1.5255100000000001
6968002.0,41.4536,11.2826,2.46564
6976002.0,42.5035,11.4638,4.489240000000001
6984002.0,43.7142,11.695,7.13267
6992002.0,44.5524,11.6732,9.5592
7000002.0,45.5873,11.686,12.0518
7008002.0,45.5105,11.8748,14.3141
7016002.0,46.3009,11.9138,16.2998
7024002.0,46.3818,12.6532,18.7248
7032002.0,46.6608,12.9976,21.0974
7040002.0,47.5222,13.2241,23.9248
7048002.0,48.3775,13.4654,26.3782
7056002.0,0.078323,13.6329,28.8677
7064002.0,2.24361,13.9359,30.61
7072002.0,3.97151,14.0094,33.5616
7080002.0,5.08663,13.7909,36.1956
7088002.0,5.7728,13.9721,37.7921
7096002.0,5.98768,13.9085,39.2199
7104002.0,6.27626,13.7339,40.1439
7112002.0,6.72848,13.9729,43.0722
7120002.0,8.6123,14.1616,45.4824
7128002.0,9.666080000000001,14.2214,47.1022
7136002.0,11.0688,14.1343,0.12301199999999998
7144002.0,11.661,14.1538,2.71222
7152002.0,12.5234,13.8569,5.11892
7160002.0,14.1379,13.8585,7.506660000000001
7168002.0,14.5893,13.9096,9.68016
7176002.0,14.759,13.6633,12.5343
7184002.0,15.8794,13.5671,14.7742
7192002.0,15.7268,13.2697,17.1557
7200002.0,16.6639,13.2201,20.5722
7204002.0,16.7811,13.5784,21.5197
7212002.0,18.6564,13.1147,25.1435
7220002.0,19.8823,13.2014,28.0135
7228002.0,21.0951,12.8671,30.1882
7236002.0,21.846,13.3194,32.2133
7244002.0,22.5025,13.578,35.9375
7252002.0,22.7297,13.4858,39.0282
7260002.0,23.133000000000003,13.6872,43.2015
7268002.0,23.4045,13.9977,46.7292
7276002.0,23.9106,13.651,49.0941
7284002.0,23.9336,13.5399,1.9503
7292002.0,25.2689,13.5324,4.00409
7300002.0,26.345,13.802,6.85981
7308002.0,27.1292,14.2653,9.13515
7316002.0,27.9323,14.5895,11.7137
7324002.0,27.7284,14.8492,14.2842
7332002.0,29.0787,15.1738,18.4568
7340002.0,29.6423,15.4893,20.5443
7348002.0,29.8505,15.2568,23.0201
7356002.0,30.0974,15.3844,25.2289
7364002.0,30.9337,15.5154,26.8923
7372002.0,31.5948,15.1489,28.8782
7380002.0,31.9086,15.1509,30.8668
7388002.0,32.0211,15.1687,33.8224
7396002.0,32.8367,14.7443,35.8876
7404002.0,33.4477,14.253,38.5923
7412002.0,34.2633,13.5661,40.9633
7420002.0,35.7396,13.6093,44.7087
7428002.0,37.1958,13.2032,47.2172
7436002.0,37.6174,13.6301,0.40413000000000004
7444002.0,37.544000000000004,14.1071,3.0486
7452002.0,38.1903,14.8064,6.21402
7460002.0,36.8407,16.1213,6.70598
7468002.0,41.5069,19.5738,14.5144
7476002.0,43.8538,20.7754,19.0788
7484002.0,45.6309,21.815,21.7496
7492002.0,46.001999999999995,19.3879,23.3529
7500002.0,47.2929,19.0339,27.1753
7508002.0,47.8749,18.9025,29.4229
7516002.0,48.0735,17.3775,32.5357
7524002.0,47.7421,17.4094,35.6275
7532002.0,0.5947439999999999,16.3678,40.0174
7540002.0,1.6715099999999998,16.3327,43.2836
7548002.0,2.06862,16.5845,44.5725
7556002.0,4.080419999999999,16.3857,48.4382
7564002.0,4.00132,16.3617,1.6670599999999998
7572002.0,4.60441,16.0177,4.70054
7580002.0,5.07359,15.7924,8.10471
7588002.0,4.258380000000001,16.1361,11.7925
7596002.0,4.31376,14.9727,13.3626
7604002.0,4.58441,15.0807,15.597000000000001
7612002.0,4.86475,15.5293,19.0551
7620002.0,5.77631,16.1041,21.9133
7628002.0,7.17328,16.0093,25.1666
7636002.0,8.31858,16.0707,27.7059
7644002.0,8.63388,15.8462,30.2121
7652002.0,9.69844,15.6283,32.7759
7660002.0,10.535,15.1923,36.0648
7668002.0,12.0566,15.2906,39.2426
7676002.0,11.8177,15.7768,42.9748
7684002.0,12.7909,15.5701,46.108000000000004
7692002.0,14.5313,15.4954,49.4686
7700002.0,15.905999999999999,15.4398,1.92977
7708002.0,16.7103,15.404000000000002,4.68666
7716002.0,17.9078,15.3337,8.02025
7724002.0,18.7095,15.2511,9.95195
7732002.0,20.2434,15.1647,13.0604
7740002.0,22.163,14.8569,15.9753
7748002.0,22.6385,14.3453,18.6093
7756002.0,23.6937,13.3528,20.6534
7764002.0,24.6053,13.6956,23.2665
7772002.0,24.8384,14.2695,26.1561
7780002.0,25.6922,14.9963,29.0498
7788002.0,25.7293,15.4611,32.6494
7796002.0,26.3492,15.8177,35.6849
7804002.0,27.701,16.3855,38.9737
7812002.0,28.8474,16.2284,42.5192
7820002.0,29.8093,16.1612,45.3871
7828002.0,30.8275,16.0512,49.0598
7836002.0,31.2024,16.1472,3.4419199999999996
7844002.0,31.5525,15.8363,5.6695
7852002.0,31.4732,15.9184,9.650260000000001
7860002.0,31.9694,16.1931,12.8629
7868002.0,32.6035,15.6606,17.0651
7876002.0,34.0966,15.4271,20.2033
7884002.0,35.3912,15.7264,23.6248
7892002.0,36.2364,15.5902,26.8551
7900002.0,36.5305,15.9546,30.3398
7908002.0,36.9328,16.744,33.1081
7916002.0,35.6836,17.3713,36.3034
7924002.0,35.4829,17.63,39.3198
7932002.0,35.6932,17.9923,40.5156
7940002.0,36.7778,18.5447,43.1962
7948002.0,37.3812,18.7026,45.1773
7956002.0,37.9107,19.4482,46.2998
7964002.0,37.6583,19.7606,48.8065
7972002.0,37.1564,19.9388,2.64387
7980002.0,37.028,19.8762,6.767580000000001
7988002.0,37.2499,20.14,9.376610000000001
7996002.0,37.5476,20.0669,12.1162
