2.0,3.06675,20.9321,19.1037
8002.0,8.96105,19.7192,22.3766
16002.0,12.9364,20.8689,24.9927
24002.0,12.502,20.993000000000002,29.2616
32002.0,12.8627,21.2042,32.9112
40002.0,13.9864,21.1112,35.857
48002.0,14.3117,21.3399,39.9294
56002.0,14.7081,21.2919,43.7121
64002.0,12.8647,21.6322,45.9945
72002.0,13.8613,21.9329,48.3005
80002.0,13.8784,21.9055,1.2834299999999998
88002.0,14.5942,22.1648,5.42969
96002.0,15.1843,22.3406,8.63239
104002.0,15.8652,22.28,11.4596
112002.0,16.3681,22.4266,12.9183
120002.0,17.1954,22.5416,14.9294
128002.0,18.4232,23.0591,18.5676
136002.0,20.105,23.1814,22.1975
144002.0,20.8442,23.6879,25.0013
152002.0,21.7746,23.6502,27.0038
160002.0,25.085,23.1411,28.6203
168002.0,24.5827,23.0872,30.8406
176002.0,23.3882,23.0145,33.9934
184002.0,24.0045,24.3699,36.2419
192002.0,23.816,24.636,40.1492
200002.0,25.25,25.3124,44.6089
208002.0,26.0899,24.9951,47.3823
216002.0,26.7536,24.9332,2.42693
224002.0,27.1099,25.0877,6.50758
232002.0,27.569000000000003,25.0558,11.3245
240002.0,28.1932,25.2519,15.2715
248002.0,28.7524,24.7759,19.3257
256002.0,29.6832,24.3171,23.5847
264002.0,29.5738,24.0983,27.8778
272002.0,31.072,24.024,32.3698
280002.0,32.48,23.8519,35.5453
288002.0,33.9516,23.6308,40.7617
296002.0,34.5061,23.3558,44.9743
304002.0,35.2535,23.2152,49.3998
312002.0,36.6409,23.3834,3.92675
320002.0,38.7,23.3668,7.46135
328002.0,40.6361,23.4633,11.8222
336002.0,42.4457,23.162,15.8808
344002.0,42.4837,23.6791,20.1626
352002.0,43.5779,23.7251,22.8977
360002.0,44.9924,23.8255,25.701
368002.0,45.9582,24.1024,28.3657
376002.0,46.21,24.0479,32.4566
384002.0,0.936841,22.3027,36.1031
392002.0,1.02081,22.7298,40.5139
400002.0,1.37429,22.5759,45.2009
408002.0,1.50324,22.7134,48.8521
416002.0,2.04865,22.5222,2.89697
424002.0,2.84995,22.4941,7.01278
432002.0,3.6874599999999997,22.3684,11.0227
440002.0,4.6281300000000005,22.8339,15.5345
448002.0,4.9193,22.6305,19.385
456002.0,5.502619999999999,22.8732,22.8716
464002.0,5.90739,23.2337,25.3922
472002.0,6.10121,23.6261,30.7117
480002.0,11.3247,20.845,33.8019
488002.0,13.0572,19.8033,36.2779
496002.0,15.4141,19.5035,40.0758
504002.0,15.7603,19.7137,44.7849
512002.0,16.6784,20.1364,49.0489
520002.0,18.0728,19.5358,3.0911299999999997
528002.0,18.9733,18.8932,7.0335
536002.0,20.2853,18.4267,10.2978
544002.0,22.5419,18.762,13.0707
552002.0,25.1747,19.5793,16.2605
560002.0,27.9792,19.8462,18.2555
568002.0,28.118000000000002,20.7236,20.9941
576002.0,28.1667,21.1987,25.2145
584002.0,28.8334,20.7587,30.0737
592002.0,29.7042,20.886999999999997,32.9206
600002.0,30.1099,20.4172,36.459
608002.0,30.7495,20.2734,39.6861
616002.0,32.4125,20.0265,43.474
624002.0,32.9492,19.5888,47.4981
632002.0,32.9675,19.3994,1.9813
640002.0,34.0663,19.248,5.717280000000001
648002.0,34.5854,19.3938,8.02595
656002.0,35.0244,19.0267,11.2282
664002.0,35.5558,18.8083,14.5897
672002.0,35.9986,19.0623,19.217
680002.0,36.4217,18.967,22.7996
688002.0,37.3988,19.4192,27.456
696002.0,38.1173,19.2706,30.2614
704002.0,37.8945,18.9651,35.0486
712002.0,38.9542,18.8989,39.0694
720002.0,40.1734,18.7363,41.6018
728002.0,39.9606,18.8539,45.1333
736002.0,40.016999999999996,18.6356,47.2221
744002.0,40.9354,18.3634,49.0982
752002.0,40.8824,18.3219,2.7090799999999997
760002.0,42.3003,18.7479,6.83443
768002.0,43.18899999999999,19.044,10.3766
776002.0,43.6837,18.7821,15.4539
784002.0,42.4286,19.0655,18.7159
792002.0,44.3114,19.2968,21.662
800002.0,44.6055,20.153,25.6184
808002.0,44.9159,20.5404,28.3947
816002.0,45.3448,20.6994,32.141
824002.0,45.6827,20.849,34.73
832002.0,46.856,20.6267,39.2183
840002.0,47.3768,20.5618,42.3267
848002.0,47.9552,21.2491,44.4441
856002.0,1.76177,21.6342,48.0133
864002.0,3.5749199999999997,22.0476,1.57274
872002.0,2.68412,22.6344,5.11846
880002.0,3.07708,22.6027,9.31617
888002.0,4.4795,23.0724,13.4686
896002.0,5.8387,23.1731,17.3776
904002.0,6.63623,23.3677,21.5189
912002.0,8.1996,23.6232,24.3238
920002.0,9.737589999999999,23.4944,28.0492
928002.0,10.1449,24.0639,31.6154
936002.0,11.2728,23.6831,34.0911
944002.0,11.5909,24.1316,36.7072
952002.0,14.5221,24.4101,40.2217
960002.0,14.8968,24.2582,43.7352
968002.0,15.4296,24.3367,47.596000000000004
976002.0,16.7153,24.1165,1.91133
984002.0,17.6521,24.1511,5.81144
992002.0,17.5079,24.1856,8.82905
1000002.0,18.691,24.699,12.1816
1008002.0,19.9017,24.5123,16.062
1016002.0,19.9533,24.3607,20.0038
1024002.0,20.9926,24.1547,23.3015
1032002.0,21.8762,23.7003,26.0974
1040002.0,22.789,23.5357,30.6268
1048002.0,22.8595,23.1168,34.0535
1056002.0,22.9675,22.6384,36.9426
1064002.0,23.3868,22.3022,40.6781
1072002.0,24.1736,22.2007,44.4951
1080002.0,25.1423,22.32,47.773
1088002.0,26.408,22.4164,1.67241
1096002.0,28.0962,21.6612,5.149859999999999
1104002.0,29.3214,21.4028,8.65008
1112002.0,29.4161,21.1305,13.4519
1120002.0,30.7981,20.4875,17.139
1128002.0,31.3939,20.7192,20.3954
1136002.0,32.2282,21.2005,24.7486
1144002.0,33.5965,21.4204,27.554000000000002
1152002.0,34.4984,20.9734,32.6041
1160002.0,34.9723,20.9892,36.7872
1168002.0,36.2041,21.4642,40.2702
1176002.0,37.1938,21.1476,43.8563
1184002.0,38.3207,20.9318,47.0233
1192002.0,38.541,21.0117,0.515108
1200002.0,39.5267,20.8647,4.21455
1208002.0,40.6955,21.1455,8.166730000000001
1216002.0,42.3555,20.8804,11.059000000000001
1224002.0,42.8388,21.4447,15.4257
1232002.0,44.0214,21.7148,19.2836
1240002.0,44.3677,21.9642,23.3054
1248002.0,45.3681,22.2091,27.9278
1256002.0,45.988,21.3902,31.1428
1264002.0,46.8266,20.7281,35.0072
1272002.0,47.8415,20.4503,39.1171
1280002.0,0.288144,20.2807,42.883
1288002.0,0.942522,19.083,45.0606
1296002.0,1.05324,19.4146,48.9689
1304002.0,2.36246,19.4626,2.80135
1312002.0,3.09041,18.7171,5.9646300000000005
1320002.0,5.18766,18.4222,8.86207
1328002.0,6.47797,18.4898,12.4217
1336002.0,7.7264100000000004,18.9952,15.4018
1344002.0,8.44342,18.8499,17.7887
1352002.0,9.67405,18.4178,22.2608
1360002.0,10.0623,18.5267,25.5113
1368002.0,10.9664,18.1576,28.8377
1376002.0,12.0084,17.812,32.739000000000004
1384002.0,12.8462,17.708,35.8653
1392002.0,14.1258,18.1629,39.0809
1400002.0,15.716,17.8219,43.7834
1408002.0,16.3842,17.6198,46.7819
1416002.0,16.5048,18.1495,0.47346099999999997
1424002.0,16.7058,18.1399,4.8053300000000005
1432002.0,17.7776,17.8033,8.95758
1440002.0,20.0144,17.4613,13.3402
1448002.0,20.9779,17.6286,16.4983
1456002.0,23.0618,17.5859,19.9791
1464002.0,23.6296,16.5534,22.8368
1472002.0,24.9042,16.7288,26.2171
1480002.0,25.4547,16.3523,28.9344
1488002.0,26.3524,16.410999999999998,31.9131
1496002.0,26.6501,16.4421,35.2516
1504002.0,28.2124,16.1938,38.8106
1512002.0,30.1571,16.2135,43.8867
1520002.0,30.9694,15.9229,46.7766
1528002.0,31.6314,14.6531,49.4189
1536002.0,33.5303,14.1233,2.39759
1544002.0,37.3016,15.2569,3.4944300000000004
1552002.0,40.9845,14.3893,5.56124
1560002.0,41.0851,13.3853,12.1402
1568002.0,42.1817,11.0875,14.0695
1576002.0,41.5511,10.4293,16.3537
1584002.0,41.8382,10.8361,20.0374
1592002.0,42.2136,11.2541,23.3173
1600002.0,42.6645,11.275,27.3051
1608002.0,42.3502,11.1135,31.5324
1616002.0,43.5519,10.9065,33.5564
1624002.0,45.2174,10.9952,37.4589
1632002.0,46.2562,11.0206,40.8836
1640002.0,47.849,11.0325,45.0548
1648002.0,48.851000000000006,11.0907,46.9804
1656002.0,49.3157,11.1917,0.11799100000000001
1664002.0,0.608559,11.3012,3.3889099999999996
1672002.0,1.48681,11.4872,5.94415
1680002.0,1.73385,11.8639,9.18871
1688002.0,2.0996599999999996,11.8281,11.7623
1696002.0,3.11618,12.0389,14.9594
1704002.0,3.16837,11.7395,17.8851
1712002.0,2.88425,11.65,21.1605
1720002.0,4.2838199999999995,11.8074,23.3405
1728002.0,5.118580000000001,12.167,26.1225
1736002.0,5.795730000000001,12.414000000000001,28.781
1744002.0,6.11369,12.4134,31.3444
1752002.0,6.55674,12.2344,33.8259
1760002.0,7.10191,12.5217,37.103
1768002.0,7.889939999999999,12.7419,38.9363
1776002.0,9.27996,13.3877,42.2949
1784002.0,9.72153,13.2949,44.7863
1792002.0,10.3181,13.8678,47.898
1800002.0,11.2113,13.8832,1.5608
1808002.0,13.1503,13.8664,4.15499
1816002.0,13.5991,13.7811,5.44206
1824002.0,15.0513,14.3414,7.24405
1832002.0,16.2682,14.1757,8.65347
1840002.0,18.8917,14.1352,9.40524
1848002.0,18.9984,14.1494,11.5377
1856002.0,19.2873,13.5107,12.4476
1864002.0,19.8678,13.4005,14.5492
1872002.0,20.2191,13.2775,16.587
1880002.0,21.236,13.7122,18.9718
1888002.0,22.4601,13.4336,19.7953
1896002.0,23.7273,14.2511,21.9802
1904002.0,23.9003,14.1575,23.375999999999998
1912002.0,24.6214,14.8345,26.4668
1920002.0,24.3088,14.9433,29.9794
1928002.0,24.76,14.8702,32.8122
1936002.0,24.8674,14.7286,35.3238
1944002.0,24.8236,14.5475,38.2588
1952002.0,25.5512,14.722000000000001,41.248000000000005
1960002.0,25.5089,14.9259,44.3909
1968002.0,25.5931,15.3596,47.4723
1976002.0,25.9936,14.7955,49.1038
1984002.0,26.1146,14.1943,2.77684
1992002.0,26.6367,13.9363,5.4225900000000005
2000002.0,26.8682,13.5267,8.373389999999999
2008002.0,27.8863,13.011,11.4065
2016002.0,29.5904,12.7382,14.6471
2024002.0,30.1609,12.2363,15.1613
2032002.0,31.3426,12.1103,16.1866
2040002.0,32.7204,12.2128,18.7697
2048002.0,33.4642,11.8044,21.7222
2056002.0,34.19,11.8631,23.3837
2064002.0,34.8868,12.367,25.291
2072002.0,36.3919,12.5013,27.9024
2080002.0,36.389,12.7303,29.6945
2088002.0,36.8726,13.0909,31.3131
2096002.0,37.4303,13.1957,32.7062
2104002.0,38.7666,12.7775,34.606
2112002.0,40.2306,12.6581,37.6214
2120002.0,39.5713,12.6562,41.5921
2128002.0,39.4924,12.4556,43.3558
2136002.0,40.4208,12.2778,45.7163
2144002.0,40.3751,12.1451,49.0076
2152002.0,40.6733,11.8008,1.92213
2160002.0,40.4687,11.3993,4.21645
2168002.0,40.8364,11.21,6.60257
2176002.0,40.8683,11.0274,8.63043
2184002.0,41.4889,11.1658,9.70692
2192002.0,41.7303,11.1181,10.5838
2200002.0,41.3089,11.3797,12.0809
2208002.0,41.9967,11.4987,13.6721
2216002.0,43.1753,11.3071,15.5197
2224002.0,44.2968,10.7037,17.8827
2232002.0,44.6183,10.5268,19.4207
2240002.0,45.6399,10.3669,21.0704
2248002.0,46.2628,11.0908,22.9742
2256002.0,46.6922,11.3274,23.4926
2264002.0,47.1689,11.7384,24.5642
2272002.0,47.2019,11.7983,26.5168
2280002.0,47.6567,12.2601,28.2386
2288002.0,48.0146,12.8131,31.849
2296002.0,49.0913,13.294,35.055
2304002.0,1.39175,13.144,37.2658
2312002.0,2.2827,13.4144,39.8614
2320002.0,3.9226699999999997,13.0057,41.2767
2328002.0,3.7915699999999997,11.8736,43.1495
2336002.0,49.3557,13.8392,2.66862
2344002.0,4.40204,15.4586,6.941039999999999
2352002.0,2.97742,15.6612,11.8582
2360002.0,8.43849,17.1831,11.6447
2368002.0,9.80428,16.8816,15.4592
2376002.0,9.97184,17.1519,19.2396
2384002.0,10.8858,16.6751,21.8238
2392002.0,12.7488,16.3647,24.5248
2400002.0,14.2068,16.621,27.2894
2408002.0,14.5973,17.4018,30.9605
2414002.0,15.5488,17.3382,34.9779
2422002.0,17.5064,17.4378,39.3411
2430002.0,21.3222,17.6481,41.1867
2438002.0,24.087,17.5243,44.8583
2446002.0,25.7201,17.6329,46.9015
2454002.0,26.2714,17.5914,49.1432
2462002.0,27.7742,18.0141,2.1029299999999997
2470002.0,28.9513,18.2789,3.8401199999999998
2478002.0,30.2566,19.0406,6.20376
2486002.0,31.8264,18.7982,8.90174
2494002.0,33.4207,19.8055,11.1892
2502002.0,34.0625,19.7779,14.0962
2510002.0,36.0682,19.6175,18.0775
2518002.0,36.6886,19.7637,21.4618
2526002.0,38.3859,20.019000000000002,23.5574
2534002.0,40.3097,20.2786,26.2382
2542002.0,40.4708,20.3643,29.8487
2550002.0,40.8926,20.4225,33.8075
2558002.0,42.1049,20.5215,36.3744
2566002.0,43.5333,20.5052,38.9814
2574002.0,44.8544,20.958000000000002,41.6229
2582002.0,45.2733,21.2074,44.5284
2590002.0,47.5784,20.9706,47.8828
2598002.0,0.281451,20.7057,2.81545
2606002.0,1.24112,20.1847,7.01973
2614002.0,2.40895,19.7304,10.104
2622002.0,2.66685,19.2522,14.1034
2630002.0,3.6758599999999997,19.006,17.6854
2638002.0,4.4734300000000005,19.0547,20.853
2646002.0,4.9723,19.5481,25.1249
2654002.0,6.01639,19.5515,28.7859
2662002.0,6.497240000000001,19.3504,31.1504
2670002.0,6.38547,19.4596,35.7796
2678002.0,7.7603100000000005,19.6367,40.7331
2686002.0,10.9405,19.7622,43.8278
2694002.0,12.4405,19.7395,44.4575
2702002.0,12.9238,19.7401,47.1414
2710002.0,14.073,19.8153,1.8697099999999998
2718002.0,16.5679,19.5523,6.218719999999999
2726002.0,16.276,19.5123,7.87286
2734002.0,16.2701,19.5087,11.6278
2742002.0,17.6973,19.3823,15.2008
2750002.0,19.4624,19.5211,18.7493
2758002.0,20.1377,19.5039,22.7121
2766002.0,21.0873,19.3429,26.8634
2774002.0,21.3282,19.1968,29.3527
2782002.0,22.1818,19.2832,32.6117
2790002.0,21.6801,19.3325,36.3334
2798002.0,21.8286,19.7182,40.4982
2806002.0,23.3226,19.2195,44.4612
2814002.0,23.1523,19.3215,49.2669
2822002.0,23.8599,19.114,4.14098
2830002.0,24.8347,18.7863,6.72473
2838002.0,26.6213,17.1374,6.89457
2846002.0,30.4963,17.0421,10.9526
2854002.0,31.6846,16.6448,14.6984
2862002.0,32.6762,16.3676,18.7703
2870002.0,33.3411,16.0819,21.6476
2878002.0,34.181999999999995,15.6237,24.7686
2886002.0,34.8207,15.1735,28.0348
2894002.0,35.7678,15.1314,31.0305
2902002.0,37.3436,14.4581,33.691
2910002.0,37.457,14.618,36.2192
2918002.0,36.8841,14.8551,38.1759
2926002.0,37.5064,14.8688,43.0489
2934002.0,38.2636,15.9459,46.8558
2942002.0,37.3104,16.7151,1.20412
2950002.0,37.6331,16.3804,5.16255
2958002.0,38.3289,16.6154,8.9004
2966002.0,39.66,17.0818,12.5542
2974002.0,39.6064,16.7921,15.0525
2982002.0,40.7279,16.8169,18.9259
2990002.0,40.6622,16.4251,21.9468
2998002.0,41.0786,16.8274,24.6573
3006002.0,41.8324,16.9788,27.7952
3014002.0,42.0909,16.6396,31.8075
3022002.0,43.1841,16.9035,34.4832
3030002.0,44.5444,16.8517,39.2994
3038002.0,45.2133,17.1887,42.5598
3046002.0,46.5376,17.2709,46.4829
3054002.0,47.8282,17.5865,0.650892
3062002.0,49.0955,17.9909,3.17731
3070002.0,0.8340069999999999,17.4802,7.2986
3078002.0,0.641247,17.7245,10.4551
3086002.0,2.13999,17.6438,14.0104
3094002.0,3.43361,17.4641,17.3367
3102002.0,4.66986,17.3315,20.9605
3110002.0,5.78753,17.1872,24.1361
3118002.0,7.213989999999999,17.1932,27.4869
3126002.0,7.7028,17.4814,32.0003
3134002.0,9.01123,17.1304,36.295
3142002.0,9.432260000000001,17.1283,39.5114
3150002.0,10.6883,17.14,42.0656
3158002.0,13.5631,16.9982,44.9581
3166002.0,14.887,16.9286,47.358999999999995
3174002.0,16.3401,17.2052,49.0777
3182002.0,17.5823,17.2312,3.3698
3190002.0,19.3788,16.9543,6.49926
3198002.0,20.7613,18.3044,10.1083
3206002.0,23.0662,17.9802,13.38
3214002.0,24.7885,18.2722,15.8627
3222002.0,27.397,18.7002,19.6168
3230002.0,29.4004,18.7386,23.8414
3238002.0,30.535,18.68,27.7059
3246002.0,31.1479,18.7156,31.1767
3254002.0,32.0226,18.8188,34.26
3262002.0,33.071999999999996,18.9342,37.0414
3270002.0,33.0655,18.9405,40.7521
3278002.0,33.3894,19.0886,43.9288
3286002.0,34.6438,18.636,46.3574
3294002.0,35.1209,18.5171,48.6803
3302002.0,35.7747,18.0749,3.9205699999999997
3310002.0,36.4816,18.144000000000002,6.49699
3318002.0,36.8993,18.0945,9.56278
3326002.0,38.6483,18.0567,12.7701
3334002.0,40.2923,17.896,16.0156
3342002.0,41.6045,18.2083,19.7771
3350002.0,42.5128,18.5482,23.3264
3358002.0,44.8501,18.4646,27.0281
3366002.0,47.7133,18.1815,31.6541
3374002.0,48.7412,18.4849,35.7206
3382002.0,0.883025,18.5196,39.6367
3390002.0,2.5164299999999997,17.6069,40.8494
3398002.0,3.61745,17.3388,44.4227
3406002.0,4.81615,17.4418,48.0818
3414002.0,7.599589999999999,17.5342,2.25462
3422002.0,9.409139999999999,17.2645,5.43818
3430002.0,10.8238,16.9059,9.180639999999999
3438002.0,11.0362,16.2026,12.1529
3446002.0,11.4072,16.14,14.9747
3454002.0,12.2782,16.195,17.6269
3462002.0,13.082,16.2511,20.7432
3470002.0,13.6125,15.780999999999999,23.3551
3478002.0,14.6569,16.3675,26.3149
3486002.0,13.7836,16.4217,30.096999999999998
3494002.0,14.944,16.2284,33.8563
3502002.0,15.2257,16.271,36.9106
3510002.0,15.6351,15.9127,41.1099
3518002.0,15.8202,16.2523,44.8689
3526002.0,17.2263,15.8335,49.2717
3534002.0,17.359,15.3723,3.25237
3542002.0,17.009,15.1013,7.437710000000001
3550002.0,16.8703,15.7749,10.3153
3558002.0,16.4262,15.4218,13.0274
3566002.0,15.6028,15.3673,17.1879
3574002.0,14.3996,16.3163,21.3383
3582002.0,17.1174,15.8968,24.3923
3590002.0,17.6624,13.5431,29.3348
3598002.0,16.8341,16.5654,35.5958
3606002.0,20.0324,17.901,37.2567
3614002.0,21.7805,17.8429,38.5684
3622002.0,23.3385,17.5938,40.0561
3630002.0,23.796,17.2928,42.8418
3638002.0,23.7987,17.255,46.031000000000006
3646002.0,25.4224,17.9415,0.308494
3654002.0,25.8641,18.3426,3.71624
3662002.0,25.9757,18.5437,7.65123
3670002.0,26.5521,18.6811,11.0839
3678002.0,27.1744,18.9026,14.6993
3686002.0,28.6492,19.1544,19.0219
3694002.0,28.9887,18.6565,23.0028
3702002.0,29.2492,18.1239,26.5181
3710002.0,29.6643,17.8749,29.307
3718002.0,29.8868,17.8678,32.8521
3726002.0,30.2094,17.6578,36.4301
3734002.0,30.5486,18.3839,40.3442
3742002.0,31.0401,18.0887,43.4855
3750002.0,31.8042,18.034000000000002,46.7609
3758002.0,33.3909,18.0493,0.760916
3766002.0,35.0523,17.7973,3.47272
3774002.0,36.9687,17.6033,6.3256
3782002.0,38.5896,17.6142,8.9947
3790002.0,40.3329,17.5976,12.2756
3798002.0,41.2285,17.7637,14.079
3806002.0,41.8499,17.4632,17.2788
3814002.0,43.7113,17.2901,19.2573
3822002.0,44.9287,17.5364,22.0189
3830002.0,46.047,17.3056,25.1991
3838002.0,46.7185,16.6952,29.5762
3846002.0,47.1035,15.5384,35.0709
3854002.0,47.5046,15.1857,38.4518
3862002.0,47.7905,15.7143,40.5385
3870002.0,48.5134,15.2535,44.1179
3878002.0,48.6992,15.1011,48.053999999999995
3886002.0,48.8967,15.1276,1.8721299999999998
3894002.0,0.160754,15.2339,4.94874
3902002.0,0.27513000000000004,14.8202,7.65238
3910002.0,1.5182200000000001,14.6823,11.0817
3918002.0,2.72358,14.9947,15.0705
3926002.0,4.46207,14.7705,17.3984
3934002.0,5.374680000000001,14.9147,20.0404
3942002.0,5.94154,14.3667,22.4837
3950002.0,5.99927,14.7238,26.0083
3958002.0,6.574839999999999,14.8129,29.7677
3966002.0,7.379589999999999,14.3883,31.7496
3974002.0,8.28985,14.2303,34.6402
3982002.0,8.31291,14.12,36.6182
3990002.0,9.170869999999999,14.1679,39.5523
3998002.0,10.2282,14.4333,41.6405
4006002.0,10.9663,14.482000000000001,43.4551
4014002.0,11.5419,14.3312,45.8144
4022002.0,12.6853,14.1456,47.7055
4030002.0,12.8143,14.4812,1.0349
4038002.0,14.4686,14.3634,2.5053
4046002.0,15.9445,14.4436,5.49526
4054002.0,17.0358,14.4011,8.91383
4062002.0,17.7833,14.6092,12.3918
4070002.0,17.7621,14.642999999999999,15.3522
4078002.0,17.9528,14.2024,18.658
4086002.0,18.6105,14.3251,21.6302
4094002.0,19.0442,14.2509,24.2986
4102002.0,19.6079,14.0681,26.5115
4110002.0,20.0827,13.8827,28.9858
4118002.0,20.3822,13.7385,31.3751
4126002.0,21.2418,13.4079,33.2482
4134002.0,21.6086,13.29,34.6879
4142002.0,22.6694,13.3649,37.0262
4150002.0,23.7243,13.2079,39.1081
4158002.0,25.1435,13.0003,41.6271
4166002.0,26.3567,13.3549,44.6313
4174002.0,27.3614,13.5321,47.38399999999999
4182002.0,27.4641,13.5903,49.2988
4190002.0,28.189,12.7482,2.63947
4198002.0,29.4537,12.7695,5.54467
4206002.0,30.5051,12.6801,8.332510000000001
4214002.0,32.0727,12.5889,12.5156
4222002.0,33.2917,12.5363,15.9293
4230002.0,34.8678,12.5148,18.4761
4238002.0,37.2238,12.5434,22.23
4246002.0,38.8488,12.6474,25.2902
4254002.0,40.7355,12.6466,28.5885
4262002.0,42.3642,13.0228,31.4245
4270002.0,43.6706,13.7608,34.2781
4278002.0,44.9541,13.8006,37.0275
4286002.0,45.6372,13.7825,40.8341
4294002.0,46.9293,14.0515,44.1587
4302002.0,47.2036,14.1531,47.1252
4310002.0,48.0341,13.8524,0.292461
4318002.0,48.0382,14.5516,1.68694
4326002.0,47.5649,15.0532,4.0163400000000005
4334002.0,47.8078,15.97,5.54533
4342002.0,48.4239,16.2087,8.56812
4350002.0,48.5475,15.9137,11.4067
4358002.0,48.6173,15.2204,14.0828
4366002.0,49.4731,15.3769,16.0278
4374002.0,0.5700689999999999,15.4937,17.5919
4382002.0,1.05562,15.7609,19.5269
4390002.0,1.7961200000000002,16.0788,22.2654
4398002.0,2.3745700000000003,16.5833,26.1485
4406002.0,2.9042,16.5648,29.625999999999998
4414002.0,3.0280099999999996,16.6819,32.552
4422002.0,3.0947400000000003,16.5903,35.3778
4430002.0,2.22503,16.0205,40.5514
4438002.0,2.5258599999999998,15.2249,44.2811
4446002.0,2.92545,14.216,46.6322
4454002.0,4.01451,13.6944,49.1864
4462002.0,4.6109,13.6116,2.5996
4470002.0,5.68562,12.5413,4.35185
4478002.0,6.6822,12.5243,6.30019
4486002.0,7.12833,12.1325,8.09657
4494002.0,7.797000000000001,12.1937,10.8773
4502002.0,9.017439999999999,12.7108,12.8872
4510002.0,9.41425,13.1006,14.6834
4518002.0,9.726360000000001,13.1161,15.015999999999998
4526002.0,10.9146,13.2535,16.6575
4534002.0,11.9887,13.6774,17.8083
4542002.0,11.9527,13.7174,19.5427
4550002.0,12.905,13.9887,21.7312
4558002.0,14.4926,13.7011,23.8994
4566002.0,15.2708,13.4817,25.8685
4574002.0,16.3898,13.3027,28.0323
4582002.0,17.4918,13.1797,30.2282
4590002.0,18.901,13.2957,31.5307
4598002.0,19.6928,13.2033,33.425
4606002.0,20.9962,13.1835,34.2596
4614002.0,21.5581,12.9591,35.7669
4622002.0,21.5854,12.5818,37.0738
4630002.0,22.6743,12.5629,38.3499
4638002.0,23.5902,12.4588,38.7578
4646002.0,24.249000000000002,12.5608,40.6842
4654002.0,25.033,12.308,41.9553
4662002.0,26.816999999999997,12.419,43.4829
4670002.0,27.4135,12.7276,45.1779
4678002.0,28.4731,13.0548,47.7644
4686002.0,29.4093,13.455,0.125416
4694002.0,31.1388,13.9021,4.40506
4702002.0,32.4008,14.0168,7.0007600000000005
4710002.0,34.1076,13.7824,9.10666
4718002.0,34.8624,13.5092,11.5337
4726002.0,34.946,13.8876,14.0562
4734002.0,36.4616,13.7205,16.2457
4742002.0,36.8381,13.9213,18.8918
4750002.0,36.8701,14.0769,21.4304
4758002.0,37.3185,14.2348,24.2399
4760002.0,37.2723,14.2905,24.8013
4768002.0,37.5326,13.7361,29.1666
4776002.0,39.1812,13.7603,30.3376
4784002.0,41.2903,13.4829,33.4755
4792002.0,42.3244,13.1272,35.5656
4800002.0,43.5489,12.6525,37.535
4808002.0,45.2227,12.7417,39.6731
4816002.0,46.6745,12.8621,42.4648
4824002.0,48.3229,12.9173,44.1151
4832002.0,49.001000000000005,12.944,46.0813
4840002.0,49.3737,12.979000000000001,47.5454
4848002.0,0.7465609999999999,13.5705,49.1508
4856002.0,2.43531,14.2522,2.11788
4864002.0,2.33035,14.1201,5.88746
4872002.0,4.58585,14.5606,9.2403
4880002.0,4.54694,14.6448,11.2557
4888002.0,5.05262,14.5999,13.0262
4896002.0,6.7649,14.7778,16.1312
4904002.0,8.34044,14.9708,17.1852
4912002.0,9.0514,15.1006,19.3079
4920002.0,11.7196,14.6472,22.7262
4928002.0,13.515,14.0468,25.3999
4936002.0,14.1022,14.5051,28.256
4944002.0,14.3841,14.5508,31.2803
4952002.0,14.9714,14.4713,34.2028
4960002.0,15.0567,14.3085,37.4592
4968002.0,15.3741,14.3851,40.2662
4976002.0,16.0316,14.4275,42.5884
4984002.0,16.8875,14.8973,44.8986
4992002.0,18.1725,14.744000000000002,47.7803
5000002.0,19.2634,15.1211,1.00407
5008002.0,19.0806,15.3437,4.6174800000000005
5016002.0,19.1609,15.9457,6.47267
5024002.0,19.0059,16.1888,9.583269999999999
5032002.0,19.1512,16.0696,13.2534
5040002.0,21.0456,15.7683,16.0663
5048002.0,21.5978,16.0179,18.0689
5056002.0,22.4534,15.8996,21.1655
5064002.0,24.1291,15.5442,24.1869
5072002.0,25.9744,15.5536,26.6202
5080002.0,26.9857,15.578,29.3152
5088002.0,27.6681,15.9523,33.2016
5096002.0,29.6453,16.2647,36.1761
5104002.0,31.7115,16.6993,40.7904
5112002.0,32.2532,16.4436,44.0427
5120002.0,32.8079,16.6488,48.1646
5128002.0,34.3768,16.4796,2.73346
5136002.0,34.4702,16.5753,5.84331
5144002.0,35.1275,16.7697,9.02416
5152002.0,35.434,16.9762,13.0777
5160002.0,36.5029,17.162,16.6973
5168002.0,37.5146,16.9779,20.5704
5176002.0,38.2167,17.079,24.9427
5184002.0,38.9268,17.1134,28.2213
5192002.0,39.4805,16.7317,31.0425
5200002.0,40.0648,16.3907,34.3842
5208002.0,40.797,16.4953,36.6151
5216002.0,41.4669,16.5045,40.3074
5224002.0,42.0192,16.5211,43.562
5232002.0,43.3224,16.3452,47.4359
5240002.0,44.2697,16.1854,1.03807
5248002.0,44.9024,16.4844,3.8141599999999998
5256002.0,45.1287,16.254,6.53709
5264002.0,45.3531,16.4021,10.3261
5272002.0,46.1922,16.1701,13.5288
5280002.0,47.3882,16.3526,17.6434
5288002.0,47.1266,16.2773,20.5237
5296002.0,47.6047,17.022000000000002,25.0962
5304002.0,48.2756,17.3174,28.8907
5312002.0,0.46738,18.1053,32.1246
5320002.0,0.139372,18.3708,35.6528
5328002.0,49.4848,18.6395,38.269
5336002.0,1.20411,18.8128,41.838
5344002.0,3.09669,18.8833,45.2241
5352002.0,3.95393,18.8757,48.59
5360002.0,4.4373,19.0248,1.31646
5368002.0,5.12259,19.218,5.46381
5376002.0,5.50309,19.6984,8.870289999999999
5384002.0,6.6223399999999994,19.932000000000002,13.2215
5392002.0,6.804880000000001,19.7113,15.9138
5400002.0,7.2796899999999996,19.7018,19.882
5408002.0,7.60124,18.9891,22.9412
5416002.0,8.77904,18.8574,27.1738
5424002.0,9.07718,18.8681,30.6485
5432002.0,9.553939999999999,18.6405,33.7068
5440002.0,10.9715,18.4983,36.119
5448002.0,11.5058,18.57,39.8522
5456002.0,11.9505,18.1289,44.0188
5464002.0,12.613,18.422,48.3609
5472002.0,12.171,18.0626,3.01587
5480002.0,12.798,18.179000000000002,6.55311
5488002.0,13.4747,17.9688,9.608460000000001
5496002.0,14.3194,18.1888,12.8621
5504002.0,14.7644,18.0557,16.3395
5512002.0,15.5646,18.4911,18.9825
5520002.0,16.4606,18.91,22.3558
5528002.0,17.7868,19.0954,25.5784
5536002.0,18.7701,19.4149,28.0856
5544002.0,19.2945,19.8804,30.8947
5552002.0,19.7348,19.8759,34.0346
5560002.0,20.1949,19.9305,38.018
5568002.0,21.6072,20.1739,41.6451
5576002.0,22.1173,20.3029,44.0523
5584002.0,22.2073,21.1842,48.0787
5592002.0,22.8762,21.7258,2.61646
5600002.0,23.3532,21.8986,6.85504
5608002.0,23.6842,22.394000000000002,10.306
5616002.0,24.1702,22.4693,13.6657
5624002.0,24.7123,22.3637,16.6234
5632002.0,25.9816,22.7546,20.4927
5640002.0,28.2774,22.4378,24.5296
5648002.0,29.9871,22.2992,28.8148
5656002.0,30.5487,22.303,33.5017
5664002.0,30.4613,22.714000000000002,37.5832
5672002.0,31.6958,23.2845,40.8078
5680002.0,32.7188,23.4355,44.0041
5688002.0,33.1984,24.2383,47.2388
5696002.0,34.0986,25.5878,49.4789
5704002.0,36.3413,25.3237,5.08597
5712002.0,37.2703,25.0021,8.6991
5720002.0,37.3607,24.7406,12.9811
5728002.0,37.8769,24.3365,17.0232
5736002.0,38.8685,24.5277,21.0689
5744002.0,39.7497,24.8376,26.0799
5752002.0,39.6963,25.266,30.3034
5760002.0,40.1276,25.2844,34.6259
5768002.0,41.8987,25.3927,38.2069
5776002.0,43.4965,25.6411,42.7395
5784002.0,43.518,25.5279,47.2238
5792002.0,43.7686,25.908,1.9996599999999998
5800002.0,44.3239,26.0059,6.77071
5808002.0,46.4254,26.3352,11.0042
5816002.0,48.7868,26.0552,15.6589
5824002.0,48.8763,26.2285,18.9896
5832002.0,49.0376,26.6268,22.0364
5840002.0,49.4244,26.7652,26.1836
5848002.0,1.81611,27.1147,29.9771
5856002.0,2.3487400000000003,27.5488,34.6447
5864002.0,4.50948,28.0252,38.347
5872002.0,5.13705,28.0643,42.4568
5880002.0,5.06602,28.4525,46.6622
5888002.0,5.868609999999999,28.8496,1.9050200000000002
5896002.0,6.7386,28.8809,6.0928
5904002.0,7.732710000000001,28.7548,10.6015
5912002.0,8.56391,28.4581,14.9946
5920002.0,8.64601,28.9085,19.5261
5928002.0,9.17287,28.9579,23.2053
5936002.0,8.73409,29.1259,28.1021
5944002.0,9.479519999999999,29.2257,33.0801
5952002.0,9.30819,29.0412,37.4906
5960002.0,9.78132,28.9203,41.7333
5968002.0,10.7444,28.8303,45.8741
5976002.0,10.9219,28.7634,1.2394
5984002.0,12.0442,28.9799,5.72614
5992002.0,12.937999999999999,28.9874,10.3293
6000002.0,13.2603,28.5215,14.8637
6008002.0,13.6053,28.1674,19.748
6016002.0,14.4499,27.9252,22.9539
6024002.0,14.7914,28.0338,27.5609
6032002.0,15.1037,27.9238,32.1411
6040002.0,15.8768,26.7709,36.7861
6048002.0,16.4786,26.5612,40.6457
6056002.0,16.889,26.0523,45.4179
6064002.0,18.1083,26.0258,1.28092
6072002.0,18.1271,25.9834,5.722580000000001
6080002.0,19.2269,26.0506,9.91392
6088002.0,19.7859,26.2066,13.9077
6096002.0,20.6861,26.2023,17.4211
6104002.0,21.3019,26.6319,21.9995
6112002.0,22.2092,26.5533,26.7284
6120002.0,22.6424,26.6071,31.0097
6128002.0,22.5994,26.8971,35.8551
6136002.0,22.8316,27.3106,40.3682
6144002.0,22.994,27.5888,45.2723
6152002.0,23.2824,27.4934,0.500452
6160002.0,23.6055,27.4341,5.164680000000001
6168002.0,24.2642,27.7203,9.73811
6176002.0,24.6015,27.7554,14.7523
6184002.0,24.9606,27.6558,18.6175
6192002.0,25.3815,27.201999999999998,22.5281
6200002.0,26.1675,27.2031,26.449
6208002.0,26.6978,26.9536,30.6437
6216002.0,27.0724,26.6854,35.6849
6224002.0,28.070999999999998,26.9836,40.3866
6232002.0,28.881999999999998,26.8683,44.5727
6240002.0,30.0183,27.1158,49.3968
6248002.0,31.2799,26.9333,4.7477599999999995
6256002.0,32.7413,26.5897,9.08939
6264002.0,34.0752,27.0012,13.8614
6272002.0,34.8383,26.8473,17.6658
6280002.0,35.329,26.699,21.9995
6288002.0,35.8184,26.7941,26.6531
6296002.0,36.486999999999995,27.0166,30.7178
6304002.0,37.6738,27.1923,34.7775
6312002.0,39.0896,27.8918,39.6877
6320002.0,40.5722,27.7707,43.717
6328002.0,42.5073,27.6399,48.5509
6336002.0,43.5831,27.2767,3.27046
6344002.0,44.0652,27.4135,8.08492
6352002.0,43.8797,27.5429,12.7878
6360002.0,44.8374,27.8907,17.1373
6368002.0,45.3941,27.8465,21.9999
6376002.0,45.9612,27.5907,26.9901
6384002.0,46.2805,27.7771,31.8127
6392002.0,46.4634,27.3386,35.9942
6400002.0,46.8259,27.3757,40.7586
6408002.0,47.1124,27.3219,45.5049
6416002.0,47.6236,26.9029,0.405168
6424002.0,48.0278,26.822,4.15206
6432002.0,47.8551,26.3848,8.52036
6440002.0,47.4906,26.4269,12.6978
6448002.0,47.7208,26.463,16.774
6456002.0,48.4748,26.305999999999997,20.7681
6464002.0,49.398999999999994,26.1783,24.8064
6472002.0,0.0774194,26.8576,30.3109
6480002.0,0.34474299999999997,26.7595,34.9561
6488002.0,0.8319639999999999,27.0103,39.2794
6496002.0,0.47342,26.9485,43.5212
6504002.0,1.44923,26.8103,47.943000000000005
6512002.0,2.29285,27.1145,3.04935
6520002.0,3.12278,28.0917,6.81197
6528002.0,3.6304800000000004,28.3125,11.5703
6536002.0,4.2655,28.5562,16.0111
6544002.0,4.46419,28.0582,19.3568
6552002.0,5.10041,28.0273,23.0124
6560002.0,6.32271,28.2552,27.767
6568002.0,8.20364,27.9758,30.947
6576002.0,9.49509,28.0859,35.2074
6584002.0,10.6758,28.1109,40.1385
6592002.0,12.0013,28.1417,44.8511
6600002.0,13.2783,28.0589,48.1122
6608002.0,14.866,28.3878,1.6449
6616002.0,16.8438,29.0405,4.5128699999999995
6624002.0,19.5075,29.2513,8.22488
6632002.0,21.7915,29.8017,11.7284
6640002.0,22.2005,30.1619,16.8464
6648002.0,23.8339,29.5747,20.5352
6656002.0,25.8361,29.6505,24.5462
6664002.0,26.9768,29.3195,28.0423
6672002.0,28.8788,29.2973,32.7324
6680002.0,29.7037,29.7999,37.7628
6688002.0,30.1589,30.0056,42.3139
6696002.0,32.2901,30.3891,46.2798
6704002.0,33.8029,30.208000000000002,1.55926
6712002.0,35.691,30.2493,5.2245099999999995
6720002.0,37.2549,29.5076,9.05913
6728002.0,39.296,29.5042,12.2382
6736002.0,41.1077,30.0924,15.9423
6744002.0,41.696000000000005,30.4824,21.0578
6752002.0,43.8138,30.677,25.8912
6760002.0,44.5483,31.3162,30.3728
6768002.0,44.8559,31.4854,35.156
6776002.0,45.2991,31.2141,40.3904
6784002.0,46.7259,30.9904,45.4195
6792002.0,47.4928,31.1259,0.449323
6800002.0,48.2166,31.3085,4.55959
6808002.0,48.5406,31.1736,9.07635
6816002.0,48.9036,31.1758,13.8978
6824002.0,0.771874,30.7471,18.281
6832002.0,2.20112,30.558000000000003,23.266
6840002.0,2.81186,30.4829,28.4889
6848002.0,3.5853,30.2256,32.6965
6856002.0,3.75501,30.2211,37.7334
6864002.0,3.9318699999999995,30.4633,42.3827
6872002.0,4.52497,30.528000000000002,46.8126
6880002.0,5.83114,31.3683,1.9314099999999998
6888002.0,6.559710000000001,31.4731,6.633430000000001
6896002.0,7.81319,31.4845,10.505999999999998
6904002.0,9.34816,31.0367,16.0657
6912002.0,11.7405,30.7074,20.9898
6920002.0,13.4776,30.2411,25.86
6928002.0,15.0093,30.035,31.0516
6936002.0,15.3238,29.8769,34.4593
6944002.0,17.5548,29.5338,37.8626
6952002.0,20.274,29.3261,41.3325
6960002.0,22.2487,28.8282,43.8461
6968002.0,23.4612,28.2558,47.0694
6976002.0,25.1125,27.8589,1.95356
6984002.0,26.32,27.7812,6.824610000000001
6992002.0,27.3894,28.3153,11.6381
7000002.0,28.2253,28.278000000000002,14.8277
7008002.0,29.8088,28.631999999999998,18.5129
7016002.0,30.6431,28.7389,23.0752
7024002.0,30.5628,28.6958,27.6021
7032002.0,31.5254,28.526,31.4697
7040002.0,32.1701,28.4102,34.8746
7048002.0,33.3318,28.4334,38.8215
7056002.0,34.2858,28.7151,42.6292
7064002.0,36.4944,28.7992,45.4267
7072002.0,38.5333,28.3516,48.6406
7080002.0,39.3789,28.4899,3.01552
7088002.0,39.1926,28.7195,6.452319999999999
7096002.0,38.8539,28.8226,9.25527
7104002.0,39.2263,28.1749,11.8812
7112002.0,38.8528,28.1579,16.8713
7120002.0,41.2159,28.578000000000003,20.3976
7128002.0,40.434,28.6036,24.2178
7136002.0,41.6037,28.3017,28.3679
7144002.0,40.9397,29.456,31.6541
7152002.0,41.1455,29.4765,36.1026
7160002.0,43.7303,28.6085,39.6175
7168002.0,44.2453,28.3729,43.4743
7176002.0,45.9618,28.195999999999998,47.6859
7184002.0,48.0899,28.0787,2.08431
7192002.0,46.8894,27.739,5.83479
7200002.0,48.8289,27.4202,10.7988
7204002.0,47.8842,27.0478,11.9178
7212002.0,1.9445700000000001,27.5177,16.311
7220002.0,3.2232,28.0686,18.5766
7228002.0,5.387630000000001,27.4895,22.682
7236002.0,5.91355,27.8626,26.8856
7244002.0,6.82159,28.2095,30.8542
7252002.0,6.777539999999999,27.8957,35.3214
7260002.0,7.6200600000000005,27.4229,38.7962
7268002.0,7.777260000000001,27.4344,42.6845
7276002.0,8.68816,27.3907,45.4025
7284002.0,8.60318,27.6754,0.705902
7292002.0,9.94886,27.4281,3.6973599999999998
7300002.0,11.5411,27.2862,7.23278
7308002.0,12.9098,27.4951,10.9098
7316002.0,13.4216,27.4211,13.6564
7324002.0,13.5406,27.5483,16.851
7332002.0,13.7349,27.7332,22.1521
7340002.0,14.3285,28.5679,25.0101
7348002.0,14.4057,28.8802,28.116999999999997
7356002.0,15.0487,29.1459,30.6733
7364002.0,16.3459,29.2191,33.5576
7372002.0,16.9955,29.464000000000002,36.874
7380002.0,17.6749,29.3596,40.4138
7388002.0,17.7595,29.1135,44.7359
7396002.0,18.4563,28.8955,48.3967
7404002.0,19.2182,28.9699,3.25575
7412002.0,19.7412,29.0742,6.71356
7420002.0,19.8632,29.1436,11.2455
7428002.0,20.3469,29.0829,15.5899
7436002.0,20.6763,28.4061,20.5488
7444002.0,20.4515,28.7644,24.9033
7452002.0,20.8352,28.781999999999996,29.684
7460002.0,20.951,29.2906,33.8004
7468002.0,21.4949,29.4482,38.4805
7476002.0,22.0497,29.2894,42.3132
7484002.0,22.5615,28.9412,46.9159
7492002.0,23.2755,29.1744,1.0684799999999999
7500002.0,24.0785,29.7711,5.43588
7508002.0,25.6053,29.5284,9.12841
7516002.0,26.3555,29.2399,14.4227
7524002.0,26.4905,28.8223,19.1801
7532002.0,26.6414,28.6556,23.6179
7540002.0,26.7014,28.3911,27.9528
7548002.0,26.7601,28.1554,30.4128
7556002.0,27.255,28.5181,35.4806
7564002.0,27.0466,28.1539,39.3441
7572002.0,27.3838,28.224,43.3684
7580002.0,27.3032,28.2049,47.9506
7588002.0,27.2678,28.0748,3.14305
7596002.0,27.654,28.4258,7.134710000000001
7604002.0,28.3024,28.0401,10.9002
7612002.0,28.7723,28.4094,15.7563
7620002.0,29.2562,28.2163,19.8279
7628002.0,29.7025,28.2497,24.1647
7636002.0,30.9326,28.0469,27.6698
7644002.0,31.7544,28.2046,31.2245
7652002.0,32.1637,27.927,34.7333
7660002.0,32.9435,27.8599,38.3008
7668002.0,34.3003,27.9194,43.1596
7676002.0,34.7144,27.6799,48.1321
7684002.0,35.1422,28.0551,2.76119
7692002.0,36.3576,28.2472,7.4668600000000005
7700002.0,36.954,28.9192,11.657
7708002.0,37.0163,29.1735,16.0514
7716002.0,37.8926,29.6516,19.9389
7724002.0,38.8011,30.7224,24.5562
7732002.0,40.2045,30.4658,29.6152
7740002.0,42.1655,30.9977,34.3311
7748002.0,42.5815,31.6725,38.5766
7756002.0,43.3553,31.9162,42.8262
7764002.0,43.2941,31.8685,47.0875
7772002.0,42.9818,32.099000000000004,1.66697
7780002.0,43.5538,32.1448,6.57302
7788002.0,43.3673,32.5105,11.4742
7796002.0,44.4578,32.5525,15.9391
7804002.0,44.5922,32.5057,20.3989
7812002.0,45.1186,32.6062,25.7064
7820002.0,45.3153,32.7041,30.1239
7828002.0,46.6122,33.1879,34.8931
7836002.0,46.813,33.8591,39.4779
7844002.0,47.332,34.1139,44.0257
7852002.0,47.0587,34.3261,49.1128
7860002.0,47.2727,34.1287,4.14078
7868002.0,47.3241,33.9088,9.36796
7876002.0,47.9179,34.2504,14.2022
7884002.0,48.9681,34.336,18.7125
7892002.0,0.463797,34.0598,23.6814
7900002.0,1.07766,33.9423,28.2242
7908002.0,1.3584399999999999,33.68,32.4521
7916002.0,1.3566200000000002,33.703,37.7897
7924002.0,1.88028,33.4157,42.6819
7932002.0,2.23199,33.2585,46.586999999999996
7940002.0,2.71162,33.0164,1.24799
7948002.0,3.1736400000000002,33.3907,5.27148
7956002.0,3.61752,33.6718,9.284289999999999
7964002.0,3.5378199999999995,33.5495,13.732999999999999
7972002.0,3.29328,33.7212,17.9296
7980002.0,3.18202,33.4243,22.2142
7988002.0,3.02832,33.9136,26.146
7996002.0,2.95473,33.562,29.5766
