2.0,10.6424,18.2471,18.9355
8002.0,16.506,18.3223,21.982
16002.0,19.1817,18.3788,24.7212
24002.0,18.0731,18.4876,28.0984
32002.0,18.6639,18.422,30.9012
40002.0,19.6785,18.151,33.1628
48002.0,20.1402,18.2687,36.8675
56002.0,20.9358,18.0507,40.1762
64002.0,19.5023,17.9604,42.9412
72002.0,20.5035,18.2497,45.2684
80002.0,20.7068,17.9,47.6275
88002.0,21.0185,17.8445,1.7109299999999998
96002.0,21.0959,17.6479,5.17325
104002.0,21.5574,17.643,8.18661
112002.0,22.1912,17.7595,9.79818
120002.0,23.0808,17.9808,11.7339
128002.0,23.6797,17.4573,14.6379
136002.0,24.857,17.2082,18.1091
144002.0,25.2211,17.3796,20.2605
152002.0,26.3185,17.5739,22.0985
160002.0,29.6761,17.3719,23.3358
168002.0,29.9393,16.8866,24.5584
176002.0,29.8155,16.4729,26.7703
184002.0,29.7297,16.6206,29.1045
192002.0,29.3975,16.4206,31.9517
200002.0,30.5279,15.7806,34.8879
208002.0,31.3902,15.3518,37.4204
216002.0,31.6904,15.345,41.0116
224002.0,32.2076,15.004000000000001,45.0172
232002.0,33.43,14.3931,49.0963
240002.0,33.8873,14.0747,3.0182599999999997
248002.0,34.4249,13.9347,5.97425
256002.0,35.5026,13.4455,9.43318
264002.0,35.946,13.1255,12.325999999999999
272002.0,37.3964,13.0031,15.22
280002.0,38.1005,12.8135,17.6698
288002.0,39.1754,12.3272,20.5692
296002.0,39.1682,12.6036,23.5733
304002.0,40.0458,12.4505,26.8019
312002.0,41.4278,12.1525,29.0505
320002.0,42.9125,12.8697,31.6666
328002.0,44.3904,13.7296,34.8703
336002.0,44.9196,13.8783,38.1902
344002.0,45.7522,13.5694,41.9891
352002.0,46.0462,13.4269,44.4875
360002.0,47.9455,13.1705,46.699
368002.0,0.0223313,13.2252,48.2944
376002.0,0.770679,13.2648,1.2859200000000002
384002.0,1.97,13.2487,2.69392
392002.0,3.39954,13.2792,5.15298
400002.0,3.8544,13.046,8.94545
408002.0,4.5056400000000005,13.0413,12.7633
416002.0,4.95148,12.863,15.4102
424002.0,5.91,12.9973,19.1871
432002.0,6.5035099999999995,13.4785,21.4442
440002.0,7.06615,13.5574,24.9435
448002.0,7.58683,13.6932,28.605999999999998
456002.0,8.38598,13.8522,31.5282
464002.0,8.79946,13.9847,33.6509
472002.0,9.633339999999999,13.9153,38.0472
480002.0,10.8256,14.0613,40.4783
488002.0,12.0765,14.7228,42.1601
496002.0,14.0828,14.8204,45.0837
504002.0,14.1736,15.2645,48.4202
512002.0,14.5303,15.862,2.3061599999999998
520002.0,15.9553,15.7169,5.454680000000001
528002.0,16.873,15.7956,8.921489999999999
536002.0,18.0188,15.752,11.8387
544002.0,20.8347,16.0935,14.5274
552002.0,25.5073,17.3167,17.9095
560002.0,29.4457,18.8214,21.9553
568002.0,29.199,19.1567,24.3157
576002.0,29.1952,18.9705,28.6522
584002.0,29.6915,19.0002,33.1696
592002.0,30.085,19.5995,35.9776
600002.0,30.5289,19.0548,39.5708
608002.0,31.3244,18.9241,42.662
616002.0,33.0627,18.7421,46.8573
624002.0,33.8266,18.1984,1.42907
632002.0,34.1122,17.7524,5.170030000000001
640002.0,35.0288,17.3379,8.51783
648002.0,35.5323,17.2836,10.405999999999999
656002.0,35.9031,17.2446,13.4678
664002.0,36.5328,16.8977,16.5205
672002.0,37.0037,16.5533,20.0669
680002.0,37.7923,16.8549,23.3924
688002.0,38.7421,16.7581,26.8304
696002.0,39.9641,17.4176,28.8083
704002.0,39.4692,16.7485,32.5663
712002.0,40.0179,16.5595,36.9607
720002.0,42.2639,16.639,39.6631
728002.0,42.4981,16.3784,42.1859
736002.0,42.52,15.795,44.1903
744002.0,44.4646,15.5295,46.5084
752002.0,44.3949,14.7845,49.1473
760002.0,45.5076,14.0121,3.68549
768002.0,46.4986,13.6902,6.88484
776002.0,47.338,13.1651,11.3736
784002.0,47.1164,12.9411,13.8821
792002.0,48.9682,12.6908,16.4713
800002.0,49.3745,12.5479,19.6158
808002.0,0.370727,12.6394,22.1953
816002.0,1.1920600000000001,12.6606,25.1006
824002.0,1.02748,12.5398,26.8809
832002.0,1.72727,12.5774,30.6705
840002.0,2.26913,12.76,33.5003
848002.0,2.91107,12.3384,35.2691
856002.0,5.0050300000000005,11.9251,37.8686
864002.0,6.72935,11.5544,39.4091
872002.0,7.019139999999999,11.4142,41.2672
880002.0,8.10143,10.802,44.3142
888002.0,8.57199,10.3383,47.0688
896002.0,10.1652,10.1815,0.874184
904002.0,9.9752,10.2833,4.13069
912002.0,11.4888,10.1112,5.8319
920002.0,11.7692,9.87417,9.08215
928002.0,11.8675,9.880510000000001,11.4219
936002.0,12.0925,9.07824,12.9274
944002.0,12.1152,8.63918,14.2109
952002.0,13.9918,8.598930000000001,15.8161
960002.0,14.3322,8.49876,17.7003
968002.0,15.0255,8.32513,19.2718
976002.0,15.7656,8.36625,20.8723
984002.0,16.4378,8.24522,22.9311
992002.0,16.7902,7.9503,23.3797
1000002.0,17.9592,7.7265,23.9761
1008002.0,18.8983,7.2493,24.881999999999998
1016002.0,19.8109,6.86485,26.4284
1024002.0,20.3411,6.76577,27.9883
1032002.0,20.4039,6.33945,29.276999999999997
1040002.0,20.9017,6.41615,31.1388
1048002.0,20.3706,5.59309,33.2848
1056002.0,22.0877,5.36874,33.111
1064002.0,22.8306,5.04882,34.9096
1072002.0,23.3333,5.1685,36.6742
1080002.0,24.5358,5.3448400000000005,37.7604
1088002.0,24.7137,5.501530000000001,39.3372
1096002.0,26.7332,5.64839,39.8209
1104002.0,26.9658,5.58,40.9904
1112002.0,27.026999999999997,5.96462,43.3096
1120002.0,27.4624,6.23948,44.99
1128002.0,27.6801,6.4701,45.9785
1136002.0,28.7662,7.00475,47.3728
1144002.0,29.252,7.19347,48.4176
1152002.0,31.7077,7.7860000000000005,1.93754
1160002.0,31.0049,8.029060000000001,2.61217
1168002.0,31.1867,8.31708,4.54084
1176002.0,31.447,8.16818,6.04685
1184002.0,31.5971,8.316889999999999,6.83679
1192002.0,32.1979,8.909130000000001,7.48573
1200002.0,32.8337,9.56603,8.75859
1208002.0,34.1545,9.833969999999999,11.125
1216002.0,35.8443,9.830810000000001,12.5442
1224002.0,37.1328,9.73653,15.45
1232002.0,38.2648,9.379480000000001,17.4939
1240002.0,38.7234,9.77356,19.9879
1248002.0,38.6651,10.0515,22.6161
1256002.0,39.0633,10.4185,23.9129
1264002.0,39.288000000000004,10.4514,26.1252
1272002.0,39.5276,10.8304,29.2005
1280002.0,40.6886,11.8704,32.2333
1288002.0,41.2262,12.6523,33.7394
1296002.0,41.1425,13.2153,36.9886
1304002.0,42.4641,13.4713,38.8086
1312002.0,42.9878,13.6895,41.7325
1320002.0,44.3012,13.4881,44.3158
1328002.0,45.0944,13.3164,46.5521
1336002.0,46.1035,13.811,48.9734
1344002.0,47.2678,13.8006,1.78565
1352002.0,48.4712,13.7853,5.78386
1360002.0,49.0656,13.4749,8.54084
1368002.0,0.584124,12.8098,11.1988
1376002.0,1.96308,12.5387,14.3106
1384002.0,2.50849,12.7214,16.1656
1392002.0,4.3291900000000005,12.5986,18.5523
1400002.0,6.27856,12.7473,22.0764
1408002.0,7.5458,12.8532,24.5579
1416002.0,7.13595,13.0444,26.3751
1424002.0,7.98676,13.3541,30.4635
1432002.0,8.78315,13.2507,34.2043
1440002.0,11.2893,13.3714,38.0937
1448002.0,11.8681,13.9659,40.7164
1456002.0,12.4082,13.828,43.2551
1464002.0,12.8279,14.1316,44.786
1472002.0,13.943,14.2775,48.1061
1480002.0,14.7935,15.0153,1.31756
1488002.0,15.3575,15.5328,4.46274
1496002.0,15.2735,15.2275,7.96392
1504002.0,16.6394,15.1978,11.1913
1512002.0,18.1437,15.2103,15.4641
1520002.0,18.7004,15.1902,18.3173
1528002.0,19.9889,14.9831,22.8
1536002.0,20.3872,15.1897,24.5328
1544002.0,21.363000000000003,14.9847,27.2852
1552002.0,23.609,14.7335,29.2288
1560002.0,24.0871,14.7833,32.8786
1568002.0,24.5417,14.2997,36.2665
1576002.0,24.4132,14.6885,39.173
1584002.0,24.5832,15.084000000000001,42.8479
1592002.0,24.6578,15.2003,45.7528
1600002.0,25.712,15.0648,49.0885
1608002.0,25.4388,14.8301,2.9226799999999997
1616002.0,26.5384,14.6298,5.98187
1624002.0,27.0911,14.79,9.53529
1632002.0,27.7762,14.8553,12.8864
1640002.0,29.4629,15.154000000000002,16.5395
1648002.0,31.4301,15.4857,18.9611
1656002.0,32.7417,15.7751,22.0875
1664002.0,35.2836,16.7864,25.8302
1672002.0,36.1117,15.4847,29.1973
1680002.0,36.5209,15.235999999999999,32.2428
1688002.0,36.4805,15.5845,35.664
1696002.0,36.5586,15.8463,38.650999999999996
1704002.0,37.1919,15.9798,42.0116
1712002.0,37.1539,16.3676,45.9793
1720002.0,38.8323,16.284000000000002,48.1079
1728002.0,39.9815,16.1728,1.4357799999999998
1736002.0,39.3458,15.9615,4.19897
1744002.0,38.6803,16.0618,8.10392
1752002.0,38.4461,15.9876,9.60893
1760002.0,38.6525,15.6283,14.152999999999999
1768002.0,39.2789,15.6436,16.6409
1776002.0,39.4865,15.0889,19.9322
1784002.0,39.7879,14.776,22.6068
1792002.0,39.9238,13.148,24.1756
1800002.0,41.257,12.786,26.8657
1808002.0,42.4117,12.8141,29.0105
1816002.0,43.7035,12.6811,29.9695
1824002.0,44.1911,12.1441,32.1264
1832002.0,45.3853,11.82,34.0216
1840002.0,48.9594,11.4691,35.7225
1848002.0,49.1371,11.2285,37.4904
1856002.0,0.160206,10.3783,39.1339
1864002.0,0.557048,10.1126,40.6602
1872002.0,1.29159,10.2837,42.0509
1880002.0,0.975295,10.1987,43.8152
1888002.0,2.3957,10.068,44.6585
1896002.0,3.31371,9.93902,46.6215
1904002.0,3.61102,10.0266,48.0358
1912002.0,4.16108,10.389000000000001,0.5582520000000001
1920002.0,4.2636199999999995,10.5524,3.4311
1928002.0,5.26764,10.7006,5.88976
1936002.0,4.57572,10.9494,7.91642
1944002.0,4.78501,10.4272,9.55264
1952002.0,4.83973,10.3403,12.2484
1960002.0,3.85221,10.6996,14.572000000000001
1968002.0,3.95515,11.0329,16.6305
1976002.0,3.97615,11.3138,18.2437
1984002.0,4.49366,10.9548,20.5654
1992002.0,4.9842900000000006,10.9431,22.6423
2000002.0,5.79373,11.2472,24.9199
2008002.0,7.3959399999999995,11.2348,28.1016
2016002.0,8.7761,11.722000000000001,31.471
2024002.0,9.40704,12.0879,33.2374
2032002.0,10.3401,11.958,35.0079
2040002.0,12.0152,12.2816,37.1455
2048002.0,13.6229,12.1435,40.5072
2056002.0,16.0189,11.7201,42.8132
2064002.0,17.3178,11.0395,44.2941
2072002.0,19.1564,11.2606,45.6823
2080002.0,19.742,11.1769,46.7914
2088002.0,20.2186,11.179,47.3541
2096002.0,20.888,11.4149,49.1089
2104002.0,22.3138,11.6948,1.39258
2112002.0,23.9933,10.9416,3.9163300000000003
2120002.0,24.101999999999997,11.8107,6.20399
2128002.0,24.1689,11.800999999999998,7.273969999999999
2136002.0,25.0181,11.7652,9.20133
2144002.0,25.3938,11.5873,12.3252
2152002.0,26.0668,11.0309,14.2168
2160002.0,26.6395,10.6457,16.8526
2168002.0,27.6373,10.2857,18.8945
2176002.0,27.6931,9.84295,20.5095
2184002.0,28.2054,9.52171,20.9649
2192002.0,28.319000000000003,9.51014,21.4615
2200002.0,28.1089,9.60983,22.4722
2208002.0,28.7174,9.78285,23.5755
2216002.0,29.9649,9.9072,24.6287
2224002.0,30.7746,9.79927,26.418000000000003
2232002.0,31.0325,9.76919,27.8985
2240002.0,31.1648,9.845130000000001,29.9122
2248002.0,31.5222,9.92962,31.5619
2256002.0,31.5954,9.92849,32.2425
2264002.0,31.4172,10.2189,32.7974
2272002.0,31.3174,10.2966,35.4977
2280002.0,31.4312,10.5828,37.7196
2288002.0,31.7006,11.0614,40.6893
2296002.0,32.6135,11.3266,43.3497
2304002.0,33.9261,11.6218,46.284
2312002.0,34.2123,11.6737,48.5878
2320002.0,35.8341,11.7644,0.9967959999999999
2328002.0,36.2313,11.8364,2.48275
2336002.0,36.0404,11.9757,4.32295
2344002.0,37.3461,11.7353,6.7583
2352002.0,36.9675,11.8215,9.66647
2360002.0,38.2047,11.7323,11.6022
2368002.0,38.6997,11.7836,14.9686
2376002.0,38.0127,12.1011,17.625999999999998
2384002.0,38.7441,12.9394,20.5401
2392002.0,39.8435,13.2401,23.2
2400002.0,39.281,12.5824,24.7451
2408002.0,39.4762,11.7785,27.2453
2414002.0,40.5608,11.4762,30.107
2422002.0,41.8092,14.2273,36.7767
2430002.0,44.45,14.4688,38.0454
2438002.0,47.1086,14.3526,41.5825
2446002.0,48.1135,14.1246,43.8627
2454002.0,48.4096,14.5554,45.9794
2462002.0,0.18118099999999998,14.8352,48.542
2470002.0,0.8572649999999999,15.0623,0.645073
2478002.0,2.03553,15.5802,3.8373
2486002.0,3.20922,15.7282,6.596839999999999
2494002.0,4.07599,15.465,9.14777
2502002.0,4.34364,15.85,11.5809
2510002.0,6.42619,15.5024,14.8832
2518002.0,6.917039999999999,15.582,17.4906
2526002.0,8.97677,15.2215,19.3366
2534002.0,10.3153,15.0745,21.5441
2542002.0,10.373,15.2652,25.3191
2550002.0,10.7616,15.1955,28.4856
2558002.0,11.6503,15.0356,31.2766
2566002.0,12.4284,14.2122,33.5107
2574002.0,12.6515,13.8702,35.5563
2582002.0,12.8753,14.0622,37.7301
2590002.0,15.0827,14.265999999999998,40.8895
2598002.0,17.0173,14.0615,44.4224
2606002.0,18.2441,14.5398,47.9725
2614002.0,19.5849,14.1115,1.03152
2622002.0,20.2879,14.3152,4.479019999999999
2630002.0,21.3101,14.5165,7.59633
2638002.0,21.7423,14.5683,10.5949
2646002.0,22.2035,14.5316,14.8366
2654002.0,23.5223,14.0984,18.3186
2662002.0,23.6888,14.8173,21.1413
2670002.0,24.0035,14.8837,25.1498
2678002.0,25.5425,15.4638,29.9409
2686002.0,28.1819,16.2358,32.6633
2694002.0,29.7434,16.7518,34.9481
2702002.0,31.2538,17.4914,38.0755
2710002.0,32.3912,17.1785,42.0244
2718002.0,33.7585,17.1119,45.5453
2726002.0,33.8904,17.3782,47.0018
2734002.0,34.6324,17.4962,0.618343
2742002.0,36.0403,17.4895,3.35039
2750002.0,37.9516,17.9332,6.937069999999999
2758002.0,39.2138,18.9838,11.1447
2766002.0,39.3728,18.6141,15.2238
2774002.0,39.6409,18.9044,18.2173
2782002.0,40.7755,18.3931,21.1832
2790002.0,39.5874,18.4755,25.568
2798002.0,39.8745,17.9383,29.5656
2806002.0,41.6961,18.1846,33.6162
2814002.0,40.0051,17.3393,39.0292
2822002.0,40.8317,17.5609,41.547
2830002.0,41.7716,17.7679,43.7818
2838002.0,43.0415,18.0517,45.8793
2846002.0,44.8688,17.9743,48.653999999999996
2854002.0,46.2035,17.9437,2.98069
2862002.0,47.2188,17.9453,6.45632
2870002.0,48.0128,17.9981,9.43879
2878002.0,48.7013,18.3493,12.2624
2886002.0,0.07359689999999999,18.4261,14.9999
2894002.0,0.856188,18.4351,17.2184
2902002.0,2.7262,18.2807,19.7879
2910002.0,3.41426,18.117,22.4676
2918002.0,2.64815,18.1489,24.5485
2926002.0,2.86004,17.9908,29.9274
2934002.0,3.1484400000000003,18.4125,34.361
2942002.0,3.49435,18.1169,38.5332
2950002.0,3.82389,18.092,42.5437
2958002.0,4.34479,18.2266,45.8881
2966002.0,4.72962,18.2259,0.0870024
2974002.0,4.91599,18.38,3.4055699999999995
2982002.0,5.72978,18.3101,7.70947
2990002.0,6.652139999999999,17.8876,11.2835
2998002.0,6.957330000000001,18.2345,14.1388
3006002.0,8.59532,18.4056,16.7318
3014002.0,9.62866,18.1512,20.4853
3022002.0,10.79,18.2816,22.8369
3030002.0,11.7623,18.7677,27.3913
3038002.0,12.1074,18.7514,30.8235
3046002.0,13.0702,18.1091,34.5191
3054002.0,14.8929,18.1246,37.6322
3062002.0,15.3696,18.3447,40.4862
3070002.0,16.0165,18.4397,44.373000000000005
3078002.0,15.865,18.1868,47.5084
3086002.0,16.6484,18.2163,1.90357
3094002.0,18.0916,18.7398,5.478280000000001
3102002.0,19.1942,19.1027,9.16565
3110002.0,20.9666,19.453,13.2253
3118002.0,21.9624,19.4149,17.0551
3126002.0,23.2345,19.4062,21.1066
3134002.0,25.104,19.4433,25.2081
3142002.0,25.334,19.0747,28.4522
3150002.0,26.4675,19.4435,31.4302
3158002.0,29.8971,19.63,34.9496
3166002.0,31.3018,19.8044,37.5326
3174002.0,32.7586,19.9759,39.5698
3182002.0,34.2285,20.0999,43.5818
3190002.0,36.0117,20.1743,47.105
3198002.0,36.6509,20.3563,1.88208
3206002.0,38.6977,20.1658,5.25571
3214002.0,40.0016,19.6998,7.26222
3222002.0,42.108999999999995,19.4559,11.0886
3230002.0,44.1511,19.5453,14.6693
3238002.0,44.8768,19.4123,18.5549
3246002.0,45.2014,19.0462,22.0555
3254002.0,45.851000000000006,19.1596,25.0283
3262002.0,46.5041,18.7488,28.1856
3270002.0,46.403999999999996,18.8911,31.7587
3278002.0,46.8086,18.5688,34.499
3286002.0,47.8741,18.3936,37.0633
3294002.0,48.3292,18.0703,39.5881
3302002.0,48.4997,18.284000000000002,43.4413
3310002.0,49.0066,18.7733,45.9543
3318002.0,48.8023,18.8856,49.0233
3326002.0,0.6378199999999999,19.0549,2.8849299999999998
3334002.0,2.22872,19.1934,6.54709
3342002.0,3.05714,19.5675,10.4551
3350002.0,3.6001300000000005,19.5355,14.003
3358002.0,5.5987800000000005,19.9883,17.6097
3366002.0,8.79155,20.6807,22.5917
3374002.0,10.1734,20.9639,27.0645
3382002.0,11.4487,20.6621,31.4943
3390002.0,14.0552,20.178,34.0252
3398002.0,14.8762,19.9655,38.4188
3406002.0,15.6475,19.8424,42.54
3414002.0,18.3434,19.6533,46.5064
3422002.0,20.3031,19.7877,0.0854204
3430002.0,22.3316,19.8316,4.64271
3438002.0,22.8758,19.7525,8.30455
3446002.0,23.1759,19.809,11.1473
3454002.0,23.7804,20.2073,15.0268
3462002.0,23.9942,20.5001,18.791
3470002.0,24.0785,20.7304,22.9242
3478002.0,24.765,20.7796,26.9215
3486002.0,25.2966,19.9924,31.2533
3494002.0,26.0596,19.7291,35.6616
3502002.0,25.7016,19.5187,39.9417
3510002.0,26.1236,21.0143,43.8403
3518002.0,26.6901,21.4909,47.465
3526002.0,28.0204,21.4993,2.2774400000000004
3534002.0,28.0696,21.4187,6.26774
3542002.0,27.9202,21.4321,10.4162
3550002.0,28.1005,21.4444,14.0527
3558002.0,28.1989,21.3857,17.6886
3566002.0,28.3158,21.1301,22.0565
3574002.0,28.1674,21.2597,26.7648
3582002.0,29.0081,21.5955,31.9839
3590002.0,29.4925,21.5035,36.0962
3598002.0,30.3401,22.2416,40.806
3606002.0,31.7039,22.0954,44.5255
3614002.0,32.777,21.4796,46.6957
3622002.0,33.8896,20.6642,0.055285900000000006
3630002.0,34.2621,19.7017,3.9200199999999996
3638002.0,34.6611,19.269000000000002,7.459560000000001
3646002.0,35.135,19.4135,11.8295
3654002.0,35.0975,18.9989,15.1867
3662002.0,35.3589,18.8324,19.6268
3670002.0,35.5213,18.6398,22.9132
3678002.0,35.47,18.463,27.133000000000003
3686002.0,36.6029,18.3357,31.6895
3694002.0,37.0599,18.4705,35.2679
3702002.0,37.6702,18.2025,39.6257
3710002.0,37.611,18.6535,42.6138
3718002.0,38.1183,18.7369,45.6092
3726002.0,38.5296,18.6578,0.273944
3734002.0,39.3649,18.7812,4.0285400000000005
3742002.0,40.2032,18.8104,7.38957
3750002.0,41.0612,18.677,10.1702
3758002.0,41.7961,18.3192,12.9555
3766002.0,42.9385,17.7633,15.4583
3774002.0,44.4048,18.3103,18.4189
3782002.0,45.4486,18.2759,21.4058
3790002.0,46.501000000000005,18.1503,25.6935
3798002.0,47.4072,17.9329,27.561
3806002.0,47.9324,17.8735,30.1659
3814002.0,48.8624,17.7852,30.9453
3822002.0,0.0393501,15.3006,34.2798
3830002.0,49.3619,14.6002,37.4391
3838002.0,49.2519,14.3795,40.7605
3846002.0,49.1717,14.4442,44.1785
3854002.0,48.9773,14.4224,47.0658
3862002.0,48.626999999999995,15.1596,48.5931
3870002.0,48.9249,14.8385,2.2187099999999997
3878002.0,49.0173,14.3841,5.6822
3886002.0,48.7698,14.6448,8.62812
3894002.0,49.0049,15.1744,11.5628
3902002.0,48.985,15.3628,13.7412
3910002.0,0.309374,15.137,17.1808
3918002.0,1.78688,15.4808,21.0406
3926002.0,3.6024300000000005,15.4213,23.1411
3934002.0,4.80813,15.567,25.7182
3942002.0,5.43574,15.056,28.595
3950002.0,5.71251,14.9024,31.4263
3958002.0,6.48439,14.7197,34.813
3966002.0,7.47929,14.1261,37.6952
3974002.0,8.9973,13.5531,40.8213
3982002.0,9.095419999999999,13.2639,42.5126
3990002.0,9.80492,12.7989,45.0889
3998002.0,10.9899,13.1065,46.9223
4006002.0,11.9128,12.7671,48.244
4014002.0,12.8964,12.47,0.9294520000000001
4022002.0,13.887,12.4987,2.87551
4030002.0,14.155,12.7474,5.36885
4038002.0,15.360999999999999,13.1192,6.97323
4046002.0,16.4306,13.5033,9.83189
4054002.0,17.615,13.2342,13.3024
4062002.0,18.3136,13.5811,16.3476
4070002.0,18.1468,13.6813,19.532
4078002.0,18.4132,13.1898,22.8827
4086002.0,19.6677,12.6582,26.0932
4094002.0,20.0817,12.7109,28.6536
4102002.0,20.2155,12.5353,30.1179
4110002.0,20.052,12.3963,32.6733
4118002.0,20.2756,12.2141,34.4156
4126002.0,20.323,12.5631,36.2258
4134002.0,20.176,12.8486,37.2026
4142002.0,20.8115,13.2529,39.1121
4150002.0,22.034000000000002,13.0945,41.1986
4158002.0,23.8078,12.561,44.1038
4166002.0,24.6483,12.7306,46.9649
4174002.0,25.4846,12.6907,49.4207
4182002.0,25.2995,13.3397,2.5812
4190002.0,26.4235,13.6358,6.57733
4198002.0,27.7975,13.7757,9.79312
4206002.0,29.0463,13.7205,12.8042
4214002.0,30.8236,13.5716,16.8102
4222002.0,32.8139,13.9651,20.1053
4230002.0,34.5787,13.8601,23.065
4238002.0,36.9331,14.0178,26.5087
4246002.0,39.3095,14.4214,29.9871
4254002.0,41.7879,14.0583,33.9469
4262002.0,43.3015,14.0639,37.1405
4270002.0,44.1886,14.2455,40.1253
4278002.0,45.2821,14.0386,43.5653
4286002.0,46.2545,13.9493,47.4614
4294002.0,46.8924,13.9611,0.968726
4302002.0,47.2675,14.2064,3.79314
4310002.0,47.8953,14.2699,6.27335
4318002.0,48.0707,15.1038,7.758210000000001
4326002.0,48.4457,14.9,10.5036
4334002.0,48.6679,15.5435,12.2492
4342002.0,48.8631,14.8135,14.727
4350002.0,49.1371,14.8032,17.4084
4358002.0,0.0159131,14.36,20.3008
4366002.0,1.38171,14.0656,22.4114
4374002.0,2.20277,13.9395,23.0574
4382002.0,3.02188,13.8367,25.345
4390002.0,3.6038,13.6045,27.369
4398002.0,4.2551,13.2403,31.3596
4406002.0,4.841069999999999,13.062999999999999,34.5123
4414002.0,4.71601,12.8573,36.9423
4422002.0,4.70236,12.9011,38.5039
4430002.0,3.96581,12.5333,42.8885
4438002.0,4.504980000000001,12.3971,46.1609
4446002.0,5.35165,11.9725,48.107
4454002.0,6.745019999999999,11.3228,1.2172399999999999
4462002.0,7.60433,11.0144,3.6691199999999995
4470002.0,8.603530000000001,10.3833,5.1228
4478002.0,9.06938,10.1872,6.94013
4486002.0,9.02383,9.75948,9.14659
4494002.0,9.207419999999999,8.98224,12.072000000000001
4502002.0,9.97151,8.6308,13.588
4510002.0,10.7372,8.50544,14.8712
4518002.0,10.7323,8.18043,14.9083
4526002.0,11.482999999999999,8.19778,16.0335
4534002.0,12.2107,8.310880000000001,16.8108
4542002.0,12.645,8.21459,17.7281
4550002.0,13.4567,8.268930000000001,19.1208
4558002.0,14.2787,7.78065,20.218
4566002.0,15.4924,7.510739999999999,21.8041
4574002.0,16.1226,7.3991,23.6757
4582002.0,16.6378,6.99481,24.3535
4590002.0,18.1824,7.178489999999999,24.752
4598002.0,18.0321,7.32903,25.558000000000003
4606002.0,18.738,7.68562,25.9562
4614002.0,18.8542,8.07846,26.9162
4622002.0,18.9363,7.92443,27.7521
4630002.0,19.1519,7.943039999999999,28.1734
4638002.0,19.754,8.16484,28.3134
4646002.0,20.1574,8.30983,29.3835
4654002.0,20.4577,8.44797,29.826
4662002.0,22.1117,8.595369999999999,31.2324
4670002.0,21.9708,8.951410000000001,32.7961
4678002.0,22.54,9.64435,34.6419
4686002.0,23.1577,9.8799,36.3331
4694002.0,23.1594,10.367,39.9709
4702002.0,23.6506,10.3441,41.5804
4710002.0,24.9503,10.2564,43.2537
4718002.0,25.3902,10.4154,45.0565
4726002.0,25.6441,10.4184,46.4375
4734002.0,26.447,10.3499,47.7314
4742002.0,26.9106,10.3449,49.1112
4750002.0,27.3585,10.3905,1.7097099999999998
4758002.0,27.7075,10.2261,3.5257300000000003
4760002.0,27.5681,10.205,3.89971
4768002.0,28.0648,11.1461,7.1349800000000005
4776002.0,29.948,11.5899,8.038889999999999
4784002.0,30.9798,11.6813,10.8212
4792002.0,32.1245,12.1354,13.1466
4800002.0,33.4368,12.1502,15.3087
4808002.0,35.3396,12.02,17.836
4816002.0,37.4504,12.355,20.2936
4824002.0,39.0874,12.3796,22.4638
4832002.0,40.4994,12.6113,24.9278
4840002.0,41.623000000000005,14.1738,27.7383
4848002.0,42.803000000000004,14.3392,29.4754
4856002.0,44.4943,14.3021,31.6601
4864002.0,44.4967,14.4412,34.933
4872002.0,46.5839,14.2081,37.4384
4880002.0,46.7428,14.0757,39.3828
4888002.0,47.0518,14.4593,41.4763
4896002.0,48.4827,14.3825,43.4618
4904002.0,0.444068,13.9044,44.373999999999995
4912002.0,1.52136,13.8377,45.6577
4920002.0,3.9213699999999996,13.8809,47.3343
4928002.0,6.40452,14.0651,49.2098
4936002.0,7.48044,14.2476,1.66208
4944002.0,7.78025,14.4941,3.5374
4952002.0,8.94068,15.0698,6.13894
4960002.0,9.063369999999999,15.4347,8.852089999999999
4968002.0,9.65569,15.6458,11.5957
4976002.0,9.99324,16.1686,14.2022
4984002.0,10.9327,16.1817,17.2077
4992002.0,12.241,16.2975,19.7203
5000002.0,13.2341,16.2915,23.3655
5008002.0,13.689,16.3278,27.2338
5016002.0,13.9283,16.5432,29.0975
5024002.0,13.8676,16.5797,31.5248
5032002.0,13.9434,16.44,34.9416
5040002.0,14.8925,16.3547,37.7295
5048002.0,15.3793,16.312,39.4085
5056002.0,16.641,15.8802,42.1836
5064002.0,17.6145,15.5928,44.6869
5072002.0,18.6567,14.8263,47.3332
5080002.0,20.0231,15.2191,1.13725
5088002.0,20.8208,15.4628,4.1365300000000005
5096002.0,22.4595,15.3773,7.0429699999999995
5104002.0,24.3586,15.4857,10.9974
5112002.0,25.1152,15.3623,14.3973
5120002.0,26.1171,14.9946,18.611
5128002.0,26.8295,15.235,22.7084
5136002.0,26.7816,15.5656,25.7087
5144002.0,27.6384,15.5325,29.2025
5152002.0,28.1174,15.2342,32.8693
5160002.0,28.9773,14.9305,36.0397
5168002.0,29.3277,15.2346,39.4033
5176002.0,28.9521,14.5215,42.4066
5184002.0,29.244,14.6522,45.3471
5192002.0,29.5287,14.6586,48.353
5200002.0,30.2976,14.87,1.319
5208002.0,31.2473,15.023,3.07816
5216002.0,31.9427,15.017999999999999,6.5566
5224002.0,32.5319,15.1761,9.28932
5232002.0,33.6584,15.2905,13.1382
5240002.0,35.3213,15.1724,16.1039
5248002.0,35.8817,15.0927,18.9816
5256002.0,36.5822,14.8907,20.5083
5264002.0,36.999,14.4649,24.1943
5272002.0,38.527,13.8294,26.8594
5280002.0,40.1597,14.1689,30.8785
5288002.0,39.9733,13.9184,33.3913
5296002.0,40.9148,14.3377,36.1122
5304002.0,42.1799,14.5591,38.9102
5312002.0,43.941,15.0508,41.2062
5320002.0,43.4831,14.737,44.0588
5328002.0,43.5295,14.979000000000001,45.9122
5336002.0,44.25,15.3957,49.2238
5344002.0,45.4805,16.1793,2.62567
5352002.0,46.1422,16.9304,5.39468
5360002.0,46.5288,16.5406,7.3106800000000005
5368002.0,47.086999999999996,16.3719,11.6502
5376002.0,46.6227,16.0707,15.2831
5384002.0,47.5413,16.6596,19.7464
5392002.0,47.6489,16.8317,20.9517
5400002.0,47.8438,16.778,23.5477
5408002.0,48.6043,16.7934,26.061999999999998
5416002.0,49.3511,16.706,29.2429
5424002.0,0.306779,17.0894,32.1324
5432002.0,0.72865,16.5945,34.7935
5440002.0,2.37066,16.3744,36.2689
5448002.0,2.95954,16.0331,39.2488
5456002.0,2.9973400000000003,15.7337,42.3847
5464002.0,3.53626,15.9905,45.6902
5472002.0,2.91141,16.1883,48.8761
5480002.0,3.7659199999999995,16.2311,2.8447
5488002.0,4.73995,16.4473,5.53164
5496002.0,5.708130000000001,16.493,8.79156
5504002.0,6.22296,17.1338,11.630999999999998
5512002.0,7.09278,17.8001,14.1216
5520002.0,8.009739999999999,17.8109,17.1617
5528002.0,9.3456,18.2739,20.0137
5536002.0,10.0953,18.4827,22.2876
5544002.0,10.2438,19.0983,25.0077
5552002.0,10.9342,18.9077,28.4449
5560002.0,11.4834,18.7664,32.1985
5568002.0,12.7308,18.8895,34.8899
5576002.0,13.6961,19.0303,36.4364
5584002.0,14.5733,18.81,39.6903
5592002.0,15.1976,18.9928,43.7946
5600002.0,15.1596,19.3844,47.5865
5608002.0,15.2809,19.375999999999998,0.96447
5616002.0,16.2186,19.2811,4.65848
5624002.0,17.3233,19.1241,7.54175
5632002.0,19.4025,19.2387,10.6648
5640002.0,22.2026,18.8503,13.9922
5648002.0,22.7435,17.5657,17.9479
5656002.0,23.8121,17.4595,21.587
5664002.0,24.5642,17.3791,24.8367
5672002.0,25.9696,17.6217,27.301
5680002.0,26.8381,17.791,29.5408
5688002.0,27.3135,18.0308,32.3374
5696002.0,28.1236,17.977999999999998,34.6102
5704002.0,29.7548,18.0844,38.6391
5712002.0,30.4656,18.6114,41.705
5720002.0,31.3143,19.1873,45.4696
5728002.0,32.3183,19.0834,49.0963
5736002.0,33.1658,19.5854,3.2218400000000003
5744002.0,34.6159,20.1713,7.93611
5752002.0,35.3584,20.3708,12.3421
5760002.0,36.1223,20.4897,15.5774
5768002.0,37.3075,20.6719,18.4017
5776002.0,38.274,20.7197,22.4818
5784002.0,37.528,20.8303,26.8701
5792002.0,37.6623,20.8593,31.0933
5800002.0,38.7541,20.3747,35.4634
5808002.0,39.65,20.3805,38.8871
5816002.0,41.4569,20.6684,42.6839
5824002.0,41.1344,21.3142,44.5476
5832002.0,40.9424,21.2257,46.8196
5840002.0,40.9056,21.3083,49.2003
5848002.0,42.4356,20.3573,3.68966
5856002.0,43.0806,21.0972,7.54183
5864002.0,45.0349,20.2654,10.0344
5872002.0,45.4451,20.2941,13.0214
5880002.0,46.1453,20.0829,16.9266
5888002.0,46.8047,20.0404,20.8207
5896002.0,48.7456,20.2016,24.0428
5904002.0,0.910992,20.2685,27.749000000000002
5912002.0,1.45174,20.4502,31.4909
5920002.0,2.14025,20.4788,35.5493
5928002.0,2.78933,20.2989,39.1295
5936002.0,2.9492599999999998,20.4352,43.3611
5944002.0,3.5381099999999996,20.3791,47.1798
5952002.0,4.00531,20.6932,1.01756
5960002.0,5.16856,20.4619,4.4160699999999995
5968002.0,6.45608,20.5695,7.8616
5976002.0,6.830239999999999,20.2195,11.9217
5984002.0,7.584789999999999,20.139,15.2217
5992002.0,8.00313,20.282,19.4797
6000002.0,8.86104,19.9863,23.5777
6008002.0,8.79873,19.6438,26.5705
6016002.0,9.557089999999999,19.782,28.6895
6024002.0,10.4268,19.4414,33.0375
6032002.0,10.8278,19.4266,36.8634
6040002.0,11.2681,19.495,40.7125
6048002.0,11.1647,19.5481,44.4719
6056002.0,12.4295,19.016,48.6664
6064002.0,13.7606,19.3357,3.2103099999999998
6072002.0,14.3396,19.5742,6.8701
6080002.0,15.1425,19.7443,10.7423
6088002.0,15.415999999999999,19.6262,13.8475
6096002.0,16.0622,19.941,16.4522
6104002.0,16.4464,20.4725,20.3013
6112002.0,17.302,20.3762,24.4017
6120002.0,17.4634,20.0898,28.535
6128002.0,17.6274,19.6947,32.398
6136002.0,17.9852,19.8602,36.2213
6144002.0,17.7993,19.2762,40.2497
6152002.0,18.142,19.7361,43.998999999999995
6160002.0,18.3532,19.8321,47.9059
6168002.0,19.2046,19.942,2.40345
6176002.0,19.3193,20.2173,6.8704
6184002.0,19.3305,20.3865,9.95774
6192002.0,19.599,20.2225,13.0385
6200002.0,20.3521,20.1703,16.3102
6208002.0,21.0467,20.1232,19.7807
6216002.0,22.0313,19.8028,23.315
6224002.0,22.6634,19.3574,26.8675
6232002.0,23.7234,19.2572,31.0424
6240002.0,25.0241,18.9207,35.3733
6248002.0,26.2174,18.7507,38.8001
6256002.0,28.1448,18.8689,42.3494
6264002.0,29.3842,18.4839,45.2702
6272002.0,30.7773,17.8798,48.5158
6280002.0,31.1838,18.0295,2.92295
6288002.0,31.3636,18.0199,6.57758
6296002.0,32.1724,18.3606,9.850589999999999
6304002.0,32.8229,18.9165,13.213
6312002.0,34.0934,19.1599,16.7695
6320002.0,35.4498,19.7301,20.3959
6328002.0,37.5292,19.8755,24.8076
6336002.0,39.1152,19.9541,28.8363
6344002.0,39.0779,20.05,32.3495
6352002.0,38.4425,20.6276,36.8173
6360002.0,39.1547,20.208,40.7763
6368002.0,39.6078,20.1019,45.0611
6376002.0,40.1384,20.2039,49.4518
6384002.0,40.4429,20.1247,4.35123
6392002.0,40.7508,19.7335,8.00351
6400002.0,40.794000000000004,19.8908,12.3561
6408002.0,40.8457,20.31,16.6556
6416002.0,41.718999999999994,20.2728,20.6575
6424002.0,42.3516,20.7282,24.2673
6432002.0,43.022,20.8212,28.0752
6440002.0,42.7946,21.488000000000003,30.9857
6448002.0,42.6962,21.4047,34.5757
6456002.0,43.0925,21.168000000000003,37.7768
6464002.0,43.7813,20.6249,40.7606
6472002.0,44.0943,20.195,45.2659
6480002.0,44.8782,19.862000000000002,48.7072
6488002.0,45.6055,20.2239,2.95813
6496002.0,45.8669,20.0889,6.72277
6504002.0,46.9847,20.5095,10.5822
6512002.0,47.4543,20.4339,14.1231
6520002.0,48.2911,20.2894,16.8968
6528002.0,49.3598,20.3442,20.8442
6536002.0,0.935652,20.4547,25.519000000000002
6544002.0,0.9166709999999999,20.13,28.1379
6552002.0,1.18616,20.2757,31.0988
6560002.0,2.08728,20.7538,34.1391
6568002.0,3.67337,20.2795,36.1349
6576002.0,4.48337,20.0504,39.3654
6584002.0,5.42133,19.445999999999998,42.9373
6592002.0,6.5450800000000005,18.5617,46.7736
6600002.0,7.920380000000001,17.9656,49.3667
6608002.0,9.0996,17.7949,2.54189
6616002.0,10.2982,17.7022,4.81232
6624002.0,12.4642,17.9513,6.66173
6632002.0,14.287,17.9663,9.17661
6640002.0,14.5069,17.5239,12.7401
6648002.0,15.794,17.0756,15.2778
6656002.0,18.0249,17.0155,18.7909
6664002.0,19.119,17.0374,21.5984
6672002.0,20.5776,16.9002,24.7421
6680002.0,21.0358,17.0142,28.3228
6688002.0,21.4932,16.7477,31.5839
6696002.0,23.3849,16.7263,33.9293
6704002.0,24.5959,16.1926,37.0723
6712002.0,25.8753,16.070999999999998,39.3409
6720002.0,27.1728,15.8219,41.8461
6728002.0,27.8567,15.5621,43.2065
6736002.0,28.5988,15.5042,45.2918
6744002.0,29.633000000000003,15.7805,48.4728
6752002.0,31.0695,16.1876,2.62986
6760002.0,32.0421,16.364,5.61682
6768002.0,31.8623,15.8883,8.57921
6776002.0,31.9712,16.0089,11.769
6784002.0,32.5939,15.7853,14.8678
6792002.0,32.9217,15.3751,17.1451
6800002.0,33.641,15.3384,19.5083
6808002.0,34.2783,15.1936,21.7722
6816002.0,34.48,15.3525,24.4314
6824002.0,35.0283,15.1193,27.4211
6832002.0,36.3252,14.8336,30.5819
6840002.0,36.6699,15.1147,34.1601
6848002.0,37.8098,15.1412,37.3279
6856002.0,38.383,14.7812,39.6603
6864002.0,38.6759,15.0929,42.3911
6872002.0,39.2022,15.1137,45.2053
6880002.0,40.9787,15.0203,47.3296
6888002.0,41.5192,15.2401,1.4337600000000001
6896002.0,42.8082,16.3678,3.9459800000000005
6904002.0,44.5727,16.4987,6.60607
6912002.0,46.5807,16.5517,10.1326
6920002.0,48.7963,16.1151,13.9054
6928002.0,1.70787,15.9339,17.241
6936002.0,2.9123200000000002,15.9002,19.1504
6944002.0,5.47384,15.5678,21.5499
6952002.0,8.54688,15.4729,23.9906
6960002.0,10.3393,15.5207,26.5517
6968002.0,11.8884,15.167,29.478
6976002.0,13.9237,14.8731,32.5192
6984002.0,15.2068,14.892999999999999,35.8181
6992002.0,16.3271,15.1306,38.569
7000002.0,17.3437,15.7445,40.6946
7008002.0,18.4315,15.6481,42.9045
7016002.0,19.3412,15.4173,45.4919
7024002.0,19.855999999999998,15.0563,48.522
7032002.0,20.6875,14.6588,2.71205
7040002.0,21.4016,14.3101,5.82929
7048002.0,21.8755,14.0772,8.6074
7056002.0,23.0792,13.8421,11.4164
7064002.0,25.6178,13.5175,13.3921
7072002.0,26.8612,13.5186,16.0195
7080002.0,28.4452,13.3999,18.6195
7088002.0,29.9405,13.6554,20.9706
7096002.0,30.1775,13.5034,22.7593
7104002.0,31.2108,13.4774,24.0022
7112002.0,31.6002,13.4542,26.8577
7120002.0,33.9557,13.6998,29.6233
7128002.0,34.7902,14.0075,31.8904
7136002.0,36.7579,14.4212,33.9975
7144002.0,36.116,14.7727,37.1984
7152002.0,37.0149,14.149000000000001,39.5346
7160002.0,38.3938,13.7912,42.508
7168002.0,38.5479,13.9093,45.353
7176002.0,39.260999999999996,13.9882,48.6292
7184002.0,40.7869,14.5906,2.09571
7192002.0,40.5585,14.6491,5.36278
7200002.0,42.1307,14.3554,9.15811
7204002.0,42.1213,14.2021,10.1485
7212002.0,44.445,14.1751,13.442
7220002.0,46.1897,15.1509,15.6883
7228002.0,47.3461,15.9246,18.5961
7236002.0,47.9165,16.0206,20.8587
7244002.0,48.4342,16.5672,24.3614
7252002.0,48.4693,17.0688,27.6491
7260002.0,48.8062,17.5304,30.5395
7268002.0,48.4498,18.3728,36.1539
7276002.0,2.1007700000000002,17.7574,37.5825
7284002.0,1.21066,17.2803,42.4115
7292002.0,3.50441,17.3036,43.6524
7300002.0,5.1973400000000005,17.5268,47.1798
7308002.0,5.56133,17.7688,1.1762700000000001
7316002.0,7.07954,17.089000000000002,2.56746
7324002.0,7.56988,16.817999999999998,5.8269
7332002.0,8.7949,17.5389,9.96851
7340002.0,9.32172,17.703,12.5493
7348002.0,8.926860000000001,17.6015,15.2747
7356002.0,9.61998,18.2262,17.5415
7364002.0,10.547,17.8817,19.4481
7372002.0,10.7242,18.0086,22.311999999999998
7380002.0,10.6041,17.9883,24.1339
7388002.0,11.0801,18.3783,27.5201
7396002.0,11.7226,18.5029,30.7938
7404002.0,12.1438,18.3572,34.9106
7412002.0,13.2788,18.4621,37.7756
7420002.0,14.344000000000001,18.7119,42.4608
7428002.0,15.1389,18.3826,46.9371
7436002.0,15.7111,18.6496,1.3106799999999998
7444002.0,15.4961,18.438,4.64433
7452002.0,15.9815,18.3082,8.0077
7460002.0,16.4253,17.9972,10.8021
7468002.0,17.5386,18.05,14.3853
7476002.0,18.6422,17.8282,17.085
7484002.0,19.5358,17.8747,21.043000000000003
7492002.0,20.768,18.3521,24.022
7500002.0,22.0718,18.1624,27.4142
7508002.0,23.1018,17.5202,29.6918
7516002.0,23.5274,16.5126,32.8067
7524002.0,23.9789,15.4884,35.8449
7532002.0,25.8636,14.7796,37.719
7540002.0,25.9432,14.5333,39.9035
7548002.0,26.7115,14.292,40.9449
7556002.0,28.4011,13.6106,43.4996
7564002.0,27.5149,13.5899,44.9777
7572002.0,28.1638,13.5691,46.0826
7580002.0,28.2438,13.1673,48.4337
7588002.0,27.9829,12.8014,3.3841
7596002.0,28.9192,12.9895,4.64038
7604002.0,29.8022,12.8047,6.11725
7612002.0,30.9102,12.925999999999998,8.400210000000001
7620002.0,31.6084,13.1744,10.6785
7628002.0,32.1853,13.1714,13.8606
7636002.0,33.2653,13.0965,14.7117
7644002.0,34.2873,13.4091,16.625999999999998
7652002.0,36.8439,14.1559,17.5031
7660002.0,36.2471,13.8316,19.1055
7668002.0,37.6117,13.6167,22.6977
7676002.0,37.3318,12.7804,25.4936
7684002.0,37.6862,12.5822,27.6792
7692002.0,39.952,12.758,30.9911
7700002.0,40.3209,12.4116,32.85
7708002.0,40.8615,12.6973,35.9597
7716002.0,41.885,12.3856,38.7206
7724002.0,42.3106,11.9294,40.0956
7732002.0,43.7563,11.8868,42.7766
7740002.0,45.7229,11.9706,45.8855
7748002.0,46.0734,12.0142,47.678999999999995
7756002.0,46.9275,12.1956,48.9755
7764002.0,47.528999999999996,12.34,2.47265
7772002.0,48.1968,12.2942,5.27018
7780002.0,49.1703,11.8827,6.8253699999999995
7788002.0,48.7514,11.2876,9.445110000000001
7796002.0,49.0402,9.85587,10.2225
7804002.0,49.3511,9.59565,11.3775
7812002.0,0.103676,9.878260000000001,13.4378
7820002.0,1.7186099999999997,8.71007,13.8708
7828002.0,1.46255,8.382439999999999,15.8786
7836002.0,2.20261,9.041730000000001,18.5012
7844002.0,2.0739099999999997,11.6544,17.3686
7852002.0,1.49399,11.9203,21.3167
7860002.0,3.5441599999999998,10.7869,22.7317
7868002.0,4.87444,11.1225,27.3632
7876002.0,7.589060000000001,11.4133,28.5701
7884002.0,9.09579,11.731,31.3026
7892002.0,9.92188,11.6589,33.2061
7900002.0,10.0875,11.3362,35.2529
7908002.0,10.6838,11.9223,37.4862
7916002.0,10.7421,12.064,39.8147
7924002.0,11.0819,12.3122,41.885
7932002.0,11.3898,12.5458,42.8975
7940002.0,11.6094,12.468,44.6762
7948002.0,12.0825,12.8686,46.6954
7956002.0,12.0302,12.6216,47.9
7964002.0,12.279000000000002,12.5957,0.361324
7972002.0,12.1255,12.6832,2.46398
7980002.0,12.5313,12.8049,4.31019
7988002.0,13.1722,12.8692,5.97321
7996002.0,13.5104,12.8438,7.11021
