2.0,1.16097,10.9365,15.3725
8002.0,5.7512,10.2328,16.7047
16002.0,8.26396,9.08028,18.0357
24002.0,7.02999,9.31175,20.6658
32002.0,7.3731800000000005,9.34372,22.2963
40002.0,8.0731,9.36663,24.1432
48002.0,9.80112,9.24418,27.0274
56002.0,9.76932,9.686589999999999,29.5036
64002.0,10.0339,10.2349,31.9601
72002.0,10.6926,10.4556,34.2486
80002.0,10.4164,10.3157,36.0812
88002.0,11.4441,10.4249,38.5574
96002.0,11.8534,10.4229,40.4388
104002.0,11.6153,10.2906,42.7409
112002.0,11.5166,10.4584,43.7588
120002.0,11.9679,10.7209,45.0984
128002.0,12.8169,10.6125,46.6293
136002.0,13.1832,9.44877,48.9661
144002.0,12.855,9.02777,0.595242
152002.0,12.7933,9.05626,1.7990700000000002
160002.0,15.4445,10.2565,2.50849
168002.0,15.7018,10.659,3.9288300000000005
176002.0,15.3302,10.3631,5.16251
184002.0,15.356,10.2975,6.85273
192002.0,15.4976,10.1681,9.09169
200002.0,16.0028,9.94848,11.7172
208002.0,16.5387,9.799760000000001,13.9526
216002.0,17.465999999999998,9.812660000000001,16.3544
224002.0,17.4454,9.8206,19.5174
232002.0,17.6733,9.88636,22.5137
240002.0,17.9554,10.2805,25.2168
248002.0,18.0554,10.2466,27.8169
256002.0,18.7374,10.405,30.7315
264002.0,18.9142,10.3584,33.3325
272002.0,20.0176,10.4445,35.6335
280002.0,20.7564,10.7769,37.5912
288002.0,21.8011,10.9489,40.675
296002.0,22.0743,11.1388,43.6606
304002.0,22.9326,11.163,46.5423
312002.0,24.1891,11.2789,49.0683
320002.0,26.2101,11.5594,1.93038
328002.0,28.1776,11.5316,4.72673
336002.0,29.125999999999998,11.9456,7.410239999999999
344002.0,29.4672,12.0312,10.3506
352002.0,30.3991,12.0837,12.5619
360002.0,31.578000000000003,12.265,15.023
368002.0,33.0922,12.5706,17.1995
376002.0,34.139,12.5891,19.4438
384002.0,35.9723,12.1798,20.2801
392002.0,36.2019,11.9341,22.8982
400002.0,36.4842,11.1143,25.4216
408002.0,36.9914,10.4191,27.9354
416002.0,37.2426,9.994,29.791
424002.0,38.0823,9.788210000000001,31.8353
432002.0,38.8823,9.96832,33.1569
440002.0,39.5994,10.205,36.2386
448002.0,40.3516,10.3082,39.1904
456002.0,41.2989,10.1605,41.2502
464002.0,41.0423,10.1976,42.7837
472002.0,41.67100000000001,10.3456,46.4303
480002.0,42.8305,10.4863,48.5415
488002.0,44.7815,10.2461,0.999031
496002.0,46.2951,9.989239999999999,2.68224
504002.0,46.248999999999995,9.37313,3.8404300000000005
512002.0,47.2948,9.40809,5.30739
520002.0,49.3611,9.67109,7.096369999999999
528002.0,1.09425,9.803510000000001,9.88194
536002.0,1.77193,8.2987,11.6565
544002.0,2.612,7.26151,12.3715
552002.0,4.17917,7.015110000000001,13.588
560002.0,5.23928,6.9689,14.8982
568002.0,5.62332,6.89475,16.1717
576002.0,5.92678,6.75644,17.8408
584002.0,6.21762,6.68877,19.822
592002.0,7.15552,6.46778,21.4969
600002.0,7.1826,6.30284,23.175
608002.0,7.175510000000001,6.0367,24.5499
616002.0,7.48101,6.04028,26.8845
624002.0,7.87564,5.93765,28.6607
632002.0,8.165560000000001,5.68107,30.4367
640002.0,8.49992,5.54718,31.6598
648002.0,8.63471,5.590319999999999,32.5265
656002.0,8.9775,5.53033,33.8348
664002.0,9.32444,5.245080000000001,35.1086
672002.0,9.63999,5.11695,37.099000000000004
680002.0,9.593,4.6645,38.735
688002.0,9.60272,4.0256,41.0743
696002.0,9.89662,3.8674800000000005,42.3848
704002.0,10.0217,3.76899,43.9676
712002.0,10.1211,3.4903699999999995,45.4359
720002.0,10.3687,3.5658800000000004,46.3193
728002.0,10.411,3.66085,47.3725
736002.0,10.2046,3.60596,47.8621
744002.0,10.3481,3.6070900000000004,48.62
752002.0,10.5969,3.4909199999999996,49.3144
760002.0,10.6067,3.98659,1.36647
768002.0,10.7316,4.84335,3.30323
776002.0,11.2162,5.0666,4.65514
784002.0,11.7888,5.05046,5.86585
792002.0,12.2179,5.10352,6.92853
800002.0,12.7213,5.11724,9.13913
808002.0,12.7727,5.121580000000001,10.975999999999999
816002.0,13.5699,4.953130000000001,12.7638
824002.0,14.1929,4.00119,13.8326
832002.0,15.0709,3.69121,14.9677
840002.0,14.3748,3.20551,15.7633
848002.0,15.0692,3.1785799999999997,16.1614
856002.0,16.0888,2.87227,16.4716
864002.0,17.6468,2.83398,16.6941
872002.0,17.8704,2.96172,17.6217
880002.0,18.1636,3.09579,18.3426
888002.0,18.7811,3.09901,19.4397
896002.0,19.3632,3.04862,20.6907
904002.0,19.9536,3.00388,22.1238
912002.0,21.3109,3.22491,24.2838
920002.0,21.8116,3.15909,26.1003
928002.0,21.9295,3.00949,26.7642
936002.0,22.5339,2.93301,27.1078
944002.0,22.721999999999998,2.9146400000000003,27.5642
952002.0,24.0515,2.82323,28.4498
960002.0,24.6429,3.12478,29.1391
968002.0,24.7923,3.1242799999999997,30.2154
976002.0,25.3611,3.22661,31.0207
984002.0,26.072,3.12443,32.049
992002.0,26.8379,3.2625900000000003,32.7532
1000002.0,27.175,3.16324,33.3048
1008002.0,27.9975,3.3056099999999997,33.7575
1016002.0,28.3701,3.3904099999999997,34.4013
1024002.0,28.4762,3.4164,34.6647
1032002.0,28.7324,3.3847699999999996,35.4558
1040002.0,29.3664,3.22022,36.6663
1048002.0,29.8602,3.3600800000000004,37.8255
1056002.0,30.0795,3.31259,38.4365
1064002.0,30.2432,3.44754,40.4
1072002.0,30.0994,3.7290400000000004,42.3972
1080002.0,31.0295,3.6203,43.165
1088002.0,32.6113,3.24893,44.4127
1096002.0,33.8341,3.53845,45.0029
1104002.0,34.6338,3.76464,45.928000000000004
1112002.0,34.266999999999996,3.6028599999999997,47.7919
1120002.0,34.6163,3.5642300000000002,49.0645
1128002.0,34.0338,3.83455,0.5948399999999999
1136002.0,34.3767,3.5989199999999997,2.44005
1144002.0,34.6157,3.7718599999999998,3.3413800000000005
1152002.0,34.9198,3.80456,5.5103599999999995
1160002.0,34.9795,4.0412300000000005,5.900980000000001
1168002.0,34.6923,4.3396,6.39918
1176002.0,34.7456,4.4211599999999995,7.321000000000001
1184002.0,34.8412,5.02706,8.329180000000001
1192002.0,35.3372,5.372809999999999,9.03577
1200002.0,35.6888,5.4745099999999995,10.2502
1208002.0,35.9858,5.12879,11.4504
1216002.0,36.8638,4.97452,12.526
1224002.0,37.9273,4.372809999999999,14.1665
1232002.0,38.7846,4.2528,15.3242
1240002.0,39.5986,4.28897,16.852999999999998
1248002.0,39.7936,4.72463,18.6736
1256002.0,39.9704,4.939830000000001,19.4423
1264002.0,40.3301,5.3166400000000005,21.0661
1272002.0,40.5978,5.198980000000001,22.5959
1280002.0,41.7391,5.235119999999999,24.5422
1288002.0,42.103,5.413469999999999,25.6495
1296002.0,42.0082,5.810169999999999,27.7183
1304002.0,42.8259,5.78809,29.2326
1312002.0,42.8184,5.93565,30.857
1320002.0,44.4265,5.79368,32.0709
1328002.0,44.2456,5.22956,33.1902
1336002.0,44.6444,5.19415,33.8419
1344002.0,45.2547,5.51269,35.5977
1352002.0,45.2392,5.89542,37.9664
1360002.0,45.4214,6.02224,39.3749
1368002.0,45.8554,5.83798,40.5033
1376002.0,46.4833,5.7595,42.2179
1384002.0,46.9205,5.57198,42.9266
1392002.0,47.6066,5.76154,43.571999999999996
1400002.0,48.0879,5.50701,45.0291
1408002.0,48.7898,5.55096,45.8758
1416002.0,49.0822,5.34361,46.6173
1424002.0,49.2896,5.66368,48.2047
1432002.0,0.07874830000000001,5.33814,0.348007
1440002.0,0.9573389999999999,5.605659999999999,1.07093
1448002.0,1.65956,5.58816,1.47842
1456002.0,1.94513,5.5759,1.8200900000000002
1464002.0,2.09002,5.78305,2.3264
1472002.0,2.59239,5.77689,3.3633
1480002.0,3.06545,5.79427,4.0425
1488002.0,4.11541,5.74364,4.80202
1496002.0,4.1124,5.90412,6.10722
1504002.0,4.60984,5.90787,7.51796
1512002.0,5.29704,5.992780000000001,9.29697
1520002.0,5.28924,5.920719999999999,10.2953
1528002.0,5.67137,5.67718,12.2707
1536002.0,6.51449,5.4294199999999995,12.944
1544002.0,6.56045,5.22441,13.7213
1552002.0,7.5911100000000005,5.29175,13.8717
1560002.0,8.19975,5.30069,15.9979
1568002.0,8.91295,5.49669,17.0449
1576002.0,8.84349,5.46039,18.2933
1584002.0,8.944519999999999,5.4497,19.5328
1592002.0,8.73301,5.1731,21.2094
1600002.0,9.97173,5.5301,22.9211
1608002.0,9.92442,5.54012,23.709
1616002.0,11.1082,5.43846,24.9982
1624002.0,11.6124,5.4954,26.3146
1632002.0,12.5319,5.536969999999999,27.7729
1640002.0,13.7878,5.46701,28.5641
1648002.0,14.4522,5.79721,28.6095
1656002.0,15.0794,5.92863,29.9233
1664002.0,16.5425,6.06767,31.7002
1672002.0,17.3355,6.4011,32.9095
1680002.0,18.0413,6.764810000000001,34.8618
1688002.0,18.4606,7.28475,36.3276
1696002.0,19.5709,7.78872,38.2542
1704002.0,20.3592,8.531419999999999,40.2572
1712002.0,20.665,8.8027,42.526
1720002.0,21.8552,8.782580000000001,43.5468
1728002.0,22.2781,8.93229,45.2542
1736002.0,22.5332,8.53481,46.6543
1744002.0,23.3088,8.55633,48.8644
1752002.0,23.5433,8.15952,0.763825
1760002.0,23.7728,7.78551,2.86775
1768002.0,23.79,7.3143199999999995,4.52495
1776002.0,24.0081,7.07225,6.90954
1784002.0,24.5457,6.927510000000001,8.389560000000001
1792002.0,24.5155,6.769089999999999,9.4095
1800002.0,25.029,6.48891,11.0975
1808002.0,25.601,6.5419599999999996,12.3512
1816002.0,26.8121,7.00661,13.1962
1824002.0,27.5384,7.632680000000001,14.2923
1832002.0,28.7709,7.92542,15.3495
1840002.0,30.1599,7.99557,15.550999999999998
1848002.0,30.6797,8.22414,17.2141
1856002.0,30.7878,8.63503,17.8318
1864002.0,30.7669,8.74308,18.6085
1872002.0,31.4019,8.55975,19.9638
1880002.0,31.5888,8.65564,21.4928
1888002.0,31.8635,8.66577,21.9533
1896002.0,32.5406,7.962560000000001,23.2486
1904002.0,32.6175,7.66494,23.8631
1912002.0,32.3257,7.2739899999999995,25.1667
1920002.0,32.5294,7.114269999999999,27.9619
1928002.0,32.9209,7.22111,29.9269
1936002.0,32.4557,7.0788199999999994,31.0094
1944002.0,31.9446,7.3722199999999996,32.7135
1952002.0,31.7593,7.31728,35.086999999999996
1960002.0,31.6826,7.44986,37.0218
1968002.0,32.1191,7.669169999999999,39.0425
1976002.0,32.2529,7.83495,40.4905
1984002.0,32.8591,8.42451,42.5872
1992002.0,34.0818,8.518880000000001,44.875
2000002.0,34.4616,7.82454,46.9725
2008002.0,35.3648,7.63157,49.1957
2016002.0,35.5555,7.51107,1.52991
2024002.0,35.6274,7.86573,2.15532
2032002.0,35.7814,7.64843,2.81524
2040002.0,36.8515,7.624960000000001,4.14763
2048002.0,37.7655,7.72053,6.26655
2056002.0,38.7203,7.19269,5.80703
2064002.0,39.798,7.35791,7.26618
2072002.0,41.214,7.61723,8.710930000000001
2080002.0,41.5804,7.9884,10.3821
2088002.0,42.007,7.91673,11.2515
2096002.0,42.5023,8.08185,11.8494
2104002.0,43.4127,8.3948,12.7437
2112002.0,44.3281,8.49654,14.8463
2120002.0,44.4441,8.75972,17.6247
2128002.0,44.9822,9.40145,19.5098
2136002.0,45.9087,9.60229,21.3622
2144002.0,45.9375,9.72233,24.355
2152002.0,46.673,9.60317,26.7005
2160002.0,46.8378,9.27771,28.6873
2168002.0,47.1622,8.85597,30.1732
2176002.0,47.2555,8.575510000000001,31.2832
2184002.0,47.2659,8.0765,31.5485
2192002.0,47.0048,7.786460000000001,32.0483
2200002.0,47.3209,7.629169999999999,33.1936
2208002.0,48.1986,7.28654,34.3195
2216002.0,48.6795,7.363739999999999,35.2364
2224002.0,48.8445,7.6624,37.0411
2232002.0,48.4276,7.3644300000000005,38.7775
2240002.0,48.4722,7.37553,39.9104
2248002.0,48.5394,7.073289999999999,41.6994
2256002.0,48.5964,6.9193,42.835
2264002.0,48.6949,6.46022,43.4265
2272002.0,48.2554,6.3656,44.68600000000001
2280002.0,48.1673,6.06165,45.7901
2288002.0,48.2713,5.85532,47.8187
2296002.0,48.1839,5.66219,0.218058
2304002.0,48.4612,5.76308,1.32151
2312002.0,48.4005,5.8604400000000005,2.80075
2320002.0,49.0401,5.92551,4.05691
2328002.0,49.119,6.14142,4.83942
2336002.0,49.0591,6.53291,6.657719999999999
2344002.0,0.35487199999999997,6.66677,8.364189999999999
2352002.0,1.10016,7.029489999999999,10.7323
2360002.0,2.64052,7.715660000000001,11.847999999999999
2368002.0,4.0997900000000005,8.11017,14.5037
2376002.0,4.23492,8.45322,16.868
2384002.0,5.0569,8.42809,18.977
2392002.0,6.92612,8.846219999999999,21.169
2400002.0,8.59864,8.81932,23.0295
2408002.0,8.62583,9.23272,24.7563
2414002.0,9.24898,9.34522,27.9215
2422002.0,10.3206,8.2969,32.0612
2430002.0,11.9536,8.52873,33.0631
2438002.0,13.7603,8.43525,35.5164
2446002.0,14.4603,8.59273,36.912
2454002.0,14.1816,9.27534,38.6486
2462002.0,15.3866,9.27588,41.254
2470002.0,16.6174,9.13025,42.7874
2478002.0,17.837,9.26205,45.3222
2486002.0,18.3792,9.35264,46.5794
2494002.0,19.3654,9.54857,47.3017
2502002.0,19.9436,9.73435,49.1108
2510002.0,20.4553,10.1452,1.9368400000000001
2518002.0,20.6888,10.0645,4.220940000000001
2526002.0,21.5127,9.91924,5.67967
2534002.0,22.5991,9.869480000000001,7.306939999999999
2542002.0,22.3903,9.574819999999999,9.986930000000001
2550002.0,22.182,9.42165,12.3679
2558002.0,22.5246,9.07855,14.1604
2566002.0,23.3677,9.27055,15.6888
2574002.0,24.6883,9.861460000000001,17.2515
2582002.0,25.1923,10.5092,18.8547
2590002.0,26.4536,10.1892,21.1403
2598002.0,27.5395,10.5513,23.9938
2606002.0,28.1886,11.327,27.4929
2614002.0,29.6035,11.5038,29.1924
2622002.0,29.4748,11.7411,32.8431
2630002.0,29.9396,12.0911,35.7906
2638002.0,30.3993,11.6924,38.2367
2646002.0,30.5909,11.4533,41.4814
2654002.0,31.6929,11.3586,44.3895
2662002.0,31.9365,10.7862,45.7155
2670002.0,31.1924,10.9055,48.4793
2678002.0,31.7594,10.9854,3.39975
2686002.0,33.4316,11.5535,5.0116
2694002.0,34.4915,11.7718,6.61591
2702002.0,34.9986,11.64,8.69614
2710002.0,35.7444,11.7671,12.4163
2718002.0,36.8041,11.8826,14.6804
2726002.0,37.2799,12.0748,15.3827
2734002.0,38.0389,11.7157,17.6012
2742002.0,40.7455,11.8321,19.0362
2750002.0,42.138000000000005,11.2683,22.1118
2758002.0,42.8918,10.9504,25.5237
2766002.0,43.254,10.9921,29.5654
2774002.0,43.4287,10.4755,31.5396
2782002.0,44.20399999999999,10.3769,35.029
2790002.0,43.6951,9.92717,37.645
2798002.0,43.7868,8.9142,39.9093
2806002.0,45.3086,9.41992,43.5588
2814002.0,45.3679,9.42805,46.9742
2822002.0,45.6336,9.23029,48.59
2830002.0,46.3351,8.96365,0.520323
2838002.0,47.2193,8.88819,1.9023900000000002
2846002.0,48.2491,9.2399,3.94441
2854002.0,49.1648,8.914530000000001,7.191739999999999
2862002.0,0.6291180000000001,8.1765,10.1686
2870002.0,0.958677,8.676630000000001,12.0589
2878002.0,0.754875,8.62106,13.7764
2886002.0,0.780569,8.773760000000001,16.0298
2894002.0,0.665946,8.58193,17.734
2902002.0,1.19021,8.800139999999999,19.7616
2910002.0,0.8264520000000001,8.36326,21.7653
2918002.0,0.6528149999999999,8.10361,23.4343
2926002.0,0.45832799999999996,7.60835,26.9788
2934002.0,0.944623,7.53453,29.1878
2942002.0,0.901316,7.2713,31.3923
2950002.0,1.20288,7.24718,34.6321
2958002.0,1.53271,7.0300899999999995,36.7002
2966002.0,2.59871,6.737089999999999,38.3649
2974002.0,2.68666,6.4352800000000006,39.5197
2982002.0,2.59922,6.32397,42.3412
2990002.0,2.93244,6.26365,44.3088
2998002.0,2.7065,6.02787,46.0399
3006002.0,2.87183,6.2451,48.0721
3014002.0,3.0085,6.85301,1.03554
3022002.0,3.9984699999999997,6.9482,2.90538
3030002.0,5.83038,7.0624899999999995,6.990130000000001
3038002.0,6.604489999999999,7.53866,9.5745
3046002.0,6.8273399999999995,7.90344,12.3669
3054002.0,7.52145,8.35587,14.1968
3062002.0,8.01607,8.74628,15.7243
3070002.0,9.394630000000001,9.03106,18.1358
3078002.0,10.1777,9.54965,20.6226
3086002.0,10.7649,10.0158,23.869
3094002.0,11.9695,10.25,27.1937
3102002.0,12.595999999999998,10.2792,30.0207
3110002.0,13.6833,10.0275,33.0874
3118002.0,14.5952,10.1376,35.6817
3126002.0,15.1837,9.811869999999999,38.6556
3134002.0,16.2136,9.5933,42.1585
3142002.0,16.1906,9.655439999999999,45.1225
3150002.0,16.7863,9.55741,46.9925
3158002.0,18.6968,9.84808,0.16938399999999998
3166002.0,19.2433,9.90495,2.23127
3174002.0,20.5414,10.1516,3.66859
3182002.0,21.6275,10.2427,6.19307
3190002.0,23.2711,10.3876,8.66811
3198002.0,24.2331,10.45,12.1783
3206002.0,25.8984,10.479000000000001,15.0318
3214002.0,27.5078,10.7385,17.1258
3222002.0,29.3522,10.6033,20.2816
3230002.0,30.6698,10.5836,22.6032
3238002.0,31.0795,10.3972,25.0539
3246002.0,30.8244,10.1112,27.4993
3254002.0,31.1545,9.9853,29.6356
3262002.0,31.3478,9.72902,31.8194
3270002.0,31.2591,9.58682,34.2103
3278002.0,31.6326,9.69962,36.1815
3286002.0,32.0892,9.764619999999999,37.8532
3294002.0,31.6967,9.86278,39.2402
3302002.0,32.2514,9.89654,42.7374
3310002.0,32.3203,10.1587,44.3373
3318002.0,32.4921,10.7082,46.9076
3326002.0,34.0883,11.7443,0.560185
3334002.0,36.5499,12.7941,3.64897
3342002.0,37.6105,12.8011,6.82353
3350002.0,38.048,13.4474,9.69568
3358002.0,39.7322,13.7703,13.0425
3366002.0,42.5722,13.6128,17.1039
3374002.0,44.1343,13.8235,20.5382
3382002.0,45.2805,14.0225,24.2826
3390002.0,46.8126,14.415999999999999,26.0337
3398002.0,47.9463,14.3552,29.5832
3406002.0,49.1851,14.0374,32.8339
3414002.0,2.17157,14.2016,36.0695
3422002.0,3.89302,14.3012,39.3285
3430002.0,5.61228,14.4521,42.8242
3438002.0,6.530959999999999,14.427,46.0337
3446002.0,6.96073,14.4839,48.4974
3454002.0,7.89031,14.4655,1.61857
3462002.0,9.24168,15.0731,3.8019300000000005
3470002.0,8.9985,15.6044,7.10388
3478002.0,9.88743,16.2766,10.4209
3486002.0,10.0998,16.252,13.5531
3494002.0,11.4965,16.3036,18.1361
3502002.0,11.1912,16.3894,21.5313
3510002.0,11.2193,15.9294,26.2139
3518002.0,10.8225,15.8943,29.4584
3526002.0,11.7267,15.2581,34.0549
3534002.0,11.895999999999999,15.1985,37.1714
3542002.0,12.2535,15.3817,41.3581
3550002.0,12.817,15.4221,43.8337
3558002.0,12.5445,15.4941,46.8709
3566002.0,11.5942,14.9936,0.825975
3574002.0,11.63,14.4353,5.53669
3582002.0,12.4266,14.1458,9.26304
3590002.0,13.5513,14.4441,13.3182
3598002.0,14.83,15.0222,17.5859
3606002.0,15.8334,14.9865,19.7659
3614002.0,16.5351,14.7297,21.314
3622002.0,18.2039,15.4355,22.656999999999996
3630002.0,16.9828,16.7084,25.6005
3638002.0,16.6536,17.7097,29.8098
3646002.0,18.4207,15.9785,33.3833
3654002.0,18.027,15.5788,35.5204
3662002.0,18.694000000000003,15.4672,39.6204
3670002.0,18.8914,15.4938,43.0218
3678002.0,19.6795,14.9185,47.2029
3686002.0,20.7836,14.5971,1.5292
3694002.0,21.846,14.0854,4.82954
3702002.0,22.9122,13.9838,8.442689999999999
3710002.0,23.3545,13.7796,11.1087
3718002.0,23.6865,13.6496,13.4072
3726002.0,24.275,14.0546,16.0612
3734002.0,25.0589,14.257,19.0554
3742002.0,25.6816,14.1085,21.715
3750002.0,26.6202,14.6208,24.9173
3758002.0,27.5895,14.6229,27.8309
3766002.0,28.7339,15.1491,30.9486
3774002.0,29.8552,15.4363,33.8028
3782002.0,31.1245,15.4158,36.1296
3790002.0,32.2599,14.8826,39.0216
3798002.0,32.8559,14.4533,40.6848
3806002.0,33.8051,13.8855,43.1268
3814002.0,35.711,13.8219,44.34
3822002.0,36.0752,13.6414,47.1278
3830002.0,36.6006,13.8897,0.9684879999999999
3838002.0,36.985,14.1336,4.46362
3846002.0,37.4858,14.1701,8.38753
3854002.0,36.8556,14.1348,11.8802
3862002.0,36.4572,14.7416,14.970999999999998
3870002.0,38.033,15.6402,20.1291
3878002.0,39.5393,16.9023,25.9101
3886002.0,40.2963,15.8117,28.6576
3894002.0,41.3953,15.9266,31.8579
3902002.0,41.6371,16.3601,34.7267
3910002.0,42.3717,16.4652,38.2271
3918002.0,44.5975,16.9339,41.9949
3926002.0,46.4415,16.1884,44.4718
3934002.0,47.8451,16.0377,46.9863
3942002.0,48.4078,15.9186,0.715062
3950002.0,48.8636,16.3512,4.52182
3958002.0,0.142834,16.1117,8.39276
3966002.0,1.31235,15.3694,10.9114
3974002.0,1.98175,14.6397,13.3211
3982002.0,1.9866599999999999,14.6395,15.4594
3990002.0,2.84289,14.5001,18.5474
3998002.0,4.058590000000001,14.8707,20.7617
4006002.0,4.71673,14.8265,22.230999999999998
4014002.0,5.29626,14.8009,24.8055
4022002.0,6.54321,15.21,26.6238
4030002.0,7.3401,15.082,29.3696
4038002.0,8.82163,14.9739,31.1098
4046002.0,10.969000000000001,14.8878,33.9188
4054002.0,12.4197,15.0967,37.046
4062002.0,13.7852,14.6887,40.8126
4070002.0,13.9924,14.658,43.3297
4078002.0,13.4405,14.3093,46.3969
4086002.0,14.2057,14.0916,0.350004
4094002.0,15.2186,13.8994,2.86527
4102002.0,15.5688,13.8467,5.07067
4110002.0,15.7501,13.6294,7.45258
4118002.0,16.3329,13.8569,9.61383
4126002.0,17.1509,14.3029,11.8612
4134002.0,17.4578,14.8668,13.5698
4142002.0,17.7837,14.8227,15.8851
4150002.0,18.2127,14.2728,17.719
4158002.0,19.5566,13.6714,19.9655
4166002.0,20.5364,13.1574,22.3319
4174002.0,21.6859,12.8428,25.3174
4182002.0,22.6521,13.2118,28.2916
4190002.0,24.3752,13.0301,31.9085
4198002.0,25.9846,12.708,35.247
4206002.0,26.9744,12.6769,38.6166
4214002.0,28.6913,12.537,41.9407
4222002.0,30.1838,12.6641,44.6429
4230002.0,31.7454,13.071,46.9457
4238002.0,33.8703,13.6881,0.9282729999999999
4246002.0,35.4977,13.7672,4.33458
4254002.0,36.5365,13.8935,7.975
4262002.0,37.181,13.8779,11.15
4270002.0,38.0127,13.8491,14.414000000000001
4278002.0,39.2025,13.606,17.1935
4286002.0,40.3972,13.482999999999999,20.7348
4294002.0,40.7584,12.9499,23.6692
4302002.0,40.8078,12.5976,26.5534
4310002.0,41.3247,12.6891,28.7574
4318002.0,41.7186,12.623,30.0234
4326002.0,42.0879,12.8673,32.5985
4334002.0,42.6232,11.7678,34.749
4342002.0,42.7236,12.3549,36.7431
4350002.0,42.9467,11.7647,39.1503
4358002.0,42.5898,12.4069,41.548
4366002.0,43.6956,12.5304,43.9194
4374002.0,43.9304,12.6137,45.8039
4382002.0,44.4195,12.2629,48.093
4390002.0,45.0618,12.9645,1.49163
4398002.0,43.9992,12.8811,5.82833
4406002.0,45.0628,13.6218,9.11529
4414002.0,44.9523,14.360999999999999,11.5649
4422002.0,44.4198,13.9063,13.4119
4430002.0,44.6857,14.130999999999998,17.8029
4438002.0,45.458,14.6443,21.2721
4446002.0,45.316,15.5931,23.5408
4454002.0,45.7892,15.6866,26.699
4462002.0,46.824,16.0782,29.9298
4470002.0,48.0522,16.2172,33.7449
4478002.0,48.6833,16.439,36.8787
4486002.0,0.400539,16.7416,39.7567
4494002.0,1.01309,16.6271,43.0821
4502002.0,2.85835,16.1626,46.1481
4510002.0,3.34275,15.9511,48.7839
4518002.0,3.5832900000000003,16.0935,0.345901
4526002.0,4.61874,15.0548,2.39587
4534002.0,5.7096599999999995,14.7554,3.94507
4542002.0,5.73806,14.2261,5.9669099999999995
4550002.0,6.30437,13.5171,8.77828
4558002.0,7.902819999999999,13.558,10.8172
4566002.0,8.752360000000001,13.6516,13.3411
4574002.0,10.3793,13.9319,15.8469
4582002.0,11.5949,14.4595,17.9247
4590002.0,13.2784,14.7727,19.3716
4598002.0,14.6735,15.4736,21.6347
4606002.0,16.3537,15.8416,23.1952
4614002.0,16.9762,16.3789,24.4895
4622002.0,17.4697,16.3686,26.2356
4630002.0,18.7775,16.8868,27.7128
4638002.0,20.2359,16.7814,28.3533
4646002.0,20.8567,16.4898,31.2268
4654002.0,20.9482,16.1247,32.2405
4662002.0,22.6736,16.3769,34.8815
4670002.0,22.8678,16.3029,37.4874
4678002.0,23.7284,16.0308,40.732
4686002.0,24.7906,16.2688,43.4599
4694002.0,26.2356,16.1902,47.5914
4702002.0,27.6473,16.4395,0.727059
4710002.0,29.0159,16.4743,3.2311900000000002
4718002.0,30.3006,16.5387,5.415769999999999
4726002.0,30.4803,17.387999999999998,7.89665
4734002.0,32.443000000000005,17.6797,9.87503
4742002.0,33.0818,18.0308,12.1599
4750002.0,33.4759,18.2153,15.1414
4758002.0,34.0014,18.4965,17.875999999999998
4760002.0,33.9928,18.5016,18.303
4768002.0,34.5896,18.5762,23.2785
4776002.0,36.0108,19.5422,25.1579
4784002.0,37.6876,19.6218,29.3606
4792002.0,38.4139,19.0481,31.5425
4800002.0,39.8993,18.5506,34.0865
4808002.0,40.8038,19.1633,37.1808
4816002.0,42.9587,19.7107,40.2005
4824002.0,45.1161,20.1172,42.2308
4832002.0,46.6914,20.9207,45.2395
4840002.0,47.4038,21.2924,48.5267
4848002.0,48.4969,22.3074,1.97777
4856002.0,1.16656,21.8368,6.0814900000000005
4864002.0,0.761206,21.8261,10.7872
4872002.0,3.69772,21.6732,14.1925
4880002.0,3.47672,21.7215,17.289
4888002.0,4.14661,21.4961,19.9702
4896002.0,6.733460000000001,21.6037,23.3943
4904002.0,8.61214,21.5617,24.9155
4912002.0,9.445,21.4556,27.4609
4920002.0,12.6273,20.4548,30.3654
4928002.0,14.5922,20.2743,33.0349
4936002.0,16.1101,20.3729,36.4415
4944002.0,16.2991,20.8421,39.1214
4952002.0,17.4477,21.2176,42.6611
4960002.0,17.2862,21.346999999999998,46.1817
4968002.0,17.5982,21.5323,49.0667
4976002.0,18.8908,21.2991,2.9810000000000003
4984002.0,19.5081,22.0093,6.89452
4992002.0,20.6866,22.0504,9.69214
5000002.0,21.5579,22.0761,13.6245
5008002.0,22.2949,22.3614,17.8829
5016002.0,22.2881,22.5959,20.256
5024002.0,22.6518,22.7067,23.6942
5032002.0,22.5496,22.3605,27.4419
5040002.0,23.525,22.4712,31.3695
5048002.0,24.0616,22.334,33.8665
5056002.0,25.298000000000002,21.9064,37.5737
5064002.0,27.0072,21.1785,40.8591
5072002.0,28.3811,21.1837,44.192
5080002.0,29.3627,20.7874,48.3729
5088002.0,30.4517,20.5003,3.6424199999999995
5096002.0,32.7848,20.2666,8.294089999999999
5104002.0,33.7254,19.8751,12.6502
5112002.0,34.711999999999996,19.8801,16.1598
5120002.0,35.6773,19.7422,20.8117
5128002.0,37.0755,19.4767,25.6265
5136002.0,37.474000000000004,19.3451,29.6513
5144002.0,39.1325,19.2379,34.2397
5152002.0,40.1714,18.8771,39.3307
5160002.0,41.4692,18.6694,43.5656
5168002.0,42.2825,18.6516,47.7569
5176002.0,42.9239,18.3178,2.8115900000000003
5184002.0,43.6623,17.9423,6.50295
5192002.0,44.1146,17.803,9.77184
5200002.0,44.3433,17.5045,13.2473
5208002.0,45.3461,17.5236,16.1911
5216002.0,46.2336,17.4414,20.0758
5224002.0,46.6142,17.336,23.4998
5232002.0,47.6195,17.2393,27.4072
5240002.0,48.3629,17.215999999999998,31.1903
5248002.0,49.3557,16.9101,34.553000000000004
5256002.0,0.18517,16.8018,36.9919
5264002.0,0.8273459999999999,16.8306,40.9289
5272002.0,2.0965,17.2536,44.1895
5280002.0,3.21277,17.6625,48.6114
5288002.0,3.5594,18.0157,1.4219600000000001
5296002.0,4.338080000000001,18.053,5.5681400000000005
5304002.0,5.116969999999999,17.3345,9.16916
5312002.0,7.3397,17.4105,12.4337
5320002.0,6.70982,17.3755,15.7714
5328002.0,6.2474,17.3528,18.2162
5336002.0,7.5575399999999995,17.0229,21.8432
5344002.0,8.54213,16.9122,25.2407
5352002.0,9.191360000000001,16.9391,28.5828
5360002.0,8.857330000000001,17.0384,31.5228
5368002.0,9.367389999999999,17.0044,35.1864
5376002.0,10.0355,17.102999999999998,38.1052
5384002.0,10.3376,16.418,42.3461
5392002.0,9.80379,16.1069,44.3243
5400002.0,9.82661,15.8731,47.4856
5408002.0,9.65729,15.7172,1.62465
5416002.0,10.4212,15.975999999999999,5.157769999999999
5424002.0,10.4002,15.5755,7.84323
5432002.0,10.9292,15.0573,9.993319999999999
5440002.0,12.5544,15.0179,11.7959
5448002.0,13.4763,15.0128,14.1822
5456002.0,13.9725,14.9648,17.4403
5464002.0,14.9819,14.6635,20.5976
5472002.0,15.0422,14.3506,23.4247
5480002.0,16.0883,14.6284,26.7235
5488002.0,16.9206,14.8272,29.4697
5496002.0,17.5248,15.1427,33.0444
5504002.0,18.1554,14.8218,35.9178
5512002.0,19.0633,14.738,38.137
5520002.0,19.9596,14.9493,41.3426
5528002.0,21.1763,15.3228,44.8554
5536002.0,22.1588,14.9991,47.4177
5544002.0,23.0461,14.5858,1.1272
5552002.0,24.3926,13.8834,4.003819999999999
5560002.0,25.2849,13.4337,7.683789999999999
5568002.0,27.3427,12.874,9.96079
5576002.0,28.756,12.4664,11.4848
5584002.0,29.1299,12.79,14.828
5592002.0,29.730999999999998,13.4699,16.4478
5600002.0,30.9886,13.3473,18.5264
5608002.0,31.4631,13.3075,20.8784
5616002.0,31.6547,13.4138,23.3834
5624002.0,32.5817,13.4762,25.5436
5632002.0,34.7145,13.8948,28.5788
5640002.0,36.0947,14.3062,31.5343
5648002.0,37.7735,14.5402,34.936
5656002.0,38.5168,15.0296,37.724000000000004
5664002.0,39.2544,15.9168,41.3734
5672002.0,40.5931,16.2063,44.1929
5680002.0,41.8787,15.9506,46.2303
5688002.0,43.5557,15.5146,47.7344
5696002.0,45.1865,14.9127,49.4308
5704002.0,46.9984,14.3105,3.7542800000000005
5712002.0,47.187,11.725,3.11511
5720002.0,48.1779,12.0491,4.83177
5728002.0,49.152,12.222000000000001,6.27064
5736002.0,0.5862649999999999,11.5907,8.02975
5744002.0,1.7308400000000002,11.4923,11.1636
5752002.0,2.35529,11.5871,13.7755
5760002.0,2.83334,11.574000000000002,15.5288
5768002.0,3.96675,12.5857,17.2886
5776002.0,5.12819,12.9623,20.1554
5784002.0,5.0962,14.8059,21.1138
5792002.0,5.851380000000001,14.7774,22.6518
5800002.0,6.98687,14.4077,26.8575
5808002.0,9.40803,14.218,29.1606
5816002.0,11.2386,14.1452,32.5147
5824002.0,11.4809,13.8422,34.2804
5832002.0,11.5251,14.1171,35.9565
5840002.0,11.5082,13.9939,38.4371
5848002.0,12.3901,14.5874,40.9878
5856002.0,12.6942,14.4086,44.0815
5864002.0,14.6617,14.817,45.4744
5872002.0,15.4309,14.9483,48.0242
5880002.0,15.7732,15.1252,0.9783440000000001
5888002.0,17.5688,15.8394,5.005780000000001
5896002.0,19.3675,15.1883,6.58443
5904002.0,20.1665,13.5521,9.56981
5912002.0,20.7112,13.6942,12.5255
5920002.0,21.669,13.9681,14.6627
5928002.0,22.9508,13.929,16.9878
5936002.0,23.3446,14.2769,20.1973
5944002.0,23.9445,14.7722,23.3876
5952002.0,24.4175,14.9953,27.2479
5960002.0,24.366,15.4003,29.9562
5968002.0,25.6368,15.7459,33.2309
5976002.0,26.7699,15.2567,37.1748
5984002.0,26.5518,15.0061,39.005
5992002.0,29.6518,10.0096,47.0549
6000002.0,30.8139,9.80091,0.161691
6008002.0,31.0489,9.28239,1.59705
6016002.0,31.7774,8.86473,2.2716
6024002.0,33.5845,8.36405,5.7410000000000005
6032002.0,33.7806,8.77557,9.353
6040002.0,40.9578,8.23372,12.2113
6048002.0,40.3153,7.89209,11.7973
6056002.0,39.2852,12.7177,14.2776
6064002.0,39.051,13.2587,17.6721
6072002.0,39.5142,13.6534,20.453
6080002.0,40.3926,13.9565,23.4181
6088002.0,41.0247,13.5997,25.5899
6096002.0,41.4141,13.0046,27.8506
6104002.0,42.1657,12.9568,30.2764
6112002.0,43.883,13.1029,33.9543
6120002.0,45.3162,12.8049,37.7736
6128002.0,45.5115,13.3726,40.5674
6136002.0,46.556000000000004,12.3101,43.3122
6144002.0,46.8951,12.4162,45.9814
6152002.0,47.3622,11.6324,48.3089
6160002.0,46.0494,10.4795,0.6166550000000001
6168002.0,47.2417,10.8472,3.84462
6176002.0,47.3028,10.8965,6.93739
6184002.0,47.5274,10.7537,8.816
6192002.0,48.0653,10.7431,10.7301
6200002.0,49.4605,10.5952,13.1301
6208002.0,0.78133,10.7059,15.8742
6216002.0,1.6412,10.4875,18.579
6224002.0,1.90612,10.3996,20.9578
6232002.0,2.64121,10.4064,23.587
6240002.0,3.43751,10.2736,26.3873
6248002.0,4.02378,10.1698,28.8095
6256002.0,5.79885,10.2473,30.8484
6264002.0,6.87153,10.6528,33.1381
6272002.0,7.6889,10.9553,35.3579
6280002.0,8.09403,10.8235,37.8429
6288002.0,8.59646,10.7457,40.889
6296002.0,9.244069999999999,10.4847,43.5746
6304002.0,10.2921,9.66046,46.6784
6312002.0,11.5255,9.51445,0.06663469999999999
6320002.0,12.8389,9.32433,2.2719
6328002.0,14.0914,9.14529,4.67932
6336002.0,15.207,8.965910000000001,6.1311599999999995
6344002.0,15.0139,8.90755,9.314210000000001
6352002.0,14.4972,9.03989,12.2764
6360002.0,14.6744,9.04916,14.6885
6368002.0,14.8301,8.53549,17.5384
6376002.0,15.9089,8.551969999999999,20.2788
6384002.0,16.7496,8.454239999999999,22.0664
6392002.0,16.9548,8.76297,24.0906
6400002.0,16.9835,9.14006,26.1781
6408002.0,16.5252,9.27679,29.9533
6416002.0,16.7181,9.56081,31.6383
6424002.0,16.8947,9.72062,33.3938
6432002.0,17.4635,9.74452,34.989000000000004
6440002.0,18.0565,10.3265,36.4443
6448002.0,18.2846,10.5302,38.5013
6456002.0,18.644000000000002,10.7298,40.0683
6464002.0,19.2701,10.8063,41.8403
6472002.0,19.6963,11.0392,45.6625
6480002.0,21.0649,10.9865,46.7316
6488002.0,23.0372,11.0766,48.1107
6496002.0,23.9936,11.2333,0.302831
6504002.0,26.0304,11.7677,2.97399
6512002.0,27.454,11.9869,5.172630000000001
6520002.0,28.2143,12.4342,7.912669999999999
6528002.0,29.0496,12.7614,10.8256
6536002.0,29.8412,13.0614,14.0472
6544002.0,30.0133,13.1073,15.8471
6552002.0,30.0412,13.0237,17.3114
6560002.0,30.6336,12.9799,19.4257
6568002.0,31.2695,12.8997,21.1174
6576002.0,32.7685,12.8855,24.1781
6584002.0,34.2133,12.8113,27.2211
6592002.0,34.6956,13.0376,29.4492
6600002.0,35.787,13.2355,31.7287
6608002.0,36.1263,13.6207,34.5587
6616002.0,37.1051,13.0663,36.6677
6624002.0,38.4727,12.9742,38.9336
6632002.0,39.6546,12.6306,41.068999999999996
6640002.0,39.8137,12.14,43.629
6648002.0,40.5906,12.0457,45.6722
6656002.0,42.199,12.1509,48.0592
6664002.0,43.1404,12.1799,0.435483
6672002.0,44.4727,11.7935,3.05159
6680002.0,45.4301,11.1399,6.09895
6688002.0,46.4698,11.0099,8.16845
6696002.0,48.7002,10.9525,10.3267
6704002.0,0.609779,10.619000000000002,12.3723
6712002.0,1.73432,10.4716,14.163
6720002.0,2.72743,10.3034,15.7807
6728002.0,3.25562,10.1227,17.0405
6736002.0,3.77375,9.925510000000001,19.1564
6744002.0,4.500430000000001,9.5018,21.4709
6752002.0,5.53824,9.64385,23.5698
6760002.0,6.32748,10.0005,25.0876
6768002.0,6.27046,10.497,27.2314
6776002.0,7.00847,10.6055,29.6631
6784002.0,7.52699,10.8746,31.9535
6792002.0,8.23745,10.907,34.0669
6800002.0,8.96718,11.083,36.2338
6808002.0,9.69254,10.9093,38.6029
6816002.0,9.94029,11.0882,41.1824
6824002.0,10.6074,11.0774,43.6403
6832002.0,11.8073,11.1971,46.2058
6840002.0,11.9879,10.9998,48.8118
6848002.0,12.7277,11.0867,0.921243
6856002.0,12.5751,10.762,3.08766
6864002.0,12.4316,10.5803,4.91516
6872002.0,13.0771,10.7259,7.54909
6880002.0,14.0493,10.9252,10.1312
6888002.0,15.3179,10.957,12.561
6896002.0,16.3131,10.9709,14.2339
6904002.0,17.226,10.9176,16.2199
6912002.0,18.7546,10.9344,18.5225
6920002.0,19.8533,10.8719,21.4675
6928002.0,21.27,10.4754,23.5052
6936002.0,21.3124,10.6381,24.840999999999998
6944002.0,22.5127,10.7478,25.7301
6952002.0,24.1011,11.2192,26.2766
6960002.0,24.955,10.9257,26.3372
6968002.0,26.2019,11.168,26.4925
6976002.0,27.1301,11.0307,27.7734
6984002.0,27.6116,10.753,29.8726
6992002.0,28.3168,10.8931,31.4054
7000002.0,28.8695,10.8629,32.3364
7008002.0,29.5396,10.9014,33.426
7016002.0,30.1544,10.8603,35.4694
7024002.0,31.139,10.8122,37.7446
7032002.0,31.5019,10.9353,40.0919
7040002.0,31.7537,11.3376,42.4902
7048002.0,32.3887,10.3033,44.0471
7056002.0,33.6417,10.021,45.6993
7064002.0,35.409,10.1895,47.8269
7072002.0,36.4285,10.2842,0.5690109999999999
7080002.0,36.5248,10.5681,2.12442
7088002.0,37.1328,10.1527,3.8254
7096002.0,37.2506,10.1507,5.13619
7104002.0,37.0308,9.84579,6.3476099999999995
7112002.0,37.2421,9.71188,8.36116
7120002.0,38.8477,9.259910000000001,10.1064
7128002.0,39.0678,9.12011,11.6388
7136002.0,39.8076,8.99388,13.1961
7144002.0,40.2224,8.86988,15.0663
7152002.0,41.0684,9.07886,17.207
7160002.0,42.5971,9.11477,19.2891
7168002.0,43.7095,9.1095,20.9046
7176002.0,43.8583,9.58793,23.1542
7184002.0,44.768,9.75426,25.4797
7192002.0,44.7436,10.947000000000001,28.2983
7200002.0,46.1556,11.5389,31.3522
7204002.0,46.0633,11.6035,32.08
7212002.0,47.5489,11.7145,34.3948
7220002.0,48.843999999999994,11.0514,36.4089
7228002.0,0.534837,10.9268,38.1481
7236002.0,1.8130400000000002,11.0148,40.1106
7244002.0,2.43661,10.8625,42.4659
7252002.0,2.06067,10.7725,44.6317
7260002.0,2.74265,10.6077,46.3313
7268002.0,3.3346699999999996,10.6302,49.2035
7276002.0,4.51735,10.8633,0.687886
7284002.0,4.81675,10.5328,2.5420599999999998
7292002.0,5.79864,10.2867,3.04667
7300002.0,7.30403,10.2728,5.41659
7308002.0,7.9736,10.2629,7.831010000000001
7316002.0,9.16341,10.0164,8.74164
7324002.0,9.63344,10.1077,10.7354
7332002.0,9.98378,9.89789,13.2457
7340002.0,10.304,10.0137,15.3066
7348002.0,10.363,10.2523,16.206
7356002.0,10.8717,10.9152,18.6095
7364002.0,11.7982,10.9567,20.2103
7372002.0,11.6136,10.964,21.9778
7380002.0,11.5049,10.7681,23.4926
7388002.0,11.7341,10.3423,25.77
7396002.0,11.4944,10.4006,27.3003
7404002.0,12.0225,11.0388,29.6406
7412002.0,13.0341,10.9904,31.6007
7420002.0,12.8828,11.6974,34.6151
7428002.0,13.7676,11.9958,37.2425
7436002.0,13.9713,12.0075,39.5846
7444002.0,14.0253,12.2928,41.672
7452002.0,14.4436,12.2731,43.9641
7460002.0,14.3606,12.4533,46.2694
7468002.0,14.2678,12.4586,48.9724
7476002.0,14.6919,13.0681,1.2475
7484002.0,15.9351,13.1582,4.4183900000000005
7492002.0,16.9627,13.0189,6.66201
7500002.0,18.0278,12.6544,9.694989999999999
7508002.0,19.3781,12.0798,10.8004
7516002.0,20.393,11.8997,12.7484
7524002.0,21.1648,11.3064,14.9585
7532002.0,21.8392,11.1895,17.0991
7540002.0,22.7592,10.8239,18.2855
7548002.0,23.4629,10.9151,18.6984
7556002.0,24.7198,11.4563,21.2556
7564002.0,24.6752,11.6115,22.0894
7572002.0,25.4465,11.8735,23.3895
7580002.0,26.5043,11.9457,25.7282
7588002.0,26.3754,12.0221,29.1206
7596002.0,26.5492,12.3468,30.7064
7604002.0,27.2925,12.276,32.8103
7612002.0,27.7974,11.8254,36.3903
7620002.0,28.3617,11.7891,38.5421
7628002.0,29.2713,11.7793,41.8436
7636002.0,30.8917,11.7857,43.5486
7644002.0,31.5193,11.7294,45.7933
7652002.0,32.9171,11.9232,47.345
7660002.0,32.8686,12.207,48.4026
7668002.0,35.245,12.3668,2.6031
7676002.0,34.3556,12.8059,6.15393
7684002.0,34.8882,12.8293,8.51872
7692002.0,36.5744,10.7451,11.4895
7700002.0,37.4338,10.0746,12.3775
7708002.0,37.6674,10.4459,14.4154
7716002.0,37.8958,9.785160000000001,17.3089
7724002.0,38.8319,9.81431,18.5827
7732002.0,39.9311,9.64793,20.595
7740002.0,41.5815,9.811919999999999,22.6838
7748002.0,42.2531,9.507639999999999,24.5682
7756002.0,42.9173,9.38188,26.6212
7764002.0,43.4846,9.69462,28.7689
7772002.0,43.7733,9.595089999999999,30.6615
7780002.0,44.5184,9.45058,32.7696
7788002.0,44.7924,9.36968,35.1131
7796002.0,45.5948,9.04341,36.3906
7804002.0,46.4584,8.7746,37.876
7812002.0,47.1271,8.65499,39.5621
7820002.0,47.9752,8.70936,40.4514
7828002.0,49.3874,7.94315,42.1389
7836002.0,0.505214,8.11403,44.6346
7844002.0,1.0416100000000001,8.4085,45.4419
7852002.0,2.10416,8.84932,47.8222
7860002.0,2.3130599999999997,8.74952,49.077
7868002.0,2.83108,8.035789999999999,2.51323
7876002.0,3.08759,8.0805,3.96915
7884002.0,4.412030000000001,7.133030000000001,5.2855099999999995
7892002.0,5.3194099999999995,6.50261,6.652260000000001
7900002.0,5.6279699999999995,6.2684,8.56358
7908002.0,6.38218,6.22474,9.402389999999999
7916002.0,6.511340000000001,5.79218,10.9689
7924002.0,6.88908,6.050730000000001,11.6424
7932002.0,7.18785,6.43513,12.2675
7940002.0,7.53269,6.95442,13.2722
7948002.0,8.37008,7.427160000000001,14.1856
7956002.0,8.153939999999999,7.164510000000001,15.6117
7964002.0,8.34155,6.898639999999999,17.3462
7972002.0,8.34675,6.91132,18.9237
7980002.0,8.17327,6.79868,20.6537
7988002.0,8.524389999999999,6.57885,22.2656
7996002.0,9.05056,6.7248399999999995,23.1669
