2.0,0.615186,6.780760000000001,39.1203
8002.0,2.8399,7.02747,39.6605
16002.0,3.4917300000000004,7.191269999999999,41.5943
24002.0,3.6188599999999997,7.3829199999999995,44.3647
32002.0,4.03282,7.3167100000000005,45.617
40002.0,4.89949,7.394610000000001,46.5395
48002.0,5.0466,7.2396899999999995,49.3563
56002.0,5.100969999999999,7.32638,2.42912
64002.0,4.9031400000000005,7.32603,3.79017
72002.0,5.13981,7.35508,5.25936
80002.0,4.970280000000001,7.61067,6.81663
88002.0,5.16559,7.58893,8.75348
96002.0,5.12035,7.48464,10.3631
104002.0,5.035159999999999,7.75253,12.0185
112002.0,4.7790099999999995,8.06856,13.1771
120002.0,4.72405,7.99965,14.1677
128002.0,5.57138,7.920260000000001,15.7388
136002.0,6.911789999999999,7.923660000000001,17.5295
144002.0,7.31067,8.33799,18.9061
152002.0,7.419919999999999,7.942419999999999,19.3947
160002.0,9.99554,7.64306,19.5888
168002.0,10.0614,7.7283,20.381
176002.0,10.2071,7.556780000000001,21.2021
184002.0,10.3365,7.5857600000000005,22.4948
192002.0,11.0539,7.632789999999999,24.0124
200002.0,11.5562,7.961989999999999,26.2182
208002.0,12.0912,7.67758,28.0863
216002.0,12.8587,7.82264,30.9328
224002.0,12.7872,8.20302,34.6347
232002.0,13.208,8.11933,37.5728
240002.0,13.8269,7.839980000000001,39.6461
248002.0,13.7536,7.67259,41.4935
256002.0,13.9696,7.7000399999999996,43.6418
264002.0,13.9559,7.83045,46.0499
272002.0,15.0121,7.82032,48.1465
280002.0,15.4537,8.01602,0.486092
288002.0,15.6587,8.5362,3.6910000000000003
296002.0,16.225,8.39478,6.32961
304002.0,16.742,8.34579,9.330860000000001
312002.0,17.6578,8.49548,11.9747
320002.0,19.0536,8.67595,14.4754
328002.0,20.3511,8.67215,17.0817
336002.0,21.3931,8.83291,19.6252
344002.0,21.5369,8.92217,22.29
352002.0,22.0582,8.993310000000001,24.813000000000002
360002.0,22.6524,9.24418,26.8974
368002.0,23.9639,9.14381,28.572
376002.0,24.5066,8.887030000000001,30.6617
384002.0,25.5261,9.08031,31.9613
392002.0,25.5897,8.953669999999999,34.1787
400002.0,25.9073,8.94254,37.2228
408002.0,26.5591,8.96168,40.2873
416002.0,27.2033,8.646230000000001,41.7567
424002.0,28.0437,8.33099,44.0472
432002.0,28.9536,7.63134,44.9191
440002.0,29.1834,7.18848,47.071999999999996
448002.0,30.0409,6.51215,48.8167
456002.0,30.0282,6.31376,0.0924038
464002.0,30.229,6.460430000000001,0.403158
472002.0,30.8777,5.85105,1.73689
480002.0,31.3919,5.902430000000001,3.3453199999999996
488002.0,32.5505,5.9545,4.36975
496002.0,34.0756,6.01471,5.46059
504002.0,33.9735,6.1801699999999995,6.87356
512002.0,35.056999999999995,6.53662,8.54665
520002.0,38.8415,5.95289,10.1006
528002.0,40.6071,6.02562,13.8765
536002.0,42.8687,5.49365,17.2334
544002.0,44.1644,4.988569999999999,18.8336
552002.0,46.0742,4.840990000000001,20.1933
560002.0,46.9245,4.62372,21.3899
568002.0,47.4816,4.45979,22.2864
576002.0,47.7485,4.46001,23.6539
584002.0,48.1481,4.1653199999999995,25.2697
592002.0,48.6262,4.01745,26.2158
600002.0,49.1214,3.9093199999999997,27.1641
608002.0,49.1024,3.9975,27.866
616002.0,0.139456,3.68074,29.323
624002.0,0.578505,3.30833,31.1406
632002.0,0.552726,3.34942,33.0275
640002.0,0.79424,3.3238800000000004,34.9191
648002.0,1.11335,2.955,35.9921
656002.0,2.72499,2.40043,36.9675
664002.0,3.5463699999999996,2.55733,38.5197
672002.0,4.52166,2.50275,40.576
680002.0,5.1788300000000005,2.50267,42.528999999999996
688002.0,6.5343,2.75558,45.1894
696002.0,7.13048,2.695,46.356
704002.0,7.938210000000001,2.8997,48.2169
712002.0,8.06002,2.54542,0.42468
720002.0,8.135869999999999,2.5354,0.637459
728002.0,8.50994,2.76495,1.57046
736002.0,8.490260000000001,2.71041,2.33302
744002.0,9.03357,2.5993,3.04084
752002.0,9.68743,2.94804,3.48169
760002.0,9.89039,3.14761,4.47348
768002.0,10.1821,3.20525,5.81117
776002.0,10.2462,3.13227,6.587560000000001
784002.0,10.2626,2.91476,7.182510000000001
792002.0,10.4016,2.7785599999999997,7.6867
800002.0,10.4786,2.6564900000000002,9.154860000000001
808002.0,10.815999999999999,2.54513,9.86512
816002.0,12.1659,2.42588,10.8633
824002.0,12.4327,2.58982,10.4881
832002.0,13.7517,2.61605,11.4667
840002.0,13.401,2.72942,11.7639
848002.0,13.7976,2.84367,11.9818
856002.0,14.9585,2.92171,12.589
864002.0,16.9643,3.32389,12.8856
872002.0,17.311,3.40675,14.0772
880002.0,17.7788,3.71867,15.0576
888002.0,18.6633,3.6838300000000004,16.3766
896002.0,20.0768,3.6647800000000004,17.5472
904002.0,21.0803,3.6201,19.0389
912002.0,22.8067,3.49526,20.658
920002.0,23.75,3.23272,22.4243
928002.0,24.1754,3.3706699999999996,23.371
936002.0,24.7819,3.4668400000000004,23.678
944002.0,25.0808,3.57064,24.1526
952002.0,26.3581,3.3157699999999997,25.1799
960002.0,26.8997,3.54595,26.3097
968002.0,27.0295,3.57006,27.1858
976002.0,27.4633,3.23415,27.5916
984002.0,28.9501,3.4828300000000003,28.8335
992002.0,29.5912,3.45676,29.6457
1000002.0,30.0935,3.34376,30.3466
1008002.0,31.013,3.39794,30.8844
1016002.0,31.973000000000003,3.2244,31.5935
1024002.0,32.7488,3.14508,32.3431
1032002.0,33.0721,3.30475,33.0565
1040002.0,34.3455,3.50791,34.236999999999995
1048002.0,34.5321,3.59173,35.317
1056002.0,35.0559,3.688,36.0633
1064002.0,35.6008,3.74431,37.4759
1072002.0,36.0426,3.71466,39.1185
1080002.0,37.3103,3.7968300000000004,39.5793
1088002.0,37.8184,4.2997,40.5986
1096002.0,38.8797,4.48043,41.4912
1104002.0,39.4955,4.42591,42.8784
1112002.0,39.177,4.19945,45.1055
1120002.0,40.2632,4.32373,46.5741
1128002.0,40.7705,3.62675,47.7062
1136002.0,41.422,3.40234,49.0454
1144002.0,41.7416,3.3837599999999997,0.575659
1152002.0,42.1956,3.1576400000000002,1.7228299999999999
1160002.0,42.3148,2.66128,2.46285
1168002.0,42.4418,2.95023,2.6846
1176002.0,42.7598,3.3138300000000003,3.48959
1184002.0,42.9438,3.08696,4.05609
1192002.0,43.091,3.02251,4.77005
1200002.0,43.3721,3.2936,5.47832
1208002.0,44.5326,3.20968,6.3510599999999995
1216002.0,45.5668,3.3224400000000003,6.58327
1224002.0,46.6614,3.46654,7.92528
1232002.0,48.0288,3.6898,8.70434
1240002.0,48.6091,3.89341,9.741710000000001
1248002.0,48.9374,3.88217,11.253
1256002.0,0.399503,3.5997800000000004,11.6721
1264002.0,0.74678,3.59858,12.6671
1272002.0,1.3820700000000001,3.5230300000000003,13.927
1280002.0,2.58367,3.36155,15.0645
1288002.0,3.2993099999999997,3.35436,16.0006
1296002.0,3.51514,3.4184699999999997,17.6218
1304002.0,4.63826,3.45781,18.6051
1312002.0,5.0471900000000005,3.47793,19.7496
1320002.0,5.78656,3.57491,20.5942
1328002.0,5.94038,3.66604,21.6489
1336002.0,6.4502,3.5844099999999997,22.2934
1344002.0,6.85819,3.54849,23.4305
1352002.0,7.4363600000000005,3.3429900000000004,25.0387
1360002.0,8.05936,2.94197,25.1372
1368002.0,8.29256,2.81098,25.7204
1376002.0,8.39073,2.90809,26.2882
1384002.0,8.540230000000001,3.08323,26.6258
1392002.0,8.75377,3.0626599999999997,27.2281
1400002.0,8.95502,2.95436,28.254
1408002.0,9.087439999999999,2.91387,28.9841
1416002.0,9.03252,2.9285,29.9451
1424002.0,8.93213,2.98293,31.1967
1432002.0,8.93576,2.9569,32.2424
1440002.0,9.52105,3.11082,33.1264
1448002.0,9.86015,3.14932,33.9736
1456002.0,10.2274,3.13268,34.3388
1464002.0,10.3452,3.19042,34.3353
1472002.0,10.7556,3.16776,35.1292
1480002.0,11.0594,3.1197,35.3558
1488002.0,11.2108,3.09758,36.1545
1496002.0,11.3825,2.9938,36.8618
1504002.0,11.6981,2.98189,37.5427
1512002.0,12.2081,2.9636,38.1617
1520002.0,12.5816,2.91933,39.0621
1528002.0,12.7683,2.88089,40.2236
1536002.0,12.7731,2.83928,40.9738
1544002.0,12.9874,3.03706,41.6936
1552002.0,13.4522,2.84364,42.3639
1560002.0,13.3286,2.93459,43.7216
1568002.0,14.1396,3.3987300000000005,44.7701
1576002.0,14.3868,3.6878300000000004,45.4445
1584002.0,14.3328,3.6877199999999997,46.3566
1592002.0,14.3674,3.61875,46.8869
1600002.0,14.53,3.31846,47.5623
1608002.0,14.2586,3.28597,48.732
1616002.0,14.4043,3.26092,0.283459
1624002.0,14.5087,3.08997,1.7868700000000002
1632002.0,14.4013,3.12337,2.7065200000000003
1640002.0,15.2845,3.84332,4.90391
1648002.0,15.4808,4.05196,5.67011
1656002.0,15.434000000000001,4.69039,7.65769
1664002.0,15.5776,4.21681,8.712589999999999
1672002.0,16.9537,4.2322,9.14487
1680002.0,16.873,4.19568,10.2028
1688002.0,16.9922,4.2665,10.8623
1696002.0,16.9121,4.11575,11.8319
1704002.0,16.5832,3.87293,12.7515
1712002.0,16.323,3.77941,13.3952
1720002.0,16.2901,3.95689,14.3888
1728002.0,15.9307,4.00441,14.9691
1736002.0,16.1834,4.06807,15.5503
1744002.0,15.9923,4.17734,16.5514
1752002.0,16.2748,4.21646,17.3851
1760002.0,16.6026,4.01401,18.4865
1768002.0,17.1638,3.9082,19.6009
1776002.0,17.9389,3.6659300000000004,20.7834
1784002.0,17.9581,3.37612,21.403000000000002
1792002.0,17.750999999999998,2.95384,21.609
1800002.0,18.4056,2.75025,22.5785
1808002.0,18.5271,2.43071,22.9956
1816002.0,19.0369,2.5566400000000002,23.2657
1824002.0,19.2234,2.5032200000000002,23.1972
1832002.0,19.5872,2.42605,23.1385
1840002.0,20.7005,2.57896,23.8839
1848002.0,20.721,2.59877,25.2924
1856002.0,21.1321,2.7328900000000003,26.02
1864002.0,21.3472,2.59599,26.4792
1872002.0,21.4108,2.6643,26.5262
1880002.0,21.4113,2.70633,27.6003
1888002.0,21.63,2.71602,28.3361
1896002.0,22.144000000000002,2.8700200000000002,29.1726
1904002.0,22.3202,2.70575,28.7537
1912002.0,22.5553,2.2864299999999997,27.8282
1920002.0,22.4246,2.3206,28.6839
1928002.0,22.4368,2.3599900000000003,29.344
1936002.0,22.7178,2.3282700000000003,29.3989
1944002.0,22.1451,2.36675,29.5313
1952002.0,21.8991,2.4654599999999998,29.997
1960002.0,22.0821,2.3136799999999997,29.7391
1968002.0,22.7002,2.2195099999999996,29.302
1976002.0,22.8113,2.29999,30.284000000000002
1984002.0,23.1993,2.2584299999999997,31.1759
1992002.0,24.8848,2.53346,32.2907
2000002.0,25.6731,2.61574,33.1114
2008002.0,25.8898,2.86743,34.6125
2016002.0,26.4023,2.75775,36.0081
2024002.0,26.2815,2.81981,36.1522
2032002.0,26.3413,2.80524,36.6804
2040002.0,26.5652,2.95745,37.4131
2048002.0,26.8291,3.06431,38.3914
2056002.0,27.6105,3.28137,38.9666
2064002.0,27.9979,3.15271,39.3576
2072002.0,28.804000000000002,3.0523700000000002,39.6696
2080002.0,28.7671,2.96854,39.8509
2088002.0,28.5963,2.84781,40.0615
2096002.0,28.8717,2.8535,40.6527
2104002.0,29.1781,3.0884,41.4567
2112002.0,29.0054,2.7197,41.8402
2120002.0,29.1833,2.77418,42.6164
2128002.0,29.2501,2.80576,42.9857
2136002.0,29.5497,2.8090200000000003,44.0732
2144002.0,29.4456,2.96061,45.5276
2152002.0,29.5257,2.79622,46.0505
2160002.0,29.2639,2.85252,46.8636
2168002.0,28.9908,2.95383,47.6909
2176002.0,28.8577,2.8574900000000003,48.4884
2184002.0,29.0919,2.8104,48.8265
2192002.0,29.1756,2.77807,48.9467
2200002.0,29.0021,2.89885,49.3114
2208002.0,29.1412,2.99504,0.561757
2216002.0,29.4796,2.91966,0.7492939999999999
2224002.0,29.9667,2.8706099999999997,1.71438
2232002.0,29.9333,2.74127,2.1945900000000003
2240002.0,30.3542,2.61622,3.01702
2248002.0,30.5445,2.59782,4.39087
2256002.0,30.6158,2.4931900000000002,4.59152
2264002.0,30.5342,2.54915,4.8815800000000005
2272002.0,30.831999999999997,2.42334,5.09928
2280002.0,30.9428,2.41903,5.60721
2288002.0,30.5186,2.5020599999999997,6.6033800000000005
2296002.0,31.1108,2.5390599999999997,7.503480000000001
2304002.0,32.1064,2.54452,8.49622
2312002.0,32.0311,2.43463,9.28668
2320002.0,32.4089,2.51221,10.2552
2328002.0,32.5822,2.42983,10.6818
2336002.0,32.5689,2.66495,11.8166
2344002.0,32.6988,2.42167,11.9929
2352002.0,32.5491,2.56243,13.7378
2360002.0,33.102,2.45242,14.5142
2368002.0,34.1812,2.37925,16.3107
2376002.0,34.7032,2.37406,17.6156
2384002.0,34.827,2.39296,18.8249
2392002.0,36.6241,2.24958,20.3872
2400002.0,36.6643,2.45233,20.6628
2408002.0,36.6707,2.27073,21.6248
2414002.0,37.1318,2.23043,23.0306
2422002.0,37.9208,2.40522,23.2328
2430002.0,39.3386,2.33133,23.6377
2438002.0,40.6087,2.68505,24.1956
2446002.0,41.5944,2.8347700000000002,24.5565
2454002.0,42.2004,2.96124,24.8501
2462002.0,42.6499,3.02353,25.2575
2470002.0,42.3942,3.06566,25.458000000000002
2478002.0,42.7269,2.89742,25.6495
2486002.0,42.971000000000004,3.0111,26.1184
2494002.0,43.3679,2.75276,27.0182
2502002.0,43.6088,2.6059,28.2671
2510002.0,44.0547,2.59355,29.4668
2518002.0,44.1869,2.50935,30.1826
2526002.0,44.3018,2.58434,30.6904
2534002.0,45.0955,2.52446,31.3057
2542002.0,45.2957,2.53697,32.2844
2550002.0,45.7279,2.51933,33.0999
2558002.0,45.7237,2.52806,33.0592
2566002.0,45.5858,2.60882,33.2463
2574002.0,45.7267,2.5765700000000002,34.2325
2582002.0,45.9339,2.71787,34.8036
2590002.0,46.5423,3.15125,35.6065
2598002.0,46.8955,3.32786,37.1165
2606002.0,46.8628,3.26587,38.5366
2614002.0,46.9506,3.23749,39.8495
2622002.0,46.9586,3.1245,41.6928
2630002.0,47.4227,3.1268,42.5389
2638002.0,47.9135,2.9189700000000003,43.6152
2646002.0,47.8314,2.60949,44.9406
2654002.0,47.9967,2.5884,45.9784
2662002.0,47.9321,2.60163,46.4174
2670002.0,47.8551,2.73525,47.6706
2678002.0,48.3331,2.7858,49.2686
2686002.0,48.9696,2.71068,0.6972729999999999
2694002.0,49.4755,2.9129099999999997,1.51201
2702002.0,0.25813400000000003,2.8547599999999997,2.67643
2710002.0,1.07216,2.8654,4.399380000000001
2718002.0,1.45869,2.82186,6.03415
2726002.0,1.14489,2.82789,6.30013
2734002.0,1.16812,2.80781,7.41553
2742002.0,1.4335,2.7793,8.658380000000001
2750002.0,2.11801,3.00659,9.44721
2758002.0,2.5605700000000002,3.15908,10.4004
2766002.0,3.46096,3.6887300000000005,12.492
2774002.0,3.24647,3.77485,13.1155
2782002.0,4.1495,4.040690000000001,14.2046
2790002.0,4.03911,4.16315,16.0466
2798002.0,3.85545,4.1826,17.4345
2806002.0,4.89217,3.98849,18.4669
2814002.0,4.74566,4.145969999999999,20.772
2822002.0,5.0539,4.16445,22.3202
2830002.0,5.45861,4.08113,23.3407
2838002.0,5.70399,4.16856,24.3233
2846002.0,7.039839999999999,4.2893099999999995,25.6239
2854002.0,7.68956,4.1139,27.3429
2862002.0,8.17005,3.72135,29.2966
2870002.0,8.4416,3.34102,30.3062
2878002.0,8.51723,3.34385,30.6811
2886002.0,8.613539999999999,3.3786099999999997,32.0256
2894002.0,8.778310000000001,3.2006,32.7783
2902002.0,9.287180000000001,3.24155,33.817
2910002.0,9.41257,3.19599,34.8298
2918002.0,9.26034,3.0314799999999997,35.8822
2926002.0,9.04113,2.51784,37.0785
2934002.0,8.93719,2.8790400000000003,38.2465
2942002.0,9.12894,3.19391,42.208999999999996
2950002.0,9.16602,3.1854,43.2407
2958002.0,9.42577,3.13383,44.5285
2966002.0,9.9874,2.99226,45.7972
2974002.0,10.3259,2.9977099999999997,46.4527
2982002.0,10.7748,2.9393700000000003,47.6426
2990002.0,11.522,3.18526,48.24
2998002.0,11.6966,2.8707700000000003,49.1267
3006002.0,11.5407,2.62427,0.706218
3014002.0,11.2023,2.49935,1.91808
3022002.0,11.3068,2.41526,2.94983
3030002.0,12.2525,2.43067,4.430969999999999
3038002.0,12.1676,2.52992,4.28504
3046002.0,13.4074,2.56613,4.26315
3054002.0,13.4663,2.5756,4.89432
3062002.0,13.501,2.49411,5.4063099999999995
3070002.0,13.9747,2.5047,5.95148
3078002.0,14.4262,2.46996,7.135110000000001
3086002.0,14.7059,2.39797,8.48047
3094002.0,15.0225,2.39418,9.60534
3102002.0,15.2687,2.5203,10.664000000000001
3110002.0,15.8176,2.69045,11.4816
3118002.0,16.1548,2.7532,12.4279
3126002.0,16.928,2.67484,13.4197
3134002.0,17.9605,2.68431,15.164000000000001
3142002.0,18.1617,2.642,16.7269
3150002.0,18.6163,2.52648,17.7332
3158002.0,19.5075,2.42775,18.6437
3166002.0,19.3942,2.33712,19.1834
3174002.0,19.3241,2.35111,19.9925
3182002.0,20.1892,2.4565599999999996,20.5865
3190002.0,20.3853,2.64859,21.3965
3198002.0,21.2374,2.51782,22.7211
3206002.0,22.1381,2.495,23.7499
3214002.0,22.5574,2.43929,24.6066
3222002.0,23.3799,2.6396,25.7125
3230002.0,23.4745,2.70187,26.4595
3238002.0,23.4197,2.67705,27.3954
3246002.0,23.3726,2.80428,28.5423
3254002.0,23.5819,3.00716,29.2701
3262002.0,23.4581,3.00754,30.4754
3270002.0,23.4137,2.9904,31.4466
3278002.0,23.5276,2.80065,32.7943
3286002.0,24.1524,2.7835900000000002,33.5409
3294002.0,24.5547,2.8300099999999997,34.3429
3302002.0,25.0376,2.89796,35.9073
3310002.0,25.3529,2.78582,36.9379
3318002.0,25.7746,2.76303,38.2238
3326002.0,26.2447,2.53001,39.6928
3334002.0,25.9515,2.59629,39.4641
3342002.0,26.1257,2.7927400000000002,40.4618
3350002.0,26.0883,3.0204400000000002,41.7406
3358002.0,26.4823,3.10488,42.6615
3366002.0,27.1705,3.30686,43.492
3374002.0,27.1193,3.4544599999999996,45.0152
3382002.0,27.4145,3.62126,46.2147
3390002.0,28.0937,3.88909,46.711999999999996
3398002.0,28.1065,3.7738199999999997,48.1498
3406002.0,28.180999999999997,3.7474300000000005,0.252909
3414002.0,28.9827,3.83184,1.94087
3422002.0,29.5417,3.84574,3.06149
3430002.0,30.2259,3.97685,4.38983
3438002.0,30.3036,3.63398,5.95299
3446002.0,30.3285,3.45243,6.6653899999999995
3454002.0,30.5226,3.25409,7.39133
3462002.0,30.8681,3.1223799999999997,8.47883
3470002.0,31.2726,2.88878,9.29525
3478002.0,31.2779,2.64466,9.77921
3486002.0,31.4826,2.50947,10.5004
3494002.0,32.0936,2.7256,12.0775
3502002.0,32.4891,2.9203799999999998,12.885
3510002.0,32.6608,2.84238,14.243
3518002.0,33.0894,2.8255,14.9675
3526002.0,33.5015,2.68567,16.1709
3534002.0,33.6427,2.83438,16.4982
3542002.0,33.8973,3.17581,17.0315
3550002.0,33.7656,3.5333699999999997,17.9077
3558002.0,33.6432,3.68985,18.5025
3566002.0,34.2448,3.72373,19.5825
3574002.0,34.4925,4.18773,20.8167
3582002.0,34.771,3.8888599999999998,22.1884
3590002.0,35.1232,3.9111300000000004,23.7973
3598002.0,35.1881,3.82576,25.1431
3606002.0,36.0978,3.57576,26.3904
3614002.0,37.2246,3.47873,26.7264
3622002.0,38.2275,3.15072,27.5889
3630002.0,38.1629,2.94561,28.6991
3638002.0,38.6036,2.82821,29.6101
3646002.0,39.9262,2.9098900000000003,30.0959
3654002.0,40.0858,2.18578,30.5518
3662002.0,40.336999999999996,2.6414,33.3206
3670002.0,40.05,2.73108,33.9772
3678002.0,39.6388,3.06225,37.6953
3686002.0,38.5108,3.97974,39.9395
3694002.0,36.7647,4.91167,39.7161
3702002.0,37.9753,5.41942,41.3138
3710002.0,40.0322,4.88506,43.0064
3718002.0,41.6842,4.83859,45.0287
3726002.0,42.0095,5.04271,46.7045
3734002.0,41.8979,5.27412,48.3175
3742002.0,42.1219,5.151269999999999,0.264881
3750002.0,42.4687,4.9690900000000005,1.8047799999999998
3758002.0,43.1164,4.90848,3.00616
3766002.0,43.7296,4.72636,4.44695
3774002.0,45.0773,4.638330000000001,5.74739
3782002.0,45.4438,4.59622,6.768680000000001
3790002.0,45.8859,4.75627,7.91708
3798002.0,46.136,4.94405,8.65751
3806002.0,46.6666,5.02361,9.63064
3814002.0,47.3601,4.96725,10.1781
3822002.0,48.1185,5.296880000000001,10.6561
3830002.0,48.6754,5.58705,11.8032
3838002.0,48.7105,6.05551,13.9156
3846002.0,48.5922,6.31404,15.5273
3854002.0,48.2121,6.38201,16.7012
3862002.0,47.9014,6.53832,17.6589
3870002.0,48.3182,6.41695,19.5136
3878002.0,47.8104,6.27299,20.7298
3886002.0,47.2619,5.73595,21.9343
3894002.0,46.4624,5.416440000000001,23.2449
3902002.0,44.0217,5.59649,25.1729
3910002.0,40.597,7.992960000000001,23.8044
3918002.0,42.9432,8.18362,28.3645
3926002.0,42.5642,9.36173,28.7029
3934002.0,45.4958,9.73067,30.0736
3942002.0,47.041000000000004,10.8286,32.5941
3950002.0,47.4866,10.2121,35.5716
3958002.0,48.2289,10.2224,38.997
3966002.0,48.6678,10.1028,42.2228
3974002.0,48.7424,9.52871,44.5797
3982002.0,49.0887,9.58483,46.5469
3990002.0,0.10689100000000001,9.28615,49.0097
3998002.0,1.6266200000000002,9.76507,0.7542260000000001
4006002.0,2.18244,9.56236,2.1684900000000003
4014002.0,2.7909599999999997,9.034410000000001,3.88604
4022002.0,3.0351,8.48382,5.24937
4030002.0,3.0038,8.41145,7.041980000000001
4038002.0,4.0273,8.390889999999999,8.03427
4046002.0,4.76716,8.55569,9.448960000000001
4054002.0,5.2413,8.683489999999999,11.3826
4062002.0,5.80704,8.80002,13.2551
4070002.0,5.925730000000001,8.9678,14.8326
4078002.0,6.282,8.9996,17.0536
4086002.0,6.750360000000001,9.16945,19.5399
4094002.0,7.1623,9.02984,21.6466
4102002.0,7.7499,9.4748,23.4849
4110002.0,8.12837,9.91051,25.5284
4118002.0,8.39767,9.72471,27.3709
4126002.0,8.928939999999999,9.7177,29.0089
4134002.0,8.85064,9.75838,29.6574
4142002.0,9.44568,10.1583,31.7254
4150002.0,10.3164,10.56,33.4293
4158002.0,11.038,10.5573,34.6253
4166002.0,11.3269,10.6447,36.0466
4174002.0,11.9525,10.6993,38.2456
4182002.0,12.252,10.6656,39.5927
4190002.0,13.1337,10.7932,41.9399
4198002.0,14.6821,11.0776,44.1195
4206002.0,15.7135,10.9564,46.507
4214002.0,16.2889,11.0997,0.0975914
4222002.0,17.719,11.4065,2.6356599999999997
4230002.0,19.078,11.5858,4.40346
4238002.0,21.0489,11.7095,7.194610000000001
4246002.0,22.4412,11.597000000000001,9.14617
4254002.0,23.7816,11.3212,11.8044
4262002.0,24.3682,11.0789,13.7015
4270002.0,25.3352,11.6827,15.9183
4278002.0,26.2944,11.1832,18.4139
4286002.0,26.7474,10.8704,21.3404
4294002.0,26.8642,10.7373,24.0821
4302002.0,26.5232,10.8027,26.0084
4310002.0,26.6916,10.7547,28.1412
4318002.0,26.662,10.8549,29.496
4326002.0,27.070999999999998,11.3213,31.3374
4334002.0,26.6003,11.6862,32.8954
4342002.0,26.5035,11.1588,34.9881
4350002.0,26.8566,10.7436,36.6544
4358002.0,27.6017,10.7299,38.8363
4366002.0,29.0113,10.3611,40.7283
4374002.0,28.7596,10.4529,42.3061
4382002.0,29.1314,10.1422,43.8037
4390002.0,30.4971,10.2992,45.5069
4398002.0,30.4624,10.2546,48.961999999999996
4406002.0,31.4374,10.4152,1.59533
4414002.0,31.6166,10.4873,3.4018
4422002.0,31.3995,10.3528,5.76853
4430002.0,29.8808,11.5048,6.4980199999999995
4438002.0,31.6012,11.0598,8.12002
4446002.0,32.803000000000004,11.0262,9.94882
4454002.0,34.4446,10.7801,11.3754
4462002.0,35.5897,10.8395,13.8787
4470002.0,36.6098,10.3796,16.4241
4478002.0,37.638000000000005,10.2061,18.5186
4486002.0,38.0243,9.983839999999999,20.5903
4494002.0,38.4071,9.70205,22.252
4502002.0,39.3672,9.34332,24.5939
4510002.0,39.92,8.8772,26.0063
4518002.0,40.2987,8.97965,26.3802
4526002.0,41.0216,8.84737,28.105
4534002.0,41.3414,8.412230000000001,28.8994
4542002.0,41.4337,8.4352,30.2635
4550002.0,42.2185,8.64141,31.5885
4558002.0,43.0126,8.60705,33.5761
4566002.0,43.6924,8.374139999999999,35.4172
4574002.0,44.6963,8.88216,37.5913
4582002.0,46.1522,9.40055,39.1153
4590002.0,47.2075,9.218210000000001,39.9752
4598002.0,48.3215,9.81226,41.7876
4606002.0,0.46036800000000005,10.1593,43.083
4614002.0,1.1133,10.2237,44.6438
4622002.0,1.3109,10.0583,45.6938
4630002.0,2.28553,10.2423,46.6627
4638002.0,3.01783,10.2494,47.8923
4646002.0,3.06661,9.90126,49.1635
4654002.0,3.6387699999999996,9.70622,0.722454
4662002.0,4.90727,9.35558,1.8938700000000002
4670002.0,5.71304,8.90845,3.1505400000000003
4678002.0,6.61903,8.87369,5.07381
4686002.0,7.671989999999999,8.93052,6.58242
4694002.0,9.03849,8.981589999999999,8.47205
4702002.0,9.68758,9.220839999999999,8.70469
4710002.0,10.3949,8.81445,10.4408
4718002.0,10.4795,8.35718,11.392000000000001
4726002.0,10.139,8.29531,12.597000000000001
4734002.0,10.4867,8.31771,12.7744
4742002.0,10.5728,8.79668,14.0934
4750002.0,10.8394,8.90956,15.5051
4758002.0,10.9071,9.00557,16.222
4760002.0,11.1141,9.16499,16.423
4768002.0,10.6431,9.312999999999999,19.8687
4776002.0,11.3564,9.33383,21.2363
4784002.0,12.8966,10.3271,23.3248
4792002.0,14.2454,11.1969,25.4718
4800002.0,15.4166,11.3775,27.9583
4808002.0,16.8543,10.9836,30.3618
4816002.0,18.7787,10.6847,32.4922
4824002.0,20.0354,10.3703,34.1672
4832002.0,20.7024,10.4428,35.9548
4840002.0,21.4104,9.965689999999999,38.4091
4848002.0,22.1531,9.66997,39.746
4856002.0,23.1347,9.45936,41.9109
4864002.0,23.2075,9.38013,44.9708
4872002.0,24.5623,9.357289999999999,47.2857
4880002.0,24.8937,9.47306,49.1906
4888002.0,24.6105,9.35365,1.1844700000000001
4896002.0,25.2196,9.353480000000001,3.03422
4904002.0,26.6684,9.4368,4.40083
4912002.0,27.7214,9.87957,6.7157800000000005
4920002.0,29.4922,10.3995,8.76539
4928002.0,31.2908,10.1272,10.1576
4936002.0,32.6116,10.0599,12.394
4944002.0,32.9977,9.94445,14.4154
4952002.0,33.4433,9.75428,17.0692
4960002.0,33.273,9.4135,18.7507
4968002.0,33.6848,9.383519999999999,20.0592
4976002.0,34.7535,9.10918,21.4821
4984002.0,35.1119,8.82324,22.5399
4992002.0,35.6095,9.08581,23.7048
5000002.0,36.6304,8.99433,24.9216
5008002.0,37.1275,8.90645,27.2903
5016002.0,37.0379,8.56499,28.0594
5024002.0,37.4697,8.40201,29.3829
5032002.0,37.4442,8.18269,31.143
5040002.0,38.427,8.48912,32.9691
5048002.0,39.4245,9.24489,33.4553
5056002.0,40.2376,8.70111,35.1662
5064002.0,41.3553,9.70376,36.7871
5072002.0,42.4078,10.0339,38.594
5080002.0,42.6438,9.37733,40.4508
5088002.0,42.5968,8.79647,41.9056
5096002.0,44.3242,8.74158,43.4674
5104002.0,46.4019,9.29232,46.0087
5112002.0,46.5071,9.32373,47.9622
5120002.0,46.6928,9.58112,0.799983
5128002.0,47.5865,9.79006,2.8740099999999997
5136002.0,47.5493,9.741060000000001,4.77966
5144002.0,47.8771,9.54186,6.86936
5152002.0,48.2477,9.56811,9.43212
5160002.0,48.6728,9.4405,11.2109
5168002.0,49.0857,9.58878,13.2938
5176002.0,49.2774,9.61919,16.7288
5184002.0,0.673646,9.69487,18.891
5192002.0,1.38212,9.56738,21.1579
5200002.0,1.73501,9.53956,23.9328
5208002.0,1.7427700000000002,9.61662,25.7853
5216002.0,2.02503,9.45312,28.5793
5224002.0,2.71604,9.52673,30.1752
5232002.0,2.91315,9.84907,33.3834
5240002.0,3.04998,9.397110000000001,34.9686
5248002.0,3.3119199999999998,9.305810000000001,37.196
5256002.0,3.65964,9.47686,39.2665
5264002.0,4.61551,8.7892,40.9794
5272002.0,5.17085,8.59281,43.0607
5280002.0,5.5881099999999995,8.41105,46.3055
5288002.0,5.15864,8.81979,48.6062
5296002.0,5.58148,8.65501,1.45704
5304002.0,6.8642199999999995,8.498439999999999,4.2386800000000004
5312002.0,8.31325,8.28385,6.26647
5320002.0,8.62129,8.04123,8.85563
5328002.0,8.93238,8.00596,11.165
5336002.0,9.37936,7.987589999999999,13.3408
5344002.0,10.232999999999999,7.73902,15.9663
5352002.0,10.6475,7.48424,17.7419
5360002.0,10.4516,7.3293,19.2717
5368002.0,10.7698,7.280539999999999,21.7687
5376002.0,11.2663,6.953110000000001,23.8238
5384002.0,10.9394,6.37519,25.6504
5392002.0,11.0784,6.3245,25.903000000000002
5400002.0,11.2484,6.25108,27.2295
5408002.0,10.748,6.22788,28.1451
5416002.0,10.9798,6.4877199999999995,30.0288
5424002.0,10.7171,6.25472,30.9284
5432002.0,10.7024,6.15454,32.1425
5440002.0,11.7579,6.2752300000000005,33.3366
5448002.0,12.5339,6.27485,35.079
5456002.0,12.6644,6.792260000000001,37.8292
5464002.0,13.029000000000002,6.82136,39.9969
5472002.0,12.2543,6.75479,41.5823
5480002.0,12.4958,6.855519999999999,42.7541
5488002.0,13.6165,6.89465,44.5357
5496002.0,14.0976,6.713610000000001,46.66
5504002.0,14.241,6.45161,47.9464
5512002.0,14.923,6.29323,48.9769
5520002.0,15.7027,6.04823,0.6591279999999999
5528002.0,16.1962,6.11816,2.16717
5536002.0,16.2434,6.18542,2.6286
5544002.0,17.2483,5.95411,3.96222
5552002.0,18.0884,6.01219,5.45651
5560002.0,18.3613,5.9448,7.4428600000000005
5568002.0,19.4118,5.75782,8.78947
5576002.0,20.0767,5.743530000000001,9.23323
5584002.0,20.9632,5.71926,10.5301
5592002.0,21.778000000000002,6.01719,11.9459
5600002.0,22.2413,6.15209,14.0459
5608002.0,22.6711,6.18625,15.9994
5616002.0,22.604,6.07691,17.9699
5624002.0,22.5088,6.13145,18.9812
5632002.0,22.7181,6.65965,20.6334
5640002.0,23.8455,6.32257,22.8636
5648002.0,24.8227,6.0128699999999995,24.9488
5656002.0,25.2372,5.8432900000000005,26.9659
5664002.0,25.2749,5.84103,28.3053
5672002.0,25.9508,6.32572,29.5338
5680002.0,26.445,6.38117,30.6226
5688002.0,26.7574,7.1159,32.0127
5696002.0,27.5617,6.495019999999999,32.3879
5704002.0,28.5311,6.96466,34.7366
5712002.0,29.203000000000003,6.988739999999999,36.6373
5720002.0,29.5727,6.5926800000000005,38.2201
5728002.0,29.8195,6.844639999999999,39.2488
5736002.0,29.9728,7.24883,40.5224
5744002.0,30.7128,7.915489999999999,43.4266
5752002.0,30.9571,8.21054,45.0578
5760002.0,30.9908,8.49665,46.0334
5768002.0,31.0491,8.54685,46.7417
5776002.0,31.3968,8.73299,49.0962
5784002.0,31.6157,9.27179,1.72325
5792002.0,32.2657,9.29353,3.71737
5800002.0,33.0867,9.483239999999999,6.94003
5808002.0,34.6606,10.2764,9.11867
5816002.0,36.3676,10.6194,11.2473
5824002.0,36.9673,10.5207,11.8127
5832002.0,37.469,11.5267,13.7534
5840002.0,37.1921,11.9725,15.3705
5848002.0,38.4605,12.6675,18.1676
5856002.0,38.816,11.9807,20.5624
5864002.0,40.4246,11.3434,21.3641
5872002.0,40.7277,10.9217,22.7458
5880002.0,41.3894,10.302,25.1393
5888002.0,41.7089,10.0771,27.9181
5896002.0,43.8912,10.2351,29.9452
5904002.0,44.9689,10.0901,32.0363
5912002.0,45.5809,10.0911,34.0212
5920002.0,46.5415,10.2985,36.3136
5928002.0,47.2528,10.051,38.2716
5936002.0,47.5144,10.0086,40.8735
5944002.0,48.261,10.2719,43.6459
5952002.0,48.4749,10.522,46.2467
5960002.0,49.1224,10.6219,48.3729
5968002.0,0.499115,10.7947,1.09784
5976002.0,1.33809,10.7148,4.41376
5984002.0,2.26289,10.5437,6.15415
5992002.0,3.06509,10.9599,9.07959
6000002.0,3.73213,11.2393,11.9395
6008002.0,3.5925800000000003,11.457,14.1482
6016002.0,4.372669999999999,11.2854,16.2861
6024002.0,4.96898,11.2762,19.8192
6032002.0,5.2249300000000005,10.9086,22.0779
6040002.0,6.24622,11.2871,24.9179
6048002.0,6.1759900000000005,11.1481,27.081999999999997
6056002.0,7.11822,10.9056,30.0043
6064002.0,8.31358,10.4173,32.446
6072002.0,9.40815,9.97472,34.3725
6080002.0,11.1638,9.94356,36.1682
6088002.0,12.1448,10.1787,37.793
6096002.0,12.9057,10.357999999999999,39.6418
6104002.0,13.2189,10.7109,42.2741
6112002.0,14.2954,10.9129,45.2887
6120002.0,15.3846,11.286,48.7261
6128002.0,15.1459,11.3211,1.68517
6136002.0,15.3266,11.9872,4.10844
6144002.0,15.9691,12.2932,6.858110000000001
6152002.0,15.7174,12.1602,9.54049
6160002.0,15.4765,12.1495,12.4465
6168002.0,16.0933,12.1396,15.6364
6176002.0,16.1714,11.4445,18.0753
6184002.0,16.1334,11.6246,20.7615
6192002.0,16.5855,11.5662,23.0572
6200002.0,17.3338,11.3504,25.5511
6208002.0,17.7757,10.7985,28.3757
6216002.0,18.6703,10.2889,31.2613
6224002.0,19.4485,9.91108,33.7002
6232002.0,19.9581,9.93923,35.929
6240002.0,20.8039,9.50509,39.0892
6248002.0,21.6855,9.39022,40.8446
6256002.0,23.3921,9.38337,42.4884
6264002.0,23.8748,9.24692,44.3748
6272002.0,24.6883,8.99855,45.8854
6280002.0,24.8387,8.74953,47.9677
6288002.0,26.0528,8.73724,0.569457
6296002.0,27.372,9.03022,2.84462
6304002.0,28.4402,8.9889,4.7471
6312002.0,29.5092,8.9783,6.63209
6320002.0,30.3411,9.316980000000001,8.120569999999999
6328002.0,31.5533,9.68507,10.5142
6336002.0,32.6246,9.80613,12.7865
6344002.0,32.1475,9.62374,15.4103
6352002.0,32.3108,9.16199,18.1156
6360002.0,32.739000000000004,8.79527,20.7074
6368002.0,32.9701,8.4398,24.6516
6376002.0,33.5467,8.43088,26.9413
6384002.0,33.9126,8.504430000000001,30.2252
6392002.0,33.9,8.30487,32.1455
6400002.0,33.6153,8.65865,33.8022
6408002.0,33.8771,8.067,36.3416
6416002.0,34.0222,8.06592,38.9695
6424002.0,33.5938,7.89359,41.1988
6432002.0,34.118,7.36682,42.6916
6440002.0,34.1711,7.03183,44.4359
6448002.0,34.2511,7.072010000000001,46.3493
6456002.0,34.3455,6.93583,48.7162
6464002.0,34.5977,6.99648,0.14721800000000002
6472002.0,35.0127,7.34155,2.18051
6480002.0,35.7484,7.5469100000000005,4.06723
6488002.0,36.1857,7.3078,6.09416
6496002.0,36.6022,7.48705,8.51683
6504002.0,37.704,7.68767,11.0464
6512002.0,37.5413,7.103260000000001,12.7915
6520002.0,37.8044,6.69517,14.7408
6528002.0,38.5986,6.695110000000001,16.7842
6536002.0,39.9344,7.48014,20.0844
6544002.0,40.4763,7.86745,22.0469
6552002.0,40.67,7.9482800000000005,23.4539
6560002.0,41.5264,7.86037,25.0944
6568002.0,42.2688,7.33799,26.0302
6576002.0,42.5882,7.11892,27.5089
6584002.0,43.1766,7.00277,29.6137
6592002.0,43.8716,7.0265699999999995,30.9084
6600002.0,45.1255,7.03953,31.9325
6608002.0,45.6212,7.27111,33.5522
6616002.0,46.6272,7.67585,35.1126
6624002.0,47.4014,7.72305,36.1498
6632002.0,48.3273,7.64756,37.6952
6640002.0,48.9527,7.934260000000001,39.7938
6648002.0,0.606132,8.12865,41.2225
6656002.0,2.39837,7.86755,43.0992
6664002.0,3.70952,7.561310000000001,44.1453
6672002.0,4.80013,7.87405,46.0907
6680002.0,5.7616,7.74885,47.6364
6688002.0,6.53881,8.03875,48.6363
6696002.0,8.15748,8.4801,0.341929
6704002.0,9.164019999999999,8.69993,2.4176599999999997
6712002.0,10.4911,9.052489999999999,4.2043099999999995
6720002.0,11.588,8.98888,5.91918
6728002.0,12.4013,8.84407,7.081869999999999
6736002.0,13.1608,8.61302,8.31381
6744002.0,13.9998,8.50441,9.9189
6752002.0,15.1943,8.61041,11.8357
6760002.0,16.1251,8.60431,13.067
6768002.0,16.1829,8.73593,14.8322
6776002.0,16.4103,8.93954,16.2547
6784002.0,16.3371,8.96598,17.9955
6792002.0,16.8144,9.207889999999999,19.668
6800002.0,17.2712,9.918289999999999,21.089000000000002
6808002.0,17.4286,9.75145,22.3128
6816002.0,17.4027,9.77582,23.8276
6824002.0,17.7983,9.973889999999999,25.250999999999998
6832002.0,18.3126,10.1589,27.1998
6840002.0,18.636,10.5253,29.6658
6848002.0,20.0464,10.3063,31.4926
6856002.0,20.7831,10.495,33.6938
6864002.0,21.2436,10.5003,35.7683
6872002.0,21.8361,9.76122,37.7906
6880002.0,22.2584,9.1411,38.9217
6888002.0,22.3025,8.92477,40.601
6896002.0,23.0305,8.66286,41.9065
6904002.0,24.3093,8.29701,43.6716
6912002.0,25.9314,8.516680000000001,46.3793
6920002.0,27.4983,9.300889999999999,48.8796
6928002.0,28.517,10.1096,1.7263700000000002
6936002.0,28.9693,10.1722,2.50981
6944002.0,30.3488,10.8443,3.79969
6952002.0,32.4557,11.1813,4.85497
6960002.0,33.946999999999996,11.1339,5.39278
6968002.0,35.1663,11.132,6.69838
6976002.0,36.2842,10.957,8.86079
6984002.0,37.5186,10.6394,10.7879
6992002.0,38.3045,10.1438,11.7769
7000002.0,39.1175,9.88627,12.8881
7008002.0,39.441,10.0168,14.9682
7016002.0,40.3163,9.897260000000001,16.741
7024002.0,41.063,9.85213,18.7227
7032002.0,41.821000000000005,9.74,20.5671
7040002.0,43.108999999999995,9.73075,22.5421
7048002.0,43.7896,9.84309,24.8411
7056002.0,44.812,9.95881,27.0069
7064002.0,46.5013,10.0327,28.8123
7072002.0,47.7095,10.0778,31.1299
7080002.0,48.5583,10.1927,33.4059
7088002.0,49.0787,10.0018,34.6047
7096002.0,49.455,9.823780000000001,35.5068
7104002.0,0.25851399999999997,9.6991,36.1477
7112002.0,0.8008649999999999,9.13982,38.125
7120002.0,2.78416,9.03303,39.8605
7128002.0,3.78525,9.03249,41.0693
7136002.0,4.9297699999999995,9.07617,43.253
7144002.0,5.43901,9.341330000000001,45.803999999999995
7152002.0,6.5746,9.788860000000001,47.7533
7160002.0,7.82295,9.91825,0.400779
7168002.0,8.55673,9.824110000000001,2.16423
7176002.0,8.66424,10.0224,4.502759999999999
7184002.0,9.62614,9.88924,6.69803
7192002.0,9.59361,9.80898,8.593580000000001
7200002.0,10.9123,9.450560000000001,11.3673
7204002.0,10.8987,9.25148,12.2893
7212002.0,12.8958,8.99315,15.4844
7220002.0,14.2089,8.571819999999999,17.6607
7228002.0,14.8205,8.917810000000001,19.5269
7236002.0,16.2465,7.4453,20.4112
7244002.0,16.8122,7.53481,23.6691
7252002.0,17.9822,7.16788,25.88
7260002.0,18.0572,7.21387,28.3495
7268002.0,17.8737,7.411580000000001,30.6636
7276002.0,18.9,7.4199600000000006,32.1467
7284002.0,18.9777,7.4135100000000005,34.0077
7292002.0,20.1855,7.40354,35.5021
7300002.0,21.3855,7.529210000000001,36.993
7308002.0,21.6522,8.286610000000001,38.4672
7316002.0,22.8499,8.76351,39.7649
7324002.0,22.927,9.466569999999999,40.6348
7332002.0,22.6154,9.809289999999999,43.7194
7340002.0,24.1339,9.69282,45.2636
7348002.0,24.487,9.59336,46.8988
7356002.0,24.2996,9.20791,48.523
7364002.0,24.9367,9.32569,0.101756
7372002.0,25.0727,9.13914,1.42993
7380002.0,25.2753,9.318480000000001,2.6916599999999997
7388002.0,25.8388,9.8876,5.037
7396002.0,27.6694,13.2126,8.08497
7404002.0,27.7793,12.6593,12.07
7412002.0,28.4612,13.9523,13.3737
7420002.0,29.049,17.1882,16.1072
7428002.0,28.6424,18.3069,18.8411
7436002.0,28.6126,11.0066,24.2785
7444002.0,31.7077,8.40718,29.1886
7452002.0,32.8269,8.71575,27.8102
7460002.0,32.9685,8.46318,28.5706
7468002.0,33.602,7.809989999999999,29.8407
7476002.0,34.8748,7.84665,31.0948
7484002.0,35.2167,7.893739999999999,32.9786
7492002.0,36.4282,8.07742,34.1772
7500002.0,37.9576,7.95115,35.8257
7508002.0,38.9114,8.95895,36.747
7516002.0,39.5982,9.002089999999999,38.3401
7524002.0,38.9087,9.65157,39.9133
7532002.0,39.6503,9.933760000000001,42.2405
7540002.0,40.1931,10.0875,43.8126
7548002.0,40.1839,9.781889999999999,44.4206
7556002.0,41.294,9.6665,46.9426
7564002.0,40.929,9.79382,48.1602
7572002.0,41.2896,10.3012,0.431101
7580002.0,41.6531,10.3569,2.71886
7588002.0,41.136,10.269,4.659269999999999
7596002.0,41.293,10.8805,6.173830000000001
7604002.0,42.0239,11.6572,8.36294
7612002.0,42.4748,12.0693,10.9601
7620002.0,43.4864,12.355,13.1893
7628002.0,45.1405,12.585999999999999,15.3097
7636002.0,46.4739,12.5125,17.3451
7644002.0,47.1621,12.7845,19.2807
7652002.0,48.4754,12.6563,21.1349
7660002.0,48.9564,13.0643,23.2162
7668002.0,1.24922,13.4842,26.0536
7676002.0,1.88189,13.5595,29.0886
7684002.0,2.28919,13.5562,31.4265
7692002.0,4.23228,13.08,33.9622
7700002.0,5.15015,12.7384,35.4139
7708002.0,5.56027,12.8737,37.8486
7716002.0,6.40152,12.8774,40.3296
7724002.0,7.20273,12.5384,41.7329
7732002.0,8.7451,12.7887,44.3032
7740002.0,10.9266,12.4952,47.0238
7748002.0,11.4118,12.4472,49.4232
7756002.0,12.3696,12.5308,1.51975
7764002.0,13.2438,12.139000000000001,3.5435
7772002.0,13.4976,12.4198,5.80047
7780002.0,14.36,12.0003,7.79246
7788002.0,14.3021,12.1196,9.85182
7796002.0,14.3709,12.1876,11.7228
7804002.0,13.847000000000001,12.7485,14.1377
7812002.0,13.5106,13.2379,17.6164
7820002.0,14.324000000000002,13.2721,19.866
7828002.0,13.3025,13.3651,22.8047
7836002.0,13.9181,13.545,26.7205
7844002.0,13.9122,13.3471,28.213
7852002.0,13.7034,13.5971,32.6292
7860002.0,14.3992,13.5888,34.8638
7868002.0,16.06,14.0143,38.6543
7876002.0,18.1079,14.7639,42.0132
7884002.0,21.9818,13.3766,45.2755
7892002.0,23.794,13.0815,48.1301
7900002.0,23.8915,12.0299,1.23732
7908002.0,23.7382,12.0271,3.48251
7916002.0,22.6143,12.1508,6.0783
7924002.0,22.0035,12.2676,8.50034
7932002.0,21.8259,12.0298,9.25571
7940002.0,21.4324,11.6346,10.5598
7948002.0,22.5677,11.4598,11.8641
7956002.0,22.7395,11.3537,12.8778
7964002.0,22.8361,11.7631,14.5848
7972002.0,23.2684,11.6516,16.7881
7980002.0,23.3216,11.8847,19.2028
7988002.0,23.9191,11.5931,20.9683
7996002.0,23.8593,11.895999999999999,22.408
