2.0,1.72069,6.9172199999999995,22.295
8002.0,4.98831,7.5482,23.135
16002.0,6.5835,7.51325,24.5229
24002.0,5.93385,7.613519999999999,27.0062
32002.0,6.214980000000001,7.773460000000001,28.1944
40002.0,6.90523,7.8274,29.6313
48002.0,8.29469,7.7127300000000005,32.6983
56002.0,8.60422,7.127999999999999,34.2906
64002.0,8.34403,7.25352,35.5684
72002.0,8.921289999999999,7.233160000000001,37.0338
80002.0,8.92998,7.181039999999999,38.2769
88002.0,9.31789,7.442939999999999,40.0948
96002.0,9.45544,7.6009,41.4728
104002.0,9.3199,7.6386899999999995,43.3157
112002.0,9.22996,7.68186,44.1157
120002.0,9.59731,7.78927,44.8608
128002.0,9.91287,7.755,46.1556
136002.0,10.2032,7.497539999999999,47.1066
144002.0,11.0225,6.969639999999999,47.9702
152002.0,11.2254,6.891310000000001,48.7068
160002.0,13.0393,7.143739999999999,0.418595
168002.0,13.4844,6.97439,0.945254
176002.0,13.2157,7.11106,2.16791
184002.0,13.0754,6.911510000000001,3.3901800000000004
192002.0,13.1067,6.881589999999999,5.07985
200002.0,13.267000000000001,6.9253800000000005,6.92307
208002.0,13.9739,7.0148,8.48064
216002.0,14.4919,7.3166,10.7488
224002.0,14.7933,7.35579,12.9851
232002.0,15.039000000000001,7.537389999999999,15.1505
240002.0,15.3669,7.676880000000001,17.0623
248002.0,15.5786,7.68353,18.4075
256002.0,16.1603,7.91627,20.2411
264002.0,16.8002,8.5487,22.0572
272002.0,18.2059,8.83268,23.8701
280002.0,18.8164,8.65751,25.9069
288002.0,19.5264,9.168389999999999,29.1941
296002.0,19.3478,8.65485,32.18
304002.0,19.9226,8.59741,35.0566
312002.0,20.837,8.34713,37.6222
320002.0,22.4575,8.29275,40.5649
328002.0,24.0464,8.03411,43.3115
336002.0,25.5538,8.416030000000001,45.9097
344002.0,26.0027,8.8575,48.4181
352002.0,26.2441,8.70829,0.9239129999999999
360002.0,27.04,8.699010000000001,2.72756
368002.0,28.2343,8.22602,4.1897199999999994
376002.0,28.7499,7.69268,5.68473
384002.0,29.250999999999998,7.7383,6.597060000000001
392002.0,29.013,7.78724,8.658619999999999
400002.0,29.1087,7.87415,10.8373
408002.0,29.4799,7.4871300000000005,13.2277
416002.0,29.5579,7.87666,14.5434
424002.0,30.2286,7.81262,15.6487
432002.0,31.1199,7.91795,16.7753
440002.0,31.4835,7.5595300000000005,19.0785
448002.0,31.6857,7.27445,21.5642
456002.0,32.2621,7.4709699999999994,23.4971
464002.0,32.8324,7.63585,23.9678
472002.0,33.118,7.02045,26.0073
480002.0,33.8806,6.81267,27.6738
488002.0,34.9153,7.098319999999999,29.2331
496002.0,36.688,7.389139999999999,31.1419
504002.0,36.9125,7.3768,31.9836
512002.0,37.4018,7.213369999999999,33.8972
520002.0,37.5107,7.084160000000001,34.9861
528002.0,38.3095,7.018680000000001,37.1534
536002.0,38.6115,7.15015,38.9531
544002.0,39.8248,7.424360000000001,40.5874
552002.0,40.8981,7.4633,42.5015
560002.0,41.1086,7.456930000000001,44.2328
568002.0,41.5819,7.381,45.7503
576002.0,41.5582,7.11274,47.5297
584002.0,41.2002,7.04473,0.5297810000000001
592002.0,41.6714,6.945139999999999,2.07597
600002.0,42.1441,6.652589999999999,3.3864699999999996
608002.0,42.4762,6.64973,4.78886
616002.0,43.1377,6.58477,6.53715
624002.0,44.0894,6.37946,8.48985
632002.0,44.5643,6.30077,10.2108
640002.0,45.2943,5.83726,11.4128
648002.0,46.0078,5.76596,11.9667
656002.0,46.2422,5.5403,14.1454
664002.0,46.218,5.466480000000001,15.8893
672002.0,46.4977,5.258369999999999,18.7056
680002.0,46.927,5.17092,20.901
688002.0,48.0647,5.09735,23.3189
696002.0,48.5005,4.97861,24.4502
704002.0,48.7225,4.90523,27.1991
712002.0,49.1695,4.89309,29.1441
720002.0,49.4563,4.6246,30.2325
728002.0,0.07682430000000001,4.7831,31.6473
736002.0,49.2673,4.9051,32.8356
744002.0,49.4622,4.91679,33.8027
752002.0,49.0766,4.82989,35.2574
760002.0,49.028,4.93449,37.0697
768002.0,48.9847,4.63737,38.9792
776002.0,48.8445,4.64153,41.4486
784002.0,48.099,4.43405,42.7754
792002.0,48.1565,4.34668,43.7263
800002.0,47.4306,3.9646199999999996,45.0679
808002.0,47.4302,3.91644,46.1377
816002.0,47.4906,4.22473,47.0731
824002.0,49.1702,4.77647,46.4582
832002.0,2.52731,4.88025,3.9181
840002.0,2.59102,4.32731,4.31836
848002.0,2.6591400000000003,3.89184,5.04636
856002.0,3.48505,3.84157,5.639069999999999
864002.0,4.17132,3.59268,6.52299
872002.0,3.6222199999999996,3.36285,7.453530000000001
880002.0,4.14276,3.22936,8.5416
888002.0,5.17211,3.33374,9.65591
896002.0,5.992380000000001,3.33221,10.5012
904002.0,6.49145,3.5027199999999996,11.2747
912002.0,7.09273,3.52034,11.6964
920002.0,7.29432,3.49979,12.6407
928002.0,7.22174,3.60287,13.4032
936002.0,7.3775699999999995,3.3101199999999995,13.9228
944002.0,7.63097,3.40975,14.6144
952002.0,8.38268,3.15919,15.1239
960002.0,8.28238,2.96528,15.677
968002.0,8.73762,3.08455,16.2909
976002.0,9.46037,2.96781,17.1567
984002.0,9.8764,2.9435599999999997,17.9669
992002.0,9.99777,3.00559,18.7167
1000002.0,10.4866,2.9719900000000004,19.5939
1008002.0,10.9456,2.88707,20.2699
1016002.0,11.3168,2.79355,21.134
1024002.0,11.5933,2.88538,21.4671
1032002.0,11.6992,2.99329,21.7145
1040002.0,11.7962,3.17381,22.316999999999997
1048002.0,11.4381,3.35264,23.0084
1056002.0,11.7575,3.44171,23.7672
1064002.0,12.3758,3.28522,24.976999999999997
1072002.0,12.7305,3.20428,25.925
1080002.0,13.2031,3.12603,26.8245
1088002.0,13.3027,3.06555,27.9143
1096002.0,14.2066,3.1309400000000003,28.612
1104002.0,15.2056,3.14659,29.5705
1112002.0,15.1375,3.2820699999999996,31.3287
1120002.0,17.0173,3.50688,32.4691
1128002.0,14.4961,6.924930000000001,36.1001
1136002.0,16.3841,7.563389999999999,37.4144
1144002.0,17.9152,8.52003,39.2755
1152002.0,18.7733,7.85388,41.975
1160002.0,17.4116,7.44659,45.3471
1168002.0,19.2697,6.30814,45.2611
1176002.0,20.8199,6.05225,47.301
1184002.0,21.3133,5.87295,48.7223
1192002.0,21.8788,5.67368,0.312302
1200002.0,22.5174,5.90993,1.12168
1208002.0,23.5904,6.187,2.90544
1216002.0,24.8296,6.5243199999999995,4.10245
1224002.0,25.3396,5.93052,5.62292
1232002.0,26.1376,6.08836,7.33752
1240002.0,26.8137,6.17658,9.43721
1248002.0,27.2572,5.7203599999999994,11.2523
1256002.0,27.963,5.24644,12.5261
1264002.0,28.6023,5.00594,14.0423
1272002.0,28.2766,4.42844,15.8779
1280002.0,28.7198,3.80925,16.9514
1288002.0,28.9076,3.7749599999999996,17.617
1296002.0,28.6105,3.93474,18.5549
1304002.0,29.1346,3.3618900000000003,18.8019
1312002.0,29.4296,3.06874,19.7214
1320002.0,29.7444,2.90555,20.1119
1328002.0,30.0181,2.75434,20.5351
1336002.0,30.0861,2.5954599999999997,20.7979
1344002.0,30.0855,2.58887,21.2007
1352002.0,30.3936,2.45647,22.5853
1360002.0,30.5292,2.48097,22.8401
1368002.0,30.5923,2.6418,23.1465
1376002.0,30.559,2.49667,24.1987
1384002.0,30.592,2.4862,24.5681
1392002.0,31.043000000000003,2.52045,25.1903
1400002.0,31.414,2.56377,25.4684
1408002.0,31.3453,2.68601,25.6187
1416002.0,31.1487,2.9390099999999997,25.7896
1424002.0,31.6147,2.96823,26.8144
1432002.0,32.1121,3.14949,28.1562
1440002.0,33.0317,3.3488599999999997,29.4045
1448002.0,32.7215,3.65825,30.3396
1456002.0,33.7547,3.3868699999999996,31.1208
1464002.0,34.0345,3.21106,32.2461
1472002.0,34.532,3.2820400000000003,33.4296
1480002.0,34.6031,2.93561,34.7765
1488002.0,35.2308,2.86742,36.1783
1496002.0,35.1854,2.84439,36.8313
1504002.0,35.4761,2.70034,38.2013
1512002.0,36.4768,2.55418,39.3272
1520002.0,36.6007,2.47319,40.1183
1528002.0,36.9542,2.51863,39.9681
1536002.0,36.501999999999995,2.9992900000000002,39.363
1544002.0,37.0878,3.10791,39.1818
1552002.0,38.2886,3.50914,38.8963
1560002.0,38.0767,3.87526,39.819
1568002.0,38.8125,4.11107,41.0402
1576002.0,39.1702,4.26462,41.6135
1584002.0,39.3621,4.69487,43.2061
1592002.0,38.8654,4.94175,43.7604
1600002.0,39.2806,4.7402,45.6478
1608002.0,38.815,4.88887,46.9246
1616002.0,38.92,5.01005,48.2905
1624002.0,39.4983,5.12801,0.9119780000000001
1632002.0,40.4532,5.66038,2.50074
1640002.0,41.589,6.1167,4.96288
1648002.0,42.0094,5.67854,5.21401
1656002.0,42.4464,5.84781,6.92655
1664002.0,43.3441,5.824330000000001,8.56248
1672002.0,44.0923,5.8051699999999995,10.3659
1680002.0,44.5183,5.891780000000001,11.843
1688002.0,45.214,6.07489,13.183
1696002.0,45.3069,5.914280000000001,14.6763
1704002.0,45.2771,5.52423,16.7407
1712002.0,45.3364,4.90568,18.5318
1720002.0,45.4349,4.58035,19.9316
1728002.0,46.4107,4.5883400000000005,21.6658
1736002.0,46.2436,4.53388,22.891
1744002.0,46.6089,4.554130000000001,25.0171
1752002.0,47.2808,4.52179,26.2817
1760002.0,47.5632,4.39843,28.1421
1768002.0,48.0929,4.35651,28.9782
1776002.0,49.3811,3.6863900000000003,31.1705
1784002.0,0.415092,3.5125300000000004,31.449
1792002.0,0.6033390000000001,2.94793,32.1684
1800002.0,0.7215,2.82651,33.1219
1808002.0,1.59765,2.78618,33.8296
1816002.0,2.01479,2.74107,34.2591
1824002.0,2.03704,3.05163,35.4269
1832002.0,2.6040900000000002,2.92738,35.9673
1840002.0,4.33817,2.62273,36.3184
1848002.0,4.63662,2.7008099999999997,37.1
1856002.0,4.68395,3.00504,38.0149
1864002.0,4.8401,2.91803,38.6354
1872002.0,4.83482,3.00081,39.5223
1880002.0,4.71644,2.8732900000000003,40.1346
1888002.0,4.95751,2.85887,40.5635
1896002.0,5.13923,2.62586,41.4708
1904002.0,5.09034,2.67636,42.301
1912002.0,5.14007,2.71706,43.3767
1920002.0,5.02111,2.34202,44.1328
1928002.0,4.75365,2.81502,45.138000000000005
1936002.0,4.27487,3.0777099999999997,45.8917
1944002.0,4.1298,3.43666,47.0367
1952002.0,4.066,3.50239,48.1205
1960002.0,3.8243199999999997,3.42781,49.0961
1968002.0,3.7134199999999997,2.90291,0.0891451
1976002.0,3.25484,2.77547,0.547091
1984002.0,3.0734,3.12902,1.3911
1992002.0,3.7880599999999998,3.23602,2.52602
2000002.0,3.9493099999999997,2.7086900000000003,3.6487199999999995
2008002.0,4.28264,2.65184,4.71617
2016002.0,4.64391,2.89604,5.950740000000001
2024002.0,4.8547400000000005,3.04144,6.73683
2032002.0,5.02262,2.73165,6.92643
2040002.0,6.1576699999999995,3.45229,7.80272
2048002.0,6.8346,4.09825,9.42479
2056002.0,8.083860000000001,4.68965,10.5512
2064002.0,8.09035,5.3787,11.5877
2072002.0,9.32179,5.70734,12.3852
2080002.0,9.87477,5.83996,13.5368
2088002.0,10.9524,5.77548,14.4297
2096002.0,11.3242,6.12962,15.2063
2104002.0,11.8024,6.51641,15.7547
2112002.0,13.2309,6.50226,18.2079
2120002.0,13.5555,6.648739999999999,20.218
2128002.0,13.6957,7.23066,21.0835
2136002.0,14.2338,7.2514199999999995,22.1759
2144002.0,15.0284,7.2541199999999995,24.4279
2152002.0,15.3912,7.70015,25.143
2160002.0,16.0761,8.60925,27.3294
2168002.0,16.6641,8.26298,28.8662
2176002.0,16.7557,8.150269999999999,30.5
2184002.0,17.4669,7.99935,30.9952
2192002.0,18.0991,7.94503,31.7923
2200002.0,18.6352,8.09368,32.9188
2208002.0,19.3497,7.79237,34.5184
2216002.0,20.8304,7.7434,35.393
2224002.0,21.3678,7.82943,36.9735
2232002.0,21.7028,8.064869999999999,39.1023
2240002.0,22.146,7.841710000000001,40.3484
2248002.0,22.2423,6.92237,42.1864
2256002.0,22.3435,6.7063,43.1356
2264002.0,22.1676,6.49834,43.6677
2272002.0,22.084,6.5911800000000005,44.7617
2280002.0,22.2792,6.48226,45.9458
2288002.0,22.48,6.56945,47.8199
2296002.0,22.9978,6.6666300000000005,0.503618
2304002.0,23.8817,6.847910000000001,1.9687299999999999
2312002.0,23.6973,6.8163100000000005,3.6247
2320002.0,24.9064,6.52516,4.71394
2328002.0,25.3934,6.46708,5.699
2336002.0,25.3009,6.32145,6.40205
2344002.0,26.5778,6.17811,8.01329
2352002.0,26.3509,6.03118,9.87319
2360002.0,26.834,6.3429199999999994,11.3342
2368002.0,26.0395,6.05057,13.9612
2376002.0,25.1068,6.472119999999999,14.7225
2384002.0,24.9256,6.30337,17.1078
2392002.0,26.1894,6.36536,19.7099
2400002.0,26.9204,6.52619,20.0149
2408002.0,26.6245,6.609939999999999,21.8436
2414002.0,27.1175,6.77835,23.5008
2422002.0,29.0693,6.72535,24.3979
2430002.0,31.695,6.87086,25.2382
2438002.0,33.4713,6.50026,27.0891
2446002.0,34.4561,6.41961,28.0018
2454002.0,35.3353,6.2725800000000005,29.0631
2462002.0,36.196999999999996,5.93548,30.4941
2470002.0,36.2599,5.93274,31.2263
2478002.0,36.348,5.80189,31.6755
2486002.0,36.9324,5.56271,32.2118
2494002.0,37.131,5.21335,33.3246
2502002.0,37.3442,5.0616,34.7181
2510002.0,38.1637,5.30537,35.743
2518002.0,38.5584,5.293769999999999,36.8051
2526002.0,38.5327,5.290690000000001,37.4844
2534002.0,39.354,5.396780000000001,38.4974
2542002.0,39.2385,5.0568599999999995,40.1226
2550002.0,38.8762,5.15537,41.5573
2558002.0,39.2696,5.08789,41.9382
2566002.0,39.5609,5.14734,42.5853
2574002.0,40.0998,5.31555,43.3377
2582002.0,40.3012,5.48489,44.4008
2590002.0,41.126999999999995,5.3034,46.0095
2598002.0,41.7146,5.24991,47.7039
2606002.0,41.6855,5.23189,49.3855
2614002.0,42.2309,5.41973,1.2820799999999999
2622002.0,42.4327,5.41228,3.20325
2630002.0,43.2733,5.33026,4.50201
2638002.0,43.8372,5.34039,5.84023
2646002.0,44.0712,5.3876599999999994,7.6735
2654002.0,44.7243,5.23872,9.42175
2662002.0,44.7353,5.38355,10.5364
2670002.0,44.6618,5.56294,12.8641
2678002.0,44.3609,5.37935,15.4769
2686002.0,44.8689,5.28643,17.0486
2694002.0,44.8204,4.9735,17.49
2702002.0,45.282,4.99671,18.764
2710002.0,46.1779,5.514390000000001,21.0071
2718002.0,46.9796,5.496,22.7937
2726002.0,46.3346,4.97556,22.4325
2734002.0,48.123999999999995,3.20648,26.4816
2742002.0,0.732917,3.19853,28.5271
2750002.0,1.27461,2.98826,30.345
2758002.0,1.75148,3.12117,31.9115
2766002.0,1.79182,3.07702,33.7798
2774002.0,1.94068,3.08683,34.3494
2782002.0,2.6107400000000003,3.13263,35.8276
2790002.0,2.31282,3.40104,36.8004
2798002.0,2.54224,3.1638900000000003,37.7003
2806002.0,3.3961,3.0563700000000003,38.9608
2814002.0,3.6063199999999997,3.04385,39.9721
2822002.0,3.8486800000000003,2.6644200000000002,41.5476
2830002.0,3.99535,2.4425,41.9896
2838002.0,4.12132,2.31663,42.3529
2846002.0,4.5871699999999995,2.38908,43.2404
2854002.0,5.62179,2.3332900000000003,44.3865
2862002.0,6.54091,2.30728,45.2158
2870002.0,6.5220400000000005,2.2319,45.8156
2878002.0,6.95481,2.34707,46.9004
2886002.0,7.82852,2.36116,48.3081
2894002.0,8.86172,2.71029,0.26616599999999996
2902002.0,9.677019999999999,2.8500799999999997,1.43468
2910002.0,10.0909,2.95772,3.04628
2918002.0,10.934000000000001,3.16364,4.64786
2926002.0,11.3678,3.17542,6.62759
2934002.0,13.2851,3.05747,8.12021
2942002.0,14.2866,3.52359,10.3473
2950002.0,14.2566,3.21017,12.0128
2958002.0,15.3029,3.26795,13.6514
2966002.0,17.3275,3.0260700000000003,15.299000000000001
2974002.0,17.9682,2.9493400000000003,16.1655
2982002.0,19.3191,3.16073,17.3341
2990002.0,19.7309,3.19984,18.1477
2998002.0,19.9992,3.2898099999999997,19.1458
3006002.0,20.5064,3.1888799999999997,19.9362
3014002.0,20.7437,3.36122,20.9159
3022002.0,21.0865,3.62675,21.8262
3030002.0,21.8784,4.0831,23.7943
3038002.0,22.2223,3.9074199999999997,25.9146
3046002.0,22.6895,4.096019999999999,27.459
3054002.0,23.0717,3.9683800000000002,28.8904
3062002.0,23.355,3.86007,29.7693
3070002.0,23.7329,4.07319,31.3733
3078002.0,23.5568,4.242290000000001,32.6838
3086002.0,23.7803,4.06311,34.0544
3094002.0,24.342,3.8597599999999996,35.4649
3102002.0,24.8236,4.00441,36.86
3110002.0,25.4631,3.8823,38.2399
3118002.0,26.0194,3.65265,38.8909
3126002.0,26.7044,3.3352199999999996,39.8761
3134002.0,27.1428,2.67938,40.9499
3142002.0,26.955,2.41771,41.0729
3150002.0,26.9742,2.39121,41.5203
3158002.0,28.1695,2.51096,41.8758
3166002.0,28.8628,2.48602,42.2727
3174002.0,28.9652,2.52192,42.3955
3182002.0,29.118000000000002,2.528,42.698
3190002.0,29.6211,2.6284099999999997,43.13
3198002.0,29.4653,2.4542,44.5048
3206002.0,29.99,2.55935,45.0178
3214002.0,30.139,2.42475,45.8977
3222002.0,30.6295,2.8258,47.4983
3230002.0,31.2983,2.89797,48.5982
3238002.0,31.8145,3.03595,49.4457
3246002.0,31.7827,3.44737,1.37673
3254002.0,31.9719,3.6846400000000004,2.98466
3262002.0,32.2471,3.5737,3.85393
3270002.0,32.2722,3.63065,5.2748
3278002.0,32.1198,3.86805,6.6618699999999995
3286002.0,32.9012,3.6403300000000005,7.45454
3294002.0,33.265,3.14568,7.98596
3302002.0,34.0333,3.02907,9.97295
3310002.0,34.827,2.84444,10.1533
3318002.0,35.2544,3.16795,11.5461
3326002.0,35.639,3.73359,12.925999999999998
3334002.0,36.1371,3.70813,13.7054
3342002.0,36.1927,3.7425300000000004,14.4739
3350002.0,36.0333,3.73981,15.3876
3358002.0,35.9055,3.70435,16.3796
3366002.0,36.5941,4.01065,18.0526
3374002.0,37.1546,4.2759,19.2639
3382002.0,37.4608,4.54023,20.6423
3390002.0,38.5136,4.303999999999999,21.0317
3398002.0,39.3006,4.13866,22.5518
3406002.0,39.7078,4.18724,23.7131
3414002.0,40.3262,4.078790000000001,25.2624
3422002.0,41.5486,3.71876,25.8482
3430002.0,42.1288,3.69993,26.5879
3438002.0,42.2965,3.63974,27.8335
3446002.0,42.4157,3.4323599999999996,28.3831
3454002.0,42.3476,3.5301699999999996,29.0545
3462002.0,42.5419,3.45448,29.9896
3470002.0,42.7476,3.70159,31.1664
3478002.0,43.2771,4.54254,32.037
3486002.0,43.0432,4.87591,32.941
3494002.0,43.3208,5.19661,34.2494
3502002.0,43.4478,5.39025,35.111999999999995
3510002.0,43.6795,5.20132,36.4659
3518002.0,43.871,5.2828599999999994,37.5019
3526002.0,43.981,6.22052,38.8328
3534002.0,43.6812,5.94568,39.8179
3542002.0,43.2938,5.77268,41.4486
3550002.0,43.3649,6.1083300000000005,43.6788
3558002.0,43.026,6.14289,45.2625
3566002.0,42.9969,5.873419999999999,47.3789
3574002.0,43.503,5.8268,49.2923
3582002.0,43.47,5.84811,1.52194
3590002.0,43.7831,5.88186,3.3724199999999995
3598002.0,44.4953,5.7035599999999995,5.51042
3606002.0,44.9331,5.83044,7.114730000000001
3614002.0,45.8752,6.20865,8.23482
3622002.0,46.7744,6.281540000000001,9.59857
3630002.0,46.4122,6.197430000000001,11.2512
3638002.0,46.4096,5.80961,12.8599
3646002.0,47.313,5.83415,13.7327
3654002.0,47.7786,6.01176,14.5241
3662002.0,48.2616,6.13836,16.6993
3670002.0,48.3872,6.10268,18.5254
3678002.0,49.0638,6.16469,20.7948
3686002.0,49.4677,6.34441,22.8284
3694002.0,0.420806,6.45836,24.7232
3702002.0,0.956837,6.33049,26.813000000000002
3710002.0,1.27636,6.3644,28.4233
3718002.0,1.34932,6.2512300000000005,30.373
3726002.0,1.3010899999999999,6.05025,31.8831
3734002.0,1.28039,6.22545,33.7577
3742002.0,1.74065,6.27409,34.7316
3750002.0,2.09328,6.3491800000000005,36.0898
3758002.0,2.78876,6.45665,37.2055
3766002.0,3.6837199999999997,6.71669,38.2828
3774002.0,4.78927,6.90867,39.6526
3782002.0,5.30358,6.80088,41.4008
3790002.0,6.03776,6.934060000000001,42.8141
3798002.0,6.857710000000001,7.14083,43.8557
3806002.0,7.37712,7.03475,45.0089
3814002.0,7.31036,7.1463,45.8842
3822002.0,7.19964,7.102760000000001,46.7353
3830002.0,7.079330000000001,7.40003,48.1601
3838002.0,7.127000000000001,7.478110000000001,0.775407
3846002.0,6.83577,7.38174,2.87453
3854002.0,6.63139,7.62162,5.51916
3862002.0,2.4344099999999997,8.274469999999999,3.0887
3870002.0,1.03121,6.330080000000001,7.457839999999999
3878002.0,48.3867,5.14524,9.57136
3886002.0,47.9385,5.21897,10.9297
3894002.0,47.453,5.29873,12.4714
3902002.0,46.5959,5.24861,13.4439
3910002.0,47.2825,5.0325,14.7778
3918002.0,47.6737,4.87122,16.5111
3926002.0,48.2215,4.12871,16.6717
3934002.0,48.8675,4.053319999999999,16.7585
3942002.0,49.1867,3.9953800000000004,17.6252
3950002.0,0.0184391,4.08667,18.7467
3958002.0,0.450367,4.41739,20.1587
3966002.0,0.9253389999999999,4.4543099999999995,21.2147
3974002.0,1.1953,4.53,21.9955
3982002.0,1.2,4.43142,23.0365
3990002.0,1.35951,4.04298,23.9114
3998002.0,1.53755,4.07653,24.2107
4006002.0,2.00088,3.95361,24.8597
4014002.0,2.14178,3.9442800000000005,25.6224
4022002.0,2.45253,3.97676,25.9262
4030002.0,2.51918,3.8672699999999995,26.4963
4038002.0,2.8843099999999997,3.71611,26.9075
4046002.0,3.55271,3.6156099999999998,27.739
4054002.0,3.9676400000000003,3.53366,28.3943
4062002.0,4.11545,3.6013699999999997,28.9623
4070002.0,4.1963099999999995,3.4115599999999997,29.1245
4078002.0,4.14864,3.19501,29.4531
4086002.0,4.185569999999999,3.3577800000000004,30.2549
4094002.0,4.26642,3.3851699999999996,31.0523
4102002.0,4.176880000000001,3.66868,31.8503
4110002.0,4.2186,3.71779,32.5813
4118002.0,4.39816,3.6755699999999996,33.4965
4126002.0,4.533530000000001,3.80833,34.2021
4134002.0,4.8633,3.8976300000000004,34.7464
4142002.0,5.06195,3.7132,35.3888
4150002.0,5.48923,3.4127699999999996,35.7605
4158002.0,5.76665,3.37071,36.1781
4166002.0,5.82851,3.41318,36.6956
4174002.0,5.72651,3.83366,37.4631
4182002.0,5.888330000000001,4.15244,38.116
4190002.0,6.25376,4.3063,38.9983
4198002.0,6.62887,4.45896,40.2993
4206002.0,6.9344399999999995,4.43549,41.6046
4214002.0,7.35945,4.43845,43.1334
4222002.0,8.343860000000001,4.26499,44.3115
4230002.0,9.22268,3.9070199999999997,45.4828
4238002.0,9.87306,3.82914,46.7779
4246002.0,10.3339,3.8591599999999997,47.8239
4254002.0,10.6479,3.96058,48.9511
4262002.0,10.5773,3.95528,0.7114159999999999
4270002.0,10.3985,3.8772800000000003,1.6425599999999998
4278002.0,10.7272,4.0532900000000005,2.7157299999999998
4286002.0,10.597999999999999,3.87742,4.4153400000000005
4294002.0,10.5359,3.69726,6.54418
4302002.0,10.6063,3.55954,7.91695
4310002.0,11.3239,3.3419,9.070969999999999
4318002.0,11.4197,3.45189,10.259
4326002.0,11.9156,3.23283,10.9782
4334002.0,12.1623,3.21444,11.2673
4342002.0,12.3724,3.16808,11.8916
4350002.0,12.5494,3.19591,12.5517
4358002.0,12.4924,3.19753,13.4639
4366002.0,12.6777,3.17339,14.2215
4374002.0,12.6305,3.1873,14.825999999999999
4382002.0,12.5809,3.19536,15.5513
4390002.0,12.5996,3.1949799999999997,16.1747
4398002.0,12.7976,3.08068,17.1845
4406002.0,12.9854,3.11017,17.9772
4414002.0,13.0309,3.1791099999999997,18.4395
4422002.0,13.0094,3.0644,19.0071
4430002.0,12.6452,2.88948,20.1052
4438002.0,12.5077,2.9674,20.7212
4446002.0,12.3508,2.89581,21.4078
4454002.0,12.2961,2.9948900000000003,22.3523
4462002.0,12.1144,3.10493,23.4317
4470002.0,12.4738,2.9979,24.4136
4478002.0,12.9619,2.9451,25.7158
4486002.0,13.0972,2.84675,26.2685
4494002.0,12.9586,2.9186099999999997,27.2124
4502002.0,13.3541,2.94618,28.0549
4510002.0,13.8618,2.7799,28.7874
4518002.0,13.9984,2.7534799999999997,28.9719
4526002.0,14.1239,2.66125,29.4938
4534002.0,14.2501,2.67998,29.7421
4542002.0,14.3046,2.7909,29.7491
4550002.0,14.6902,2.89377,30.125
4558002.0,14.6938,2.8506099999999996,30.9478
4566002.0,14.7627,2.87704,31.2709
4574002.0,15.0074,3.18432,32.594
4582002.0,15.5087,3.3565300000000002,33.2423
4590002.0,16.4449,3.3708199999999997,33.6341
4598002.0,16.7616,3.36059,34.1962
4606002.0,17.2269,3.3332300000000004,34.5416
4614002.0,17.4625,2.91017,34.804
4622002.0,17.6478,2.9466799999999997,35.957
4630002.0,17.9063,3.03282,36.6695
4638002.0,18.2035,2.9379299999999997,36.8784
4646002.0,18.1471,2.94346,37.054
4654002.0,17.927,3.00319,37.607
4662002.0,18.0126,3.0781400000000003,38.0611
4670002.0,18.2549,3.24381,38.4656
4678002.0,18.5388,3.3271800000000002,38.8954
4686002.0,19.0141,3.45146,39.5593
4694002.0,19.6689,3.6737,40.4426
4702002.0,20.109,3.71789,40.978
4710002.0,20.8477,3.60415,41.7173
4718002.0,21.3255,3.6257099999999998,42.3868
4726002.0,21.425,3.53551,43.0295
4734002.0,21.7445,3.4643599999999997,43.2601
4742002.0,21.8934,3.4059199999999996,43.9952
4750002.0,22.0725,3.3917699999999997,44.7926
4758002.0,22.1435,3.42021,45.147
4760002.0,22.1064,3.4282199999999996,45.2241
4768002.0,22.7962,3.22895,46.353
4776002.0,23.921,3.07041,46.6922
4784002.0,24.951,2.78768,47.653999999999996
4792002.0,25.2111,2.60853,48.9758
4800002.0,25.3506,2.48179,0.371173
4808002.0,25.3436,2.4431700000000003,2.7221900000000003
4816002.0,26.4483,2.36328,4.17284
4824002.0,26.8125,2.33224,5.0576
4832002.0,26.7877,2.4354299999999998,5.86216
4840002.0,27.0506,2.47533,6.56818
4848002.0,27.0309,2.46294,7.36153
4856002.0,27.0432,2.57156,8.74912
4864002.0,26.8593,3.15539,10.8411
4872002.0,26.4968,4.05206,12.3578
4880002.0,26.3658,4.0032,13.4888
4888002.0,26.2155,3.99758,14.7027
4896002.0,26.3943,3.9031,16.0834
4904002.0,26.7786,3.5487900000000003,17.0314
4912002.0,27.1713,3.3521699999999996,18.4475
4920002.0,28.3631,3.30904,20.3577
4928002.0,29.459,3.4194699999999996,21.7789
4936002.0,29.7107,3.2696,22.7087
4944002.0,29.609,3.11112,24.1298
4952002.0,29.2692,3.19137,25.5248
4960002.0,28.9635,3.00878,26.6116
4968002.0,29.2708,2.86801,27.2983
4976002.0,29.5399,2.73916,28.0442
4984002.0,29.5488,2.9442,29.1463
4992002.0,30.1252,3.1393,30.2614
5000002.0,30.3693,3.18817,31.5719
5008002.0,30.5318,3.02258,32.8147
5016002.0,30.7263,2.89526,33.3468
5024002.0,30.6594,3.15063,34.4311
5032002.0,30.6685,3.20391,36.0665
5040002.0,31.3725,3.0379400000000003,36.5796
5048002.0,31.4981,3.1556599999999997,37.0294
5056002.0,32.0768,3.24133,38.2855
5064002.0,32.3929,3.3466699999999996,38.9062
5072002.0,32.8113,3.60791,39.0372
5080002.0,33.6218,3.8116800000000004,39.9386
5088002.0,33.9252,3.7999099999999997,40.521
5096002.0,34.0918,3.7374699999999996,40.9514
5104002.0,34.0155,4.05492,42.2799
5112002.0,33.6135,3.8476,43.1843
5120002.0,33.8283,4.000030000000001,44.9649
5128002.0,34.6024,3.68561,46.2734
5136002.0,34.6705,3.6389199999999997,47.0901
5144002.0,34.6316,3.31322,47.5669
5152002.0,34.9196,3.24174,48.8914
5160002.0,35.4739,3.14664,0.510537
5168002.0,36.2529,3.02179,1.58045
5176002.0,36.8703,2.889,2.8119400000000003
5184002.0,37.2062,2.8077,4.28834
5192002.0,37.7564,2.5102599999999997,5.02449
5200002.0,38.0306,2.51678,6.48554
5208002.0,38.2316,2.4176599999999997,6.79828
5216002.0,39.5168,2.55818,8.08687
5224002.0,40.3456,2.56232,8.50329
5232002.0,40.7795,2.53781,9.12481
5240002.0,41.04600000000001,2.55104,9.7489
5248002.0,41.2822,2.65662,10.212
5256002.0,41.3816,2.78218,10.6838
5264002.0,41.7857,3.06878,11.9622
5272002.0,42.0867,3.7629599999999996,13.3326
5280002.0,43.07,4.067019999999999,14.4466
5288002.0,43.1248,4.357419999999999,15.1971
5296002.0,44.044,4.7112099999999995,16.1687
5304002.0,44.513000000000005,4.67451,17.2435
5312002.0,45.2961,4.67675,18.1861
5320002.0,45.6661,4.90343,18.8066
5328002.0,45.8802,4.62617,19.4301
5336002.0,46.0265,4.473,20.273
5344002.0,46.3812,4.497269999999999,21.5784
5352002.0,46.6134,4.44434,22.0611
5360002.0,46.8213,4.4291,22.5783
5368002.0,46.9188,4.53726,24.0701
5376002.0,46.9074,4.3083,25.195
5384002.0,46.9663,4.30624,26.7111
5392002.0,46.8997,4.36185,27.3697
5400002.0,47.1407,4.33439,28.0106
5408002.0,46.8462,4.343319999999999,28.3924
5416002.0,47.2949,4.1637,29.5405
5424002.0,47.3393,4.1451,30.3533
5432002.0,47.3228,4.08491,31.2191
5440002.0,48.0262,3.6076300000000003,31.7519
5448002.0,48.4891,3.58757,32.8863
5456002.0,48.8084,3.53591,34.0748
5464002.0,48.8839,3.91224,35.4155
5472002.0,48.7004,3.92775,36.9993
5480002.0,49.1753,3.4839,38.3973
5488002.0,0.612414,3.1379799999999998,39.0187
5496002.0,1.07209,3.09251,39.4601
5504002.0,1.3586200000000002,3.3555,40.5664
5512002.0,1.45933,3.55384,41.824
5520002.0,1.84253,3.5252199999999996,42.4305
5528002.0,2.26494,3.64669,43.4441
5536002.0,2.49064,3.6819599999999997,43.7855
5544002.0,2.63393,3.6245300000000005,44.7112
5552002.0,2.98063,3.66532,46.1771
5560002.0,3.1085,3.7282900000000003,47.9425
5568002.0,3.30496,3.71454,48.3957
5576002.0,3.64165,4.31808,49.1286
5584002.0,4.08681,4.56203,0.903617
5592002.0,4.21529,4.8439,2.18823
5600002.0,4.378769999999999,4.71774,3.32639
5608002.0,4.4501800000000005,4.97567,4.41742
5616002.0,4.540030000000001,5.43616,5.27526
5624002.0,4.72705,5.44378,6.34055
5632002.0,5.466469999999999,5.62714,7.308910000000001
5640002.0,6.20819,5.78134,9.01885
5648002.0,6.8323100000000005,5.5525199999999995,10.7182
5656002.0,7.3612,5.46568,12.265999999999998
5664002.0,7.26048,5.38927,13.1149
5672002.0,7.6056,5.20445,14.179
5680002.0,8.33912,4.87841,14.7093
5688002.0,9.08668,5.10715,15.8145
5696002.0,9.09952,5.2334,16.5307
5704002.0,9.97144,5.49679,18.192
5712002.0,10.5363,5.63035,19.651
5720002.0,10.4852,5.76985,21.0615
5728002.0,10.6879,5.6521300000000005,22.5997
5736002.0,10.7581,5.98324,24.090999999999998
5744002.0,11.4468,6.39912,27.1401
5752002.0,11.7064,7.48463,31.2804
5760002.0,11.2763,7.98688,33.2201
5768002.0,11.8456,8.43882,34.5631
5776002.0,12.8259,8.59563,37.1153
5784002.0,13.6414,8.42042,38.1703
5792002.0,15.1327,7.82505,39.3975
5800002.0,17.9526,7.79332,42.6645
5808002.0,19.6259,8.11209,45.4276
5816002.0,21.3507,9.31937,48.0746
5824002.0,21.9353,9.809619999999999,0.20026300000000002
5832002.0,22.6763,10.0314,1.0237
5840002.0,22.3253,10.3247,2.91675
5848002.0,23.3693,10.6384,4.724019999999999
5856002.0,23.5013,11.0407,6.979010000000001
5864002.0,25.4629,11.0744,8.39451
5872002.0,26.0621,11.3978,10.4493
5880002.0,26.6457,11.8187,13.2865
5888002.0,27.3105,11.9728,16.1013
5896002.0,28.6279,11.7768,17.6198
5904002.0,29.396,11.6134,19.9619
5912002.0,29.5916,11.2304,22.4108
5920002.0,30.5749,12.2471,22.859
5928002.0,32.1537,14.8047,25.4506
5936002.0,33.7494,13.8909,30.1572
5944002.0,35.1681,12.3636,32.961
5952002.0,36.8463,12.5602,35.6219
5960002.0,37.0626,13.6481,38.9835
5968002.0,38.2331,13.5849,42.4392
5976002.0,39.3183,14.1269,46.7639
5984002.0,39.3361,13.8765,49.0751
5992002.0,39.9397,14.4444,3.1261
6000002.0,40.2305,16.1839,6.791760000000001
6008002.0,32.38,17.2926,10.1801
6016002.0,36.1587,11.5538,2.40047
6024002.0,42.4925,3.42486,0.38705
6032002.0,42.5073,3.2774900000000002,0.9260639999999999
6040002.0,42.9576,3.22784,0.8893209999999999
6048002.0,41.7081,2.58487,1.5766799999999999
6056002.0,42.2709,2.7440599999999997,2.96097
6064002.0,42.1963,2.9633,3.8625800000000003
6072002.0,42.3405,3.03648,4.68085
6080002.0,42.6135,3.0255099999999997,5.42471
6088002.0,42.8036,2.72966,5.80766
6096002.0,42.7983,2.45935,6.15164
6104002.0,42.9141,2.49168,6.613980000000001
6112002.0,42.9464,2.59908,7.37372
6120002.0,42.8808,2.8174799999999998,8.49772
6128002.0,42.9788,2.95045,9.727030000000001
6136002.0,43.613,2.8791700000000002,10.6358
6144002.0,43.4443,2.6753299999999998,12.1581
6152002.0,43.5963,2.61428,13.1416
6160002.0,44.6128,2.83387,13.8794
6168002.0,45.4308,2.93687,14.9104
6176002.0,45.6943,2.64,16.0236
6184002.0,45.6555,2.46916,16.6786
6192002.0,45.876000000000005,2.5111,17.4941
6200002.0,46.3902,2.43762,19.021
6208002.0,47.2133,2.41934,20.0375
6216002.0,47.751999999999995,2.4819999999999998,21.3068
6224002.0,48.6241,2.43458,21.4401
6232002.0,0.11798900000000001,2.5577400000000003,22.2238
6240002.0,0.807866,2.50355,23.2541
6248002.0,1.0976299999999999,2.30136,23.9749
6256002.0,1.98577,2.27094,24.7596
6264002.0,2.6040799999999997,2.30753,25.5471
6272002.0,2.9246,2.2725299999999997,26.5427
6280002.0,3.2186,2.2181900000000003,27.8122
6288002.0,3.26953,2.2326599999999996,28.7641
6296002.0,3.67689,2.27272,30.6729
6304002.0,4.08373,2.18035,32.1782
6312002.0,4.1641900000000005,2.3793599999999997,34.3697
6320002.0,4.96211,2.43309,35.7432
6328002.0,5.6144300000000005,2.40964,36.0962
6336002.0,5.58904,2.62983,36.3491
6344002.0,5.71654,2.68728,37.7044
6352002.0,6.26933,2.7818099999999997,39.6079
6360002.0,11.673,2.3745700000000003,35.6492
6368002.0,13.2547,4.826169999999999,38.1617
6376002.0,15.3046,5.775180000000001,39.1521
6384002.0,15.9474,6.32955,40.9264
6392002.0,16.405,7.115639999999999,41.943999999999996
6400002.0,16.0755,6.725410000000001,43.5563
6408002.0,16.2414,7.33637,46.3981
6416002.0,16.7212,7.110989999999999,48.085
6424002.0,16.5397,7.139069999999999,0.260488
6432002.0,16.6409,7.267639999999999,1.3976600000000001
6440002.0,16.1873,7.14065,1.7104700000000002
6448002.0,15.9683,7.01703,3.30894
6456002.0,15.77,7.1907,3.8959699999999997
6464002.0,15.2793,7.3947,4.423830000000001
6472002.0,15.6251,7.49277,6.6837800000000005
6480002.0,16.6142,7.735130000000001,7.649189999999999
6488002.0,16.9817,7.23377,9.19885
6496002.0,17.3849,7.713480000000001,10.5652
6504002.0,18.1431,8.0274,12.2434
6512002.0,18.2533,8.18265,13.3575
6520002.0,19.0665,8.222539999999999,14.9852
6528002.0,20.1368,8.405330000000001,17.6457
6536002.0,20.9888,8.417769999999999,19.9711
6544002.0,21.3262,8.05095,21.1961
6552002.0,21.9406,8.2962,22.8933
6560002.0,22.5947,8.29543,24.1852
6568002.0,23.1889,9.09512,25.3558
6576002.0,24.3867,9.59039,27.3125
6584002.0,25.2728,9.71642,29.1933
6592002.0,26.090999999999998,9.44138,31.3957
6600002.0,27.0118,9.279060000000001,32.9013
6608002.0,27.6656,10.0826,34.3207
6616002.0,28.7022,9.853439999999999,35.2301
6624002.0,30.0724,9.6561,36.2144
6632002.0,30.9957,9.57361,37.458
6640002.0,30.5795,9.2567,38.7065
6648002.0,31.2911,9.49015,40.1419
6656002.0,32.4018,8.878160000000001,41.1398
6664002.0,33.3004,8.7045,42.016999999999996
6672002.0,34.1517,8.34801,43.8144
6680002.0,34.7264,7.80958,45.7172
6688002.0,35.3304,7.492389999999999,47.31100000000001
6696002.0,36.1242,7.45265,48.4162
6704002.0,37.0286,7.2827,0.157271
6712002.0,38.3795,7.4517,1.33085
6720002.0,39.5477,7.53575,2.49267
6728002.0,40.3941,7.82435,3.9878699999999996
6736002.0,41.0999,7.8829899999999995,5.38507
6744002.0,42.0797,8.21936,6.889539999999999
6752002.0,43.1472,8.09177,8.6676
6760002.0,43.8464,7.984260000000001,10.0229
6768002.0,43.8215,7.56405,11.5538
6776002.0,44.3663,7.675269999999999,13.3413
6784002.0,45.5127,7.328239999999999,15.1635
6792002.0,46.683,7.1646399999999995,16.279
6800002.0,47.4415,6.661169999999999,17.7268
6808002.0,47.8191,6.963080000000001,18.9795
6816002.0,47.5739,7.01921,20.2628
6824002.0,47.9317,6.977180000000001,21.9596
6832002.0,48.3586,6.711760000000001,23.6202
6840002.0,48.3659,6.45181,25.5797
6848002.0,48.9887,6.33691,27.0955
6856002.0,0.015846000000000002,6.46475,28.3215
6864002.0,0.256069,6.06479,29.6014
6872002.0,0.890093,5.88469,31.5489
6880002.0,1.85265,5.75844,33.1342
6888002.0,2.2914,5.60105,35.1185
6896002.0,2.76023,5.5564599999999995,36.2885
6904002.0,3.6781800000000002,5.5404800000000005,37.8901
6912002.0,4.85674,5.57378,40.1895
6920002.0,5.66424,5.43118,42.089
6928002.0,5.926830000000001,5.365530000000001,43.8218
6936002.0,6.130780000000001,5.30586,44.8082
6944002.0,7.09823,5.090730000000001,46.2026
6952002.0,8.193489999999999,4.77292,47.268
6960002.0,8.82346,4.58988,48.141999999999996
6968002.0,9.71017,4.56639,49.1393
6976002.0,9.93871,4.72674,1.25022
6984002.0,10.3527,4.96287,3.0523700000000002
6992002.0,10.6775,4.92948,4.4262
7000002.0,10.7298,4.98015,5.58547
7008002.0,10.4044,5.024780000000001,6.95493
7016002.0,10.0549,4.81731,7.99932
7024002.0,10.0069,4.81229,9.07152
7032002.0,10.4134,4.69493,11.0682
7040002.0,10.7822,4.51786,12.9552
7048002.0,11.2881,4.44078,14.1708
7056002.0,12.1184,4.34795,15.2829
7064002.0,13.4563,4.12986,16.0565
7072002.0,14.0876,4.04217,17.5051
7080002.0,15.0115,3.67244,18.631
7088002.0,16.0842,3.30387,19.7169
7096002.0,16.9705,3.14679,20.1074
7104002.0,17.3795,3.11396,20.7171
7112002.0,17.2738,2.9304900000000003,22.0266
7120002.0,18.1876,2.80429,22.4334
7128002.0,17.6538,2.77549,22.5245
7136002.0,17.7576,2.8541,22.7695
7144002.0,17.4001,3.05844,23.6811
7152002.0,17.2665,3.43643,24.5492
7160002.0,17.5847,3.47005,25.5004
7168002.0,17.8546,3.59078,26.0576
7176002.0,17.824,3.49209,27.021
7184002.0,18.2193,3.3807099999999997,27.5491
7192002.0,18.1305,3.3444599999999998,28.0996
7200002.0,18.3255,3.35753,29.2393
7204002.0,18.3122,3.3738099999999998,29.4337
7212002.0,19.1472,3.4632199999999997,31.6354
7220002.0,19.7996,3.50251,32.875
7228002.0,20.0596,3.4553199999999995,33.5508
7236002.0,20.4858,3.46164,34.273
7244002.0,20.8705,3.9138300000000004,36.1265
7252002.0,21.0759,3.52054,37.8223
7260002.0,20.9664,3.3812699999999998,38.7237
7268002.0,21.0923,3.63257,39.9503
7276002.0,21.5682,3.8393699999999997,40.8272
7284002.0,21.6931,3.81092,42.0799
7292002.0,22.5425,3.4664300000000003,42.5972
7300002.0,23.3439,3.27078,43.7024
7308002.0,23.444000000000003,3.1888900000000002,44.076
7316002.0,24.1736,3.04192,44.8815
7324002.0,23.9316,2.91718,45.3551
7332002.0,23.892,3.06471,46.488
7340002.0,24.9415,2.79371,47.0639
7348002.0,25.1825,2.86171,47.9126
7356002.0,25.3428,3.05631,48.7838
7364002.0,25.9096,3.23886,49.336999999999996
7372002.0,26.1292,3.33799,1.07348
7380002.0,26.4947,3.16803,1.56863
7388002.0,27.204,3.2989599999999997,2.9652
7396002.0,27.7277,3.38372,3.7930800000000002
7404002.0,28.4429,3.45191,4.2089
7412002.0,28.9122,3.51431,5.19641
7420002.0,29.545,3.7627099999999998,7.03357
7428002.0,30.2055,3.5577300000000003,8.034310000000001
7436002.0,30.2143,3.5858,8.268880000000001
7444002.0,30.0624,3.7259,8.96375
7452002.0,30.4191,3.74934,10.0506
7460002.0,29.9989,3.4241300000000003,10.5711
7468002.0,29.9358,3.32502,11.0951
7476002.0,30.772,3.20472,11.8998
7484002.0,31.3746,3.1237,12.9278
7492002.0,31.6854,3.02334,13.2428
7500002.0,32.6202,2.87148,14.4543
7508002.0,33.4321,2.80313,14.7249
7516002.0,33.6221,2.5409,15.0971
7524002.0,34.3359,2.64625,15.9672
7532002.0,35.1826,2.53462,17.0327
7540002.0,35.0818,2.45676,17.5423
7548002.0,35.7046,2.4708799999999997,17.9062
7556002.0,36.4592,2.4891,19.2929
7564002.0,36.7489,2.6053,20.1119
7572002.0,37.2141,2.6855900000000004,20.7499
7580002.0,37.7731,2.65305,22.2505
7588002.0,38.1709,2.69807,23.8975
7596002.0,38.2059,2.6821099999999998,24.9143
7604002.0,38.3392,2.55865,25.9202
7612002.0,38.5097,2.52468,27.5008
7620002.0,38.635,2.57163,28.7266
7628002.0,39.9677,2.7863,31.0107
7636002.0,40.0534,2.6495599999999997,31.3984
7644002.0,40.3599,2.77678,32.2813
7652002.0,40.7426,2.85644,32.4839
7660002.0,41.3645,2.93454,32.979
7668002.0,42.5086,3.3057800000000004,34.3926
7676002.0,42.8031,3.40191,35.4053
7684002.0,43.0583,3.32835,36.4148
7692002.0,43.7023,3.25373,37.8139
7700002.0,43.6377,2.99511,38.5394
7708002.0,43.673,2.9096,39.9206
7716002.0,43.909,2.8322700000000003,41.3775
7724002.0,44.0253,2.75211,42.193000000000005
7732002.0,44.4678,2.54996,43.0626
7740002.0,44.6618,2.47478,44.2536
7748002.0,44.9586,2.53443,44.9703
7756002.0,45.588,2.53645,45.3141
7764002.0,45.4884,2.52827,46.4837
7772002.0,45.6003,2.58757,47.1143
7780002.0,46.0133,2.59737,47.488
7788002.0,46.4922,2.53733,48.5868
7796002.0,46.7063,2.46122,48.9715
7804002.0,46.7201,2.43319,49.108000000000004
7812002.0,46.9317,2.47585,0.39897
7820002.0,47.9341,2.50639,0.955082
7828002.0,48.7333,2.45669,1.3957700000000002
7836002.0,48.9873,2.47226,3.00976
7844002.0,48.9134,2.4717,3.57481
7852002.0,48.9327,2.53271,4.78918
7860002.0,48.9535,2.47427,5.1883300000000006
7868002.0,49.2319,2.47357,6.9076699999999995
7876002.0,49.4676,2.48162,7.466060000000001
7884002.0,0.594388,2.5789299999999997,7.904539999999999
7892002.0,1.04687,2.50402,8.57398
7900002.0,1.7357599999999997,2.6324799999999997,9.3129
7908002.0,2.72241,2.8559200000000002,9.64334
7916002.0,2.91112,3.1278099999999998,9.794989999999999
7924002.0,3.72704,3.13948,10.0927
7932002.0,3.91335,3.37056,10.3504
7940002.0,4.02292,3.68128,10.7044
7948002.0,4.690580000000001,3.80648,11.3365
7956002.0,4.6384300000000005,3.66773,11.8048
7964002.0,4.7144900000000005,3.6850699999999996,12.3701
7972002.0,4.79254,3.7034199999999995,13.1671
7980002.0,4.86648,3.54521,13.8804
7988002.0,5.19252,3.5554900000000003,14.3531
7996002.0,5.276269999999999,3.38735,14.8103
