2.0,46.6289,28.2622,37.0808
8002.0,2.48122,27.2973,39.7833
16002.0,3.6998800000000003,27.5594,43.1208
24002.0,3.59985,27.3912,47.588
32002.0,4.06762,26.9241,1.58534
40002.0,5.17119,26.8078,5.63716
48002.0,5.96629,26.338,9.24922
56002.0,5.59826,26.2302,13.9559
64002.0,5.33562,26.0774,16.5275
72002.0,6.126869999999999,24.8049,18.4081
80002.0,6.47578,24.6935,20.7552
88002.0,7.40798,24.6497,24.9776
96002.0,7.73182,24.0864,28.5254
104002.0,7.99977,24.0481,31.6447
112002.0,8.65183,23.7826,33.2664
120002.0,9.98449,23.9751,35.4943
128002.0,10.5212,24.3679,38.6251
136002.0,12.1994,24.5715,42.7474
144002.0,13.0618,25.1146,45.5311
152002.0,15.2427,25.689,47.5574
160002.0,20.1916,24.73,0.546437
168002.0,20.711,24.6303,3.43304
176002.0,20.2616,24.5766,6.4105
184002.0,20.1046,24.4883,8.89135
192002.0,20.3552,24.2493,12.5078
200002.0,21.6205,23.4178,16.0894
208002.0,22.8614,22.8045,18.948
216002.0,23.8923,22.7989,23.0123
224002.0,23.883000000000003,23.2087,27.2934
232002.0,24.0367,23.2205,31.5335
240002.0,24.7006,23.3648,35.2153
248002.0,25.1072,23.6113,38.693000000000005
256002.0,26.5018,23.6756,43.1233
264002.0,27.1868,23.5882,47.7672
272002.0,29.0463,23.5864,2.25674
280002.0,29.5901,23.5222,5.9347
288002.0,30.6763,23.6364,10.342
296002.0,30.9607,23.7726,14.3168
304002.0,32.1616,23.892,17.9383
312002.0,34.0902,24.0489,20.8429
320002.0,35.7494,24.296,24.8044
328002.0,37.6744,24.0532,28.9923
336002.0,39.2721,23.3213,32.8977
344002.0,40.6262,23.443,36.8255
352002.0,41.7657,23.3895,40.5995
360002.0,43.6873,23.4381,43.1951
368002.0,45.9737,24.5083,45.5113
376002.0,46.3228,24.6397,0.48091300000000003
384002.0,47.7496,25.4036,3.56443
392002.0,48.7308,25.3384,7.09098
400002.0,49.3467,25.4913,11.4332
408002.0,0.505078,25.4819,15.2141
416002.0,1.18369,25.7315,19.0735
424002.0,2.78275,26.3676,23.4945
432002.0,3.40288,26.3268,27.48
440002.0,3.975,26.2479,32.6007
448002.0,3.98826,26.3272,36.9634
456002.0,4.29709,26.9356,40.9101
464002.0,5.47227,27.9025,43.9017
472002.0,6.159330000000001,28.1035,49.0956
480002.0,6.821219999999999,28.4528,4.22651
488002.0,7.107139999999999,28.3426,8.72222
496002.0,8.45689,28.2654,13.2364
504002.0,8.67041,28.338,18.1849
512002.0,9.34304,28.0733,23.0584
520002.0,10.4027,27.9896,27.1018
528002.0,10.4819,28.0086,32.5331
536002.0,10.8595,28.0552,36.933
544002.0,12.9927,28.3454,41.2179
552002.0,14.9082,28.329,45.3608
560002.0,16.5458,28.4411,0.0401375
568002.0,16.6726,28.4421,3.42694
576002.0,17.2713,28.3179,8.92155
584002.0,18.0025,28.068,13.8403
592002.0,19.3491,27.9049,17.5315
600002.0,20.1496,28.4032,21.9406
608002.0,21.2576,28.193,26.2301
616002.0,23.2816,27.9163,30.84
624002.0,23.0661,28.6631,35.3123
632002.0,23.8684,27.752,40.0551
640002.0,26.5988,26.5289,43.7139
648002.0,27.1982,26.4853,46.0074
656002.0,28.4578,26.0164,0.546189
664002.0,28.9136,26.0524,4.54418
672002.0,29.9252,25.8929,9.08262
680002.0,30.4672,26.4465,13.2073
688002.0,31.361,26.5488,18.1184
696002.0,31.6709,26.0908,22.2019
704002.0,31.7916,26.2822,27.6298
712002.0,32.5202,26.1345,32.7199
720002.0,33.0905,26.2219,36.7275
728002.0,32.6709,26.247,40.9323
736002.0,32.404,26.6974,44.4527
744002.0,32.9532,27.1403,48.1179
752002.0,32.8206,27.1341,2.5775200000000003
760002.0,33.4761,27.307,7.15207
768002.0,33.7313,27.3145,10.7609
776002.0,34.3791,26.7734,16.5426
784002.0,33.9969,26.3997,20.1497
792002.0,34.6108,26.6701,23.9824
800002.0,34.6033,27.2077,28.7174
808002.0,34.4147,26.9496,31.5015
816002.0,34.3604,27.2286,35.6388
824002.0,35.2678,27.5527,39.5436
832002.0,36.4151,27.674,44.1827
840002.0,36.6121,28.1231,48.2878
848002.0,37.6514,28.6661,3.37532
856002.0,40.3009,28.9814,7.4194
864002.0,41.5328,29.5158,12.2379
872002.0,41.2993,29.4272,16.1722
880002.0,41.7988,29.4346,20.7736
888002.0,43.7111,29.9101,25.0656
896002.0,45.0045,29.9942,29.4314
904002.0,45.5371,30.0695,33.9485
912002.0,46.5945,29.854,37.4059
920002.0,47.4971,29.9647,41.6135
928002.0,47.3223,30.5355,46.0409
936002.0,47.7612,30.496,49.0392
944002.0,48.0594,30.598000000000003,3.14434
952002.0,49.3767,30.4515,8.11111
960002.0,48.8527,29.7544,12.2642
968002.0,49.2125,29.8128,16.3712
976002.0,0.46812200000000004,29.8708,20.3306
984002.0,1.16046,30.0523,24.9632
992002.0,1.7725400000000002,30.1228,28.0136
1000002.0,2.29402,29.9826,31.824
1008002.0,3.79339,30.1106,35.7123
1016002.0,4.2025,30.0206,40.0709
1024002.0,4.98493,29.7437,43.6925
1032002.0,6.019340000000001,29.4532,46.3806
1040002.0,7.55788,28.8688,1.45394
1048002.0,7.39235,28.6505,5.95615
1056002.0,7.351389999999999,28.7078,9.56195
1064002.0,7.725969999999999,28.7336,14.4967
1072002.0,8.41057,28.8034,18.879
1080002.0,8.78599,28.695,23.1052
1088002.0,9.31372,29.0,26.8608
1096002.0,10.5877,29.491999999999997,31.6482
1104002.0,11.2406,29.7983,36.0528
1112002.0,11.0959,29.7512,40.7574
1120002.0,11.3053,29.4282,44.6939
1128002.0,11.7401,29.3228,0.0786074
1136002.0,12.6568,29.5085,5.10228
1144002.0,13.6743,29.3928,8.69017
1152002.0,14.4574,29.0983,13.8362
1160002.0,14.4936,28.9781,18.7321
1168002.0,15.2949,28.8823,22.715999999999998
1176002.0,15.4065,28.8819,27.3853
1184002.0,15.6112,28.6209,31.9679
1192002.0,15.8216,28.4786,36.0998
1200002.0,15.9262,28.4075,40.6838
1208002.0,17.4082,28.2157,45.0653
1216002.0,19.0491,28.2046,48.86600000000001
1224002.0,19.4113,28.0613,4.80587
1232002.0,21.2948,27.962,8.89912
1240002.0,22.0559,27.6677,13.4366
1248002.0,22.6359,27.8709,18.5075
1256002.0,23.7041,27.9904,22.0613
1264002.0,24.193,27.9767,26.9363
1272002.0,24.4818,28.0429,32.0742
1280002.0,26.2357,28.5037,36.2474
1288002.0,27.2368,28.7191,39.6406
1296002.0,27.3837,29.2024,44.0715
1304002.0,28.7822,29.2503,47.643
1312002.0,28.8487,29.5134,2.77369
1320002.0,30.4256,29.627,6.913130000000001
1328002.0,31.3003,29.4504,11.6168
1336002.0,32.6317,29.6047,15.863
1344002.0,33.2736,29.7902,19.2884
1352002.0,33.8096,29.3691,24.4873
1360002.0,34.1777,29.1541,28.7161
1368002.0,34.6788,29.2586,32.7621
1376002.0,35.3572,29.4188,38.1938
1384002.0,35.8594,29.535,41.8947
1392002.0,36.2915,29.877,46.5868
1400002.0,37.5524,30.6163,2.28611
1408002.0,37.8487,31.1274,7.58272
1416002.0,38.4121,31.4826,12.1854
1424002.0,39.3399,31.7164,17.5308
1432002.0,39.9522,32.3265,22.6773
1440002.0,42.1792,33.0233,28.0144
1448002.0,42.8463,32.9303,32.4414
1456002.0,44.0756,33.4706,37.0466
1464002.0,45.2457,33.5103,41.6931
1472002.0,46.0213,33.4467,46.1004
1480002.0,46.943999999999996,33.3916,0.723888
1488002.0,47.7662,33.3488,4.89309
1496002.0,48.3364,33.2136,9.272689999999999
1504002.0,49.0005,33.3379,14.3617
1512002.0,1.17288,33.351,19.6611
1520002.0,1.65175,33.0744,24.435
1528002.0,2.2775,33.2714,29.4782
1536002.0,2.80294,33.4624,34.2795
1544002.0,3.79037,33.5632,39.064
1552002.0,5.617000000000001,33.631,43.0453
1560002.0,6.624969999999999,33.5453,48.3797
1568002.0,7.29587,33.6191,3.72736
1576002.0,7.105389999999999,33.7016,8.51413
1584002.0,7.54155,33.3941,13.7644
1592002.0,7.92733,33.0508,18.6646
1600002.0,8.2758,33.1971,23.5051
1608002.0,8.14701,32.814,28.8491
1616002.0,8.55189,32.608000000000004,32.9896
1624002.0,8.59861,32.367,37.9251
1632002.0,8.83425,32.1817,42.0423
1640002.0,9.73162,32.1706,46.8803
1648002.0,10.5606,32.0012,1.12271
1656002.0,10.3282,31.9129,5.80639
1664002.0,11.1352,31.9524,10.734000000000002
1672002.0,11.5367,31.9257,15.165999999999999
1680002.0,11.734000000000002,31.7401,20.232
1688002.0,11.8882,32.0631,24.8724
1696002.0,11.7807,32.0878,29.7311
1704002.0,11.6134,32.2726,34.9934
1712002.0,11.359000000000002,32.5608,40.2835
1720002.0,11.6737,32.2208,44.2451
1728002.0,12.2105,32.0127,48.2975
1736002.0,12.3348,31.723000000000003,3.06645
1744002.0,12.3941,31.6069,7.121230000000001
1752002.0,12.0507,32.0917,11.1175
1760002.0,12.0758,32.4459,15.640999999999998
1768002.0,12.9588,32.4832,19.8018
1776002.0,13.7182,32.4677,24.1018
1784002.0,14.3345,32.7654,28.3584
1792002.0,14.2835,32.4337,32.7473
1800002.0,14.8323,32.4119,37.6397
1808002.0,14.8603,32.7108,41.9998
1816002.0,15.1418,32.9912,45.8434
1824002.0,14.7106,33.1474,0.595126
1832002.0,15.4183,33.5888,4.62018
1840002.0,17.1539,33.4486,8.25658
1848002.0,17.3645,34.1288,12.7857
1856002.0,17.9831,34.1562,16.883
1864002.0,18.2843,34.306999999999995,21.4785
1872002.0,19.0633,35.4281,26.1036
1880002.0,20.4635,35.5033,30.8705
1888002.0,22.3073,35.804,35.4817
1896002.0,22.9194,36.2257,40.0392
1904002.0,23.2403,36.7669,44.6776
1912002.0,23.1827,36.6291,0.24013
1920002.0,23.1502,37.0318,4.95958
1928002.0,23.6997,37.5686,9.92414
1936002.0,24.326999999999998,37.5779,14.545
1944002.0,24.3947,37.6644,19.8757
1952002.0,24.4277,37.5551,24.8813
1960002.0,24.1194,38.0188,30.3286
1968002.0,24.9563,38.192,34.9855
1976002.0,25.6542,38.1926,39.4393
1984002.0,25.7082,38.8317,44.9175
1992002.0,25.904,38.5128,0.33615300000000004
2000002.0,25.9872,38.5736,4.65147
2008002.0,26.2475,38.6399,9.79331
2016002.0,26.8696,38.662,14.6678
2024002.0,26.8944,39.0944,19.4091
2032002.0,26.824,39.4058,24.5311
2040002.0,28.156,39.7422,29.5245
2048002.0,28.4105,39.9698,34.9235
2056002.0,28.9414,40.0663,39.7832
2064002.0,29.3346,39.6594,44.8017
2072002.0,30.5855,39.6816,0.0291627
2080002.0,31.6547,40.0148,4.562930000000001
2088002.0,33.0979,39.7365,8.4808
2096002.0,33.4373,39.5279,13.314
2104002.0,35.1116,39.5086,17.4808
2112002.0,36.239000000000004,39.7058,22.9147
2120002.0,36.9709,39.9479,28.1186
2128002.0,37.2955,39.7783,31.8837
2136002.0,37.9129,39.9421,36.7979
2144002.0,38.0898,39.6829,42.1258
2152002.0,38.4454,39.1972,47.0013
2160002.0,39.1882,38.9172,1.7123700000000002
2168002.0,40.8899,39.2383,6.2640400000000005
2176002.0,40.527,39.0441,11.0967
2184002.0,41.1279,38.8241,15.2391
2192002.0,41.4198,38.4809,19.0058
2200002.0,41.5507,37.9652,22.8783
2208002.0,42.1864,37.0325,26.9556
2216002.0,42.7141,36.3732,30.9732
2224002.0,43.3465,36.3954,36.3983
2232002.0,43.8792,36.1638,41.1392
2240002.0,45.0946,36.0662,45.387
2248002.0,45.2767,35.9487,0.157975
2256002.0,43.4773,34.7753,3.0956599999999996
2264002.0,47.5919,28.738000000000003,0.6642680000000001
2272002.0,0.175601,26.464000000000002,7.865880000000001
2280002.0,2.6943,25.5499,11.6981
2288002.0,2.47384,25.8137,15.4564
2296002.0,3.53237,25.851,19.9358
2304002.0,4.08676,26.0032,22.5756
2312002.0,4.639880000000001,25.9086,27.8892
2320002.0,7.11486,26.2965,32.2231
2328002.0,8.95004,27.1115,36.0178
2336002.0,9.36104,26.9676,39.3337
2344002.0,9.855960000000001,27.2652,43.875
2352002.0,10.7809,26.9468,48.2634
2360002.0,12.0298,26.0316,2.1560599999999996
2368002.0,12.3727,26.0887,7.14457
2376002.0,11.9735,26.0551,11.8628
2384002.0,11.8466,25.8098,16.1216
2392002.0,12.5529,25.683000000000003,20.1968
2400002.0,12.8882,25.8063,24.2445
2408002.0,12.8173,25.8559,28.8503
2414002.0,13.4453,26.0437,32.7812
2422002.0,14.3847,26.124000000000002,39.2318
2430002.0,17.4964,26.5229,42.4344
2438002.0,20.8286,26.2661,46.8445
2446002.0,22.5182,26.1681,1.37257
2454002.0,23.0139,26.0406,5.53106
2462002.0,23.7647,25.8471,9.30914
2470002.0,24.6001,25.6319,12.1266
2478002.0,26.4084,25.7326,15.6428
2486002.0,28.4347,25.6583,18.976
2494002.0,29.773000000000003,25.545,21.8695
2502002.0,30.5044,25.289,25.1744
2510002.0,32.954,25.1265,29.6899
2518002.0,33.4707,24.7325,32.8655
2526002.0,35.6678,24.3584,35.3435
2534002.0,37.4827,24.2721,39.0603
2542002.0,37.6867,24.1842,43.3192
2550002.0,38.3057,23.7959,48.3985
2558002.0,39.9119,22.930999999999997,2.0658
2566002.0,41.7027,22.6566,5.47503
2574002.0,43.5196,22.8722,8.6731
2582002.0,44.1982,23.0893,11.469000000000001
2590002.0,47.4311,23.1609,15.2345
2598002.0,0.196677,23.5843,19.8069
2606002.0,0.685177,24.0013,24.3214
2614002.0,1.7853299999999999,24.0594,28.3573
2622002.0,1.63426,24.2638,33.2717
2630002.0,2.56797,24.0228,36.9792
2638002.0,3.16073,23.955,41.0485
2646002.0,4.08465,23.4793,45.2531
2654002.0,5.26328,23.5362,0.211211
2662002.0,5.78746,23.1831,3.08695
2670002.0,6.24602,22.9957,7.1141
2678002.0,7.71701,22.9588,12.3236
2686002.0,10.6169,22.7552,16.0641
2694002.0,11.9464,22.6354,17.697
2702002.0,13.7776,21.6746,21.6596
2710002.0,15.4438,21.686,26.0083
2718002.0,16.8973,21.8438,30.3195
2726002.0,17.8299,21.9722,32.4749
2734002.0,18.7448,22.554000000000002,36.9266
2742002.0,20.7101,22.1412,40.9221
2750002.0,22.0408,22.5406,44.6682
2758002.0,22.6105,22.5217,48.66
2766002.0,23.5885,22.2684,3.6722300000000003
2774002.0,23.7441,22.5831,7.01875
2782002.0,24.6458,22.4694,11.2488
2790002.0,24.0949,22.7882,15.3708
2798002.0,24.5941,22.5496,19.8443
2806002.0,26.0408,22.2293,24.7199
2814002.0,25.8577,22.2453,29.6108
2822002.0,24.8672,19.953,33.5926
2830002.0,26.2746,19.6568,33.8979
2838002.0,26.5398,20.5887,36.2375
2846002.0,28.1263,20.174,39.8771
2854002.0,28.9921,19.9953,44.4664
2862002.0,29.7371,20.340999999999998,48.3326
2870002.0,30.2198,20.7142,1.45394
2878002.0,30.9869,20.601999999999997,4.809880000000001
2886002.0,30.7846,20.5688,7.5035
2894002.0,31.7895,20.844,10.7547
2902002.0,32.7028,20.6116,14.1931
2910002.0,33.051,20.5305,16.9283
2918002.0,32.6497,20.2854,19.4521
2926002.0,32.571,20.5413,24.3184
2934002.0,32.6254,21.14,29.2097
2942002.0,32.366,21.5042,33.687
2950002.0,32.47,21.3942,37.9525
2958002.0,33.1871,21.1622,42.1169
2966002.0,33.8313,21.055,46.1268
2974002.0,34.4542,21.3993,0.08567539999999998
2982002.0,34.9394,21.8575,4.6076
2990002.0,35.2399,21.2903,8.43856
2998002.0,35.2754,21.0338,12.0941
3006002.0,35.918,21.1557,15.1909
3014002.0,37.2201,20.755,19.7163
3022002.0,38.4356,20.5677,23.2322
3030002.0,40.3227,19.9586,28.4637
3038002.0,41.4244,20.5714,32.7629
3046002.0,42.6195,19.8472,37.0161
3054002.0,44.5197,19.4534,40.5004
3062002.0,45.4769,20.2266,44.0582
3070002.0,46.1511,20.0403,48.5418
3078002.0,46.2328,20.0834,2.63484
3086002.0,46.6143,20.0954,6.618130000000001
3094002.0,48.2961,19.7699,10.4089
3102002.0,49.3451,19.5486,13.9492
3110002.0,0.731613,19.149,17.748
3118002.0,2.16358,19.0,21.4369
3126002.0,3.39224,19.5261,26.0564
3134002.0,4.758859999999999,19.2967,30.8872
3142002.0,5.05117,19.4267,34.9139
3150002.0,6.48372,19.3426,38.1582
3158002.0,10.4376,19.7129,41.5983
3166002.0,11.7708,19.7113,44.0314
3174002.0,13.3737,19.8532,45.7769
3182002.0,14.8314,20.0529,0.37511
3190002.0,17.0417,19.3839,3.4454300000000004
3198002.0,17.7702,19.8571,7.586530000000001
3206002.0,19.6828,19.7813,10.3549
3214002.0,21.0061,19.3859,13.1647
3222002.0,23.3476,19.5131,17.3753
3230002.0,25.173000000000002,19.8504,21.8471
3238002.0,26.4201,19.8849,26.238000000000003
3246002.0,26.8136,20.043,30.4188
3254002.0,27.3297,20.0738,33.832
3262002.0,27.8498,20.2431,36.9348
3270002.0,27.9141,20.0316,40.9335
3278002.0,27.9892,20.6058,44.3739
3286002.0,28.8002,20.8055,47.0288
3294002.0,29.5322,20.9453,0.48548100000000005
3302002.0,30.5898,20.131,5.21323
3310002.0,31.414,19.954,7.697189999999999
3318002.0,31.7644,19.7722,10.9315
3326002.0,32.842,19.8461,14.1385
3334002.0,35.1498,19.8348,17.8387
3342002.0,36.2369,19.8392,22.0127
3350002.0,37.0295,19.8992,25.4737
3358002.0,39.9775,19.757,30.015
3366002.0,43.5868,19.961,35.1458
3374002.0,44.5817,20.0046,39.4399
3382002.0,46.0148,20.1682,43.5412
3390002.0,48.3297,20.0904,46.0364
3398002.0,49.1888,20.1486,0.28218899999999997
3406002.0,0.6970850000000001,20.4662,4.34782
3414002.0,3.32775,20.4346,8.73147
3422002.0,5.712619999999999,20.6778,12.4069
3430002.0,7.54898,20.5782,16.4118
3438002.0,8.05897,20.2386,20.115
3446002.0,8.67741,20.0297,23.6811
3454002.0,8.98804,20.0595,26.8815
3462002.0,9.00479,19.9772,30.3969
3470002.0,8.95916,19.7863,33.3546
3478002.0,10.1917,19.6347,37.5063
3486002.0,9.86127,20.2567,41.5207
3494002.0,10.6929,19.8633,45.4252
3502002.0,10.5729,19.7185,49.0899
3510002.0,11.347999999999999,19.383,3.36016
3518002.0,11.7809,19.9766,6.40361
3526002.0,12.763,20.4484,10.8064
3534002.0,13.0492,20.0429,14.6689
3542002.0,12.8997,20.1039,19.0443
3550002.0,13.1435,20.349,22.6719
3558002.0,13.2438,20.81,26.1316
3566002.0,13.4321,20.6379,30.4199
3574002.0,13.5708,20.4688,35.1297
3582002.0,14.0173,20.164,39.7353
3590002.0,15.0226,19.9634,44.376000000000005
3598002.0,15.3605,19.765,49.4865
3606002.0,16.4427,18.9845,3.0259099999999997
3614002.0,17.5382,18.7572,4.56
3622002.0,19.0111,18.497,6.31948
3630002.0,19.5786,19.6598,9.34479
3638002.0,19.6773,20.2897,12.7271
3646002.0,20.5346,20.2302,16.5419
3654002.0,20.5585,19.9907,19.1164
3662002.0,20.7108,20.0955,23.4367
3670002.0,20.8443,21.1734,27.4398
3678002.0,21.6886,21.2063,31.558000000000003
3686002.0,22.7475,21.3187,35.8604
3694002.0,23.5322,21.366,40.0317
3702002.0,24.4419,21.0834,44.2301
3710002.0,24.7823,21.3433,47.599
3718002.0,25.9218,21.4902,2.37533
3726002.0,26.3615,21.6542,6.53201
3734002.0,26.313000000000002,21.5345,10.9267
3742002.0,27.4382,21.3718,14.8306
3750002.0,28.1197,21.1881,18.6519
3758002.0,29.7315,21.1921,22.9185
3766002.0,31.1708,21.3883,26.9572
3774002.0,33.0252,21.3519,31.4201
3782002.0,34.6012,20.9518,34.951
3790002.0,36.2477,20.7981,40.1345
3798002.0,35.8108,20.2829,42.8605
3806002.0,36.6945,20.3397,46.1309
3814002.0,38.8385,19.8368,48.3012
3822002.0,39.2667,19.9044,2.30812
3830002.0,39.8788,19.8725,5.8234900000000005
3838002.0,40.4345,19.7571,10.1228
3846002.0,40.8855,19.6852,14.672
3854002.0,40.7985,19.7152,18.4898
3862002.0,40.4148,19.8639,22.0234
3870002.0,41.3493,20.0099,26.5284
3878002.0,41.7306,20.0004,30.9086
3886002.0,41.946999999999996,19.4716,34.2769
3894002.0,42.3995,19.3377,37.7434
3902002.0,42.63399999999999,19.524,41.1551
3910002.0,43.4168,19.7254,45.1038
3918002.0,45.3219,19.8589,0.21077600000000002
3926002.0,47.1795,19.7127,3.2734900000000002
3934002.0,48.6319,19.9843,6.45754
3942002.0,0.177006,19.9461,10.1411
3950002.0,0.783512,20.3785,14.2959
3958002.0,1.79486,20.5658,18.4048
3966002.0,2.81554,20.8957,21.910999999999998
3974002.0,3.85563,20.9188,25.7908
3982002.0,4.09209,21.1773,28.4372
3990002.0,5.05719,20.8389,31.6232
3998002.0,7.10155,20.9328,34.2228
4006002.0,7.9855,20.4368,35.9182
4014002.0,9.22776,20.4169,39.4263
4022002.0,10.7747,20.5097,42.3278
4030002.0,11.7056,19.8536,45.532
4038002.0,13.8276,20.044,47.3147
4046002.0,16.0357,20.2816,1.16406
4054002.0,17.512,20.4692,5.38401
4062002.0,19.0079,20.9813,10.1286
4070002.0,19.7702,20.8524,13.4713
4078002.0,20.0121,20.691,17.6126
4086002.0,20.95,20.2279,21.3048
4094002.0,22.5424,19.19,24.7207
4102002.0,23.8379,19.3227,27.935
4110002.0,24.616999999999997,18.7893,30.5552
4118002.0,25.818,18.5372,33.2605
4126002.0,26.6828,17.9137,36.3435
4134002.0,27.1029,16.9219,38.1019
4142002.0,27.6397,17.0421,40.8601
4150002.0,28.8146,16.9458,44.1435
4158002.0,30.2877,17.2004,47.7042
4166002.0,30.9258,17.3339,1.58949
4174002.0,31.6693,17.2333,5.26949
4182002.0,32.7681,16.8879,8.10472
4190002.0,34.3169,17.1234,12.1797
4198002.0,35.8056,16.9889,16.4492
4206002.0,37.6489,16.7073,19.9264
4214002.0,39.5649,16.8697,24.5127
4222002.0,41.3852,16.8955,29.0098
4230002.0,42.9217,16.8645,32.5162
4238002.0,44.7924,17.5819,37.4196
4246002.0,47.3263,17.9409,41.2969
4254002.0,49.2562,17.8942,45.9795
4262002.0,0.877533,18.3001,0.312743
4270002.0,1.47034,18.99,3.76506
4278002.0,2.84755,19.0199,7.607310000000001
4286002.0,3.4094300000000004,19.3433,12.0283
4294002.0,3.63614,19.722,15.8455
4302002.0,3.9292,20.3487,19.3901
4310002.0,4.866680000000001,20.6655,22.5437
4318002.0,4.72284,20.3592,24.5418
4326002.0,5.06766,20.233,27.4105
4334002.0,6.3463400000000005,20.2049,29.8549
4342002.0,6.95843,20.4431,33.4637
4350002.0,7.4816,20.7142,36.6345
4358002.0,7.663139999999999,20.8488,39.8506
4366002.0,8.44914,21.169,42.9809
4374002.0,9.35934,21.314,45.4273
4382002.0,10.4837,21.1894,48.6664
4390002.0,12.4796,21.0548,3.78966
4398002.0,12.6598,21.3117,8.861189999999999
4406002.0,13.8873,21.4974,13.4359
4414002.0,14.4907,21.2183,17.5839
4422002.0,15.0369,20.8676,21.138
4430002.0,14.4201,20.9212,25.9117
4438002.0,14.1355,20.8654,29.5667
4446002.0,14.2862,20.495,32.6878
4454002.0,14.9801,20.3028,35.7701
4462002.0,15.7048,20.5876,39.4158
4470002.0,17.7347,20.7193,42.8371
4478002.0,19.042,20.8313,44.8057
4486002.0,20.2585,20.7297,47.6162
4494002.0,21.3125,20.6417,1.14129
4502002.0,22.9305,20.4758,3.86495
4510002.0,23.7242,20.9089,6.38601
4518002.0,24.3532,21.3046,7.24485
4526002.0,25.9455,21.3142,10.6688
4534002.0,27.1989,21.0845,12.4631
4542002.0,28.3041,20.6889,14.6779
4550002.0,29.6858,21.6293,17.1827
4558002.0,31.085,21.5477,20.9067
4566002.0,31.9875,21.5312,24.3467
4574002.0,33.7371,21.9002,28.4836
4582002.0,35.5799,22.0155,31.4803
4590002.0,37.6564,22.1687,34.3041
4598002.0,39.3585,21.8016,37.7569
4606002.0,41.2271,21.4233,39.6588
4614002.0,42.5235,20.8953,41.3752
4622002.0,42.7725,20.842,43.0207
4630002.0,44.0494,20.6715,44.6272
4638002.0,45.2487,20.5689,46.18
4646002.0,45.2957,20.845,0.163982
4654002.0,45.8585,20.9822,2.39365
4662002.0,47.637,21.1399,5.08249
4670002.0,48.6882,21.1017,8.93192
4678002.0,49.0072,20.898000000000003,12.8115
4686002.0,0.474546,20.7413,15.9668
4694002.0,1.1541299999999999,20.3441,20.4192
4702002.0,1.8758099999999998,20.2165,22.8405
4710002.0,3.1503900000000002,19.9174,26.1924
4718002.0,4.36244,19.3607,29.5037
4726002.0,5.07581,19.3864,33.3589
4734002.0,6.95538,19.2197,36.7565
4742002.0,7.0720600000000005,18.9703,39.8909
4750002.0,7.12175,19.0503,43.1674
4758002.0,7.01875,18.8316,45.7746
4760002.0,6.781960000000001,18.8997,46.1505
4768002.0,7.79517,18.336,2.35577
4776002.0,10.4642,18.5518,4.3061
4784002.0,12.8275,18.4861,7.74728
4792002.0,13.5261,18.9995,10.1811
4800002.0,14.44,19.1287,12.4951
4808002.0,15.8843,18.9671,16.2588
4816002.0,18.3159,18.7603,18.7183
4824002.0,20.9172,18.3484,21.7079
4832002.0,22.5446,17.6433,24.5698
4840002.0,24.1109,18.1331,28.6848
4848002.0,24.9949,18.2911,30.528000000000002
4856002.0,26.276,18.8872,33.6443
4864002.0,26.225,19.1764,37.806
4872002.0,28.1407,19.6152,41.3692
4880002.0,28.6489,19.0835,44.3091
4888002.0,28.4893,18.7508,46.2128
4896002.0,29.598000000000003,18.7205,49.3173
4904002.0,30.6806,18.9555,1.3901700000000001
4912002.0,31.6455,19.2121,3.97871
4920002.0,33.937,20.2589,7.13518
4928002.0,36.2674,20.0145,10.2128
4936002.0,37.6745,19.7651,13.4333
4944002.0,38.1527,19.8431,16.3101
4952002.0,39.293,19.9027,20.6198
4960002.0,38.9768,19.5297,24.7342
4968002.0,39.4899,19.3211,28.7721
4976002.0,39.599000000000004,20.09,33.2387
4984002.0,40.7498,19.8694,37.0698
4992002.0,41.8395,20.3828,40.2547
5000002.0,43.7017,20.3612,43.3914
5008002.0,44.4445,20.4125,47.8521
5016002.0,44.4226,20.9702,0.73023
5024002.0,44.8363,21.1407,3.98708
5032002.0,45.1113,21.0574,7.845460000000001
5040002.0,46.4407,20.8957,11.4029
5048002.0,46.9224,20.7923,13.8992
5056002.0,48.1121,21.1115,17.7028
5064002.0,0.16431300000000001,21.6802,21.7069
5072002.0,1.59877,21.4566,25.3813
5080002.0,2.83486,21.4006,29.0345
5088002.0,4.2607099999999996,21.3316,33.6164
5096002.0,6.51202,21.6533,37.9083
5104002.0,8.633239999999999,21.6743,42.2968
5112002.0,9.80187,22.2279,46.218
5120002.0,10.9191,22.660999999999998,0.586675
5128002.0,12.3408,22.4514,4.8771
5136002.0,12.7523,22.4326,8.79021
5144002.0,13.8461,22.6871,12.6447
5152002.0,14.6894,22.7894,17.1198
5160002.0,15.6081,22.8705,22.0551
5168002.0,16.9426,22.7056,26.2299
5176002.0,18.0907,22.6419,30.2749
5184002.0,18.7408,22.6541,34.2113
5192002.0,19.5703,22.6341,38.0851
5200002.0,20.8823,22.4312,41.6823
5208002.0,21.6429,22.3892,44.667
5216002.0,22.4775,22.1949,48.4487
5224002.0,23.5315,22.2063,3.00989
5232002.0,24.1263,22.3142,7.2331
5240002.0,23.9993,23.3679,11.8172
5248002.0,24.665,23.5061,15.1336
5256002.0,25.2083,23.3737,17.7966
5264002.0,26.0885,23.232,21.9605
5272002.0,27.1781,23.3697,25.3865
5280002.0,28.7293,23.4192,29.5083
5288002.0,28.1827,23.2526,33.2297
5296002.0,28.375,23.0383,37.3551
5304002.0,29.5079,22.9006,41.4917
5312002.0,31.334,23.3163,44.9297
5320002.0,31.5454,23.4625,49.0015
5328002.0,31.3365,23.6651,2.62993
5336002.0,32.0545,23.9142,6.624630000000001
5344002.0,33.3257,24.1622,10.1635
5352002.0,33.8675,24.2316,13.9513
5360002.0,34.1576,24.2514,16.8389
5368002.0,35.0442,24.0096,21.1197
5376002.0,35.5,23.7554,24.6307
5384002.0,36.9058,23.818,29.3655
5392002.0,36.9054,23.6729,32.3445
5400002.0,37.5985,23.6269,35.875
5408002.0,38.1745,23.5959,38.8789
5416002.0,39.1763,23.4555,42.6331
5424002.0,40.0189,23.2546,46.2727
5432002.0,40.7322,23.4126,49.2861
5440002.0,42.2752,23.1025,2.21818
5448002.0,42.6075,22.6727,5.8768199999999995
5456002.0,42.9043,22.3417,9.958919999999999
5464002.0,44.0222,22.1226,13.7005
5472002.0,43.7839,22.2725,18.3032
5480002.0,45.608000000000004,21.9769,21.9596
5488002.0,46.9496,21.4401,24.8865
5496002.0,48.1438,21.2922,28.1881
5504002.0,48.4092,20.9581,31.9293
5512002.0,0.00299097,20.8247,34.6005
5520002.0,0.8365459999999999,20.417,37.486999999999995
5528002.0,2.4369400000000003,20.2636,40.4971
5536002.0,3.06078,20.2467,42.2207
5544002.0,3.5351800000000004,20.1217,44.8026
5552002.0,4.80577,20.3754,47.9244
5560002.0,5.3602099999999995,20.3946,2.1497
5568002.0,6.75528,20.9483,5.07711
5576002.0,7.290439999999999,21.1746,6.903989999999999
5584002.0,7.931539999999999,21.2146,10.7094
5592002.0,8.42559,21.4281,14.5379
5600002.0,8.23148,21.6087,18.4988
5608002.0,8.47893,21.3145,21.5527
5616002.0,9.47819,21.1217,24.7821
5624002.0,9.8008,21.0664,28.0495
5632002.0,10.8983,21.0863,31.664
5640002.0,12.2986,21.1513,35.361
5648002.0,14.2633,20.6421,39.3013
5656002.0,14.3904,20.3254,43.4676
5664002.0,14.7732,19.8662,47.4125
5672002.0,16.0306,19.7234,0.65154
5680002.0,17.1637,19.5322,2.91875
5688002.0,18.2204,19.4488,5.661980000000001
5696002.0,18.7996,19.0868,8.4271
5704002.0,20.4565,19.3834,12.1135
5712002.0,21.0042,20.1881,15.795
5720002.0,21.1538,20.1595,19.6707
5728002.0,21.9261,20.1541,23.1474
5736002.0,22.7527,20.0864,26.6611
5744002.0,24.3244,20.8378,31.4321
5752002.0,25.9024,20.8764,34.8921
5760002.0,26.1564,20.605999999999998,38.0595
5768002.0,27.0327,20.9536,40.413000000000004
5776002.0,27.999000000000002,21.2883,44.0877
5784002.0,28.6237,21.6071,47.5334
5792002.0,29.5943,21.897,1.88267
5800002.0,31.1683,22.4556,6.3703
5808002.0,32.6379,22.5064,9.93383
5816002.0,34.6802,22.1198,13.5901
5824002.0,35.2236,22.1139,16.3757
5832002.0,36.1861,21.5,18.9348
5840002.0,36.5154,21.7576,22.0756
5848002.0,38.1744,22.2487,25.1602
5856002.0,38.9139,22.2833,29.3368
5864002.0,40.4254,21.8744,32.3215
5872002.0,41.1144,22.0799,35.884
5880002.0,41.5928,22.3545,39.9379
5888002.0,42.1321,22.9306,43.4902
5896002.0,43.5611,22.5657,46.6862
5904002.0,45.0864,22.6601,1.07968
5912002.0,46.2442,22.5083,4.8591
5920002.0,47.2572,22.6018,8.04257
5928002.0,48.448,22.9144,11.57
5936002.0,48.9899,23.0142,15.8005
5944002.0,49.0077,23.0383,19.4627
5952002.0,49.4395,23.194000000000003,22.8887
5960002.0,0.485371,22.8956,26.8543
5968002.0,1.6431900000000002,22.5268,31.1142
5976002.0,2.00742,22.5811,35.3051
5984002.0,2.05578,22.6587,39.4636
5992002.0,3.04965,22.8247,43.9026
6000002.0,3.6718699999999997,22.8246,48.1033
6008002.0,3.85092,22.3814,2.20709
6016002.0,4.25811,22.178,4.82782
6024002.0,4.1011,21.6152,8.217080000000001
6032002.0,4.61787,21.3894,11.812000000000001
6040002.0,5.045640000000001,21.6566,14.9653
6048002.0,5.778569999999999,21.8558,18.9373
6056002.0,6.60548,22.8823,23.974
6064002.0,6.659789999999999,22.9258,28.4882
6072002.0,7.1388,22.5657,32.3346
6080002.0,8.78055,23.0616,36.1485
6088002.0,9.319339999999999,23.7367,38.9203
6096002.0,9.107289999999999,23.2424,42.0656
6104002.0,9.41382,23.4139,45.9928
6112002.0,10.1029,24.1062,1.6627900000000002
6120002.0,10.1701,24.5722,6.16368
6128002.0,10.0929,24.1798,10.9622
6136002.0,10.5799,24.2036,15.6055
6144002.0,10.5135,23.8976,20.1748
6152002.0,10.7497,24.051,24.4886
6160002.0,10.9852,23.9234,28.4613
6168002.0,12.0285,24.0081,32.8917
6176002.0,11.8964,24.0356,36.9516
6184002.0,11.4544,24.6836,40.7906
6192002.0,11.9646,25.0536,44.5725
6200002.0,12.4034,25.1213,48.2338
6208002.0,12.5557,25.329,3.24025
6216002.0,13.286,25.4743,7.97507
6224002.0,14.0387,25.2808,12.2547
6232002.0,14.5853,24.9838,16.7922
6240002.0,15.7997,24.9752,22.3004
6248002.0,16.8068,24.6174,26.5398
6256002.0,18.5618,24.5005,31.1626
6264002.0,20.0337,24.7908,35.7555
6272002.0,20.8984,24.6109,39.2777
6280002.0,21.570999999999998,24.4921,43.5259
6288002.0,21.8412,24.655,48.1445
6296002.0,22.8486,24.6733,2.18018
6304002.0,23.3943,24.834,6.24961
6312002.0,24.6343,24.6206,10.0776
6320002.0,26.1197,24.5187,14.2963
6328002.0,28.2637,24.4992,18.7361
6336002.0,29.8059,23.9152,22.2319
6344002.0,29.5167,24.1599,27.5429
6352002.0,29.0313,23.9346,32.2002
6360002.0,29.9199,24.1265,37.207
6368002.0,30.516,24.2646,42.2998
6376002.0,31.4374,24.6332,46.9234
6384002.0,31.5229,24.3456,2.0520400000000003
6392002.0,32.2777,24.2132,5.87774
6400002.0,32.7206,24.2472,10.3041
6408002.0,32.7469,24.4072,15.363
6416002.0,33.4408,24.8106,19.4662
6424002.0,34.8523,24.7392,24.0215
6432002.0,36.1174,24.807,27.9737
6440002.0,36.2856,25.1997,31.5201
6448002.0,36.4966,24.8986,35.0434
6456002.0,37.0813,25.0314,38.3913
6464002.0,38.0264,24.4336,42.0205
6472002.0,38.361999999999995,24.3241,46.8525
6480002.0,38.6207,24.236,1.64385
6488002.0,39.6511,24.6926,5.19811
6496002.0,40.3849,24.1047,9.310880000000001
6504002.0,41.6208,24.1873,13.5123
6512002.0,43.0845,24.0591,17.8259
6520002.0,44.2833,23.9085,21.0892
6528002.0,45.1236,23.0988,25.5772
6536002.0,46.1257,22.8534,30.2978
6544002.0,46.2135,22.6647,33.3989
6552002.0,47.1715,22.5146,36.594
6560002.0,48.1129,22.5218,39.8913
6568002.0,0.320123,22.1386,42.628
6576002.0,1.55664,22.0651,46.4204
6584002.0,2.89138,20.9312,0.858786
6592002.0,4.35724,20.8473,5.04117
6600002.0,6.03885,20.5607,8.87988
6608002.0,7.34353,20.6297,13.01
6616002.0,9.5791,21.8375,16.6491
6624002.0,11.6691,21.7431,19.9624
6632002.0,13.4356,22.5513,23.2563
6640002.0,13.9332,22.4336,27.3887
6648002.0,15.1377,22.1131,31.0057
6656002.0,17.301,22.2059,35.0863
6664002.0,18.4689,22.0975,38.0322
6672002.0,20.4926,22.3879,41.7455
6680002.0,21.4503,22.624000000000002,46.1891
6688002.0,22.1747,22.8147,0.608681
6696002.0,24.0232,22.9361,3.94584
6704002.0,25.3337,22.7359,8.676739999999999
6712002.0,27.4728,22.9336,12.0289
6720002.0,29.3807,22.8154,14.9463
6728002.0,30.9568,22.7377,17.7091
6736002.0,31.6587,23.0695,21.7017
6744002.0,32.5505,23.1244,26.3924
6752002.0,34.669000000000004,23.0211,30.7394
6760002.0,35.7477,22.6471,34.5982
6768002.0,35.4022,22.8132,38.9038
6776002.0,35.9217,22.579,42.8614
6784002.0,36.9681,22.7868,46.8437
6792002.0,37.1482,22.6307,0.525137
6800002.0,38.0991,22.3772,4.13468
6808002.0,38.316,22.6652,7.38462
6816002.0,38.2272,23.0555,11.2995
6824002.0,39.451,23.0183,15.0854
6832002.0,40.8799,22.8675,19.1769
6840002.0,41.4214,22.5936,23.3388
6848002.0,41.7583,23.0902,27.0503
6856002.0,41.83,22.3723,30.351
6864002.0,42.2307,22.3927,34.2486
6872002.0,42.5413,22.2505,37.4888
6880002.0,44.5551,22.3572,40.9281
6888002.0,45.0908,22.3839,45.3554
6896002.0,46.3264,22.8662,48.1871
6904002.0,48.0334,22.4402,2.5076099999999997
6912002.0,1.46183,22.243000000000002,6.31646
6920002.0,3.23668,21.9658,10.6852
6928002.0,5.01746,22.3333,14.8903
6936002.0,6.27514,21.5501,17.5189
6944002.0,9.20706,21.111,20.3725
6952002.0,13.0748,21.1707,22.3649
6960002.0,15.2518,21.2768,24.4035
6968002.0,16.9298,21.3125,27.4482
6976002.0,19.1649,21.4929,31.1201
6984002.0,19.7519,21.5083,35.096
6992002.0,21.2479,21.4768,39.0973
7000002.0,22.6388,21.5622,42.614
7008002.0,24.4231,21.4693,45.9236
7016002.0,26.204,22.0191,0.6089859999999999
7024002.0,26.5245,22.3177,4.2617400000000005
7032002.0,27.7385,22.5281,8.39573
7040002.0,28.5435,22.27,11.3533
7048002.0,29.4831,22.0684,14.5392
7056002.0,30.9401,22.0282,17.9187
7064002.0,33.7004,22.6828,21.0524
7072002.0,35.061,23.2953,24.9281
7080002.0,36.3839,23.9047,28.2398
7088002.0,36.9753,24.4718,32.0724
7096002.0,37.067,24.7599,34.9096
7104002.0,37.7026,24.5345,37.3507
7112002.0,38.1168,24.3766,41.5776
7120002.0,40.0231,25.0166,45.3174
7128002.0,40.6692,25.7395,48.6351
7136002.0,42.0875,25.3612,2.85188
7144002.0,42.3131,25.9542,6.689139999999999
7152002.0,42.8305,26.0347,11.2989
7160002.0,44.4587,25.8512,16.2408
7168002.0,45.0308,25.7703,20.2469
7176002.0,46.1679,25.5241,24.18
7184002.0,47.9068,25.9195,27.4637
7192002.0,47.577,25.5058,31.7182
7200002.0,49.297,26.0135,36.5026
7204002.0,48.7582,26.1987,37.6501
7212002.0,1.68595,27.0029,40.7353
7220002.0,3.20959,27.1968,43.6639
7228002.0,3.9407900000000002,27.211,47.3925
7236002.0,5.31425,26.8283,1.53989
7244002.0,5.9215800000000005,26.5571,6.27795
7252002.0,6.36742,25.8556,10.8001
7260002.0,7.03967,25.6706,14.4215
7268002.0,6.64186,24.826999999999998,19.2836
7276002.0,7.739510000000001,25.7507,22.6824
7284002.0,7.49958,25.5685,27.7938
7292002.0,8.551160000000001,26.8829,30.5487
7300002.0,10.4271,25.9891,33.7944
7308002.0,11.294,25.9656,38.839
7316002.0,11.6721,26.1765,41.6192
7324002.0,11.4788,25.0257,45.7864
7332002.0,11.7458,27.381,48.6946
7340002.0,12.5579,27.5139,2.54637
7348002.0,12.4201,27.6764,6.1799599999999995
7356002.0,13.0088,28.0997,9.081719999999999
7364002.0,14.1014,27.8663,12.083
7372002.0,14.6991,28.3777,15.8673
7380002.0,15.1011,28.7558,18.9605
7388002.0,14.7515,28.9587,23.3497
7396002.0,15.4054,29.0285,27.0854
7404002.0,16.2043,28.8626,31.6712
7412002.0,17.2345,29.0473,35.4848
7420002.0,17.847,28.9603,40.0444
7428002.0,18.7421,28.7215,44.4094
7436002.0,19.0693,28.7566,48.8797
7444002.0,19.3259,28.8351,3.3304300000000002
7452002.0,19.8919,28.8701,7.669789999999999
7460002.0,20.0756,28.7619,11.6199
7468002.0,20.898000000000003,28.7839,15.8765
7476002.0,22.2631,28.8843,19.1655
7484002.0,22.9278,28.6901,23.0299
7492002.0,23.8488,28.7,26.2206
7500002.0,24.3223,28.8191,30.5951
7508002.0,25.5368,28.331999999999997,34.0813
7516002.0,25.9144,27.9117,38.1118
7524002.0,26.1206,27.6558,42.3784
7532002.0,27.3028,27.9363,46.7508
7540002.0,27.8028,28.2841,1.13801
7548002.0,27.8439,28.1468,3.67363
7556002.0,28.2079,27.8471,7.723839999999999
7564002.0,28.4518,28.2378,11.0357
7572002.0,29.004,28.009,14.5804
7580002.0,29.2317,27.9028,18.76
7588002.0,29.4347,27.8952,23.7433
7596002.0,30.0716,27.9498,27.3472
7604002.0,30.6352,27.4575,30.804000000000002
7612002.0,30.9235,27.0739,35.5557
7620002.0,31.2442,26.776999999999997,39.2168
7628002.0,32.394,26.8926,43.4443
7636002.0,33.9875,27.0026,46.8688
7644002.0,35.2278,27.4712,0.500859
7652002.0,36.1316,28.4906,3.5536
7660002.0,37.3076,28.7165,7.3731
7668002.0,39.3138,28.9624,11.9363
7676002.0,40.4908,29.1568,16.8558
7684002.0,40.9332,29.1673,20.6831
7692002.0,42.2845,29.4378,24.9642
7700002.0,43.4631,29.5818,28.9973
7708002.0,43.483000000000004,30.125999999999998,32.2009
7716002.0,44.1169,30.2217,36.0583
7724002.0,45.1611,29.7223,39.7595
7732002.0,46.9434,29.8288,44.1976
7740002.0,49.3071,30.0112,48.3223
7748002.0,0.5177149999999999,29.8022,3.31333
7756002.0,1.89073,29.8863,7.16904
7764002.0,2.67259,29.9589,11.8063
7772002.0,2.75263,29.6781,15.9418
7780002.0,3.16154,29.6386,20.3034
7788002.0,3.6976400000000003,29.7355,25.1668
7796002.0,4.44077,29.6586,29.119
7804002.0,5.4709,29.6462,33.0762
7812002.0,6.46745,30.1287,38.1883
7820002.0,7.27918,30.4941,42.4202
7828002.0,8.701130000000001,30.7639,47.6404
7836002.0,9.19486,30.5262,3.19163
7844002.0,9.93144,30.3553,6.86572
7852002.0,9.70883,29.8044,11.8455
7860002.0,9.76994,29.6584,15.4618
7868002.0,9.54752,30.3221,20.7764
7876002.0,10.5681,30.6296,25.4221
7884002.0,11.3731,30.5126,29.8738
7892002.0,12.4585,30.9345,35.033
7900002.0,12.8652,30.7094,39.6492
7908002.0,13.1788,30.9948,43.7191
7916002.0,12.5481,29.8711,48.4637
7924002.0,13.0093,29.3608,2.9716
7932002.0,13.673,29.8041,6.738289999999999
7940002.0,14.2928,29.5264,10.7562
7948002.0,14.703,29.2959,14.9441
7956002.0,15.0166,28.8654,18.3148
7964002.0,15.3381,28.354,21.8223
7972002.0,15.103,28.2772,25.0069
7980002.0,14.9567,27.9109,29.5019
7988002.0,15.0612,27.8765,33.0975
7996002.0,15.1497,28.0934,35.393
