2.0,48.0221,18.7756,12.5837
8002.0,4.11624,18.0395,14.6159
16002.0,8.6389,17.4814,17.5397
24002.0,6.1736,16.6517,22.9427
32002.0,6.717739999999999,16.6913,25.2603
40002.0,7.69868,16.6782,27.9149
48002.0,8.68549,16.8855,32.0811
56002.0,9.79977,15.6855,35.9696
64002.0,8.2927,16.7624,38.0209
72002.0,9.31833,16.9015,40.2335
80002.0,9.50879,16.9423,42.2224
88002.0,10.264000000000001,17.0135,45.4444
96002.0,10.7842,16.9933,47.873999999999995
104002.0,10.7307,17.336,1.09348
112002.0,11.1566,17.2093,1.8871799999999999
120002.0,11.9848,17.4089,3.46634
128002.0,12.5395,17.494,6.28608
136002.0,13.6747,17.8557,9.11924
144002.0,14.3746,18.1373,11.4002
152002.0,15.7389,18.1333,13.5325
160002.0,19.7456,18.3461,14.4652
168002.0,20.5333,18.3691,16.5302
176002.0,20.0196,18.2804,18.039
184002.0,20.3195,18.5638,20.0164
192002.0,19.8492,19.2239,22.8594
200002.0,20.6828,19.5588,25.9954
208002.0,21.3701,19.7048,28.7378
216002.0,21.7058,20.0,32.6685
224002.0,21.6279,20.0616,36.192
232002.0,21.8706,20.0186,40.5122
240002.0,22.4003,20.2855,44.6182
248002.0,22.8176,20.5827,48.1508
256002.0,24.124000000000002,21.0125,2.66172
264002.0,24.0893,21.5678,7.129230000000001
272002.0,26.0753,21.9366,10.9422
280002.0,27.1654,21.9428,14.3543
288002.0,28.2382,21.9296,18.5563
296002.0,28.5371,22.1587,22.8349
304002.0,29.814,22.4886,26.53
312002.0,31.2398,22.4981,29.8527
320002.0,33.0173,22.3653,33.699
328002.0,35.2043,22.6712,37.6546
336002.0,36.4799,22.5997,41.633
344002.0,37.12,22.4297,45.2296
352002.0,38.0885,22.4613,48.4385
360002.0,39.6705,21.9939,2.18127
368002.0,41.1267,22.2081,4.77039
376002.0,41.4563,22.1469,8.684
384002.0,42.9007,22.250999999999998,11.1627
392002.0,43.8233,21.8991,14.79
400002.0,44.326,21.7031,19.4277
408002.0,44.8267,22.0261,24.0512
416002.0,45.0871,21.6522,27.3268
424002.0,46.1553,22.4809,31.3762
432002.0,47.1931,22.5931,34.6457
440002.0,48.4256,22.4552,40.0011
448002.0,48.5576,22.4815,44.4985
456002.0,48.9493,22.7686,48.1082
464002.0,0.328468,23.2383,1.8844599999999998
472002.0,1.8095,22.9122,7.0003
480002.0,3.22513,22.4314,11.6816
488002.0,4.62287,21.8538,15.3505
496002.0,6.807930000000001,21.3522,19.5575
504002.0,6.49956,21.3605,23.6045
512002.0,8.072980000000001,21.2884,28.0048
520002.0,8.81333,21.4261,31.8297
528002.0,8.23466,21.6133,36.4615
536002.0,8.9597,21.406999999999996,40.0819
544002.0,11.0296,21.5417,43.5002
552002.0,12.5787,21.2774,46.7904
560002.0,13.8236,21.2226,0.574951
568002.0,14.1269,21.2755,3.7555099999999997
576002.0,14.1739,21.2787,8.84211
584002.0,14.6496,21.4969,13.2763
592002.0,15.6941,21.2906,15.9078
600002.0,16.807000000000002,21.6936,19.4395
608002.0,17.649,21.8319,23.1213
616002.0,19.2937,21.2243,26.815
624002.0,21.3,22.0785,31.7689
632002.0,22.1894,21.9406,35.6431
640002.0,23.8351,20.9666,38.2803
648002.0,25.3501,21.143,40.5286
656002.0,26.2127,21.2278,44.6001
664002.0,27.0315,20.9229,48.5497
672002.0,27.7209,20.6075,3.85639
680002.0,28.3449,20.8317,7.99475
688002.0,29.8556,21.5128,12.9128
696002.0,30.3754,20.9467,15.890999999999998
704002.0,30.3896,21.1208,21.4748
712002.0,31.1012,20.8258,26.5047
720002.0,30.8513,20.4201,29.3517
728002.0,31.1337,20.3147,32.7671
736002.0,30.7557,20.3331,35.5412
744002.0,31.6114,19.7247,37.7128
752002.0,31.8372,19.9529,41.2374
760002.0,32.7506,19.7891,45.4771
768002.0,33.5462,19.8732,48.1775
776002.0,34.4076,19.6181,3.42266
784002.0,34.304,19.5282,6.51101
792002.0,36.1978,20.035999999999998,9.249460000000001
800002.0,36.6838,20.3426,13.3363
808002.0,37.5424,19.0642,16.5964
816002.0,39.5572,18.5767,20.3792
824002.0,40.211999999999996,18.7345,23.5337
832002.0,41.1144,18.3763,28.2479
840002.0,41.7924,18.2511,31.2272
848002.0,42.8488,18.3819,34.2282
856002.0,46.0778,18.4403,38.2145
864002.0,48.0335,18.6414,40.9195
872002.0,47.8351,17.9744,43.6504
880002.0,49.0914,17.8254,47.4427
888002.0,1.1371799999999999,17.9682,0.9165409999999999
896002.0,2.84669,18.9642,3.76822
904002.0,3.88351,19.1037,7.6988199999999996
912002.0,5.8962,18.8406,9.685360000000001
920002.0,6.13285,18.8852,12.8764
928002.0,5.78389,19.5488,16.3459
936002.0,6.19168,19.8163,17.9567
944002.0,6.4286900000000005,20.0748,20.0256
952002.0,8.598989999999999,19.3975,22.6904
960002.0,9.009960000000001,19.5931,25.2007
968002.0,9.62314,19.9357,28.65
976002.0,10.7024,20.2971,31.8146
984002.0,11.7555,20.4288,35.0893
992002.0,11.8286,21.0421,38.3265
1000002.0,13.2099,21.1225,41.2901
1008002.0,15.624,21.1239,43.8128
1016002.0,16.8399,21.7909,47.3211
1024002.0,18.2363,21.8816,0.978736
1032002.0,19.9715,21.6475,2.4917700000000003
1040002.0,21.3306,20.9177,6.2133199999999995
1048002.0,21.7591,21.1116,10.3957
1056002.0,22.2993,21.3247,13.5936
1064002.0,22.7449,21.017,17.669
1072002.0,23.5656,20.9259,21.3977
1080002.0,24.7682,21.1873,24.8762
1088002.0,26.2241,21.0217,28.2572
1096002.0,27.4454,21.1227,32.6192
1104002.0,28.209,21.6053,36.0483
1112002.0,28.1602,21.4831,41.3816
1120002.0,28.9526,21.9032,45.2275
1128002.0,30.1171,22.1665,48.5064
1136002.0,31.9857,22.4996,3.47821
1144002.0,33.7173,22.5528,6.63771
1152002.0,34.921,23.0204,10.8078
1160002.0,34.7164,23.1994,14.4715
1168002.0,35.4306,22.8538,18.1651
1176002.0,36.2813,22.8118,22.3349
1184002.0,37.0029,21.9448,26.737
1192002.0,37.7431,22.1082,30.0836
1200002.0,39.2023,22.3619,33.2237
1208002.0,40.494,22.3327,37.7507
1216002.0,40.9099,23.2341,40.0126
1224002.0,41.6152,22.1593,43.4593
1232002.0,43.3872,21.3788,46.254
1240002.0,44.1718,21.820999999999998,0.574163
1248002.0,44.5718,22.2539,4.92495
1256002.0,46.0905,22.0428,7.79402
1264002.0,47.6915,21.9322,11.9803
1272002.0,48.6239,22.2928,16.8834
1280002.0,1.8919,22.094,21.1042
1288002.0,3.11308,22.2519,24.125999999999998
1296002.0,2.97172,22.5808,28.2514
1304002.0,4.70411,22.6909,31.5549
1312002.0,5.01232,23.3971,36.3337
1320002.0,6.22328,23.6029,40.7089
1328002.0,7.1688,23.805999999999997,43.9062
1336002.0,8.91233,24.05,47.8889
1344002.0,10.3007,24.7354,2.15786
1352002.0,11.8214,24.9872,8.03655
1360002.0,12.4692,24.9905,12.5743
1368002.0,13.8202,24.5273,16.7053
1376002.0,14.6514,24.6342,21.0971
1384002.0,15.0082,24.5272,25.3555
1392002.0,15.9751,24.7826,29.3503
1400002.0,18.2136,25.0744,34.6597
1408002.0,19.2175,25.313000000000002,38.8653
1416002.0,19.4514,25.3903,42.8933
1424002.0,19.8855,25.3534,47.2851
1432002.0,20.6613,25.1108,2.42128
1440002.0,23.1653,24.9168,6.53941
1448002.0,24.208000000000002,24.9178,9.59976
1456002.0,25.636999999999997,24.9664,13.4215
1464002.0,26.2371,24.3529,16.6958
1472002.0,27.3448,24.5477,20.5522
1480002.0,27.9554,24.2548,23.8036
1488002.0,28.8803,23.9617,27.3521
1496002.0,29.6122,23.581999999999997,30.948
1504002.0,30.366999999999997,23.4054,34.2565
1512002.0,31.7311,24.1522,39.8855
1520002.0,31.6039,24.2024,43.6907
1528002.0,32.2277,23.6765,48.8807
1536002.0,32.5478,23.5916,3.3652599999999997
1544002.0,32.8125,23.1377,7.283339999999999
1552002.0,34.8561,22.7695,10.4175
1560002.0,35.3089,23.2148,15.8499
1568002.0,36.2597,23.0106,19.7463
1576002.0,36.5676,22.889,23.9037
1584002.0,37.721,22.7062,28.6421
1592002.0,38.5729,22.6107,32.922
1600002.0,39.7388,22.2068,37.4693
1608002.0,40.5484,21.5703,43.1038
1616002.0,40.6178,21.4934,47.5865
1624002.0,41.2869,20.9146,2.5815900000000003
1632002.0,41.4627,20.6291,6.94918
1640002.0,42.9257,20.9022,11.1078
1648002.0,44.1083,21.0595,14.2404
1656002.0,45.1131,21.430999999999997,18.236
1664002.0,47.0185,21.3175,22.8475
1672002.0,49.2533,20.8221,26.3854
1680002.0,0.752362,20.3158,30.7469
1688002.0,1.54502,20.1218,35.1383
1696002.0,1.71957,20.4044,39.2691
1704002.0,2.4728,20.2388,43.7962
1712002.0,2.8410599999999997,19.7175,48.3199
1720002.0,4.25559,19.1928,2.0662700000000003
1728002.0,5.76623,19.2317,5.57129
1736002.0,6.111280000000001,18.8597,9.23343
1744002.0,6.42736,18.9731,13.0372
1752002.0,6.33829,19.0828,15.71
1760002.0,6.58559,19.0929,19.5599
1768002.0,8.18586,18.9764,22.5198
1776002.0,8.97711,19.1594,26.3403
1784002.0,10.2581,19.7127,28.9578
1792002.0,11.3541,20.264,32.3326
1800002.0,11.9436,21.2803,35.7277
1808002.0,13.2869,21.773000000000003,39.1869
1816002.0,13.5209,22.6562,41.4274
1824002.0,12.8815,21.8495,45.023
1832002.0,15.0585,22.4039,49.0415
1840002.0,17.4838,22.6477,1.73672
1848002.0,17.6333,22.811,5.47058
1856002.0,17.9088,22.8077,8.07887
1864002.0,18.531,23.1935,11.4037
1872002.0,19.448,23.6922,13.9014
1880002.0,20.4747,24.1755,17.5033
1888002.0,22.5866,24.5825,19.9223
1896002.0,23.5698,25.0161,23.97
1904002.0,23.4088,25.2405,27.7086
1912002.0,24.0507,25.3786,31.7798
1920002.0,23.8294,25.0772,36.3626
1928002.0,25.1641,25.0455,39.8619
1936002.0,25.0143,24.9376,43.5339
1944002.0,25.9434,24.9949,48.1627
1952002.0,26.4611,24.5107,2.6857599999999997
1960002.0,26.3001,24.5012,6.71886
1968002.0,26.8094,24.8525,10.1757
1976002.0,27.9937,25.0299,13.7793
1984002.0,28.9916,26.0597,18.3879
1992002.0,29.6617,25.4254,23.4066
2000002.0,30.8701,24.8303,28.1823
2008002.0,31.6046,23.622,34.2677
2016002.0,34.1161,23.4309,38.6224
2024002.0,35.3269,23.3623,39.318000000000005
2032002.0,36.7093,23.5501,41.6889
2040002.0,38.3449,23.3284,45.6207
2048002.0,39.7648,23.4674,0.9788399999999999
2056002.0,41.5181,22.859,2.9967900000000003
2064002.0,42.7824,22.7193,6.54816
2072002.0,44.7364,22.5552,10.0639
2080002.0,45.8807,22.6511,13.7235
2088002.0,47.0906,22.1596,16.7316
2096002.0,48.5234,21.3989,20.1724
2104002.0,0.8774860000000001,21.2832,23.2561
2112002.0,2.76943,21.3931,28.1501
2120002.0,2.77067,21.1433,32.8796
2128002.0,3.21462,21.5063,35.4984
2136002.0,4.49723,21.3059,38.6052
2144002.0,5.48954,21.601999999999997,43.1372
2152002.0,6.2941,21.4149,46.2966
2160002.0,6.77372,20.6445,0.466582
2168002.0,7.06583,20.4186,3.87569
2176002.0,7.236789999999999,20.6032,6.5892800000000005
2184002.0,8.58946,20.5412,7.95976
2192002.0,8.68608,20.3017,9.30033
2200002.0,8.85007,20.6536,11.3697
2208002.0,10.2709,21.2447,14.4197
2216002.0,12.577,21.766,17.9212
2224002.0,14.555,22.7101,23.1688
2232002.0,15.1991,23.1085,27.2229
2240002.0,16.422,23.3304,30.9946
2248002.0,17.6569,23.4909,33.9196
2256002.0,18.0094,23.6531,35.7257
2264002.0,18.624000000000002,24.0801,38.0764
2272002.0,19.602999999999998,24.5023,41.9107
2280002.0,22.0001,24.9209,45.0015
2288002.0,22.3471,24.9684,49.3306
2296002.0,23.9514,24.7256,4.26569
2304002.0,25.8718,24.6398,8.25206
2312002.0,25.6263,24.1891,13.0851
2320002.0,27.6271,24.1151,17.5804
2328002.0,28.3879,24.4918,22.0798
2336002.0,28.4825,24.3416,26.4331
2344002.0,29.4928,24.5391,30.7049
2352002.0,30.0699,24.291999999999998,35.0791
2360002.0,31.0212,24.1331,39.0954
2368002.0,31.3667,23.8773,43.5614
2376002.0,31.2317,23.4064,47.9035
2384002.0,31.9345,23.5782,2.61783
2392002.0,32.5129,23.6372,6.87127
2400002.0,33.2573,23.6018,11.3659
2408002.0,33.4002,22.8886,15.7203
2414002.0,34.6222,22.9449,19.3645
2422002.0,34.958,22.4837,26.4075
2430002.0,39.6536,22.3449,30.0955
2438002.0,42.9066,21.7859,35.461
2446002.0,44.2336,21.5955,39.7435
2454002.0,44.1334,21.4967,43.1128
2462002.0,45.9093,21.5913,46.8699
2470002.0,46.5744,21.4182,48.3793
2478002.0,47.8652,21.3002,2.33455
2486002.0,49.4467,21.1598,5.43576
2494002.0,1.15196,20.840999999999998,8.64759
2502002.0,1.49468,21.0533,12.0644
2510002.0,3.78956,20.5504,16.0415
2518002.0,4.66758,20.4157,19.0513
2526002.0,7.333419999999999,19.8664,21.2898
2534002.0,8.77455,19.5983,23.936
2542002.0,8.89408,19.7123,28.4929
2550002.0,9.70957,19.8188,32.3584
2558002.0,11.5141,19.7843,35.3415
2566002.0,12.7741,19.7707,38.0547
2574002.0,14.5912,19.2363,40.9592
2582002.0,15.7197,19.1934,44.1773
2590002.0,18.3011,19.4173,47.5927
2598002.0,20.3087,19.7086,2.08798
2606002.0,20.9473,19.9959,5.66996
2614002.0,22.3816,20.0525,9.07638
2622002.0,22.4368,20.01,13.2118
2630002.0,23.4537,20.1401,16.567999999999998
2638002.0,23.7551,20.3686,20.3427
2646002.0,24.1993,20.4749,24.4807
2654002.0,25.4406,20.6608,28.7124
2662002.0,25.5926,21.5983,32.0196
2670002.0,25.7717,21.7607,36.7493
2678002.0,26.9859,21.2173,42.6264
2686002.0,31.604,20.6722,44.6248
2694002.0,33.4678,20.8932,46.5084
2702002.0,34.1673,21.2337,0.43168900000000004
2710002.0,35.4819,21.4606,4.96858
2718002.0,37.7246,21.678,9.05675
2726002.0,37.9782,22.218000000000004,11.1493
2734002.0,38.55,21.3231,15.0444
2742002.0,39.9093,21.584,19.2168
2750002.0,41.4903,21.0443,23.816999999999997
2758002.0,42.3725,20.9878,28.2537
2766002.0,42.8567,21.1463,33.1536
2774002.0,43.6849,21.2784,36.4536
2782002.0,44.0942,21.4124,40.6818
2790002.0,43.7941,21.2332,44.7014
2798002.0,43.7186,21.4511,48.8531
2806002.0,45.0974,21.8621,4.36244
2814002.0,45.0776,22.0095,9.1848
2822002.0,44.6749,21.2838,13.2143
2830002.0,45.3027,20.9092,16.2234
2838002.0,46.1136,21.2841,19.8727
2846002.0,48.3439,22.1908,23.49
2854002.0,48.1815,21.8571,28.1807
2862002.0,49.3067,21.058000000000003,32.3523
2870002.0,49.36,21.463,35.5945
2878002.0,0.49502799999999997,21.217,38.9408
2886002.0,0.0968421,20.7051,42.0726
2894002.0,1.13294,20.8178,45.3082
2902002.0,2.13095,20.6456,48.2478
2910002.0,1.7085400000000002,20.2054,2.03313
2918002.0,1.95085,19.7852,5.051069999999999
2926002.0,2.40604,19.2753,10.3478
2934002.0,3.22716,18.5029,13.619000000000002
2942002.0,2.83862,18.7662,17.4747
2950002.0,3.0602099999999997,19.5956,21.4363
2958002.0,3.2876199999999995,19.4113,25.4466
2966002.0,4.15578,19.3201,29.6407
2974002.0,4.21636,19.9039,32.8162
2982002.0,4.44727,19.7855,37.5238
2990002.0,5.00507,19.9847,41.1756
2998002.0,5.0894699999999995,19.6801,44.2277
3006002.0,4.93091,19.7252,47.2069
3014002.0,6.047630000000001,19.8483,1.1204399999999999
3022002.0,8.00434,19.3573,3.40889
3030002.0,9.579,18.9683,8.36999
3038002.0,9.94378,19.1437,11.9035
3046002.0,11.0145,18.8201,16.0114
3054002.0,12.365,18.6663,19.0029
3062002.0,13.3635,19.2216,21.616999999999997
3070002.0,14.7603,19.0672,25.4656
3078002.0,14.8439,18.7432,28.381999999999998
3086002.0,15.6967,18.5604,32.1763
3094002.0,16.9921,18.5377,35.6087
3102002.0,17.611,18.6618,39.0336
3110002.0,18.5791,18.7242,42.7124
3118002.0,20.0465,19.2103,46.1017
3126002.0,20.5951,19.0749,0.657632
3134002.0,22.2027,19.0246,5.0072
3142002.0,22.6289,18.8233,8.81869
3150002.0,23.7344,18.9406,11.9868
3158002.0,27.0012,18.6637,15.3308
3166002.0,28.0152,18.6638,17.947
3174002.0,29.4799,18.7934,20.0366
3182002.0,30.9259,18.6504,23.9487
3190002.0,32.2215,18.9272,27.3396
3198002.0,33.4255,18.9235,31.5959
3206002.0,36.4007,18.813,34.9703
3214002.0,37.8541,18.7635,37.4041
3222002.0,40.1935,18.7729,41.3363
3230002.0,41.9392,18.8422,45.1858
3238002.0,42.9288,18.8528,49.0849
3246002.0,43.8064,18.4838,2.70834
3254002.0,44.2174,18.4071,5.53146
3262002.0,44.9072,18.6898,8.26775
3270002.0,44.9791,19.111,12.0998
3278002.0,44.8865,18.8913,14.7868
3286002.0,46.3194,18.8086,17.6716
3294002.0,46.886,18.9089,20.0133
3302002.0,47.7644,18.8729,24.8806
3310002.0,48.3349,18.5089,26.9313
3318002.0,48.1444,18.7776,29.8741
3326002.0,0.00493987,18.5565,32.8045
3334002.0,1.4554799999999999,18.6015,36.3892
3342002.0,2.39083,18.362000000000002,40.4496
3350002.0,2.8599900000000003,18.1481,43.4383
3358002.0,4.54924,18.1271,46.8508
3366002.0,6.96862,18.0359,1.76922
3374002.0,7.8620600000000005,18.6891,5.49111
3382002.0,9.03656,18.8826,10.0022
3390002.0,11.3868,18.9614,12.6018
3398002.0,12.2523,18.6392,16.817999999999998
3406002.0,13.1626,19.1765,20.3632
3414002.0,15.8884,18.8736,24.0677
3422002.0,17.8644,18.9851,26.1848
3430002.0,20.0777,19.0275,30.0947
3438002.0,20.608,18.6736,33.6124
3446002.0,20.457,18.2337,36.6257
3454002.0,20.6982,17.5584,39.6756
3462002.0,20.7965,17.4491,43.0416
3470002.0,20.9073,17.5022,46.2107
3478002.0,20.5032,17.9322,48.8369
3486002.0,20.5825,17.7367,2.81524
3494002.0,21.4261,17.8356,7.459560000000001
3502002.0,21.2999,17.3362,11.0501
3510002.0,21.4748,17.3859,16.1376
3518002.0,22.1042,17.3264,20.0394
3526002.0,23.2015,16.6797,24.1684
3534002.0,23.2967,16.6434,28.2396
3542002.0,22.523000000000003,16.7382,32.3687
3550002.0,22.5805,16.4941,35.8543
3558002.0,22.8939,16.7133,38.9093
3566002.0,22.8506,16.1476,42.7266
3574002.0,22.8679,16.4028,47.0936
3582002.0,22.8745,16.1587,1.6926299999999999
3590002.0,23.1266,16.5073,5.7327
3598002.0,23.4908,16.0145,9.767430000000001
3606002.0,23.9871,16.0681,12.2947
3614002.0,25.1121,16.2526,13.7918
3622002.0,25.7725,16.5507,14.6556
3630002.0,25.5008,16.1873,18.3797
3638002.0,26.4044,16.3866,21.0972
3646002.0,26.3663,15.544,25.6238
3654002.0,26.5198,15.96,28.8688
3662002.0,27.101999999999997,15.9763,32.751999999999995
3670002.0,27.3287,16.3582,35.8192
3678002.0,27.8913,16.011,40.0037
3686002.0,28.5992,16.3333,44.4164
3694002.0,28.7243,16.567999999999998,48.9992
3702002.0,28.8903,16.5434,2.73257
3710002.0,29.4699,16.394000000000002,5.44332
3718002.0,30.2261,16.2973,8.52556
3726002.0,30.4328,15.7052,12.2611
3734002.0,30.5251,15.5532,15.8753
3742002.0,30.9958,15.3038,18.9201
3750002.0,30.7938,15.4264,19.3894
3758002.0,31.6251,15.489,21.2827
3766002.0,32.6788,15.9364,23.6941
3774002.0,33.1529,15.9888,25.6289
3782002.0,34.3198,15.7562,28.1437
3790002.0,35.5056,15.8991,31.1292
3798002.0,35.0252,15.9932,32.3377
3806002.0,35.2855,15.9623,35.0479
3814002.0,35.9961,15.8958,36.5397
3822002.0,35.6854,16.4754,39.5568
3830002.0,36.1401,16.9208,42.9504
3838002.0,36.1168,16.8026,46.4535
3846002.0,36.3933,16.6271,1.9402700000000002
3854002.0,35.9526,15.8648,5.2400400000000005
3862002.0,34.7912,15.8568,7.669980000000001
3870002.0,34.6959,16.1791,11.2139
3878002.0,34.7409,16.7038,15.0543
3886002.0,34.6036,15.8035,18.3395
3894002.0,34.7993,15.6629,21.2392
3902002.0,34.7233,15.6688,24.2112
3910002.0,34.7836,15.5944,27.7442
3918002.0,36.6205,15.1319,32.0123
3926002.0,37.2902,17.0469,35.1354
3934002.0,39.2298,16.6315,38.2275
3942002.0,39.766,16.8499,41.463
3950002.0,40.4565,16.2117,44.9681
3958002.0,40.8848,16.1154,49.2399
3966002.0,40.8356,17.663,3.5121
3974002.0,41.9356,20.1495,6.92435
3982002.0,40.846,19.8765,10.386
3990002.0,41.7593,19.6956,13.75
3998002.0,43.3897,18.2485,15.8925
4006002.0,44.2143,18.4338,17.1732
4014002.0,45.5257,18.4984,20.0573
4022002.0,45.621,18.7364,21.9606
4030002.0,45.8176,19.2215,25.203000000000003
4038002.0,47.1824,18.999000000000002,26.9194
4046002.0,48.9358,18.6718,29.9069
4054002.0,0.0252989,18.615,33.4374
4062002.0,0.766572,18.6245,37.0974
4070002.0,0.732542,18.3142,39.3182
4078002.0,0.616218,18.6555,42.8595
4086002.0,1.25078,18.7028,46.7199
4094002.0,2.35695,18.7334,0.507586
4102002.0,2.9506,18.7601,3.7193099999999997
4110002.0,3.4996199999999997,18.288,6.82331
4118002.0,4.37959,18.3668,9.85082
4126002.0,5.79035,18.6259,13.402999999999999
4134002.0,6.583819999999999,18.9666,15.873
4142002.0,7.3365800000000005,19.3839,19.1463
4150002.0,8.77869,19.3105,22.37
4158002.0,10.0971,19.0662,25.4755
4166002.0,10.8828,18.7125,28.8922
4174002.0,12.1576,18.5025,32.5937
4182002.0,12.6293,18.5384,36.0615
4190002.0,13.8974,18.1991,39.9093
4198002.0,15.5446,17.9083,43.9995
4206002.0,17.5416,17.6798,48.373999999999995
4214002.0,18.8426,17.2494,3.23684
4222002.0,19.9913,17.2882,7.597110000000001
4230002.0,21.5808,17.2347,10.8387
4238002.0,24.4332,17.1834,15.0025
4246002.0,26.3309,17.4304,18.2525
4254002.0,28.2922,17.5016,22.7427
4262002.0,29.1475,17.5413,27.1315
4270002.0,29.9907,17.5843,30.4659
4278002.0,31.0571,17.3711,34.3341
4286002.0,32.1233,16.9043,38.1145
4294002.0,32.1607,16.2434,42.3644
4302002.0,32.8208,15.7032,45.4286
4310002.0,33.9365,15.1407,48.8893
4318002.0,34.3396,15.0995,1.76102
4326002.0,34.6474,15.8353,4.902909999999999
4334002.0,35.1553,16.0547,7.258139999999999
4342002.0,35.3404,15.9977,9.72437
4350002.0,35.7462,16.2006,12.7185
4358002.0,36.147,16.3551,15.3011
4366002.0,37.0335,16.7283,17.6201
4374002.0,37.7281,16.8635,19.6484
4382002.0,38.6355,17.24,22.8494
4390002.0,39.2547,17.6372,26.2806
4398002.0,40.1799,17.9118,31.7088
4406002.0,40.7759,17.9496,35.6693
4414002.0,40.8201,18.5829,39.4079
4422002.0,40.6493,19.0492,42.253
4430002.0,39.5634,18.4834,47.2087
4438002.0,39.7228,18.5248,1.90258
4446002.0,40.3052,18.5329,4.51832
4454002.0,40.7191,18.2932,7.94915
4462002.0,41.174,18.069000000000003,11.7005
4470002.0,42.556000000000004,17.7363,15.0696
4478002.0,43.0783,17.8551,17.9562
4486002.0,43.7506,17.8927,20.636999999999997
4494002.0,44.1202,17.7094,23.7597
4502002.0,45.5909,17.5186,26.1134
4510002.0,45.6614,17.386,28.7179
4518002.0,46.3176,17.0314,29.8088
4526002.0,47.2134,16.3468,32.2989
4534002.0,47.4094,15.9224,34.1068
4542002.0,47.7112,15.5977,35.8072
4550002.0,48.5529,15.6516,37.4187
4558002.0,0.136021,15.8474,40.2085
4566002.0,0.965517,16.2534,43.9491
4574002.0,2.02808,15.8045,46.716
4582002.0,3.2621599999999997,15.7544,48.8104
4590002.0,5.54318,15.8764,1.81255
4598002.0,7.478330000000001,15.9196,4.72396
4606002.0,9.640139999999999,15.3555,6.37826
4614002.0,10.763,15.2127,7.530989999999999
4622002.0,11.6424,14.6278,9.00335
4630002.0,12.9626,14.6886,9.94347
4638002.0,13.3182,15.1252,10.9391
4646002.0,13.6757,14.991,12.6223
4654002.0,13.5308,15.2734,13.7842
4662002.0,14.9855,15.3873,14.7727
4670002.0,15.1524,15.2309,16.4804
4678002.0,15.4058,15.0033,19.3119
4686002.0,15.978,15.302999999999999,22.3373
4694002.0,15.4583,15.7836,26.4924
4702002.0,15.2481,15.5136,28.0263
4710002.0,16.7493,15.1334,30.69
4718002.0,17.2791,14.6676,32.8084
4726002.0,17.6839,13.9684,35.4256
4734002.0,18.8762,12.9971,36.4961
4742002.0,18.9472,12.2382,38.327
4750002.0,19.6102,12.0719,40.7618
4758002.0,20.1015,11.5343,42.5681
4760002.0,20.112000000000002,11.4984,43.0417
4768002.0,21.1385,11.7792,45.4997
4776002.0,22.9551,11.2235,46.4274
4784002.0,24.767,10.4905,48.483000000000004
4792002.0,26.5168,10.2962,0.507073
4800002.0,28.1785,10.1827,1.7385599999999999
4808002.0,29.3958,10.6302,4.185219999999999
4816002.0,31.8911,10.7259,5.9085
4824002.0,33.9274,10.7534,7.3521
4832002.0,35.4821,10.5427,9.14635
4840002.0,36.251,10.434000000000001,11.4124
4848002.0,37.2036,10.7866,12.8082
4856002.0,38.3368,10.5933,15.3331
4864002.0,37.9581,10.7783,18.4726
4872002.0,39.650999999999996,10.604000000000001,21.1842
4880002.0,40.1052,10.4606,22.7763
4888002.0,40.383,10.3818,24.168000000000003
4896002.0,41.3637,10.3082,26.2761
4904002.0,42.375,10.7813,27.3042
4912002.0,42.7978,10.8269,28.7092
4920002.0,44.248999999999995,10.7906,30.7913
4928002.0,45.6558,10.599,32.8171
4936002.0,46.4147,10.6859,34.6305
4944002.0,46.6438,10.8628,36.4293
4952002.0,47.2059,10.8553,38.7093
4960002.0,47.3868,11.2501,40.9193
4968002.0,48.1234,11.1552,42.84
4976002.0,48.6388,11.3595,44.9463
4984002.0,49.402,11.3296,46.9308
4992002.0,1.29471,11.2815,48.5943
5000002.0,2.41947,11.0933,1.35083
5008002.0,2.89518,11.2056,4.55258
5016002.0,2.6612400000000003,11.317,5.76892
5024002.0,3.04292,11.3104,7.387589999999999
5032002.0,3.04948,10.9882,9.47165
5040002.0,4.076219999999999,11.4358,10.9853
5048002.0,4.34112,11.3041,12.198
5056002.0,5.3067400000000005,11.9496,14.0248
5064002.0,6.22581,12.1792,16.8219
5072002.0,7.241569999999999,12.4357,19.4672
5080002.0,8.27945,12.7933,21.622
5088002.0,9.25104,13.2215,24.1693
5096002.0,10.9459,13.5182,26.2756
5104002.0,12.8973,13.4147,29.1269
5112002.0,13.3017,13.9189,32.0341
5120002.0,13.7535,14.6922,36.1225
5128002.0,15.2387,15.1191,39.4266
5136002.0,15.4218,15.1651,42.5453
5144002.0,16.4521,15.2867,45.6564
5152002.0,17.5735,15.4379,48.7709
5160002.0,18.8794,15.3733,2.3065900000000004
5168002.0,19.7043,15.4342,6.01602
5176002.0,20.2712,15.3956,10.1663
5184002.0,21.0552,15.7323,13.8993
5192002.0,21.3775,16.1228,16.7479
5200002.0,22.3342,16.1523,19.8415
5208002.0,23.0015,15.6023,22.1125
5216002.0,24.2414,15.7309,25.396
5224002.0,25.4926,14.7789,28.2662
5232002.0,26.7935,14.8233,31.5767
5240002.0,27.8629,15.025,34.8717
5248002.0,28.7279,15.4978,37.071
5256002.0,28.9595,15.7339,39.2135
5264002.0,29.8956,15.4499,42.1979
5272002.0,30.9257,15.023,44.7545
5280002.0,32.2412,14.4966,49.1346
5288002.0,32.8469,13.9264,2.14403
5296002.0,33.455999999999996,14.1592,5.1950199999999995
5304002.0,34.7693,14.3737,7.720269999999999
5312002.0,37.6482,13.719000000000001,9.95002
5320002.0,38.0668,14.9281,13.3032
5328002.0,37.9193,15.5797,15.9417
5336002.0,38.8078,15.581,19.336
5344002.0,40.0577,15.7517,22.7173
5352002.0,40.8486,15.2349,25.6803
5360002.0,40.3835,15.1769,27.7695
5368002.0,41.3189,14.5366,31.2254
5376002.0,41.7306,14.4878,34.075
5384002.0,42.7153,14.7074,37.5128
5392002.0,43.0351,14.9473,39.3556
5400002.0,43.398,14.7862,41.4336
5408002.0,43.9333,14.8584,44.3355
5416002.0,44.6477,14.8718,47.2249
5424002.0,45.3193,14.155,0.75713
5432002.0,46.2132,13.9431,3.75112
5440002.0,48.5394,14.1835,5.84483
5448002.0,0.0589475,14.2441,9.08725
5456002.0,0.6199600000000001,13.8307,12.5306
5464002.0,1.59954,13.5363,15.2868
5472002.0,1.50426,13.3015,18.8182
5480002.0,2.83465,13.2314,21.7832
5488002.0,3.8134099999999997,13.169,23.4989
5496002.0,4.10815,13.1032,26.2175
5504002.0,4.26471,12.8544,28.9004
5512002.0,5.04662,12.5231,31.1036
5520002.0,5.76069,12.5976,33.6288
5528002.0,6.70945,12.218,36.0825
5536002.0,6.9713,12.0738,37.4295
5544002.0,7.3473,12.0434,39.54
5552002.0,7.49083,11.5453,42.809
5560002.0,7.186139999999999,11.3175,46.226000000000006
5568002.0,8.03232,11.6598,48.8887
5576002.0,8.45299,12.2203,0.48770600000000003
5584002.0,8.8889,12.3738,3.7000900000000003
5592002.0,9.59828,13.2361,7.95326
5600002.0,10.3343,13.3954,11.0929
5608002.0,11.2851,13.4009,13.9407
5616002.0,12.4416,13.717,17.0237
5624002.0,12.8785,13.7289,19.272000000000002
5632002.0,14.1294,13.8438,21.901999999999997
5640002.0,15.6461,13.9396,24.9012
5648002.0,16.963,14.1053,28.3091
5656002.0,17.9615,14.2889,31.479
5664002.0,18.7895,14.1487,34.1169
5672002.0,20.2984,14.1882,36.7909
5680002.0,21.1293,13.9029,38.8295
5688002.0,21.6509,13.7709,41.1613
5696002.0,22.1979,13.7512,43.2189
5704002.0,23.2321,13.9251,46.1294
5712002.0,23.2578,14.3169,48.7211
5720002.0,23.2889,14.3335,2.5775
5728002.0,23.913,13.9798,5.00614
5736002.0,24.6397,13.6639,7.6673800000000005
5744002.0,25.4171,13.540999999999999,11.4862
5752002.0,25.9249,12.9895,14.7441
5760002.0,26.6195,12.4805,16.9835
5768002.0,28.3356,12.2878,18.3728
5776002.0,29.3821,12.1158,21.6213
5784002.0,29.9186,12.3223,24.3056
5792002.0,30.6179,12.3295,26.8668
5800002.0,31.5312,12.1852,30.0431
5808002.0,32.7599,12.0075,31.6985
5816002.0,34.0094,11.7144,33.8196
5824002.0,34.1921,11.4771,35.1555
5832002.0,34.0204,11.0306,36.4186
5840002.0,34.4338,11.3296,37.9335
5848002.0,35.1981,11.6286,39.9304
5856002.0,36.0837,11.7482,41.7947
5864002.0,37.5779,11.2796,42.3681
5872002.0,38.498000000000005,11.255,44.0766
5880002.0,38.9674,11.2005,47.1301
5888002.0,39.5136,11.152000000000001,0.49121000000000004
5896002.0,41.6128,11.2208,2.51079
5904002.0,42.5771,11.1742,4.28046
5912002.0,43.2237,10.7491,6.733110000000001
5920002.0,43.924,10.7929,8.30322
5928002.0,44.7181,10.6103,9.772160000000001
5936002.0,44.7432,10.4132,12.7926
5944002.0,45.9837,9.83353,15.2955
5952002.0,46.7545,9.721630000000001,16.9472
5960002.0,47.7711,9.19572,19.7081
5968002.0,48.7425,9.090910000000001,21.7556
5976002.0,49.3698,8.96316,24.5394
5984002.0,0.7452340000000001,8.86854,26.1482
5992002.0,1.2010399999999999,8.95964,28.8615
6000002.0,1.9013400000000003,9.42758,31.3479
6008002.0,1.78689,9.21734,33.899
6016002.0,2.3498099999999997,8.914639999999999,35.3652
6024002.0,2.47715,8.828389999999999,38.0346
6032002.0,2.8,8.90954,40.2745
6040002.0,3.7174099999999997,8.20268,42.3633
6048002.0,4.123069999999999,7.350169999999999,44.1512
6056002.0,5.28504,7.364339999999999,46.7923
6064002.0,6.16183,7.5323199999999995,48.1508
6072002.0,7.379860000000001,7.656219999999999,0.663395
6080002.0,8.211260000000001,7.444789999999999,2.2610200000000003
6088002.0,8.91997,7.15557,2.8207299999999997
6096002.0,9.53384,7.23952,3.5564
6104002.0,9.639610000000001,7.44733,4.7463
6112002.0,9.705960000000001,7.823589999999999,7.38897
6120002.0,10.4217,7.952889999999999,9.92402
6128002.0,10.2944,8.054889999999999,11.2442
6136002.0,10.7368,8.47822,12.8306
6144002.0,10.4566,8.92802,14.5408
6152002.0,10.3427,9.07734,15.8869
6160002.0,10.4611,9.851289999999999,18.0638
6168002.0,10.8009,10.0365,20.0194
6176002.0,10.7754,10.0333,22.2459
6184002.0,10.652999999999999,9.92168,24.057
6192002.0,10.8642,9.650780000000001,25.8323
6200002.0,11.3399,9.34383,27.8037
6208002.0,11.6808,9.05954,29.8564
6216002.0,12.2824,9.12854,32.1874
6224002.0,12.6887,9.21195,34.3335
6232002.0,13.3355,9.314810000000001,36.8445
6240002.0,13.8973,9.22097,39.4849
6248002.0,14.6784,9.23022,41.1203
6256002.0,16.108,9.69055,42.74
6264002.0,17.2075,9.21902,44.7696
6272002.0,18.1979,9.15853,47.1438
6280002.0,18.4047,8.81969,49.4304
6288002.0,19.0701,8.87371,2.24441
6296002.0,20.0548,8.96045,4.03555
6304002.0,21.1085,9.50348,6.18951
6312002.0,22.0406,10.1325,8.76003
6320002.0,23.0009,10.3361,10.6038
6328002.0,24.9112,10.2325,13.1998
6336002.0,26.5517,9.857610000000001,14.2661
6344002.0,26.7601,10.0789,16.9714
6352002.0,26.6267,10.4127,19.893
6360002.0,27.2944,10.3598,21.9853
6368002.0,27.9585,9.95998,25.3159
6376002.0,28.8282,9.896930000000001,27.5264
6384002.0,29.82,10.0382,30.0687
6392002.0,30.1708,9.88529,32.2996
6400002.0,30.1012,9.58657,34.1969
6408002.0,30.1178,9.22434,36.8695
6416002.0,30.4431,8.66817,39.0248
6424002.0,30.2703,8.76206,40.8999
6432002.0,30.8294,8.41248,42.3955
6440002.0,31.1711,8.17726,43.5783
6448002.0,30.9525,8.33511,45.0578
6456002.0,31.4786,8.34009,46.6971
6464002.0,31.6986,8.43872,47.8978
6472002.0,32.3486,8.28585,1.51642
6480002.0,32.733000000000004,8.36205,3.16502
6488002.0,33.1281,8.1721,5.13488
6496002.0,33.5484,8.1883,7.4345300000000005
6504002.0,34.8235,8.093630000000001,10.4532
6512002.0,35.6322,7.98278,12.1975
6520002.0,35.9015,7.765460000000001,14.2063
6528002.0,36.8647,7.335260000000001,16.349
6536002.0,37.601,7.25862,18.8565
6544002.0,38.138000000000005,6.887589999999999,19.5985
6552002.0,37.8766,6.95533,20.4696
6560002.0,38.3563,6.85647,21.0897
6568002.0,38.3122,6.725960000000001,21.7898
6576002.0,39.2097,6.6116,22.274
6584002.0,39.3779,6.53579,23.6576
6592002.0,39.3778,6.48152,24.5169
6600002.0,39.7386,6.7990699999999995,25.2484
6608002.0,39.8495,6.95925,26.3084
6616002.0,40.1474,6.9187199999999995,26.8838
6624002.0,40.5462,6.97168,27.4773
6632002.0,40.8854,7.06491,28.5586
6640002.0,41.3576,7.02683,30.3291
6648002.0,41.4899,7.01527,30.6907
6656002.0,42.4849,7.20567,31.9885
6664002.0,43.1945,7.123310000000001,32.8265
6672002.0,43.5235,7.083939999999999,35.2547
6680002.0,44.2355,6.9878800000000005,36.8444
6688002.0,44.7526,6.93036,38.3588
6696002.0,45.6427,6.80947,39.7432
6704002.0,46.1898,6.76222,41.0658
6712002.0,46.9099,6.5416099999999995,42.556999999999995
6720002.0,47.5196,6.55316,43.7651
6728002.0,48.068999999999996,6.46551,44.821999999999996
6736002.0,49.2819,6.35439,46.0701
6744002.0,1.16317,5.85215,47.0792
6752002.0,2.2448900000000003,5.61551,48.8635
6760002.0,2.96692,5.79005,0.43846199999999996
6768002.0,3.44375,6.14999,1.0784
6776002.0,3.7284,6.17659,2.4355900000000004
6784002.0,4.461869999999999,6.18855,3.76685
6792002.0,5.16976,6.0199300000000004,5.10963
6800002.0,5.79779,5.91493,6.35573
6808002.0,5.90991,5.965730000000001,6.941389999999999
6816002.0,5.6319300000000005,5.91085,7.642360000000001
6824002.0,5.19916,5.9109,8.83192
6832002.0,5.7378800000000005,6.02609,10.2265
6840002.0,6.31799,6.10425,12.0573
6848002.0,7.0143699999999995,5.68801,13.0694
6856002.0,7.42542,5.30736,14.2639
6864002.0,7.435919999999999,5.54931,15.6472
6872002.0,7.811139999999999,5.1705,17.2478
6880002.0,8.74227,5.01825,18.2898
6888002.0,9.5471,5.00542,19.410999999999998
6896002.0,10.5501,4.94252,20.2391
6904002.0,11.7225,5.01209,21.4714
6912002.0,12.6739,5.07319,23.1328
6920002.0,13.7029,5.04706,25.0559
6928002.0,14.6115,4.94126,26.406
6936002.0,14.8576,5.12938,27.0766
6944002.0,15.8775,5.15118,27.8084
6952002.0,16.7637,5.47644,28.1461
6960002.0,17.4936,5.86407,28.3917
6968002.0,18.0071,6.2312,28.6155
6976002.0,18.8411,6.88714,29.3231
6984002.0,19.3904,7.4915899999999995,30.6638
6992002.0,20.3191,7.71103,31.629
7000002.0,21.1896,8.093860000000001,32.7164
7008002.0,21.8792,8.27875,33.8843
7016002.0,22.6161,7.7093,35.569
7024002.0,23.0819,7.24675,37.186
7032002.0,24.4805,7.164439999999999,39.8044
7040002.0,25.7039,7.0640600000000004,42.1893
7048002.0,25.9156,7.0899399999999995,43.7886
7056002.0,26.3453,6.85393,44.7259
7064002.0,27.5714,6.89377,45.7776
7072002.0,28.1169,7.16512,47.5466
7080002.0,28.7251,7.324489999999999,48.718999999999994
7088002.0,28.9597,7.26427,0.8373229999999999
7096002.0,28.9916,7.04448,1.78528
7104002.0,29.2958,6.858210000000001,2.8569400000000003
7112002.0,29.825,6.66717,4.8245
7120002.0,31.0077,6.894080000000001,6.9896899999999995
7128002.0,31.4165,6.964289999999999,7.8226
7136002.0,32.1525,7.02216,9.36407
7144002.0,32.3527,7.35542,11.126
7152002.0,33.3486,7.34355,13.1798
7160002.0,34.8083,7.79512,15.8025
7168002.0,35.3263,7.94344,17.4236
7176002.0,34.9224,7.94948,19.2659
7184002.0,35.7354,8.07373,21.1051
7192002.0,35.2953,7.869260000000001,23.2003
7200002.0,35.8256,7.33683,25.2508
7204002.0,35.8149,7.249789999999999,25.9219
7212002.0,37.0507,8.48949,28.3921
7220002.0,37.9296,8.60484,30.039
7228002.0,39.0686,8.57044,31.2389
7236002.0,40.6064,9.06025,32.382
7244002.0,41.302,9.344330000000001,34.0777
7252002.0,41.0537,9.2925,36.3294
7260002.0,41.7734,9.05747,37.6758
7268002.0,41.9166,9.43154,40.7957
7276002.0,43.5743,9.491610000000001,42.3221
7284002.0,43.118,8.9569,44.2083
7292002.0,45.458999999999996,8.6136,44.7521
7300002.0,46.4718,8.66227,46.5509
7308002.0,46.9877,8.609910000000001,49.008
7316002.0,48.0097,8.23339,1.52594
7324002.0,47.1075,7.7339,3.55058
7332002.0,47.2418,7.597060000000001,6.05034
7340002.0,46.4926,7.83545,7.41683
7348002.0,46.8951,8.09322,8.86391
7356002.0,46.4523,7.91185,9.79134
7364002.0,46.7567,7.80058,10.2122
7372002.0,47.1197,7.51695,10.6244
7380002.0,46.98,7.18836,11.3891
7388002.0,47.4653,6.8063,12.8843
7396002.0,48.0354,6.7041,13.4834
7404002.0,48.4305,6.84324,14.7852
7412002.0,49.0946,6.954280000000001,16.6734
7420002.0,0.196402,7.0004100000000005,19.2044
7428002.0,1.23411,7.03647,21.1108
7436002.0,1.8495400000000002,7.083489999999999,22.7446
7444002.0,2.07211,7.45655,24.421
7452002.0,3.10986,7.738519999999999,26.3285
7460002.0,3.25503,7.8712800000000005,27.9749
7468002.0,3.06324,7.5466,29.9179
7476002.0,3.4993,7.17665,31.2861
7484002.0,4.1666,7.36423,33.0492
7492002.0,5.85874,7.5063699999999995,34.6
7500002.0,7.9234100000000005,7.658180000000001,37.9249
7508002.0,8.17975,8.635489999999999,38.0018
7516002.0,9.38531,8.81408,39.6455
7524002.0,9.435319999999999,8.60725,41.0381
7532002.0,11.0471,8.75911,43.0442
7540002.0,11.2954,9.48984,44.4788
7548002.0,11.978,10.1527,44.9416
7556002.0,13.4723,10.4031,46.9315
7564002.0,13.4894,10.1629,47.8767
7572002.0,14.0077,9.86065,49.1431
7580002.0,14.1951,9.42178,1.7144099999999998
7588002.0,13.5276,8.94435,4.54039
7596002.0,14.4235,8.04632,5.12239
7604002.0,14.2781,6.21988,5.8247599999999995
7612002.0,14.7794,6.3845,8.09098
7620002.0,14.2329,6.631139999999999,9.529739999999999
7628002.0,15.9966,5.98835,11.8835
7636002.0,16.5053,5.94351,12.562999999999999
7644002.0,17.0136,6.062790000000001,14.0856
7652002.0,17.675,5.79001,15.1882
7660002.0,18.2488,5.593999999999999,16.3376
7668002.0,19.1297,5.58732,18.6233
7676002.0,18.7727,6.12062,21.5971
7684002.0,19.0667,6.01219,23.2393
7692002.0,21.2119,6.03118,24.5005
7700002.0,23.0088,6.4718,25.2088
7708002.0,23.0878,6.56491,27.1424
7716002.0,24.9823,6.98635,27.4532
7724002.0,25.9221,7.0158,28.7925
7732002.0,27.383000000000003,6.88998,30.5768
7740002.0,28.9436,6.79675,32.0837
7748002.0,29.7168,6.92754,33.4982
7756002.0,30.7626,7.28867,35.5567
7764002.0,31.6813,8.11775,36.7061
7772002.0,31.9163,8.75406,38.3633
7780002.0,32.4642,9.02057,40.2915
7788002.0,32.4067,8.549539999999999,42.108999999999995
7796002.0,32.4981,8.88187,43.7447
7804002.0,32.4431,9.19769,45.3881
7812002.0,33.9228,8.99692,46.7176
7820002.0,34.4876,9.73086,48.3447
7828002.0,34.7886,10.0095,1.6549200000000002
7836002.0,34.928000000000004,10.8414,4.53011
7844002.0,34.8266,11.2573,6.804819999999999
7852002.0,34.4128,11.7431,9.909889999999999
7860002.0,35.0796,11.8598,11.7436
7868002.0,35.9162,12.5346,15.2343
7876002.0,37.1639,12.6761,17.6194
7884002.0,38.7839,13.109000000000002,20.8847
7892002.0,39.9937,13.0811,23.5641
7900002.0,40.4851,13.1507,26.1386
7908002.0,41.0454,13.0654,27.8171
7916002.0,40.8285,12.9359,29.9632
7924002.0,41.0457,12.8133,32.0686
7932002.0,41.5301,12.8073,32.6701
7940002.0,41.8743,11.9586,33.6815
7948002.0,43.8465,12.6545,34.792
7956002.0,44.4131,12.8228,36.3109
7964002.0,44.7255,13.5495,38.6608
7972002.0,43.9813,13.3973,41.7572
7980002.0,43.0075,13.4211,44.8752
7988002.0,42.5407,12.239,46.6441
7996002.0,42.7917,12.6025,47.6538
