2.0,17.0828,42.9415,25.7712
8002.0,21.7751,42.3541,29.4217
16002.0,23.8847,42.2897,33.4865
24002.0,23.9964,42.1867,38.2971
32002.0,23.9642,42.1439,42.5855
40002.0,24.175,42.1487,47.2968
48002.0,24.6648,41.8695,2.22934
56002.0,25.0934,41.3984,6.751930000000001
64002.0,24.6497,41.2246,10.7847
72002.0,25.4627,41.303999999999995,14.097000000000001
80002.0,25.8825,41.2609,17.421
88002.0,27.199,40.6626,23.2559
96002.0,28.1067,40.5269,27.8433
104002.0,28.3241,40.3162,31.7536
112002.0,28.5492,40.3204,33.8455
120002.0,29.8886,39.9718,37.6984
128002.0,30.0065,40.215,42.626000000000005
136002.0,30.791999999999998,39.969,47.2956
144002.0,31.0272,39.949,2.09917
152002.0,31.7298,39.8438,6.45287
160002.0,34.4229,39.9522,11.0705
168002.0,34.757,39.8829,15.5708
176002.0,35.009,39.8519,20.3391
184002.0,35.7741,39.6894,24.6383
192002.0,35.6206,39.4227,29.5196
200002.0,36.1644,39.0978,34.3308
208002.0,36.8945,38.6447,38.4622
216002.0,37.7014,38.2904,43.4478
224002.0,37.8823,38.1733,48.1335
232002.0,38.1794,38.1852,3.56156
240002.0,38.3642,38.0663,7.92311
248002.0,38.5214,38.0956,12.324000000000002
256002.0,39.0054,37.7229,17.6282
264002.0,39.7067,38.1116,23.1655
272002.0,40.5537,37.9253,28.0894
280002.0,42.048,37.4262,32.6741
288002.0,42.6803,37.5655,38.1883
296002.0,42.7499,37.7856,42.4433
304002.0,43.4546,37.522,47.3401
312002.0,45.2165,35.8457,0.7497689999999999
320002.0,46.736999999999995,35.7699,5.53624
328002.0,48.8131,35.7689,10.318
336002.0,0.697591,35.8169,15.0859
344002.0,0.844075,35.7682,20.8794
352002.0,1.44356,35.84,24.7434
360002.0,1.8019900000000002,36.346,29.4958
368002.0,1.9086599999999998,36.6907,33.9233
376002.0,1.2259799999999998,37.0038,39.0391
384002.0,2.17555,37.4583,43.5681
392002.0,2.9746599999999996,37.4239,48.368
400002.0,3.35275,37.6206,3.8662699999999997
408002.0,3.53471,38.1864,8.10195
416002.0,4.13871,38.2988,12.3879
424002.0,5.247000000000001,38.5411,17.1594
432002.0,5.55633,38.6351,21.7051
440002.0,5.55553,38.5579,26.7445
448002.0,5.78871,38.5411,31.2638
456002.0,6.04162,38.4273,35.4213
464002.0,6.84686,38.5708,38.9769
472002.0,7.304189999999999,38.5439,44.0378
480002.0,7.92707,38.734,49.0485
488002.0,8.39749,38.6983,4.50208
496002.0,9.34423,38.8026,9.42576
504002.0,9.17993,38.8534,14.2914
512002.0,9.05079,39.185,19.3575
520002.0,8.92934,39.3224,23.9725
528002.0,9.08917,39.2923,29.2323
536002.0,9.58452,39.2147,33.8843
544002.0,10.8386,39.1584,38.2202
552002.0,12.5829,39.3097,42.6072
560002.0,14.1237,39.3819,47.2064
568002.0,14.7293,39.2828,1.96218
576002.0,15.365,39.3259,7.602410000000001
584002.0,15.8647,39.2657,12.6999
592002.0,17.2302,39.1184,16.4282
600002.0,17.4923,39.3076,20.9962
608002.0,18.8639,39.5778,25.7346
616002.0,20.4659,39.8868,29.7344
624002.0,21.5986,40.2337,33.8141
632002.0,21.7479,39.3531,38.1152
640002.0,22.7685,39.477,42.8448
648002.0,19.7778,29.9644,35.0424
656002.0,19.26,30.1074,40.4366
664002.0,19.9826,30.2826,45.0846
672002.0,20.12,30.64,0.040696300000000005
680002.0,19.6067,31.061999999999998,4.118119999999999
688002.0,20.3256,30.8379,9.15317
696002.0,21.2486,31.0978,13.2585
704002.0,21.9901,31.3291,18.4003
712002.0,22.104,31.4062,23.2434
720002.0,22.3721,30.9562,27.3605
728002.0,22.1362,30.9584,32.1157
736002.0,21.7317,30.6589,36.5498
744002.0,21.9379,30.3185,40.6902
752002.0,22.394000000000002,30.5042,45.4738
760002.0,22.8896,30.2884,1.16409
768002.0,23.4041,30.3106,5.40147
776002.0,24.0398,30.394000000000002,11.2142
784002.0,23.7742,30.256,15.0666
792002.0,25.0539,30.1217,18.7706
800002.0,25.0852,30.2714,22.8771
808002.0,25.6245,29.8164,26.6905
816002.0,26.2647,29.9905,31.0494
824002.0,26.9385,30.4942,34.8482
832002.0,27.7015,30.7026,39.4814
840002.0,27.4468,30.9296,43.7673
848002.0,28.4423,31.0809,48.1969
856002.0,30.3094,31.7778,3.07892
864002.0,31.2345,31.8152,7.28825
872002.0,31.2742,31.3455,12.1424
880002.0,32.8875,31.5634,16.1418
888002.0,34.0766,31.5935,20.8953
896002.0,34.0702,32.758,24.875999999999998
904002.0,34.4809,32.8856,29.5631
912002.0,35.4554,33.0404,33.1469
920002.0,36.2596,33.405,37.7186
928002.0,36.5637,33.0478,41.7973
936002.0,37.2365,32.6873,45.2322
944002.0,37.4353,32.7606,48.6784
952002.0,38.3485,33.0554,3.73555
960002.0,38.1544,33.3037,8.33976
968002.0,39.1928,33.0067,12.0724
976002.0,39.8305,32.7848,16.2464
984002.0,40.4787,32.6342,20.7446
992002.0,41.1553,32.7825,23.7881
1000002.0,41.6132,32.7772,28.1569
1008002.0,42.57,33.0419,32.4667
1016002.0,43.0517,33.3984,37.2222
1024002.0,43.7296,32.9852,41.3353
1032002.0,44.3959,32.9779,44.641999999999996
1040002.0,45.3243,32.8808,49.0623
1048002.0,45.0747,33.0787,4.46127
1056002.0,45.0843,33.3372,8.82518
1064002.0,45.5779,33.4309,13.9348
1072002.0,46.0624,33.643,18.6637
1080002.0,46.4439,33.8087,23.1222
1088002.0,46.9372,34.0826,27.4009
1096002.0,47.5357,33.9771,32.5032
1104002.0,48.0165,34.3041,37.2017
1112002.0,47.8551,34.6672,42.2131
1120002.0,47.9419,34.5691,47.0803
1128002.0,48.181999999999995,35.0078,2.52546
1136002.0,48.5153,34.8493,7.463660000000001
1144002.0,0.037815100000000004,34.7375,11.1856
1152002.0,0.516463,35.1248,16.1476
1160002.0,0.27820100000000003,35.2261,21.1773
1168002.0,0.370866,35.6527,26.3407
1176002.0,0.311253,35.9066,31.2702
1184002.0,0.50492,35.8258,35.7698
1192002.0,1.05246,35.7821,39.9393
1200002.0,1.8682599999999998,35.3936,44.1329
1208002.0,2.34191,35.3084,49.0925
1216002.0,3.32954,35.0575,3.8900099999999997
1224002.0,3.4491199999999997,35.1717,8.91911
1232002.0,4.01319,34.9539,13.6503
1240002.0,4.40075,35.0036,18.2284
1248002.0,5.15848,35.0035,23.1844
1256002.0,5.5477099999999995,34.4185,27.9376
1264002.0,5.99239,34.4304,32.7713
1272002.0,5.92137,34.6011,37.7138
1280002.0,6.9568,34.6933,42.3702
1288002.0,8.02047,34.5473,45.6168
1296002.0,8.123289999999999,34.6194,0.9499790000000001
1304002.0,9.236460000000001,34.8606,4.799980000000001
1312002.0,9.196769999999999,35.1448,9.93357
1320002.0,10.2202,35.0499,14.7642
1328002.0,11.0069,34.9626,19.5931
1336002.0,12.1371,35.1039,24.3462
1344002.0,13.4794,34.8028,28.6956
1352002.0,13.9273,34.4922,34.7142
1360002.0,14.0803,34.4902,39.0679
1368002.0,14.4155,34.6895,43.7882
1376002.0,15.2106,34.5182,49.0008
1384002.0,15.6066,34.671,3.5934699999999995
1392002.0,16.0163,34.9436,8.71648
1400002.0,17.3425,35.044000000000004,14.3903
1408002.0,18.2615,34.8815,19.3801
1416002.0,18.2445,34.7113,24.4373
1424002.0,18.5248,34.7885,29.7189
1432002.0,19.0596,34.4759,35.0352
1440002.0,20.7075,34.2818,40.3179
1448002.0,21.0269,34.4624,44.6876
1456002.0,22.2397,34.5392,49.3044
1464002.0,22.5686,34.3151,4.3104
1472002.0,23.8665,35.119,9.2332
1480002.0,24.9665,35.429,13.5866
1488002.0,25.4957,35.0409,18.1625
1496002.0,26.0239,34.8158,22.230999999999998
1504002.0,26.3748,34.3018,26.9507
1512002.0,27.29,34.2882,31.818
1520002.0,28.0658,34.4582,36.492
1528002.0,28.9885,33.9727,41.6024
1536002.0,29.2373,33.9504,46.6851
1544002.0,29.7946,33.135999999999996,1.6567900000000002
1552002.0,32.0051,32.9295,5.66725
1560002.0,32.6929,32.7894,10.4647
1568002.0,33.0656,33.3292,15.3563
1576002.0,33.1759,32.9948,20.3912
1584002.0,33.8058,32.9478,25.2549
1592002.0,33.7332,33.0579,29.9424
1600002.0,34.1067,32.8385,34.7194
1608002.0,34.7151,32.7153,39.916
1616002.0,34.5252,32.9753,43.915
1624002.0,34.8698,32.6973,48.288000000000004
1632002.0,34.94,32.8229,3.6862800000000004
1640002.0,35.368,33.3334,8.58704
1648002.0,35.8106,33.736999999999995,13.1289
1656002.0,35.9593,33.719,18.195
1664002.0,36.808,33.7215,23.0156
1672002.0,37.510999999999996,34.0878,27.881
1680002.0,38.4586,34.1825,33.8262
1688002.0,38.2302,33.7101,38.5134
1696002.0,37.7398,34.4676,44.287
1704002.0,37.8915,34.3835,49.4578
1712002.0,37.9795,34.6486,4.94195
1720002.0,39.1579,34.7138,9.448160000000001
1728002.0,39.5656,34.6818,14.1319
1736002.0,40.0476,34.635999999999996,18.4985
1744002.0,39.7891,34.6896,22.9325
1752002.0,39.816,34.8866,27.1347
1760002.0,40.0428,34.8659,32.5602
1768002.0,40.5282,34.8279,37.104
1776002.0,40.7712,34.8176,41.9384
1784002.0,40.8828,35.0149,46.8061
1792002.0,41.1956,34.8444,1.53099
1800002.0,41.5869,35.0577,6.97075
1808002.0,41.7024,35.1581,10.8686
1816002.0,41.9922,35.5079,14.7172
1824002.0,42.1219,35.7695,19.1624
1832002.0,42.8122,35.7445,23.6834
1840002.0,43.6817,35.6962,27.7882
1848002.0,43.3703,35.0315,32.1543
1856002.0,43.5781,34.8878,36.1736
1864002.0,43.5441,34.5896,41.006
1872002.0,42.9448,34.8444,45.776
1880002.0,44.6293,34.4601,1.33833
1888002.0,45.8694,34.0756,5.78111
1896002.0,46.5903,33.9075,10.4817
1904002.0,46.1657,34.1639,15.1047
1912002.0,46.5069,34.4264,19.9949
1920002.0,46.477,34.0859,25.3168
1928002.0,47.7249,33.972,29.8764
1936002.0,47.7681,33.7995,34.6749
1944002.0,48.1031,33.6439,39.6607
1952002.0,49.1325,33.0904,44.7483
1960002.0,48.7489,32.7503,0.135818
1968002.0,0.29429299999999997,32.1149,4.60329
1976002.0,1.52234,31.6975,8.65219
1984002.0,1.96987,31.4993,13.6673
1992002.0,2.1776299999999997,31.5248,18.2461
2000002.0,3.6526,31.1348,22.6126
2008002.0,4.2935300000000005,30.2964,27.123
2016002.0,5.523280000000001,29.9566,32.353
2024002.0,5.89521,29.7984,36.3907
2032002.0,7.81893,28.98,40.1256
2040002.0,9.060260000000001,28.8805,43.9033
2048002.0,9.72437,28.854,49.0339
2056002.0,10.7052,29.1708,3.2949599999999997
2064002.0,11.4482,29.0288,6.98538
2072002.0,13.0931,28.9856,11.2812
2080002.0,14.1985,29.055,14.9383
2088002.0,14.8546,28.7394,18.0166
2096002.0,15.5003,28.6143,22.1368
2104002.0,17.167,29.0632,24.8461
2112002.0,18.584,29.1995,30.2496
2120002.0,18.9655,29.2566,35.4142
2128002.0,19.0829,29.7771,38.3742
2136002.0,20.0627,29.9147,42.2484
2144002.0,20.3924,30.2042,47.3612
2152002.0,20.9149,30.0065,2.22695
2160002.0,21.3773,29.6554,6.4554599999999995
2168002.0,22.0803,29.7554,11.2754
2176002.0,22.287,30.1583,15.6751
2184002.0,23.2968,30.017,19.0952
2192002.0,24.2923,30.0108,22.0421
2200002.0,24.3484,30.17,25.8178
2208002.0,25.3798,30.401,29.6288
2216002.0,26.8293,30.4369,33.5874
2224002.0,27.1974,30.5651,38.6325
2232002.0,27.8856,30.8155,42.9744
2240002.0,28.4991,30.6656,47.0559
2248002.0,28.3497,31.0001,1.9255200000000001
2256002.0,28.098000000000003,30.9363,4.48778
2264002.0,28.566999999999997,31.0962,8.19802
2272002.0,28.8581,31.1351,13.1335
2280002.0,29.4843,31.1967,17.697
2288002.0,29.0796,31.1649,23.4236
2296002.0,30.8262,31.3294,29.1174
2304002.0,31.7563,31.6492,34.1964
2312002.0,31.7856,31.6236,39.9515
2320002.0,33.3366,31.8098,44.8773
2328002.0,33.7679,32.359,0.366116
2336002.0,33.6003,32.704,4.96363
2344002.0,34.4022,32.7472,10.4237
2352002.0,34.549,32.5888,15.4364
2360002.0,35.5736,32.855,20.1732
2368002.0,35.7579,33.2288,25.1254
2376002.0,35.813,33.2196,30.3926
2384002.0,35.9093,33.1141,36.0055
2392002.0,36.2919,33.2238,41.1862
2400002.0,36.7756,33.1392,46.3325
2408002.0,37.0075,32.9286,1.9629
2414002.0,37.42,32.8892,6.28023
2422002.0,38.3781,32.7225,11.8821
2430002.0,42.922,32.2814,16.2345
2438002.0,46.1459,32.1044,21.4527
2446002.0,47.7263,32.4333,27.1078
2454002.0,47.9382,32.6459,31.105999999999998
2462002.0,0.17067100000000002,32.7381,35.9519
2470002.0,1.37635,32.5799,39.4095
2478002.0,2.26936,32.4845,44.6344
2486002.0,2.41621,32.6091,49.0917
2494002.0,3.6110300000000004,32.6017,3.45453
2502002.0,3.33039,32.4144,7.32643
2510002.0,5.350140000000001,32.2464,12.5332
2518002.0,5.9418,32.1287,16.2902
2526002.0,8.325239999999999,32.214,20.114
2534002.0,10.1454,32.6224,24.1482
2542002.0,10.3823,32.8984,28.9903
2550002.0,11.1282,32.9066,34.1233
2558002.0,12.0354,32.933,37.594
2566002.0,13.4246,33.1013,41.4807
2574002.0,15.0731,32.9107,44.5914
2582002.0,15.4159,32.8234,47.8494
2590002.0,17.6454,33.1452,1.00276
2598002.0,17.1938,35.4834,13.2658
2606002.0,16.8485,35.5384,17.4946
2614002.0,16.2163,35.8168,24.4967
2622002.0,16.2153,36.113,29.2565
2630002.0,16.9333,36.5152,33.5808
2638002.0,17.7387,36.6321,37.7822
2646002.0,18.3784,36.671,42.7703
2654002.0,18.8615,36.6404,47.0554
2662002.0,20.0595,36.8668,1.84208
2670002.0,21.3182,36.3392,7.10565
2678002.0,22.3319,36.7577,12.4172
2686002.0,24.7679,36.8056,16.93
2694002.0,26.1785,36.6275,20.7611
2702002.0,27.0045,36.6412,25.5357
2710002.0,27.86,36.4426,30.9442
2718002.0,29.0922,36.3443,36.0429
2726002.0,30.6042,36.0811,39.7098
2734002.0,31.9063,36.133,44.8146
2742002.0,33.4646,36.3597,49.1134
2750002.0,35.2394,36.1384,4.28766
2758002.0,36.3628,36.18,9.132710000000001
2766002.0,36.5412,36.1159,14.0836
2774002.0,36.8299,36.4451,18.6974
2782002.0,36.9972,36.8051,23.0621
2790002.0,37.0181,36.7481,28.0101
2798002.0,37.2738,36.7152,32.65
2806002.0,38.3317,36.793,37.3127
2814002.0,38.3265,36.7447,42.4187
2822002.0,38.6614,36.7235,47.5835
2830002.0,39.1758,36.9069,1.9232799999999999
2838002.0,39.9449,36.8995,6.8696399999999995
2846002.0,41.9978,36.9006,11.1992
2854002.0,43.9123,36.6694,15.9114
2862002.0,46.0185,36.3698,20.4642
2870002.0,45.8322,36.6882,23.8771
2878002.0,47.2166,36.6783,28.4048
2886002.0,47.2816,36.4824,33.0948
2894002.0,48.5893,37.2183,37.9058
2902002.0,0.0813803,37.5194,42.406000000000006
2910002.0,0.40371399999999996,37.6995,47.1084
2918002.0,0.809346,37.6402,2.0451
2926002.0,1.00868,37.5793,7.73152
2934002.0,1.6815200000000001,37.4707,13.2445
2942002.0,1.82801,37.9467,17.8577
2950002.0,1.53841,38.105,22.8836
2958002.0,1.53138,38.1106,27.7547
2966002.0,1.9366,38.2431,32.6036
2974002.0,1.9164299999999999,38.1861,37.3922
2982002.0,2.07124,38.257,42.5132
2990002.0,2.59003,38.3144,47.5181
2998002.0,2.7718,38.2892,2.55021
3006002.0,3.6240900000000003,38.2909,7.76974
3014002.0,3.803,38.4978,13.0164
3022002.0,4.30695,38.2334,18.0663
3030002.0,4.62967,38.3462,23.326999999999998
3038002.0,5.083880000000001,38.4791,28.1096
3046002.0,5.47722,38.3055,33.2141
3054002.0,7.0176300000000005,38.2763,38.1583
3062002.0,6.583660000000001,37.874,42.9286
3070002.0,7.35761,37.645,48.402
3078002.0,6.293069999999999,37.4294,3.5130800000000004
3086002.0,6.77243,37.3038,8.50758
3094002.0,7.47475,37.8616,13.4507
3102002.0,7.92656,37.9791,17.3423
3110002.0,8.427019999999999,37.7163,21.5208
3118002.0,9.1664,37.8117,25.9369
3126002.0,9.64148,37.4918,31.1952
3134002.0,10.5,37.5014,35.9596
3142002.0,10.8629,37.5733,40.7317
3150002.0,12.5929,37.5328,45.1282
3158002.0,15.1309,37.9637,0.14786
3166002.0,16.934,38.5373,3.60575
3174002.0,16.8054,39.2201,6.1593599999999995
3182002.0,18.0915,39.5504,11.6296
3190002.0,19.0373,38.7532,15.5749
3198002.0,19.7474,38.9613,20.2265
3206002.0,21.4084,38.9092,24.1698
3214002.0,22.489,39.2083,27.9178
3222002.0,26.7079,38.2744,32.8719
3230002.0,27.8304,38.7296,36.5758
3238002.0,28.5753,38.9967,41.2619
3246002.0,30.1071,38.9728,46.1803
3254002.0,30.3992,38.8526,0.55898
3262002.0,31.1084,38.9609,4.09535
3270002.0,31.4087,39.0234,9.1761
3278002.0,31.7327,39.1476,13.1563
3286002.0,32.5376,39.5613,16.9292
3294002.0,33.26,39.6659,20.4594
3302002.0,33.7765,39.9493,25.6876
3310002.0,34.5671,39.9134,29.5458
3318002.0,35.2676,40.3356,34.2422
3326002.0,36.4682,40.3091,38.3989
3334002.0,37.3678,40.395,43.3235
3342002.0,38.0675,40.5969,48.0924
3350002.0,38.5752,40.7687,2.99629
3358002.0,40.6091,40.9861,7.699089999999999
3366002.0,43.285,41.0442,12.8462
3374002.0,44.4208,41.2157,17.9563
3382002.0,45.2092,41.5369,22.3872
3390002.0,46.9187,41.6549,26.2196
3398002.0,47.855,41.9092,31.3593
3406002.0,48.8399,41.763000000000005,35.7626
3414002.0,1.46874,42.111999999999995,40.9073
3422002.0,3.9357300000000004,41.9384,44.9665
3430002.0,6.465,41.5154,49.4389
3438002.0,7.0624,41.4958,4.59037
3446002.0,6.89774,41.3484,8.83084
3454002.0,6.968999999999999,41.3101,13.2468
3462002.0,7.40269,40.9868,17.5641
3470002.0,7.63125,40.7711,22.2891
3478002.0,7.88771,40.4865,27.0503
3486002.0,7.84363,40.5329,31.8453
3494002.0,7.7532,40.7334,36.9058
3502002.0,7.41334,40.4745,42.2079
3510002.0,7.440860000000001,40.4927,47.4303
3518002.0,7.49591,40.3346,2.801
3526002.0,7.4199399999999995,40.8208,7.62833
3534002.0,7.2660800000000005,40.8957,12.4184
3542002.0,7.46939,40.8483,17.2262
3550002.0,7.61654,41.08,21.6807
3558002.0,7.52871,41.0166,26.2442
3566002.0,7.9306600000000005,41.1442,31.2387
3574002.0,8.35977,41.229,36.3454
3582002.0,8.58959,41.2223,41.6598
3590002.0,8.83761,41.3173,46.5096
3598002.0,9.33243,41.2689,2.42076
3606002.0,9.97025,41.1352,7.2930399999999995
3614002.0,10.1101,41.1931,11.8321
3622002.0,10.8644,41.0613,16.3432
3630002.0,11.3745,41.2588,20.9018
3638002.0,11.8141,41.2234,25.0431
3646002.0,12.6103,40.8386,30.2659
3654002.0,12.889000000000001,41.0195,35.0657
3662002.0,12.8319,41.7253,40.5085
3670002.0,13.0974,41.8852,45.5209
3678002.0,13.1729,41.7697,0.899343
3686002.0,13.6377,41.7311,5.40779
3694002.0,13.595,42.3197,10.2121
3702002.0,13.6098,42.4588,15.2316
3710002.0,13.7391,42.2876,20.0718
3718002.0,13.5097,42.5965,25.0661
3726002.0,13.5925,42.7101,29.7214
3734002.0,13.5001,42.6395,34.7846
3742002.0,13.8807,42.5151,39.9419
3750002.0,14.3108,43.2188,44.6065
3758002.0,15.6114,43.4119,0.186678
3766002.0,16.7844,43.8304,4.73763
3774002.0,17.1941,43.7687,10.2683
3782002.0,17.703,43.98,14.8571
3790002.0,17.8582,43.9975,19.7807
3798002.0,17.8404,44.1806,24.3782
3806002.0,17.9811,43.8823,28.6965
3814002.0,18.6707,44.2417,33.5952
3822002.0,19.3713,44.1986,37.8371
3830002.0,19.8588,43.8103,42.6181
3838002.0,20.1043,43.9548,47.7693
3846002.0,19.9947,43.993,3.42501
3854002.0,20.2277,43.7811,8.881110000000001
3862002.0,20.5016,43.5482,13.6937
3870002.0,20.7972,43.6533,18.9876
3878002.0,21.2734,43.7892,24.3595
3886002.0,21.2905,43.8016,28.9985
3894002.0,21.8124,43.4715,33.6533
3902002.0,22.1874,43.5287,38.3309
3910002.0,22.9886,43.2534,43.3263
3918002.0,23.9401,43.1739,48.7742
3926002.0,25.1512,42.9628,3.78438
3934002.0,25.8212,42.8882,8.463410000000001
3942002.0,26.1831,42.8382,13.2313
3950002.0,26.5639,42.6482,17.8105
3958002.0,26.523000000000003,42.4505,22.5544
3966002.0,26.8181,42.4204,27.0609
3974002.0,27.0435,42.4562,31.881999999999998
3982002.0,26.9853,42.2939,36.2268
3990002.0,27.6045,42.1068,40.9468
3998002.0,27.8917,41.9139,45.4623
4006002.0,28.42,41.9469,0.380064
4014002.0,28.5643,41.7849,5.00251
4022002.0,28.7835,41.9947,9.806289999999999
4030002.0,28.6157,42.2763,14.2085
4038002.0,29.0817,41.9469,19.4417
4046002.0,30.3366,42.3829,23.8778
4054002.0,30.8368,42.6108,29.1619
4062002.0,32.1794,42.3109,34.2656
4070002.0,32.5486,42.1651,38.4974
4078002.0,32.5699,42.0256,43.7804
4086002.0,33.3956,42.0389,48.2145
4094002.0,34.6871,42.3527,2.81754
4102002.0,34.4539,41.9728,7.746580000000001
4110002.0,35.0566,42.0282,12.1717
4118002.0,35.4014,41.9872,16.7897
4126002.0,35.336,42.5479,21.9858
4134002.0,35.64,42.2048,25.655
4142002.0,36.5098,42.7692,30.1003
4150002.0,38.1475,42.64,33.7228
4158002.0,39.2089,42.835,38.4954
4166002.0,44.2195,45.2844,33.1871
4174002.0,45.5078,42.8657,38.9235
4182002.0,45.0465,42.6224,44.7505
4190002.0,45.6311,43.2274,49.4043
4198002.0,46.4956,43.2708,4.91953
4206002.0,47.2733,43.6659,10.1133
4214002.0,48.1678,43.7529,15.3017
4222002.0,47.9484,43.6738,20.2966
4230002.0,49.0408,44.0507,25.0089
4238002.0,1.61897,44.3856,30.37
4246002.0,2.54236,44.6809,35.23
4254002.0,4.1413199999999994,44.2665,41.3877
4262002.0,4.78372,44.5142,46.9371
4270002.0,4.95284,44.3049,2.44902
4278002.0,5.39239,44.1246,7.9014
4286002.0,6.1503,44.1122,13.1935
4294002.0,6.6456,44.1975,17.8144
4302002.0,7.01691,44.27,22.7464
4310002.0,7.47364,44.1942,27.8334
4318002.0,7.1329,44.1918,32.7457
4326002.0,7.198910000000001,44.1148,37.8062
4334002.0,7.5069,44.0082,42.9105
4342002.0,7.911739999999999,43.9151,47.8601
4350002.0,8.184989999999999,43.6231,3.3273
4358002.0,8.391060000000001,43.0903,8.12925
4366002.0,8.74772,43.0488,12.9711
4374002.0,9.43102,43.0118,17.1094
4382002.0,9.665939999999999,42.7266,21.7024
4390002.0,10.2533,42.7583,26.6708
4398002.0,10.3746,42.677,32.9068
4406002.0,10.667,42.2525,37.813
4414002.0,11.1689,41.8653,42.7794
4422002.0,11.4938,41.9149,48.0368
4430002.0,11.4268,41.7394,3.5764
4438002.0,11.6817,41.4725,8.49545
4446002.0,11.7188,41.5774,12.9556
4454002.0,12.2958,41.1522,18.3967
4462002.0,12.415999999999999,41.0923,23.6613
4470002.0,12.8974,41.1158,28.7738
4478002.0,13.3885,41.1191,33.3713
4486002.0,14.6736,41.2467,38.5374
4494002.0,14.6753,41.0303,43.4572
4502002.0,14.940999999999999,40.9885,48.2031
4510002.0,14.8302,40.5587,3.34695
4518002.0,15.9424,41.2189,7.77692
4526002.0,16.1329,40.9307,13.1244
4534002.0,16.5451,40.881,17.984
4542002.0,17.2808,40.4693,22.1497
4550002.0,17.9335,40.085,26.9105
4558002.0,18.8279,40.083,31.8531
4566002.0,19.4566,39.9089,36.6688
4574002.0,20.3594,39.8398,41.6671
4582002.0,25.2572,38.2473,47.2163
4590002.0,33.7178,34.5799,1.5962100000000001
4598002.0,35.4082,34.8403,7.60045
4606002.0,34.2442,35.919000000000004,12.3043
4614002.0,37.2437,34.799,14.2895
4622002.0,37.5637,35.5408,16.845
4630002.0,37.8836,36.7282,18.9218
4638002.0,38.4967,37.2034,21.5235
4646002.0,38.5941,36.9711,25.9427
4654002.0,38.7919,36.9904,29.4993
4662002.0,40.1355,37.2314,33.2913
4670002.0,40.5164,37.1833,37.2514
4678002.0,40.7124,37.551,41.9083
4686002.0,41.7228,37.359,46.6924
4694002.0,42.8327,37.3684,2.31822
4702002.0,43.3239,37.2126,5.88454
4710002.0,44.8339,37.1555,9.90395
4718002.0,45.283,37.0485,14.1541
4726002.0,45.3599,37.496,18.5709
4734002.0,46.2094,37.6951,22.7666
4742002.0,46.8611,37.5458,27.0967
4750002.0,47.5207,37.2663,30.9867
4758002.0,47.8101,36.9454,34.9352
4760002.0,47.9167,36.8378,35.8905
4768002.0,47.7873,36.5336,41.1471
4776002.0,0.210756,36.6532,44.9666
4784002.0,2.20808,37.1569,0.723711
4792002.0,3.4036,36.9887,4.8935
4800002.0,3.88309,36.5954,9.013589999999999
4808002.0,4.66,36.9005,13.5774
4816002.0,6.7293899999999995,37.1777,17.8528
4824002.0,8.39078,37.201,21.8603
4832002.0,10.2734,36.8485,26.8955
4840002.0,11.6254,36.5965,32.7392
4848002.0,12.7764,36.5212,36.7856
4856002.0,15.2703,36.7102,41.1042
4864002.0,15.5887,36.3213,45.8402
4872002.0,18.0345,36.0993,0.211321
4880002.0,19.0056,36.4229,4.13382
4888002.0,20.1564,36.5471,8.37733
4896002.0,22.1536,36.7685,12.9374
4904002.0,23.1325,37.1348,15.7166
4912002.0,23.2944,36.885999999999996,19.4955
4920002.0,26.2907,36.442,23.622
4928002.0,28.268,36.3732,28.124000000000002
4936002.0,30.4243,35.8679,32.9797
4944002.0,30.6128,35.6946,36.2347
4952002.0,31.8936,35.6665,40.3906
4960002.0,32.2785,35.2806,44.5454
4968002.0,32.3699,35.3116,48.7066
4976002.0,32.9328,35.3981,3.5127699999999997
4984002.0,33.1733,35.5573,8.038789999999999
4992002.0,33.7658,35.6338,11.1008
5000002.0,34.4648,35.2743,14.4194
5008002.0,35.8399,35.2802,18.6934
5016002.0,37.1128,35.0606,21.9667
5024002.0,37.0567,34.6739,25.4352
5032002.0,37.3726,34.3713,29.7782
5040002.0,38.5324,33.6831,34.1192
5048002.0,39.615,33.8425,38.0216
5056002.0,41.0206,33.756,42.948
5064002.0,42.485,33.7532,47.3311
5072002.0,43.4706,33.6673,2.87345
5080002.0,44.798,33.5973,7.84382
5088002.0,45.8207,33.2539,12.8245
5096002.0,48.5946,33.0668,17.9457
5104002.0,0.70805,32.9232,23.1357
5112002.0,2.1180000000000003,32.6965,28.1765
5120002.0,2.93032,32.7537,33.2705
5128002.0,4.26963,32.6746,38.7384
5136002.0,4.3985199999999995,32.5983,43.3197
5144002.0,5.30745,32.6546,48.18899999999999
5152002.0,5.8661,32.5315,3.8761699999999997
5160002.0,7.07786,32.8167,9.13835
5168002.0,7.77335,32.6444,13.8268
5176002.0,8.55505,32.8078,19.5148
5184002.0,9.03645,33.0751,24.0693
5192002.0,9.88326,33.0491,28.3878
5200002.0,10.1843,33.0435,33.4117
5208002.0,10.9422,33.1679,37.4573
5216002.0,12.4563,33.217,42.5993
5224002.0,13.7498,33.2733,46.8231
5232002.0,15.1622,33.361,2.3287299999999997
5240002.0,16.0653,33.4343,7.25921
5248002.0,16.6238,33.29,11.2423
5256002.0,16.6105,33.4127,15.1416
5264002.0,17.3232,33.1091,18.9521
5272002.0,18.3552,33.2133,22.9594
5280002.0,19.6356,33.3401,28.3028
5288002.0,19.6348,33.6158,32.3287
5296002.0,20.6235,33.87,36.6456
5304002.0,21.3243,34.1114,41.7078
5312002.0,22.9902,34.7078,46.6722
5320002.0,23.026999999999997,34.5434,2.2934900000000003
5328002.0,22.9063,34.5175,6.2804
5336002.0,23.9708,34.2238,11.1745
5344002.0,24.8495,34.0625,14.9139
5352002.0,25.2064,33.7751,19.1276
5360002.0,25.4747,33.9015,22.3952
5368002.0,26.3373,33.4322,27.1391
5376002.0,27.5722,33.4204,31.0896
5384002.0,29.4209,33.6546,36.2891
5392002.0,28.6785,33.1863,40.2102
5400002.0,29.4388,32.7834,44.1716
5408002.0,28.9391,32.6771,48.4963
5416002.0,30.0705,32.3552,3.5842400000000003
5424002.0,30.2692,31.6257,7.60341
5432002.0,30.8392,31.423000000000002,11.0189
5440002.0,32.4417,31.648000000000003,13.8829
5448002.0,32.9524,31.4785,17.6817
5456002.0,33.2725,31.5817,22.4387
5464002.0,33.6154,31.0281,27.1101
5472002.0,33.5972,30.6039,32.8249
5480002.0,35.4914,30.3627,36.7846
5488002.0,36.883,30.6135,39.2224
5496002.0,38.533,30.6381,43.8137
5504002.0,38.9134,30.985,48.0117
5512002.0,39.8135,30.5233,2.6101
5520002.0,40.6758,30.1462,5.60496
5528002.0,42.507,30.0986,10.0713
5536002.0,43.5919,30.1473,13.8672
5544002.0,44.6362,30.0494,17.6444
5552002.0,45.2879,30.2254,21.7656
5560002.0,45.6721,30.1485,26.1475
5568002.0,47.0793,30.5323,29.7689
5576002.0,47.8143,30.5089,33.1448
5584002.0,48.6227,30.2587,38.3094
5592002.0,49.138000000000005,30.4704,42.9434
5600002.0,49.0745,30.7077,47.6513
5608002.0,0.365399,30.5541,2.15328
5616002.0,0.784248,30.1711,6.44343
5624002.0,1.4644700000000002,29.5601,10.9181
5632002.0,2.40671,29.3735,15.4463
5640002.0,4.63309,28.7128,19.4954
5648002.0,6.42906,28.3848,24.3557
5656002.0,6.97543,28.1801,28.516
5664002.0,7.056,28.2719,32.6469
5672002.0,8.185839999999999,27.9028,36.88
5680002.0,8.56526,28.1876,40.8451
5688002.0,9.045160000000001,28.573,43.8376
5696002.0,9.762310000000001,28.6875,47.5973
5704002.0,11.3845,28.0544,2.66645
5712002.0,11.968,27.8067,7.04679
5720002.0,12.2683,27.9244,11.0306
5728002.0,12.734000000000002,28.0983,15.4806
5736002.0,13.4628,28.0601,19.9353
5744002.0,13.2711,28.7852,24.6145
5752002.0,13.2583,29.1403,28.8923
5760002.0,13.954,29.1164,32.3825
5768002.0,15.7803,28.5618,36.514
5776002.0,17.1429,28.9543,41.298
5784002.0,17.4428,28.7144,46.0088
5792002.0,18.3213,28.8015,1.3101200000000002
5800002.0,19.4562,28.7204,6.223730000000001
5808002.0,20.9631,28.364,10.7384
5816002.0,22.99,28.287,15.3701
5824002.0,22.9977,28.1651,18.7824
5832002.0,23.2279,28.0338,22.4563
5840002.0,23.7482,28.0375,26.9428
5848002.0,26.0615,28.6397,31.0997
5856002.0,26.9433,28.9836,35.7684
5864002.0,29.114,28.7106,39.2449
5872002.0,29.5302,28.7307,43.1558
5880002.0,30.1347,28.8937,47.4646
5888002.0,31.1361,28.7574,2.8536799999999998
5896002.0,32.4831,28.4441,6.6626199999999995
5904002.0,33.3437,27.9763,11.1424
5912002.0,34.2894,28.0052,15.831
5920002.0,34.894,28.0498,20.0621
5928002.0,35.7113,27.5952,25.081999999999997
5936002.0,35.8982,27.070999999999998,29.7869
5944002.0,36.8317,26.5679,34.7656
5952002.0,37.7724,26.5968,38.8325
5960002.0,39.3688,27.0365,42.3222
5968002.0,40.7032,27.0526,46.5552
5976002.0,41.2334,27.2353,1.7643799999999998
5984002.0,42.0085,27.3987,6.18182
5992002.0,42.321999999999996,27.7687,10.7612
6000002.0,42.9473,27.8978,15.5703
6008002.0,43.0914,27.8135,20.0336
6016002.0,43.8337,27.5921,23.5644
6024002.0,44.208999999999996,27.8442,28.5628
6032002.0,44.5933,27.6965,32.7676
6040002.0,44.2361,27.6938,37.0965
6048002.0,44.7815,27.5124,41.3435
6056002.0,46.1952,27.6701,46.6595
6064002.0,48.0712,28.2652,2.6116900000000003
6072002.0,47.9271,27.8388,6.90021
6080002.0,49.2727,27.8465,11.5939
6088002.0,0.0370045,27.4623,15.2084
6096002.0,49.4651,27.3304,18.579
6104002.0,49.4074,27.0529,22.2617
6112002.0,0.23030599999999998,27.4089,27.7584
6120002.0,0.36991399999999997,27.6548,32.5094
6128002.0,0.0731295,27.8396,37.203
6136002.0,0.30635999999999997,27.7463,41.761
6144002.0,0.967988,27.9271,46.4783
6152002.0,1.3404200000000002,27.8408,1.2525600000000001
6160002.0,1.96629,28.2229,6.16611
6168002.0,2.86425,28.9571,11.0329
6176002.0,3.3329,29.3885,16.3525
6184002.0,3.91744,29.4156,21.0137
6192002.0,5.19055,29.4329,25.3944
6200002.0,5.74696,29.2684,29.6636
6208002.0,6.29589,28.7278,33.9942
6216002.0,7.609139999999999,28.2554,38.6679
6224002.0,8.44655,27.9511,43.3405
6232002.0,9.119069999999999,27.6616,47.9301
6240002.0,10.6182,27.5641,4.45258
6248002.0,12.244000000000002,27.7529,9.84223
6256002.0,13.6797,28.1922,14.7238
6264002.0,15.1576,28.4936,19.0905
6272002.0,16.0258,28.7654,23.2827
6280002.0,16.27,28.6917,27.6633
6288002.0,17.0012,28.6694,32.5219
6296002.0,17.5899,29.1094,36.9162
6304002.0,18.8545,29.2597,41.5983
6312002.0,19.9932,29.4666,46.3433
6320002.0,22.0855,29.3559,1.25629
6328002.0,24.2072,29.3517,5.96861
6336002.0,25.4166,29.2275,9.86156
6344002.0,25.5553,29.0849,14.3826
6352002.0,25.6106,28.7375,19.1165
6360002.0,26.5594,28.4517,23.2229
6368002.0,26.3832,28.9073,28.2799
6376002.0,26.7957,28.7013,33.0028
6384002.0,27.4413,28.3938,38.6071
6392002.0,27.9131,28.4348,43.4506
6400002.0,27.9849,28.4614,48.4569
6408002.0,28.241,28.5168,3.95939
6416002.0,29.5072,29.2704,6.8680699999999995
6424002.0,29.3333,28.9774,10.7559
6432002.0,29.9278,28.6689,13.7851
6440002.0,29.8083,28.7754,17.4643
6448002.0,29.4008,29.4373,21.6007
6456002.0,30.4392,28.6532,26.1949
6464002.0,30.8829,28.3678,29.4485
6472002.0,31.4007,28.2495,34.155
6480002.0,32.0009,28.3688,38.2339
6488002.0,31.8515,28.7156,41.7528
6496002.0,31.8688,29.0594,45.2016
6504002.0,32.5481,28.2459,0.716584
6512002.0,33.23,28.5102,4.51041
6520002.0,34.0556,28.3013,8.21182
6528002.0,33.9605,28.3149,12.8097
6536002.0,34.7613,28.6276,17.9617
6544002.0,34.4571,29.3584,21.0627
6552002.0,35.1291,28.820999999999998,24.0978
6560002.0,36.585,29.0409,28.594
6568002.0,38.2175,28.8027,32.0102
6576002.0,41.0539,29.1286,36.7612
6584002.0,43.5225,29.4287,41.5322
6592002.0,45.6674,29.5561,46.2612
6600002.0,47.6589,29.5598,1.4263700000000001
6608002.0,0.174574,29.7177,6.18198
6616002.0,2.6435,29.9117,9.79307
6624002.0,5.71408,29.8194,13.5755
6632002.0,7.354839999999999,30.2476,17.8224
6640002.0,7.889010000000001,30.1787,22.5784
6648002.0,9.61955,30.3809,26.5568
6656002.0,11.1005,30.6469,31.1979
6664002.0,12.4308,30.5631,34.5567
6672002.0,14.6823,31.0976,38.8859
6680002.0,15.5216,31.3282,43.9522
6688002.0,15.6292,31.8052,47.8738
6696002.0,17.578,31.195999999999998,2.1556900000000003
6704002.0,19.0422,30.3473,6.881869999999999
6712002.0,20.8812,30.4552,11.0922
6720002.0,22.7209,30.8373,14.4453
6728002.0,24.9856,30.4447,18.0734
6736002.0,25.7935,30.8232,21.7032
6744002.0,26.2644,30.7386,27.0043
6752002.0,27.9577,30.4404,31.858
6760002.0,28.9128,29.7629,35.9196
6768002.0,28.6951,29.9509,40.4156
6776002.0,29.0048,29.559,45.2343
6784002.0,30.1995,28.7634,48.9283
6792002.0,30.7366,27.5245,1.53562
6800002.0,31.7506,26.955,4.99845
6808002.0,31.451,27.2673,9.60329
6816002.0,30.9704,27.8463,14.1191
6824002.0,31.9239,27.863000000000003,18.21
6832002.0,32.9098,28.6848,23.0997
6840002.0,33.7716,29.1468,27.0359
6848002.0,34.7572,29.7768,31.4305
6856002.0,35.2375,29.5422,35.9479
6864002.0,35.8595,29.4819,40.6975
6872002.0,36.9223,29.4951,45.0096
6880002.0,38.6268,29.4904,48.909
6888002.0,39.2817,29.498,4.1544300000000005
6896002.0,40.0247,29.3874,8.367939999999999
6904002.0,41.4139,29.8946,12.7271
6912002.0,43.4463,30.1255,17.4853
6920002.0,45.1074,30.8484,22.0464
6928002.0,47.1356,31.3715,26.5494
6936002.0,47.3595,31.9837,29.6048
6944002.0,49.3741,31.9716,33.5836
6952002.0,2.39973,31.7979,36.8917
6960002.0,4.25208,31.9362,40.07
6968002.0,5.6251,31.8695,44.0549
6976002.0,7.29075,31.6461,48.2369
6984002.0,8.27477,31.795,3.30332
6992002.0,9.684239999999999,31.1965,7.118639999999999
7000002.0,10.8607,31.2284,10.8007
7008002.0,12.734000000000002,30.846,15.1238
7016002.0,13.524000000000001,31.0419,19.0695
7024002.0,13.6063,31.1771,23.8527
7032002.0,14.4659,30.8085,27.6126
7040002.0,15.2609,30.7483,31.6348
7048002.0,16.0587,30.5546,36.0592
7056002.0,17.2577,30.2671,40.6744
7064002.0,19.2287,30.2071,44.9377
7072002.0,20.6442,30.928,0.37397600000000003
7080002.0,21.4229,30.5357,4.17478
7088002.0,21.3382,30.5001,8.37852
7096002.0,21.3266,30.7262,11.7404
7104002.0,21.6996,30.7493,14.452
7112002.0,22.308000000000003,30.761,19.1078
7120002.0,24.3886,31.142,24.0588
7128002.0,24.2672,31.5818,27.9784
7136002.0,24.8582,31.5635,32.2015
7144002.0,24.6602,31.7244,36.4753
7152002.0,25.3787,31.0609,41.6516
7160002.0,26.7397,30.6744,46.9779
7168002.0,27.3449,30.5018,2.4237599999999997
7176002.0,28.6633,30.3869,7.2028
7184002.0,30.8072,30.6802,10.8366
7192002.0,29.3886,31.2594,15.5184
7200002.0,31.3157,31.615,21.0356
7204002.0,30.1813,31.968000000000004,22.8149
7212002.0,32.9731,31.5846,26.9593
7220002.0,34.4798,31.8339,30.439
7228002.0,35.7165,31.9706,34.8518
7236002.0,36.751,32.3991,39.6269
7244002.0,37.5291,32.6783,44.5576
7252002.0,38.8054,33.1906,49.403999999999996
7260002.0,39.5774,33.1923,4.4078
7268002.0,39.7508,33.2381,9.70739
7276002.0,40.8942,33.5593,14.415
7284002.0,40.7047,33.2001,19.108
7292002.0,41.3893,33.0585,23.3583
7300002.0,42.506,33.6722,27.3784
7308002.0,43.4298,33.5166,32.1136
7316002.0,43.9365,33.1084,35.7866
7324002.0,44.1136,33.131,40.1698
7332002.0,44.4283,32.986999999999995,44.5187
7340002.0,45.0102,32.5576,49.018
7348002.0,45.3435,32.3156,3.9152400000000003
7356002.0,45.3931,32.0821,7.666810000000001
7364002.0,46.6015,32.0783,11.3013
7372002.0,47.2098,32.0641,14.9307
7380002.0,47.5058,32.0604,18.2459
7388002.0,47.9929,31.9735,23.2508
7396002.0,48.6123,31.8851,26.875
7404002.0,0.0138636,31.6289,31.2084
7412002.0,1.17412,31.3879,34.6692
7420002.0,2.0268200000000003,31.0004,39.2069
7428002.0,2.9729900000000002,31.0821,43.7591
7436002.0,3.5321599999999997,31.133000000000003,48.0804
7444002.0,3.8222199999999997,31.1699,2.81696
7452002.0,4.32273,31.2474,7.54332
7460002.0,4.445180000000001,31.2217,11.9247
7468002.0,4.9048,31.245,16.5869
7476002.0,5.30755,31.2502,20.5718
7484002.0,6.074269999999999,30.8358,25.2752
7492002.0,6.77727,31.3122,29.3396
7500002.0,7.42585,31.3052,34.0911
7508002.0,8.18735,31.425,37.2543
7516002.0,8.49194,31.5332,41.3722
7524002.0,8.672039999999999,31.787,45.7887
7532002.0,8.56398,32.1457,0.888373
7540002.0,9.22895,32.7438,5.32672
7548002.0,9.06303,33.2685,8.20648
7556002.0,9.626,33.4794,12.9822
7564002.0,10.1164,33.3699,17.4348
7572002.0,10.5409,34.0175,21.7495
7580002.0,10.759,34.9093,26.5197
7588002.0,10.8083,35.5995,31.3349
7596002.0,10.8571,35.5397,35.1624
7604002.0,11.2604,36.1257,39.7631
7612002.0,11.4898,36.3854,44.6081
7620002.0,11.7595,36.6933,48.9252
7628002.0,12.4832,36.6157,3.8366
7636002.0,13.4682,36.5357,7.8867899999999995
7644002.0,13.8056,36.5934,11.9056
7652002.0,14.3459,36.3708,15.7374
7660002.0,14.6872,36.6131,20.2694
7668002.0,16.4098,36.8726,24.7286
7676002.0,17.0482,37.3145,29.7722
7684002.0,17.8992,37.4337,34.4297
7692002.0,19.646,37.4457,39.5089
7700002.0,20.104,37.8187,43.8207
7708002.0,20.361,38.0995,48.9028
7716002.0,20.9147,38.2999,3.7110300000000005
7724002.0,21.2699,38.5302,8.00333
7732002.0,22.3579,38.9722,12.0671
7740002.0,24.3067,39.1432,16.5459
7748002.0,25.2348,39.1174,20.8187
7756002.0,26.655,39.3067,24.6818
7764002.0,27.1255,39.7203,29.3927
7772002.0,26.79,39.9246,34.1422
7780002.0,26.9831,40.1282,38.6585
7788002.0,27.0723,40.2335,43.5078
7796002.0,27.5952,40.1792,48.4632
7804002.0,27.8346,40.1927,3.5329800000000002
7812002.0,28.2312,40.1982,8.88958
7820002.0,28.724,40.1425,13.7399
7828002.0,29.3649,40.2429,18.9923
7836002.0,29.6945,40.2299,24.1176
7844002.0,29.6696,40.3739,28.9491
7852002.0,29.4441,40.3832,34.0921
7860002.0,29.6989,40.3104,38.6446
7868002.0,30.0647,40.2156,43.2105
7876002.0,30.8594,40.3284,48.32
7884002.0,31.1345,40.1922,3.6747900000000002
7892002.0,32.1156,40.001,8.24774
7900002.0,32.4749,39.9532,12.745
7908002.0,32.3828,39.9035,17.5592
7916002.0,31.8182,39.6361,21.7511
7924002.0,31.5539,39.4318,26.0858
7932002.0,31.6308,39.7985,29.7663
7940002.0,31.6569,39.692,33.7873
7948002.0,31.8981,39.6795,38.3305
7956002.0,31.5278,39.6149,42.3212
7964002.0,31.5673,38.9034,46.2517
7972002.0,31.7853,38.7175,1.12131
7980002.0,31.8565,38.4232,6.12582
7988002.0,31.7055,38.211999999999996,10.9874
7996002.0,31.9922,38.2829,15.1721
