2.0,48.8465,32.2655,36.9557
8002.0,5.02809,31.9728,39.5726
16002.0,6.21635,32.2222,43.4833
24002.0,6.342569999999999,31.8564,48.5186
32002.0,6.79723,31.7748,2.83134
40002.0,7.8118300000000005,31.5582,7.21203
48002.0,8.62304,31.1805,11.0674
56002.0,8.80781,31.0733,15.5054
64002.0,8.73028,31.0335,18.1778
72002.0,10.4719,30.4058,19.4677
80002.0,10.7884,30.372,21.6933
88002.0,12.0081,30.1096,26.1462
96002.0,12.612,30.0292,29.7018
104002.0,13.0356,29.8582,32.8062
112002.0,13.7126,30.0785,34.1157
120002.0,15.1135,30.8155,36.5005
128002.0,16.0005,31.0186,40.5005
136002.0,17.598,31.2403,44.6276
144002.0,18.0927,31.3176,48.3926
152002.0,20.012999999999998,31.5571,1.67336
160002.0,23.0131,31.604,5.13788
168002.0,22.933000000000003,31.945999999999998,9.019680000000001
176002.0,23.0811,32.5305,12.7688
184002.0,23.4842,33.5658,15.3077
192002.0,23.2769,34.2118,19.8657
200002.0,23.7965,33.955,24.5305
208002.0,24.076,34.2075,27.6283
216002.0,25.0779,33.4681,31.884
224002.0,25.2318,33.5204,36.6925
232002.0,25.2636,33.6074,41.7895
240002.0,25.6314,33.5792,46.1709
248002.0,25.9735,33.5868,1.47546
256002.0,26.4348,34.0668,6.13428
264002.0,26.4421,34.4584,11.3738
272002.0,27.1292,35.0134,16.2189
280002.0,27.8606,35.1565,20.3569
288002.0,29.3265,34.4253,25.628
296002.0,29.058000000000003,34.556,29.8322
304002.0,29.8805,34.5617,34.7011
312002.0,31.1123,34.5534,38.7167
320002.0,32.1876,34.495,43.1629
328002.0,34.8408,34.153,48.0472
336002.0,35.6229,33.6879,2.84315
344002.0,35.3595,33.8087,7.442019999999999
352002.0,37.0194,33.6827,10.9449
360002.0,38.0267,33.9274,14.6322
368002.0,39.025,33.9605,17.6512
376002.0,38.273,33.6598,22.7061
384002.0,38.4656,33.6413,25.7486
392002.0,38.2623,32.9253,29.7275
400002.0,37.9801,32.8269,33.8965
408002.0,38.3332,32.9274,38.1803
416002.0,38.4358,33.0818,42.1309
424002.0,39.0121,32.5797,46.7581
432002.0,39.3441,32.2347,1.52932
440002.0,39.5215,31.936999999999998,7.02142
448002.0,39.1743,31.4666,11.7097
456002.0,38.9837,31.6721,16.4804
464002.0,38.9073,31.7236,20.5436
472002.0,39.585,31.5715,26.053
480002.0,40.692,31.1856,30.5196
488002.0,41.6281,31.1238,34.9508
496002.0,42.9255,31.0502,39.7464
504002.0,43.1631,30.8631,44.647
512002.0,43.7268,30.6121,49.027
520002.0,44.3949,30.4486,3.85291
528002.0,44.9603,30.4497,9.05158
536002.0,46.0331,31.09,13.6324
544002.0,47.9592,30.7234,17.7697
552002.0,49.1027,31.0064,22.471
560002.0,1.59816,30.6539,26.8924
568002.0,2.28538,30.4686,30.919
576002.0,3.5981099999999997,30.6114,36.2535
584002.0,4.51668,30.8388,40.5991
592002.0,5.494190000000001,30.9686,43.6708
600002.0,6.504980000000001,31.1067,47.9885
608002.0,6.77018,31.2575,2.3763
616002.0,8.18561,31.4721,6.8903
624002.0,8.65163,31.1168,10.9462
632002.0,9.189119999999999,31.3347,14.5702
640002.0,9.60104,31.4447,19.1069
648002.0,10.3176,31.5055,21.4301
656002.0,10.1625,31.433000000000003,25.9665
664002.0,11.0404,31.2465,30.4411
672002.0,11.5377,31.2224,34.8006
680002.0,11.9074,30.9119,38.9367
688002.0,12.0897,30.8074,44.1403
696002.0,12.4335,30.5232,47.8394
704002.0,12.7128,30.4735,3.39736
712002.0,13.1629,29.9621,7.85608
720002.0,14.3347,29.8513,11.5849
728002.0,14.3215,30.4385,15.8149
736002.0,13.4285,28.8063,18.0489
744002.0,13.9642,28.1176,21.8413
752002.0,14.5687,28.0876,26.3468
760002.0,15.1719,27.9414,31.4554
768002.0,15.4901,27.6819,35.7067
776002.0,15.657,27.736,41.6184
784002.0,15.431,27.8511,44.9828
792002.0,15.5077,28.158,49.07
800002.0,15.0012,27.8536,3.80154
808002.0,15.856,27.6839,8.11254
816002.0,17.3136,27.6369,12.8687
824002.0,17.9201,27.5068,16.9433
832002.0,18.5201,27.8289,22.0809
840002.0,18.9867,27.6715,26.0306
848002.0,20.0088,27.7043,30.4023
856002.0,22.3082,27.4858,33.8875
864002.0,23.2444,27.2946,37.7656
872002.0,22.9212,27.2571,41.1066
880002.0,24.101999999999997,27.2467,45.3289
888002.0,25.1273,27.6599,49.5
896002.0,27.4381,27.6803,3.80991
904002.0,28.3188,28.7095,8.48955
912002.0,30.0761,29.1019,11.886
920002.0,30.6913,28.5578,16.1888
928002.0,30.5499,28.8631,20.7154
936002.0,30.9502,29.0515,23.6832
944002.0,31.1888,28.674,26.8123
952002.0,33.347,28.2169,31.4144
960002.0,33.7307,28.4149,35.4806
968002.0,34.0695,28.7023,38.5364
976002.0,34.5541,28.4351,42.2168
984002.0,35.6828,28.4915,46.38399999999999
992002.0,35.3032,28.3534,0.0872057
1000002.0,35.3973,28.3057,4.04628
1008002.0,36.3686,28.2296,8.310039999999999
1016002.0,36.2879,28.445999999999998,12.5226
1024002.0,37.4623,28.3291,16.2646
1032002.0,38.0948,28.8659,19.1352
1040002.0,39.3642,29.1722,23.1404
1048002.0,39.0389,28.8761,27.6142
1056002.0,38.9714,28.8909,31.6123
1064002.0,39.5061,28.8941,36.7383
1072002.0,39.9341,29.0779,40.7514
1080002.0,39.8616,29.0786,44.8397
1088002.0,40.6062,29.0265,48.8092
1096002.0,41.3412,29.1242,3.8555300000000003
1104002.0,42.2695,29.2725,8.136610000000001
1112002.0,42.5699,29.2566,12.6742
1120002.0,42.9401,29.4745,17.2516
1128002.0,43.7283,29.5588,21.308000000000003
1136002.0,44.5823,29.8711,25.9689
1144002.0,45.412,29.4558,29.1008
1152002.0,46.3789,29.6484,34.0076
1160002.0,46.8813,29.9215,38.5434
1168002.0,47.5495,29.9472,43.1082
1176002.0,48.3782,29.6783,47.4626
1184002.0,48.2502,29.9466,2.8046599999999997
1192002.0,49.0955,30.1049,6.516859999999999
1200002.0,0.649853,29.6975,10.5739
1208002.0,1.40822,29.8279,15.8234
1216002.0,2.42996,29.5644,19.331
1224002.0,3.47134,29.8864,23.788
1232002.0,4.27535,30.1875,28.2882
1240002.0,5.49975,30.2162,33.3534
1248002.0,5.75465,30.3688,38.5571
1256002.0,6.61591,30.4915,42.4059
1264002.0,7.6264899999999995,30.1657,46.9262
1272002.0,8.37031,30.0434,2.7076
1280002.0,9.79087,30.0783,7.33833
1288002.0,10.0741,29.9972,10.5285
1296002.0,10.2396,29.8301,15.3167
1304002.0,11.6404,29.9345,19.454
1312002.0,11.7631,29.7954,24.4345
1320002.0,12.7501,29.5303,28.8494
1328002.0,12.8793,29.1718,32.5631
1336002.0,13.6243,29.3084,36.9779
1344002.0,14.052999999999999,29.0011,40.0475
1352002.0,14.4489,29.4387,45.702
1360002.0,14.6286,29.7059,0.583203
1368002.0,14.860999999999999,29.5503,4.96097
1376002.0,15.437000000000001,29.5456,9.4809
1384002.0,15.3631,28.9697,13.314
1392002.0,15.7697,28.8596,18.2981
1400002.0,16.6864,28.5819,23.6984
1408002.0,17.5419,28.6418,28.1966
1416002.0,16.6897,28.570999999999998,32.0901
1424002.0,16.5679,28.3299,36.698
1432002.0,17.2104,28.0105,41.7225
1440002.0,19.0708,27.773000000000003,46.3888
1448002.0,19.3988,28.090999999999998,0.804194
1456002.0,20.5303,28.0399,4.83501
1464002.0,20.7476,27.9636,9.24221
1472002.0,21.5364,28.1286,13.3371
1480002.0,22.8912,28.0344,17.5712
1488002.0,23.4609,27.5959,21.3283
1496002.0,24.3,27.4603,25.3867
1504002.0,25.238000000000003,26.735,29.5659
1512002.0,26.6813,26.5063,35.4686
1520002.0,26.9765,26.7539,39.292
1528002.0,27.2674,25.8847,44.8622
1536002.0,27.4286,26.5561,48.9971
1544002.0,28.6433,25.4981,3.8631300000000004
1552002.0,31.1006,25.2693,8.224089999999999
1560002.0,31.5348,25.8674,13.6219
1568002.0,32.3493,25.5593,17.7854
1576002.0,32.4357,25.4581,22.8205
1584002.0,32.1886,25.453000000000003,27.04
1592002.0,32.1676,25.2492,30.6853
1600002.0,32.6134,25.0163,35.1573
1608002.0,33.2203,24.9383,39.9902
1616002.0,33.9604,25.3516,43.2049
1624002.0,34.3708,24.9453,47.7105
1632002.0,35.0883,25.2922,1.9479400000000002
1640002.0,36.238,25.6129,6.44187
1648002.0,36.6658,25.7791,10.052999999999999
1656002.0,36.4397,26.0762,14.7508
1664002.0,37.9169,26.1323,19.6744
1672002.0,39.4639,27.0137,23.9196
1680002.0,39.4276,27.1729,28.9839
1688002.0,39.6362,27.0596,33.8081
1696002.0,39.6326,27.3098,38.7597
1704002.0,39.2985,27.4851,44.0192
1712002.0,39.3136,27.4584,49.0918
1720002.0,40.6515,27.4264,3.2128799999999997
1728002.0,41.7462,27.6952,7.62137
1736002.0,42.0851,27.3401,12.0426
1744002.0,42.1573,27.4163,16.2128
1752002.0,41.8435,27.7739,19.5785
1760002.0,41.838,27.3204,24.6631
1768002.0,42.6235,28.3834,28.0383
1776002.0,42.9235,27.2153,32.6604
1784002.0,42.9348,27.0938,36.3585
1792002.0,42.31100000000001,24.9572,39.2079
1800002.0,42.0272,24.6548,43.8786
1808002.0,43.474,24.194000000000003,46.6139
1816002.0,44.6432,23.7585,48.7513
1824002.0,43.8358,23.8557,2.76554
1832002.0,45.2041,23.6055,6.30211
1840002.0,47.7838,23.0043,9.16115
1848002.0,47.5692,22.9359,12.9149
1856002.0,48.2924,22.7106,15.9977
1864002.0,49.0353,22.5228,19.1524
1872002.0,49.3474,22.8363,22.3772
1880002.0,0.7979229999999999,22.5439,26.0183
1888002.0,2.83298,22.8705,30.0868
1896002.0,3.79598,22.7982,33.8278
1904002.0,4.147869999999999,22.5029,37.6285
1912002.0,5.23405,22.3909,41.3714
1920002.0,4.7990699999999995,22.2604,46.1036
1928002.0,5.58829,22.0777,0.52127
1936002.0,5.55049,22.0143,4.54103
1944002.0,5.84321,22.4513,9.16992
1952002.0,6.841480000000001,22.454,14.0097
1960002.0,6.93795,22.2778,18.6875
1968002.0,7.463430000000001,22.8233,22.4173
1976002.0,7.58145,22.5419,26.4193
1984002.0,7.85703,21.8207,30.8088
1992002.0,8.22011,21.5739,34.9446
2000002.0,9.38214,21.3046,38.4301
2008002.0,10.0761,21.2725,42.5482
2016002.0,11.9471,21.1923,46.9182
2024002.0,12.5583,21.1088,49.0291
2032002.0,13.1236,20.8485,1.83512
2040002.0,14.9411,20.0997,5.04479
2048002.0,15.3645,20.2044,9.28004
2056002.0,16.6224,20.2658,11.5672
2064002.0,17.8571,19.8318,13.6937
2072002.0,20.2512,19.5996,16.0946
2080002.0,21.3817,19.1127,18.4236
2088002.0,22.6883,18.577,20.1653
2096002.0,23.8731,18.7816,23.1641
2104002.0,25.4893,18.4813,25.2789
2112002.0,26.7383,18.2819,29.359
2120002.0,26.6074,18.2127,33.374
2128002.0,26.9235,17.9987,35.1217
2136002.0,27.8626,17.9566,38.0756
2144002.0,27.9507,17.8944,41.6564
2152002.0,28.6593,17.5436,44.205
2160002.0,28.8315,17.3338,47.5602
2168002.0,28.8448,17.2181,0.8454290000000001
2176002.0,28.8292,17.3807,3.59324
2184002.0,29.6337,17.7955,5.19878
2192002.0,29.3547,18.1821,6.504230000000001
2200002.0,28.7482,18.0535,8.17925
2208002.0,29.6881,18.4478,10.5626
2216002.0,31.5237,18.1812,12.3848
2224002.0,32.4565,18.1804,16.0677
2232002.0,32.5882,18.2872,19.2532
2240002.0,33.6918,18.0342,22.854
2248002.0,34.2846,18.0005,25.7068
2256002.0,34.1899,18.0105,26.9922
2264002.0,34.4748,18.2007,29.1517
2272002.0,34.253,17.8045,32.2314
2280002.0,34.6141,18.1916,34.6778
2288002.0,35.1377,18.1482,38.3594
2296002.0,35.9506,18.5506,42.1735
2304002.0,37.9786,18.6641,45.2252
2312002.0,37.7674,17.9439,47.8554
2320002.0,40.2417,18.2792,1.27604
2328002.0,40.674,18.3336,3.8745199999999995
2336002.0,40.1474,18.4388,7.14779
2344002.0,41.2465,17.2846,10.5289
2352002.0,40.6913,16.2858,14.2978
2360002.0,42.2121,15.3989,16.8647
2368002.0,43.2394,15.0377,20.8996
2376002.0,42.8881,14.9367,24.0876
2384002.0,43.7504,15.1441,27.2705
2392002.0,45.0048,15.491,30.021
2400002.0,45.6775,15.0235,32.453
2408002.0,45.9453,14.8268,36.0818
2414002.0,46.9957,14.7855,39.5849
2422002.0,47.457,15.1202,44.0802
2430002.0,0.895432,15.3499,45.172
2438002.0,2.8138,15.2827,48.7075
2446002.0,4.13822,15.4041,1.98845
2454002.0,4.54669,15.6342,4.53415
2462002.0,5.41034,15.3374,7.59972
2470002.0,5.74187,14.3721,9.355030000000001
2478002.0,6.640460000000001,14.5328,12.08
2486002.0,6.9476,13.7999,13.8702
2494002.0,7.34518,12.9959,15.4452
2502002.0,7.4364,12.6277,17.0032
2510002.0,8.53093,12.0067,19.3595
2518002.0,7.91114,11.6855,21.6326
2526002.0,8.81449,11.6267,23.1494
2534002.0,9.34855,11.3936,24.5115
2542002.0,9.26375,11.6188,27.1621
2550002.0,9.16048,11.5543,29.8977
2558002.0,9.9314,11.1387,31.5304
2566002.0,10.7613,10.4995,33.4216
2574002.0,11.6082,9.9041,35.1261
2582002.0,11.9171,10.4872,36.6357
2590002.0,13.9189,10.6739,38.3312
2598002.0,15.3723,10.7456,41.2858
2606002.0,16.5345,11.2115,43.7216
2614002.0,17.4683,10.9208,45.5509
2622002.0,18.1453,10.7717,47.825
2630002.0,18.9815,10.3224,0.673049
2638002.0,19.5644,9.8946,2.69227
2646002.0,19.9913,9.88687,6.11038
2654002.0,20.9453,10.0387,9.03084
2662002.0,21.0702,9.997810000000001,11.1687
2670002.0,21.2321,9.94603,14.5174
2678002.0,22.5142,10.4673,18.6086
2686002.0,25.0977,11.1437,20.6976
2694002.0,26.7631,11.2793,21.94
2702002.0,28.2717,11.8007,24.249000000000002
2710002.0,29.6758,11.1055,27.9684
2718002.0,30.4688,12.2273,30.6788
2726002.0,30.6761,13.2915,31.6064
2734002.0,31.6539,13.2425,33.7848
2742002.0,34.2324,14.3244,35.7618
2750002.0,35.5271,14.1516,39.045
2758002.0,36.0302,14.0667,43.1309
2766002.0,36.7642,13.275,47.8236
2774002.0,37.2912,13.5444,0.395833
2782002.0,38.3655,13.1141,4.20621
2790002.0,38.2241,13.1745,7.529489999999999
2798002.0,38.4858,12.844000000000001,11.0098
2806002.0,39.679,12.7436,14.9285
2814002.0,39.6757,12.4025,18.9618
2822002.0,40.0439,12.6368,21.4736
2830002.0,40.6213,12.2529,23.2103
2838002.0,41.1275,12.115,25.3795
2846002.0,42.8881,12.1738,27.7484
2854002.0,43.6903,12.1011,30.9694
2862002.0,44.6839,11.6607,33.2696
2870002.0,44.7276,12.19,35.5694
2878002.0,44.927,12.1928,37.361999999999995
2886002.0,45.2591,11.8683,39.5716
2894002.0,46.50899999999999,11.7868,41.6243
2902002.0,47.8717,11.7449,44.1685
2910002.0,47.5763,11.8986,46.7529
2918002.0,47.6565,11.8128,48.5457
2926002.0,47.9161,11.7384,2.96065
2934002.0,49.4343,11.9581,6.2164
2942002.0,48.7891,13.1508,9.93512
2950002.0,48.5673,13.1213,13.2898
2958002.0,49.331,13.0137,16.3869
2966002.0,1.6510799999999999,12.9465,19.8759
2974002.0,1.9119,13.267999999999999,22.3042
2982002.0,2.2966900000000003,13.585,25.941
2990002.0,2.29806,14.116,28.9288
2998002.0,2.29304,14.2012,31.0477
3006002.0,2.73791,14.4212,32.9859
3014002.0,3.8546400000000003,14.669,36.6864
3022002.0,4.82721,14.9515,39.0237
3030002.0,6.2653300000000005,14.6451,43.4497
3038002.0,6.17633,14.6275,46.8129
3046002.0,7.16557,14.3213,0.707187
3054002.0,7.93916,14.2612,3.0843599999999998
3062002.0,8.82859,14.4786,5.25744
3070002.0,9.67565,14.2921,8.51141
3078002.0,8.97565,14.556,11.6392
3086002.0,8.955960000000001,14.4538,15.0245
3094002.0,9.903889999999999,14.198,17.9
3102002.0,10.5172,14.1714,21.1724
3110002.0,11.6618,13.8883,24.5837
3118002.0,12.4063,13.4897,27.3566
3126002.0,12.4967,13.135,30.8629
3134002.0,13.7897,13.0934,34.9591
3142002.0,13.5067,12.669,38.7017
3150002.0,14.1926,12.5553,40.4753
3158002.0,16.4538,12.1466,43.0098
3166002.0,17.1261,11.6167,44.5757
3174002.0,18.0634,11.7091,46.0576
3182002.0,19.3012,11.9153,48.9789
3190002.0,20.4559,11.5649,2.36195
3198002.0,21.4519,11.6595,5.38269
3206002.0,23.2547,11.9001,8.5581
3214002.0,24.6061,12.0308,11.3354
3222002.0,26.3059,11.9244,14.8563
3230002.0,27.704,11.8777,17.8173
3238002.0,28.0642,11.7582,20.9074
3246002.0,28.3889,11.7668,23.8849
3254002.0,28.9507,11.9395,26.2005
3262002.0,29.2003,11.8592,28.5446
3270002.0,29.2494,12.1196,31.1163
3278002.0,29.430999999999997,12.4429,33.2249
3286002.0,30.0477,12.5388,35.2768
3294002.0,29.9361,12.3179,37.2175
3302002.0,30.3016,12.263,40.9013
3310002.0,30.9908,12.4301,42.8268
3318002.0,30.8314,12.5002,45.4409
3326002.0,32.4006,12.8347,48.297
3334002.0,34.3102,12.9396,1.62859
3342002.0,35.0548,13.4264,4.93686
3350002.0,35.5698,13.9232,7.35889
3358002.0,36.946,13.955,10.2984
3366002.0,39.6318,14.2969,13.9568
3374002.0,41.0248,14.5575,17.5002
3382002.0,41.915,14.8252,20.8918
3390002.0,44.0223,14.9189,22.671999999999997
3398002.0,45.0228,15.2549,26.2808
3406002.0,45.8715,15.3193,29.9057
3414002.0,48.4801,15.663,33.3721
3422002.0,0.8932260000000001,15.7894,35.9725
3430002.0,2.54252,16.0746,39.6887
3438002.0,3.5733699999999997,16.3006,43.323
3446002.0,4.90886,16.2461,46.3943
3454002.0,5.75619,15.6195,49.3182
3462002.0,6.976030000000001,16.111,3.21645
3470002.0,6.46926,16.9817,6.27691
3478002.0,6.889419999999999,17.8217,10.2698
3486002.0,7.15539,18.0742,14.9871
3494002.0,9.01309,17.7845,19.4323
3502002.0,8.905669999999999,17.7063,22.8061
3510002.0,9.23253,17.3431,27.0513
3518002.0,9.121960000000001,17.4976,30.2519
3526002.0,10.1338,17.16,34.4978
3534002.0,10.4283,17.1189,37.9914
3542002.0,10.2993,17.0761,42.2698
3550002.0,10.6859,16.9808,45.0935
3558002.0,10.9014,16.8098,47.7285
3566002.0,10.8339,16.6205,1.00039
3574002.0,11.0712,16.3332,5.71075
3582002.0,11.2946,15.9993,10.1224
3590002.0,11.8148,15.745999999999999,15.3425
3598002.0,12.3713,16.0813,19.7762
3606002.0,13.3538,15.964,23.1624
3614002.0,14.9077,15.4125,25.2098
3622002.0,16.3908,16.2628,26.8684
3630002.0,15.2265,16.9491,30.8558
3638002.0,15.3976,17.1326,34.5069
3646002.0,16.6738,16.7197,37.4134
3654002.0,17.293,17.3215,40.1705
3662002.0,17.642,17.5706,44.5913
3670002.0,18.4696,17.9363,48.1541
3678002.0,19.4755,17.6592,2.79999
3686002.0,19.8877,17.4379,6.49311
3694002.0,20.4821,17.0295,10.495999999999999
3702002.0,20.9961,16.2833,14.0581
3710002.0,21.6614,15.6559,17.3328
3718002.0,21.8547,14.8668,20.6023
3726002.0,21.665,14.7185,23.9259
3734002.0,22.0968,14.1206,27.4823
3742002.0,22.7083,13.5516,29.6105
3750002.0,23.3947,13.4625,31.9279
3758002.0,24.3858,13.5574,34.3302
3766002.0,25.2584,13.9478,36.905
3774002.0,26.1719,14.1597,39.4052
3782002.0,27.2107,14.1392,41.7736
3790002.0,28.6362,14.027000000000001,45.0403
3798002.0,28.945999999999998,14.404000000000002,47.4511
3806002.0,30.1634,14.5807,0.52044
3814002.0,32.8754,14.9213,2.35984
3822002.0,33.1082,15.1668,4.40229
3830002.0,33.7332,15.7617,7.275919999999999
3838002.0,34.7305,16.4507,11.4227
3846002.0,35.2221,16.7722,15.3804
3854002.0,35.1917,17.0103,18.9856
3862002.0,34.9712,17.0931,21.9815
3870002.0,35.4776,17.3675,26.1251
3878002.0,36.0465,17.4124,30.4645
3886002.0,36.919000000000004,16.81,33.3599
3894002.0,37.5115,16.5711,36.486
3902002.0,37.5045,17.1533,40.0797
3910002.0,38.0981,17.645,44.5952
3918002.0,39.7857,17.5569,0.137199
3926002.0,41.763000000000005,17.1825,2.45905
3934002.0,43.5143,17.9971,4.84553
3942002.0,44.6908,18.3981,8.41034
3950002.0,45.4235,19.1115,13.0326
3958002.0,46.1868,19.4093,17.5903
3966002.0,47.5702,19.5369,20.9196
3974002.0,49.0138,20.0199,25.7613
3982002.0,49.031000000000006,20.1456,28.2372
3990002.0,0.34066599999999997,20.0103,31.6124
3998002.0,2.13708,19.8468,34.693000000000005
4006002.0,2.90417,20.4442,36.8226
4014002.0,4.04099,21.0002,40.6739
4022002.0,5.7162,21.2058,43.5858
4030002.0,6.1519699999999995,20.9313,47.2316
4038002.0,7.80932,21.3975,0.333328
4046002.0,9.79747,21.6391,3.8573800000000005
4054002.0,10.7252,22.0232,7.785660000000001
4062002.0,12.1466,22.4729,12.4256
4070002.0,12.731,22.4155,16.2945
4078002.0,13.4689,22.4404,20.6985
4086002.0,14.1115,22.5583,24.4414
4094002.0,14.6285,22.5159,28.1671
4102002.0,15.9328,22.336,31.3507
4110002.0,16.7099,22.5362,34.6129
4118002.0,17.9993,22.3664,37.7357
4126002.0,19.2101,22.6745,41.685
4134002.0,19.7662,22.6597,44.4874
4142002.0,20.5759,23.07,47.7203
4150002.0,22.4827,23.4941,2.41699
4158002.0,24.2422,23.4277,6.57101
4166002.0,25.0493,23.4614,10.6592
4174002.0,26.0974,23.451,15.4865
4182002.0,28.0231,22.9787,19.0065
4190002.0,29.9692,22.8911,23.1193
4198002.0,31.3744,22.8875,28.1969
4206002.0,32.802,23.1787,32.7485
4214002.0,34.0885,23.4726,38.198
4222002.0,35.5828,23.9495,43.0225
4230002.0,37.3898,23.9439,46.8266
4238002.0,40.0234,23.9413,2.12533
4246002.0,42.3313,24.164,6.42526
4254002.0,44.5569,24.0376,11.0088
4262002.0,45.6504,23.967,16.1553
4270002.0,46.8835,24.1742,20.1157
4278002.0,48.373999999999995,24.0038,24.7171
4286002.0,0.0975673,24.2427,29.1118
4294002.0,1.1185100000000001,24.429000000000002,32.7466
4302002.0,2.4697299999999998,24.9318,36.5254
4310002.0,3.57116,24.9872,40.9811
4318002.0,4.155130000000001,25.2644,43.4713
4326002.0,5.807919999999999,24.4105,46.7136
4334002.0,5.48336,25.1161,0.26910500000000004
4342002.0,5.8375699999999995,24.6237,3.73135
4350002.0,5.8566,24.4251,7.34503
4358002.0,5.98517,24.4262,11.48
4366002.0,6.60027,24.71,15.0252
4374002.0,6.988460000000001,24.8692,17.9362
4382002.0,7.74166,24.7213,21.744
4390002.0,8.63133,24.6879,26.5857
4398002.0,9.0285,24.468000000000004,32.35
4406002.0,9.76033,24.5881,37.5199
4414002.0,10.3905,24.763,41.6142
4422002.0,10.7029,25.0369,45.9092
4430002.0,10.1894,24.974,1.28579
4438002.0,10.4815,24.8869,5.8496
4446002.0,11.0205,24.6381,9.23462
4454002.0,11.7517,24.6634,13.8765
4462002.0,12.9313,25.0619,18.424
4470002.0,14.3527,24.6747,22.9175
4478002.0,15.2804,24.2293,25.7655
4486002.0,16.1486,24.4403,29.3295
4494002.0,17.1713,24.4003,33.3185
4502002.0,18.7661,24.4495,37.1142
4510002.0,19.0386,23.4307,40.9544
4518002.0,19.1766,21.7472,43.5872
4526002.0,18.3893,25.807,49.4095
4534002.0,21.9372,27.8231,4.06804
4542002.0,23.1398,26.7289,7.838480000000001
4550002.0,24.5539,28.596999999999998,10.7607
4558002.0,26.4532,29.7992,16.2328
4566002.0,26.9214,30.0615,20.5056
4574002.0,28.9477,31.7555,25.5051
4582002.0,30.5012,32.7521,29.7732
4590002.0,32.6288,32.8192,33.1326
4598002.0,34.5401,32.9373,37.8669
4606002.0,35.8098,32.855,40.732
4614002.0,37.4647,32.6685,44.3047
4622002.0,37.8405,32.7493,46.8709
4630002.0,39.0321,33.0072,0.109126
4638002.0,40.0862,32.5785,2.62748
4646002.0,41.1029,33.0325,8.64927
4654002.0,41.3611,33.0479,11.9223
4662002.0,43.1786,32.709,15.1058
4670002.0,44.0574,32.6614,18.7699
4678002.0,44.4037,33.3605,22.9019
4686002.0,45.7886,33.8507,27.3652
4694002.0,45.9577,34.0464,31.5834
4702002.0,47.1627,34.1438,34.6789
4710002.0,48.6191,34.7615,38.1758
4718002.0,49.4085,34.8859,42.4365
4726002.0,0.103225,34.9359,46.4254
4734002.0,1.49264,34.7822,0.698751
4742002.0,2.1147400000000003,34.8543,4.82788
4750002.0,2.48031,34.9598,8.61542
4758002.0,3.11455,35.1201,12.0566
4760002.0,3.24748,35.1829,12.9337
4768002.0,2.79394,35.7716,17.6271
4776002.0,1.23755,34.8425,17.8027
4784002.0,3.57809,33.6299,21.4785
4792002.0,4.27386,33.303000000000004,25.4291
4800002.0,5.12186,33.461,29.7353
4808002.0,6.42315,33.1013,33.577
4816002.0,8.98109,32.9828,37.7362
4824002.0,12.2633,32.6742,40.9413
4832002.0,15.9192,32.966,45.2992
4840002.0,18.919,32.3614,0.42728999999999995
4848002.0,21.5815,31.5905,3.25085
4856002.0,28.67,32.3229,7.3666100000000005
4864002.0,23.5617,35.1557,17.4905
4872002.0,28.1857,34.2911,22.1643
4880002.0,25.6387,32.5303,24.0512
4888002.0,27.5313,32.5421,27.389
4896002.0,34.7174,30.1137,29.9412
4904002.0,34.4123,31.8738,27.3773
4912002.0,33.8665,32.0966,30.955
4920002.0,0.26611599999999996,29.23,31.076
4928002.0,3.6229,22.0424,27.4997
4936002.0,7.602519999999999,25.9361,32.2738
4944002.0,7.65885,26.5397,35.9438
4952002.0,8.77052,26.5874,39.7516
4960002.0,8.79085,27.0188,44.1256
4968002.0,9.37931,27.2561,47.849
4976002.0,10.4428,27.3092,3.1240900000000003
4984002.0,10.9829,27.4917,7.821689999999999
4992002.0,11.8087,27.5629,11.517999999999999
5000002.0,13.1037,27.7085,16.3039
5008002.0,13.6874,28.4469,20.9932
5016002.0,14.0577,28.7516,24.1382
5024002.0,13.6446,29.2369,28.1459
5032002.0,13.9359,29.4787,32.8309
5040002.0,15.0346,30.0055,37.376999999999995
5048002.0,15.5049,30.1552,40.3834
5056002.0,16.55,30.3559,44.582
5064002.0,17.7744,30.4186,49.0287
5072002.0,19.1965,30.6392,3.3473300000000004
5080002.0,20.0838,31.1116,8.33963
5088002.0,21.0937,31.2888,13.3041
5096002.0,23.2898,31.5887,18.8727
5104002.0,24.7058,31.5367,24.3763
5112002.0,25.2477,31.3773,28.568
5120002.0,26.4193,31.5354,33.8091
5128002.0,28.3296,31.8808,38.9013
5136002.0,28.4026,32.2086,43.6333
5144002.0,29.2451,32.4262,48.8638
5152002.0,29.9823,32.3373,4.30056
5160002.0,30.9185,32.1994,10.0813
5168002.0,31.3093,32.0186,15.7137
5176002.0,31.9464,31.8003,20.8214
5184002.0,32.4875,31.6718,25.6856
5192002.0,33.3951,31.8517,30.4351
5200002.0,34.0515,31.7513,35.7414
5208002.0,34.9485,31.4399,39.5983
5216002.0,36.1375,31.1152,44.7695
5224002.0,37.1189,30.871,48.8551
5232002.0,37.6122,30.8888,4.40116
5240002.0,38.296,30.7598,9.37358
5248002.0,38.7056,30.9657,13.0129
5256002.0,39.3342,31.3011,16.761
5264002.0,40.8311,31.1539,21.8905
5272002.0,41.4717,31.4783,26.359
5280002.0,42.9457,31.3337,31.3019
5288002.0,42.887,31.4492,35.1211
5296002.0,43.9639,31.2215,39.3896
5304002.0,44.782,31.1199,43.9151
5312002.0,47.3643,31.1506,48.0176
5320002.0,47.7462,31.0148,2.6680599999999997
5328002.0,48.566,30.8433,5.6279
5336002.0,1.07876,30.3439,9.913889999999999
5344002.0,2.6684400000000004,30.0069,13.6329
5352002.0,3.2086900000000003,30.0868,17.8398
5360002.0,4.0140400000000005,29.7599,20.7531
5368002.0,4.8377,29.6801,25.7933
5376002.0,5.2743400000000005,29.3535,29.7663
5384002.0,7.07119,29.2137,34.889
5392002.0,7.014660000000001,28.8564,37.9787
5400002.0,7.84006,28.4424,41.8805
5408002.0,8.02716,28.1111,45.6499
5416002.0,8.812439999999999,28.4946,0.6322810000000001
5424002.0,9.520669999999999,28.3199,4.39096
5432002.0,10.0636,27.9016,8.07322
5440002.0,11.4511,28.0568,11.0693
5448002.0,12.3213,28.5522,14.7416
5456002.0,12.8676,28.6573,19.7987
5464002.0,14.0704,28.9943,24.3224
5472002.0,13.9813,29.2745,29.6237
5480002.0,15.3654,30.389,33.9402
5488002.0,16.4586,30.2531,37.9182
5496002.0,17.6203,30.9159,41.888000000000005
5504002.0,18.1087,30.9092,46.364
5512002.0,19.1234,31.3222,0.885358
5520002.0,20.0022,31.4112,5.0444
5528002.0,21.4278,31.6158,9.14362
5536002.0,21.6808,31.671,13.3531
5544002.0,21.7745,31.6194,17.8236
5552002.0,22.4116,31.6479,21.8721
5560002.0,23.0684,31.7278,26.302
5568002.0,24.2219,31.3068,30.5306
5576002.0,24.8053,31.1,32.9923
5584002.0,25.5747,31.483,38.3347
5592002.0,25.7459,31.5351,42.8819
5600002.0,26.0311,31.6335,47.7632
5608002.0,26.2479,31.8415,1.5520100000000001
5616002.0,26.7167,32.2023,6.19883
5624002.0,26.8684,32.1929,10.1854
5632002.0,27.8489,32.6748,14.6909
5640002.0,29.7119,33.0443,18.9364
5648002.0,30.8435,33.0796,24.0183
5656002.0,31.1772,33.2044,28.433000000000003
5664002.0,31.3378,33.4297,33.096
5672002.0,32.3579,33.5994,37.499
5680002.0,32.5167,33.3326,41.8934
5688002.0,32.8766,33.5295,46.2347
5696002.0,33.2703,33.6464,1.2032399999999999
5704002.0,34.0417,33.4452,5.88131
5712002.0,34.1251,33.3585,10.6222
5720002.0,34.1129,33.3172,15.5944
5728002.0,34.5351,33.0742,20.1135
5736002.0,34.76,33.2927,25.1638
5744002.0,35.1821,33.6285,30.2797
5752002.0,35.1284,33.6678,35.3461
5760002.0,35.6562,33.6217,39.4571
5768002.0,37.416,33.6495,43.7848
5776002.0,38.529,33.6284,48.7494
5784002.0,39.0166,33.7881,4.41068
5792002.0,39.3803,34.39,9.79631
5800002.0,39.8218,34.6542,15.1631
5808002.0,41.2212,34.9255,19.9679
5816002.0,42.3104,34.8952,24.926
5824002.0,42.7081,35.0372,29.0545
5832002.0,43.4538,34.8983,33.2648
5840002.0,44.3378,34.8185,38.0853
5848002.0,45.8517,35.2097,42.6503
5856002.0,46.7614,35.3185,48.3083
5864002.0,48.0272,35.4165,3.57116
5872002.0,48.2964,35.3817,8.30868
5880002.0,48.861999999999995,35.1951,13.1061
5888002.0,49.0951,34.889,18.3949
5896002.0,0.710058,35.1213,23.3672
5904002.0,1.5852899999999999,35.2746,28.0535
5912002.0,2.38633,35.2235,33.1535
5920002.0,2.93509,35.1915,38.2376
5928002.0,3.42191,35.1084,43.3626
5936002.0,3.3028199999999996,35.2561,48.2691
5944002.0,3.67087,35.3435,3.80675
5952002.0,3.9722699999999995,35.5172,8.49093
5960002.0,4.22741,35.5581,13.0288
5968002.0,4.6073,35.5197,17.7216
5976002.0,4.97739,35.7117,22.8
5984002.0,5.22425,35.4889,27.433000000000003
5992002.0,5.48416,35.2476,33.3132
6000002.0,5.87397,35.3242,38.4545
6008002.0,5.63649,35.5461,43.1825
6016002.0,5.96362,35.5793,47.5565
6024002.0,5.8575,35.4624,3.09635
6032002.0,5.9412,35.359,7.635680000000001
6040002.0,6.16451,35.2659,12.3111
6048002.0,6.918819999999999,35.3176,17.0991
6056002.0,7.23687,35.1865,21.9108
6064002.0,7.60687,35.2534,27.3694
6072002.0,7.80017,34.9675,31.9741
6080002.0,8.61787,34.939,36.8177
6088002.0,9.34867,35.0758,41.7215
6096002.0,9.40681,35.2765,45.9012
6104002.0,9.7236,35.4903,0.588723
6112002.0,10.085,35.373000000000005,5.43842
6120002.0,10.0637,35.5503,10.1044
6128002.0,10.4832,35.6301,15.6173
6136002.0,10.7224,35.7312,20.2672
6144002.0,10.5426,35.8488,25.3363
6152002.0,10.7863,35.5925,30.4663
6160002.0,11.2763,35.8217,36.0984
6168002.0,12.3235,35.6609,40.9589
6176002.0,12.5305,35.4086,46.2914
6184002.0,12.4568,35.3831,0.9382469999999999
6192002.0,12.7205,35.5196,5.770230000000001
6200002.0,12.7582,35.5234,10.3043
6208002.0,12.9022,36.0227,15.1388
6216002.0,13.7316,35.9625,20.0244
6224002.0,14.0314,36.1355,25.1298
6232002.0,14.725,36.04,30.0757
6240002.0,15.56,36.0382,35.465
6248002.0,16.8087,35.911,40.3543
6256002.0,18.0599,35.7897,45.3004
6264002.0,19.227999999999998,35.9281,0.75339
6272002.0,20.1232,36.0863,4.96001
6280002.0,20.0381,35.9783,9.43651
6288002.0,20.2589,36.0779,14.6681
6296002.0,20.36,36.2509,19.1415
6304002.0,21.0052,36.3002,23.927
6312002.0,21.864,36.0828,28.5937
6320002.0,22.793000000000003,35.741,33.1739
6328002.0,24.5489,35.6109,38.2747
6336002.0,24.7233,35.4612,43.2432
6344002.0,24.888,35.1792,47.8641
6352002.0,24.703000000000003,35.0709,3.05308
6360002.0,24.7019,34.959,7.78937
6368002.0,24.9818,34.8548,12.8781
6376002.0,25.2829,34.8778,17.8486
6384002.0,25.5541,34.7976,23.1831
6392002.0,25.4099,34.6039,27.5023
6400002.0,25.1987,34.5981,32.823
6408002.0,25.5334,34.4875,37.6397
6416002.0,25.933000000000003,34.7999,42.3918
6424002.0,25.4633,34.7995,47.5439
6432002.0,25.6077,34.5841,2.1569700000000003
6440002.0,25.5383,34.3727,5.6124
6448002.0,26.1478,33.9209,9.57832
6456002.0,27.7257,33.6723,14.0262
6464002.0,28.9326,33.5335,18.7022
6472002.0,29.3721,33.7185,24.5922
6480002.0,29.5998,33.6391,29.0321
6488002.0,29.834,33.5343,32.8523
6496002.0,29.3732,33.9418,38.2936
6504002.0,30.1079,34.0677,43.409
6512002.0,30.4128,34.1696,48.3727
6520002.0,30.686999999999998,33.8872,4.04455
6528002.0,31.1228,33.6347,9.28238
6536002.0,31.9859,33.7059,14.3311
6544002.0,31.9781,33.8628,18.4359
6552002.0,32.6462,33.5635,22.322
6560002.0,33.0683,33.8554,26.9808
6568002.0,34.296,33.9611,31.4704
6576002.0,36.0731,34.5368,36.9426
6584002.0,37.3056,34.8582,42.778999999999996
6592002.0,38.8534,34.9561,47.7708
6600002.0,39.9747,34.9926,3.05538
6608002.0,41.5677,34.9089,8.6603
6616002.0,43.2971,34.9804,13.0912
6624002.0,45.9371,35.0434,17.2124
6632002.0,47.48,35.2662,22.3794
6640002.0,47.8693,35.0909,27.8566
6648002.0,49.2073,35.0528,32.3223
6656002.0,0.603893,35.0906,37.3295
6664002.0,1.7284700000000002,34.9916,41.523
6672002.0,3.5660199999999995,34.9619,46.3691
6680002.0,4.364730000000001,34.5103,2.91319
6688002.0,5.52104,33.9391,8.48255
6696002.0,7.148510000000001,34.7118,13.0476
6704002.0,8.15144,35.5199,17.9467
6712002.0,10.3959,36.0983,22.2469
6720002.0,12.1966,35.7233,25.9873
6728002.0,13.5328,35.8629,30.4194
6736002.0,13.8841,36.398,34.4343
6744002.0,14.1108,36.478,39.0788
6752002.0,14.845999999999998,35.6805,45.4665
6760002.0,15.0779,35.5785,1.56925
6768002.0,14.3745,35.4892,7.22242
6776002.0,16.7627,39.4203,6.674939999999999
6784002.0,18.4495,39.796,11.3159
6792002.0,18.8584,40.0803,15.769
6800002.0,19.827,40.5759,19.9196
6808002.0,20.1764,40.937,24.2503
6816002.0,20.0171,41.2142,29.1202
6824002.0,20.8099,41.3306,33.5925
6832002.0,22.129,41.79,38.4916
6840002.0,22.4512,41.7824,43.6093
6848002.0,23.0349,41.7797,48.0319
6856002.0,23.5819,42.1608,3.30849
6864002.0,23.7937,42.4487,8.63062
6872002.0,24.4063,42.4254,13.6377
6880002.0,25.2293,42.0373,18.1791
6888002.0,25.2626,42.0372,23.4428
6896002.0,25.6927,41.5779,27.5832
6904002.0,26.2814,41.5272,31.9042
6912002.0,27.4152,41.2767,36.7221
6920002.0,27.9561,41.4514,41.5125
6928002.0,29.0108,41.1551,46.2479
6936002.0,29.6529,40.6838,0.45768100000000006
6944002.0,31.0355,41.0856,4.49656
6952002.0,33.2231,40.7862,8.22218
6960002.0,34.4259,40.5983,11.2685
6968002.0,35.08,40.3256,15.5108
6976002.0,36.84,41.2971,20.5549
6984002.0,36.2198,40.8929,25.1321
6992002.0,38.1011,41.7783,30.5187
7000002.0,38.4163,41.7081,34.5553
7008002.0,39.27,42.2345,39.2756
7016002.0,39.9787,42.01,43.5169
7024002.0,39.3021,41.2536,48.0899
7032002.0,40.1298,41.0259,2.33184
7040002.0,40.4968,41.1563,6.376869999999999
7048002.0,40.9879,41.1398,11.1331
7056002.0,41.6351,41.0038,15.5277
7064002.0,43.2952,41.1138,19.7283
7072002.0,44.2827,41.0873,23.7483
7080002.0,45.032,41.2017,28.3197
7088002.0,45.3882,41.2766,32.8668
7096002.0,45.0347,40.9969,36.5879
7104002.0,45.4046,40.8085,40.2221
7112002.0,45.9859,40.9833,45.5367
7120002.0,47.4616,40.9368,0.481771
7128002.0,47.7867,40.8972,5.26438
7136002.0,47.925,40.8984,10.2859
7144002.0,48.0132,41.0939,15.1612
7152002.0,48.4153,41.0539,19.7618
7160002.0,0.158986,40.8554,23.9408
7168002.0,0.14213599999999998,40.6795,27.9784
7176002.0,0.293178,40.6535,32.2698
7184002.0,1.1004200000000002,40.5691,36.9397
7192002.0,1.08633,40.6772,41.9517
7200002.0,2.0213799999999997,40.429,47.2907
7204002.0,1.7695599999999998,40.3116,49.1656
7212002.0,3.84081,40.4345,5.2596300000000005
7220002.0,5.1913,40.3075,9.24691
7228002.0,5.42704,40.2254,13.352
7236002.0,5.97722,40.3576,17.5659
7244002.0,6.329680000000001,40.3041,22.521
7252002.0,6.2372,39.9742,27.7952
7260002.0,7.26593,40.4604,32.7051
7268002.0,7.391710000000001,40.6042,37.3439
7276002.0,8.06123,40.6378,41.9573
7284002.0,8.02074,40.7652,47.2825
7292002.0,8.275269999999999,40.84,2.46231
7300002.0,9.053189999999999,40.9688,7.58665
7308002.0,10.017000000000001,41.6167,13.6573
7316002.0,9.85874,41.6888,17.9654
7324002.0,10.3078,41.9233,22.0474
7332002.0,10.389000000000001,42.0322,26.9873
7340002.0,10.9772,42.3643,31.1079
7348002.0,11.1992,42.8088,35.3577
7356002.0,11.7925,42.9834,38.9558
7364002.0,12.5734,43.0236,42.7003
7372002.0,13.0029,42.9618,47.1756
7380002.0,13.0212,43.0217,1.98934
7388002.0,13.1275,43.1789,6.56998
7396002.0,13.0626,42.9094,11.0541
7404002.0,13.2253,42.8476,15.7273
7412002.0,13.8629,42.4859,20.46
7420002.0,14.2197,42.6707,25.0701
7428002.0,14.3194,42.6071,29.9057
7436002.0,14.5598,42.4989,34.499
7444002.0,14.7504,42.6871,39.3736
7452002.0,15.0109,42.8798,44.1075
7460002.0,15.2847,42.9786,48.6847
7468002.0,15.3935,43.0111,4.05294
7476002.0,15.5626,42.9386,8.670160000000001
7484002.0,15.9849,42.8705,13.7093
7492002.0,16.5268,42.8328,18.4332
7500002.0,16.7533,43.1313,23.5842
7508002.0,17.5973,43.0031,28.3998
7516002.0,17.6907,43.2504,33.6808
7524002.0,17.4238,43.199,38.5504
7532002.0,17.4349,43.3856,43.7457
7540002.0,17.7054,43.5209,48.9196
7548002.0,17.5935,43.2151,3.5347800000000005
7556002.0,17.8616,43.0664,8.783710000000001
7564002.0,18.359,43.0263,13.2918
7572002.0,18.6323,43.3075,17.9802
7580002.0,18.4237,43.481,22.9264
7588002.0,18.6735,43.4064,27.8991
7596002.0,19.2777,43.356,32.346
7604002.0,19.8476,43.5032,37.5446
7612002.0,19.9466,43.4453,42.4912
7620002.0,19.7621,43.4402,47.0565
7628002.0,19.9698,43.2837,2.18836
7636002.0,20.4628,43.2041,6.585660000000001
7644002.0,20.5853,43.0319,11.084000000000001
7652002.0,20.8089,43.0565,15.5909
7660002.0,20.9362,42.9939,20.332
7668002.0,22.2446,42.8426,25.3568
7676002.0,22.8139,43.7056,31.0275
7684002.0,22.6888,44.0477,35.4326
7692002.0,23.551,44.0961,40.6833
7700002.0,23.643,44.0659,45.2882
7708002.0,23.6576,44.076,0.761308
7716002.0,23.8765,43.9994,5.77001
7724002.0,24.3668,43.7369,10.2972
7732002.0,25.1627,43.5058,15.3659
7740002.0,26.7307,43.5356,20.3143
7748002.0,26.9172,43.4087,24.8428
7756002.0,28.0112,43.6733,29.7861
7764002.0,29.2371,43.8295,35.0255
7772002.0,29.3298,43.9595,39.4738
7780002.0,29.9216,43.8873,44.0788
7788002.0,30.1559,43.9356,48.9678
7796002.0,30.5069,43.9251,4.72763
7804002.0,30.4142,44.0462,9.80143
7812002.0,30.9172,43.9084,15.0423
7820002.0,31.323,43.8183,19.9939
7828002.0,31.746,43.7457,25.4231
7836002.0,32.2545,43.3724,30.4595
7844002.0,32.698,43.4634,35.1314
7852002.0,32.6963,43.5696,40.0812
7860002.0,32.9859,43.6073,45.3378
7868002.0,33.1711,43.6604,0.830844
7876002.0,33.5915,43.9203,5.9791099999999995
7884002.0,34.219,44.0939,10.9778
7892002.0,35.316,44.1713,16.160999999999998
7900002.0,35.9559,44.1079,20.6567
7908002.0,36.2,44.0606,25.3536
7916002.0,36.5902,44.0675,30.0631
7924002.0,37.2138,43.979,34.1914
7932002.0,37.0127,44.263999999999996,38.8504
7940002.0,37.0416,44.3484,43.3239
7948002.0,37.5481,44.0217,48.369
7956002.0,38.2743,43.915,2.3481799999999997
7964002.0,39.4069,44.0109,7.324489999999999
7972002.0,39.0722,44.2356,12.6835
7980002.0,38.9748,44.1986,17.7902
7988002.0,38.5051,44.1519,22.9872
7996002.0,38.7631,43.7299,29.0694
