2.0,33.569,17.495,42.8095
8002.0,37.4203,17.3503,44.0155
16002.0,39.0676,17.4204,46.6185
24002.0,39.4065,17.3577,0.961443
32002.0,39.4716,16.8311,2.89468
40002.0,40.8945,16.4963,5.252000000000001
48002.0,42.0217,15.6304,10.1265
56002.0,42.0176,15.4995,13.6506
64002.0,41.6101,15.0172,15.8141
72002.0,41.9571,14.5933,17.7719
80002.0,41.7853,14.3099,19.99
88002.0,42.4685,14.1374,23.3368
96002.0,42.9632,14.2734,26.0439
104002.0,43.2584,14.277000000000001,28.6725
112002.0,43.6567,14.179,29.9852
120002.0,44.0844,14.177999999999999,31.2761
128002.0,44.3144,14.2246,33.577
136002.0,45.876999999999995,14.5934,36.3703
144002.0,46.5766,14.8086,37.6432
152002.0,47.768,14.5746,39.3113
160002.0,2.18951,14.100999999999999,41.4718
168002.0,2.8588,13.618,43.3021
176002.0,2.9718400000000003,13.3401,44.8103
184002.0,3.4961900000000004,13.3146,46.7936
192002.0,4.00264,13.0513,49.1901
200002.0,4.92211,13.009,2.0066900000000003
208002.0,5.80661,13.2683,4.8214
216002.0,6.464840000000001,13.4331,8.189119999999999
224002.0,6.65672,13.7112,12.2498
232002.0,7.33512,13.6229,15.9718
240002.0,8.08423,13.478,19.0799
248002.0,8.74962,13.0017,22.1058
256002.0,9.710460000000001,12.4884,26.0498
264002.0,10.4411,11.9249,28.5853
272002.0,12.0092,11.7395,30.9177
280002.0,12.794,11.7342,33.0781
288002.0,13.4195,11.4397,36.5028
296002.0,13.6714,11.533,39.2425
304002.0,14.8002,11.5077,42.1775
312002.0,16.0649,11.4938,45.2042
320002.0,17.7823,11.4745,48.2694
328002.0,19.5294,11.4954,1.56271
336002.0,20.9942,11.7393,4.85647
344002.0,21.8178,11.7397,8.15249
352002.0,22.7845,12.1844,10.5756
360002.0,23.9038,12.418,12.7591
368002.0,25.0638,12.1932,14.8876
376002.0,25.4533,12.0735,17.0795
384002.0,26.6367,12.2616,18.5857
392002.0,26.9771,12.3978,21.0043
400002.0,27.4042,12.095999999999998,24.7091
408002.0,27.9142,12.1563,28.5075
416002.0,28.5096,12.0083,30.9162
424002.0,29.7231,11.7499,34.1717
432002.0,30.6391,11.5822,35.8163
440002.0,31.7084,11.3181,39.3479
448002.0,32.658,11.2969,41.6984
456002.0,32.8034,11.5375,43.8955
464002.0,33.1517,12.1787,45.2224
472002.0,33.741,11.5152,48.2876
480002.0,35.5557,11.3642,1.18545
488002.0,38.1521,11.725,3.1931700000000003
496002.0,40.4851,12.065,5.300730000000001
504002.0,40.4253,11.8995,7.24909
512002.0,41.4446,12.1927,9.248339999999999
520002.0,43.2789,11.5119,10.6193
528002.0,44.7237,12.7173,14.1172
536002.0,45.147,12.2809,16.6235
544002.0,46.1636,12.8978,19.0384
552002.0,48.4231,12.7206,20.7715
560002.0,0.798926,12.9574,22.2407
568002.0,1.4391,13.3224,24.1353
576002.0,1.68583,13.8943,27.0467
584002.0,2.4412,13.88,30.2333
592002.0,3.4622599999999997,14.2484,32.0782
600002.0,4.42379,14.3748,34.4225
608002.0,5.061730000000001,14.6581,36.3697
616002.0,5.18393,15.3061,40.4558
624002.0,5.59746,15.1987,43.3136
632002.0,5.63164,15.1248,46.1969
640002.0,6.44,15.0596,49.027
648002.0,7.22311,14.6448,1.54786
656002.0,7.668769999999999,14.5862,4.28691
664002.0,7.554710000000001,15.4422,7.00144
672002.0,8.11708,15.6056,10.873
680002.0,8.96241,16.1482,14.0957
688002.0,9.988,16.4321,18.1726
696002.0,10.6428,16.3777,20.6659
704002.0,11.0789,16.1416,24.6916
712002.0,12.1955,15.9127,28.339000000000002
720002.0,13.0908,15.8703,30.7425
728002.0,13.3296,15.5462,33.0612
736002.0,13.8844,15.462,34.545
744002.0,14.4734,15.081,35.9969
752002.0,14.445,14.3741,38.2182
760002.0,15.0138,14.2644,41.0096
768002.0,15.7807,14.3254,43.6413
776002.0,16.3137,14.4132,47.8035
784002.0,16.4312,14.6237,0.777619
792002.0,17.1262,14.4384,2.7326200000000003
800002.0,17.5115,13.7482,6.0083
808002.0,18.2836,13.0988,8.0609
816002.0,19.5945,13.1519,10.8233
824002.0,20.9837,12.904000000000002,13.2251
832002.0,22.7108,13.1274,15.9023
840002.0,23.3405,13.0562,18.2809
848002.0,24.2944,12.8172,20.8564
856002.0,26.8269,12.8517,23.923000000000002
864002.0,28.2755,12.9126,26.0444
872002.0,28.2762,13.1119,28.2764
880002.0,28.7359,13.0473,31.7652
888002.0,30.0182,12.8348,34.8133
896002.0,31.559,13.0074,37.1558
904002.0,32.7204,13.0077,40.5324
912002.0,34.4892,12.9997,42.6017
920002.0,35.6732,12.8608,45.4546
928002.0,35.7392,13.6455,48.8461
936002.0,36.6419,13.6416,1.08025
944002.0,37.0547,13.7237,3.20897
952002.0,38.8035,13.2248,5.24086
960002.0,39.1902,12.8942,7.77468
968002.0,39.5681,12.6439,9.96387
976002.0,41.1347,13.4351,12.3146
984002.0,42.3928,13.6675,14.8298
992002.0,42.9679,13.919,17.3082
1000002.0,43.9824,13.3456,19.7893
1008002.0,45.0028,13.3529,22.5982
1016002.0,45.3598,14.113,26.3736
1024002.0,46.6043,13.4056,28.526999999999997
1032002.0,47.2114,13.5667,29.78
1040002.0,48.4153,13.622,33.2001
1048002.0,48.6689,14.2644,36.4374
1056002.0,49.1155,14.389000000000001,39.385999999999996
1064002.0,0.0355093,14.4488,43.8866
1072002.0,0.746423,13.9403,47.4437
1080002.0,1.35965,13.2376,0.24261799999999997
1088002.0,1.85074,12.4455,3.93281
1096002.0,2.81852,12.4913,6.47307
1104002.0,3.8957800000000002,12.3296,9.406889999999999
1112002.0,4.548019999999999,12.6799,13.5663
1120002.0,5.5263,12.5672,16.7221
1128002.0,6.909789999999999,12.6825,19.3872
1136002.0,8.63075,12.3944,22.6847
1144002.0,9.99691,12.6506,25.1841
1152002.0,11.8415,12.5334,28.8095
1160002.0,13.0529,12.9736,31.7595
1168002.0,14.5664,11.5235,33.9865
1176002.0,15.724,11.7398,36.6032
1184002.0,16.1484,12.1875,39.5126
1192002.0,16.7317,12.5239,42.1927
1200002.0,17.3765,13.0417,44.9222
1208002.0,19.743,12.872,47.0332
1216002.0,21.5987,12.4603,48.3524
1224002.0,23.315,12.5166,1.7257799999999999
1232002.0,25.7021,12.8129,4.654719999999999
1240002.0,27.0136,12.9245,7.355010000000001
1248002.0,27.7566,13.2792,11.0299
1256002.0,29.6096,13.2494,13.3313
1264002.0,31.62,13.7351,16.8876
1272002.0,32.9541,13.7295,20.6492
1280002.0,35.1537,14.630999999999998,24.165
1288002.0,36.5759,16.1429,25.9612
1296002.0,36.7962,15.683,29.73
1304002.0,38.7458,15.9924,31.7947
1312002.0,39.2299,16.0499,34.815
1320002.0,40.5197,15.7835,37.4489
1328002.0,40.5954,15.7006,39.7034
1336002.0,41.5406,15.6473,41.8852
1344002.0,42.5162,15.6815,43.6578
1352002.0,43.5936,15.6588,47.9697
1360002.0,44.6693,15.4872,1.77823
1368002.0,46.4043,15.7557,4.4328
1376002.0,48.2108,15.5027,8.42281
1384002.0,49.3443,16.8577,10.8638
1392002.0,1.5409700000000002,16.979,14.5313
1400002.0,2.75326,17.5428,19.2805
1408002.0,5.20613,17.5581,21.6564
1416002.0,1.6310200000000001,14.9271,19.5403
1424002.0,2.89946,15.7756,23.4062
1432002.0,4.14331,16.3091,27.2137
1440002.0,7.11022,17.9679,32.5131
1448002.0,7.28932,17.1866,34.9222
1456002.0,8.615210000000001,16.808,37.85
1464002.0,9.44149,16.8686,39.5928
1472002.0,10.2967,17.3659,43.2343
1480002.0,11.0579,17.5069,45.6184
1488002.0,11.834000000000001,17.8536,48.7686
1496002.0,12.0061,17.8319,2.44163
1504002.0,13.0679,18.1827,5.804819999999999
1512002.0,14.1777,18.1633,10.395
1520002.0,14.9852,18.2984,13.6144
1528002.0,16.0523,18.7207,18.612000000000002
1536002.0,16.6989,19.1976,21.3928
1544002.0,17.9444,19.333,25.3584
1552002.0,19.9877,18.5483,28.2749
1560002.0,20.7016,18.6096,32.9218
1568002.0,21.5091,18.3085,37.0183
1576002.0,21.8253,18.7332,40.9563
1584002.0,22.245,18.8313,45.503
1592002.0,22.37,18.6258,49.4833
1600002.0,23.6266,18.6673,4.1167
1608002.0,23.2146,18.3919,8.48422
1616002.0,24.0114,18.2579,11.9121
1624002.0,24.785,18.4696,16.0137
1632002.0,25.4944,18.7139,20.1521
1640002.0,27.4986,18.84,24.3199
1648002.0,28.6695,18.9939,27.4328
1656002.0,30.3035,19.3663,31.7766
1664002.0,31.3648,19.6574,35.8627
1672002.0,32.7218,19.1599,39.5108
1680002.0,33.2144,19.3907,43.6981
1688002.0,33.5635,19.4485,47.4471
1696002.0,33.7046,19.234,1.8314
1704002.0,34.2697,19.0895,6.07789
1712002.0,34.0592,19.3479,10.4966
1720002.0,35.5161,19.0016,13.074000000000002
1728002.0,37.6044,19.1319,16.4713
1736002.0,37.597,18.6508,19.1135
1744002.0,37.9994,18.9232,22.9012
1752002.0,38.637,20.6406,26.5535
1760002.0,38.3805,19.9518,31.416999999999998
1768002.0,39.7676,19.2075,31.9445
1776002.0,40.9973,18.8711,36.4012
1784002.0,41.3212,19.022000000000002,39.2389
1792002.0,41.1279,19.1837,42.2519
1800002.0,41.7859,18.9344,46.8269
1808002.0,42.8138,19.1761,0.364037
1816002.0,43.7684,19.5313,2.5613599999999996
1824002.0,43.6983,20.0121,6.71455
1832002.0,45.223,20.1947,9.742569999999999
1840002.0,48.0016,19.9088,12.2185
1848002.0,47.9927,19.8066,15.1365
1856002.0,49.0128,19.3426,17.7361
1864002.0,0.6261979999999999,19.0855,20.5229
1872002.0,1.9101400000000002,19.1044,22.6275
1880002.0,3.0167599999999997,18.655,25.7597
1888002.0,5.03235,19.1956,27.8426
1896002.0,5.758369999999999,19.133,30.7929
1904002.0,6.3059199999999995,19.3083,33.321999999999996
1912002.0,7.51421,19.5201,36.1027
1920002.0,8.00577,19.7062,40.2282
1928002.0,9.29595,19.3866,43.6438
1936002.0,9.58757,19.0872,47.0025
1944002.0,10.1035,19.6132,1.32922
1952002.0,11.1897,19.4435,5.38903
1960002.0,11.5527,19.5248,9.63203
1968002.0,12.1724,19.6102,13.0921
1976002.0,12.9334,19.7485,15.550999999999998
1984002.0,13.5977,19.8967,19.4147
1992002.0,14.4003,19.8079,23.2269
2000002.0,15.5761,19.7361,26.1339
2008002.0,16.5282,19.7669,30.2774
2016002.0,17.9972,19.8242,33.9738
2024002.0,18.0563,20.1576,36.3505
2032002.0,19.1076,19.8321,39.0434
2040002.0,20.3137,18.6573,41.9502
2048002.0,21.3605,19.265,46.4675
2056002.0,22.6157,19.7947,49.3059
2064002.0,23.9678,19.1081,2.6215
2072002.0,26.5174,18.8818,4.96877
2080002.0,27.4303,18.766,7.14053
2088002.0,28.6802,18.4595,8.89901
2096002.0,29.978,18.43,11.2545
2104002.0,31.7121,18.361,13.9067
2112002.0,33.3381,18.713,18.6332
2120002.0,33.1819,18.2405,22.5551
2128002.0,32.8815,17.8883,25.3341
2136002.0,34.0978,17.5305,28.5984
2144002.0,34.2925,17.5947,32.5391
2152002.0,34.4697,17.4426,35.931999999999995
2160002.0,34.7035,17.2554,38.9016
2168002.0,34.7769,17.6398,41.9475
2176002.0,34.1051,17.84,44.6563
2184002.0,34.6607,18.1184,45.9559
2192002.0,35.0596,18.701,47.3775
2200002.0,34.506,18.9014,0.156879
2208002.0,35.6855,18.9985,2.51208
2216002.0,36.9421,18.7446,4.70644
2224002.0,37.9642,18.8489,8.84446
2232002.0,38.9158,18.8636,12.1856
2240002.0,40.256,18.8598,15.4099
2248002.0,41.0033,18.8836,18.5136
2256002.0,40.8121,19.5121,20.1423
2264002.0,40.854,19.8707,22.1628
2272002.0,41.1575,19.6459,25.2293
2280002.0,41.6487,19.5939,27.6153
2288002.0,42.2606,19.8456,32.308
2296002.0,44.0404,19.8931,37.1241
2304002.0,45.6001,19.6689,40.1536
2312002.0,46.0151,19.3473,43.5727
2320002.0,47.4152,19.7741,47.1242
2328002.0,47.8102,20.0186,0.833717
2336002.0,47.5883,20.6501,4.63448
2344002.0,0.06877710000000001,20.9798,8.932910000000001
2352002.0,0.301885,21.8789,13.2862
2360002.0,2.44886,21.3289,16.2196
2368002.0,3.7251800000000004,20.9181,20.5794
2376002.0,4.171930000000001,21.3738,24.4242
2384002.0,4.9161,21.3485,28.643
2392002.0,5.97486,20.8254,31.7386
2400002.0,6.7278,20.9112,34.9172
2408002.0,7.041930000000001,22.7557,38.4974
2414002.0,7.66135,21.9893,42.7285
2422002.0,9.72059,21.915,48.9766
2430002.0,13.6284,21.9959,1.53968
2438002.0,16.1247,21.694000000000003,6.62091
2446002.0,17.9794,21.2969,10.4631
2454002.0,19.0973,21.0557,14.1772
2462002.0,20.9076,21.2076,18.4143
2470002.0,22.6421,20.988000000000003,21.7248
2478002.0,23.9523,21.0691,25.2027
2486002.0,25.5077,21.0676,28.1098
2494002.0,26.2008,20.8665,30.6926
2502002.0,26.4219,20.9385,33.3934
2510002.0,28.3474,21.1671,37.6166
2518002.0,28.7724,20.9109,40.897
2526002.0,30.9682,20.5866,43.3985
2534002.0,32.3416,20.4463,46.5611
2542002.0,32.1245,20.4425,1.2048
2550002.0,32.5081,20.7692,5.33252
2558002.0,33.6323,20.7323,7.92128
2566002.0,35.0108,20.726999999999997,11.2046
2574002.0,36.3704,20.9023,13.6641
2582002.0,36.8103,20.9601,15.8432
2590002.0,39.1812,21.1991,19.3917
2598002.0,41.0141,20.906,23.1854
2606002.0,42.2341,20.4987,26.6783
2614002.0,43.8835,20.3917,29.8633
2622002.0,44.3082,20.4881,33.9139
2630002.0,45.508,20.7161,37.3931
2638002.0,46.3723,20.4771,40.9779
2646002.0,48.0529,20.1304,44.685
2654002.0,0.637053,20.3381,48.4003
2662002.0,1.52095,20.468,1.4141299999999999
2670002.0,1.98165,20.5519,5.67822
2678002.0,3.65286,20.2104,10.311
2686002.0,6.618360000000001,19.711,13.2879
2694002.0,8.2217,19.6357,14.0267
2702002.0,9.0998,18.9976,16.8323
2710002.0,10.8651,19.0302,20.7501
2718002.0,12.4785,18.7733,24.2794
2726002.0,13.1087,18.8596,25.6328
2734002.0,13.9356,19.2415,28.9384
2742002.0,16.3761,18.3893,32.3885
2750002.0,17.837,18.5982,35.8101
2758002.0,18.7032,18.4888,39.5803
2766002.0,19.735,18.5434,44.0077
2774002.0,20.1138,18.644000000000002,46.7549
2782002.0,21.0576,18.2757,0.642412
2790002.0,20.6113,18.0402,4.7453199999999995
2798002.0,20.4091,17.8535,8.88445
2806002.0,21.7847,17.4406,13.6374
2814002.0,22.3691,17.4195,18.269000000000002
2822002.0,22.8162,16.5299,22.0528
2830002.0,25.2707,17.3496,22.7453
2838002.0,25.8441,17.2463,25.3917
2846002.0,27.6216,16.8921,28.5666
2854002.0,28.3321,16.9898,32.6301
2862002.0,29.3879,17.0272,36.6673
2870002.0,30.061,17.2067,39.5542
2878002.0,30.6666,16.987000000000002,42.6037
2886002.0,30.5692,17.4253,45.7132
2894002.0,31.4064,17.6476,49.0939
2902002.0,32.7491,17.4034,3.08665
2910002.0,33.1571,17.7142,5.77958
2918002.0,33.4599,17.6361,8.24634
2926002.0,34.1778,18.0791,12.8897
2934002.0,35.2093,18.4251,17.0801
2942002.0,35.2621,18.485,21.3053
2950002.0,34.9784,18.7964,25.3161
2958002.0,35.9238,19.3556,29.2465
2966002.0,36.7008,19.5249,33.3138
2974002.0,36.3551,20.9382,36.5993
2982002.0,36.9668,20.9242,41.2145
2990002.0,37.411,21.7448,44.5298
2998002.0,37.407,22.33,47.8433
3006002.0,38.1846,21.592,1.7353
3014002.0,38.9245,21.7994,6.0158
3022002.0,40.5174,21.999000000000002,9.52886
3030002.0,42.4332,21.4465,14.2482
3038002.0,43.5104,20.9214,18.1516
3046002.0,44.4515,20.6792,23.1917
3054002.0,45.7365,20.3689,26.7071
3062002.0,45.7044,20.0363,29.2099
3070002.0,46.3961,20.4134,34.4201
3078002.0,46.2104,20.6087,37.803000000000004
3086002.0,46.4792,20.3179,41.7758
3094002.0,47.5997,19.7294,45.7454
3102002.0,48.6321,19.2125,49.4391
3110002.0,49.4682,19.0658,3.60676
3118002.0,1.04928,18.9187,6.90757
3126002.0,2.48256,18.7326,11.3486
3134002.0,3.7635,18.4252,15.482000000000001
3142002.0,4.83893,18.0859,19.3813
3150002.0,6.426740000000001,18.2424,22.0435
3158002.0,9.62323,18.4361,25.7841
3166002.0,10.8175,18.8007,27.9644
3174002.0,11.6927,18.9379,29.6382
3182002.0,13.5893,19.3126,33.1862
3190002.0,15.7255,19.43,36.2689
3198002.0,16.5272,19.4717,39.94
3206002.0,19.202,19.2396,43.0626
3214002.0,20.4524,19.3658,45.5957
3222002.0,22.1462,19.2953,0.206629
3230002.0,24.3335,19.097,3.76707
3238002.0,25.3739,18.8926,7.7546100000000004
3246002.0,26.0642,19.2167,11.9627
3254002.0,26.6631,19.477,15.5851
3262002.0,27.6942,19.149,18.5488
3270002.0,27.2413,19.0422,22.4069
3278002.0,27.4233,19.2606,25.5092
3286002.0,28.3173,19.2929,28.4007
3294002.0,28.8267,19.2031,30.8552
3302002.0,29.3461,19.0509,35.4366
3310002.0,30.0403,18.8632,37.9054
3318002.0,29.6689,18.761,40.7199
3326002.0,30.6804,17.819000000000003,43.9061
3334002.0,32.0882,17.7351,47.4344
3342002.0,32.8557,17.6125,2.21697
3350002.0,33.5028,17.495,5.42434
3358002.0,35.1057,17.6637,8.77923
3366002.0,38.0408,17.7173,12.6706
3374002.0,39.4322,17.7743,16.3346
3382002.0,40.4973,17.7926,20.1049
3390002.0,42.7583,18.3386,21.8565
3398002.0,43.6953,18.882,25.6525
3406002.0,44.6246,19.3051,29.3799
3414002.0,47.0888,19.3594,33.2057
3422002.0,49.0722,19.5843,36.7023
3430002.0,1.4385700000000001,19.8573,41.0472
3438002.0,2.47555,20.408,45.4019
3446002.0,2.87761,20.381,48.8871
3454002.0,3.39515,20.1041,3.19603
3462002.0,3.75722,19.8629,6.94302
3470002.0,3.9047099999999997,19.5545,10.6989
3478002.0,4.488659999999999,19.6835,15.0285
3486002.0,3.87848,19.9248,18.7688
3494002.0,4.3211900000000005,20.2279,22.7349
3502002.0,4.1698,20.4652,26.0089
3510002.0,4.1763900000000005,20.4688,30.566
3518002.0,4.36458,20.6688,34.356
3526002.0,4.99276,20.8875,39.5452
3534002.0,5.24653,21.016,43.5557
3542002.0,5.016830000000001,21.8204,47.8568
3550002.0,5.841559999999999,21.4893,2.34006
3558002.0,6.09355,21.3726,6.22685
3566002.0,6.086930000000001,21.0827,10.3212
3574002.0,6.23153,21.0158,14.243
3582002.0,6.18954,21.2222,18.8987
3590002.0,6.414619999999999,20.6722,24.0038
3598002.0,6.5359,20.3544,28.9111
3606002.0,7.67687,20.2647,32.5713
3614002.0,8.82387,20.1986,35.0269
3622002.0,10.8033,20.2355,37.6895
3630002.0,11.2692,20.1918,42.1601
3638002.0,11.1083,19.8397,46.0563
3646002.0,12.0249,19.4235,0.442558
3654002.0,12.0046,19.2724,4.04129
3662002.0,12.2748,19.5103,8.56996
3670002.0,12.9384,19.0753,12.3742
3678002.0,13.4809,18.865,16.8419
3686002.0,14.2801,18.465,21.01
3694002.0,14.8389,18.3963,25.3913
3702002.0,15.6004,18.1111,29.3849
3710002.0,15.6935,17.3066,32.7593
3718002.0,15.7705,17.1842,36.3914
3726002.0,15.5562,16.9872,40.2969
3734002.0,15.8694,16.7126,44.6636
3742002.0,16.9866,16.6441,47.3908
3750002.0,17.3878,16.9116,0.650077
3758002.0,18.9755,17.014,3.6765
3766002.0,20.0876,16.9856,6.76162
3774002.0,22.0778,17.4517,10.1508
3782002.0,22.511,17.222,13.2275
3790002.0,23.9552,17.4693,16.4557
3798002.0,24.7043,17.9454,18.6927
3806002.0,25.3626,18.5225,22.1035
3814002.0,27.1002,18.5306,24.5943
3822002.0,27.5878,18.8426,28.0106
3830002.0,27.7296,18.9847,31.8775
3838002.0,27.8315,19.3503,36.3185
3846002.0,28.4164,18.8896,41.0494
3854002.0,28.9855,18.3753,45.0976
3862002.0,28.8696,18.361,48.2281
3870002.0,29.1195,18.5392,2.93098
3878002.0,29.1802,18.8998,6.961010000000001
3886002.0,28.8505,18.177,10.838
3894002.0,29.12,18.2211,14.6234
3902002.0,30.1275,18.708,18.264
3910002.0,30.9187,18.7911,22.2617
3918002.0,33.0099,18.6335,27.059
3926002.0,34.3602,18.9389,30.4011
3934002.0,36.2864,18.7593,33.809
3942002.0,37.7958,18.4943,37.5238
3950002.0,38.7877,17.9405,42.1448
3958002.0,39.8896,17.6315,46.7732
3966002.0,40.7285,18.0626,0.112326
3974002.0,42.0679,17.4203,3.1109299999999998
3982002.0,41.863,17.2702,5.75282
3990002.0,42.9765,17.2236,8.94633
3998002.0,44.4154,16.6578,10.9448
4006002.0,45.1061,16.6099,12.6829
4014002.0,45.6802,16.8665,16.393
4022002.0,45.8707,17.2459,18.5919
4030002.0,46.4486,17.7141,21.7152
4038002.0,47.8529,17.7302,23.5526
4046002.0,0.123524,17.2188,26.3744
4054002.0,1.1581,16.916,29.6113
4062002.0,1.95783,16.7339,33.0057
4070002.0,2.05518,16.6429,35.5151
4078002.0,1.46119,16.5017,38.585
4086002.0,2.1715,16.4444,42.2472
4094002.0,3.13938,16.4462,45.5237
4102002.0,3.37563,16.4604,48.5874
4110002.0,3.61105,16.0836,2.10837
4118002.0,4.60241,15.8389,4.70919
4126002.0,5.54636,15.8963,7.618539999999999
4134002.0,5.96328,16.285999999999998,9.13349
4142002.0,6.61912,16.5306,11.5384
4150002.0,7.416589999999999,16.3986,14.0013
4158002.0,8.94304,16.3356,16.4753
4166002.0,9.59431,16.6142,18.6673
4174002.0,11.107999999999999,17.0612,21.573
4182002.0,12.5578,17.9468,25.1586
4190002.0,14.3789,18.4249,28.9783
4198002.0,16.09,18.3564,32.3176
4206002.0,17.7154,18.1347,36.3252
4214002.0,19.4981,17.9557,41.6472
4222002.0,21.5779,18.1117,46.3974
4230002.0,23.5598,17.8619,0.42952799999999997
4238002.0,26.3606,18.1355,5.1018099999999995
4246002.0,28.8463,18.8843,9.07882
4254002.0,30.5064,20.0022,12.7228
4262002.0,31.843000000000004,19.7134,16.4902
4270002.0,33.4649,19.875999999999998,19.4291
4278002.0,34.5121,19.6489,23.212
4286002.0,35.0414,19.7068,27.5391
4294002.0,35.8244,19.0898,31.7491
4302002.0,37.1369,18.3654,34.7673
4310002.0,37.823,17.8883,37.7449
4318002.0,36.0073,19.3392,39.3215
4326002.0,37.047,20.4144,43.0061
4334002.0,37.8358,20.1902,45.1491
4342002.0,38.6345,19.7522,48.1804
4350002.0,39.5747,19.6297,1.53272
4358002.0,40.1616,19.2452,4.60629
4366002.0,41.2668,19.8593,7.5777399999999995
4374002.0,42.0286,20.3781,10.2367
4382002.0,42.7211,20.4841,13.3822
4390002.0,43.7338,20.5688,17.317
4398002.0,44.4198,20.6444,22.7421
4406002.0,45.45,20.5529,26.7924
4414002.0,46.3371,20.7404,30.5334
4422002.0,46.6243,20.813000000000002,33.7093
4430002.0,46.3555,20.9417,39.0604
4438002.0,47.6424,21.1074,43.117
4446002.0,48.3201,20.5799,45.8018
4454002.0,48.938,20.2513,0.0715496
4462002.0,49.4123,20.1327,4.326309999999999
4470002.0,1.32587,20.4112,7.552289999999999
4478002.0,2.89858,20.4062,10.6937
4486002.0,3.96635,20.2118,14.2337
4494002.0,4.376869999999999,20.002,18.0487
4502002.0,6.055280000000001,20.026,21.0223
4510002.0,6.57717,19.4056,23.6306
4518002.0,6.8162199999999995,19.2974,24.7951
4526002.0,8.7457,18.9307,27.8679
4534002.0,9.89884,18.4601,29.1753
4542002.0,10.1199,18.7041,31.5958
4550002.0,11.9258,18.7334,34.4011
4558002.0,13.687000000000001,18.3024,37.8688
4566002.0,14.6683,18.0234,41.2396
4574002.0,15.6517,17.7245,45.1874
4582002.0,17.1819,17.9913,48.0912
4590002.0,19.0738,17.9319,0.36256
4598002.0,20.201,17.5115,3.08822
4606002.0,21.4247,17.4271,4.6216099999999996
4614002.0,22.1518,17.6597,6.8197
4622002.0,22.5817,17.8705,8.98097
4630002.0,23.8689,18.0548,10.854000000000001
4638002.0,25.0939,18.4081,12.8386
4646002.0,26.0726,18.5416,15.9668
4654002.0,26.3714,18.8592,18.2151
4662002.0,28.0765,19.1625,20.5806
4670002.0,28.4644,19.2581,23.3915
4678002.0,29.5923,18.4479,26.3608
4686002.0,30.5673,18.9064,29.4303
4694002.0,31.2419,18.8048,33.079
4702002.0,31.8607,18.8373,34.961
4710002.0,33.3911,19.4765,37.4851
4718002.0,34.126,19.6798,40.7428
4726002.0,34.0878,20.2034,43.8334
4734002.0,35.1287,20.2901,46.2625
4742002.0,35.5877,20.6913,49.4931
4750002.0,35.7583,21.4084,3.15577
4758002.0,36.0768,21.5034,5.63647
4760002.0,36.0491,21.7688,6.23377
4768002.0,37.1399,22.9931,11.1235
4776002.0,39.8205,23.5443,13.255999999999998
4784002.0,42.2457,23.4565,17.3036
4792002.0,43.357,23.0046,20.2512
4800002.0,44.7143,23.19,23.253
4808002.0,45.7788,22.893,26.7725
4816002.0,48.148999999999994,23.0461,29.6435
4824002.0,1.2251100000000001,23.366999999999997,31.9209
4832002.0,2.94163,23.9359,35.3415
4840002.0,3.68435,24.6561,38.9056
4848002.0,5.1199699999999995,24.6845,42.0038
4856002.0,7.3341899999999995,24.9938,46.1376
4864002.0,7.41133,24.9873,1.39336
4872002.0,10.4488,25.0686,5.24558
4880002.0,10.4545,25.0581,7.898160000000001
4888002.0,10.849,25.0686,10.7356
4896002.0,13.0044,25.1422,14.3757
4904002.0,14.4667,25.5568,16.4094
4912002.0,15.117,25.3554,19.1634
4920002.0,18.7707,25.2299,22.9747
4928002.0,21.1984,24.9224,26.7943
4936002.0,23.078000000000003,24.5456,30.4691
4944002.0,23.3717,24.5213,33.5112
4952002.0,24.5631,24.605,37.0872
4960002.0,24.9184,24.0933,41.0514
4968002.0,25.3844,23.9291,44.2989
4976002.0,26.1741,23.6906,47.9715
4984002.0,27.3566,23.7108,2.1304
4992002.0,28.6861,24.04,5.030069999999999
5000002.0,30.0417,23.6464,9.00712
5008002.0,30.6664,23.9562,13.4059
5016002.0,31.1159,24.134,16.0228
5024002.0,31.2275,24.174,19.4588
5032002.0,31.291999999999998,24.1425,23.3463
5040002.0,33.0491,23.9124,27.1964
5048002.0,33.9986,24.0467,29.761999999999997
5056002.0,35.5568,23.8841,33.6085
5064002.0,37.5157,23.6706,37.5239
5072002.0,39.2817,23.6426,40.996
5080002.0,40.2302,23.5363,44.8621
5088002.0,41.1249,23.4454,49.3756
5096002.0,43.6315,23.1975,3.8963699999999997
5104002.0,45.6094,23.3776,9.112260000000001
5112002.0,46.6334,23.2314,13.034
5120002.0,47.6376,23.1246,17.842
5128002.0,48.8183,22.785,22.8677
5136002.0,49.172,22.6483,26.5708
5144002.0,1.16788,22.7307,30.6832
5152002.0,1.7005099999999997,22.686999999999998,35.334
5160002.0,2.9958400000000003,22.31,39.5083
5168002.0,4.025580000000001,22.3663,43.7653
5176002.0,4.809069999999999,22.4673,48.5683
5184002.0,4.95604,22.166999999999998,3.30102
5192002.0,5.58223,22.3789,6.8162199999999995
5200002.0,6.56256,22.5236,10.5404
5208002.0,7.533689999999999,22.6379,13.8377
5216002.0,8.13354,22.6275,18.8004
5224002.0,8.634089999999999,22.8626,22.3779
5232002.0,9.60309,23.1343,27.3222
5240002.0,10.7353,23.0624,32.0303
5248002.0,11.1281,23.3494,35.5379
5256002.0,10.883,23.5149,38.5146
5264002.0,11.5196,23.2631,42.3948
5272002.0,12.3198,23.1378,46.193999999999996
5280002.0,13.3336,23.3491,0.995187
5288002.0,13.4433,23.3338,3.97876
5296002.0,14.0848,23.0527,8.388639999999999
5304002.0,14.8257,23.2689,12.9361
5312002.0,17.2287,22.7633,16.7134
5320002.0,17.4042,21.7247,20.6942
5328002.0,17.774,21.525,23.9937
5336002.0,19.5686,21.8522,27.2105
5344002.0,21.2812,21.5683,30.5991
5352002.0,21.7987,21.6176,34.5485
5360002.0,22.2007,21.6248,37.5684
5368002.0,23.1204,21.6398,42.3427
5376002.0,23.5317,21.7233,45.7824
5384002.0,24.6072,21.7767,0.7306
5392002.0,24.1559,21.749000000000002,3.6385699999999996
5400002.0,24.2396,21.8487,7.036510000000001
5408002.0,24.494,22.4637,10.1028
5416002.0,25.4952,22.736,14.2678
5424002.0,25.9057,22.4666,18.6508
5432002.0,26.3202,22.8236,21.625999999999998
5440002.0,27.9525,22.9222,24.5456
5448002.0,28.4831,23.0018,27.8616
5456002.0,28.7394,23.0886,32.3253
5464002.0,28.9912,23.1722,36.658
5472002.0,28.7181,23.3927,41.4859
5480002.0,29.8423,23.4214,45.3613
5488002.0,30.7886,23.5701,48.1627
5496002.0,32.3737,24.1159,1.66915
5504002.0,32.5439,24.3965,5.211790000000001
5512002.0,33.1794,24.6289,8.40424
5520002.0,33.6099,24.7797,12.1668
5528002.0,35.0468,25.209,16.0299
5536002.0,36.1018,25.5933,19.2807
5544002.0,36.7878,25.6573,23.5733
5552002.0,37.7123,26.1125,27.7473
5560002.0,38.0841,26.1104,32.2326
5568002.0,40.3318,27.5673,36.633
5576002.0,40.786,27.6202,39.482
5584002.0,41.1787,27.4795,44.8042
5592002.0,42.0927,27.695,49.3739
5600002.0,42.2206,27.5014,4.64499
5608002.0,42.8122,27.6135,8.13172
5616002.0,43.1248,27.5827,12.0559
5624002.0,43.8596,27.7579,15.7807
5632002.0,45.3661,28.057,19.7219
5640002.0,46.9816,28.6718,23.7347
5648002.0,48.6061,29.0315,28.5878
5656002.0,48.8556,28.9846,33.1365
5664002.0,49.0955,28.9689,38.113
5672002.0,0.310245,29.1306,41.8786
5680002.0,1.2257,29.4967,45.6757
5688002.0,2.20496,29.8723,0.0100336
5696002.0,3.18939,29.9414,3.4547
5704002.0,4.7906699999999995,30.15,8.1327
5712002.0,4.77825,29.9718,12.3303
5720002.0,4.46036,30.0078,16.9578
5728002.0,5.11077,30.144000000000002,20.9689
5736002.0,5.66584,30.0956,25.5274
5744002.0,5.8345199999999995,30.0379,31.2886
5752002.0,5.90969,30.6548,35.986
5760002.0,6.36073,30.879,39.8001
5768002.0,7.76685,30.8996,43.9427
5776002.0,8.96383,31.0677,48.8396
5784002.0,9.199019999999999,31.3549,3.92942
5792002.0,9.648589999999999,30.9728,8.45191
5800002.0,10.2377,31.3323,13.5924
5808002.0,11.1242,31.3437,18.1227
5816002.0,12.3601,31.27,22.76
5824002.0,12.2331,30.8708,26.149
5832002.0,12.2237,30.9563,29.4459
5840002.0,12.3429,30.6244,33.5738
5848002.0,13.8995,30.68,37.5657
5856002.0,14.7932,30.6332,42.7625
5864002.0,16.4508,30.6193,47.191
5872002.0,16.9045,30.427,1.29055
5880002.0,17.2116,30.0082,5.28636
5888002.0,18.3064,30.0298,10.5225
5896002.0,19.6271,30.1764,13.9573
5904002.0,20.2295,30.0289,18.0274
5912002.0,20.8289,30.0929,22.8162
5920002.0,21.2117,30.0371,27.88
5928002.0,21.7604,29.7944,32.0052
5936002.0,21.8313,29.7476,36.3865
5944002.0,22.8319,29.568,41.218999999999994
5952002.0,23.2506,29.1521,46.5024
5960002.0,24.1685,29.0404,1.9526
5968002.0,24.8467,28.9445,6.08777
5976002.0,25.2533,29.21,10.9669
5984002.0,26.1971,29.3195,14.7465
5992002.0,26.6135,29.4243,19.7935
6000002.0,27.1621,29.6115,24.3054
6008002.0,27.8128,30.0061,28.336
6016002.0,28.0204,29.7794,31.3772
6024002.0,28.6941,29.7009,36.4071
6032002.0,29.4289,29.6733,40.9032
6040002.0,30.2989,29.1981,45.2376
6048002.0,31.0113,29.1773,0.0311324
6056002.0,31.6617,29.0985,4.40385
6064002.0,33.0277,28.9445,9.6927
6072002.0,33.2594,28.7441,14.3234
6080002.0,34.2204,28.2582,19.0051
6088002.0,34.2938,27.9764,23.1575
6096002.0,34.7143,28.1759,27.1197
6104002.0,35.4334,27.9743,31.609
6112002.0,35.7293,27.633000000000003,36.3531
6120002.0,35.9962,27.6865,40.6637
6128002.0,36.0106,27.6206,45.3716
6136002.0,37.1308,27.1955,0.46863599999999994
6144002.0,37.9856,26.9855,5.01105
6152002.0,38.2226,26.5957,9.38293
6160002.0,38.7637,26.6668,13.8678
6168002.0,40.0729,26.7307,18.6129
6176002.0,40.5018,27.07,23.9612
6184002.0,40.7476,27.1915,27.6181
6192002.0,41.271,27.2614,31.6617
6200002.0,42.0446,26.9322,35.0603
6208002.0,42.4161,26.6458,39.376
6216002.0,42.9366,26.3505,43.565
6224002.0,43.3657,25.9346,47.9634
6232002.0,43.9299,25.3908,2.66215
6240002.0,44.6893,25.6769,7.684489999999999
6248002.0,46.3488,25.7427,12.1092
6256002.0,48.4956,25.1471,16.024
6264002.0,0.08760839999999999,24.6163,19.5462
6272002.0,1.03217,24.7236,23.6278
6280002.0,1.28667,24.7797,28.1737
6288002.0,1.58002,24.8297,32.8984
6296002.0,3.00441,24.7394,37.0836
6304002.0,4.547619999999999,24.6944,41.5185
6312002.0,5.9667,24.6573,45.6699
6320002.0,7.56252,24.4333,48.841
6328002.0,8.8065,24.5836,3.35923
6336002.0,9.647219999999999,24.7922,7.20385
6344002.0,10.2206,24.7244,11.5463
6352002.0,10.2045,24.9922,15.817
6360002.0,10.4753,25.1458,19.872
6368002.0,11.1342,25.1443,24.3646
6376002.0,11.1213,25.0005,28.2154
6384002.0,11.1222,25.059,32.3278
6392002.0,11.7436,25.5269,35.4203
6400002.0,12.3013,25.4886,40.0277
6408002.0,12.6405,25.5352,44.4586
6416002.0,12.4818,24.9138,48.4838
6424002.0,12.6974,25.0451,3.0571900000000003
6432002.0,13.2891,25.3801,6.968039999999999
6440002.0,12.7801,25.1111,10.2345
6448002.0,13.0347,24.6439,12.2092
6456002.0,14.5185,25.2954,15.4332
6464002.0,14.914000000000001,25.4438,18.8015
6472002.0,15.1198,25.4447,23.9665
6480002.0,16.9047,25.0932,26.8546
6488002.0,17.3522,24.3297,30.5061
6496002.0,17.4406,23.5847,35.0779
6504002.0,18.1235,23.4884,39.5909
6512002.0,18.616,23.2287,43.5503
6520002.0,19.2743,23.0327,47.2247
6528002.0,19.7803,22.9514,2.33813
6536002.0,20.4554,22.916,7.063910000000001
6544002.0,20.3709,22.5663,9.7474
6552002.0,21.0995,22.5485,12.5281
6560002.0,21.8836,22.5639,15.8451
6568002.0,23.2548,23.2556,18.3717
6576002.0,24.6111,23.6403,22.2993
6584002.0,25.8703,23.8434,26.5522
6592002.0,27.1683,24.0757,30.8288
6600002.0,28.5179,24.0991,34.4554
6608002.0,29.4852,24.2373,38.3978
6616002.0,30.9644,23.9155,41.608000000000004
6624002.0,32.3492,23.7768,44.6502
6632002.0,33.5381,23.7662,47.4769
6640002.0,33.476,23.6238,1.6672900000000002
6648002.0,34.046,23.8154,4.48261
6656002.0,35.8503,23.8218,8.20159
6664002.0,37.1623,23.7805,11.0572
6672002.0,38.5703,23.2918,14.8972
6680002.0,38.2979,23.0475,19.0744
6688002.0,38.0983,22.8766,22.7958
6696002.0,40.287,23.3686,25.9791
6704002.0,41.6843,23.5905,30.0808
6712002.0,43.5994,23.6688,32.9715
6720002.0,44.8134,23.8516,36.191
6728002.0,46.1844,23.9338,39.0259
6736002.0,46.9324,23.6401,42.3727
6744002.0,47.6088,23.3838,46.2844
6752002.0,48.736000000000004,23.5912,0.7592909999999999
6760002.0,49.1183,24.1538,3.9722
6768002.0,48.6462,24.0482,7.435689999999999
6776002.0,48.668,23.9225,11.0203
6784002.0,49.367,24.4965,14.9569
6792002.0,0.229094,24.4594,18.3812
6800002.0,1.19943,24.7038,21.3438
6808002.0,1.59405,24.6386,24.7782
6816002.0,1.44844,24.6772,28.7396
6824002.0,2.29716,24.8071,32.8124
6832002.0,3.33641,24.6845,36.6028
6840002.0,3.8338300000000003,24.6538,41.3205
6848002.0,4.837969999999999,24.4875,44.5248
6856002.0,5.00285,24.2466,48.3294
6864002.0,5.54486,24.5102,2.64984
6872002.0,6.04725,24.5406,6.45374
6880002.0,7.3017,24.9818,10.4007
6888002.0,8.31134,25.2714,15.412
6896002.0,9.670119999999999,25.371,18.9616
6904002.0,10.7832,25.3056,22.7288
6912002.0,12.7323,25.4641,27.3617
6920002.0,14.4411,25.6658,32.3182
6928002.0,16.1549,25.4163,36.81
6936002.0,16.7041,25.3883,39.7734
6944002.0,18.5853,25.3914,43.1933
6952002.0,21.4642,25.1188,45.9376
6960002.0,23.2057,24.6667,48.3678
6968002.0,24.3478,24.4002,1.8531799999999998
6976002.0,26.1666,23.8506,5.844069999999999
6984002.0,27.3625,23.6649,9.753739999999999
6992002.0,28.5609,23.8269,13.8762
7000002.0,29.2833,23.9061,17.1882
7008002.0,30.4303,24.0212,20.307000000000002
7016002.0,31.2438,23.9949,24.2975
7024002.0,31.2936,23.9488,28.6646
7032002.0,32.4349,23.660999999999998,32.0836
7040002.0,33.4143,23.5809,35.6562
7048002.0,34.3808,23.6831,39.4746
7056002.0,35.93,23.9168,43.3255
7064002.0,38.39,23.6768,46.5997
7072002.0,40.1628,23.3229,1.01742
7080002.0,42.1679,23.3493,4.0759
7088002.0,42.1742,23.1962,6.87555
7096002.0,41.9111,23.1327,9.15427
7104002.0,43.4538,23.6498,9.70402
7112002.0,43.5091,23.4052,13.5066
7120002.0,45.8441,23.7844,16.919
7128002.0,45.2425,21.6224,18.3781
7136002.0,45.9917,22.7577,21.5928
7144002.0,45.8235,23.1611,24.5745
7152002.0,45.2166,24.3611,28.7042
7160002.0,47.0303,24.8131,33.3584
7168002.0,47.494,24.3429,36.6158
7176002.0,49.4075,24.4801,41.6408
7184002.0,1.8398700000000001,24.3983,45.4675
7192002.0,1.30199,24.2265,0.22086999999999998
7200002.0,3.22532,24.1123,5.0912
7204002.0,2.8693400000000002,23.576,5.82501
7212002.0,6.034619999999999,23.6537,10.4414
7220002.0,7.910069999999999,23.6181,12.8284
7228002.0,8.79882,23.868000000000002,16.299
7236002.0,8.18951,24.1124,19.0827
7244002.0,9.04315,22.9298,20.6885
7252002.0,9.88171,21.6785,23.7044
7260002.0,11.6029,23.6137,26.7757
7268002.0,10.2125,22.8865,29.8414
7276002.0,11.7719,23.2005,32.7238
7284002.0,11.4688,23.3104,36.9978
7292002.0,12.9453,24.0716,39.9798
7300002.0,14.1765,24.5524,44.0328
7308002.0,15.0793,24.7014,47.5384
7316002.0,15.192,25.3497,1.6993
7324002.0,14.9894,24.5103,4.62849
7332002.0,15.4931,26.1613,10.9061
7340002.0,15.2556,26.0427,12.8824
7348002.0,15.2468,25.9206,16.2564
7356002.0,16.174,26.2982,18.1839
7364002.0,17.592,25.7815,20.5864
7372002.0,18.0149,25.8941,23.6693
7380002.0,18.0946,26.5811,26.5455
7388002.0,18.3828,26.9433,31.1008
7396002.0,19.176,26.738000000000003,34.66
7404002.0,20.2835,26.1575,38.6624
7412002.0,21.368000000000002,26.5101,41.9618
7420002.0,22.3236,26.9612,46.4411
7428002.0,23.0855,26.5567,0.8860620000000001
7436002.0,23.8083,26.3325,5.3673
7444002.0,24.6208,26.0965,8.77817
7452002.0,25.2231,25.8085,13.0448
7460002.0,25.4436,25.4466,16.7256
7468002.0,26.6778,25.6549,20.6416
7476002.0,27.6399,25.502,24.079
7484002.0,28.5704,25.1864,28.1509
7492002.0,29.7339,25.2972,31.4191
7500002.0,31.1935,24.9472,35.2134
7508002.0,32.5933,24.4819,38.2928
7516002.0,33.2004,24.4649,41.9939
7524002.0,33.4121,24.5129,45.9029
7532002.0,33.9688,24.4998,0.587534
7540002.0,34.384,24.9273,4.11446
7548002.0,34.4877,24.1055,5.34365
7556002.0,35.5092,24.2685,9.31736
7564002.0,35.5545,24.8496,12.3581
7572002.0,36.2689,24.9618,15.8757
7580002.0,36.8615,24.753,19.594
7588002.0,36.9903,25.0654,24.1424
7596002.0,37.8218,25.2376,27.56
7604002.0,38.6271,25.4862,31.4213
7612002.0,39.0602,25.4294,35.9566
7620002.0,39.359,25.2489,39.9549
7628002.0,40.4589,25.0873,43.9137
7636002.0,41.3279,25.3421,46.9893
7644002.0,42.1428,25.5031,0.723328
7652002.0,43.3428,26.0378,4.222980000000001
7660002.0,43.5404,25.6871,8.01726
7668002.0,45.4912,25.9188,12.3782
7676002.0,46.016000000000005,25.7242,16.9117
7684002.0,46.8791,25.7239,20.8952
7692002.0,48.6177,25.7385,25.4035
7700002.0,0.340022,25.8971,28.8519
7708002.0,0.486097,25.6764,32.5953
7716002.0,1.13058,25.3132,36.3456
7724002.0,2.52604,24.9863,40.1078
7732002.0,4.2248,25.0949,44.3947
7740002.0,6.64872,25.0266,48.4238
7748002.0,7.18227,24.3845,2.67063
7756002.0,8.18882,24.107,5.7566
7764002.0,9.01396,23.6637,9.99215
7772002.0,9.21171,23.2047,14.4054
7780002.0,9.63387,23.5124,18.5676
7788002.0,10.6002,23.9567,23.4461
7796002.0,10.6936,23.8802,26.9718
7804002.0,11.6493,23.3369,30.7945
7812002.0,12.2094,23.5083,35.3884
7820002.0,13.1476,23.6364,39.0229
7828002.0,14.5184,24.2896,43.5809
7836002.0,14.879000000000001,24.5844,48.0805
7844002.0,15.1021,25.3534,1.8960299999999999
7852002.0,14.8216,25.3289,6.799410000000001
7860002.0,15.3611,25.3935,10.092
7868002.0,15.7598,25.2183,15.2791
7876002.0,16.8674,25.4933,19.2863
7884002.0,18.3668,25.7499,23.4386
7892002.0,19.4077,26.006,28.1537
7900002.0,19.677,25.5636,32.4957
7908002.0,19.9165,25.4438,36.2247
7916002.0,19.3615,25.4572,40.2384
7924002.0,19.9326,24.9091,43.8227
7932002.0,19.4119,24.3993,46.091
7940002.0,20.2793,24.7689,48.9904
7948002.0,21.4295,25.0961,2.84124
7956002.0,21.818,25.3184,5.88181
7964002.0,22.0512,26.2129,9.76517
7972002.0,21.4501,26.4676,14.2402
7980002.0,21.7264,26.6701,18.6794
7988002.0,20.514,23.6544,24.4167
7996002.0,17.6383,28.4961,16.1143
