2.0,49.4496,40.0661,35.9235
8002.0,4.50956,39.471,38.8706
16002.0,6.46285,39.4037,43.0346
24002.0,6.70534,39.2581,47.9226
32002.0,6.650180000000001,39.4734,2.65801
40002.0,6.986960000000001,39.6029,7.67241
48002.0,7.429310000000001,39.7273,11.9926
56002.0,7.521960000000001,39.8126,16.6968
64002.0,7.73527,39.5014,20.3603
72002.0,9.21699,38.8582,22.3128
80002.0,8.75362,38.3352,24.623
88002.0,9.508560000000001,38.5715,29.0432
96002.0,9.94643,39.0502,32.6065
104002.0,9.71145,39.1899,35.9039
112002.0,9.9243,39.1383,38.0346
120002.0,10.5763,39.2541,41.1578
128002.0,10.6154,39.3043,45.5209
136002.0,11.0696,39.5574,0.714366
144002.0,11.4335,40.0681,4.792
152002.0,12.0931,40.6014,8.41726
160002.0,14.709000000000001,40.5507,12.2657
168002.0,15.1087,40.9415,16.427
176002.0,15.0599,41.1859,20.483
184002.0,15.4561,41.1832,24.8932
192002.0,15.1372,41.037,30.2108
200002.0,15.8743,41.3861,34.6647
208002.0,16.8513,42.0104,37.4668
216002.0,18.7579,41.6326,42.244
224002.0,19.2554,41.669,47.0091
232002.0,20.5318,41.8259,2.2441400000000002
240002.0,21.3998,41.4286,7.2142
248002.0,22.3353,41.1556,11.1928
256002.0,22.5264,41.1149,16.1267
264002.0,23.1144,41.1156,21.0809
272002.0,23.7118,41.1318,26.489
280002.0,24.548000000000002,41.4683,30.4359
288002.0,25.5658,41.4145,35.3481
296002.0,25.2995,41.1382,40.0102
304002.0,26.0901,40.7259,46.0892
312002.0,26.5957,41.306999999999995,1.60684
320002.0,27.7223,41.1285,6.19729
328002.0,29.6618,41.2104,11.942
336002.0,31.1194,41.1055,16.9688
344002.0,31.4361,41.0746,21.8467
352002.0,31.1981,41.5906,25.7589
360002.0,31.6296,41.7969,29.9122
368002.0,32.4154,41.8464,34.6292
376002.0,32.6453,41.7015,39.4551
384002.0,33.0533,40.9289,43.6293
392002.0,33.9798,40.3524,48.9024
400002.0,34.4385,39.8218,4.01044
408002.0,34.7448,39.5405,9.76094
416002.0,34.4498,42.1399,12.6202
424002.0,35.8809,42.5239,17.6855
432002.0,36.2831,42.5997,22.6677
440002.0,36.4739,42.1667,27.7783
448002.0,36.1569,42.3152,32.3644
456002.0,36.2055,42.3143,36.8304
464002.0,36.6484,42.4955,40.6811
472002.0,37.0724,42.3595,45.7784
480002.0,37.547,42.4734,1.03152
488002.0,38.7593,42.6026,5.69792
496002.0,39.3321,42.7405,10.802
504002.0,39.4784,42.8336,15.8992
512002.0,39.7732,42.7702,20.8778
520002.0,40.0498,42.8644,25.7098
528002.0,40.2331,42.8974,30.9057
536002.0,41.0045,42.9763,35.7843
544002.0,42.1295,43.0237,40.2229
552002.0,43.4763,42.8941,44.8609
560002.0,44.7824,43.0397,49.3411
568002.0,45.1978,43.103,4.20916
576002.0,46.0888,42.9409,9.46373
584002.0,46.7237,42.8384,13.9741
592002.0,47.1459,42.1812,16.2562
600002.0,48.0029,41.9424,21.3881
608002.0,49.1701,42.7505,26.3134
616002.0,0.174788,42.1129,31.2878
624002.0,0.134608,42.4033,36.5738
632002.0,0.38045999999999996,42.053000000000004,41.1562
640002.0,0.669454,42.3999,46.0487
648002.0,0.925406,42.6075,0.5767
656002.0,1.00292,42.6955,5.47081
664002.0,1.35975,42.5554,10.386
672002.0,1.3967399999999999,42.1463,15.2655
680002.0,1.2515399999999999,42.162,19.514
688002.0,1.48767,42.2623,24.8267
696002.0,1.36391,42.0573,29.7662
704002.0,1.6672900000000002,42.0344,34.6861
712002.0,1.3374700000000002,42.1214,39.6947
720002.0,0.9866530000000001,42.4133,44.9067
728002.0,0.630904,42.4227,0.5026619999999999
736002.0,1.46096,42.2789,5.346019999999999
744002.0,1.89273,42.2595,10.5128
752002.0,2.1459099999999998,42.3282,15.4696
760002.0,2.24377,42.2376,20.6147
768002.0,2.29197,42.1742,25.4745
776002.0,2.59059,42.2059,31.0801
784002.0,2.5645599999999997,42.3655,35.3698
792002.0,2.90025,42.5612,40.0009
800002.0,2.70103,42.5595,44.6541
808002.0,2.54105,42.4619,49.4426
816002.0,2.4302099999999998,42.442,4.895490000000001
824002.0,2.30967,42.5075,9.7371
832002.0,1.63764,42.7483,14.7691
840002.0,1.43822,42.9347,19.5946
848002.0,2.4560400000000002,42.9662,24.6874
856002.0,3.4373,42.8922,29.3051
864002.0,3.90559,42.9399,33.9476
872002.0,3.57125,42.9139,38.9962
880002.0,4.44039,43.0183,44.0357
888002.0,5.35361,43.2009,49.2046
896002.0,5.8270800000000005,43.3678,3.90135
904002.0,6.33714,44.0743,8.72364
912002.0,6.757219999999999,44.0662,12.6188
920002.0,7.70869,44.1344,16.5825
928002.0,7.7058,44.2698,21.5422
936002.0,8.19004,44.3842,26.0031
944002.0,8.52125,44.41,30.2705
952002.0,8.57408,44.5777,35.0763
960002.0,8.46529,44.5798,39.9665
968002.0,8.216330000000001,44.6263,44.6206
976002.0,8.862969999999999,44.6992,0.29581799999999997
984002.0,8.9181,44.8973,5.23841
992002.0,9.184510000000001,45.0737,9.46497
1000002.0,9.17869,45.052,13.8826
1008002.0,9.63745,45.2227,18.7972
1016002.0,9.67292,45.3025,23.5373
1024002.0,10.1353,45.4895,28.0409
1032002.0,10.1518,45.4778,32.4556
1040002.0,10.3622,45.6597,37.2449
1048002.0,10.4739,45.7087,42.13
1056002.0,10.5707,45.6032,46.8668
1064002.0,10.7337,45.6183,2.43929
1072002.0,11.129000000000001,45.7949,7.163589999999999
1080002.0,11.4937,46.119,11.7446
1088002.0,11.6942,46.0473,16.5607
1096002.0,11.8727,45.9986,21.7252
1104002.0,11.9056,46.1219,26.4742
1112002.0,11.6826,46.3486,31.2257
1120002.0,12.0451,46.1111,36.4139
1128002.0,12.5301,45.7518,41.521
1136002.0,12.3338,45.7834,46.742
1144002.0,12.55,45.5891,2.02057
1152002.0,12.69,45.5099,7.59998
1160002.0,12.8376,45.4624,12.7008
1168002.0,13.2381,45.2432,17.7968
1176002.0,13.2206,45.1621,22.6451
1184002.0,13.5824,44.8419,27.7126
1192002.0,13.7727,44.7449,32.6512
1200002.0,13.6095,44.8416,37.7951
1208002.0,13.747,44.667,42.8388
1216002.0,13.7632,44.8969,47.6745
1224002.0,13.7047,45.0522,3.3872400000000003
1232002.0,14.0665,44.8235,8.69425
1240002.0,13.9279,44.8213,14.3895
1248002.0,13.9458,44.5316,19.4706
1256002.0,14.1329,44.3059,24.1993
1264002.0,14.3039,44.5136,29.1871
1272002.0,14.7383,44.623999999999995,34.6175
1280002.0,15.1714,44.5281,39.9598
1288002.0,15.2046,44.5378,44.471000000000004
1296002.0,15.1328,44.5242,0.247925
1304002.0,15.3583,44.3702,5.44221
1312002.0,15.6503,44.298,11.0215
1320002.0,15.9199,44.3967,15.8556
1328002.0,15.378,44.5738,20.393
1336002.0,15.71,44.5509,25.3887
1344002.0,16.4692,44.4492,30.1917
1352002.0,17.2735,44.2819,35.739000000000004
1360002.0,17.713,44.347,40.4968
1368002.0,18.2281,44.3085,45.7113
1376002.0,18.6628,44.3256,0.740801
1384002.0,19.2233,44.1096,5.30501
1392002.0,19.2808,44.2759,11.1559
1400002.0,19.5932,44.2026,16.6272
1408002.0,19.84,44.222,22.1921
1416002.0,20.0642,44.1897,27.1946
1424002.0,20.0283,44.2474,32.6909
1432002.0,20.2915,44.0914,38.2909
1440002.0,21.403000000000002,44.066,43.8853
1448002.0,21.4877,44.0401,48.7422
1456002.0,21.6323,44.0683,4.03986
1464002.0,21.6803,44.3127,9.04916
1472002.0,21.5513,44.266999999999996,13.7697
1480002.0,21.5561,44.4068,18.6305
1488002.0,21.7681,44.3829,23.3313
1496002.0,22.0236,44.2983,27.9996
1504002.0,22.266,44.4487,33.0291
1512002.0,22.5761,44.3259,38.2869
1520002.0,22.8251,44.1574,43.3508
1528002.0,22.8434,43.4816,48.783
1536002.0,23.6491,43.1251,4.13402
1544002.0,23.9318,42.5747,8.54227
1552002.0,25.4976,42.8479,13.4087
1560002.0,25.8548,42.7025,18.4728
1568002.0,25.8607,42.5955,23.5848
1576002.0,25.8949,42.0191,29.1874
1584002.0,26.1299,42.004,34.3038
1592002.0,26.3329,42.0204,39.1447
1600002.0,26.5292,42.0469,43.9843
1608002.0,26.5205,42.067,48.9682
1616002.0,26.4542,41.8782,4.27642
1624002.0,26.3592,41.4228,8.50383
1632002.0,26.6254,41.3679,12.0304
1640002.0,27.3312,41.8083,16.8486
1648002.0,27.7372,42.4863,21.9045
1656002.0,27.2122,42.2674,27.8657
1664002.0,27.7327,42.2289,32.114000000000004
1672002.0,27.6016,42.2723,36.8943
1680002.0,27.9282,42.3842,41.9141
1688002.0,27.7476,41.8736,46.2327
1696002.0,27.7239,41.1427,2.36001
1704002.0,27.9188,41.0533,7.34939
1712002.0,27.8218,40.878,12.5379
1720002.0,28.3157,40.842,16.9311
1728002.0,29.1494,40.6064,21.708000000000002
1736002.0,29.2534,41.0155,26.8574
1744002.0,29.4272,40.9576,31.173000000000002
1752002.0,29.8243,40.541,35.6166
1760002.0,29.9761,40.8019,40.2334
1768002.0,30.6084,41.1243,45.1268
1776002.0,30.5613,40.6243,0.516335
1784002.0,30.32,40.0769,4.92802
1792002.0,30.3636,39.983000000000004,9.263539999999999
1800002.0,30.6835,39.74,14.3994
1808002.0,31.1675,39.9488,19.2931
1816002.0,31.9409,39.7279,23.8767
1824002.0,31.4198,39.6853,29.0034
1832002.0,31.8069,39.0995,33.3417
1840002.0,31.8332,39.3771,38.1177
1848002.0,31.55,39.3294,43.3587
1856002.0,32.0209,39.298,47.5856
1864002.0,32.5846,39.6702,2.6814299999999998
1872002.0,32.6306,39.4785,7.06513
1880002.0,34.6074,39.9731,12.1726
1888002.0,36.8552,39.8663,17.0112
1896002.0,37.6392,39.7777,21.962
1904002.0,37.834,39.5114,26.5755
1912002.0,37.6157,39.51,31.5485
1920002.0,37.0101,39.1847,36.1994
1928002.0,38.0378,39.2101,40.9766
1936002.0,39.1522,39.0616,45.6005
1944002.0,39.3627,38.8938,0.9921700000000001
1952002.0,39.5248,38.7855,6.0209
1960002.0,39.1726,38.7854,10.9298
1968002.0,39.3652,38.7199,15.2813
1976002.0,39.6134,38.6793,20.1112
1984002.0,40.3646,38.7612,25.2969
1992002.0,40.6844,38.7347,30.0858
2000002.0,41.2601,38.5354,34.3928
2008002.0,41.9336,38.8365,39.6749
2016002.0,42.5762,39.0385,44.7899
2024002.0,43.1425,39.1387,49.345
2032002.0,43.622,39.2686,4.5356
2040002.0,44.8238,39.3706,8.911710000000001
2048002.0,45.1635,39.2467,14.3924
2056002.0,46.1914,39.2439,18.5583
2064002.0,46.4457,39.3201,23.3023
2072002.0,47.8714,40.0133,27.7504
2080002.0,48.4707,40.1332,32.2483
2088002.0,49.1696,40.0488,36.4434
2096002.0,0.33755300000000005,39.9243,40.5264
2104002.0,1.20497,39.9046,44.6723
2112002.0,1.9256099999999998,39.6187,0.7528819999999999
2120002.0,1.57587,39.5486,6.32214
2128002.0,1.71607,39.5682,10.359000000000002
2136002.0,2.82571,39.2118,15.0319
2144002.0,3.15449,39.2619,20.0351
2152002.0,4.331180000000001,38.8476,23.7249
2160002.0,4.64478,39.2755,27.7427
2168002.0,4.34598,39.5198,32.9678
2176002.0,2.63634,40.6993,37.0738
2184002.0,3.9047699999999996,39.6825,41.4806
2192002.0,4.16124,39.426,45.2023
2200002.0,4.30575,38.9182,49.0243
2208002.0,5.1791,38.6593,3.80694
2216002.0,5.22325,38.6472,8.6705
2224002.0,5.32805,38.6381,14.5859
2232002.0,5.4810300000000005,38.3484,19.3155
2240002.0,6.365069999999999,38.4524,23.9694
2248002.0,7.28321,38.5488,28.0521
2256002.0,7.184489999999999,38.8071,31.903000000000002
2264002.0,6.9676800000000005,38.8206,35.9312
2272002.0,7.58132,38.6819,40.6568
2280002.0,7.9173800000000005,38.6881,45.7172
2288002.0,7.89677,38.5637,0.9642729999999999
2296002.0,8.83019,38.5139,5.95592
2304002.0,9.21137,38.6642,10.2093
2312002.0,9.59394,38.8415,15.3414
2320002.0,11.0646,38.2516,19.9318
2328002.0,11.8233,38.4588,24.2684
2336002.0,11.6103,38.707,28.49
2344002.0,11.7802,38.6725,32.8749
2352002.0,12.2513,38.7017,37.5993
2360002.0,13.1523,38.6233,42.4778
2368002.0,13.2916,38.6071,47.5645
2376002.0,13.8527,38.5512,3.0569900000000003
2384002.0,13.9334,38.4903,7.99834
2392002.0,14.2175,38.3413,12.9647
2400002.0,14.5626,38.503,17.2609
2408002.0,15.0269,38.3257,22.4804
2414002.0,15.6417,38.7469,26.7308
2422002.0,16.3045,39.3908,32.5734
2430002.0,19.6437,40.0369,37.6581
2438002.0,22.1324,39.9845,43.3295
2446002.0,22.8135,40.1428,48.5814
2454002.0,22.7718,40.4867,3.53133
2462002.0,24.2952,40.5486,8.206669999999999
2470002.0,25.5597,40.8008,12.4228
2478002.0,26.0681,40.7623,16.9014
2486002.0,27.0838,40.5879,20.9319
2494002.0,28.1217,40.5455,25.1001
2502002.0,28.345,40.5543,29.7857
2510002.0,29.5698,40.5103,34.9333
2518002.0,29.865,40.335,39.321999999999996
2526002.0,31.6928,40.1975,42.4509
2534002.0,32.9757,40.1002,47.0863
2542002.0,32.9689,39.8696,2.46959
2550002.0,33.5997,40.0587,7.04853
2558002.0,35.1158,40.4199,10.7973
2566002.0,36.2868,40.5484,14.4739
2574002.0,37.8013,40.4749,17.9864
2582002.0,38.1888,40.5947,21.5573
2590002.0,40.0953,40.5635,26.2897
2598002.0,41.8502,39.9246,31.8862
2606002.0,42.7653,40.1435,36.6701
2614002.0,43.5742,40.0166,41.5903
2622002.0,43.8307,40.0446,46.3532
2630002.0,44.5171,40.0749,1.39713
2638002.0,44.7373,40.1278,5.95709
2646002.0,45.31,40.3877,11.0348
2654002.0,45.563,40.8334,16.0527
2662002.0,45.9022,41.0308,20.2445
2670002.0,45.9232,41.3593,25.4006
2678002.0,47.2177,41.5278,30.2885
2686002.0,0.011184200000000002,41.7368,34.861999999999995
2694002.0,1.23312,41.4958,39.2291
2702002.0,2.11859,41.2042,43.7521
2710002.0,2.7358,41.3876,48.7096
2718002.0,3.5300800000000003,41.2876,3.80631
2726002.0,4.55221,41.3397,7.0291
2734002.0,5.065259999999999,41.3469,11.845999999999998
2742002.0,6.094930000000001,41.5102,16.5544
2750002.0,7.38577,41.1978,21.3206
2758002.0,8.096919999999999,41.0746,26.0131
2766002.0,8.47687,41.1157,31.035
2774002.0,8.43333,41.2085,35.5786
2782002.0,8.42044,41.512,40.3445
2790002.0,8.64206,41.4979,45.3818
2798002.0,9.122710000000001,41.5334,0.6607350000000001
2806002.0,9.66189,41.5187,5.83079
2814002.0,9.80867,41.4546,11.3195
2822002.0,10.5773,41.4269,16.5046
2830002.0,10.8688,41.4137,21.436
2838002.0,11.4259,41.5105,25.7103
2846002.0,12.9072,41.3583,30.4246
2854002.0,13.9295,41.3345,35.8714
2862002.0,15.0239,41.23,41.3481
2870002.0,15.2927,41.2929,45.5465
2878002.0,16.4753,41.2955,1.44651
2886002.0,16.6899,41.3229,5.647880000000001
2894002.0,17.6355,41.2024,10.0655
2902002.0,18.5424,41.132,15.0208
2910002.0,18.9826,41.1966,20.0779
2918002.0,19.0846,41.3493,24.5471
2926002.0,19.418,41.2499,29.8297
2934002.0,20.4034,40.8867,35.0491
2942002.0,20.5236,40.635999999999996,40.1251
2950002.0,20.6793,40.5542,45.3507
2958002.0,21.1434,40.6179,0.5748840000000001
2966002.0,21.818,40.7444,5.14162
2974002.0,21.717,40.8321,9.5662
2982002.0,21.955,40.7928,14.9624
2990002.0,22.3597,40.5699,19.9113
2998002.0,22.8759,40.6996,24.9092
3006002.0,23.406999999999996,40.4639,29.8043
3014002.0,23.1186,40.246,34.6569
3022002.0,23.2461,40.1751,39.4526
3030002.0,23.541999999999998,39.8576,44.9405
3038002.0,23.3499,40.3685,0.06979060000000001
3046002.0,23.5719,40.1092,5.23605
3054002.0,25.3502,39.6336,9.905389999999999
3062002.0,25.6376,39.4734,14.5889
3070002.0,26.482,39.2764,20.8809
3078002.0,26.2338,38.8868,24.7035
3086002.0,26.4542,38.8271,29.9518
3094002.0,27.625999999999998,38.148,34.7226
3102002.0,28.2958,38.2668,38.1724
3110002.0,28.9528,38.3596,43.3074
3118002.0,29.3667,37.9791,48.0984
3126002.0,29.2401,37.5584,4.01096
3134002.0,29.8023,37.4457,8.98593
3142002.0,29.4552,37.7216,13.4186
3150002.0,30.995,37.3755,17.7914
3158002.0,33.0946,37.5013,21.5793
3166002.0,33.7923,37.7,26.2711
3174002.0,34.6697,38.061,29.3627
3182002.0,35.5584,38.0469,34.1679
3190002.0,37.0057,38.363,38.3779
3198002.0,37.6323,38.7105,43.1442
3206002.0,38.6683,39.0161,47.5932
3214002.0,39.9714,38.9667,1.7985400000000002
3222002.0,41.7764,38.7275,6.600860000000001
3230002.0,43.1929,38.8715,11.2223
3238002.0,43.7719,38.8813,15.5514
3246002.0,44.5572,39.0214,19.8182
3254002.0,44.7838,40.2022,23.3163
3262002.0,45.1648,40.4818,26.9356
3270002.0,45.4395,41.1783,31.8349
3278002.0,45.5344,40.5158,36.0868
3286002.0,45.9434,40.9386,39.4876
3294002.0,46.7262,41.2727,42.7148
3302002.0,47.0938,41.2045,47.4647
3310002.0,47.1923,41.4107,1.9276099999999998
3318002.0,47.8068,41.1946,6.22858
3326002.0,48.8219,41.0004,10.4526
3334002.0,0.422918,41.306999999999995,15.0462
3342002.0,1.2216,41.4771,19.9189
3350002.0,2.21048,41.614,24.3826
3358002.0,3.92204,42.0622,28.6698
3366002.0,6.09197,42.443000000000005,33.5418
3374002.0,6.88501,42.9245,37.8065
3382002.0,8.71922,42.7189,43.792
3390002.0,10.5957,43.3317,48.2636
3398002.0,10.1518,42.0765,4.34406
3406002.0,10.5888,42.4602,8.9451
3414002.0,13.161,42.9754,13.5178
3422002.0,15.1301,43.2113,18.4587
3430002.0,16.8099,43.1482,23.6174
3438002.0,17.3229,43.2114,28.4665
3446002.0,17.4924,43.3275,33.1795
3454002.0,17.7684,43.4166,37.7581
3462002.0,17.9919,43.5897,42.531000000000006
3470002.0,18.0357,43.5701,46.6651
3478002.0,17.9685,43.3112,2.18856
3486002.0,18.0742,43.3245,6.81575
3494002.0,18.0061,43.1903,11.8372
3502002.0,17.9303,43.29600000000001,16.7267
3510002.0,17.831,43.5706,21.5571
3518002.0,17.7609,43.4014,26.8155
3526002.0,17.9889,43.8823,31.3805
3534002.0,18.6484,43.6111,35.963
3542002.0,18.7971,43.6858,40.5162
3550002.0,18.5924,43.7722,45.2474
3558002.0,18.6172,43.5818,0.7955260000000001
3566002.0,18.9774,43.2853,5.91983
3574002.0,19.0168,43.0939,11.2522
3582002.0,19.2304,43.1854,16.5441
3590002.0,19.305999999999997,43.4199,21.48
3598002.0,19.717,43.5741,26.4065
3606002.0,19.9386,43.7673,31.5423
3614002.0,19.9561,43.6212,36.1202
3622002.0,20.1822,43.7754,41.2647
3630002.0,20.505,43.943000000000005,45.5191
3638002.0,20.583000000000002,44.1312,0.7691
3646002.0,20.7042,44.2081,5.81285
3654002.0,20.7925,44.383,10.6066
3662002.0,21.0628,44.123999999999995,15.735
3670002.0,21.2546,44.2765,20.289
3678002.0,21.2629,44.2698,25.0671
3686002.0,21.8815,44.4189,29.9203
3694002.0,22.0119,44.3376,35.1112
3702002.0,22.1272,44.2263,40.0196
3710002.0,22.3505,44.1812,44.8846
3718002.0,22.5713,44.1654,0.548229
3726002.0,22.5345,44.2095,5.50937
3734002.0,22.4777,44.2137,10.4282
3742002.0,22.7852,44.1286,15.3867
3750002.0,23.4244,43.9855,20.7223
3758002.0,24.4652,44.0389,26.0267
3766002.0,25.7978,44.163000000000004,30.5309
3774002.0,27.1013,44.3294,35.3157
3782002.0,27.5111,43.8685,40.3016
3790002.0,27.8322,43.6067,45.7092
3798002.0,27.9326,43.4838,0.983197
3806002.0,28.0426,43.4539,5.57967
3814002.0,29.1709,43.5934,10.1026
3822002.0,30.5119,43.8493,14.5996
3830002.0,30.8607,43.7325,19.236
3838002.0,31.5747,43.8469,23.915
3846002.0,31.7462,43.9071,28.9921
3854002.0,31.8843,43.801,33.8889
3862002.0,32.1334,43.7575,38.6304
3870002.0,32.5859,43.751999999999995,43.6623
3878002.0,32.765,43.8121,48.9018
3886002.0,32.5819,43.9289,4.46133
3894002.0,33.1279,43.5598,9.1665
3902002.0,33.3006,43.2673,14.0931
3910002.0,34.8428,43.3991,19.1602
3918002.0,36.1692,43.9601,24.3706
3926002.0,37.7799,43.7355,29.175
3934002.0,38.6106,43.8632,34.2185
3942002.0,38.9669,44.0029,39.1512
3950002.0,39.6094,43.9799,44.04
3958002.0,39.4087,44.0158,49.1086
3966002.0,40.0861,44.0805,4.55315
3974002.0,40.832,44.1787,9.25451
3982002.0,41.1022,44.5023,13.863
3990002.0,42.1349,44.9099,18.6294
3998002.0,42.6465,44.8406,22.7927
4006002.0,43.3144,44.8525,27.7064
4014002.0,43.728,44.9224,32.6381
4022002.0,43.6816,44.8888,37.4845
4030002.0,43.9159,44.9969,41.9989
4038002.0,44.0416,44.8156,46.5884
4046002.0,45.406000000000006,45.3497,1.42811
4054002.0,45.6142,45.4599,6.47412
4062002.0,46.3797,45.3727,11.6523
4070002.0,46.453,45.3897,15.7704
4078002.0,46.467,45.4894,20.9875
4086002.0,47.1341,44.9823,24.6491
4094002.0,46.8873,45.812,29.046
4102002.0,47.23,46.7127,34.7123
4110002.0,47.6613,46.8181,39.694
4118002.0,48.4822,46.8091,44.6103
4126002.0,49.1264,46.5526,49.108000000000004
4134002.0,0.12693800000000002,46.6322,3.93915
4142002.0,0.0338354,46.707,8.53725
4150002.0,0.41440600000000005,46.3726,13.2382
4158002.0,0.39258899999999997,46.5023,18.1237
4166002.0,0.391385,46.6449,21.6815
4174002.0,0.8845370000000001,46.3894,25.4558
4182002.0,0.182622,46.2162,30.1676
4190002.0,48.97,46.6791,33.7053
4198002.0,49.4457,46.7533,39.2947
4206002.0,0.354593,46.6419,44.2025
4214002.0,0.292112,46.5474,49.228
4222002.0,0.522116,46.6531,5.06252
4230002.0,1.3612,46.7453,10.4376
4238002.0,1.92977,47.352,16.1428
4246002.0,2.5550599999999997,47.4666,21.191999999999997
4254002.0,3.22249,47.3439,27.1903
4262002.0,3.24212,47.0647,32.4929
4270002.0,3.4957199999999995,46.9774,37.4655
4278002.0,3.8948300000000002,46.9735,42.7399
4286002.0,4.24699,46.8451,48.0989
4294002.0,4.60979,46.8654,3.9628
4302002.0,4.8244,46.8342,8.81874
4310002.0,5.10766,46.9685,13.7381
4318002.0,5.04999,47.05,18.7219
4326002.0,4.96145,47.0102,23.8031
4334002.0,4.93614,47.0305,28.7239
4342002.0,5.301740000000001,47.0201,33.8994
4350002.0,5.39246,47.0967,39.1012
4358002.0,5.8557,46.9869,44.1566
4366002.0,6.09609,46.8758,48.9883
4374002.0,6.1262099999999995,46.8446,3.82332
4382002.0,6.2657099999999994,46.8644,8.51784
4390002.0,6.63903,46.8576,13.5306
4398002.0,6.74315,46.8698,18.8119
4406002.0,7.083189999999999,46.7549,24.1906
4414002.0,7.30468,46.8255,29.2845
4422002.0,7.396489999999999,46.876999999999995,34.3641
4430002.0,7.71992,46.5791,40.0179
4438002.0,7.69769,46.4904,45.1023
4446002.0,7.59467,46.3577,0.0960758
4454002.0,7.66558,46.441,4.80512
4462002.0,7.7023399999999995,46.3691,9.65194
4470002.0,8.18995,46.4877,14.8477
4478002.0,8.86622,46.4109,19.8169
4486002.0,8.54296,46.7477,24.6007
4494002.0,8.571489999999999,46.6886,29.1096
4502002.0,8.869,46.6479,34.3031
4510002.0,8.88149,46.9819,39.5051
4518002.0,8.97461,47.0921,44.2276
4526002.0,9.48156,46.9911,0.151513
4534002.0,9.53341,46.961999999999996,5.062869999999999
4542002.0,9.3584,46.9753,10.0842
4550002.0,9.72658,47.0257,14.9002
4558002.0,9.51869,46.8682,20.0352
4566002.0,9.6441,46.8045,25.4792
4574002.0,10.3206,46.6046,30.7989
4582002.0,11.0085,46.7231,35.6655
4590002.0,12.0207,46.7751,41.1599
4598002.0,13.2193,46.4991,46.4515
4606002.0,14.113,46.5536,1.61022
4614002.0,14.7026,46.871,5.77168
4622002.0,14.769,47.2381,10.0395
4630002.0,14.9834,47.146,14.1865
4638002.0,15.2594,47.4646,18.5307
4646002.0,15.5441,47.5395,23.3434
4654002.0,15.4907,47.67,27.9136
4662002.0,16.0315,47.6243,32.64
4670002.0,16.3934,47.6668,37.5931
4678002.0,16.4226,47.5433,42.8965
4686002.0,16.7275,47.4657,47.8937
4694002.0,16.6928,47.5377,3.46821
4702002.0,17.521,47.621,8.0909
4710002.0,17.9375,47.6589,12.7634
4718002.0,18.3529,47.6501,16.9856
4726002.0,18.2938,47.5949,21.8912
4734002.0,19.1395,47.4845,26.4209
4742002.0,19.3386,47.4594,31.1836
4750002.0,19.2747,47.6152,35.7108
4758002.0,19.534000000000002,47.5248,40.4562
4760002.0,19.5954,47.5767,41.5006
4768002.0,19.4668,47.5249,46.4996
4776002.0,20.0482,47.5562,1.6365399999999999
4784002.0,21.2419,47.5884,6.63059
4792002.0,21.6147,47.5514,11.259
4800002.0,21.8989,47.5247,16.2306
4808002.0,22.0372,47.4628,20.8965
4816002.0,23.1808,47.42,25.659000000000002
4824002.0,24.6291,47.5007,30.1827
4832002.0,25.7789,47.2859,34.8848
4840002.0,26.3775,47.3718,39.7006
4848002.0,26.7898,47.5183,44.7244
4856002.0,28.3666,47.5157,49.0937
4864002.0,28.8137,47.4439,4.57214
4872002.0,30.6361,47.4561,8.181939999999999
4880002.0,30.3517,47.4708,14.0374
4888002.0,30.8897,47.5735,18.5582
4896002.0,31.7925,47.5792,23.5516
4904002.0,32.3018,47.4957,28.0751
4912002.0,32.6189,47.4523,32.8987
4920002.0,33.9999,47.4224,37.6453
4928002.0,35.3209,47.3647,42.2608
4936002.0,35.7657,47.3863,47.3958
4944002.0,35.6927,47.4506,2.7147
4952002.0,36.4902,47.278999999999996,7.83173
4960002.0,36.9793,47.2477,12.7452
4968002.0,37.2354,47.2293,17.7067
4976002.0,37.7458,47.3183,22.4809
4984002.0,37.9347,47.4245,27.2028
4992002.0,38.4076,47.5133,31.9098
5000002.0,38.9736,47.4995,37.1098
5008002.0,39.0411,47.3011,41.614
5016002.0,40.0985,47.4089,45.6961
5024002.0,40.2783,46.911,0.6984020000000001
5032002.0,42.0197,47.0066,5.93559
5040002.0,42.0433,46.5035,10.8007
5048002.0,42.3414,46.2615,15.8379
5056002.0,45.7116,43.1649,21.2819
5064002.0,47.8628,41.8601,25.9884
5072002.0,48.8237,41.5907,30.9194
5080002.0,0.39295399999999997,41.6084,36.3459
5088002.0,0.578046,41.4338,41.7734
5096002.0,2.4722299999999997,41.7437,46.9212
5104002.0,3.7589300000000003,41.8275,2.49329
5112002.0,5.05858,41.9652,7.581460000000001
5120002.0,5.95786,42.2378,12.7597
5128002.0,6.52551,42.3571,18.2299
5136002.0,6.87202,42.3946,23.2735
5144002.0,7.78005,42.2272,28.5442
5152002.0,7.963830000000001,42.2334,33.9188
5160002.0,8.861239999999999,42.1813,39.2644
5168002.0,9.250060000000001,42.2513,44.6311
5176002.0,9.5042,42.1487,0.359485
5184002.0,10.0396,42.1436,5.6038
5192002.0,10.4463,42.1614,10.2101
5200002.0,11.3963,41.9441,15.216
5208002.0,11.5564,42.1479,20.0055
5216002.0,12.4102,42.1395,25.0309
5224002.0,13.2503,41.7678,29.4497
5232002.0,13.7461,41.515,34.4443
5240002.0,14.4723,41.1616,39.2931
5248002.0,14.0433,40.0582,43.9867
5256002.0,14.4264,38.9539,47.1809
5264002.0,16.9149,39.1949,1.8576099999999998
5272002.0,17.1807,38.7824,5.99199
5280002.0,18.2314,38.909,11.2797
5288002.0,17.7366,38.9566,15.1627
5296002.0,18.7332,39.1977,20.019000000000002
5304002.0,19.4144,39.3618,25.0602
5312002.0,21.4423,39.4874,30.4064
5320002.0,21.7918,39.3508,35.7483
5328002.0,22.1157,39.3785,40.2846
5336002.0,23.3481,39.8947,45.1089
5344002.0,24.4915,39.8272,0.434071
5352002.0,24.813000000000002,40.005,5.423369999999999
5360002.0,25.6064,40.7195,8.721110000000001
5368002.0,26.5154,40.5214,13.9094
5376002.0,27.0853,40.6199,18.2456
5384002.0,28.2385,40.5466,23.2362
5392002.0,27.8882,40.3862,26.8155
5400002.0,28.2734,40.5398,31.4709
5408002.0,28.695,40.5853,35.7438
5416002.0,29.5101,40.4977,41.4835
5424002.0,29.5747,40.3031,46.2168
5432002.0,29.9923,40.265,1.40679
5440002.0,30.3751,39.4737,5.18311
5448002.0,30.0829,38.3169,10.9366
5456002.0,31.0525,38.5924,17.5603
5464002.0,31.0307,37.3911,22.5619
5472002.0,29.8478,37.8358,26.0759
5480002.0,29.9223,38.3085,35.7965
5488002.0,31.0616,37.6223,40.6028
5496002.0,34.9372,37.2423,46.6982
5504002.0,35.8171,36.8776,1.61693
5512002.0,37.5911,36.8274,5.79822
5520002.0,38.466,37.0453,10.4024
5528002.0,40.2788,37.0317,14.6759
5536002.0,40.8943,36.9634,18.8518
5544002.0,41.8295,37.4682,23.1696
5552002.0,42.4517,37.8834,27.4602
5560002.0,43.2954,38.0794,32.0204
5568002.0,44.3288,38.6954,36.4577
5576002.0,44.7217,38.6578,40.3733
5584002.0,45.3448,38.5037,45.6523
5592002.0,45.5999,38.722,0.756495
5600002.0,45.7929,38.8178,5.74861
5608002.0,46.348,38.8172,10.0394
5616002.0,46.8471,39.1206,14.7822
5624002.0,46.9587,39.1777,19.3354
5632002.0,47.9733,39.097,24.1899
5640002.0,0.163613,38.7878,28.9742
5648002.0,1.12465,38.9177,34.078
5656002.0,1.15676,39.1304,39.0297
5664002.0,1.3043,39.5386,44.2635
5672002.0,1.35927,39.7788,48.4536
5680002.0,1.44381,39.9648,3.88789
5688002.0,1.8773099999999998,39.7781,8.42207
5696002.0,2.50882,39.9962,13.214
5704002.0,3.05258,39.8506,18.532
5712002.0,3.04477,39.8295,22.7485
5720002.0,2.25438,40.2408,27.0616
5728002.0,2.0928400000000003,40.6655,31.3367
5736002.0,2.16262,40.6974,36.1286
5744002.0,2.7654799999999997,40.9465,41.3002
5752002.0,3.1714700000000002,40.9416,46.5171
5760002.0,3.65924,41.1201,1.43105
5768002.0,5.43657,41.5114,6.1719
5776002.0,6.8347,41.6078,11.0921
5784002.0,7.1436399999999995,41.9161,16.3308
5792002.0,7.729419999999999,42.138000000000005,21.2404
5800002.0,8.37524,42.1773,26.1611
5808002.0,9.121960000000001,42.3915,31.2195
5816002.0,11.0853,42.1299,35.9426
5824002.0,12.0933,42.033,40.4088
5832002.0,12.4117,41.9654,44.9766
5840002.0,13.2314,41.8099,0.21240100000000003
5848002.0,14.4174,41.7778,4.9275400000000005
5856002.0,15.2075,41.6645,9.8181
5864002.0,16.499000000000002,41.3455,14.5978
5872002.0,17.007,40.9443,19.2625
5880002.0,17.1719,40.5584,24.3129
5888002.0,18.0328,40.6495,29.8016
5896002.0,18.8744,40.6605,34.6252
5904002.0,19.8755,40.9438,39.3261
5912002.0,20.291,40.9248,44.1382
5920002.0,21.168000000000003,41.0881,49.1171
5928002.0,21.7052,41.2545,4.32196
5936002.0,21.9302,41.1742,9.544
5944002.0,22.2991,41.3275,14.4884
5952002.0,22.3039,41.3564,19.4683
5960002.0,22.180999999999997,41.372,24.2768
5968002.0,22.2178,41.5774,28.7271
5976002.0,22.2121,41.6801,33.999
5984002.0,22.2621,41.88,39.0003
5992002.0,22.2403,41.8632,44.1826
6000002.0,22.5534,41.8995,49.1268
6008002.0,22.5937,41.9787,4.14101
6016002.0,23.0902,42.0124,8.666730000000001
6024002.0,23.0377,42.0973,13.6987
6032002.0,23.2107,42.2722,18.5065
6040002.0,23.3293,42.0767,23.4253
6048002.0,23.8975,42.0898,28.301
6056002.0,24.3197,42.2789,33.2946
6064002.0,25.0072,42.0903,38.205
6072002.0,25.1365,42.2532,42.9224
6080002.0,25.644000000000002,42.3635,47.618
6088002.0,26.5298,42.2525,3.05793
6096002.0,26.8171,42.2878,7.80589
6104002.0,27.0539,42.3137,12.8052
6112002.0,27.3537,42.3332,17.715
6120002.0,27.8224,42.5325,22.4319
6128002.0,29.2987,42.2136,27.2397
6136002.0,29.5292,42.2237,32.2782
6144002.0,29.7468,42.0123,37.4015
6152002.0,30.0556,41.6928,42.4686
6160002.0,30.2974,41.5074,47.6319
6168002.0,30.5923,41.653,3.10181
6176002.0,31.0432,41.1483,8.80516
6184002.0,31.1861,41.0179,13.812999999999999
6192002.0,31.2369,40.9134,18.7312
6200002.0,31.947,40.7502,23.4784
6208002.0,32.5305,40.4277,28.5836
6216002.0,33.2026,40.3419,33.5421
6224002.0,33.7077,40.525,38.1968
6232002.0,34.2464,40.5392,43.3423
6240002.0,34.9278,40.5172,48.6243
6248002.0,36.0754,40.4304,4.06323
6256002.0,37.0835,40.3629,8.89945
6264002.0,37.9871,40.6025,13.8387
6272002.0,38.4981,40.6199,18.3642
6280002.0,38.731,40.5985,22.9137
6288002.0,38.8341,40.5844,27.8645
6296002.0,39.0103,40.5519,32.5518
6304002.0,40.0301,40.6799,37.014
6312002.0,41.4642,40.8804,41.8053
6320002.0,42.6677,40.8179,46.2462
6328002.0,43.9061,41.0188,1.8383200000000002
6336002.0,44.431999999999995,41.016000000000005,6.47555
6344002.0,45.0591,40.8984,11.3422
6352002.0,45.4307,41.0667,16.1624
6360002.0,45.852,41.2774,21.019000000000002
6368002.0,46.2054,41.4248,26.0475
6376002.0,46.4351,41.4759,30.9175
6384002.0,46.6793,41.6619,35.7252
6392002.0,46.9342,41.748999999999995,40.5107
6400002.0,46.9359,41.7259,45.5035
6408002.0,47.1851,41.9964,0.8792040000000001
6416002.0,47.6238,42.2775,5.57985
6424002.0,47.9465,42.4448,10.2225
6432002.0,48.1344,42.4664,15.0276
6440002.0,48.3083,42.1763,19.2395
6448002.0,48.5205,42.5387,24.0406
6456002.0,49.141000000000005,42.7223,28.5559
6464002.0,0.674798,42.7964,32.9078
6472002.0,1.5378399999999999,43.0016,38.0664
6480002.0,1.6664900000000002,42.591,42.4658
6488002.0,2.07995,42.9427,47.2041
6496002.0,1.80892,42.8283,2.4384900000000003
6504002.0,2.31281,43.1551,7.32441
6512002.0,2.2298400000000003,43.4356,12.3963
6520002.0,2.54794,43.7893,16.6032
6528002.0,2.7115400000000003,43.9238,21.2599
6536002.0,3.33382,43.9246,25.8483
6544002.0,3.38467,44.1769,30.8189
6552002.0,3.45707,44.1371,36.251
6560002.0,4.30881,44.1465,41.2027
6568002.0,5.01961,44.2055,45.8821
6576002.0,6.55923,45.8624,1.63565
6584002.0,6.751119999999999,46.1141,6.3021400000000005
6592002.0,7.33413,45.4833,11.3419
6600002.0,8.04626,44.6994,16.8899
6608002.0,8.97738,44.9032,21.6666
6616002.0,10.2402,44.9761,26.7525
6624002.0,12.3469,44.8206,31.7082
6632002.0,14.158,44.8056,37.3261
6640002.0,14.4635,44.6697,42.8215
6648002.0,15.5609,44.602,47.4492
6656002.0,16.2637,44.711999999999996,1.96524
6664002.0,16.7721,44.8767,4.4608300000000005
6672002.0,17.6416,45.0264,9.46015
6680002.0,17.7443,44.9603,14.3093
6688002.0,18.0319,44.9826,19.1979
6696002.0,18.9505,44.6212,23.2856
6704002.0,19.7898,44.5048,27.717
6712002.0,20.6078,44.6219,31.8255
6720002.0,21.7811,44.8127,35.9898
6728002.0,22.8769,44.6305,40.7163
6736002.0,23.8959,44.4557,44.9304
6744002.0,24.285,44.2152,0.10068400000000001
6752002.0,25.7407,44.1281,5.79927
6760002.0,26.1896,44.3289,10.4295
6768002.0,26.4083,44.6748,15.7833
6776002.0,26.6339,44.3988,21.0241
6784002.0,27.2583,44.4624,26.4809
6792002.0,27.5359,43.406000000000006,30.3765
6800002.0,27.9354,42.8041,34.7866
6808002.0,26.3054,42.8494,39.3972
6816002.0,26.476999999999997,43.3095,43.2607
6824002.0,26.8179,43.3433,48.5238
6832002.0,28.386,43.5253,3.5317300000000005
6840002.0,28.6927,43.536,8.856710000000001
6848002.0,28.8808,43.4368,13.9999
6856002.0,28.6755,43.4322,19.1748
6864002.0,29.0283,43.2312,23.8045
6872002.0,29.5687,43.4033,28.2088
6880002.0,29.5338,43.5528,31.9376
6888002.0,30.2147,43.8389,36.6211
6896002.0,31.2546,44.6183,41.4274
6904002.0,31.8087,44.1365,45.6415
6912002.0,32.9374,44.1714,1.25995
6920002.0,32.8743,43.9303,5.76261
6928002.0,33.4902,43.1678,10.9391
6936002.0,30.8125,41.0926,14.9544
6944002.0,33.2839,41.7248,19.8174
6952002.0,36.0029,42.2978,23.7886
6960002.0,37.3899,43.7496,27.6897
6968002.0,38.7555,43.6379,31.4758
6976002.0,39.6403,43.5586,36.4644
6984002.0,39.602,43.2416,41.1876
6992002.0,40.6657,43.4335,46.028
7000002.0,40.9129,42.6917,1.6616799999999998
7008002.0,41.6071,42.6343,6.643680000000001
7016002.0,41.8847,43.2016,10.8645
7024002.0,41.9739,43.6473,16.1642
7032002.0,43.3226,45.1711,18.1047
7040002.0,43.4101,44.8732,22.6092
7048002.0,43.8897,44.8066,27.4199
7056002.0,44.0019,44.7744,31.9406
7064002.0,44.9629,44.9132,36.7085
7072002.0,45.3684,44.0979,40.5703
7080002.0,45.7573,44.5549,44.908
7088002.0,45.7904,44.6536,0.498246
7096002.0,45.6994,44.5823,4.08699
7104002.0,45.7617,44.886,7.989160000000001
7112002.0,46.0164,45.2508,12.8657
7120002.0,46.3427,45.3527,17.1048
7128002.0,46.5676,45.9688,22.2014
7136002.0,46.9382,46.1062,27.0533
7144002.0,47.1944,46.3383,32.0114
7152002.0,47.4761,46.5674,37.1782
7160002.0,47.2146,46.6988,42.3279
7168002.0,48.1394,46.5982,47.0013
7176002.0,48.5874,46.8688,2.32606
7184002.0,0.426408,46.7001,6.92598
7192002.0,49.4602,46.7633,11.7877
7200002.0,1.1899899999999999,46.8422,16.5141
7204002.0,0.782932,47.0006,18.791
7212002.0,2.86026,46.565,23.5596
7220002.0,3.6046400000000003,46.4558,28.0248
7228002.0,3.76378,46.2455,32.6003
7236002.0,4.02463,46.0553,37.63
7244002.0,4.10243,45.8555,42.5988
7252002.0,3.9784,45.8517,47.571999999999996
7260002.0,4.41403,45.7888,2.72713
7268002.0,4.45631,46.1901,7.61684
7276002.0,4.7476199999999995,46.177,12.5597
7284002.0,4.66691,46.2188,17.9898
7292002.0,4.86072,46.2685,22.6752
7300002.0,5.27072,46.251000000000005,27.4289
7308002.0,5.70273,46.3592,32.5889
7316002.0,6.03022,46.4051,37.1357
7324002.0,6.15469,46.5098,42.1418
7332002.0,6.75829,46.4622,46.4654
7340002.0,6.89738,46.7445,1.8253099999999998
7348002.0,6.7794300000000005,46.6937,6.57476
7356002.0,6.64278,46.5957,10.8508
7364002.0,6.94128,46.5203,15.3185
7372002.0,7.214160000000001,46.5562,20.1957
7380002.0,7.19492,46.5382,25.0824
7388002.0,7.30345,46.4854,29.3518
7396002.0,7.49273,46.6688,34.0708
7404002.0,8.05027,46.6081,38.9023
7412002.0,8.06509,46.8355,43.626999999999995
7420002.0,8.20865,46.9362,48.4567
7428002.0,8.34737,47.0361,3.62915
7436002.0,8.40823,47.0555,8.36693
7444002.0,8.77842,47.0186,13.3602
7452002.0,9.41987,46.8658,18.1098
7460002.0,9.67526,46.8293,23.0778
7468002.0,9.68067,46.8242,27.9439
7476002.0,9.77432,46.7662,32.2417
7484002.0,10.0078,46.9398,37.1879
7492002.0,10.2334,46.9737,41.881
7500002.0,10.4579,46.9924,46.9224
7508002.0,10.7657,47.0374,2.144
7516002.0,10.7314,46.9488,7.19695
7524002.0,10.8867,46.9895,12.2236
7532002.0,10.9045,46.9826,17.191
7540002.0,11.1239,46.9261,22.0577
7548002.0,11.4669,47.0568,26.9683
7556002.0,11.7327,46.9807,32.1203
7564002.0,11.7223,46.9596,36.8641
7572002.0,12.1827,47.0083,41.4701
7580002.0,12.2275,47.0089,46.4918
7588002.0,12.3079,47.0724,2.02632
7596002.0,12.4874,46.9672,6.762910000000001
7604002.0,12.5342,46.9362,11.6728
7612002.0,12.4306,46.976000000000006,16.8334
7620002.0,12.4381,47.131,21.7443
7628002.0,12.859000000000002,47.3547,26.7203
7636002.0,13.5191,47.3654,31.4832
7644002.0,13.3744,47.0077,35.665
7652002.0,13.1801,47.075,40.0649
7660002.0,13.4648,47.1456,45.3038
7668002.0,14.2592,46.9685,1.07142
7676002.0,14.5693,47.0465,6.28257
7684002.0,14.5943,46.9624,11.2787
7692002.0,15.6655,46.9601,16.2039
7700002.0,15.767000000000001,46.9626,21.0661
7708002.0,15.8454,46.9312,25.980999999999998
7716002.0,15.9995,46.9573,30.8009
7724002.0,16.0525,46.8003,35.8023
7732002.0,17.1545,46.6816,40.5151
7740002.0,18.0724,46.5131,45.4654
7748002.0,18.4361,46.5384,1.34465
7756002.0,18.7688,46.4834,6.38603
7764002.0,18.8737,46.5821,11.4291
7772002.0,19.0635,46.7285,16.2513
7780002.0,19.1404,46.713,21.2189
7788002.0,19.2569,46.7157,26.1873
7796002.0,19.521,46.7964,31.0915
7804002.0,19.875,46.7188,36.0047
7812002.0,20.3,46.7179,41.1593
7820002.0,20.804000000000002,46.7979,46.0253
7828002.0,21.6158,46.8241,1.73163
7836002.0,21.8697,46.9558,6.94492
7844002.0,22.0413,47.0204,11.7196
7852002.0,22.0218,47.0639,16.7554
7860002.0,22.3717,46.9854,21.7919
7868002.0,22.3501,47.0109,26.5748
7876002.0,22.5437,46.9612,31.6061
7884002.0,22.9083,46.9574,36.5261
7892002.0,23.4005,46.8694,41.5193
7900002.0,23.5955,46.7634,46.4434
7908002.0,23.9252,46.7478,2.00177
7916002.0,23.9351,46.5843,7.14607
7924002.0,24.1438,46.5111,12.3984
7932002.0,24.2074,46.5196,17.1873
7940002.0,23.8521,46.2623,21.7158
7948002.0,23.8993,46.3071,26.7015
7956002.0,24.1419,46.3721,31.0957
7964002.0,24.2674,46.5216,35.8983
7972002.0,24.1515,46.6101,40.9135
7980002.0,24.1128,46.6761,46.0488
7988002.0,24.3544,46.7619,1.16543
7996002.0,24.8,46.9783,5.70141
