2.0,15.2992,33.4161,33.4888
8002.0,20.2132,34.0635,37.2684
16002.0,22.2113,34.236,41.1098
24002.0,22.2437,34.2168,45.9907
32002.0,22.3784,34.1463,0.31847600000000004
40002.0,22.9114,34.0972,4.78155
48002.0,23.5194,33.6621,8.736360000000001
56002.0,23.4899,33.4172,12.8144
64002.0,23.1131,33.0649,16.4702
72002.0,24.2508,32.8201,19.0114
80002.0,24.6073,32.7938,21.8701
88002.0,26.1371,32.2517,26.4206
96002.0,26.5992,32.1459,30.0432
104002.0,26.8541,31.7861,33.7163
112002.0,27.6153,31.5125,35.2647
120002.0,28.2594,30.9151,38.2202
128002.0,28.6268,30.9791,42.6148
136002.0,29.78,30.4327,46.7575
144002.0,30.3415,30.5565,1.2717200000000002
152002.0,32.007,30.3498,4.7382
160002.0,36.1228,30.8021,8.216510000000001
168002.0,37.3536,31.4696,11.4683
176002.0,37.5367,31.7163,15.2528
184002.0,38.9282,31.4121,19.209
192002.0,39.1741,31.1557,24.0233
200002.0,39.6798,30.9574,28.5045
208002.0,40.1322,30.9044,32.4152
216002.0,41.0087,30.7397,37.3409
224002.0,41.2338,30.933000000000003,41.7483
232002.0,41.784,30.9458,46.9529
240002.0,42.0022,30.9528,1.3909799999999999
248002.0,42.4863,30.9532,5.65376
256002.0,43.1337,30.811999999999998,10.6561
264002.0,43.5886,30.7637,15.7344
272002.0,45.2392,30.6435,20.3709
280002.0,46.1805,30.8537,24.5393
288002.0,46.8055,30.885,29.7534
296002.0,46.965,30.8432,33.821
304002.0,47.7617,31.1523,38.7472
312002.0,48.8575,31.1194,42.2817
320002.0,1.06029,31.226,47.0346
328002.0,3.6499800000000002,31.3457,2.48988
336002.0,4.68173,31.6351,6.6425600000000005
344002.0,4.73947,31.5679,11.6526
352002.0,4.96531,31.7651,15.2298
360002.0,5.3871400000000005,31.5573,19.4213
368002.0,6.495369999999999,31.3952,22.1165
376002.0,5.95704,31.24,27.1884
384002.0,7.40102,31.8235,31.3605
392002.0,8.138739999999999,31.8962,35.9311
400002.0,8.33863,31.9143,40.6315
408002.0,8.36328,32.0393,45.1686
416002.0,8.62352,32.0894,49.3438
424002.0,9.38875,32.2043,4.26726
432002.0,10.1358,32.3577,8.17447
440002.0,10.1343,32.65,13.4289
448002.0,10.0245,32.8959,17.8756
456002.0,9.994710000000001,33.2619,21.8666
464002.0,11.0406,33.2068,25.3336
472002.0,11.0816,33.8185,30.2395
480002.0,11.4063,33.368,35.077
488002.0,12.0108,33.3297,40.0914
496002.0,12.9178,33.063,44.5932
504002.0,13.0254,33.2912,0.27560999999999997
512002.0,13.3196,33.1749,5.06799
520002.0,13.931,32.7494,9.453380000000001
528002.0,14.8365,32.663000000000004,14.4057
536002.0,16.4805,32.7124,19.0994
544002.0,18.7248,32.8348,22.7614
552002.0,20.455,32.8797,26.7726
560002.0,22.2279,32.7808,31.0789
568002.0,22.5286,32.9605,35.5316
576002.0,23.3703,32.6697,41.0067
584002.0,24.4455,32.6856,45.8779
592002.0,25.8569,32.591,48.8184
600002.0,26.9045,32.3324,3.86562
608002.0,27.2976,32.5118,7.4825800000000005
616002.0,28.0138,32.5357,12.3224
624002.0,28.7183,32.6233,17.3183
632002.0,29.1942,32.954,22.1385
640002.0,30.5124,32.7302,25.8623
648002.0,31.0405,33.2848,28.6068
656002.0,31.0963,33.1516,33.1688
664002.0,31.4022,33.2864,37.5771
672002.0,31.6547,33.4072,42.5392
680002.0,31.9599,33.7933,47.0202
688002.0,32.5747,33.6987,2.29589
696002.0,32.966,33.5879,6.96449
704002.0,33.5793,33.7578,12.2841
712002.0,34.0487,33.8216,17.179000000000002
720002.0,34.323,34.0353,21.8763
728002.0,34.3419,34.0309,26.961
736002.0,33.575,34.1438,31.2147
744002.0,33.9231,33.92,36.1569
752002.0,33.9608,33.9091,40.5982
760002.0,34.2567,33.8982,45.8619
768002.0,34.0047,33.8955,0.618934
776002.0,34.3504,33.8953,6.29591
784002.0,34.1641,34.0016,10.267000000000001
792002.0,34.7089,33.9439,14.7023
800002.0,34.7125,33.8278,19.7966
808002.0,35.199,33.7073,24.1675
816002.0,35.1919,33.3935,29.1987
824002.0,35.9663,33.28,33.4416
832002.0,36.7955,33.1462,38.1629
840002.0,36.7899,33.3953,42.4921
848002.0,37.9468,33.135999999999996,47.4301
856002.0,39.6727,33.3489,2.01519
864002.0,41.2244,32.8594,6.22397
872002.0,41.3522,32.5153,10.6611
880002.0,41.8431,32.3558,15.1253
888002.0,43.3744,32.5985,18.7334
896002.0,44.1158,32.9268,23.1752
904002.0,44.5641,32.2537,28.4263
912002.0,44.9928,32.2101,31.7414
920002.0,45.9975,33.3653,35.709
928002.0,46.2186,32.806,40.0601
936002.0,47.6132,32.4857,43.7031
944002.0,47.9499,32.9675,47.5129
952002.0,48.6673,33.859,3.09292
960002.0,49.126999999999995,33.1565,8.56668
968002.0,0.36137199999999997,32.8238,12.4427
976002.0,0.6226079999999999,32.7399,16.7155
984002.0,0.8477690000000001,32.7375,21.0193
992002.0,1.5073,32.5487,24.0184
1000002.0,2.08989,32.7533,28.2852
1008002.0,3.1351400000000003,32.9414,32.3631
1016002.0,4.2205,32.9851,37.9029
1024002.0,5.1062199999999995,32.6977,42.0529
1032002.0,5.5531,32.3529,45.3997
1040002.0,6.93165,31.1176,0.21464699999999998
1048002.0,6.53715,30.9576,5.31323
1056002.0,6.38486,31.0662,9.548680000000001
1064002.0,6.586180000000001,30.820999999999998,15.1821
1072002.0,6.9510000000000005,30.8495,19.8284
1080002.0,7.26293,30.8412,24.1082
1088002.0,7.60847,31.5075,28.8883
1096002.0,8.33013,31.5784,33.9681
1104002.0,9.03495,32.0501,38.774
1112002.0,9.32547,32.4547,43.9269
1120002.0,9.44815,32.0438,48.2983
1128002.0,10.1776,32.46,3.50032
1136002.0,10.8538,32.1474,8.422360000000001
1144002.0,11.7592,31.8599,12.4232
1152002.0,11.7331,31.7837,17.9733
1160002.0,11.698,31.5334,22.7248
1168002.0,12.5371,31.3612,27.016
1176002.0,12.9171,31.5319,31.3006
1184002.0,13.2609,31.0964,36.0746
1192002.0,13.0135,30.6284,40.2586
1200002.0,13.0028,30.3073,44.7334
1208002.0,13.8187,30.1723,49.4227
1216002.0,14.8436,29.7469,4.07693
1224002.0,15.5211,29.6945,9.74686
1232002.0,16.1955,30.2442,14.942
1240002.0,16.5203,30.6779,20.3708
1248002.0,16.6296,30.4575,25.6344
1256002.0,17.027,30.2662,30.2207
1264002.0,17.1811,29.9321,35.3883
1272002.0,17.8127,29.9115,41.1949
1280002.0,19.2159,29.9256,45.7728
1288002.0,19.6504,30.2316,0.153353
1296002.0,19.6328,29.958000000000002,4.647469999999999
1304002.0,20.7978,29.5285,8.33634
1312002.0,20.8577,29.2319,12.7062
1320002.0,21.8529,29.2245,17.1646
1328002.0,22.8202,29.1357,21.4001
1336002.0,24.3631,28.8075,26.046999999999997
1344002.0,25.3772,27.7581,29.0535
1352002.0,26.2477,27.003,34.2632
1360002.0,26.524,27.116999999999997,38.7387
1368002.0,27.2384,26.9993,42.856
1376002.0,28.7705,26.9483,47.8213
1384002.0,28.8706,26.9156,2.45487
1392002.0,29.5155,26.4436,6.442419999999999
1400002.0,31.0572,26.4049,11.2334
1408002.0,32.5535,26.4536,15.9691
1416002.0,32.5246,26.7068,20.6232
1424002.0,33.2345,26.7401,26.1053
1432002.0,33.9495,26.7554,31.0699
1440002.0,35.5091,26.7115,35.6422
1448002.0,35.8629,26.8898,40.5293
1456002.0,37.2684,27.1546,45.4769
1464002.0,37.8301,27.2755,0.663978
1472002.0,38.625,27.565,4.84325
1480002.0,39.3426,27.3317,8.68748
1488002.0,40.2314,27.23,12.4059
1496002.0,40.855,27.1969,16.5982
1504002.0,41.7855,27.2705,20.9824
1512002.0,43.0342,27.2603,26.1999
1520002.0,43.7547,27.0446,30.5354
1528002.0,44.4906,26.8333,35.435
1536002.0,45.321000000000005,26.9319,39.6061
1544002.0,46.1225,26.9413,44.155
1552002.0,48.341,27.5973,48.2572
1560002.0,0.37130100000000005,26.9222,3.84069
1568002.0,0.608757,27.4069,7.9649600000000005
1576002.0,0.8639680000000001,27.092,12.1684
1584002.0,2.35603,27.0624,16.6014
1592002.0,2.64854,26.4472,21.1469
1600002.0,3.31302,26.9377,25.4654
1608002.0,3.7992199999999996,27.2792,30.5092
1616002.0,4.44574,27.4515,34.3979
1624002.0,5.03342,27.7633,39.3657
1632002.0,5.49442,27.7754,43.098
1640002.0,6.68341,27.9316,48.0261
1648002.0,7.74737,27.9698,2.25968
1656002.0,8.360560000000001,27.7841,6.71978
1664002.0,9.88953,27.755,11.4667
1672002.0,11.0712,27.6455,15.6158
1680002.0,11.7697,27.644000000000002,20.3499
1688002.0,12.6431,27.9433,24.8427
1696002.0,12.4719,27.9669,29.4562
1704002.0,12.8915,27.8973,34.1603
1712002.0,12.5552,28.0431,39.2405
1720002.0,13.759,28.0246,42.7832
1728002.0,14.5974,28.2798,46.6387
1736002.0,14.7457,27.9252,1.12002
1744002.0,14.5795,27.7088,5.07045
1752002.0,14.013,27.8719,8.49015
1760002.0,13.9814,28.5647,13.0691
1768002.0,15.0439,28.6813,17.3809
1776002.0,15.3421,28.7464,21.7174
1784002.0,16.2674,28.991999999999997,25.4925
1792002.0,16.5327,28.9276,29.6929
1800002.0,18.1211,29.6791,34.709
1808002.0,18.9549,29.9996,39.1708
1816002.0,19.337,30.4891,42.2425
1824002.0,18.8374,30.7523,46.3816
1832002.0,19.8551,31.5286,0.8197209999999999
1840002.0,21.5662,31.7764,4.07289
1848002.0,22.4075,32.0901,8.01367
1856002.0,23.0329,32.1058,12.3083
1864002.0,23.4981,32.3444,16.7826
1872002.0,23.7065,32.9666,20.4467
1880002.0,25.3553,32.9319,25.0832
1888002.0,27.0639,33.1952,29.9208
1896002.0,27.8849,33.3286,34.3705
1904002.0,28.3416,33.5192,38.7385
1912002.0,28.1993,33.6949,43.5399
1920002.0,28.07,33.5452,48.0053
1928002.0,29.2806,33.6418,3.00966
1936002.0,29.8225,33.9731,7.443739999999999
1944002.0,30.2886,33.8517,12.6306
1952002.0,30.199,33.9483,17.609
1960002.0,30.3508,34.1048,22.6121
1968002.0,30.5557,34.1182,26.8764
1976002.0,30.9609,34.3623,31.0635
1984002.0,31.0173,34.513000000000005,36.2118
1992002.0,31.576,34.3084,40.8466
2000002.0,31.9194,33.9465,44.8599
2008002.0,32.3805,33.9625,0.105386
2016002.0,33.4776,34.0767,4.55999
2024002.0,33.7611,34.0353,7.61382
2032002.0,34.194,34.244,10.6375
2040002.0,35.9487,33.9459,14.4347
2048002.0,36.211,33.8022,19.9828
2056002.0,37.2101,34.0141,23.3254
2064002.0,36.9891,34.7275,27.975
2072002.0,39.064,33.939,32.4299
2080002.0,40.0492,34.108000000000004,36.4476
2088002.0,41.3689,34.0228,40.571
2096002.0,42.1014,33.7008,44.7611
2104002.0,43.3012,33.8878,48.5863
2112002.0,45.3477,33.9931,4.31078
2120002.0,45.5799,34.1846,9.52528
2128002.0,45.5955,34.2578,13.1784
2136002.0,47.1389,33.9479,17.3203
2144002.0,47.3682,34.1637,22.0125
2152002.0,48.4117,34.3905,26.2859
2160002.0,48.5756,34.1831,30.5969
2168002.0,49.0402,34.046,35.9574
2176002.0,47.4608,33.5222,39.3214
2184002.0,48.744,33.5382,41.6981
2192002.0,49.3899,33.773,45.1246
2200002.0,48.7442,34.5484,49.15
2208002.0,0.0239433,34.7973,3.56301
2216002.0,1.06332,34.8939,8.21335
2224002.0,1.26177,34.9642,13.7917
2232002.0,1.86755,34.7016,18.3509
2240002.0,2.43656,35.1853,22.726999999999997
2248002.0,3.01657,35.3503,26.3667
2256002.0,3.65007,35.5549,29.4697
2264002.0,3.98969,35.8171,33.4112
2272002.0,4.5458300000000005,35.8395,38.5046
2280002.0,5.1258,36.2278,43.0239
2288002.0,5.13761,36.278,48.1361
2296002.0,6.13355,36.6728,3.80461
2304002.0,6.6730100000000006,37.8912,8.4382
2312002.0,7.11941,38.7657,13.3948
2320002.0,8.654639999999999,37.8099,18.4271
2328002.0,9.477160000000001,37.5873,22.9334
2336002.0,9.59971,37.8211,28.0837
2344002.0,10.0878,37.7863,33.018
2352002.0,10.6364,37.5585,37.5286
2360002.0,11.4012,37.5387,42.0692
2368002.0,11.5229,37.3033,47.222
2376002.0,11.902000000000001,37.259,2.55327
2384002.0,11.9814,37.3026,7.37575
2392002.0,12.305,37.1555,12.41
2400002.0,12.4789,37.2319,16.9087
2408002.0,12.6961,36.8461,22.1096
2414002.0,13.1656,37.077,26.0972
2422002.0,14.8946,36.7895,32.759
2430002.0,18.3655,37.2824,37.7569
2438002.0,21.1127,36.9196,42.7314
2446002.0,22.0252,37.1374,47.8164
2454002.0,22.0135,36.9533,2.96725
2462002.0,23.7247,36.8203,7.44561
2470002.0,25.2161,36.9809,11.4447
2478002.0,26.4726,37.0358,16.0376
2486002.0,27.3802,37.6577,20.8599
2494002.0,27.9434,37.4476,25.0146
2502002.0,27.9208,37.1296,29.1511
2510002.0,29.1674,36.9854,34.3503
2518002.0,29.3907,36.9606,38.4865
2526002.0,30.9303,37.0494,41.7279
2534002.0,32.2818,37.0471,46.5031
2542002.0,32.4562,36.7885,2.18054
2550002.0,33.0583,36.9349,7.06162
2558002.0,34.4079,37.2374,11.2288
2566002.0,35.6107,37.1165,15.22
2574002.0,37.5838,36.9762,18.484
2582002.0,37.7618,36.978,22.0492
2590002.0,40.6498,36.564,26.4441
2598002.0,42.707,36.4984,32.0005
2606002.0,43.1247,36.663000000000004,36.4284
2614002.0,44.0295,36.9296,40.9809
2622002.0,44.2208,37.0369,45.773
2630002.0,45.2299,37.0583,0.758558
2638002.0,45.4446,37.0698,5.34083
2646002.0,46.3062,37.015,10.6525
2654002.0,46.9467,36.9447,15.870999999999999
2662002.0,47.3131,37.769,19.587
2670002.0,47.3056,38.0546,24.4099
2678002.0,48.5443,38.3564,29.2106
2686002.0,1.51986,38.5897,33.4496
2694002.0,2.54596,38.3423,37.7713
2702002.0,3.49535,38.5972,41.6762
2710002.0,4.226780000000001,38.7292,46.8322
2718002.0,4.74214,38.9779,2.01138
2726002.0,5.3807599999999995,39.0093,5.2788699999999995
2734002.0,5.76072,38.7969,10.1643
2742002.0,7.22487,38.7298,14.4657
2750002.0,8.54231,38.5372,18.727999999999998
2758002.0,9.168989999999999,38.5881,23.2647
2766002.0,9.36506,38.4673,28.3173
2774002.0,9.60525,38.4293,32.5718
2782002.0,9.96557,38.5798,36.9812
2790002.0,9.76885,38.7821,41.4412
2798002.0,10.3632,39.3329,45.7844
2806002.0,10.9645,39.7725,1.50984
2814002.0,10.7606,39.6833,7.2628699999999995
2822002.0,11.2947,39.6326,12.3145
2830002.0,11.8786,39.0041,16.4404
2838002.0,12.7154,39.1584,21.3033
2846002.0,14.1286,39.3233,25.9588
2854002.0,15.2753,39.2982,31.5813
2862002.0,16.1654,39.4085,37.233000000000004
2870002.0,16.6735,39.2412,41.1761
2878002.0,17.86,39.3783,46.4647
2886002.0,18.3344,38.8478,1.1345
2894002.0,19.2572,38.9191,5.344609999999999
2902002.0,20.1385,38.7472,10.5534
2910002.0,20.3342,39.0958,15.7666
2918002.0,20.5695,39.6278,20.1394
2926002.0,20.7236,39.6682,25.3418
2934002.0,21.309,39.8584,30.2385
2942002.0,21.4577,39.7506,35.1115
2950002.0,21.8142,39.8603,39.8547
2958002.0,22.1417,39.7567,44.5892
2966002.0,22.8394,39.56,48.9173
2974002.0,23.1612,39.4099,3.73685
2982002.0,23.2846,39.4725,9.08606
2990002.0,23.7641,39.3656,14.0383
2998002.0,24.3555,39.2921,18.6087
3006002.0,24.7531,39.1552,23.4227
3014002.0,24.6373,39.2757,28.6403
3022002.0,24.921,39.2571,33.3424
3030002.0,25.1279,39.3344,38.7708
3038002.0,25.3814,38.9962,43.7046
3046002.0,25.6162,38.8407,49.0071
3054002.0,26.9982,38.845,4.21782
3062002.0,27.057,39.107,9.00114
3070002.0,27.7314,38.955,15.0857
3078002.0,26.9139,38.4174,19.7042
3086002.0,26.8837,38.6465,25.1216
3094002.0,27.4931,38.032,30.5857
3102002.0,28.7036,38.2177,34.2821
3110002.0,29.1525,38.0004,39.3207
3118002.0,29.0967,37.8273,44.3636
3126002.0,28.3875,36.655,0.661662
3134002.0,27.2305,36.5509,4.85666
3142002.0,26.7166,36.5216,9.013639999999999
3150002.0,28.3025,36.5209,13.2182
3158002.0,30.7232,36.5149,17.1853
3166002.0,31.4464,36.5801,21.133000000000003
3174002.0,32.6246,36.7614,24.2725
3182002.0,34.2105,36.8409,29.1512
3190002.0,35.7848,37.0427,33.1025
3198002.0,36.5809,36.6868,37.5553
3206002.0,38.1183,36.6269,41.9272
3214002.0,39.1928,36.8569,45.2998
3222002.0,41.276,36.9472,49.4712
3230002.0,43.1457,36.8804,4.50809
3238002.0,43.2708,36.6569,8.85437
3246002.0,44.176,36.6578,12.7915
3254002.0,45.2701,36.6399,15.8919
3262002.0,46.2022,36.7133,19.7899
3270002.0,46.8661,36.6564,24.8973
3278002.0,47.5813,36.6775,28.4915
3286002.0,48.1027,36.7625,32.2891
3294002.0,48.5322,36.7722,35.774
3302002.0,49.1686,36.9523,40.9159
3310002.0,0.5043340000000001,36.9391,44.7744
3318002.0,0.9400850000000001,36.5295,49.4235
3326002.0,1.98039,36.0662,3.71774
3334002.0,2.9965200000000003,36.4984,8.08415
3342002.0,3.91555,36.7422,12.6959
3350002.0,5.18847,37.455999999999996,16.8908
3358002.0,7.33515,37.7623,21.0188
3366002.0,10.2692,37.193000000000005,25.5435
3374002.0,11.869000000000002,37.4479,30.8222
3382002.0,13.225,38.1479,36.3867
3390002.0,15.3373,38.5922,40.8889
3398002.0,15.3979,38.2215,45.6751
3406002.0,16.4149,38.9022,0.0931758
3414002.0,18.8151,38.8012,4.97985
3422002.0,20.9442,38.5335,9.19431
3430002.0,22.6814,38.2001,14.1248
3438002.0,23.4322,37.9624,19.1484
3446002.0,23.4831,38.0574,23.4799
3454002.0,23.425,37.8975,27.9441
3462002.0,23.3927,38.0859,32.6366
3470002.0,23.2071,37.9219,37.5644
3478002.0,23.6338,38.1085,42.5219
3486002.0,23.6966,38.113,47.7805
3494002.0,23.7633,38.4487,3.10663
3502002.0,23.5702,38.3502,8.03608
3510002.0,23.2687,38.181999999999995,13.2199
3518002.0,23.2903,38.1919,18.3597
3526002.0,23.428,38.1135,23.4729
3534002.0,23.4806,37.5908,27.8643
3542002.0,23.4026,37.7343,32.4802
3550002.0,23.6074,37.5898,37.0106
3558002.0,23.493000000000002,37.5139,41.8664
3566002.0,23.8581,37.5988,46.614
3574002.0,23.9239,37.7645,2.29534
3582002.0,24.101,37.9929,7.30815
3590002.0,24.3915,38.0473,12.0344
3598002.0,24.5972,37.7643,17.3167
3606002.0,25.0119,37.8692,22.0355
3614002.0,25.0993,37.6747,26.3936
3622002.0,25.5227,38.0707,31.3267
3630002.0,26.1024,38.2694,36.1504
3638002.0,26.3019,38.1062,41.3111
3646002.0,26.5217,38.2347,46.1786
3654002.0,26.8643,37.8031,1.5419200000000002
3662002.0,27.0251,37.8278,6.77066
3670002.0,27.2349,37.9001,11.5564
3678002.0,27.2057,38.3274,16.6664
3686002.0,27.9186,38.1761,21.7569
3694002.0,28.5256,37.571,26.275
3702002.0,28.6104,37.7584,30.4553
3710002.0,28.6914,37.7423,35.2201
3718002.0,29.0158,37.4634,40.2535
3726002.0,29.2026,37.366,45.1739
3734002.0,29.2123,37.3858,0.399183
3742002.0,29.6613,37.4547,5.1649
3750002.0,30.5258,37.2735,9.76518
3758002.0,32.7087,37.1152,15.0722
3766002.0,34.3869,36.6692,19.9489
3774002.0,35.6979,36.8625,24.8879
3782002.0,36.9803,36.6699,29.4658
3790002.0,37.8558,36.674,35.0805
3798002.0,38.2455,37.0639,39.7613
3806002.0,39.0902,36.9241,44.4874
3814002.0,41.1964,36.506,48.7266
3822002.0,42.2987,36.4006,3.32625
3830002.0,42.9024,36.416,7.69192
3838002.0,43.372,36.3664,13.0733
3846002.0,43.7926,36.4077,18.1478
3854002.0,44.1246,36.4184,23.0175
3862002.0,44.45399999999999,36.5925,27.8943
3870002.0,44.9577,36.7482,33.1802
3878002.0,45.2859,36.4822,38.1905
3886002.0,45.7039,36.3894,42.27
3894002.0,46.5623,36.451,46.6057
3902002.0,47.28,36.3278,1.86257
3910002.0,48.7257,36.3899,6.923139999999999
3918002.0,1.0084799999999998,36.1319,12.3866
3926002.0,2.92694,36.0723,16.9024
3934002.0,4.322019999999999,36.171,21.6466
3942002.0,4.84465,36.2806,26.8227
3950002.0,5.36538,36.0453,31.6049
3958002.0,5.56145,36.1674,36.33
3966002.0,6.440869999999999,36.1964,41.1191
3974002.0,7.1393699999999995,36.0255,46.64
3982002.0,7.52712,35.6011,2.0280400000000003
3990002.0,8.05739,35.6968,7.252680000000001
3998002.0,9.22751,35.8754,12.2895
4006002.0,10.8838,35.8633,17.5497
4014002.0,11.1069,36.0428,23.6542
4022002.0,11.3429,35.9444,27.9258
4030002.0,11.626,35.7224,31.6145
4038002.0,12.7222,35.7658,35.3505
4046002.0,14.2371,35.8048,39.6812
4054002.0,15.1693,35.967,44.3859
4062002.0,16.061,36.0237,49.4382
4070002.0,16.0049,36.2065,3.8902300000000003
4078002.0,15.9772,36.1251,9.02699
4086002.0,16.6413,35.9685,13.4032
4094002.0,17.4612,35.7879,17.59
4102002.0,17.5886,35.9364,22.3561
4110002.0,17.5484,36.0047,26.4666
4118002.0,18.3961,36.1795,30.8945
4126002.0,18.9408,35.9495,35.6889
4134002.0,19.6065,36.016,39.5731
4142002.0,20.7644,36.0939,43.3203
4150002.0,22.1738,36.1441,48.5942
4158002.0,23.3583,36.2734,4.65949
4166002.0,24.3044,36.266,9.313189999999999
4174002.0,25.6728,36.187,14.130999999999998
4182002.0,26.3012,36.2612,18.8522
4190002.0,27.061,36.335,23.5087
4198002.0,27.9833,36.4238,28.266
4206002.0,28.5353,36.5813,32.7926
4214002.0,29.5484,36.1107,38.235
4222002.0,30.287,36.0736,43.6367
4230002.0,31.592,35.8071,48.2627
4238002.0,33.5169,35.5853,4.22738
4246002.0,34.9371,35.8927,8.97804
4254002.0,36.8746,35.45,14.6844
4262002.0,37.9454,35.1178,20.2914
4270002.0,38.5964,35.3531,25.0059
4278002.0,39.1356,35.2408,30.1524
4286002.0,39.6182,35.7146,35.2385
4294002.0,40.0095,35.6951,39.6154
4302002.0,40.1263,36.167,44.4785
4310002.0,40.5677,35.8498,0.113068
4318002.0,40.4598,35.6087,4.18009
4326002.0,40.7197,35.8097,8.93752
4334002.0,41.25899999999999,35.9982,13.0835
4342002.0,41.5913,36.3041,17.7552
4350002.0,41.5664,36.5251,22.6264
4358002.0,42.013999999999996,36.4071,27.1894
4366002.0,42.3548,36.9466,31.639
4374002.0,42.3732,37.3992,36.1027
4382002.0,42.6131,37.8533,41.1356
4390002.0,42.9625,38.1104,46.4019
4398002.0,43.1657,37.7684,2.95828
4406002.0,43.4638,37.8003,7.930969999999999
4414002.0,43.8887,38.0977,12.8143
4422002.0,44.1708,37.7996,17.5241
4430002.0,44.1863,38.1013,22.4353
4438002.0,44.5213,38.0571,27.2796
4446002.0,44.423,38.1204,31.6545
4454002.0,44.254,38.4238,36.664
4462002.0,44.754,38.3816,42.2326
4470002.0,45.865,38.3261,47.1461
4478002.0,46.3715,37.9892,2.0886400000000003
4486002.0,47.0515,38.184,7.1451
4494002.0,47.3985,38.1191,12.1126
4502002.0,47.7565,38.2317,17.3909
4510002.0,48.6556,38.0126,22.1872
4518002.0,49.1851,37.7266,25.423000000000002
4526002.0,0.0993223,37.2108,30.1231
4534002.0,0.119801,36.7202,34.0486
4542002.0,0.373423,36.5857,38.4421
4550002.0,1.0805,36.4859,42.6698
4558002.0,2.00992,36.2434,48.17
4566002.0,2.0369099999999998,35.9414,3.85069
4574002.0,3.44046,35.7355,8.55522
4582002.0,4.82678,35.6882,13.5786
4590002.0,7.20361,35.9093,17.5134
4598002.0,9.40933,36.1075,22.7046
4606002.0,12.0432,36.1996,25.8192
4614002.0,13.6582,36.1226,29.3396
4622002.0,14.5162,36.1568,33.1011
4630002.0,16.2864,36.3949,36.5435
4638002.0,16.9753,37.0138,39.9617
4646002.0,17.8264,36.9889,44.2868
4654002.0,17.9346,37.089,47.9448
4662002.0,20.0335,36.9333,2.83813
4670002.0,20.2864,36.7415,7.6502300000000005
4678002.0,20.6007,36.7878,12.69
4686002.0,21.5362,36.7935,16.6964
4694002.0,22.4408,36.4634,21.2542
4702002.0,24.2758,36.363,24.9446
4710002.0,24.8446,36.1757,28.4133
4718002.0,25.3216,35.7332,32.3624
4726002.0,25.3976,35.3846,35.8177
4734002.0,27.3362,35.6127,39.4308
4742002.0,27.9138,35.5546,42.6934
4750002.0,28.3423,35.4453,46.7342
4758002.0,29.1504,35.3916,0.7994140000000001
4760002.0,29.3792,35.5565,1.6110200000000001
4768002.0,30.1618,35.779,5.4295
4776002.0,32.2616,35.81,8.44955
4784002.0,34.0796,35.9657,13.0907
4792002.0,34.7633,36.0178,16.9143
4800002.0,35.5471,35.8778,21.1774
4808002.0,36.4104,36.2633,25.6401
4816002.0,38.6822,36.3902,30.1154
4824002.0,41.5376,36.5075,34.2446
4832002.0,43.9824,36.6592,38.4348
4840002.0,45.7292,37.1516,43.7257
4848002.0,47.3385,37.1972,47.5853
4856002.0,0.27505599999999997,37.1427,2.6406
4864002.0,49.3794,37.9562,7.676660000000001
4872002.0,2.81867,38.0263,12.3788
4880002.0,2.69559,38.5118,16.7977
4888002.0,3.2345900000000003,38.4219,21.1044
4896002.0,5.63018,38.6281,25.6621
4904002.0,6.961460000000001,38.6513,28.8339
4912002.0,7.7588,38.7725,33.2473
4920002.0,10.5965,38.9575,37.5237
4928002.0,12.8218,39.0961,41.7566
4936002.0,13.2624,39.5214,46.3535
4944002.0,13.3527,39.8506,0.335537
4952002.0,14.4033,40.1135,4.43228
4960002.0,14.799000000000001,40.2527,9.467889999999999
4968002.0,15.0408,39.9208,13.7519
4976002.0,15.5392,39.8215,18.2238
4984002.0,16.2375,39.6415,22.7931
4992002.0,17.2133,39.8497,26.9183
5000002.0,18.2445,40.0528,32.0004
5008002.0,19.1848,39.7329,36.326
5016002.0,19.8218,39.6891,40.0817
5024002.0,19.8396,39.5718,44.1961
5032002.0,21.2456,39.8213,0.296505
5040002.0,22.3292,39.6924,4.94643
5048002.0,22.5814,39.3867,8.9902
5056002.0,24.035999999999998,39.455,14.0663
5064002.0,26.2845,38.8647,18.0798
5072002.0,26.9597,39.402,23.4677
5080002.0,28.256999999999998,39.0682,28.2355
5088002.0,28.8837,39.1239,33.1885
5096002.0,31.3747,39.6393,38.0916
5104002.0,32.2364,39.7812,43.1841
5112002.0,32.7121,39.6472,47.8758
5120002.0,33.6854,40.1158,4.33941
5128002.0,34.641,40.1247,9.91542
5136002.0,35.3917,40.3509,14.8049
5144002.0,36.3205,40.3481,19.9985
5152002.0,36.5569,40.4345,24.5078
5160002.0,37.2144,40.3633,29.1297
5168002.0,37.3704,40.1258,34.1698
5176002.0,38.6114,40.1448,38.7693
5184002.0,39.4075,40.0973,42.9007
5192002.0,40.0964,39.8032,46.5859
5200002.0,40.7745,40.0704,2.63237
5208002.0,42.0428,40.2689,6.1018099999999995
5216002.0,43.4395,40.4849,11.1517
5224002.0,44.571999999999996,40.6509,15.3654
5232002.0,45.086000000000006,40.5018,20.4208
5240002.0,45.5562,40.674,25.4628
5248002.0,46.2862,40.6582,29.739
5256002.0,46.7392,40.6676,33.6522
5264002.0,47.3909,41.5414,37.6395
5272002.0,48.1647,42.0903,42.0331
5280002.0,49.215,42.3566,46.6637
5288002.0,49.3942,42.2845,1.6675
5296002.0,0.756401,42.3119,6.50157
5304002.0,1.44238,42.2031,11.6524
5312002.0,3.13238,42.7015,16.1406
5320002.0,3.06715,42.8447,20.7466
5328002.0,3.30447,42.6843,24.9988
5336002.0,4.70827,42.9938,30.0017
5344002.0,5.60541,43.398999999999994,34.2341
5352002.0,5.540109999999999,43.4555,38.7254
5360002.0,5.9825800000000005,44.0843,42.4479
5368002.0,6.48527,44.2218,47.5088
5376002.0,6.979610000000001,44.294,2.82355
5384002.0,8.34906,44.0402,7.834860000000001
5392002.0,7.40035,44.6204,12.4204
5400002.0,7.569389999999999,44.9318,17.1973
5408002.0,8.04822,45.1248,22.031999999999996
5416002.0,8.94237,45.0316,27.1259
5424002.0,9.45885,45.1131,32.419000000000004
5432002.0,9.87337,45.0947,37.11
5440002.0,10.4868,45.0613,41.9682
5448002.0,10.5068,44.8428,46.7769
5456002.0,10.2919,44.4035,2.61992
5464002.0,10.4463,44.5307,7.77866
5472002.0,10.2742,44.7911,12.720999999999998
5480002.0,10.3564,45.3791,16.8066
5488002.0,10.6709,45.3843,20.7417
5496002.0,11.6106,46.2204,25.1059
5504002.0,12.0405,46.2191,29.9298
5512002.0,13.0926,46.5795,34.3193
5520002.0,13.6652,46.6867,39.2944
5528002.0,14.2933,46.9535,43.9363
5536002.0,14.5987,47.1038,48.8997
5544002.0,14.7406,47.1227,4.38678
5552002.0,15.0395,47.1938,9.15005
5560002.0,15.3039,47.2744,13.9764
5568002.0,15.5241,47.1567,18.8465
5576002.0,15.3868,47.2712,23.6076
5584002.0,15.456,47.2258,28.6098
5592002.0,15.6574,47.13,33.4148
5600002.0,15.5406,47.28,38.3887
5608002.0,15.5093,47.3423,42.9652
5616002.0,16.1774,47.2812,47.9972
5624002.0,16.4843,47.3873,3.53729
5632002.0,16.7934,47.1705,8.15682
5640002.0,18.2056,47.2269,13.0351
5648002.0,19.2082,47.261,17.7722
5656002.0,19.4708,47.1866,22.7047
5664002.0,19.8202,47.2302,27.729
5672002.0,20.417,47.2046,32.3309
5680002.0,20.398,47.1407,36.6906
5688002.0,20.3443,47.1073,41.4384
5696002.0,20.288,46.9912,45.4376
5704002.0,20.643,47.1364,0.929716
5712002.0,20.8134,47.2661,5.8183
5720002.0,20.7266,47.1225,11.1725
5728002.0,20.561999999999998,47.226000000000006,15.8415
5736002.0,20.569000000000003,47.2682,20.8566
5744002.0,20.5311,47.2104,25.3874
5752002.0,20.5372,47.1321,30.3258
5760002.0,19.8531,46.8591,35.0258
5768002.0,20.7339,46.6026,39.8298
5776002.0,21.5856,46.6747,44.7105
5784002.0,21.8707,46.5594,0.8664860000000001
5792002.0,21.9834,46.5141,6.03527
5800002.0,22.6314,46.5961,11.6075
5808002.0,23.2485,46.5851,16.4344
5816002.0,24.2196,46.5811,21.4163
5824002.0,24.6221,46.7314,26.5018
5832002.0,24.7186,46.5603,30.9528
5840002.0,25.1197,46.5236,35.9618
5848002.0,26.3414,46.333,41.0019
5856002.0,27.3555,46.3281,46.2152
5864002.0,28.7537,46.4916,1.8633
5872002.0,29.2498,46.6939,7.4422
5880002.0,29.3008,46.6367,12.2307
5888002.0,30.1385,46.5111,17.3644
5896002.0,30.5745,46.5496,22.1355
5904002.0,31.1036,46.8356,27.5979
5912002.0,31.3778,46.7625,32.7046
5920002.0,31.6816,46.8355,37.4521
5928002.0,32.2902,46.8191,42.5232
5936002.0,32.6361,46.6911,47.7187
5944002.0,32.6516,46.7597,3.23981
5952002.0,32.7137,46.6768,8.25027
5960002.0,32.6467,46.6579,13.2573
5968002.0,32.6001,46.7611,17.9991
5976002.0,32.5193,46.6975,23.3238
5984002.0,32.6438,46.9571,28.4852
5992002.0,32.7559,46.9709,33.3916
6000002.0,32.8747,46.8452,38.2217
6008002.0,32.9533,46.8858,42.9693
6016002.0,33.1775,46.5374,47.169
6024002.0,33.0351,46.5412,2.46115
6032002.0,33.3014,46.547,7.64041
6040002.0,33.5226,46.5968,12.6079
6048002.0,33.5607,46.6366,17.2823
6056002.0,33.7688,46.4875,22.2458
6064002.0,34.0656,46.5312,27.1461
6072002.0,34.2032,46.5844,32.2822
6080002.0,34.239000000000004,46.4675,36.6776
6088002.0,34.3589,46.6787,41.7608
6096002.0,34.4211,46.6927,46.6449
6104002.0,34.5549,46.7167,2.02505
6112002.0,34.8286,46.6914,6.9405399999999995
6120002.0,34.9994,46.5788,11.7666
6128002.0,35.0003,46.6554,16.8022
6136002.0,35.0492,46.6467,21.6653
6144002.0,34.9615,46.8429,26.5486
6152002.0,35.0152,46.8568,31.4649
6160002.0,35.0519,46.8603,36.1864
6168002.0,35.0654,46.9976,40.7381
6176002.0,35.1705,47.0308,45.5942
6184002.0,35.1686,47.0477,1.09134
6192002.0,35.1169,47.0236,6.13777
6200002.0,35.2597,47.0354,11.1044
6208002.0,35.3816,47.0012,16.2231
6216002.0,35.1205,47.3906,20.9596
6224002.0,35.1889,47.284,25.836
6232002.0,35.3382,47.0874,30.6678
6240002.0,35.6542,47.2911,35.8445
6248002.0,36.683,47.3184,40.9168
6256002.0,37.635,47.2093,45.8269
6264002.0,38.2528,47.059,1.202
6272002.0,38.6547,47.043,5.968459999999999
6280002.0,38.806,47.1581,10.5061
6288002.0,38.8353,47.211000000000006,15.4472
6296002.0,38.8235,47.3752,20.4978
6304002.0,38.801,47.4282,25.4017
6312002.0,39.4339,47.3023,30.1402
6320002.0,40.1791,47.1654,35.1512
6328002.0,41.2189,47.3357,40.1091
6336002.0,41.4138,47.3628,45.0049
6344002.0,41.7753,47.4024,0.344497
6352002.0,41.7581,47.4176,5.34322
6360002.0,41.7615,47.3637,10.2009
6368002.0,42.1208,47.2522,15.3534
6376002.0,42.3174,47.1651,20.3816
6384002.0,42.3076,47.1878,25.3314
6392002.0,42.4787,46.9408,30.3418
6400002.0,42.4651,46.8276,35.109
6408002.0,42.7531,46.4818,39.9826
6416002.0,42.9146,46.4852,44.6343
6424002.0,43.0417,46.6529,49.3706
6432002.0,42.765,46.9028,4.07306
6440002.0,42.6577,47.118,9.081339999999999
6448002.0,42.86,47.0362,14.0178
6456002.0,43.5797,46.6844,18.7793
6464002.0,44.3982,46.7522,23.4404
6472002.0,44.9216,46.7093,28.5119
6480002.0,44.9907,46.758,33.8825
6488002.0,45.0478,46.8494,38.6151
6496002.0,45.02,46.9313,43.4556
6504002.0,45.5856,47.1234,48.5462
6512002.0,45.5048,47.1719,4.01848
6520002.0,45.2821,47.2952,8.12406
6528002.0,45.7116,47.0734,12.9773
6536002.0,46.5035,46.5652,17.137
6544002.0,47.163000000000004,46.0588,21.5561
6552002.0,47.5551,46.1171,26.0056
6560002.0,48.3128,46.1363,31.0922
6568002.0,48.6099,46.6307,35.8427
6576002.0,49.07,46.7567,40.5239
6584002.0,49.1768,46.7572,45.2739
6592002.0,0.33953099999999997,46.7442,1.11885
6600002.0,0.95631,46.7617,6.256469999999999
6608002.0,1.9520400000000002,46.8967,11.4307
6616002.0,3.3901,46.5872,15.8919
6624002.0,6.02586,46.6096,20.5757
6632002.0,6.818,46.946000000000005,25.2066
6640002.0,6.75064,47.0754,30.0987
6648002.0,6.999060000000001,47.1521,34.9933
6656002.0,7.9405,47.0348,39.9289
6664002.0,8.414639999999999,47.0364,44.1103
6672002.0,8.95231,47.2681,48.4947
6680002.0,8.64107,47.2303,4.22807
6688002.0,7.704860000000001,46.7862,12.1033
6696002.0,8.491480000000001,46.9189,15.7475
6704002.0,9.08287,47.424,19.2391
6712002.0,11.0435,47.0235,23.3931
6720002.0,11.7,47.1253,28.3358
6728002.0,12.4466,47.2471,33.1293
6736002.0,13.1076,46.897,37.6231
6744002.0,13.7555,46.5042,42.8636
6752002.0,14.508,46.6879,47.8699
6760002.0,14.6381,46.8223,3.4025199999999995
6768002.0,14.5518,46.7761,8.461269999999999
6776002.0,14.6996,46.608999999999995,13.4389
6784002.0,15.6389,46.6254,18.4566
6792002.0,16.1899,46.6538,22.9202
6800002.0,16.8269,46.9886,27.9314
6808002.0,16.7413,47.0655,32.4373
6816002.0,16.6429,47.0821,37.4616
6824002.0,16.7436,47.1516,42.485
6832002.0,17.6452,47.0524,47.84
6840002.0,18.2643,46.8895,3.39069
6848002.0,18.4987,46.9926,8.20629
6856002.0,18.5192,46.9666,13.0897
6864002.0,19.1761,46.7666,17.8008
6872002.0,19.6083,46.6057,22.6349
6880002.0,19.8626,46.7362,27.2519
6888002.0,20.2163,46.9161,32.1807
6896002.0,20.8057,46.9673,36.4385
6904002.0,21.2006,46.9229,41.2084
6912002.0,21.4797,47.1561,46.4638
6920002.0,21.7576,47.2543,2.00325
6928002.0,21.7143,47.3378,7.236389999999999
6936002.0,21.5593,47.4865,11.8374
6944002.0,22.1738,47.5724,16.4178
6952002.0,23.8527,47.4907,21.2249
6960002.0,24.3488,47.3224,25.399
6968002.0,24.7327,47.418,29.8485
6976002.0,25.8868,47.5706,34.7523
6984002.0,25.9233,47.6493,39.6236
6992002.0,26.7866,47.601000000000006,44.6071
7000002.0,27.7016,47.6555,48.945
7008002.0,28.3524,47.2646,4.05684
7016002.0,28.7881,47.1734,8.79491
7024002.0,28.7727,47.754,13.7867
7032002.0,29.2892,47.7232,17.9313
7040002.0,29.4691,47.7283,22.2909
7048002.0,29.5102,47.7252,27.1213
7056002.0,29.6005,47.611999999999995,31.9748
7064002.0,30.436,47.663000000000004,36.5119
7072002.0,31.4646,47.7163,40.8803
7080002.0,31.79,47.5468,45.6941
7088002.0,31.8877,47.7652,1.07659
7096002.0,31.8641,47.744,5.64115
7104002.0,32.0301,47.4232,9.22471
7112002.0,32.4397,47.2276,13.84
7120002.0,32.9923,47.6885,18.6556
7128002.0,32.8827,47.7037,23.8807
7136002.0,33.0844,47.645,28.4858
7144002.0,32.5871,47.3346,33.0546
7152002.0,32.5095,47.0855,38.2436
7160002.0,32.5808,47.1923,43.031000000000006
7168002.0,32.9764,47.153999999999996,47.9411
7176002.0,33.3443,47.0747,3.47301
7184002.0,34.1139,47.2078,8.24037
7192002.0,33.6486,47.2576,13.0289
7200002.0,34.5505,47.6383,17.9414
7204002.0,34.4395,47.5341,20.4218
7212002.0,34.7907,47.333999999999996,25.8954
7220002.0,34.8027,47.269,30.776999999999997
7228002.0,34.8916,47.5214,35.5975
7236002.0,35.1009,47.5625,40.4443
7244002.0,35.1741,47.5374,45.455
7252002.0,35.0012,47.5556,1.00386
7260002.0,35.0324,47.6576,5.87396
7268002.0,35.0528,47.6175,10.9056
7276002.0,35.6801,47.5003,15.737
7284002.0,35.3562,47.5155,20.7423
7292002.0,35.5808,47.4593,25.6958
7300002.0,36.1465,47.6149,30.8192
7308002.0,36.9887,47.5225,35.7168
7316002.0,37.0253,47.2788,40.1405
7324002.0,37.0256,47.4348,44.9339
7332002.0,36.9706,47.4282,0.373258
7340002.0,36.9568,47.4536,5.0531
7348002.0,36.8943,47.4257,9.471969999999999
7356002.0,36.7324,47.2623,13.6322
7364002.0,36.5258,47.2979,17.5857
7372002.0,36.5307,47.2864,22.4858
7380002.0,36.7946,47.1829,26.7251
7388002.0,36.6986,47.1421,31.0118
7396002.0,36.9948,47.1185,35.4835
7404002.0,37.046,47.2043,40.4529
7412002.0,37.1164,47.2066,45.1168
7420002.0,37.6062,47.0999,0.206765
7428002.0,37.6407,47.1018,4.91329
7436002.0,37.5762,47.0736,9.83099
7444002.0,37.7696,47.082,14.3463
7452002.0,37.0925,47.4393,19.3568
7460002.0,36.9786,47.4979,24.2038
7468002.0,37.1147,47.3723,29.1068
7476002.0,37.0959,47.381,33.8692
7484002.0,37.4181,47.3907,38.4809
7492002.0,37.6809,47.4314,43.2133
7500002.0,37.7037,47.4792,48.1761
7508002.0,37.5462,47.538000000000004,3.3576
7516002.0,37.562,47.5736,8.397039999999999
7524002.0,37.4514,47.4712,13.3648
7532002.0,37.6072,47.4702,18.3896
7540002.0,37.6594,47.4857,23.4482
7548002.0,37.4699,47.5676,27.6776
7556002.0,37.595,47.5297,32.5861
7564002.0,37.7363,47.5444,37.2927
7572002.0,38.0431,47.3387,42.0526
7580002.0,38.135,47.1179,46.9478
7588002.0,38.0731,47.1432,2.15785
7596002.0,38.3721,47.0545,6.98717
7604002.0,38.3231,47.1244,11.6222
7612002.0,38.215,47.1885,16.7192
7620002.0,38.3505,47.2091,21.7118
7628002.0,38.3636,47.2952,26.5657
7636002.0,38.6868,47.2836,31.2486
7644002.0,38.8552,47.3163,35.9117
7652002.0,38.6879,47.5064,40.5101
7660002.0,39.0601,47.5144,45.1145
7668002.0,39.5947,47.4646,0.700755
7676002.0,39.9676,47.3364,5.89991
7684002.0,40.0205,47.431000000000004,10.6236
7692002.0,41.1389,47.4144,15.4204
7700002.0,41.2468,47.3979,20.0493
7708002.0,41.233000000000004,47.7574,25.0722
7716002.0,41.5116,47.641999999999996,29.9499
7724002.0,41.5161,47.5908,34.8547
7732002.0,42.2443,47.4341,39.8899
7740002.0,43.2215,47.321999999999996,44.9564
7748002.0,43.6287,47.0017,0.505844
7756002.0,43.6897,47.0702,5.19463
7764002.0,44.2473,47.0327,10.1406
7772002.0,44.2301,47.1215,15.071
7780002.0,44.299,47.1335,20.0355
7788002.0,44.3267,47.1407,25.1345
7796002.0,44.5309,47.1623,30.1597
7804002.0,44.5884,47.2697,34.8019
7812002.0,44.968,47.0542,39.9337
7820002.0,45.2261,47.043,44.8936
7828002.0,45.8131,47.3597,0.250762
7836002.0,46.1025,47.3868,5.36279
7844002.0,46.0651,47.4459,10.2067
7852002.0,46.2231,47.6076,15.082
7860002.0,46.1863,47.7071,20.1624
7868002.0,46.3128,47.5872,25.1385
7876002.0,46.6804,47.6445,30.1797
7884002.0,47.0906,47.6608,35.0116
7892002.0,47.9547,47.3035,39.9958
7900002.0,47.8798,47.3262,45.0189
7908002.0,47.956,47.5808,0.41203199999999995
7916002.0,47.9379,47.6905,5.1100900000000005
7924002.0,48.155,47.498000000000005,9.8293
7932002.0,48.3867,47.5948,14.829
7940002.0,48.6484,47.5644,19.4106
7948002.0,48.7485,47.5787,24.3024
7956002.0,48.7663,47.6598,28.6261
7964002.0,48.858999999999995,47.6069,33.5018
7972002.0,48.8957,47.5927,38.5649
7980002.0,48.9058,47.6661,43.3117
7988002.0,49.0909,47.6053,47.7161
7996002.0,49.3153,47.7756,2.78629
