2.0,43.651,21.8481,36.2375
8002.0,48.4776,21.6783,38.9707
16002.0,0.498064,22.066,42.4268
24002.0,0.158271,22.2812,46.8352
32002.0,0.144738,21.7983,49.4773
40002.0,1.00603,21.6619,3.3862699999999997
48002.0,1.4647700000000001,21.0877,7.20639
56002.0,1.12348,20.9867,11.9105
64002.0,0.45048599999999994,20.6702,14.0902
72002.0,0.9784010000000001,20.0101,16.1644
80002.0,0.73143,20.2194,18.5964
88002.0,1.51556,20.272000000000002,22.6571
96002.0,2.0903400000000003,20.197,25.6124
104002.0,2.6522799999999997,20.2731,28.4257
112002.0,3.2341599999999997,20.2035,29.7648
120002.0,4.00486,20.3923,31.6933
128002.0,4.54957,20.2378,34.893
136002.0,6.40008,20.7924,38.1674
144002.0,7.38921,20.7885,40.5204
152002.0,9.34872,20.410999999999998,41.42
160002.0,13.457,19.9312,43.9113
168002.0,14.2906,19.9033,46.4847
176002.0,13.5983,19.9728,49.0663
184002.0,13.3495,19.8208,2.40449
192002.0,13.654000000000002,19.6915,5.87102
200002.0,14.157,19.3675,9.81073
208002.0,14.8126,18.9836,13.0234
216002.0,16.09,19.1173,16.7496
224002.0,16.785,19.1988,21.0847
232002.0,17.1182,19.1481,25.2598
240002.0,18.1978,19.3983,29.1972
248002.0,18.9574,19.4044,32.7274
256002.0,20.1727,19.4892,36.775
264002.0,20.8714,19.6003,40.5686
272002.0,22.7186,19.4398,43.9308
280002.0,23.7913,19.8783,46.9685
288002.0,25.1503,20.185,1.7840200000000002
296002.0,25.5272,20.0124,6.01122
304002.0,26.888,19.8974,10.2139
312002.0,28.7724,20.014,14.0049
320002.0,30.5156,20.1302,17.7402
328002.0,32.6367,20.2992,21.7006
336002.0,34.6183,20.1455,25.4477
344002.0,35.4766,19.7714,29.7588
352002.0,36.6615,18.9244,32.469
360002.0,38.2264,18.7078,34.8375
368002.0,39.8164,18.5694,37.3182
376002.0,40.0572,18.8178,40.4033
384002.0,42.7028,18.3768,41.495
392002.0,42.902,18.409000000000002,44.9904
400002.0,43.2843,18.4814,49.1838
408002.0,43.5668,18.6905,3.5051300000000003
416002.0,44.7657,18.6537,6.44434
424002.0,45.8886,18.6939,9.92478
432002.0,47.0786,18.8249,13.2043
440002.0,47.4973,19.2381,17.6076
448002.0,48.1362,19.3162,21.586
456002.0,48.3975,19.4873,24.4261
464002.0,48.9271,19.5306,26.7282
472002.0,49.2227,19.5545,31.2533
480002.0,1.63837,19.5914,34.4849
488002.0,2.97275,19.5838,37.6577
496002.0,5.05253,19.5031,40.9072
504002.0,5.17358,19.7561,44.3452
512002.0,5.95643,19.5639,48.043
520002.0,6.902589999999999,19.3889,1.8153299999999999
528002.0,6.9937,19.9382,5.39801
536002.0,8.35192,19.6585,8.56214
544002.0,10.1447,20.3307,11.8593
552002.0,11.5166,19.0956,13.3902
560002.0,12.9376,18.5315,15.9862
568002.0,13.8083,18.7916,18.5099
576002.0,14.0147,19.1282,22.4764
584002.0,14.8447,19.2418,26.5132
592002.0,15.6338,18.8641,28.0638
600002.0,16.274,18.9012,31.4016
608002.0,16.9818,18.6823,34.2314
616002.0,18.4292,18.291,37.3618
624002.0,18.8942,18.6521,40.6827
632002.0,19.1029,18.8936,43.7612
640002.0,20.1139,19.1477,45.909
648002.0,20.8418,18.9889,47.6529
656002.0,21.3683,18.8336,1.1554
664002.0,21.9462,18.4407,4.29951
672002.0,22.5471,17.9755,8.214960000000001
680002.0,23.0418,18.4885,11.7803
688002.0,24.6506,18.9525,16.8004
696002.0,25.4051,18.4196,18.7555
704002.0,25.8881,19.0695,23.685
712002.0,27.0957,18.7737,28.0443
720002.0,27.246,18.7806,31.6675
728002.0,27.5628,19.2612,36.0208
736002.0,27.7109,18.5726,38.5712
744002.0,28.2313,17.8041,40.5069
752002.0,28.1478,18.0076,44.0398
760002.0,28.7263,17.8699,47.7132
768002.0,29.1117,17.7225,1.26988
776002.0,30.0036,17.3971,5.52346
784002.0,30.2873,17.3579,8.246189999999999
792002.0,32.6337,17.3055,8.726510000000001
800002.0,34.1197,18.211,12.8336
808002.0,35.3838,17.7338,14.6117
816002.0,36.9012,18.6007,18.1414
824002.0,37.7843,18.7238,21.7547
832002.0,38.9638,17.9949,26.396
840002.0,39.8677,17.436,29.3303
848002.0,41.2653,17.5959,32.0527
856002.0,44.425,17.773,34.9359
864002.0,45.9836,17.7046,37.6503
872002.0,45.3267,17.0532,40.4107
880002.0,47.0308,17.476,44.2203
888002.0,48.2855,17.6334,47.3143
896002.0,0.465739,17.8834,0.720593
904002.0,1.6340299999999999,17.46,4.19846
912002.0,3.21572,16.9659,6.286630000000001
920002.0,3.71905,16.6747,9.77162
928002.0,4.18947,17.6852,13.6637
936002.0,4.84351,17.8214,14.9769
944002.0,5.55714,17.5804,17.0602
952002.0,8.096919999999999,16.915,20.2532
960002.0,9.058110000000001,16.9302,23.2943
968002.0,9.87368,17.1237,26.0321
976002.0,11.0806,17.4804,28.8101
984002.0,12.4042,17.7413,32.1015
992002.0,12.8688,18.5337,34.4818
1000002.0,14.1665,18.8125,37.6628
1008002.0,15.6116,18.9323,40.9803
1016002.0,16.8964,18.7192,43.9418
1024002.0,18.0602,18.546,46.698
1032002.0,19.535,18.469,48.5048
1040002.0,21.5082,17.8073,3.29848
1048002.0,21.8058,17.9052,6.97585
1056002.0,22.2008,17.8247,9.43392
1064002.0,22.8779,16.6278,12.7326
1072002.0,24.2263,16.2866,15.9458
1080002.0,25.7239,16.1331,18.8144
1088002.0,26.9887,15.9211,21.9573
1096002.0,28.47,16.000999999999998,24.5875
1104002.0,29.3379,16.3685,27.3682
1112002.0,29.5016,16.3955,31.8756
1120002.0,31.160999999999998,16.3523,35.3374
1128002.0,32.0868,16.2768,38.2581
1136002.0,33.6875,16.4451,41.7969
1144002.0,35.0145,16.4263,44.1487
1152002.0,36.5002,16.7836,48.2899
1160002.0,35.9628,16.6635,2.3406599999999997
1168002.0,36.8121,16.9707,5.2824
1176002.0,37.7629,17.4593,8.615789999999999
1184002.0,37.2805,17.5358,12.388
1192002.0,37.7657,17.882,15.005
1200002.0,38.8264,17.8342,17.7658
1208002.0,39.9423,18.2256,21.0084
1216002.0,41.0659,18.4774,23.7966
1224002.0,41.9628,18.8935,27.826999999999998
1232002.0,43.3152,19.114,31.1041
1240002.0,44.1573,19.1514,34.986
1248002.0,44.7635,19.398,39.4448
1256002.0,45.9221,18.9076,42.1394
1264002.0,47.1555,18.987000000000002,46.0823
1272002.0,47.9788,18.4951,0.580889
1280002.0,0.41578699999999996,18.4763,4.6214699999999995
1288002.0,1.22496,18.2237,6.82125
1296002.0,0.706704,17.523,10.2317
1304002.0,2.43591,17.0945,12.6093
1312002.0,2.51062,16.6881,15.8165
1320002.0,4.1134,16.4769,19.1782
1328002.0,4.486219999999999,16.2927,22.3618
1336002.0,5.3825199999999995,16.2811,24.8979
1344002.0,6.554760000000001,16.3345,27.1589
1352002.0,7.44572,16.204,30.9882
1360002.0,7.433669999999999,16.3961,34.1164
1368002.0,8.72288,16.178,37.1615
1376002.0,9.70176,16.1132,40.7316
1384002.0,10.0917,15.623,43.3208
1392002.0,11.5689,15.7565,45.9645
1400002.0,13.3737,15.907,0.928659
1408002.0,16.2878,16.1107,3.86208
1416002.0,16.9832,16.3126,6.82038
1424002.0,17.8666,16.3435,10.2764
1432002.0,19.0295,15.9646,13.6962
1440002.0,21.485,15.6236,17.5991
1448002.0,22.3416,15.9344,20.1113
1456002.0,24.3496,16.0311,23.3207
1464002.0,24.7022,14.9309,25.6329
1472002.0,25.7433,15.1757,28.7875
1480002.0,26.6152,14.638,31.1257
1488002.0,27.4701,14.3623,34.4932
1496002.0,27.8241,14.3129,37.808
1504002.0,29.5056,14.2667,41.1163
1512002.0,31.6028,14.1406,46.1349
1520002.0,32.478,14.147,49.076
1528002.0,33.6371,12.8826,1.85133
1536002.0,34.6788,11.2079,2.12499
1544002.0,35.7722,11.45,2.25117
1552002.0,40.5449,11.3462,2.00848
1560002.0,37.9279,11.6573,9.98725
1568002.0,39.8637,10.3159,10.3745
1576002.0,41.1135,8.89851,11.5206
1584002.0,41.2044,9.4717,14.3701
1592002.0,41.1274,9.99046,17.2984
1600002.0,42.3625,10.3209,20.59
1608002.0,42.2235,9.77625,24.3205
1616002.0,42.9243,10.1365,26.1374
1624002.0,44.0314,10.503,30.121
1632002.0,44.9464,10.6442,33.3799
1640002.0,46.5809,10.6786,36.6259
1648002.0,47.763999999999996,10.4139,38.2132
1656002.0,48.0115,10.2411,40.4388
1664002.0,49.2473,10.2026,43.4868
1672002.0,0.817543,10.3197,45.9083
1680002.0,1.43872,10.1966,48.4944
1688002.0,1.3709,10.3255,1.6384
1696002.0,1.23333,10.3957,4.3648
1704002.0,1.66422,10.6845,7.20533
1712002.0,1.66212,10.5697,10.4369
1720002.0,2.4351599999999998,10.4678,13.4511
1728002.0,2.92519,10.1257,15.0217
1736002.0,2.9119200000000003,9.99392,17.0948
1744002.0,3.33932,9.80677,19.954
1752002.0,4.02729,9.66267,22.3007
1760002.0,4.59121,9.91729,25.7192
1768002.0,5.56203,9.833110000000001,28.1175
1776002.0,7.195869999999999,9.62239,30.7156
1784002.0,6.65615,10.193,32.483000000000004
1792002.0,6.7543,10.8085,34.7262
1800002.0,7.6074600000000006,11.767999999999999,37.8309
1808002.0,9.21948,11.4038,39.7499
1816002.0,10.7672,10.9224,41.0469
1824002.0,10.9694,11.453,42.7961
1832002.0,14.2431,9.72475,43.1957
1840002.0,20.0893,10.0099,42.3553
1848002.0,19.4471,9.80717,44.309
1856002.0,19.9806,10.5381,45.5929
1864002.0,20.2658,11.1268,46.5884
1872002.0,20.6709,11.3487,47.5166
1880002.0,20.2546,11.5175,0.16728800000000002
1888002.0,21.5377,12.1475,1.38289
1896002.0,21.916,12.7006,3.9573199999999997
1904002.0,21.8578,13.6362,5.9532099999999994
1912002.0,22.3377,13.6148,9.377
1920002.0,21.7919,13.3787,13.2278
1928002.0,23.118000000000002,13.7263,15.8602
1936002.0,21.4797,14.0328,17.1363
1944002.0,19.1582,12.895,21.4565
1952002.0,19.3919,12.9898,25.5599
1960002.0,19.3645,12.8958,28.9975
1968002.0,20.0312,12.8596,31.5472
1976002.0,20.4105,12.6675,33.8465
1984002.0,20.8672,12.6955,36.3839
1992002.0,21.6096,12.9273,39.3916
2000002.0,22.1085,12.9137,42.73
2008002.0,22.7123,12.5811,46.2385
2016002.0,24.8144,12.9332,49.4607
2024002.0,25.1053,12.6347,0.964772
2032002.0,25.4393,12.7137,2.89995
2040002.0,26.4836,12.9089,6.21105
2048002.0,27.0547,12.9605,9.835460000000001
2056002.0,28.5031,12.8839,11.2663
2064002.0,29.2927,12.6646,13.4434
2072002.0,30.6567,12.7812,15.2299
2080002.0,31.0986,12.9466,16.7012
2088002.0,31.9735,13.0548,17.7905
2096002.0,33.0279,13.4511,20.0514
2104002.0,35.1525,13.7942,22.4736
2112002.0,37.7662,14.784,26.3985
2120002.0,37.8217,14.7836,30.7865
2128002.0,38.8111,14.8693,33.0225
2136002.0,40.0989,14.5819,35.0882
2144002.0,40.5058,14.4404,38.9182
2152002.0,41.3105,13.8375,41.8655
2160002.0,41.6712,13.4126,44.2755
2168002.0,42.0137,13.5005,46.6184
2176002.0,41.6422,13.5493,49.013000000000005
2184002.0,42.0865,14.132,0.358645
2192002.0,41.9398,14.4747,1.48469
2200002.0,41.2516,14.7424,3.40942
2208002.0,42.0865,15.171,5.80114
2216002.0,44.1579,15.382,8.48209
2224002.0,45.6962,14.9189,12.0334
2232002.0,46.5488,14.5792,14.7993
2240002.0,47.9902,14.3905,17.1081
2248002.0,48.973,15.3078,20.0208
2256002.0,49.4189,15.5701,20.6572
2264002.0,0.313525,15.6368,22.0435
2272002.0,0.547441,15.6539,24.9071
2280002.0,1.02111,16.0789,27.4331
2288002.0,2.04259,16.5742,31.2156
2296002.0,3.53985,17.1401,35.089
2304002.0,5.0264,17.1127,38.1332
2312002.0,5.06341,16.6203,41.198
2320002.0,7.44769,16.8649,44.4153
2328002.0,8.76533,16.6209,47.1892
2336002.0,9.17247,16.872,0.7212729999999999
2344002.0,17.0288,18.814,0.0313271
2352002.0,16.5279,17.8356,2.83494
2360002.0,22.1258,16.2422,2.91551
2368002.0,21.1907,17.4732,8.77615
2376002.0,20.1091,17.3525,11.5469
2384002.0,20.6192,16.7416,14.7682
2392002.0,21.9929,16.0509,17.6408
2400002.0,22.8073,15.8944,19.7853
2408002.0,22.3844,16.206,22.4976
2414002.0,23.0446,17.0234,25.5089
2422002.0,24.5374,18.2642,30.8768
2430002.0,28.3264,18.2373,34.0167
2438002.0,31.4912,17.6712,37.8798
2446002.0,32.5592,17.7282,40.772
2454002.0,32.8793,17.6594,43.3961
2462002.0,34.4468,17.5083,46.2846
2470002.0,35.5807,18.3052,47.8078
2478002.0,37.2489,18.5885,1.1357899999999999
2486002.0,38.8153,19.4789,2.7854400000000004
2494002.0,40.1583,19.6839,4.70951
2502002.0,40.0632,20.8706,7.455239999999999
2510002.0,42.0448,20.5631,11.6565
2518002.0,42.5356,21.0393,14.7524
2526002.0,44.7869,21.3075,16.6992
2534002.0,45.6083,21.4419,19.1444
2542002.0,45.5318,22.0889,22.6553
2550002.0,46.1073,22.3966,26.6703
2558002.0,47.4363,22.7595,29.2461
2566002.0,48.8149,23.1074,32.2706
2574002.0,0.916482,23.9969,34.6847
2582002.0,1.7689400000000002,23.3543,37.8061
2590002.0,4.35886,23.3517,41.071000000000005
2598002.0,6.969289999999999,23.8298,45.8485
2606002.0,8.06439,23.7548,49.4128
2614002.0,9.59963,23.8672,3.7549699999999997
2622002.0,9.79004,22.9946,7.3187
2630002.0,10.8315,22.9775,11.1429
2638002.0,11.1873,22.9266,14.7359
2646002.0,11.6192,23.0491,19.4308
2654002.0,12.7658,22.7338,23.1246
2662002.0,13.4047,22.9936,26.0634
2670002.0,14.1238,22.8769,30.9677
2678002.0,15.6444,22.3421,35.8012
2686002.0,18.7415,22.6349,39.3526
2694002.0,20.9464,23.1219,41.9583
2702002.0,22.5389,23.9812,45.7899
2710002.0,23.875,23.6839,0.606514
2718002.0,25.7882,23.5042,5.0564800000000005
2726002.0,26.2933,23.7694,7.60005
2734002.0,26.6794,24.1865,11.2694
2742002.0,28.0795,24.2276,14.7826
2750002.0,29.9844,23.6178,19.4652
2758002.0,31.0685,23.2186,24.3543
2766002.0,31.4919,23.7846,28.8105
2774002.0,31.9713,23.925,32.089
2782002.0,32.4884,24.1551,36.2017
2790002.0,31.8335,24.4744,39.9921
2798002.0,31.9943,24.4883,44.6027
2806002.0,33.1626,24.8166,49.3848
2814002.0,32.9372,24.7283,5.06674
2822002.0,33.2881,24.1973,9.59918
2830002.0,34.3434,25.1206,12.2837
2838002.0,35.9751,25.4952,16.5358
2846002.0,37.8285,25.9193,20.6382
2854002.0,38.4816,25.0555,25.8982
2862002.0,39.9599,24.7775,30.354
2870002.0,39.7631,25.6261,33.5051
2878002.0,40.7024,25.1178,38.1054
2886002.0,40.6895,25.0518,41.7014
2894002.0,41.6326,25.1803,45.277
2902002.0,42.9273,25.0224,48.9136
2910002.0,42.7167,25.7604,3.6010199999999997
2918002.0,42.7175,25.5377,7.169
2926002.0,43.2415,25.9348,12.6005
2934002.0,44.358000000000004,25.6098,16.9556
2942002.0,44.2024,25.5893,21.7361
2950002.0,44.1151,25.7244,26.0751
2958002.0,44.1968,25.6613,30.2646
2966002.0,44.78,25.6765,34.806999999999995
2974002.0,44.8896,24.9367,37.7093
2982002.0,46.3656,24.6272,42.7221
2990002.0,47.6707,24.4952,46.9321
2998002.0,47.5561,23.4467,0.176207
3006002.0,47.5594,23.2686,4.429130000000001
3014002.0,48.2643,23.653000000000002,8.15163
3022002.0,49.0503,23.9549,11.5796
3030002.0,0.8862469999999999,23.6026,16.0291
3038002.0,1.59511,23.8597,20.447
3046002.0,2.2982299999999998,23.9108,25.1848
3054002.0,3.7708800000000005,23.8803,29.448
3062002.0,4.24832,24.2956,32.6286
3070002.0,5.275580000000001,24.3177,37.6837
3078002.0,5.15878,24.5001,40.9371
3086002.0,5.72858,24.197,44.2442
3094002.0,6.79303,24.3089,48.7819
3102002.0,8.054039999999999,24.2213,2.6714900000000004
3110002.0,9.61327,24.2939,6.698869999999999
3118002.0,10.6237,24.134,11.5377
3126002.0,12.2038,23.7241,16.8341
3134002.0,13.8282,23.7239,21.805999999999997
3142002.0,14.7884,23.791,26.6518
3150002.0,16.8558,23.8629,29.7293
3158002.0,20.2868,23.3923,33.5544
3166002.0,21.2355,23.0934,36.6669
3174002.0,22.4335,22.9659,38.6127
3182002.0,23.5833,22.9902,43.2154
3190002.0,25.8703,22.3167,46.9274
3198002.0,26.9144,21.8484,2.36595
3206002.0,28.9319,21.4685,5.75839
3214002.0,30.3234,21.1318,8.33736
3222002.0,32.6002,20.9959,12.602
3230002.0,34.3776,20.8695,16.4419
3238002.0,35.0245,20.7963,20.2913
3246002.0,35.3081,20.7848,23.7501
3254002.0,36.24,20.9187,26.8916
3262002.0,36.9401,21.0043,30.1211
3270002.0,36.7213,20.8713,34.079
3278002.0,36.6549,20.9991,37.194
3286002.0,37.4667,20.9889,39.7079
3294002.0,37.9707,20.8144,42.1923
3302002.0,38.3517,20.2503,46.5438
3310002.0,39.0557,20.3689,49.0698
3318002.0,39.179,20.3729,2.62545
3326002.0,40.6679,20.2607,5.89599
3334002.0,42.2957,20.2921,9.014380000000001
3342002.0,43.0855,20.1324,12.6555
3350002.0,43.9368,20.3871,16.1794
3358002.0,45.95,20.6245,20.0282
3366002.0,48.8872,20.3577,24.8983
3374002.0,0.630532,19.8074,28.8278
3382002.0,1.61237,19.5167,32.9895
3390002.0,3.24769,19.5189,34.8832
3398002.0,4.18391,19.3807,38.4912
3406002.0,5.97194,19.2206,41.8989
3414002.0,8.630980000000001,19.492,45.3812
3422002.0,10.777999999999999,19.6975,48.4345
3430002.0,12.6215,19.4928,2.63558
3438002.0,13.360999999999999,19.3592,6.21969
3446002.0,13.3675,19.5723,9.345
3454002.0,13.7134,19.6647,12.7892
3462002.0,13.8944,19.7735,16.3186
3470002.0,13.8831,19.9877,19.7754
3478002.0,14.6086,19.8076,23.0271
3486002.0,14.4536,19.419,26.7359
3494002.0,15.5167,19.236,30.7434
3502002.0,15.4221,19.3244,34.1315
3510002.0,16.0086,18.9177,38.4493
3518002.0,16.2354,18.8308,42.2363
3526002.0,17.0799,18.5214,46.96
3534002.0,17.2767,18.1553,1.09342
3542002.0,17.0007,18.095,5.56835
3550002.0,17.6863,18.7796,8.383389999999999
3558002.0,17.2001,18.3363,11.2906
3566002.0,16.5709,18.5885,15.8388
3574002.0,15.943,18.3674,20.5481
3582002.0,16.407,19.43,25.1276
3590002.0,20.6398,6.10162,26.4442
3598002.0,22.0243,12.508,32.9885
3606002.0,22.7037,15.642999999999999,36.6478
3614002.0,24.6393,15.8098,36.2558
3622002.0,26.4035,16.6503,36.5213
3630002.0,26.4349,16.5176,40.175
3638002.0,26.8951,17.1497,43.6785
3646002.0,28.6987,17.9786,47.4508
3654002.0,28.9455,18.2323,1.14249
3662002.0,29.1356,18.6751,5.70515
3670002.0,29.4931,18.8906,9.31207
3678002.0,30.0279,19.5723,13.2963
3686002.0,31.3917,19.5661,17.6939
3694002.0,31.4126,19.4537,21.793000000000003
3702002.0,31.6352,19.4607,25.5451
3710002.0,32.5741,19.2786,28.3659
3718002.0,33.4634,18.688,31.049
3726002.0,33.399,18.8593,34.658
3734002.0,33.2079,19.6586,38.9235
3742002.0,33.2626,19.7696,42.4856
3750002.0,34.0832,19.6255,46.0304
3758002.0,35.3066,20.1699,0.553953
3766002.0,37.5334,19.8388,3.87331
3774002.0,39.5747,19.6569,7.507639999999999
3782002.0,40.9403,19.5951,10.7589
3790002.0,42.2061,19.6778,14.8759
3798002.0,42.6153,19.8787,17.1038
3806002.0,43.071000000000005,19.7191,20.4428
3814002.0,45.4785,19.1828,22.5129
3822002.0,46.2279,19.093,26.0318
3830002.0,47.526,17.8231,29.8464
3838002.0,47.6946,17.1354,34.1004
3846002.0,48.2001,16.2488,38.6923
3854002.0,48.5257,15.5553,41.5639
3862002.0,48.8477,15.9652,43.5654
3870002.0,0.224374,15.677,47.2122
3878002.0,0.436733,15.302999999999999,1.62002
3886002.0,0.41022600000000004,15.7095,4.73564
3894002.0,1.29519,16.5529,8.2944
3902002.0,2.00411,17.0428,11.5285
3910002.0,2.95075,16.9076,15.2786
3918002.0,4.70301,17.7909,19.0882
3926002.0,6.948119999999999,18.2038,21.9081
3934002.0,8.36787,18.4822,25.3202
3942002.0,9.67641,18.2721,29.1179
3950002.0,10.4424,17.9752,32.7722
3958002.0,11.1885,17.726,36.7575
3966002.0,11.9557,17.4754,40.2243
3974002.0,12.9205,17.1906,44.3961
3982002.0,12.9258,16.8726,46.9732
3990002.0,13.5301,16.5299,0.5128020000000001
3998002.0,14.6242,16.6636,2.83142
4006002.0,15.3065,16.6859,4.72535
4014002.0,16.1308,16.7984,7.14295
4022002.0,16.4244,17.4093,9.47357
4030002.0,17.1006,17.2958,12.5671
4038002.0,18.8816,17.6131,14.5358
4046002.0,20.0126,18.3766,18.0249
4054002.0,20.927,18.6144,21.6561
4062002.0,22.2572,18.8307,25.5385
4070002.0,22.4945,19.1301,28.8583
4078002.0,22.3544,19.0684,32.3712
4086002.0,23.3154,19.8006,36.0556
4094002.0,24.7406,20.2349,39.302
4102002.0,25.1914,20.3831,42.4878
4110002.0,25.5824,20.4168,46.0778
4118002.0,26.2347,20.5088,49.247
4126002.0,27.3151,21.0739,3.81123
4134002.0,28.2076,21.3802,6.20411
4142002.0,29.5087,21.4509,9.3595
4150002.0,31.0,21.7134,12.7824
4158002.0,32.857,21.8721,15.869000000000002
4166002.0,34.0312,22.0289,19.3614
4174002.0,35.9869,22.8485,23.5574
4182002.0,37.6072,22.9889,26.8506
4190002.0,39.1731,23.3126,31.1775
4198002.0,41.0088,23.4567,35.6853
4206002.0,42.5338,23.3869,39.9979
4214002.0,43.9282,23.4447,44.9019
4222002.0,45.326,23.6142,0.21711100000000003
4230002.0,47.0488,23.7646,4.08584
4238002.0,0.27973200000000004,24.2155,9.18551
4246002.0,2.78943,23.6647,13.0539
4254002.0,5.29847,23.8263,17.9267
4262002.0,6.58304,24.2378,22.5735
4270002.0,8.135110000000001,23.8581,25.5832
4278002.0,9.859110000000001,24.3084,29.9461
4286002.0,10.9736,24.2793,34.5942
4294002.0,11.7752,24.3307,38.8934
4302002.0,12.6475,24.1543,42.9937
4310002.0,13.6557,23.6002,47.1673
4318002.0,13.7012,23.1875,0.6674100000000001
4326002.0,14.0412,22.5577,4.45458
4334002.0,14.0542,22.8739,7.19705
4342002.0,14.3796,22.6697,10.7664
4350002.0,14.6137,22.5979,13.9161
4358002.0,15.0539,22.9529,17.2221
4366002.0,16.0806,23.4588,20.6301
4374002.0,16.9189,23.9424,24.3453
4382002.0,17.798,23.6656,27.6328
4390002.0,19.0721,23.7318,32.1364
4398002.0,19.6556,23.5158,37.6068
4406002.0,20.9249,23.468000000000004,42.2434
4414002.0,21.8162,23.1786,46.2726
4422002.0,21.8279,23.0479,0.846841
4430002.0,21.5695,23.7136,5.90885
4438002.0,21.9156,23.1741,10.0495
4446002.0,22.3182,22.6905,13.1557
4454002.0,22.449,22.3081,17.2858
4462002.0,23.5181,22.3968,21.6967
4470002.0,25.2374,21.77,25.5674
4478002.0,26.4082,22.0877,28.4369
4486002.0,27.9153,21.6615,31.4267
4494002.0,29.0253,22.0541,34.6009
4502002.0,30.5303,22.158,38.1857
4510002.0,30.8332,21.258000000000003,40.5938
4518002.0,31.5141,21.1491,41.8485
4526002.0,33.168,20.8827,45.3677
4534002.0,34.7828,21.0946,47.9001
4542002.0,35.7369,20.8606,0.9304399999999999
4550002.0,37.0417,20.292,3.6311400000000003
4558002.0,38.2399,20.0457,7.58944
4566002.0,38.5229,19.7436,11.3656
4574002.0,39.7447,19.7931,15.4387
4582002.0,40.8007,19.8031,19.2647
4590002.0,42.6712,19.2988,22.1735
4598002.0,44.7812,19.0883,25.9555
4606002.0,46.5187,19.1099,27.8632
4614002.0,47.5785,19.1699,30.0415
4622002.0,47.5475,19.5808,32.3961
4630002.0,48.9835,19.7016,33.7123
4638002.0,0.8307530000000001,19.0956,34.7763
4646002.0,1.48784,19.0356,38.2969
4654002.0,1.7152599999999998,19.3472,40.8811
4662002.0,3.52472,18.954,43.8133
4670002.0,4.38201,18.9055,46.6786
4678002.0,4.3783900000000004,18.791,0.652917
4686002.0,6.669410000000001,17.9147,4.38
4694002.0,7.64838,17.6863,8.10263
4702002.0,8.54546,17.897000000000002,9.363439999999999
4710002.0,10.7259,17.393,11.9084
4718002.0,11.7597,16.9163,14.4707
4726002.0,11.8166,16.7865,17.5052
4734002.0,12.3635,17.2329,19.4956
4742002.0,12.937999999999999,17.5027,21.7823
4750002.0,13.720999999999998,17.7057,25.0
4758002.0,14.2778,17.8735,27.491
4760002.0,14.2344,17.8347,27.8611
4768002.0,13.7461,18.4417,32.1465
4776002.0,15.3727,18.2374,34.146
4784002.0,17.4005,17.6594,37.8069
4792002.0,18.7844,17.6724,40.4397
4800002.0,20.1475,18.0623,43.1834
4808002.0,21.7594,17.9974,46.7949
4816002.0,24.1196,17.6819,0.193221
4824002.0,26.0172,17.337,2.4615
4832002.0,27.5733,16.8307,5.43843
4840002.0,28.9038,17.102999999999998,8.807789999999999
4848002.0,30.3697,17.1606,11.1296
4856002.0,32.2815,16.8968,14.6069
4864002.0,31.98,17.1762,18.5401
4872002.0,34.1535,17.1583,21.7414
4880002.0,34.4632,17.1369,23.7198
4888002.0,34.733000000000004,17.4481,26.0613
4896002.0,36.439,16.9685,28.8089
4904002.0,37.8227,17.507,29.9696
4912002.0,38.5514,17.3555,32.1091
4920002.0,41.132,17.3086,34.9657
4928002.0,42.9402,17.4395,37.5528
4936002.0,44.4956,16.8913,40.7857
4944002.0,44.7134,16.9084,43.2588
4952002.0,45.7225,17.0506,46.3487
4960002.0,45.9576,17.0498,48.9643
4968002.0,46.5718,16.6803,2.43122
4976002.0,47.5307,16.9934,5.5966
4984002.0,48.3377,16.9068,8.46459
4992002.0,49.4034,16.8211,10.7779
5000002.0,1.06294,17.1816,14.7455
5008002.0,1.27511,16.877,18.9709
5016002.0,1.79913,16.8739,21.2396
5024002.0,1.6169799999999999,17.0593,23.5865
5032002.0,2.12587,17.3285,27.3378
5040002.0,3.5780800000000004,17.2565,30.1614
5048002.0,4.37788,17.0997,31.9805
5056002.0,5.77265,16.9688,34.8459
5064002.0,7.26777,16.8392,37.7405
5072002.0,9.253860000000001,16.3751,40.76
5080002.0,10.8746,16.7746,44.0884
5088002.0,12.1094,17.1555,47.4383
5096002.0,14.035,17.7256,0.923549
5104002.0,15.3733,17.637,4.86946
5112002.0,16.0951,17.5123,8.19697
5120002.0,16.7474,17.6086,12.013
5128002.0,18.381,17.6874,15.5885
5136002.0,18.756,17.819000000000003,18.6565
5144002.0,20.234,17.5271,21.6597
5152002.0,21.3547,16.9634,25.2439
5160002.0,22.7645,16.7136,28.1868
5168002.0,23.4519,16.7704,31.8737
5176002.0,24.3206,16.957,35.5009
5184002.0,25.1445,16.7654,38.2652
5192002.0,25.6241,17.005,41.636
5200002.0,26.3729,17.5701,44.6735
5208002.0,27.455,18.0986,47.1175
5216002.0,28.5442,17.9668,1.06693
5224002.0,29.6449,18.0072,4.55883
5232002.0,31.5695,18.0568,8.857569999999999
5240002.0,32.8622,18.3229,12.8436
5248002.0,33.9004,18.6768,15.7094
5256002.0,34.5237,19.1547,17.8151
5264002.0,35.1522,19.1895,22.0611
5272002.0,36.5371,19.0706,24.9895
5280002.0,38.2249,19.0285,29.4657
5288002.0,38.2628,18.8754,32.2692
5296002.0,39.2623,18.6608,35.8032
5304002.0,40.8344,18.4717,39.3765
5312002.0,43.2723,18.904,42.4059
5320002.0,43.2758,18.9208,45.9518
5328002.0,43.3275,18.7336,47.8738
5336002.0,44.4158,19.1421,2.2036599999999997
5344002.0,46.1016,19.31,5.7598
5352002.0,47.3489,19.4093,8.81425
5360002.0,47.8711,18.7428,10.6104
5368002.0,48.5065,18.8077,15.0231
5376002.0,48.5563,18.6355,18.2691
5384002.0,49.4605,19.051,22.5689
5392002.0,0.089154,19.063,24.1454
5400002.0,0.616975,19.407,26.5687
5408002.0,0.724819,19.2797,29.3294
5416002.0,1.9537200000000001,19.0834,32.5491
5424002.0,2.2329,19.1239,35.6311
5432002.0,2.12025,19.1949,38.874
5440002.0,3.6503900000000002,18.7832,40.5128
5448002.0,4.21288,18.3916,43.5634
5456002.0,4.65649,18.1347,47.7063
5464002.0,5.28625,18.2907,1.8027099999999998
5472002.0,4.923780000000001,18.9877,6.42097
5480002.0,5.85415,19.0855,10.35
5488002.0,6.78994,18.7845,13.0152
5496002.0,7.20657,18.7673,16.6196
5504002.0,7.40883,18.6607,20.41
5512002.0,7.978839999999999,18.4948,22.864
5520002.0,8.923969999999999,18.6337,25.910999999999998
5528002.0,10.155,18.2135,29.2619
5536002.0,10.6255,17.9038,30.7343
5544002.0,10.7438,17.9146,32.9921
5552002.0,11.497,17.5349,36.2383
5560002.0,11.7968,17.0674,39.5089
5568002.0,13.1188,17.1009,42.2339
5576002.0,13.843,17.1932,43.8855
5584002.0,14.5331,17.1475,47.427
5592002.0,14.6957,17.394000000000002,1.65763
5600002.0,15.1367,17.3053,5.12866
5608002.0,15.6363,17.3203,8.10187
5616002.0,16.8302,17.3412,11.6683
5624002.0,17.7584,17.3951,14.7301
5632002.0,19.6426,17.3685,18.3578
5640002.0,21.6291,17.3056,21.9287
5648002.0,23.1387,17.428,26.1578
5656002.0,24.0738,17.8989,30.3692
5664002.0,24.3404,18.1445,33.5347
5672002.0,25.5351,18.3153,36.2516
5680002.0,26.0525,18.5017,39.0721
5688002.0,26.4845,18.3727,41.7244
5696002.0,26.7782,18.7744,43.9224
5704002.0,28.2766,19.3744,48.2601
5712002.0,28.6746,19.3981,2.6671
5720002.0,29.2292,19.4945,6.3529599999999995
5728002.0,29.9746,19.25,9.63372
5736002.0,30.9568,18.999000000000002,13.04
5744002.0,31.6619,19.0428,17.3062
5752002.0,32.5294,18.6958,21.0545
5760002.0,33.1787,18.7419,23.9453
5768002.0,34.5617,19.0662,26.7782
5776002.0,35.7807,18.6149,31.1286
5784002.0,36.1985,18.4648,34.7679
5792002.0,37.0091,18.4422,38.5862
5800002.0,37.8697,18.105999999999998,42.6089
5808002.0,39.2019,18.2317,45.4961
5816002.0,41.4005,18.8097,48.5071
5824002.0,42.4647,19.5965,49.0066
5832002.0,42.9298,19.6781,1.64336
5840002.0,43.0707,19.9838,3.1729
5848002.0,45.0654,17.3639,6.83219
5856002.0,45.281000000000006,17.9711,10.7862
5864002.0,47.9413,17.3826,12.1689
5872002.0,48.7246,17.1835,14.6113
5880002.0,0.106137,16.8159,18.1106
5888002.0,0.645051,16.9873,22.096
5896002.0,2.52199,17.5126,25.2556
5904002.0,3.6880900000000003,17.7402,28.3731
5912002.0,4.49621,17.6334,32.4779
5920002.0,5.59467,17.4661,35.9567
5928002.0,6.43459,17.3437,39.3097
5936002.0,6.6650100000000005,17.5946,43.0188
5944002.0,7.17197,18.1396,47.0286
5952002.0,7.64727,18.4328,1.04477
5960002.0,8.6052,18.3291,4.2117
5968002.0,9.89945,18.1027,7.55162
5976002.0,10.6121,17.6156,11.4772
5984002.0,11.6391,17.6554,14.8698
5992002.0,12.0007,17.7891,18.6395
6000002.0,12.6696,17.4601,22.0671
6008002.0,13.3144,16.438,24.7743
6016002.0,14.417,16.2204,26.6023
6024002.0,14.7683,16.2012,30.7626
6032002.0,15.5824,16.0596,34.2351
6040002.0,16.5485,15.97,37.0682
6048002.0,16.9047,16.1874,40.0902
6056002.0,18.3713,15.7105,43.8014
6064002.0,19.2407,15.859000000000002,47.2445
6072002.0,19.9463,15.9073,0.47998999999999997
6080002.0,21.1464,16.0898,3.39826
6088002.0,22.1058,15.8178,6.08967
6096002.0,23.1326,15.6156,7.84095
6104002.0,24.4856,15.2599,10.8117
6112002.0,25.2611,14.8341,14.1694
6120002.0,25.7273,14.2792,17.2825
6128002.0,25.8801,13.9622,20.4395
6136002.0,26.9538,13.8504,23.1422
6144002.0,28.1662,13.5773,25.6888
6152002.0,28.6614,13.3833,28.5162
6160002.0,28.5656,14.1565,29.9703
6168002.0,29.5966,13.4258,32.914
6176002.0,29.2453,13.9531,36.5441
6184002.0,28.9164,14.3719,39.1959
6192002.0,28.7898,15.2635,42.0618
6200002.0,29.456999999999997,15.1966,44.8294
6208002.0,29.1422,15.9119,47.8529
6216002.0,29.6141,16.2018,2.0535
6224002.0,30.052,16.4714,5.89426
6232002.0,30.5808,16.2871,9.2585
6240002.0,32.0144,16.9375,13.8204
6248002.0,33.1396,16.9774,17.6334
6256002.0,35.094,16.8669,20.7652
6264002.0,35.7411,17.1093,23.853
6272002.0,36.5191,17.3712,26.7042
6280002.0,37.1753,17.2799,29.9267
6288002.0,37.1416,17.0425,33.6191
6296002.0,38.0005,16.855999999999998,36.8227
6304002.0,39.5259,16.791,40.3259
6312002.0,41.156000000000006,17.2811,44.6344
6320002.0,42.7811,17.7273,48.1548
6328002.0,44.6063,17.363,2.59538
6336002.0,45.8503,17.1103,5.5605199999999995
6344002.0,46.3066,17.0302,9.57174
6352002.0,46.2943,17.2137,13.6127
6360002.0,46.6607,17.415,17.113
6368002.0,46.972,17.6079,21.5783
6376002.0,47.4031,17.2546,25.3679
6384002.0,48.0041,17.3349,29.5412
6392002.0,48.493,17.4679,32.5716
6400002.0,48.6442,17.8255,36.2337
6408002.0,48.2892,18.4578,40.1973
6416002.0,48.5614,18.151,43.6357
6424002.0,48.5996,18.1876,46.6215
6432002.0,48.854,18.6347,0.435963
6440002.0,49.0443,18.8428,2.81344
6448002.0,0.163162,19.1198,6.18763
6456002.0,0.8937290000000001,19.3247,9.50981
6464002.0,1.25661,19.9701,12.6231
6472002.0,1.9101299999999999,20.1392,17.5711
6480002.0,2.56663,20.064,21.1399
6488002.0,3.03212,19.8848,24.6265
6496002.0,3.45623,20.0878,28.5336
6504002.0,4.85112,20.4567,32.1645
6512002.0,5.60536,20.4299,35.953
6520002.0,6.58913,20.6123,38.8657
6528002.0,7.43127,20.6278,42.5043
6536002.0,7.86906,20.9987,46.9744
6544002.0,8.259160000000001,20.5656,49.4349
6552002.0,9.12722,20.5432,2.96823
6560002.0,9.751489999999999,19.6818,6.5117
6568002.0,11.3353,19.5409,8.15804
6576002.0,12.7976,19.3422,11.6299
6584002.0,13.9147,19.2678,15.323
6592002.0,14.9519,19.7293,18.7715
6600002.0,16.5146,20.3462,21.7197
6608002.0,17.8026,20.3939,24.7502
6616002.0,18.7941,20.0279,27.1735
6624002.0,20.3249,19.5018,30.0463
6632002.0,21.7472,19.5551,32.4811
6640002.0,21.7708,19.2353,35.7696
6648002.0,22.6433,19.3026,38.5554
6656002.0,24.2989,19.5139,41.9896
6664002.0,24.9746,19.4239,44.5007
6672002.0,25.9831,18.9343,47.7994
6680002.0,26.7442,18.6185,1.7145700000000001
6688002.0,27.6534,18.3842,4.83059
6696002.0,29.5149,18.3433,7.43116
6704002.0,31.0179,17.5801,10.4373
6712002.0,32.8342,17.8372,12.8218
6720002.0,34.6722,17.4488,15.1224
6728002.0,35.949,17.471,17.2751
6736002.0,36.4487,17.8946,19.9409
6744002.0,37.6639,17.8518,23.6778
6752002.0,39.1478,17.4349,27.0017
6760002.0,40.16,16.9404,29.0281
6768002.0,39.8361,17.1168,31.6653
6776002.0,39.6808,16.7963,34.1979
6784002.0,40.3027,16.6703,37.2862
6792002.0,40.8872,16.4606,39.9578
6800002.0,42.4974,16.9153,41.8902
6808002.0,43.2656,18.012999999999998,44.6113
6816002.0,43.9069,18.4005,47.506
6824002.0,45.6733,18.1147,0.847735
6832002.0,47.7093,18.1081,4.20585
6840002.0,49.336999999999996,18.2359,7.39923
6848002.0,0.566337,18.4572,10.5627
6856002.0,0.8727309999999999,18.1707,13.5444
6864002.0,0.750217,18.0021,16.3191
6872002.0,1.4884,18.049,19.4624
6880002.0,2.36872,17.7512,22.7988
6888002.0,2.47653,18.032,26.535999999999998
6896002.0,3.15417,18.0037,29.1518
6904002.0,3.8273,17.5684,32.4472
6912002.0,5.12412,16.3677,35.9657
6920002.0,7.22792,16.2458,39.7148
6928002.0,8.222339999999999,16.1517,42.9312
6936002.0,8.7958,16.3645,45.4781
6944002.0,10.9601,16.5883,48.7357
6952002.0,12.8884,16.453,1.4380000000000002
6960002.0,14.0677,15.3745,2.53018
6968002.0,15.2367,15.2426,4.63724
6976002.0,16.1958,15.3655,7.94958
6984002.0,17.2254,15.6877,11.306
6992002.0,18.2041,15.7215,13.4214
7000002.0,18.8346,15.8265,15.0237
7008002.0,19.8401,15.8883,17.3218
7016002.0,20.77,15.7127,19.8941
7024002.0,21.0236,15.7509,22.8495
7032002.0,21.4398,15.6822,26.413
7040002.0,22.781,15.8934,29.7079
7048002.0,23.7879,15.9411,32.8947
7056002.0,24.7907,16.1986,36.5566
7064002.0,27.0684,16.4872,39.0542
7072002.0,28.7104,16.5311,42.3151
7080002.0,30.3514,16.6797,45.2434
7088002.0,31.2399,16.6817,48.1567
7096002.0,31.5718,17.0784,1.05759
7104002.0,31.6654,17.298,3.28416
7112002.0,32.1715,16.8917,6.72456
7120002.0,34.2331,17.285,10.0106
7128002.0,34.9094,17.203,12.2116
7136002.0,35.9754,17.1496,15.3924
7144002.0,36.305,17.4743,18.1548
7152002.0,37.3861,17.2231,21.7877
7160002.0,38.2614,17.2373,25.4277
7168002.0,38.7824,17.3294,28.2207
7176002.0,38.8918,17.2396,32.0244
7184002.0,40.6473,17.1427,35.2283
7192002.0,40.4363,17.2238,39.1098
7200002.0,42.0831,17.0852,43.2143
7204002.0,41.8485,16.9754,44.2
7212002.0,43.9381,18.2889,47.2726
7220002.0,45.6878,18.5035,0.05633730000000001
7228002.0,46.4109,18.5029,2.76784
7236002.0,46.978,18.9723,5.69335
7244002.0,47.6764,18.9266,9.645760000000001
7252002.0,48.1596,19.1719,13.5593
7260002.0,48.7393,17.8776,15.786
7268002.0,47.8193,18.1758,21.1556
7276002.0,47.1726,17.7613,22.2564
7284002.0,2.9676,19.915,31.1154
7292002.0,9.50884,17.5577,30.6211
7300002.0,8.870289999999999,16.1823,33.0244
7308002.0,7.33558,15.3346,35.8962
7316002.0,8.82602,15.0067,37.8537
7324002.0,7.37385,14.1988,40.8196
7332002.0,8.44693,13.8263,45.1172
7340002.0,11.8742,13.0423,47.9119
7348002.0,13.5347,11.9982,48.2052
7356002.0,16.0796,10.4665,1.53318
7364002.0,14.4542,11.0414,2.73591
7372002.0,14.5278,10.0583,5.74385
7380002.0,17.2363,7.47852,9.5442
7388002.0,14.4774,5.85255,7.898610000000001
7396002.0,16.7088,6.40527,7.36712
7404002.0,17.4656,6.333080000000001,8.433639999999999
7412002.0,19.7811,6.14921,10.0369
7420002.0,22.1441,6.58477,11.9471
7428002.0,23.21,7.20063,13.2162
7436002.0,23.1691,7.109210000000001,14.2975
7444002.0,23.0351,7.07535,15.4795
7452002.0,23.5162,6.9592600000000004,17.3124
7460002.0,23.595,6.93503,18.5258
7468002.0,23.9974,6.87075,20.3295
7476002.0,25.0849,6.07549,21.4362
7484002.0,26.2357,5.92005,23.4317
7492002.0,27.2297,5.54914,24.7195
7500002.0,28.5252,5.2023,26.0784
7508002.0,28.5721,5.05499,26.5881
7516002.0,28.9804,5.02559,27.4677
7524002.0,29.0605,5.14323,28.2832
7532002.0,29.1337,5.14804,29.1056
7540002.0,29.5139,5.02168,30.0062
7548002.0,29.9948,4.9869,30.6834
7556002.0,31.0455,5.15065,32.0352
7564002.0,31.3826,5.09014,33.2261
7572002.0,32.0739,4.85304,33.8547
7580002.0,32.5799,4.8679,35.2848
7588002.0,32.2564,5.29312,37.1463
7596002.0,31.9694,5.3044199999999995,37.7924
7604002.0,32.4966,5.16625,39.46
7612002.0,32.6451,5.4599400000000005,41.3813
7620002.0,32.8398,5.49066,42.4849
7628002.0,33.3568,5.60609,44.313
7636002.0,34.2707,5.44321,44.9583
7644002.0,34.9518,5.50303,46.1532
7652002.0,35.7589,5.52991,46.5307
7660002.0,35.9299,5.36281,47.2466
7668002.0,37.1172,5.1643,48.95399999999999
7676002.0,36.7513,5.3314900000000005,1.63273
7684002.0,36.8622,5.67286,2.71533
7692002.0,37.8393,5.70475,4.06029
7700002.0,37.8636,5.35522,4.63478
7708002.0,37.8977,5.32196,6.36841
7716002.0,37.989000000000004,4.81513,7.534669999999999
7724002.0,38.0005,4.77555,8.440610000000001
7732002.0,38.8078,4.60219,9.26251
7740002.0,39.4165,4.45171,10.1923
7748002.0,39.8174,4.49873,11.1161
7756002.0,40.4495,4.4931,11.7112
7764002.0,40.2845,4.66057,12.7921
7772002.0,39.9781,4.7914900000000005,13.6239
7780002.0,40.9139,4.82544,14.5908
7788002.0,41.4695,4.85464,15.8563
7796002.0,42.2342,5.20981,17.0503
7804002.0,42.7904,5.62827,17.5378
7812002.0,43.3393,5.67964,18.9408
7820002.0,43.7183,5.84546,19.8286
7828002.0,44.2558,5.74587,21.5341
7836002.0,44.8895,5.88265,23.8053
7844002.0,45.8976,6.00089,24.2926
7852002.0,45.5458,6.01369,26.066999999999997
7860002.0,46.3839,6.926310000000001,27.2114
7868002.0,47.6146,6.94685,29.8001
7876002.0,48.9965,7.08715,30.9005
7884002.0,0.495895,7.0273699999999995,32.3861
7892002.0,0.300363,6.574039999999999,33.9171
7900002.0,49.2256,6.1092,35.6785
7908002.0,49.4372,6.25186,36.5676
7916002.0,48.4634,6.40528,38.323
7924002.0,48.4932,6.4856,39.6583
7932002.0,47.7774,6.54545,39.851
7940002.0,47.7434,6.11994,40.3109
7948002.0,48.4725,6.3659300000000005,40.8604
7956002.0,47.2661,6.25149,41.6105
7964002.0,47.1422,6.6867600000000005,42.496
7972002.0,46.8552,7.4314100000000005,44.3152
7980002.0,46.8111,7.90481,45.9817
7988002.0,46.7952,8.12702,47.333999999999996
7996002.0,47.071000000000005,8.04358,48.2242
