2.0,7.1081,46.9188,22.3764
8002.0,9.406130000000001,46.5378,26.143
16002.0,11.0854,46.5474,30.3084
24002.0,11.2808,46.5458,34.9941
32002.0,11.2885,46.6335,39.3609
40002.0,11.3884,46.5647,44.3392
48002.0,11.6572,46.5951,49.1336
56002.0,11.8926,46.4806,4.320880000000001
64002.0,11.9813,46.603,8.6021
72002.0,12.63,46.465,11.9871
80002.0,12.9758,46.4296,15.4971
88002.0,13.7474,46.4795,20.153
96002.0,14.5492,46.6983,24.415
104002.0,14.7795,46.7079,28.3205
112002.0,15.0965,46.4796,30.7878
120002.0,15.984000000000002,46.6764,34.7143
128002.0,16.3291,46.638000000000005,39.6779
136002.0,17.1418,46.7297,44.7649
144002.0,17.2154,46.51,49.4081
152002.0,17.5931,46.6379,4.05467
160002.0,19.6618,46.5299,8.706339999999999
168002.0,20.1243,46.5662,13.4471
176002.0,20.3401,46.5968,18.1303
184002.0,20.7966,46.5773,22.9113
192002.0,20.8449,46.4277,28.4709
200002.0,21.5598,46.3061,32.6308
208002.0,21.5661,46.9762,35.5052
216002.0,22.5407,46.5136,40.1375
224002.0,22.7217,46.6603,45.0197
232002.0,23.2396,46.6469,1.11468
240002.0,23.3067,46.6145,6.21059
248002.0,23.8092,46.5324,10.817
256002.0,23.5587,46.5463,15.3961
264002.0,23.9457,46.6776,20.8272
272002.0,24.2366,46.9863,26.3464
280002.0,25.096,47.1117,30.7181
288002.0,26.0013,46.8323,36.1883
296002.0,25.3957,47.1562,40.2645
304002.0,26.3262,47.0755,45.8917
312002.0,26.7384,47.2511,0.975815
320002.0,27.8378,47.2489,6.03425
328002.0,29.4464,47.2712,11.0087
336002.0,30.2424,47.4972,16.3814
344002.0,30.8378,47.22,21.3505
352002.0,30.8496,47.364,25.9112
360002.0,30.9492,47.4424,30.809
368002.0,31.4171,47.486999999999995,35.8728
376002.0,31.2647,47.4701,40.8879
384002.0,31.4047,47.4112,45.244
392002.0,31.4927,47.2943,0.33576500000000004
400002.0,31.4583,47.3585,4.86615
408002.0,31.4485,47.2941,9.76385
416002.0,31.5504,46.8924,13.7175
424002.0,32.4964,46.8484,18.6642
432002.0,32.8239,46.9086,23.685
440002.0,33.4123,46.6922,28.6401
448002.0,33.3664,46.7631,33.6078
456002.0,33.6399,46.6208,37.923
464002.0,33.8796,46.5791,41.9225
472002.0,34.1176,46.7715,46.3434
480002.0,34.4792,46.7869,1.69144
488002.0,35.1971,46.7536,6.5176099999999995
496002.0,36.0324,46.5348,11.4054
504002.0,36.0842,46.6037,16.343
512002.0,36.148,46.5248,21.2856
520002.0,36.4061,46.6191,26.1173
528002.0,36.4389,46.6627,31.1412
536002.0,36.9222,46.7086,36.2776
544002.0,38.0272,46.6147,40.6924
552002.0,39.0653,46.7476,45.2088
560002.0,40.3848,46.7376,0.162054
568002.0,40.8384,46.6672,4.714180000000001
576002.0,41.6221,46.6336,9.52813
584002.0,41.9934,46.6186,14.3513
592002.0,42.5791,46.4584,17.9789
600002.0,43.1843,46.4823,23.1034
608002.0,44.059,46.3784,27.9095
616002.0,44.4892,46.6456,32.8614
624002.0,44.6101,46.589,37.939
632002.0,44.6818,46.6652,42.6855
640002.0,44.9951,46.5881,47.4003
648002.0,45.045,46.5822,1.83428
656002.0,45.143,46.5129,6.56577
664002.0,45.2986,46.2932,11.1434
672002.0,45.3406,46.1209,16.072
680002.0,45.3559,46.2842,20.9005
688002.0,45.5413,46.3515,25.8942
696002.0,45.6761,46.2528,30.6946
704002.0,45.8299,46.2128,35.9395
712002.0,45.855,46.1579,40.809
720002.0,45.9643,46.0271,45.7162
728002.0,45.7851,46.2512,1.05677
736002.0,45.8217,46.2779,6.18072
744002.0,45.9668,46.3333,11.052999999999999
752002.0,45.9363,46.3396,15.9107
760002.0,46.1731,46.3228,21.069000000000003
768002.0,46.2839,46.23,26.0925
776002.0,46.4423,46.3464,31.0957
784002.0,46.3745,46.2439,35.9975
792002.0,46.438,46.1146,40.5717
800002.0,46.3714,46.2229,45.4513
808002.0,46.3347,46.2686,0.932441
816002.0,46.3313,46.2955,6.0476
824002.0,46.3006,46.4455,10.9727
832002.0,46.32,46.4616,16.0077
840002.0,46.2404,46.5125,20.8551
848002.0,46.6702,46.6951,25.7622
856002.0,47.5112,46.4799,30.5617
864002.0,47.5895,46.483000000000004,35.1363
872002.0,47.5974,46.6097,40.0717
880002.0,47.6649,46.6863,44.9798
888002.0,47.7254,46.7964,0.423184
896002.0,48.2344,46.6034,4.08659
904002.0,48.5182,46.7551,8.92113
912002.0,48.9133,46.651,12.8511
920002.0,49.4483,46.551,17.7238
928002.0,0.04859430000000001,46.5629,22.8947
936002.0,0.164102,46.4669,27.7056
944002.0,0.351017,46.5628,31.9687
952002.0,0.536474,46.5903,36.6366
960002.0,0.42009799999999997,46.4549,41.5811
968002.0,0.44923900000000005,46.4784,46.4388
976002.0,0.613344,46.428999999999995,1.57887
984002.0,0.578183,46.5215,6.27785
992002.0,0.635497,46.4341,10.7016
1000002.0,0.700683,46.4872,14.7363
1008002.0,0.9616319999999999,46.4089,19.5963
1016002.0,1.1099,46.3573,24.3774
1024002.0,1.33589,46.3511,29.0416
1032002.0,1.3920299999999999,46.4574,33.3793
1040002.0,1.84517,46.417,38.1856
1048002.0,1.64769,46.318999999999996,43.1052
1056002.0,1.8707099999999999,46.32899999999999,47.5299
1064002.0,2.21239,46.2923,2.92135
1072002.0,2.53002,46.2118,7.63135
1080002.0,2.66946,46.3146,12.4199
1088002.0,2.56206,46.2955,17.073
1096002.0,2.77578,46.5202,21.9222
1104002.0,3.1837400000000002,46.5243,26.9921
1112002.0,3.1750599999999998,46.9134,31.9074
1120002.0,3.5021699999999996,46.7135,36.8555
1128002.0,3.8906099999999997,46.6213,41.6851
1136002.0,4.1323300000000005,46.5816,46.667
1144002.0,4.48853,46.5863,1.41744
1152002.0,4.63034,46.6701,6.275469999999999
1160002.0,5.00767,46.7848,11.4241
1168002.0,5.06259,46.8316,16.3547
1176002.0,5.14088,46.7517,21.2443
1184002.0,5.28752,46.7623,26.2716
1192002.0,5.71278,46.382,31.025
1200002.0,5.7972,46.766000000000005,35.849000000000004
1208002.0,5.97773,46.7776,40.8797
1216002.0,6.06325,46.7518,45.6266
1224002.0,5.99872,46.6472,1.15774
1232002.0,5.9435400000000005,46.8871,6.2704
1240002.0,6.01779,46.8431,11.2324
1248002.0,6.11885,46.8837,16.2872
1256002.0,6.53563,46.7349,21.2933
1264002.0,6.89067,46.4806,26.525
1272002.0,6.9953899999999996,46.4946,31.695
1280002.0,7.316339999999999,46.4713,36.6551
1288002.0,7.563280000000001,46.3379,41.4823
1296002.0,7.679239999999999,46.3111,46.5187
1304002.0,8.070269999999999,46.3042,1.96459
1312002.0,7.99983,46.4539,7.163930000000001
1320002.0,8.56625,46.6966,12.0972
1328002.0,8.5831,46.7326,16.9538
1336002.0,8.74461,46.731,22.0494
1344002.0,9.55733,46.5697,26.8943
1352002.0,9.90338,46.7138,31.8767
1360002.0,10.1646,46.5921,36.8569
1368002.0,10.8159,46.7756,41.931000000000004
1376002.0,11.3215,46.6196,46.9752
1384002.0,11.6473,46.6855,2.15725
1392002.0,11.7396,46.6531,7.1647300000000005
1400002.0,12.1874,46.7039,12.3418
1408002.0,12.3364,46.6939,17.7685
1416002.0,12.5337,46.6753,23.1623
1424002.0,12.5061,46.5747,28.3115
1432002.0,13.0205,46.5645,33.8766
1440002.0,13.7018,46.7963,39.3119
1448002.0,13.5145,46.6568,44.3136
1456002.0,13.8747,46.582,49.2149
1464002.0,13.9844,46.5963,4.651669999999999
1472002.0,13.9235,46.6515,9.53967
1480002.0,14.0298,46.6702,14.3571
1488002.0,14.3945,46.7615,19.3935
1496002.0,14.9861,46.5774,24.2632
1504002.0,15.3575,46.9406,29.4643
1512002.0,15.2276,46.6523,34.4312
1520002.0,15.8789,46.5953,39.2597
1528002.0,16.6555,46.4353,44.4585
1536002.0,17.2273,46.6105,49.0142
1544002.0,17.5658,46.5616,4.2969599999999994
1552002.0,18.8025,46.1948,8.50786
1560002.0,19.2424,46.0722,13.62
1568002.0,18.9251,45.532,18.6462
1576002.0,18.9498,45.4172,23.9579
1584002.0,18.6998,45.4039,29.0554
1592002.0,18.8819,45.4718,34.0372
1600002.0,18.864,45.5721,39.0084
1608002.0,18.8024,45.3558,44.0564
1616002.0,18.4007,45.42,48.9648
1624002.0,18.2096,46.5765,4.043740000000001
1632002.0,18.3675,46.5324,8.951080000000001
1640002.0,18.5537,46.5999,13.9532
1648002.0,18.7919,46.4119,18.8538
1656002.0,18.7092,46.3841,23.9024
1664002.0,18.7475,46.126999999999995,28.9668
1672002.0,18.5224,45.8152,34.0943
1680002.0,18.5853,46.6408,38.8911
1688002.0,18.4331,46.5753,43.8903
1696002.0,18.2878,46.5668,48.8961
1704002.0,18.2595,46.5624,4.45032
1712002.0,18.572,46.6727,9.68475
1720002.0,18.4583,46.5451,14.5459
1728002.0,18.3536,46.4222,19.2044
1736002.0,18.2823,46.4683,24.1198
1744002.0,18.3862,46.5152,29.0008
1752002.0,18.5421,46.623000000000005,33.9356
1760002.0,18.692,46.5397,38.539
1768002.0,18.8017,46.5377,43.1722
1776002.0,18.9085,46.5819,48.019
1784002.0,19.0753,46.3312,2.74423
1792002.0,18.858,46.6718,7.256939999999999
1800002.0,19.1021,46.5569,12.2341
1808002.0,19.4132,46.4872,17.2311
1816002.0,19.5528,46.6179,21.9978
1824002.0,19.2439,46.2735,26.3572
1832002.0,19.8444,46.068999999999996,31.0695
1840002.0,20.1719,46.3391,35.3793
1848002.0,20.174,46.4192,40.023
1856002.0,20.2834,46.4513,44.8895
1864002.0,20.3373,46.5814,0.21045
1872002.0,20.4713,46.4593,4.892580000000001
1880002.0,21.6697,46.6368,9.76413
1888002.0,22.8932,46.6183,14.3225
1896002.0,23.6704,46.8384,19.2743
1904002.0,23.8594,46.7851,24.2215
1912002.0,23.9345,46.7599,29.0999
1920002.0,23.891,46.9956,34.1579
1928002.0,24.004,47.0346,38.7772
1936002.0,23.9089,47.0986,43.8369
1944002.0,24.0333,47.1678,48.953
1952002.0,24.3568,47.0942,4.73479
1960002.0,24.2162,47.1439,9.8487
1968002.0,24.1643,47.0686,14.8041
1976002.0,24.4028,47.0211,19.6503
1984002.0,24.2996,47.0113,25.025
1992002.0,24.6769,46.7128,30.0478
2000002.0,24.6391,46.7188,35.0295
2008002.0,24.9244,46.8382,40.0197
2016002.0,24.9644,46.9102,45.0014
2024002.0,25.1839,46.6441,0.021212400000000003
2032002.0,25.6665,46.4348,4.894769999999999
2040002.0,26.2992,46.5568,9.75159
2048002.0,26.3346,46.5169,14.9014
2056002.0,26.5617,46.5859,19.6881
2064002.0,26.5883,46.5807,24.6928
2072002.0,27.1484,46.6041,29.5359
2080002.0,27.0461,46.7437,34.5058
2088002.0,27.1603,46.7191,39.4099
2096002.0,27.4101,46.7889,44.126999999999995
2104002.0,28.1204,46.6299,48.5016
2112002.0,28.6448,46.6144,4.01931
2120002.0,28.8411,46.739,8.85886
2128002.0,28.953000000000003,46.916000000000004,13.4374
2136002.0,29.252,46.9123,18.4013
2144002.0,29.6884,46.6777,23.5551
2152002.0,29.9856,46.8798,28.581999999999997
2160002.0,29.8741,46.6218,33.3811
2168002.0,30.2976,46.2953,38.3942
2176002.0,30.0619,46.4026,43.3577
2184002.0,30.6858,46.4949,47.6591
2192002.0,30.8295,46.5653,2.97382
2200002.0,30.8553,46.648,7.71977
2208002.0,31.6108,46.8526,12.334000000000001
2216002.0,31.7741,46.9185,17.1139
2224002.0,32.0618,46.9603,22.2358
2232002.0,32.7284,47.0131,26.8699
2240002.0,33.0148,46.5983,31.8231
2248002.0,33.5299,46.568999999999996,36.7527
2256002.0,33.6159,46.5587,40.6494
2264002.0,33.4816,46.6501,45.6768
2272002.0,33.4908,46.5989,1.1694200000000001
2280002.0,33.8627,46.5102,6.19465
2288002.0,33.0964,46.6151,11.5765
2296002.0,33.5976,46.5531,16.7304
2304002.0,33.6893,46.6608,21.7675
2312002.0,33.8126,46.5415,26.8064
2320002.0,34.9101,46.5066,31.5308
2328002.0,35.0902,46.5319,36.5887
2336002.0,35.2855,46.6486,41.5118
2344002.0,35.17,46.7076,46.5748
2352002.0,35.2531,46.6915,1.9745599999999999
2360002.0,35.3483,46.4047,6.97876
2368002.0,35.4312,46.3417,11.9366
2376002.0,35.4655,46.4701,16.9414
2384002.0,35.3973,46.5384,21.8503
2392002.0,35.416,46.6471,26.6906
2400002.0,35.4131,46.708999999999996,31.6637
2408002.0,35.5364,46.8248,36.6829
2414002.0,35.6143,46.8501,40.4673
2422002.0,36.0971,46.8301,46.3616
2430002.0,37.8586,46.8367,1.9222
2438002.0,39.5691,46.9028,6.54042
2446002.0,40.3007,46.9587,11.6134
2454002.0,40.3836,46.9482,16.09
2462002.0,41.1197,46.955,20.9802
2470002.0,41.9514,47.0346,25.609
2478002.0,41.9224,47.065,30.6756
2486002.0,42.1208,47.1151,35.3984
2494002.0,42.2187,46.7956,39.9817
2502002.0,42.1701,46.8388,44.7478
2510002.0,42.7253,46.5969,0.217216
2518002.0,42.5304,46.5801,5.09173
2526002.0,43.7682,47.0204,9.53213
2534002.0,44.0825,47.1792,14.24
2542002.0,43.4926,47.3731,15.4715
2550002.0,44.9867,47.2569,21.7515
2558002.0,45.4428,47.1168,26.7437
2566002.0,45.7727,46.7531,31.1366
2574002.0,46.3069,46.8357,35.3621
2582002.0,46.3726,46.7198,39.7255
2590002.0,47.6587,46.3755,44.8403
2598002.0,49.0364,46.3681,0.6244609999999999
2606002.0,48.6688,46.4548,5.8322199999999995
2614002.0,49.0005,46.3956,10.8608
2622002.0,49.2925,45.5197,15.668
2630002.0,0.6946939999999999,44.1872,20.8274
2638002.0,48.7714,44.7226,26.138
2646002.0,43.8059,46.9363,27.7955
2654002.0,43.3799,47.028,34.0897
2662002.0,43.2108,46.8789,38.9245
2670002.0,43.6808,46.7536,44.0581
2678002.0,44.5096,46.6047,48.9698
2686002.0,45.9433,46.5156,4.16976
2694002.0,46.7494,46.4927,9.01497
2702002.0,47.1575,46.3883,13.7593
2710002.0,47.4866,46.3418,18.9702
2718002.0,47.7635,46.1532,23.9922
2726002.0,48.2275,46.5978,28.264
2734002.0,48.4879,46.5441,33.2923
2742002.0,48.9621,46.519,38.2389
2750002.0,49.0135,46.8151,42.9363
2758002.0,48.9824,46.6637,47.4652
2766002.0,48.9775,46.6132,2.91285
2774002.0,48.8156,46.6413,7.607639999999999
2782002.0,48.5845,46.6249,12.4703
2790002.0,48.5412,46.5093,17.3394
2798002.0,47.8206,46.7492,22.4642
2806002.0,47.599,46.9707,27.6545
2814002.0,47.3628,46.8669,32.6244
2822002.0,47.586000000000006,46.7192,37.5681
2830002.0,47.0715,46.549,42.7536
2838002.0,47.2058,46.471000000000004,47.7307
2846002.0,48.3336,46.6178,3.1825900000000003
2854002.0,48.4346,46.5849,8.70934
2862002.0,49.0099,46.7083,13.6035
2870002.0,48.8476,46.4676,18.2557
2878002.0,0.0429147,46.2846,23.2373
2886002.0,49.2706,45.9929,27.9271
2894002.0,49.2175,46.1549,33.2604
2902002.0,0.402704,46.1938,38.1181
2910002.0,0.6482600000000001,46.0567,42.7673
2918002.0,0.8761979999999999,46.2436,47.6434
2926002.0,0.9375540000000001,46.2907,3.4778
2934002.0,1.0413299999999999,46.5589,8.61786
2942002.0,1.09376,46.4957,13.6785
2950002.0,0.8155180000000001,46.6034,19.0353
2958002.0,0.746625,46.5969,23.823
2966002.0,0.895382,46.6432,28.6454
2974002.0,0.868958,46.5658,33.7196
2982002.0,0.9887020000000001,46.6601,38.5178
2990002.0,1.01481,46.6917,43.4102
2998002.0,0.87925,46.7531,48.3478
3006002.0,1.0417,46.8643,3.4110400000000003
3014002.0,1.21761,47.1437,8.12295
3022002.0,1.42689,47.0789,13.1515
3030002.0,1.51132,46.9444,18.4651
3038002.0,1.5325799999999998,47.1393,23.3752
3046002.0,2.02163,47.3873,28.8156
3054002.0,2.93505,47.5322,34.1021
3062002.0,2.79156,47.0378,39.8349
3070002.0,3.5733699999999997,47.356,45.6266
3078002.0,3.37941,47.5007,1.37495
3086002.0,3.2044599999999996,47.2521,6.31492
3094002.0,3.17131,47.4425,11.1105
3102002.0,2.84318,46.5306,16.7484
3110002.0,2.95112,46.4902,21.6676
3118002.0,3.56468,46.4898,26.4421
3126002.0,3.77035,46.2513,32.1063
3134002.0,3.68897,46.133,37.0426
3142002.0,3.9454300000000004,46.4312,42.2817
3150002.0,4.24378,45.8361,46.6392
3158002.0,5.60005,46.1445,2.27668
3166002.0,5.617319999999999,46.5259,5.93738
3174002.0,6.39755,46.4137,9.758569999999999
3182002.0,6.66237,46.5545,14.8109
3190002.0,7.66732,46.424,19.1443
3198002.0,7.9343,46.7294,24.3055
3206002.0,8.65485,46.7914,28.9466
3214002.0,9.2859,46.7584,33.1242
3222002.0,10.4973,46.8307,38.7618
3230002.0,11.4118,46.547,44.0416
3238002.0,11.607000000000001,46.8592,48.3015
3246002.0,12.2863,46.9798,3.16906
3254002.0,12.6801,46.3638,7.5568
3262002.0,13.1288,46.3422,11.8305
3270002.0,13.2363,46.1164,17.0289
3278002.0,13.093,45.773999999999994,21.7318
3286002.0,13.1841,45.8505,26.0032
3294002.0,13.0089,46.1446,28.8936
3302002.0,13.1423,46.4017,34.4661
3310002.0,12.8423,46.1067,37.7089
3318002.0,13.0305,46.0738,42.4439
3326002.0,13.311,45.9297,46.043
3334002.0,15.0454,45.6817,1.8256
3342002.0,16.2804,45.2232,7.08557
3350002.0,16.9808,45.2261,11.5167
3358002.0,19.1532,45.2189,15.6843
3366002.0,21.1716,44.4617,19.4824
3374002.0,22.2511,44.1782,24.7445
3382002.0,22.7695,44.347,30.2446
3390002.0,24.2774,44.3744,35.0927
3398002.0,24.4435,44.5173,40.4285
3406002.0,25.2187,44.4773,45.3527
3414002.0,27.2087,44.3351,0.819008
3422002.0,28.2751,44.6314,5.17184
3430002.0,29.3937,44.6844,10.5054
3438002.0,29.34,45.443999999999996,15.097000000000001
3446002.0,29.7283,45.8404,20.2812
3454002.0,29.5894,45.5569,25.0812
3462002.0,30.1265,45.7076,29.9679
3470002.0,30.2436,45.6003,35.0146
3478002.0,30.3428,45.591,39.9887
3486002.0,30.368000000000002,45.4786,44.8179
3494002.0,30.4709,45.5224,0.294189
3502002.0,30.3817,45.5283,5.36834
3510002.0,30.230999999999998,45.3689,10.4561
3518002.0,30.3195,45.3754,15.4163
3526002.0,30.3324,45.3034,20.4355
3534002.0,30.4706,45.3731,25.3173
3542002.0,30.5008,45.3981,30.4219
3550002.0,30.7709,45.2304,35.1662
3558002.0,30.8623,45.2239,40.1733
3566002.0,31.0066,45.1759,45.2947
3574002.0,31.0861,45.1742,0.816091
3582002.0,31.1612,45.1433,6.2289900000000005
3590002.0,31.1031,45.0402,11.2034
3598002.0,31.1984,44.8742,15.9122
3606002.0,31.5778,44.8473,20.7454
3614002.0,31.7269,44.8585,25.6491
3622002.0,32.1617,44.9047,30.6292
3630002.0,32.8663,45.0589,36.0101
3638002.0,32.9798,44.7982,40.913000000000004
3646002.0,33.0398,45.0503,46.2269
3654002.0,33.1449,44.7326,1.33371
3662002.0,33.3834,44.9396,6.44344
3670002.0,33.6034,44.898,11.4833
3678002.0,33.6714,44.8774,16.4928
3686002.0,34.1063,44.903999999999996,21.404
3694002.0,34.3353,44.9746,26.5622
3702002.0,34.4144,44.9758,31.5671
3710002.0,34.4007,44.943999999999996,36.4302
3718002.0,34.4036,44.888999999999996,41.3049
3726002.0,34.5218,44.9703,46.4043
3734002.0,34.4469,44.6003,1.5606200000000001
3742002.0,34.4865,44.5624,6.10924
3750002.0,34.7594,44.6485,11.0008
3758002.0,36.4854,44.6313,16.6335
3766002.0,37.5054,44.6345,21.4955
3774002.0,38.4898,44.5655,27.0279
3782002.0,38.727,44.9816,31.7897
3790002.0,39.1679,44.8908,37.464
3798002.0,39.6044,44.8506,42.416000000000004
3806002.0,39.7772,44.6674,47.3682
3814002.0,40.5998,44.9656,2.6793099999999996
3822002.0,41.7406,44.7848,6.7622800000000005
3830002.0,41.8286,45.1018,12.3095
3838002.0,41.9404,45.1005,17.5718
3846002.0,42.1223,45.315,22.2451
3854002.0,42.5416,45.3517,27.3601
3862002.0,42.6079,45.2532,32.129
3870002.0,43.0129,45.1993,36.8227
3878002.0,43.0459,45.013999999999996,42.0345
3886002.0,43.0721,45.1561,46.5532
3894002.0,43.5748,45.4014,1.4069999999999998
3902002.0,43.876999999999995,45.6162,6.4408
3910002.0,45.0605,46.0141,10.800999999999998
3918002.0,46.4182,46.0042,15.925
3926002.0,47.7096,46.7337,20.3993
3934002.0,48.4633,46.7594,25.5859
3942002.0,48.6278,46.7181,30.493000000000002
3950002.0,49.1621,46.51,35.2666
3958002.0,49.2639,46.4837,40.3433
3966002.0,0.18926199999999999,46.6363,45.3607
3974002.0,0.898674,46.7015,0.278546
3982002.0,1.03312,46.6858,5.28758
3990002.0,1.44176,46.5367,10.0946
3998002.0,1.8282900000000002,46.5117,14.4259
4006002.0,2.89547,46.6219,19.4883
4014002.0,3.00625,46.5983,23.9196
4022002.0,2.94212,46.5187,28.5995
4030002.0,2.8449299999999997,46.8863,33.4468
4038002.0,3.09062,46.7712,38.1473
4046002.0,3.73484,47.0425,43.2379
4054002.0,4.18711,46.9553,47.8483
4062002.0,4.87156,46.9629,3.4429300000000005
4070002.0,5.021059999999999,47.1002,7.874219999999999
4078002.0,5.329,47.1441,12.5176
4086002.0,5.67101,47.0523,16.984
4094002.0,6.0257,46.7112,21.1578
4102002.0,6.21005,46.7186,25.7708
4110002.0,6.2212,46.6302,30.5489
4118002.0,6.63762,46.6414,35.6008
4126002.0,7.05018,46.6373,40.7522
4134002.0,7.053910000000001,46.7597,44.7968
4142002.0,7.01847,46.5696,0.186569
4150002.0,7.3981,46.4937,5.1521099999999995
4158002.0,7.548039999999999,46.2331,9.95384
4166002.0,7.78902,46.1251,14.6615
4174002.0,8.09159,46.2922,19.5148
4182002.0,8.46064,46.8016,24.5833
4190002.0,9.65247,46.7262,29.0474
4198002.0,10.0346,46.6315,34.0515
4206002.0,10.5524,46.638999999999996,39.1257
4214002.0,10.4274,46.6012,44.4614
4222002.0,10.6035,46.538999999999994,49.4277
4230002.0,10.8881,46.6717,4.90102
4238002.0,11.3111,46.5331,10.1582
4246002.0,11.753,46.7137,14.8587
4254002.0,11.9707,46.6886,20.655
4262002.0,12.0586,46.6628,25.9571
4270002.0,12.2368,46.8246,30.559
4278002.0,12.0162,46.808,35.4895
4286002.0,12.0938,46.6401,40.4698
4294002.0,12.144,46.5145,45.5439
4302002.0,13.2675,46.2231,0.743638
4310002.0,13.7099,45.9162,5.80331
4318002.0,14.2264,45.8269,10.5682
4326002.0,14.3183,45.828,15.7459
4334002.0,14.5895,45.7804,20.6776
4342002.0,14.5466,45.8566,25.7654
4350002.0,14.7853,46.2384,30.7137
4358002.0,15.0209,46.4897,35.5422
4366002.0,15.4841,46.5573,40.0652
4374002.0,15.2574,46.601000000000006,44.8413
4382002.0,15.4676,46.5673,0.171766
4390002.0,15.4365,46.7453,5.152080000000001
4398002.0,15.4054,46.7151,10.4068
4406002.0,15.3402,46.5873,15.793
4414002.0,15.4216,46.7641,20.41
4422002.0,15.5064,46.5585,25.4146
4430002.0,15.3346,46.6365,30.5214
4438002.0,15.3003,46.8262,35.3133
4446002.0,15.3803,46.6984,40.2076
4454002.0,15.3905,46.6298,45.2854
4462002.0,15.630999999999998,46.6739,0.714398
4470002.0,16.2551,46.6283,5.82429
4478002.0,16.4414,46.5892,10.4719
4486002.0,16.6144,46.4924,15.7873
4494002.0,16.6425,46.4767,20.6372
4502002.0,16.7593,46.5023,25.5019
4510002.0,16.6642,46.4152,30.2328
4518002.0,16.7784,46.2185,34.55
4526002.0,16.8463,46.0995,39.4897
4534002.0,17.1591,46.2257,44.349
4542002.0,17.2742,46.19,49.1922
4550002.0,17.6129,46.1985,4.74413
4558002.0,17.9851,46.26,9.80938
4566002.0,17.4106,46.2894,15.2038
4574002.0,17.9162,46.3009,20.0977
4582002.0,18.6243,46.2579,25.0683
4590002.0,19.449,46.2218,29.6189
4598002.0,20.8893,46.1277,34.3463
4606002.0,21.8847,46.0349,38.5488
4614002.0,22.7621,45.7725,42.9498
4622002.0,22.9454,45.778,47.3199
4630002.0,23.3218,45.851000000000006,2.17689
4638002.0,23.320999999999998,45.8036,5.913069999999999
4646002.0,23.1054,46.1352,10.762
4654002.0,23.1889,46.5454,15.4392
4662002.0,23.4662,46.753,20.2939
4670002.0,23.6811,46.7406,24.3507
4678002.0,23.4264,46.6543,28.8702
4686002.0,23.6884,46.6223,32.9427
4694002.0,24.9977,47.0098,37.643
4702002.0,25.1012,47.0109,41.7341
4710002.0,25.1462,46.94,46.1357
4718002.0,24.9488,46.7924,1.0543
4726002.0,24.5113,47.0545,6.19287
4734002.0,25.0469,46.7897,10.8202
4742002.0,24.8751,46.912,15.6131
4750002.0,24.7792,46.9213,19.9027
4758002.0,25.0138,46.7174,24.1189
4760002.0,25.1234,46.7448,25.0533
4768002.0,25.2389,46.75,29.6895
4776002.0,25.7614,46.8216,33.5405
4784002.0,27.131999999999998,46.8424,38.0058
4792002.0,27.4334,47.107,43.1731
4800002.0,27.4726,47.2091,47.9625
4808002.0,27.6476,47.1868,3.35998
4816002.0,28.5768,47.1185,8.06743
4824002.0,29.6773,47.2092,12.8314
4832002.0,30.6869,47.2487,18.0329
4840002.0,31.3073,47.24100000000001,22.8326
4848002.0,32.0605,47.2008,27.5334
4856002.0,33.609,47.2846,32.8279
4864002.0,33.6308,47.1038,37.8686
4872002.0,34.7574,47.1051,42.5965
4880002.0,35.2479,47.1626,47.1455
4888002.0,35.7766,47.2003,2.3078
4896002.0,36.876,47.1724,7.3458
4904002.0,37.7537,47.2281,11.7711
4912002.0,37.9121,46.9897,16.7366
4920002.0,39.0161,47.1593,22.45
4928002.0,40.041,47.1901,27.5346
4936002.0,40.5015,46.9924,32.3342
4944002.0,40.5366,46.8705,36.6574
4952002.0,41.1739,46.7602,41.0036
4960002.0,41.1961,46.7192,46.1686
4968002.0,41.121,46.6605,1.71395
4976002.0,41.1277,46.2687,6.85704
4984002.0,41.1838,46.233000000000004,12.0686
4992002.0,41.5982,46.2885,16.5423
5000002.0,41.9926,46.6575,21.5527
5008002.0,42.1988,46.5212,26.5315
5016002.0,42.1957,46.1799,31.1967
5024002.0,42.6685,46.178000000000004,35.7815
5032002.0,43.3367,45.9587,40.4668
5040002.0,44.1996,46.543,45.723
5048002.0,44.4707,46.104,1.3543
5056002.0,45.2761,45.6698,6.31658
5064002.0,46.6121,45.6882,11.1157
5072002.0,47.288000000000004,45.7212,16.1991
5080002.0,48.2196,46.22,21.6445
5088002.0,48.9916,46.1372,26.7562
5096002.0,1.0865200000000002,45.9969,31.9442
5104002.0,1.85453,45.5389,37.1869
5112002.0,2.7443299999999997,45.4466,42.4893
5120002.0,3.58855,45.5551,47.5181
5128002.0,4.38788,44.9416,3.33724
5136002.0,4.37467,44.8436,8.51085
5144002.0,4.70675,44.7092,13.7224
5152002.0,4.95535,44.5313,18.8403
5160002.0,5.2560199999999995,44.2228,24.1724
5168002.0,5.3423099999999994,44.195,29.3693
5176002.0,5.8639,43.949,34.6597
5184002.0,6.06435,43.6252,39.9398
5192002.0,6.5153,43.7189,44.9474
5200002.0,6.65015,43.8615,0.581509
5208002.0,7.275360000000001,43.8532,5.10645
5216002.0,8.580869999999999,43.6462,10.0142
5224002.0,9.37251,43.6682,14.4289
5232002.0,9.575439999999999,43.6136,19.3546
5240002.0,10.2456,43.6982,24.2673
5248002.0,10.6222,43.513999999999996,28.2662
5256002.0,10.7699,43.3776,32.3532
5264002.0,11.4643,42.9904,36.7378
5272002.0,12.4669,42.8177,40.8747
5280002.0,13.4072,42.7966,45.7712
5288002.0,13.9692,42.9099,0.674705
5296002.0,14.5057,42.8001,5.56796
5304002.0,14.9433,42.8479,10.3931
5312002.0,16.7842,42.8588,14.8346
5320002.0,16.8893,42.8071,19.8924
5328002.0,17.075,42.8867,24.3687
5336002.0,17.6512,42.9405,28.6764
5344002.0,18.303,42.7064,33.0022
5352002.0,18.682000000000002,42.3058,37.6997
5360002.0,18.8379,42.8517,41.4468
5368002.0,19.1653,42.74100000000001,46.4013
5376002.0,19.5095,42.7222,1.48629
5384002.0,21.0935,42.3885,6.42385
5392002.0,20.7715,42.4812,10.9769
5400002.0,20.6604,42.411,15.7921
5408002.0,20.6494,42.4937,20.2314
5416002.0,21.7463,42.7225,24.7208
5424002.0,22.1244,42.7825,29.3026
5432002.0,22.424,42.7431,33.7277
5440002.0,22.8387,42.7556,37.2653
5448002.0,23.5632,42.6257,41.5167
5456002.0,23.7817,42.6476,46.5801
5464002.0,24.094,42.6979,1.7087599999999998
5472002.0,24.3656,42.6622,7.17306
5480002.0,25.2522,42.593,11.9446
5488002.0,25.7201,42.6828,15.8329
5496002.0,26.7693,42.5102,20.7754
5504002.0,27.0169,42.4739,25.6506
5512002.0,28.0373,42.4496,29.9862
5520002.0,28.8875,42.5429,34.9495
5528002.0,29.9465,42.6937,39.4341
5536002.0,30.4394,42.84,44.2845
5544002.0,30.8272,42.7172,49.4414
5552002.0,31.3946,42.7026,4.842169999999999
5560002.0,31.846,42.8424,10.1133
5568002.0,32.3576,42.8997,15.0556
5576002.0,33.2268,42.8052,19.2536
5584002.0,33.7065,42.8222,24.4662
5592002.0,34.2928,42.3447,28.9733
5600002.0,34.4708,42.2613,33.7053
5608002.0,35.0644,41.9686,38.0747
5616002.0,35.5612,42.001000000000005,42.5895
5624002.0,35.5423,42.0164,47.5344
5632002.0,36.543,42.151,2.67245
5640002.0,38.313,42.4958,7.9612
5648002.0,39.3427,42.0603,13.5811
5656002.0,39.6666,42.6304,18.415
5664002.0,40.0096,42.4311,23.4111
5672002.0,40.6431,42.5838,28.6211
5680002.0,40.7671,42.6384,33.2717
5688002.0,41.4106,42.6109,37.5286
5696002.0,41.653999999999996,42.7052,41.7945
5704002.0,41.5683,42.7014,46.6501
5712002.0,42.0799,42.6966,1.8014599999999998
5720002.0,42.4335,42.6288,6.376930000000001
5728002.0,42.6188,42.6138,11.1795
5736002.0,42.8419,42.4006,16.0663
5744002.0,43.0866,42.4713,21.1804
5752002.0,43.1484,42.7605,25.7524
5760002.0,43.3229,42.15,30.7082
5768002.0,45.0609,41.8705,35.157
5776002.0,45.9187,42.1705,40.2398
5784002.0,45.9092,42.3104,45.3266
5792002.0,46.781000000000006,42.3624,0.376392
5800002.0,47.4246,42.2554,5.16867
5808002.0,48.3955,42.188,10.1745
5816002.0,0.280219,42.2759,15.5668
5824002.0,0.9381659999999999,42.2906,20.1937
5832002.0,1.41521,42.5374,24.8467
5840002.0,2.38196,42.698,29.6861
5848002.0,3.8883900000000002,42.6991,34.5881
5856002.0,4.75435,42.8253,39.9642
5864002.0,5.8419300000000005,43.1134,44.861999999999995
5872002.0,6.1675699999999996,43.1305,0.203023
5880002.0,6.30556,43.3128,5.2201699999999995
5888002.0,7.25899,43.2495,10.1754
5896002.0,8.17075,43.0638,14.7493
5904002.0,8.60955,43.0963,19.6645
5912002.0,8.85849,43.043,24.5551
5920002.0,9.086089999999999,42.9273,29.508000000000003
5928002.0,9.27303,43.0126,34.4242
5936002.0,9.26416,43.065,39.4021
5944002.0,9.32741,43.1014,44.0066
5952002.0,9.18033,43.228,48.5679
5960002.0,9.166730000000001,43.193999999999996,3.6067199999999997
5968002.0,9.168510000000001,43.3236,8.06436
5976002.0,9.28037,43.2242,13.0102
5984002.0,9.51089,43.2622,17.4957
5992002.0,10.0372,43.2698,22.3506
6000002.0,10.2805,43.0932,26.6702
6008002.0,10.5278,43.1109,31.381999999999998
6016002.0,10.219,43.2567,35.3421
6024002.0,10.2784,43.1607,40.046
6032002.0,10.5605,43.2279,44.5759
6040002.0,10.5922,43.4266,49.43
6048002.0,11.5333,43.9711,4.91675
6056002.0,12.197000000000001,44.0579,9.92405
6064002.0,12.8983,43.9331,14.9174
6072002.0,13.7243,43.3271,19.5631
6080002.0,13.7005,43.5402,24.513
6088002.0,14.1617,43.6617,29.6326
6096002.0,14.6079,43.7264,34.2596
6104002.0,15.0571,43.5905,39.4943
6112002.0,15.5146,43.5606,44.595
6120002.0,16.0166,43.4282,49.1104
6128002.0,15.9823,43.3432,4.73062
6136002.0,16.5149,43.2599,9.68828
6144002.0,16.8127,43.3737,15.3172
6152002.0,17.0678,43.2123,20.2569
6160002.0,16.9475,43.2345,25.5597
6168002.0,17.2113,43.3509,30.5496
6176002.0,17.4227,43.3203,35.6468
6184002.0,18.1116,43.1802,40.3094
6192002.0,18.1928,43.1767,45.2162
6200002.0,18.4639,43.3737,0.33378800000000003
6208002.0,18.9103,43.827,5.22055
6216002.0,18.9924,43.7244,10.09
6224002.0,19.2229,43.7014,14.9976
6232002.0,19.5015,43.7367,19.8518
6240002.0,20.0439,43.6728,25.0974
6248002.0,20.6954,43.5991,29.9662
6256002.0,21.4951,43.6955,34.8536
6264002.0,22.2053,43.56399999999999,39.5078
6272002.0,22.6086,43.5419,44.2627
6280002.0,23.0436,43.4217,49.0487
6288002.0,23.326,43.4085,4.48888
6296002.0,23.3973,43.3308,9.19288
6304002.0,23.6244,43.6701,14.0952
6312002.0,24.3627,43.6206,19.0244
6320002.0,25.1097,43.7701,24.0321
6328002.0,26.4138,43.8191,28.8325
6336002.0,26.9816,43.7777,33.2738
6344002.0,27.2678,43.9864,38.0762
6352002.0,27.2433,44.1978,43.0526
6360002.0,27.2691,44.2743,47.8993
6368002.0,27.7404,44.4777,3.52046
6376002.0,27.639,44.1705,8.448310000000001
6384002.0,27.8556,44.2573,13.4942
6392002.0,27.9846,44.086999999999996,18.4668
6400002.0,27.8757,44.0095,23.3081
6408002.0,28.1979,43.9889,28.2285
6416002.0,28.3225,44.0447,32.8494
6424002.0,28.0688,43.9087,37.4405
6432002.0,28.0826,43.6732,42.3919
6440002.0,27.7085,43.6793,46.6125
6448002.0,28.1016,43.605,2.15075
6456002.0,28.4421,43.6646,7.033339999999999
6464002.0,29.215,43.7358,11.8763
6472002.0,29.5027,43.8729,17.4471
6480002.0,29.7864,43.8786,22.491
6488002.0,29.6546,43.8202,27.2075
6496002.0,29.5104,43.6209,32.2223
6504002.0,29.3804,43.6838,37.1195
6512002.0,29.5193,43.5265,42.121
6520002.0,29.3261,43.4169,46.6436
6528002.0,29.3547,43.2824,1.9358
6536002.0,29.9113,43.4729,7.09208
6544002.0,30.1823,43.7184,12.1909
6552002.0,30.2476,43.8208,16.6425
6560002.0,30.5895,43.9837,21.8497
6568002.0,31.5728,44.2491,26.3174
6576002.0,32.2623,44.156000000000006,31.6317
6584002.0,32.9732,44.1006,36.883
6592002.0,33.7985,44.1366,42.1031
6600002.0,34.7269,44.2259,46.8357
6608002.0,35.4753,44.2183,2.46257
6616002.0,37.0694,44.0478,7.315510000000001
6624002.0,38.7575,43.8638,11.7999
6632002.0,40.4381,43.306999999999995,16.2103
6640002.0,40.9937,43.2154,20.9858
6648002.0,41.6896,43.2283,25.557
6656002.0,42.6219,42.948,30.3555
6664002.0,43.4819,42.9391,34.3213
6672002.0,45.0243,43.599,39.2118
6680002.0,45.0243,43.1122,44.8112
6688002.0,45.0763,42.9387,0.308126
6696002.0,46.2723,43.0496,4.55564
6704002.0,48.1354,44.0276,9.27242
6712002.0,49.2457,44.2201,14.1381
6720002.0,0.371398,44.0949,18.8127
6728002.0,1.51148,44.1306,23.3702
6736002.0,2.18483,44.25,27.59
6744002.0,2.7648900000000003,44.2805,33.071
6752002.0,4.025580000000001,43.8077,37.5611
6760002.0,4.17265,43.7567,42.486000000000004
6768002.0,4.55757,43.7377,47.7549
6776002.0,4.420059999999999,44.3629,3.1356900000000003
6784002.0,6.59543,43.5881,8.30965
6792002.0,6.834739999999999,43.7881,12.7897
6800002.0,8.01148,43.2924,17.1119
6808002.0,8.217130000000001,43.2184,21.4988
6816002.0,8.42305,42.9116,26.8846
6824002.0,9.125580000000001,42.7935,31.7702
6832002.0,10.482000000000001,42.7964,36.6558
6840002.0,10.799000000000001,42.7343,41.8872
6848002.0,11.5054,42.5628,46.6408
6856002.0,11.81,42.6354,2.0058700000000003
6864002.0,12.385,42.458999999999996,6.96926
6872002.0,13.0082,42.4872,11.7162
6880002.0,14.3979,41.9381,15.8818
6888002.0,14.5311,42.3431,21.003
6896002.0,15.2824,42.2188,25.4996
6904002.0,16.295,41.9902,30.7078
6912002.0,18.0134,41.8723,35.8461
6920002.0,19.4084,41.5081,40.8727
6928002.0,20.4011,41.6074,45.6532
6936002.0,20.9903,41.413000000000004,0.307922
6944002.0,22.7005,41.6591,4.55156
6952002.0,24.8486,41.5487,8.0909
6960002.0,26.0639,40.9593,11.2448
6968002.0,26.6061,41.0926,15.5399
6976002.0,28.0637,41.1775,20.1357
6984002.0,28.1305,40.9295,24.7572
6992002.0,30.1,41.2955,30.2869
7000002.0,31.1603,40.9654,34.5891
7008002.0,32.1893,40.897,39.3934
7016002.0,33.0245,41.1608,43.8949
7024002.0,33.6601,40.8283,48.6897
7032002.0,35.0765,40.6931,3.09478
7040002.0,35.1737,40.711,7.161569999999999
7048002.0,35.6374,40.6815,11.8504
7056002.0,36.3304,40.3875,15.8675
7064002.0,37.6364,40.2249,20.1051
7072002.0,38.7946,40.0913,24.1827
7080002.0,39.4382,40.1067,28.2512
7088002.0,40.0918,40.176,33.208
7096002.0,39.9863,40.066,36.8502
7104002.0,40.1683,40.0138,39.9996
7112002.0,40.5261,40.0359,44.953
7120002.0,41.7471,39.9467,0.20776599999999998
7128002.0,42.2337,39.8128,4.927969999999999
7136002.0,42.7214,39.6949,9.40972
7144002.0,42.5929,39.8192,13.7357
7152002.0,43.3987,39.9005,18.8948
7160002.0,44.3163,39.859,23.6388
7168002.0,44.5239,40.0468,27.7829
7176002.0,44.7075,39.9453,32.4182
7184002.0,45.4959,39.8986,37.0641
7192002.0,45.2101,39.8299,41.9166
7200002.0,46.6569,39.8724,47.3106
7204002.0,46.2932,39.6165,49.287
7212002.0,48.9999,39.5003,6.022530000000001
7220002.0,0.78615,39.3151,10.3163
7228002.0,1.51654,39.4394,15.1038
7236002.0,1.93822,39.6994,19.6755
7244002.0,1.98705,39.4388,24.3406
7252002.0,2.07804,39.2858,29.5302
7260002.0,2.77468,39.3409,34.6013
7268002.0,2.929,39.4157,39.6795
7276002.0,3.5860800000000004,39.6186,44.4925
7284002.0,3.7241199999999997,39.9831,0.361477
7292002.0,4.1249199999999995,40.0366,5.17701
7300002.0,4.88549,40.3357,9.68021
7308002.0,5.804469999999999,40.5104,14.8105
7316002.0,5.6647,40.6875,18.4927
7324002.0,5.877269999999999,40.83,22.9078
7332002.0,5.80356,41.0045,27.7382
7340002.0,6.2956,41.1932,32.0098
7348002.0,5.97498,41.4268,36.4859
7356002.0,6.28495,41.5926,39.7374
7364002.0,7.19563,41.422,43.8895
7372002.0,7.29741,41.3707,48.7709
7380002.0,7.256469999999999,41.4427,3.9146699999999996
7388002.0,7.0195300000000005,41.6944,8.223180000000001
7396002.0,6.884810000000001,41.7108,12.2222
7404002.0,6.8219199999999995,41.6999,17.5401
7412002.0,7.5175600000000005,41.5954,22.1295
7420002.0,7.52199,41.6797,26.575
7428002.0,7.73296,41.5364,31.299
7436002.0,7.72548,41.8066,35.7054
7444002.0,7.8188699999999995,41.9459,40.3117
7452002.0,7.90873,42.0261,45.2057
7460002.0,8.1076,42.1009,0.203085
7468002.0,8.20279,42.1475,5.33426
7476002.0,8.401769999999999,42.1203,9.68308
7484002.0,8.814869999999999,42.0336,14.3218
7492002.0,9.35438,42.0294,19.1024
7500002.0,9.52304,42.203,24.1243
7508002.0,9.98433,42.286,28.677
7516002.0,10.2043,42.2284,33.5052
7524002.0,10.283,42.4202,38.1802
7532002.0,10.3787,42.7408,42.9497
7540002.0,10.4828,43.005,47.7361
7548002.0,10.6631,43.1169,2.22519
7556002.0,10.8446,43.1832,7.44455
7564002.0,10.6907,43.2506,12.0572
7572002.0,10.5354,43.5979,16.2253
7580002.0,10.5268,43.8323,20.928
7588002.0,10.6979,43.9384,25.9023
7596002.0,10.7301,44.0962,30.8451
7604002.0,10.895999999999999,44.2035,35.4366
7612002.0,11.1946,44.2163,40.0065
7620002.0,11.2349,44.3818,44.4532
7628002.0,11.2687,44.4107,49.0595
7636002.0,11.5056,44.4295,4.2581
7644002.0,11.6551,44.2061,9.114419999999999
7652002.0,11.8003,44.1979,13.9999
7660002.0,11.8079,44.3753,19.2523
7668002.0,13.0774,44.2495,24.4361
7676002.0,13.4539,44.4613,29.5923
7684002.0,13.8675,44.5788,34.5457
7692002.0,14.3406,45.2244,38.9083
7700002.0,14.3512,45.25,44.0018
7708002.0,14.6177,44.6702,49.2472
7716002.0,15.0122,44.07899999999999,3.9998400000000003
7724002.0,15.3681,43.9296,8.98166
7732002.0,15.9834,43.4335,13.3005
7740002.0,17.1823,42.7285,18.2505
7748002.0,17.347,42.4348,23.6247
7756002.0,17.8856,42.6382,28.6574
7764002.0,18.1236,42.8576,33.5759
7772002.0,18.2944,42.7141,38.5357
7780002.0,18.7438,42.6317,43.0933
7788002.0,18.7116,42.9248,48.0218
7796002.0,19.0972,43.12,3.33031
7804002.0,19.1635,43.1414,8.132769999999999
7812002.0,19.499000000000002,43.3928,13.3773
7820002.0,19.8949,43.7731,18.1072
7828002.0,20.4103,44.1019,23.2791
7836002.0,20.8113,44.1948,28.3114
7844002.0,20.8993,44.0834,33.1252
7852002.0,20.7412,44.0875,38.1375
7860002.0,20.8417,43.9957,42.9271
7868002.0,21.138,44.0519,47.6661
7876002.0,21.3743,43.9921,3.44311
7884002.0,21.9148,43.9089,8.59574
7892002.0,22.6998,43.8116,13.4543
7900002.0,23.0938,43.9973,17.8239
7908002.0,23.1167,44.0711,22.3307
7916002.0,22.8845,44.0365,26.8958
7924002.0,22.5526,43.8867,31.9429
7932002.0,22.5506,43.9954,36.1537
7940002.0,22.1194,44.2288,40.6
7948002.0,21.8615,44.323,45.5939
7956002.0,22.0753,44.4241,0.268708
7964002.0,21.9991,44.5378,5.21839
7972002.0,21.9531,44.4417,10.2343
7980002.0,22.0865,44.4443,15.1646
7988002.0,22.2507,44.2564,19.6054
7996002.0,22.5984,44.0192,23.7927
