2.0,40.0407,41.1516,44.1212
8002.0,44.4522,41.797,48.8003
16002.0,46.0953,41.9005,3.8015199999999996
24002.0,46.5667,42.3461,8.982660000000001
32002.0,46.7152,42.06399999999999,12.8809
40002.0,47.0882,42.0496,17.7157
48002.0,47.4319,42.4719,23.1537
56002.0,47.7591,42.428999999999995,27.9013
64002.0,47.5966,42.3987,31.5408
72002.0,1.18521,41.9723,34.5522
80002.0,4.08574,41.275,37.4393
88002.0,4.81625,41.273,42.2027
96002.0,5.56893,41.4857,46.263000000000005
104002.0,6.13654,41.4421,0.607068
112002.0,6.13943,41.2156,3.07755
120002.0,7.0571,41.1741,6.4036599999999995
128002.0,7.56655,41.4062,11.1222
136002.0,7.945110000000001,41.3339,15.3208
144002.0,8.211030000000001,41.2053,19.8275
152002.0,8.60501,41.0004,23.6097
160002.0,11.7631,40.6872,27.596999999999998
168002.0,12.4243,40.6216,31.799
176002.0,12.9124,40.7734,36.754
184002.0,13.3822,40.8982,40.9135
192002.0,13.482999999999999,40.8243,45.5662
200002.0,14.1381,41.0802,0.9932989999999999
208002.0,14.7378,40.2907,3.52731
216002.0,15.294,40.6999,7.9421800000000005
224002.0,15.6292,40.686,12.5705
232002.0,15.9403,40.7753,17.4819
240002.0,16.6093,40.5929,22.6634
248002.0,17.4729,40.606,27.2156
256002.0,18.0489,40.4153,31.9351
264002.0,18.5872,40.6031,37.0653
272002.0,19.3195,40.7192,41.5933
280002.0,20.34,41.1277,45.7486
288002.0,21.6099,41.2191,1.9160400000000002
296002.0,21.6625,41.0473,6.81434
304002.0,23.5819,41.6432,11.3799
312002.0,24.9903,41.6069,15.6453
320002.0,25.5711,41.7564,20.3193
328002.0,27.1559,41.6075,25.6071
336002.0,28.2515,41.8788,31.0405
344002.0,28.6466,41.815,35.7623
352002.0,29.3253,42.3972,39.5554
360002.0,29.576999999999998,42.4094,44.5839
368002.0,30.0685,42.4738,49.2635
376002.0,30.0738,42.4823,5.00967
384002.0,30.693,42.4046,8.84459
392002.0,30.735,42.4099,13.1961
400002.0,30.8061,42.5131,17.393
408002.0,30.8388,42.6335,22.2971
416002.0,30.9309,42.7584,26.7639
424002.0,31.6047,42.4853,31.4747
432002.0,32.163000000000004,42.3829,36.0903
440002.0,32.1263,42.511,41.1009
448002.0,32.0861,42.8708,45.9212
456002.0,31.9083,43.1833,0.764284
464002.0,31.8558,43.6522,4.53113
472002.0,31.6866,43.9368,9.33094
480002.0,32.2211,43.9513,14.1141
488002.0,32.1038,44.3483,18.8204
496002.0,33.0759,44.5605,23.9029
504002.0,32.7689,44.2492,28.8873
512002.0,32.8741,44.0475,33.7058
520002.0,33.0449,44.0895,38.5781
528002.0,33.2045,44.0291,43.7261
536002.0,33.8067,43.942,48.3529
544002.0,35.048,43.7086,3.25087
552002.0,36.1105,43.2398,7.78136
560002.0,36.6772,43.265,12.1956
568002.0,37.11,43.1165,16.3402
576002.0,37.3766,43.4779,21.4197
584002.0,37.0598,42.683,25.6919
592002.0,48.4543,43.0793,23.8067
600002.0,49.1749,43.7581,30.2286
608002.0,49.0932,43.4967,34.9967
616002.0,0.353641,43.2829,39.4247
624002.0,0.21452399999999996,43.3369,44.8693
632002.0,0.16730599999999998,43.2032,0.228442
640002.0,0.444892,43.3144,4.94094
648002.0,0.432932,43.2908,8.66168
656002.0,0.44766999999999996,43.4486,13.4926
664002.0,0.889418,43.0685,18.7425
672002.0,0.7581289999999999,43.1713,23.8035
680002.0,0.565967,43.2702,28.4256
688002.0,0.961412,43.1717,33.8642
696002.0,0.9353540000000001,43.105,38.9816
704002.0,1.36503,42.9226,44.3203
712002.0,1.22514,42.93600000000001,49.2616
720002.0,1.63644,42.8734,4.63513
728002.0,1.22631,42.966,9.594289999999999
736002.0,1.11325,43.0622,14.6468
744002.0,0.9610360000000001,43.2383,19.7728
752002.0,0.7822680000000001,43.2371,24.5954
760002.0,1.08711,43.0311,30.4246
768002.0,1.09931,42.783,36.2195
776002.0,1.38376,42.8897,41.4351
784002.0,1.3065799999999999,42.7527,45.6095
792002.0,1.6400299999999999,42.8533,0.850018
800002.0,1.64337,42.7195,6.037380000000001
808002.0,1.9669400000000001,42.7868,10.9123
816002.0,2.20054,42.7052,16.2637
824002.0,2.2174,42.7563,21.1747
832002.0,2.03635,42.7767,26.2567
840002.0,1.90314,42.8753,30.8675
848002.0,2.45324,43.1619,35.8052
856002.0,3.07334,43.2457,40.6814
864002.0,3.19928,43.2216,45.747
872002.0,2.8288599999999997,43.2462,0.9718180000000001
880002.0,2.8936,43.4198,5.60885
888002.0,3.19685,43.3918,10.7123
896002.0,3.8284,43.2549,15.1355
904002.0,3.8670199999999997,43.0708,19.8268
912002.0,4.1699,43.2113,23.8624
920002.0,4.84716,43.0403,28.3898
928002.0,4.79365,42.6376,33.4958
936002.0,5.19153,42.4419,38.5654
944002.0,5.42339,42.318000000000005,42.7497
952002.0,6.05504,42.3112,47.2577
960002.0,5.89089,42.2112,3.09383
968002.0,6.383319999999999,41.8854,8.30578
976002.0,6.73118,41.4887,12.9944
984002.0,6.876760000000001,41.4714,17.6529
992002.0,6.815639999999999,41.6995,21.7912
1000002.0,7.244110000000001,41.7974,26.4536
1008002.0,7.4676100000000005,41.8741,31.1442
1016002.0,7.70452,41.8885,35.7931
1024002.0,8.29347,41.7831,40.2317
1032002.0,8.45605,41.5244,44.3667
1040002.0,9.157060000000001,41.2624,48.9946
1048002.0,8.9905,41.4007,4.58012
1056002.0,9.1494,41.3528,9.13611
1064002.0,9.36161,41.4305,14.4662
1072002.0,9.593069999999999,41.6771,19.5417
1080002.0,9.56896,41.72,24.2755
1088002.0,10.0531,41.6579,28.5388
1096002.0,10.3313,41.9433,33.7963
1104002.0,10.8355,41.7755,38.9178
1112002.0,10.8813,41.6213,43.9901
1120002.0,11.2661,41.7106,49.4244
1128002.0,11.5637,41.9199,5.5252099999999995
1136002.0,11.7869,41.7728,10.3697
1144002.0,11.8444,41.5658,14.9205
1152002.0,11.8295,41.6025,20.0223
1160002.0,12.026,41.3098,24.8094
1168002.0,12.2146,41.4323,29.5933
1176002.0,12.4092,41.4521,34.4632
1184002.0,12.7816,41.3393,39.4584
1192002.0,13.1779,41.657,43.7389
1200002.0,13.4295,41.6454,48.7338
1208002.0,13.415999999999999,41.6396,4.22534
1216002.0,14.2554,41.6851,9.042580000000001
1224002.0,14.4487,41.8095,14.0988
1232002.0,15.0167,41.6401,19.029
1240002.0,15.206,41.6047,24.2006
1248002.0,15.2335,41.5463,29.2041
1256002.0,15.4889,41.6134,33.8668
1264002.0,15.4448,41.5652,39.0546
1272002.0,15.5265,41.6493,44.4412
1280002.0,16.2274,41.2633,49.0647
1288002.0,16.4701,41.1605,4.04446
1296002.0,16.5386,40.6705,8.63619
1304002.0,17.0407,40.3797,13.4655
1312002.0,17.0934,40.3588,18.4916
1320002.0,17.6631,39.9077,23.2183
1328002.0,17.5343,40.0047,27.9435
1336002.0,18.4116,39.8999,32.814
1344002.0,18.7244,39.9304,37.3198
1352002.0,19.1671,40.194,43.4246
1360002.0,19.4277,40.8868,48.7247
1368002.0,19.6487,40.8229,3.9832199999999998
1376002.0,20.0328,40.7304,8.98908
1384002.0,20.227,40.8236,13.591
1392002.0,20.6752,40.4768,18.6985
1400002.0,21.5803,40.4797,23.8788
1408002.0,21.7868,40.7632,28.9613
1416002.0,21.6777,41.31,33.7336
1424002.0,21.6824,41.3897,39.0135
1432002.0,21.8379,41.5723,44.2888
1440002.0,23.0528,41.6336,0.09179730000000001
1448002.0,23.2567,41.5924,5.10602
1456002.0,23.3045,41.7962,9.40124
1464002.0,23.5138,42.0004,14.4271
1472002.0,23.9173,42.2671,19.52
1480002.0,24.4242,42.1181,24.4887
1488002.0,24.9668,42.0364,29.2343
1496002.0,25.0292,42.2488,34.2626
1504002.0,25.0951,41.8058,38.988
1512002.0,25.4719,41.9732,43.9146
1520002.0,25.761999999999997,41.8459,48.5469
1528002.0,26.2861,41.75,4.24306
1536002.0,26.6541,41.871,9.10249
1544002.0,26.7532,41.9459,13.7583
1552002.0,28.0643,42.1479,18.0507
1560002.0,28.3042,42.0112,23.0461
1568002.0,28.1979,42.131,27.9027
1576002.0,28.1388,42.2172,32.9445
1584002.0,28.3468,42.2204,37.8962
1592002.0,28.4785,41.8739,42.7441
1600002.0,28.9172,41.7502,47.7124
1608002.0,28.8324,41.6324,2.86044
1616002.0,28.5837,41.3098,7.195239999999999
1624002.0,28.4766,41.184,11.5113
1632002.0,28.1724,41.4583,15.7626
1640002.0,28.3522,41.803000000000004,20.5552
1648002.0,28.8414,42.0137,25.5502
1656002.0,28.4911,41.7496,30.8599
1664002.0,28.7484,41.8841,35.3855
1672002.0,28.7783,41.635,40.1956
1680002.0,29.2481,41.9324,45.5644
1688002.0,28.9742,42.0551,0.488551
1696002.0,28.9408,41.4141,5.9918
1704002.0,28.7834,41.6525,10.8021
1712002.0,28.6556,41.6494,15.7656
1720002.0,29.0478,41.7798,19.99
1728002.0,28.8844,41.8101,24.4732
1736002.0,29.1782,42.0309,30.0314
1744002.0,29.2697,41.9805,34.4489
1752002.0,29.7574,41.6717,39.0327
1760002.0,29.7972,41.8629,43.4259
1768002.0,30.2278,41.9601,48.1349
1776002.0,30.4721,42.3128,3.6544300000000005
1784002.0,30.6349,42.3246,8.02719
1792002.0,30.7211,42.3951,12.5716
1800002.0,31.3923,42.2761,17.3565
1808002.0,31.7756,42.2247,22.2282
1816002.0,32.4727,41.9606,26.8222
1824002.0,32.3249,42.2571,31.5401
1832002.0,32.604,41.9124,35.9806
1840002.0,33.8465,41.9247,40.2524
1848002.0,33.9533,41.893,44.5623
1856002.0,34.1565,42.4501,49.0463
1864002.0,34.4147,42.696000000000005,4.468369999999999
1872002.0,34.6441,42.7209,9.341510000000001
1880002.0,36.8476,42.7267,15.2862
1888002.0,38.4342,43.0437,20.3609
1896002.0,39.3628,42.9179,25.5921
1904002.0,39.345,42.9237,30.384
1912002.0,39.5129,42.7201,35.7006
1920002.0,39.6179,42.2431,40.9447
1928002.0,40.7598,41.9539,45.753
1936002.0,41.3525,41.8758,0.9395889999999999
1944002.0,41.7255,41.9235,6.10639
1952002.0,41.8268,41.8877,11.2134
1960002.0,41.6516,42.1713,16.0439
1968002.0,42.086000000000006,42.1153,20.5463
1976002.0,42.2313,42.4022,25.4405
1984002.0,42.8061,42.7315,31.2859
1992002.0,42.5507,42.8545,36.1438
2000002.0,42.6011,42.8795,40.787
2008002.0,42.9179,43.1899,46.1645
2016002.0,43.4336,43.0011,1.74068
2024002.0,43.7225,43.1718,6.750560000000001
2032002.0,44.1774,43.3341,11.7381
2040002.0,44.647,43.3158,16.2065
2048002.0,44.6799,42.9507,21.5178
2056002.0,45.5684,43.0928,26.1862
2064002.0,46.3902,43.2139,31.1416
2072002.0,47.198,43.1664,35.828
2080002.0,47.821000000000005,43.3661,40.4445
2088002.0,48.5885,43.6348,45.0234
2096002.0,48.7224,43.7653,0.31056100000000003
2104002.0,0.139433,44.013999999999996,4.99809
2112002.0,1.2429,44.0207,10.1977
2120002.0,1.6098700000000001,44.1691,15.2996
2128002.0,1.8847099999999999,44.1716,19.8351
2136002.0,1.9618900000000001,44.1374,24.4366
2144002.0,2.15726,44.1349,29.3123
2152002.0,2.45283,44.2177,34.0027
2160002.0,2.1622,43.661,39.067
2168002.0,2.39831,43.7375,43.9764
2176002.0,2.60137,43.3733,48.2538
2184002.0,3.1414400000000002,43.0151,2.7808599999999997
2192002.0,3.02449,43.1482,7.203689999999999
2200002.0,3.10092,43.0252,11.7984
2208002.0,3.4785,43.0063,16.6479
2216002.0,3.9371,42.9311,21.4365
2224002.0,4.2866800000000005,43.0076,26.7996
2232002.0,5.03227,43.3553,31.625
2240002.0,5.51305,43.4599,36.5212
2248002.0,6.29402,43.5625,40.7184
2256002.0,6.53025,43.6273,44.702
2264002.0,6.70827,43.8432,49.2923
2272002.0,6.934880000000001,43.9098,5.35093
2280002.0,7.33285,43.9287,10.7631
2288002.0,7.40015,43.922,15.6624
2296002.0,7.994160000000001,44.1651,20.6943
2304002.0,8.9272,44.0102,25.9796
2312002.0,9.0114,44.0639,31.1805
2320002.0,10.8457,44.2566,36.2736
2328002.0,10.8997,44.1984,41.6825
2336002.0,11.1952,44.2132,46.4711
2344002.0,11.3791,44.3284,2.24202
2352002.0,11.9416,44.3408,6.79979
2360002.0,12.7601,44.4781,11.1625
2368002.0,13.0355,44.4151,16.3429
2376002.0,13.3296,44.4408,21.263
2384002.0,13.4331,44.5006,25.9524
2392002.0,13.904000000000002,44.6021,31.0491
2400002.0,13.725,44.6902,36.0824
2408002.0,14.1169,44.7111,40.6294
2414002.0,14.3927,44.6331,44.6026
2422002.0,15.2558,44.5463,0.8023100000000001
2430002.0,17.3682,44.6674,5.95756
2438002.0,18.8506,44.6815,10.9359
2446002.0,19.3967,44.6166,16.0496
2454002.0,19.3492,44.6575,20.6546
2462002.0,19.8009,44.6911,25.3372
2470002.0,20.0301,44.9358,29.8652
2478002.0,20.3932,44.8644,34.8908
2486002.0,20.3841,44.8913,39.2789
2494002.0,20.3863,44.7977,44.0165
2502002.0,20.1898,44.96,48.2116
2510002.0,20.6236,44.5659,3.3018
2518002.0,20.0899,44.3169,7.1378699999999995
2526002.0,22.6103,43.9333,10.6101
2534002.0,23.7585,43.9771,14.7518
2542002.0,23.8878,43.7866,19.7327
2550002.0,25.0705,43.5908,24.7272
2558002.0,26.4691,43.6386,29.0076
2566002.0,27.4705,43.3688,33.2325
2574002.0,28.241999999999997,42.968999999999994,37.1389
2582002.0,28.5929,42.9086,40.5398
2590002.0,30.2992,42.9356,45.5054
2598002.0,31.6459,42.6966,1.4107299999999998
2606002.0,31.7514,42.542,6.11497
2614002.0,32.9241,42.6717,10.8031
2622002.0,33.0305,42.9384,15.7336
2630002.0,33.1023,42.99100000000001,20.8668
2638002.0,32.6004,42.9749,25.9428
2646002.0,32.0527,42.0914,31.8569
2654002.0,32.7266,43.028999999999996,37.2462
2662002.0,33.2837,43.5174,41.4966
2670002.0,33.8636,43.4251,46.6601
2678002.0,34.4915,43.5371,1.97173
2686002.0,35.838,43.3616,7.201460000000001
2694002.0,36.8816,43.4022,11.5254
2702002.0,36.8586,43.4627,16.5627
2710002.0,37.2137,43.2994,21.9233
2718002.0,37.4722,42.836999999999996,26.837
2726002.0,38.0529,43.1452,30.9874
2734002.0,38.9449,43.1739,35.8751
2742002.0,39.8193,43.4548,40.5741
2750002.0,40.2675,43.5296,45.8548
2758002.0,40.2753,43.8113,1.1997200000000001
2766002.0,40.0938,43.8678,6.284730000000001
2774002.0,40.1258,44.1238,11.1293
2782002.0,40.2627,44.2345,16.2178
2790002.0,40.2641,44.2045,20.8462
2798002.0,40.1327,44.2513,25.6165
2806002.0,40.7238,44.2743,30.7146
2814002.0,40.8112,44.3146,35.6772
2822002.0,41.1384,44.3153,40.5352
2830002.0,41.5175,44.1717,45.492
2838002.0,41.8038,44.2642,1.0645799999999999
2846002.0,43.3032,44.2684,5.37484
2854002.0,44.3581,43.8389,9.847660000000001
2862002.0,45.6033,43.7073,14.692
2870002.0,45.7491,43.4815,19.0979
2878002.0,47.2502,43.3103,23.7638
2886002.0,47.4665,43.1875,28.3693
2894002.0,48.2177,43.1445,33.2243
2902002.0,48.711000000000006,43.3654,37.9624
2910002.0,48.9431,43.3606,42.9513
2918002.0,49.4859,43.3377,46.9723
2926002.0,0.190519,43.4984,2.7521
2934002.0,0.130459,43.6985,7.91039
2942002.0,0.436935,43.7735,12.7367
2950002.0,0.26845399999999997,43.7632,17.6649
2958002.0,0.33165300000000003,43.6938,22.3844
2966002.0,0.5072399999999999,43.7774,27.4253
2974002.0,0.393834,43.6814,32.2669
2982002.0,0.367935,43.7253,37.465
2990002.0,0.371765,43.8694,42.4745
2998002.0,0.650476,44.1062,47.2011
3006002.0,0.9384379999999999,44.2309,2.72739
3014002.0,0.9045559999999999,44.5462,7.82953
3022002.0,1.20845,44.4026,12.7267
3030002.0,1.10084,44.3936,18.1731
3038002.0,1.2665899999999999,44.8145,23.6759
3046002.0,1.31385,44.8197,28.7313
3054002.0,2.78669,44.9252,33.3992
3062002.0,2.8054900000000003,44.6766,38.5322
3070002.0,3.14883,44.6183,44.0038
3078002.0,2.4814599999999998,44.5537,49.0512
3086002.0,2.55554,44.1558,4.367380000000001
3094002.0,2.6747799999999997,44.4799,9.60645
3102002.0,3.3327199999999997,44.5105,13.8895
3110002.0,3.48716,43.9831,18.4596
3118002.0,3.85897,43.9553,23.4233
3126002.0,3.49194,43.8073,28.8771
3134002.0,4.0974900000000005,43.8023,33.6357
3142002.0,4.00566,44.2574,39.4864
3150002.0,4.959230000000001,44.0321,43.4895
3158002.0,6.5012099999999995,44.0121,48.1568
3166002.0,6.774760000000001,43.7589,2.2471
3174002.0,7.69943,43.1056,4.66849
3182002.0,8.22596,43.2459,10.1158
3190002.0,9.229439999999999,42.996,14.1976
3198002.0,9.48662,43.6642,19.5717
3206002.0,10.4486,43.9316,25.0206
3214002.0,11.3231,44.0649,29.4872
3222002.0,13.3602,44.0926,34.3547
3230002.0,14.3777,44.1885,40.3209
3238002.0,14.7626,44.2158,43.7617
3246002.0,15.3351,43.8634,47.2056
3254002.0,16.0397,43.6077,1.71835
3262002.0,16.5985,43.7554,5.84564
3270002.0,16.6016,44.0977,11.1466
3278002.0,16.6095,43.8181,15.790999999999999
3286002.0,16.8935,43.675,19.629
3294002.0,17.7524,43.8844,22.5413
3302002.0,18.1415,44.0133,27.8823
3310002.0,18.6609,43.9676,31.5036
3318002.0,18.7861,44.2772,36.2363
3326002.0,19.7255,44.2556,41.3109
3334002.0,20.0634,44.2353,46.7923
3342002.0,20.0757,44.448,2.6033
3350002.0,20.5982,44.6182,7.2538800000000005
3358002.0,22.3864,44.8514,11.5027
3366002.0,24.4883,44.7568,16.4989
3374002.0,25.2724,44.6055,21.5916
3382002.0,25.5206,44.8386,27.6525
3390002.0,26.8887,44.9909,32.3223
3398002.0,27.2281,44.8838,37.5965
3406002.0,27.7294,44.8724,42.5727
3414002.0,29.6418,44.849,47.4228
3422002.0,31.2294,44.8644,2.49425
3430002.0,32.0506,44.9163,7.94504
3438002.0,32.6982,44.8964,12.8043
3446002.0,32.6589,44.8781,17.5157
3454002.0,32.4107,44.9301,22.2478
3462002.0,32.5952,44.9218,26.4432
3470002.0,32.5688,44.8134,31.1676
3478002.0,32.6753,44.8171,36.1941
3486002.0,32.9029,44.6305,41.1076
3494002.0,33.001999999999995,44.5288,46.1243
3502002.0,32.8257,44.4512,1.8751900000000001
3510002.0,32.9273,44.4196,6.742439999999999
3518002.0,32.8173,44.5012,11.5228
3526002.0,32.9126,44.3864,16.5512
3534002.0,32.9797,44.5984,21.1584
3542002.0,32.8523,44.6271,26.1988
3550002.0,33.0861,44.5409,31.1814
3558002.0,33.192,44.4069,36.3435
3566002.0,33.2719,44.3776,41.4928
3574002.0,33.1786,44.5004,46.661
3582002.0,33.2486,44.3879,2.68608
3590002.0,33.4012,44.3611,7.39549
3598002.0,33.6704,44.1732,12.9838
3606002.0,33.9529,44.4965,17.7568
3614002.0,34.0939,44.4362,22.6017
3622002.0,34.3498,44.5169,27.4607
3630002.0,34.7665,44.3592,32.2982
3638002.0,35.0135,44.2653,37.1547
3646002.0,34.9919,44.2495,42.2333
3654002.0,35.6329,43.5448,47.6033
3662002.0,36.3316,43.126000000000005,3.47965
3670002.0,36.643,42.9265,8.35529
3678002.0,36.8046,42.9827,13.3671
3686002.0,37.4205,42.8533,17.9598
3694002.0,37.912,42.6714,23.2665
3702002.0,38.185,42.4255,28.3918
3710002.0,38.1823,42.5478,33.1345
3718002.0,38.1922,42.5324,38.1002
3726002.0,38.3748,42.4873,42.9328
3734002.0,38.4598,42.3191,48.1214
3742002.0,38.7621,42.37,3.4745199999999996
3750002.0,39.2904,42.3115,8.47139
3758002.0,41.1903,41.9546,13.6781
3766002.0,42.222,42.0741,18.8051
3774002.0,43.4947,42.4597,24.0333
3782002.0,44.4517,42.1532,29.3995
3790002.0,44.9642,42.2714,34.8629
3798002.0,45.4658,42.4599,39.3779
3806002.0,45.8136,42.4838,44.271
3814002.0,47.3853,42.3229,48.8979
3822002.0,48.4265,42.4384,3.45057
3830002.0,49.1463,42.4172,8.15898
3838002.0,49.4733,42.4275,13.493
3846002.0,0.218394,42.5341,18.5002
3854002.0,0.621383,42.6586,23.5672
3862002.0,0.8585020000000001,42.5849,28.4685
3870002.0,1.7540900000000001,42.4854,33.6112
3878002.0,1.9810900000000002,42.5027,38.7026
3886002.0,1.7505400000000002,42.505,43.4483
3894002.0,2.35529,42.7608,48.3017
3902002.0,2.95693,42.6727,3.80334
3910002.0,4.12564,42.6731,8.60251
3918002.0,5.63967,42.5858,14.0305
3926002.0,7.01452,42.7597,18.5566
3934002.0,8.0657,42.7261,23.4968
3942002.0,8.34955,42.815,28.7332
3950002.0,8.80542,42.7804,33.4045
3958002.0,8.83109,42.8173,38.4207
3966002.0,9.54412,42.836999999999996,43.3596
3974002.0,9.8517,42.9637,48.2091
3982002.0,9.96645,42.8949,3.54037
3990002.0,10.2927,42.9281,8.42045
3998002.0,11.3352,42.7658,12.9136
4006002.0,12.3862,42.6992,17.9073
4014002.0,12.5202,42.8317,22.7682
4022002.0,12.6946,42.6598,27.5315
4030002.0,12.932,42.8608,32.0613
4038002.0,12.9251,42.7558,36.3909
4046002.0,14.0777,42.692,40.9426
4054002.0,14.7252,43.1828,45.9516
4062002.0,15.5675,43.2058,1.7504
4070002.0,15.897,43.6332,5.5959
4078002.0,16.0181,43.4846,10.9131
4086002.0,16.8843,43.5464,15.4602
4094002.0,17.7773,43.4083,19.8253
4102002.0,17.9775,43.5563,24.7581
4110002.0,18.3564,43.5503,29.2408
4118002.0,18.7494,43.6462,34.1984
4126002.0,18.9989,43.5233,39.0285
4134002.0,19.2423,43.3038,43.8689
4142002.0,19.8692,43.4131,48.3985
4150002.0,20.5827,43.5129,4.01823
4158002.0,21.2064,43.7624,9.09325
4166002.0,21.713,44.0643,13.4494
4174002.0,22.526999999999997,43.9879,18.6303
4182002.0,22.9441,43.7353,23.5284
4190002.0,23.5341,43.9614,28.4304
4198002.0,24.2609,43.9037,33.3809
4206002.0,24.5498,43.9411,38.3592
4214002.0,24.5699,43.7876,43.313
4222002.0,25.0652,43.7951,49.0171
4230002.0,26.1211,43.732,4.45924
4238002.0,27.2444,43.644,9.77437
4246002.0,27.9917,43.8003,14.4062
4254002.0,29.3284,43.6137,19.5342
4262002.0,30.1559,43.4889,24.3974
4270002.0,30.4444,43.5784,29.7997
4278002.0,30.888,43.5555,34.9965
4286002.0,30.9876,43.5762,40.7253
4294002.0,31.6579,43.6838,45.9235
4302002.0,32.1111,42.9909,1.62513
4310002.0,32.3024,43.2614,6.82045
4318002.0,32.1428,43.2723,11.5489
4326002.0,32.0079,43.3139,16.4018
4334002.0,32.29,43.2132,21.3286
4342002.0,32.5864,42.8783,25.9328
4350002.0,33.0209,42.7539,30.5054
4358002.0,33.5736,42.8951,34.7725
4366002.0,33.8599,42.1635,39.2849
4374002.0,33.9045,42.1895,43.8206
4382002.0,34.1818,41.9471,49.1425
4390002.0,34.2872,42.1616,5.36301
4398002.0,34.6225,41.839,11.0724
4406002.0,34.6589,42.3064,16.7483
4414002.0,35.4024,41.7839,21.9694
4422002.0,35.6479,42.1143,26.2367
4430002.0,35.4694,42.0972,31.3339
4438002.0,35.6022,41.9931,36.4478
4446002.0,35.5593,42.0909,41.2285
4454002.0,35.6784,42.28,46.3765
4462002.0,35.7507,42.6939,1.8774
4470002.0,36.2257,42.4787,7.09196
4478002.0,36.3096,42.5052,11.2415
4486002.0,36.7809,42.9076,15.8735
4494002.0,36.7688,42.9558,21.096
4502002.0,36.8123,43.0278,26.5646
4510002.0,36.8875,42.9967,31.7741
4518002.0,36.7122,43.0209,35.8027
4526002.0,36.7793,43.3634,40.9481
4534002.0,37.3419,43.7224,45.6501
4542002.0,37.7056,43.613,0.685218
4550002.0,37.8995,43.99100000000001,5.82988
4558002.0,38.2381,43.7377,10.4398
4566002.0,38.2752,43.3878,15.4874
4574002.0,39.1042,43.5135,20.2419
4582002.0,40.3141,43.4336,25.0502
4590002.0,41.9008,43.6555,29.3096
4598002.0,43.8784,43.763999999999996,34.994
4606002.0,44.4829,43.8908,39.1747
4614002.0,44.9188,43.4342,44.1745
4622002.0,45.1305,43.3892,48.2662
4630002.0,46.4663,43.603,3.5119599999999997
4638002.0,46.532,43.4868,7.4389
4646002.0,46.7529,43.5038,12.2131
4654002.0,46.9831,42.9056,16.3528
4662002.0,47.8394,42.6333,20.9067
4670002.0,47.4162,43.0598,24.8723
4678002.0,47.4709,43.2275,29.2168
4686002.0,47.8207,43.4245,33.6329
4694002.0,48.4175,43.5329,38.1271
4702002.0,49.4206,44.0829,41.5183
4710002.0,0.8579979999999999,44.0854,45.8216
4718002.0,1.28291,44.1234,0.69714
4726002.0,1.48409,44.1722,5.19615
4734002.0,2.7892200000000003,44.0593,9.9654
4742002.0,3.61124,44.0092,14.1352
4750002.0,3.90466,44.0605,18.2739
4758002.0,4.75486,44.1193,23.0956
4760002.0,4.83622,44.1492,24.1708
4768002.0,5.37996,44.4006,30.4319
4776002.0,6.0464,44.4119,34.5436
4784002.0,8.56645,44.3234,39.6667
4792002.0,9.0958,44.2751,44.3496
4800002.0,9.94347,44.236999999999995,49.068999999999996
4808002.0,10.7684,44.2299,4.00702
4816002.0,11.6337,44.2033,8.77346
4824002.0,12.5674,44.1009,13.6161
4832002.0,13.4161,44.1831,18.6981
4840002.0,14.1086,44.1234,23.8035
4848002.0,14.7768,43.9833,28.4731
4856002.0,16.7574,43.995,33.2932
4864002.0,17.4581,43.9853,38.7693
4872002.0,19.4238,43.7954,43.0357
4880002.0,19.9574,43.8857,47.7862
4888002.0,20.3945,43.8648,3.0732
4896002.0,22.4252,44.0311,8.08339
4904002.0,23.3947,44.2202,11.907
4912002.0,23.9598,44.2447,16.8449
4920002.0,25.618000000000002,44.2517,21.3105
4928002.0,27.3642,44.2985,26.1752
4936002.0,28.5303,44.2243,31.2907
4944002.0,28.8988,44.4817,35.3801
4952002.0,29.7522,44.7218,39.783
4960002.0,29.9842,44.7753,44.3485
4968002.0,30.2436,45.2509,0.179322
4976002.0,30.3094,45.6253,4.94747
4984002.0,30.4303,45.6194,9.86555
4992002.0,30.8457,45.6038,14.1297
5000002.0,31.2656,46.0688,18.8296
5008002.0,31.6491,46.0282,23.587
5016002.0,32.1697,46.1587,28.1484
5024002.0,32.6905,46.5324,33.6695
5032002.0,33.0168,46.5544,39.0322
5040002.0,34.3995,46.3648,44.632
5048002.0,34.8763,46.4412,0.253335
5056002.0,35.6833,46.5804,5.43736
5064002.0,36.9784,46.3537,10.2796
5072002.0,37.6056,46.7051,15.042
5080002.0,39.0604,46.6583,20.2344
5088002.0,39.9588,46.8653,24.8872
5096002.0,41.6567,46.8702,29.7769
5104002.0,43.0438,46.7075,34.7914
5112002.0,43.9746,46.7071,39.9074
5120002.0,45.0172,46.6277,45.6507
5128002.0,44.9691,46.6015,2.7499
5136002.0,45.1271,46.505,7.68324
5144002.0,45.4624,46.644,12.7999
5152002.0,45.5614,46.6124,17.9134
5160002.0,45.8545,46.5905,23.0453
5168002.0,46.2134,46.5904,28.1329
5176002.0,46.815,46.8944,33.0515
5184002.0,47.7996,46.5243,38.2173
5192002.0,48.1352,46.5,42.7696
5200002.0,47.6363,46.7529,47.4928
5208002.0,47.9716,46.6421,2.71752
5216002.0,48.8041,46.7218,7.74052
5224002.0,49.4079,46.7207,12.3904
5232002.0,0.136049,46.7974,17.2892
5240002.0,0.23468200000000003,46.6989,22.135
5248002.0,0.363563,46.5596,26.4309
5256002.0,0.361818,46.5485,30.478
5264002.0,0.9963700000000001,46.4344,35.0407
5272002.0,1.45175,46.4777,39.6897
5280002.0,2.4674099999999997,46.463,44.6979
5288002.0,2.35318,46.5063,49.3483
5296002.0,2.49306,46.5759,4.587359999999999
5304002.0,2.28932,46.5205,9.55863
5312002.0,3.6667,46.5842,14.6247
5320002.0,3.25505,46.5439,19.4792
5328002.0,3.57332,46.3154,24.1742
5336002.0,4.62694,46.1334,29.2065
5344002.0,5.64636,46.2141,33.7847
5352002.0,6.03021,46.2324,38.6214
5360002.0,6.98659,46.5014,43.5006
5368002.0,7.57862,46.4135,48.68899999999999
5376002.0,8.22459,46.1243,4.20801
5384002.0,9.73821,45.9252,9.28742
5392002.0,9.87457,45.6283,14.0634
5400002.0,10.1224,45.2317,18.8732
5408002.0,10.5565,45.373000000000005,23.7592
5416002.0,10.9927,45.6461,28.6614
5424002.0,11.5704,45.3542,33.7042
5432002.0,11.8417,44.9789,38.5578
5440002.0,12.3694,44.6542,43.2763
5448002.0,12.296,44.4107,48.0338
5456002.0,12.2858,44.0027,4.23233
5464002.0,12.5112,43.8677,9.37626
5472002.0,12.4662,43.5977,14.7734
5480002.0,13.0705,43.4551,19.5226
5488002.0,13.6869,43.2833,23.662
5496002.0,14.7717,43.3895,28.0503
5504002.0,15.5313,43.3526,33.0158
5512002.0,16.2866,43.6165,37.4541
5520002.0,16.8166,43.5852,42.5152
5528002.0,17.9522,43.3533,46.9477
5536002.0,18.408,43.1945,2.19182
5544002.0,18.8363,43.081,7.058789999999999
5552002.0,19.2963,42.8937,11.6491
5560002.0,19.8854,42.6593,16.737000000000002
5568002.0,20.2103,42.5186,21.6638
5576002.0,20.6171,42.7717,26.4207
5584002.0,21.043000000000003,42.6931,31.4031
5592002.0,21.392,42.8076,36.4268
5600002.0,21.7266,42.9198,41.4814
5608002.0,21.8351,42.6442,46.1821
5616002.0,22.0424,42.4139,1.67038
5624002.0,22.3175,42.6482,6.35067
5632002.0,22.9794,42.6084,10.8298
5640002.0,24.4003,42.6894,15.4868
5648002.0,25.521,42.8097,20.4127
5656002.0,26.0504,42.8911,25.2009
5664002.0,26.1781,42.8475,30.178
5672002.0,26.7982,42.5687,34.7344
5680002.0,27.1752,42.721000000000004,39.3619
5688002.0,27.6206,42.8503,43.5838
5696002.0,27.9078,42.841,47.516999999999996
5704002.0,28.3748,42.8132,2.95568
5712002.0,28.6801,42.8228,7.93203
5720002.0,29.3993,42.9785,12.7963
5728002.0,29.9617,43.3512,16.9315
5736002.0,30.0928,43.3509,21.9343
5744002.0,29.9164,43.2542,26.926
5752002.0,30.5792,42.9233,31.4504
5760002.0,30.6723,42.3295,36.3829
5768002.0,32.1444,42.0738,41.1211
5776002.0,32.8566,42.2715,46.129
5784002.0,33.0189,42.406000000000006,1.7271400000000001
5792002.0,33.6154,42.5952,6.6444600000000005
5800002.0,34.5152,42.761,12.2149
5808002.0,35.1125,42.3984,16.6825
5816002.0,36.2497,42.5057,21.9332
5824002.0,36.6485,42.5981,26.737
5832002.0,36.7115,42.4909,31.4556
5840002.0,37.7254,42.8683,36.3687
5848002.0,38.9392,42.3651,41.0098
5856002.0,39.8301,42.2786,46.3034
5864002.0,41.1468,42.5769,1.44212
5872002.0,41.4672,42.7575,6.3205599999999995
5880002.0,41.773999999999994,43.1678,11.3246
5888002.0,43.4072,43.2006,16.7621
5896002.0,43.9175,43.2436,21.7267
5904002.0,44.7219,43.1195,26.9069
5912002.0,44.9802,42.6965,31.7
5920002.0,45.5992,42.056999999999995,36.5302
5928002.0,45.8123,41.8117,41.6003
5936002.0,45.9773,42.2626,46.5282
5944002.0,46.3344,41.9685,2.10217
5952002.0,46.3087,41.8726,6.977989999999999
5960002.0,46.2667,42.0207,11.526
5968002.0,46.8803,41.5858,16.1236
5976002.0,47.2241,41.5103,21.1299
5984002.0,47.3238,41.5333,25.9353
5992002.0,47.3445,41.5162,30.802
6000002.0,47.3428,41.1668,35.5383
6008002.0,47.3935,41.1749,40.2382
6016002.0,47.2593,41.2295,44.4975
6024002.0,47.324,41.0859,49.1606
6032002.0,47.2868,40.8643,4.44928
6040002.0,47.7732,40.7516,9.38589
6048002.0,47.9805,40.324,14.3549
6056002.0,48.6717,40.1771,18.9874
6064002.0,49.0524,40.2106,23.8188
6072002.0,49.2447,40.3705,28.5559
6080002.0,49.4231,40.0439,33.3569
6088002.0,0.269922,39.8715,38.6728
6096002.0,0.325669,39.9635,44.2836
6104002.0,0.602586,39.9482,48.8059
6112002.0,1.08837,39.968,4.17036
6120002.0,1.12252,39.9341,8.82283
6128002.0,1.4315200000000001,40.1076,13.9124
6136002.0,1.9461099999999998,40.0913,18.9637
6144002.0,2.10078,39.6448,23.9342
6152002.0,2.1827799999999997,39.7509,28.9641
6160002.0,2.39712,39.8088,33.9172
6168002.0,2.82345,39.9091,39.079
6176002.0,3.09832,40.0209,44.4196
6184002.0,3.14225,40.0864,49.2423
6192002.0,3.21919,39.7033,4.67871
6200002.0,3.14985,39.8896,9.4835
6208002.0,3.09627,40.1761,14.6536
6216002.0,3.4747,40.1422,19.8696
6224002.0,3.72479,40.0485,25.0035
6232002.0,4.31747,39.9188,29.9542
6240002.0,5.19493,39.7646,35.4157
6248002.0,6.7103600000000005,39.5168,40.3919
6256002.0,8.00966,39.7824,45.2472
6264002.0,9.03553,39.5599,0.6122270000000001
6272002.0,9.72187,39.5325,4.976319999999999
6280002.0,10.0697,39.5752,10.0182
6288002.0,10.2675,39.6729,15.1462
6296002.0,10.4641,39.4426,19.8261
6304002.0,10.8645,39.4078,24.7501
6312002.0,12.2667,39.5917,29.5358
6320002.0,13.4294,39.4789,34.6684
6328002.0,14.8885,39.4385,39.8286
6336002.0,15.4828,39.6438,44.2731
6344002.0,15.7826,39.6849,49.1115
6352002.0,15.7553,39.6871,4.4337
6360002.0,16.2045,39.4846,8.9021
6368002.0,16.8284,39.493,13.9611
6376002.0,17.2877,39.4271,18.6021
6384002.0,17.3771,39.7384,23.6218
6392002.0,17.4711,39.6692,28.3641
6400002.0,17.5004,39.7159,33.3575
6408002.0,17.5996,39.8252,38.6524
6416002.0,17.1732,40.056999999999995,43.1953
6424002.0,17.1823,39.9837,48.1051
6432002.0,17.0991,39.779,3.42176
6440002.0,16.5711,39.4038,7.56433
6448002.0,17.2422,39.7992,11.6467
6456002.0,18.0896,39.5779,15.6919
6464002.0,18.8388,39.6122,20.5567
6472002.0,19.042,39.6997,26.574
6480002.0,19.5565,39.6927,31.0605
6488002.0,19.8114,39.3265,35.073
6496002.0,19.9475,39.7572,39.9137
6504002.0,20.0257,39.5661,45.0341
6512002.0,19.9993,39.6852,0.542067
6520002.0,19.9895,39.9622,5.67293
6528002.0,20.3047,40.2123,10.4525
6536002.0,21.1906,39.7315,15.3794
6544002.0,21.138,39.6347,20.054000000000002
6552002.0,21.6357,39.5801,25.0376
6560002.0,21.9236,39.4893,29.8787
6568002.0,22.8956,39.582,34.5599
6576002.0,23.8603,39.5495,39.449
6584002.0,24.9046,39.6052,44.5682
6592002.0,25.8026,39.6294,0.19035
6600002.0,26.9439,39.4361,4.78008
6608002.0,28.0988,39.086999999999996,9.6877
6616002.0,28.7869,38.967,14.6173
6624002.0,30.4846,38.7387,19.4046
6632002.0,32.3701,38.1691,24.2683
6640002.0,32.4187,38.3747,29.6563
6648002.0,32.6914,38.2634,34.9302
6656002.0,33.4955,38.2142,40.0087
6664002.0,34.2284,37.8785,44.6687
6672002.0,35.6338,37.236999999999995,0.7386020000000001
6680002.0,35.6727,36.5025,6.33815
6688002.0,35.5986,36.4416,11.0134
6696002.0,37.1681,35.9504,15.5276
6704002.0,38.335,36.0841,20.0485
6712002.0,39.7774,35.9586,25.2862
6720002.0,40.4879,35.4898,30.0824
6728002.0,41.9665,35.6604,34.0999
6736002.0,42.8576,35.0011,38.3783
6744002.0,43.4571,34.5814,43.7961
6752002.0,44.9665,34.3772,49.07899999999999
6760002.0,45.1676,34.7273,4.39576
6768002.0,45.3143,34.5187,9.05368
6776002.0,45.64,34.1597,13.8495
6784002.0,46.4755,34.1708,18.7809
6792002.0,46.6628,34.0113,23.2384
6800002.0,47.0215,34.0369,27.002
6808002.0,47.2736,33.751,31.2458
6816002.0,47.8549,33.488,35.6751
6824002.0,49.4088,33.2566,40.2447
6832002.0,1.28659,33.3578,44.7692
6840002.0,1.71265,33.4613,0.148063
6848002.0,2.75706,33.0278,4.7562
6856002.0,3.0133,32.9691,9.39562
6864002.0,3.60503,32.8068,14.0168
6872002.0,4.22484,32.8029,18.474
6880002.0,4.88813,33.0467,23.1263
6888002.0,5.4027,33.0809,27.6989
6896002.0,6.7423,32.6929,31.8217
6904002.0,7.712110000000001,32.617,35.8571
6912002.0,10.1614,32.335,40.2989
6920002.0,12.9005,32.1369,45.8434
6928002.0,14.4402,32.0782,0.67935
6936002.0,14.8299,31.5469,3.64439
6944002.0,17.4386,31.8531,7.770689999999999
6952002.0,20.5167,31.8856,11.7844
6960002.0,22.4092,31.8831,15.1035
6968002.0,23.7639,32.3402,19.0341
6976002.0,25.7215,32.9796,24.2438
6984002.0,25.6408,33.4361,28.9783
6992002.0,27.0518,34.0488,33.6551
7000002.0,28.1951,34.4374,37.6149
7008002.0,29.5417,34.7252,41.8431
7016002.0,30.1542,35.0171,46.2075
7024002.0,30.1155,34.7174,1.13332
7032002.0,30.6771,34.9572,5.14605
7040002.0,31.6507,34.8254,9.26777
7048002.0,32.2178,34.9454,13.7549
7056002.0,33.297,35.1616,18.1783
7064002.0,35.039,35.0999,22.3146
7072002.0,36.0616,35.2651,26.4515
7080002.0,37.1995,35.0424,30.5749
7088002.0,37.4446,34.7805,35.0168
7096002.0,37.1482,34.5305,38.5498
7104002.0,37.6943,34.0283,41.0071
7112002.0,38.6436,33.9297,45.7381
7120002.0,40.0855,33.9515,0.6288739999999999
7128002.0,40.4017,34.336999999999996,5.02399
7136002.0,40.9233,34.2003,9.68788
7144002.0,40.6926,34.5898,14.152000000000001
7152002.0,40.7407,34.4456,19.2001
7160002.0,41.8209,34.3677,24.5692
7168002.0,42.1219,34.5951,28.9237
7176002.0,42.8373,34.3951,33.3027
7184002.0,44.6054,34.4326,37.8849
7192002.0,43.9287,34.2565,42.4795
7200002.0,45.2907,34.3243,47.8253
7204002.0,44.6272,34.2391,49.178999999999995
7212002.0,46.9814,34.0054,3.95908
7220002.0,48.87,33.9366,6.18166
7228002.0,0.591354,33.8231,10.3097
7236002.0,0.836282,33.8972,14.6275
7244002.0,0.978275,33.4264,19.1494
7252002.0,1.57723,33.2646,23.7053
7260002.0,3.4458599999999997,33.6071,27.9267
7268002.0,4.5532,33.3022,32.3893
7276002.0,5.0569,32.6938,37.3764
7284002.0,4.85195,33.049,42.3824
7292002.0,5.4308,33.024,46.5003
7300002.0,6.66598,32.8901,0.902389
7308002.0,6.82689,33.1178,5.52613
7316002.0,6.938110000000001,33.4925,8.98599
7324002.0,6.53854,33.5347,12.8089
7332002.0,6.20446,33.8719,17.767
7340002.0,6.41407,34.1882,21.3377
7348002.0,6.26008,34.4432,25.2032
7356002.0,6.243040000000001,34.7859,28.3985
7364002.0,7.41926,35.2775,31.6177
7372002.0,8.21997,36.0406,35.8097
7380002.0,8.481060000000001,36.0305,40.0617
7388002.0,8.533619999999999,36.068000000000005,44.4533
7396002.0,8.93633,36.1586,48.7202
7404002.0,9.74286,36.364000000000004,4.00753
7412002.0,10.2818,37.1977,8.83844
7420002.0,10.3703,37.9533,13.4672
7428002.0,10.3634,38.2612,17.6886
7436002.0,10.5402,38.1833,22.2388
7444002.0,10.6478,38.3731,26.8424
7452002.0,10.9902,38.7454,31.8256
7460002.0,10.8796,38.8163,36.2885
7468002.0,11.1189,38.9903,41.2704
7476002.0,11.4631,38.9013,45.3254
7484002.0,11.6228,38.8669,0.534898
7492002.0,11.7909,39.1057,4.72138
7500002.0,12.0286,39.4332,9.90681
7508002.0,12.7003,39.5328,14.3066
7516002.0,12.6462,39.7611,19.3326
7524002.0,12.7003,39.8529,24.3927
7532002.0,12.5469,40.1829,29.7298
7540002.0,12.3525,40.854,35.1755
7548002.0,12.4454,41.0271,39.1691
7556002.0,13.0826,41.1202,44.8261
7564002.0,13.3723,41.1689,49.1398
7572002.0,13.9151,41.0913,3.94405
7580002.0,14.2542,41.2198,9.179160000000001
7588002.0,14.4912,41.5063,14.4274
7596002.0,15.1322,41.4142,18.9092
7604002.0,15.9803,41.3212,23.3205
7612002.0,16.6466,41.2814,28.5498
7620002.0,17.3987,41.3727,33.2942
7628002.0,17.8072,41.3583,37.6837
7636002.0,18.5775,41.0908,41.2697
7644002.0,19.1643,40.9425,44.8896
7652002.0,19.4684,40.8094,47.7454
7660002.0,20.1601,40.4257,2.26052
7668002.0,21.9032,39.5197,6.5263800000000005
7676002.0,22.8219,39.7752,11.8822
7684002.0,22.9147,39.7405,16.2419
7692002.0,24.2001,39.6592,21.070999999999998
7700002.0,24.5498,39.4203,25.7408
7708002.0,24.0119,39.5686,30.1549
7716002.0,23.9417,39.2588,34.2227
7724002.0,23.8354,39.1754,38.3018
7732002.0,25.1533,38.9931,43.6452
7740002.0,26.6072,38.6795,48.2999
7748002.0,26.6816,38.4692,3.69461
7756002.0,27.5009,38.1939,8.715
7764002.0,27.9875,38.2285,13.1782
7772002.0,28.1031,38.0943,17.4903
7780002.0,28.4105,37.677,22.4105
7788002.0,28.526,37.728,26.9384
7796002.0,29.0142,37.7984,31.5696
7804002.0,29.8303,38.1667,36.1921
7812002.0,30.5063,38.016999999999996,41.7172
7820002.0,31.7238,37.5557,45.6473
7828002.0,32.9626,37.3563,1.0020200000000001
7836002.0,33.4695,37.6727,6.13515
7844002.0,34.317,37.5979,9.60576
7852002.0,34.1177,37.4771,14.8346
7860002.0,34.8816,37.2,19.5348
7868002.0,34.9736,37.0933,24.6366
7876002.0,35.54,37.4188,29.4053
7884002.0,36.1083,37.964,33.7814
7892002.0,37.6605,38.1394,38.6413
7900002.0,38.0369,38.3867,43.1015
7908002.0,38.5631,38.3769,47.2447
7916002.0,38.617,38.4823,2.09401
7924002.0,38.9208,38.5166,6.72135
7932002.0,39.8458,38.1717,10.8249
7940002.0,39.8524,38.2827,15.0244
7948002.0,40.475,37.5572,19.656
7956002.0,40.7679,37.2613,23.2052
7964002.0,40.9311,37.7106,27.885
7972002.0,41.1082,37.8694,32.9737
7980002.0,40.7122,37.6927,38.3204
7988002.0,41.0745,38.1199,42.6858
7996002.0,41.4691,38.0208,46.1908
