2.0,45.958999999999996,28.525,14.6353
8002.0,2.86492,28.9714,17.6801
16002.0,5.3548,29.4652,21.5796
24002.0,5.35575,29.3747,26.6336
32002.0,6.23415,29.5932,30.2719
40002.0,6.848039999999999,29.7906,34.9696
48002.0,7.06313,30.3587,39.434
56002.0,6.9617,30.2741,44.5758
64002.0,5.38004,30.2489,47.5825
72002.0,5.681690000000001,30.4981,0.9011600000000001
80002.0,5.919969999999999,30.5765,3.54929
88002.0,6.79857,30.5379,7.81088
96002.0,7.5921,30.8003,11.1968
104002.0,8.4016,31.0746,14.602
112002.0,8.56143,31.3148,16.4715
120002.0,9.18902,31.6477,19.2759
128002.0,9.89829,31.6516,23.1114
136002.0,11.2868,32.1105,26.6658
144002.0,11.5986,31.9756,29.5973
152002.0,12.2918,31.6847,32.1962
160002.0,16.0502,31.4063,35.1659
168002.0,16.4935,31.3459,38.6002
176002.0,16.1246,31.3291,42.5756
184002.0,16.724,30.9332,45.5208
192002.0,16.8813,30.2965,0.441279
200002.0,17.1546,30.7971,4.96403
208002.0,18.0773,30.1715,8.16923
216002.0,18.7551,30.6253,12.6502
224002.0,19.0745,30.956999999999997,17.351
232002.0,20.2723,31.2,22.3146
240002.0,20.8865,31.2576,27.0207
248002.0,21.1418,30.8872,31.3365
256002.0,21.7955,30.5623,36.0847
264002.0,22.4941,30.1609,40.7453
272002.0,23.694000000000003,29.8149,45.4456
280002.0,24.9045,29.5978,49.0253
288002.0,25.8619,29.8233,4.4966099999999996
296002.0,25.9966,30.0209,8.995410000000001
304002.0,27.0833,30.4044,13.4091
312002.0,28.7629,30.6089,17.6934
320002.0,29.7622,30.5878,22.1474
328002.0,31.3992,30.4577,27.06
336002.0,32.8968,29.9446,31.5796
344002.0,33.3395,29.5902,36.2903
352002.0,34.067,29.2571,40.0195
360002.0,35.5736,28.3577,43.8427
368002.0,36.686,27.7016,46.9495
376002.0,36.5324,27.5018,1.91355
384002.0,37.0994,26.9936,4.14781
392002.0,37.6439,26.9581,7.931989999999999
400002.0,38.2165,26.9778,12.0024
408002.0,38.5375,26.6297,16.6415
416002.0,38.8162,26.3523,20.1985
424002.0,39.8855,25.9513,24.6727
432002.0,40.8273,25.8448,27.9219
440002.0,41.3791,25.7352,33.2066
448002.0,41.6072,25.8924,37.0932
456002.0,41.9027,25.9605,40.5497
464002.0,42.6312,26.2877,43.5508
472002.0,43.354,26.2624,48.8904
480002.0,44.5833,26.1314,3.3124599999999997
488002.0,45.3548,25.8758,7.45095
496002.0,47.0516,26.1096,11.606
504002.0,46.5771,26.3207,15.8926
512002.0,47.4417,26.0784,20.5771
520002.0,47.7184,26.0133,24.6136
528002.0,47.832,26.269000000000002,29.0821
536002.0,48.4583,26.0811,33.6101
544002.0,0.688712,25.9618,37.621
552002.0,2.55238,26.6827,41.158
560002.0,4.2223,26.8664,44.8093
568002.0,4.81165,27.1695,47.9272
576002.0,5.152880000000001,27.7711,3.58045
584002.0,5.76104,28.1603,7.942010000000001
592002.0,6.8543199999999995,28.3428,10.3488
600002.0,7.63329,28.1953,14.5536
608002.0,8.49852,28.0618,18.2888
616002.0,9.62942,28.1711,21.8523
624002.0,10.1399,28.3091,26.7788
632002.0,10.4132,28.0824,29.7963
640002.0,12.8408,27.9758,32.6507
648002.0,12.4097,26.1605,34.7787
656002.0,13.8589,26.4988,38.9585
664002.0,14.6598,26.5763,42.758
672002.0,15.3362,25.4999,47.2621
680002.0,16.7542,22.9288,1.96859
688002.0,17.2025,21.5288,6.79628
696002.0,18.0749,21.1925,9.95032
704002.0,18.2424,22.0182,14.7534
712002.0,18.8391,22.1185,19.4749
720002.0,19.067999999999998,22.5392,22.5633
728002.0,19.0319,22.8672,27.3382
736002.0,19.2377,23.9555,30.6924
744002.0,20.4556,23.5065,33.8323
752002.0,20.8451,23.4721,38.2304
760002.0,21.6686,23.9613,43.1226
768002.0,22.0008,24.4525,46.4706
776002.0,22.7789,24.8452,2.12585
784002.0,22.5742,24.7137,5.424930000000001
792002.0,24.1116,24.429000000000002,8.6916
800002.0,24.2751,24.0991,12.2032
808002.0,24.6117,23.6521,14.4761
816002.0,24.8058,24.3437,18.1063
824002.0,25.8126,24.395,21.7522
832002.0,26.9299,24.9304,26.1466
840002.0,27.0448,24.4126,29.1872
848002.0,28.5716,24.9897,32.7693
856002.0,31.4782,25.3631,36.398
864002.0,33.0309,25.1676,39.9461
872002.0,33.1475,25.2171,44.3205
880002.0,34.1653,25.3161,48.9446
888002.0,35.4237,25.7298,3.8338400000000004
896002.0,36.7466,26.0551,7.474530000000001
904002.0,37.9253,26.4335,12.3932
912002.0,39.5853,26.6329,15.7746
920002.0,40.3239,25.9926,19.6382
928002.0,40.926,25.4032,23.7675
936002.0,40.9577,25.8966,25.575
944002.0,41.218,26.2634,29.3688
952002.0,43.125,25.7496,33.3592
960002.0,43.1693,26.0175,37.2425
968002.0,43.4162,26.3794,40.5882
976002.0,43.818999999999996,26.7218,43.576
984002.0,44.6402,25.6428,48.5053
992002.0,43.5266,24.9017,0.370886
1000002.0,45.2401,23.6655,4.80516
1008002.0,46.3871,23.5575,7.78027
1016002.0,45.3343,21.1878,11.3618
1024002.0,48.4344,20.7067,14.3369
1032002.0,0.271503,20.7066,16.5368
1040002.0,1.18163,20.8436,20.3199
1048002.0,0.9731860000000001,21.3491,23.8606
1056002.0,0.739204,21.7325,27.4972
1064002.0,1.28791,22.035999999999998,32.6699
1072002.0,1.73035,22.136,37.176
1080002.0,2.33546,22.2043,41.5096
1088002.0,3.11123,21.7953,45.3108
1096002.0,3.7945699999999998,21.6435,49.4033
1104002.0,5.06836,21.3723,3.49013
1112002.0,5.501580000000001,21.5611,7.972060000000001
1120002.0,5.98771,21.4184,12.2097
1128002.0,7.298210000000001,21.6781,16.0941
1136002.0,8.2654,21.3222,20.048
1144002.0,9.50988,21.2044,22.6065
1152002.0,10.4636,20.9216,26.6084
1160002.0,10.4731,20.9361,29.9183
1168002.0,11.1637,20.5572,32.8533
1176002.0,11.8549,20.6601,36.4178
1184002.0,12.1407,20.6887,40.1779
1192002.0,13.0102,20.7101,43.4833
1200002.0,14.1092,20.0934,46.9748
1208002.0,16.8964,20.1128,0.855282
1216002.0,18.8216,19.2256,3.69085
1224002.0,19.8835,18.5226,7.61468
1232002.0,21.6839,18.347,11.6288
1240002.0,21.9777,18.0502,15.2512
1248002.0,22.2139,18.0444,19.887
1256002.0,23.6219,17.8023,22.3619
1264002.0,24.6993,18.3936,26.6444
1272002.0,25.6658,18.159000000000002,31.2791
1280002.0,26.9424,17.7829,34.8173
1288002.0,27.7037,18.1459,37.5232
1296002.0,27.1404,18.1747,41.6229
1304002.0,28.9862,18.209,44.6226
1312002.0,29.1015,18.2696,48.458
1320002.0,30.9322,18.823,2.68728
1328002.0,31.7135,18.8863,6.33354
1336002.0,32.461,19.2149,9.71889
1344002.0,33.1629,19.2035,12.3067
1352002.0,34.066,18.6834,17.4831
1360002.0,34.2048,18.9223,20.6837
1368002.0,34.1383,18.7659,23.4874
1376002.0,34.8425,18.4385,27.5174
1384002.0,36.0761,18.4528,30.5443
1392002.0,37.2813,18.9718,33.4838
1400002.0,38.7071,18.7613,37.8661
1408002.0,39.1825,18.6195,40.6663
1416002.0,39.3096,19.0004,42.9887
1424002.0,39.7365,18.8896,47.2925
1432002.0,40.5734,19.3376,1.9256900000000001
1440002.0,43.1113,19.4061,6.32816
1448002.0,44.0731,19.3436,9.4125
1456002.0,45.3364,19.1443,12.557
1464002.0,45.9531,19.5315,15.8426
1472002.0,48.2779,18.7446,19.5285
1480002.0,48.6605,18.9615,22.5834
1488002.0,1.1309,18.7624,26.0423
1496002.0,1.43324,19.0209,30.0295
1504002.0,3.1966900000000003,18.6382,33.361
1512002.0,5.10115,18.3331,37.2885
1520002.0,5.59004,17.9868,40.8463
1528002.0,6.18537,17.7526,45.0632
1536002.0,6.97235,17.4351,48.4543
1544002.0,8.3789,17.6674,2.3317
1552002.0,11.5479,17.8837,5.1238
1560002.0,12.0831,18.0726,9.8592
1568002.0,12.9074,17.8745,14.0204
1576002.0,12.2872,17.4408,17.7702
1584002.0,12.5372,16.6147,21.3882
1592002.0,12.1101,16.2341,24.3654
1600002.0,13.2286,16.4823,27.9108
1608002.0,13.5173,15.9714,31.5659
1616002.0,14.6515,15.8363,35.2165
1624002.0,15.3125,16.0848,39.584
1632002.0,16.2215,16.1731,42.5615
1640002.0,18.2085,15.7043,47.0057
1648002.0,19.8569,15.4734,48.4276
1656002.0,20.5506,15.4005,2.92403
1664002.0,21.4358,15.5056,6.11174
1672002.0,22.6615,14.9135,9.14512
1680002.0,23.4452,14.2603,12.4733
1688002.0,24.0982,13.9311,15.0854
1696002.0,24.6066,14.3313,18.7338
1704002.0,25.2624,14.3382,22.0301
1712002.0,25.0549,13.8802,25.8041
1720002.0,25.7621,14.4886,28.248
1728002.0,27.1102,14.2785,31.1418
1736002.0,28.128,14.8042,34.0764
1744002.0,28.8911,15.1549,37.8001
1752002.0,28.9811,15.1259,40.43
1760002.0,29.5206,15.3646,44.5108
1768002.0,30.0138,15.7206,46.5812
1776002.0,30.7185,16.2102,0.790203
1784002.0,31.0673,16.5215,3.5532199999999996
1792002.0,31.4663,16.3928,6.23119
1800002.0,32.5157,16.2817,9.917869999999999
1808002.0,34.204,16.3253,12.4966
1816002.0,35.2363,16.1988,14.2009
1824002.0,35.4159,16.7166,16.8595
1832002.0,37.2392,16.7463,19.3465
1840002.0,39.6871,16.6014,20.7431
1848002.0,39.8356,16.4327,23.5329
1856002.0,40.8476,16.1775,26.0741
1864002.0,41.7879,15.7781,29.0394
1872002.0,42.9181,16.2149,31.51
1880002.0,43.5431,15.7486,34.6768
1888002.0,45.6793,16.0958,36.3983
1896002.0,46.8714,15.6211,38.3684
1904002.0,47.5469,15.2462,40.7852
1912002.0,48.2656,15.0267,42.8092
1920002.0,48.9784,14.5124,46.3364
1928002.0,0.6842189999999999,14.3545,0.0783808
1936002.0,0.8283530000000001,14.5146,2.50018
1944002.0,0.73147,15.1613,5.77846
1952002.0,1.0542200000000002,15.3782,9.21375
1960002.0,0.824577,15.4758,12.2044
1968002.0,1.22363,15.6937,14.7534
1976002.0,1.56673,15.7436,17.5219
1984002.0,1.93287,15.4304,20.3459
1992002.0,2.81264,15.1461,23.7496
2000002.0,3.75958,15.4337,26.5587
2008002.0,4.83574,15.1218,29.9139
2016002.0,6.90963,15.0304,33.6515
2024002.0,7.411630000000001,14.9724,35.7921
2032002.0,8.58258,14.651,38.0254
2040002.0,9.31489,14.29,40.6555
2048002.0,10.9999,14.0202,44.6192
2056002.0,13.0445,14.0011,46.3599
2064002.0,13.9929,13.7564,48.7361
2072002.0,16.5188,13.5356,1.25841
2080002.0,17.4022,13.0896,3.19149
2088002.0,18.6756,12.8316,4.16749
2096002.0,20.2555,12.6999,6.3628800000000005
2104002.0,21.9527,12.6957,8.81334
2112002.0,23.5728,12.272,12.0247
2120002.0,22.8791,12.4591,14.4937
2128002.0,22.3059,12.5783,16.1153
2136002.0,23.4305,12.526,18.2008
2144002.0,23.2385,12.3609,20.1748
2152002.0,23.6009,12.5923,22.1175
2160002.0,23.7828,12.9694,24.5025
2168002.0,24.3232,13.0473,26.8664
2176002.0,23.9742,13.235999999999999,29.1613
2184002.0,25.3074,13.4388,30.1046
2192002.0,26.1373,13.774000000000001,31.3082
2200002.0,26.2246,14.3646,32.8742
2208002.0,27.1104,14.7103,35.1399
2216002.0,29.1003,15.3509,37.5439
2224002.0,30.3378,16.0748,41.0487
2232002.0,30.0136,16.7242,44.6414
2240002.0,30.9945,16.5152,47.711000000000006
2248002.0,31.5725,16.6835,1.23684
2256002.0,31.8695,16.8581,2.65512
2264002.0,32.0637,16.6682,4.2631
2272002.0,32.6183,16.8747,7.196610000000001
2280002.0,32.9576,16.6669,9.80914
2288002.0,33.328,17.1551,13.789000000000001
2296002.0,34.0432,18.0361,18.623
2304002.0,35.4481,18.8248,22.5133
2312002.0,34.4652,18.9739,26.7444
2320002.0,36.9042,20.2895,31.435
2328002.0,38.0212,20.5533,35.4144
2336002.0,38.5004,20.8727,39.5959
2344002.0,39.8226,20.1645,43.7728
2352002.0,40.1558,20.3019,47.2423
2360002.0,41.7399,20.0999,0.907217
2368002.0,42.2497,20.1523,5.40948
2376002.0,41.2305,20.058,9.51933
2384002.0,42.0618,19.9435,13.0793
2392002.0,43.9819,20.1322,16.0179
2400002.0,44.5351,19.5379,19.1279
2408002.0,44.8124,19.3293,22.9328
2414002.0,45.8549,19.3246,26.5896
2422002.0,48.1334,19.839000000000002,31.7087
2430002.0,2.1894,20.0518,33.5101
2438002.0,5.66475,19.4321,38.443000000000005
2446002.0,7.32235,18.7211,41.968
2454002.0,7.75593,18.7857,45.6028
2462002.0,9.19737,19.0666,0.201683
2470002.0,10.0691,18.6794,2.5777799999999997
2478002.0,11.2319,18.5644,6.04441
2486002.0,12.6379,18.3672,8.61709
2494002.0,13.8513,18.4008,11.6182
2502002.0,13.9036,18.2676,14.7069
2510002.0,15.9427,18.4267,18.4153
2518002.0,16.2029,18.278,21.0108
2526002.0,18.3892,18.3898,22.9843
2534002.0,20.0557,18.4881,25.3434
2542002.0,20.48,18.4609,29.2032
2550002.0,21.6267,18.499000000000002,32.625
2558002.0,23.1828,19.0383,35.0015
2566002.0,24.7924,18.7907,37.194
2574002.0,26.5057,18.8458,38.9982
2582002.0,27.2685,18.822,41.6509
2590002.0,29.8888,18.9089,44.6969
2598002.0,31.7931,18.6588,48.7812
2606002.0,32.453,18.727,2.61994
2614002.0,33.5803,18.5971,5.29812
2622002.0,33.6941,18.3727,8.98121
2630002.0,35.0181,18.4526,12.1227
2638002.0,35.6154,18.8623,15.4241
2646002.0,36.1431,18.7964,19.2601
2654002.0,36.9197,19.4561,23.1279
2662002.0,37.1127,20.2627,25.5987
2670002.0,37.8533,20.8664,29.9735
2678002.0,39.6456,20.8676,35.3478
2686002.0,42.7956,21.0988,38.353
2694002.0,44.6706,21.1645,39.6743
2702002.0,45.8787,21.6917,42.7795
2710002.0,47.4618,22.1706,47.1025
2718002.0,0.43010299999999996,22.9907,49.456
2726002.0,0.45460600000000007,21.2589,0.311933
2734002.0,0.784994,21.2719,4.37071
2742002.0,2.1962200000000003,20.9276,8.1223
2750002.0,3.3043400000000003,21.2492,12.419
2758002.0,4.30875,21.1396,16.2146
2766002.0,5.28641,21.8976,20.6135
2774002.0,5.97397,21.7704,22.7215
2782002.0,6.6539,22.1637,26.0727
2790002.0,6.4699599999999995,21.6235,29.996
2798002.0,6.79356,22.2111,33.996
2806002.0,8.10528,22.5778,38.5209
2814002.0,8.19098,22.6532,43.0494
2822002.0,8.975660000000001,22.4455,47.2444
2830002.0,10.0917,22.0328,0.16830499999999998
2838002.0,10.7537,22.4912,3.5203
2846002.0,14.3099,22.3568,7.482810000000001
2854002.0,16.7922,21.6311,12.009
2862002.0,18.4374,22.5317,16.221
2870002.0,18.8596,22.316999999999997,20.2115
2878002.0,19.6597,22.4168,24.4372
2886002.0,20.497,22.6783,27.8229
2894002.0,21.2952,21.587,30.951999999999998
2902002.0,22.7049,22.6923,34.8718
2910002.0,25.5397,20.1941,37.7777
2918002.0,26.6061,20.2247,36.9133
2926002.0,26.7221,20.6132,41.8392
2934002.0,27.2579,21.0751,46.2162
2942002.0,26.9783,20.3569,1.65247
2950002.0,26.9487,19.9732,5.24544
2958002.0,27.48,19.8844,9.09859
2966002.0,28.8415,20.4917,13.3529
2974002.0,29.2122,20.8214,16.7328
2982002.0,29.64,21.2465,20.910999999999998
2990002.0,30.2699,20.5656,23.9535
2998002.0,30.5939,20.5933,26.9618
3006002.0,31.7432,21.1078,30.2459
3014002.0,32.4001,20.9851,34.5153
3022002.0,33.9661,21.7405,37.4658
3030002.0,35.1038,20.7107,43.4454
3038002.0,35.3062,20.750999999999998,47.7301
3046002.0,35.8544,20.5184,2.5331200000000003
3054002.0,36.9829,20.6749,6.33655
3062002.0,37.8509,20.629,9.25915
3070002.0,39.3457,20.9434,13.8966
3078002.0,39.3392,21.3424,16.948
3086002.0,39.8171,20.95,20.5175
3094002.0,41.4879,20.9839,24.86
3102002.0,42.5498,21.0953,28.4854
3110002.0,43.333,20.9127,32.7766
3118002.0,44.1921,20.6243,37.2914
3126002.0,45.1119,21.3619,42.0533
3134002.0,46.6688,21.9489,47.0432
3142002.0,46.7482,21.9593,2.1146
3150002.0,48.3344,21.7869,5.68896
3158002.0,2.06771,21.4342,9.823089999999999
3166002.0,3.06885,21.5086,12.172
3174002.0,4.2919,21.2179,14.0238
3182002.0,5.84071,21.631,18.7594
3190002.0,7.9354,21.8257,22.2638
3198002.0,8.84577,21.9125,26.261999999999997
3206002.0,11.5566,22.2378,28.7059
3214002.0,13.0802,22.4391,31.6412
3222002.0,15.3811,22.476,35.8541
3230002.0,17.6942,22.6093,40.2408
3238002.0,18.5926,22.5845,44.6936
3246002.0,19.605,22.456999999999997,48.586999999999996
3254002.0,20.2097,22.494,1.96488
3262002.0,21.4137,22.965999999999998,4.6273
3270002.0,21.1833,22.7782,9.45497
3278002.0,21.4496,22.4765,12.5628
3286002.0,22.6446,22.5187,15.4469
3294002.0,23.1875,22.2623,17.7264
3302002.0,23.8082,22.2737,22.6962
3310002.0,24.5568,22.1997,25.1954
3318002.0,24.6285,21.8401,29.0034
3326002.0,26.0936,21.2345,32.3243
3334002.0,27.4351,21.2256,36.3548
3342002.0,28.2557,20.8299,40.7441
3350002.0,28.5209,20.8012,44.3762
3358002.0,30.4432,21.0852,48.2965
3366002.0,33.4631,20.7691,3.1320799999999998
3374002.0,35.5707,19.9194,7.39882
3382002.0,37.4157,21.289,11.9216
3390002.0,39.5287,21.2317,13.9941
3398002.0,40.3575,21.0335,18.1346
3406002.0,41.7957,20.9207,22.3254
3414002.0,44.6237,21.3261,26.5422
3422002.0,47.3011,20.813000000000002,30.0703
3430002.0,0.298611,20.6733,34.1842
3438002.0,1.33853,20.3456,38.3701
3446002.0,1.16591,20.7905,41.6998
3454002.0,1.71564,20.8689,45.8781
3462002.0,2.60873,20.3545,0.44826499999999997
3470002.0,2.3950299999999998,20.4579,4.44487
3478002.0,3.68132,20.6036,8.73216
3486002.0,4.01245,20.6922,13.3743
3494002.0,5.15241,20.3571,18.1235
3502002.0,5.00189,19.9187,21.7662
3510002.0,4.99525,19.6377,26.8292
3518002.0,4.991709999999999,19.8632,30.6646
3526002.0,5.68055,19.8611,35.0215
3534002.0,5.94227,20.1068,38.8554
3542002.0,5.65647,20.4299,43.1286
3550002.0,6.2101,20.364,46.5385
3558002.0,6.83383,20.324,0.670333
3566002.0,7.070189999999999,20.2092,4.44264
3574002.0,7.343539999999999,20.1081,9.17805
3582002.0,7.572030000000001,20.1597,13.8457
3590002.0,8.03958,19.6878,18.7259
3598002.0,8.33892,19.5433,23.6711
3606002.0,9.55958,19.3228,27.1841
3614002.0,10.8445,19.0821,28.7044
3622002.0,12.6595,18.8704,30.9411
3630002.0,13.1971,18.6964,34.6226
3638002.0,13.3094,18.5768,38.5737
3646002.0,14.6382,18.2035,42.0956
3654002.0,15.1462,18.0874,44.9128
3662002.0,15.4404,18.3379,49.0415
3670002.0,16.6401,18.558,3.39433
3678002.0,17.3552,18.2303,7.07855
3686002.0,18.1089,18.1568,10.8053
3694002.0,18.7629,18.0165,14.4
3702002.0,19.7603,17.5806,18.0767
3710002.0,20.2403,17.8875,21.2931
3718002.0,20.1701,17.712,24.5175
3726002.0,20.3591,17.9223,28.3438
3734002.0,20.6347,18.3659,32.7297
3742002.0,21.4894,18.2775,35.2418
3750002.0,22.5337,18.3172,37.3983
3758002.0,24.7283,18.4174,40.9297
3766002.0,26.1172,18.5725,44.4274
3774002.0,28.0281,18.7828,48.4618
3782002.0,28.7704,18.9403,2.36872
3790002.0,30.4506,18.6259,6.02427
3798002.0,30.974,18.3985,8.646519999999999
3806002.0,32.329,18.2309,11.5416
3814002.0,34.6686,18.0095,13.4881
3822002.0,36.0135,18.2803,16.7658
3830002.0,38.0832,18.0977,21.8776
3838002.0,39.4455,17.5958,25.5069
3846002.0,40.2686,17.543,29.8188
3854002.0,41.0156,18.0323,33.185
3862002.0,41.4462,18.1785,35.961
3870002.0,42.3362,18.3311,40.1199
3878002.0,42.5953,18.069000000000003,44.4079
3886002.0,42.434,17.8849,48.3167
3894002.0,43.2565,17.5005,2.70843
3902002.0,43.7142,17.4477,5.91887
3910002.0,44.4079,17.3795,9.76207
3918002.0,46.1655,17.5691,14.1104
3926002.0,47.8609,17.6733,16.855999999999998
3934002.0,48.922,17.6049,20.1693
3942002.0,0.112767,17.2271,23.4625
3950002.0,0.469842,17.2914,27.5298
3958002.0,1.5080200000000001,17.5322,31.7171
3966002.0,2.3433599999999997,17.2486,34.5449
3974002.0,3.51435,16.8179,37.6578
3982002.0,3.49605,16.8687,40.2599
3990002.0,4.28934,16.4913,43.2688
3998002.0,5.78316,16.4858,45.4257
4006002.0,6.939989999999999,16.137999999999998,47.3599
4014002.0,7.499460000000001,16.0571,0.571075
4022002.0,8.26496,15.7866,3.11315
4030002.0,8.23298,15.9662,6.21437
4038002.0,9.99456,16.0665,7.9070100000000005
4046002.0,11.4257,16.2355,10.7418
4054002.0,12.3915,16.4793,14.0845
4062002.0,13.1716,16.814,17.7346
4070002.0,13.4337,16.9717,20.7696
4078002.0,13.8003,16.7909,24.3559
4086002.0,14.6177,16.4888,27.7726
4094002.0,15.5812,16.7358,30.5258
4102002.0,16.2668,17.0363,33.0455
4110002.0,17.0024,17.3353,35.6437
4118002.0,17.6476,17.2796,38.3053
4126002.0,18.7461,17.2455,41.8593
4134002.0,19.3019,17.2697,43.3915
4142002.0,19.8058,17.3034,46.0582
4150002.0,20.7477,17.4868,49.208999999999996
4158002.0,21.7087,17.6357,2.3831700000000002
4166002.0,22.1675,17.807000000000002,5.70938
4174002.0,23.4439,16.919,9.40419
4182002.0,24.3473,17.0044,12.3597
4190002.0,25.9477,16.7259,16.3057
4198002.0,27.3779,16.7513,20.2871
4206002.0,28.851999999999997,16.505,23.6863
4214002.0,30.785999999999998,16.1421,28.0798
4222002.0,32.4753,15.9387,31.8357
4230002.0,33.8363,15.8337,35.1041
4238002.0,36.1293,15.1769,39.3679
4246002.0,38.3522,14.9286,42.7275
4254002.0,40.0726,14.5761,46.2774
4262002.0,40.7626,14.3167,0.134825
4270002.0,41.9956,14.1953,3.1446400000000003
4278002.0,43.1151,14.29,6.20089
4286002.0,44.0562,14.6614,10.1376
4294002.0,44.4313,15.1315,13.4642
4302002.0,44.6938,15.297,16.1082
4310002.0,45.0895,16.1169,18.8379
4318002.0,45.0585,16.3841,20.7846
4326002.0,45.6686,16.5829,22.8816
4334002.0,46.2614,16.5384,25.2575
4342002.0,46.6494,16.259,27.9214
4350002.0,46.6569,16.1399,30.7119
4358002.0,46.6949,16.9108,33.4872
4366002.0,47.3209,17.0794,36.2607
4374002.0,48.0018,17.025,38.3036
4382002.0,0.255834,15.9167,40.9332
4390002.0,2.14648,18.7667,43.1357
4398002.0,2.84721,18.2652,7.50899
4406002.0,3.8479300000000003,15.842,10.0071
4414002.0,4.3506599999999995,16.1403,12.302999999999999
4422002.0,3.76977,15.1427,14.0274
4430002.0,3.71602,15.0572,18.2805
4438002.0,3.9634300000000002,15.0301,20.678
4446002.0,4.12182,14.954,22.1733
4454002.0,4.45587,14.987,25.0772
4462002.0,5.48515,15.5486,27.7058
4470002.0,6.357530000000001,15.7266,30.4735
4478002.0,7.035139999999999,15.7259,32.2995
4486002.0,7.8823,15.7825,34.8838
4494002.0,9.26309,16.5233,38.1416
4502002.0,10.0427,17.0173,41.1304
4510002.0,10.3112,17.0004,43.7303
4518002.0,10.6603,16.6044,44.7742
4526002.0,12.2233,16.9485,47.8185
4534002.0,13.6093,16.9836,0.686335
4542002.0,14.2106,16.9295,2.70165
4550002.0,15.0327,16.4769,5.20655
4558002.0,16.5306,16.961,8.1322
4566002.0,17.2267,16.7788,11.0185
4574002.0,18.8362,16.8379,14.2698
4582002.0,20.4533,16.9996,17.021
4590002.0,22.3533,16.9125,18.8229
4598002.0,24.3128,16.6072,21.4831
4606002.0,26.1003,16.6907,23.0454
4614002.0,27.2133,16.673,25.2552
4622002.0,27.5238,16.5768,27.1633
4630002.0,28.235,16.6952,28.6255
4638002.0,29.4663,16.5746,29.3297
4646002.0,30.3598,16.5359,32.1901
4654002.0,31.0286,16.6621,34.0943
4662002.0,32.6766,17.4437,36.8472
4670002.0,33.1131,17.9094,39.4381
4678002.0,34.1101,18.2639,42.3473
4686002.0,35.2077,18.6948,45.3199
4694002.0,36.6019,18.8735,0.24068299999999998
4702002.0,37.5729,19.1371,2.5202299999999997
4710002.0,39.1778,19.2028,4.9446
4718002.0,40.2325,19.7906,8.22478
4726002.0,40.4344,20.2402,11.4478
4734002.0,42.7572,20.2639,13.5188
4742002.0,43.1519,20.9353,16.2794
4750002.0,43.6976,21.1223,19.3381
4758002.0,44.11,21.397,21.631
4760002.0,44.1339,21.3401,22.1777
4768002.0,44.1543,21.288,26.7637
4776002.0,46.3536,21.3901,28.9278
4784002.0,48.8623,20.9754,32.859
4792002.0,0.277199,20.8618,35.3317
4800002.0,1.2626899999999999,20.6387,37.1712
4808002.0,2.76214,20.765,40.1015
4816002.0,4.6647,21.6051,42.312
4824002.0,6.23831,21.8579,44.5342
4832002.0,8.05808,22.2807,47.3716
4840002.0,8.71359,22.1701,1.34765
4848002.0,9.36003,22.5822,4.01561
4856002.0,11.7004,22.761,7.840669999999999
4864002.0,11.2993,22.3311,12.5824
4872002.0,14.7798,22.9666,16.4168
4880002.0,13.7872,22.363000000000003,19.6177
4888002.0,14.2571,22.4276,22.5103
4896002.0,17.6557,22.6947,25.8872
4904002.0,19.7086,22.4632,27.7231
4912002.0,20.5004,22.1473,30.5265
4920002.0,24.6414,22.2643,34.2213
4928002.0,26.8766,22.3477,37.8023
4936002.0,28.4504,22.2827,41.9509
4944002.0,28.6152,22.2903,45.2017
4952002.0,29.7472,22.4947,49.0474
4960002.0,29.7336,22.3674,3.0049200000000003
4968002.0,29.8621,22.4195,6.615589999999999
4976002.0,30.3919,22.2953,10.0496
4984002.0,30.7377,22.6546,14.0303
4992002.0,31.7979,22.5366,16.754
5000002.0,32.5104,22.1549,20.6692
5008002.0,33.0229,21.807,24.4539
5016002.0,33.4245,21.5085,26.8763
5024002.0,33.2108,21.2738,30.2539
5032002.0,33.0367,21.0555,34.0771
5040002.0,33.6493,21.1897,37.8469
5048002.0,34.0936,21.3672,39.8491
5056002.0,35.383,21.3067,43.474
5064002.0,36.5706,21.8002,46.8388
5072002.0,37.5161,21.9969,0.945377
5080002.0,38.6682,22.3474,4.66023
5088002.0,39.8147,22.4664,9.09428
5096002.0,42.2103,22.5748,13.2839
5104002.0,43.6328,22.9633,18.7001
5112002.0,44.9636,23.5675,22.9448
5120002.0,46.4589,23.2872,27.7368
5128002.0,48.3346,23.1797,33.0013
5136002.0,48.0813,23.6759,36.9404
5144002.0,49.1662,23.7384,41.095
5152002.0,0.20725700000000002,23.4402,45.8472
5160002.0,1.65035,23.4197,0.9169149999999999
5168002.0,2.43635,23.0324,5.669169999999999
5176002.0,2.7166200000000003,22.9639,10.4461
5184002.0,3.77659,22.7233,14.4761
5192002.0,4.41292,22.8187,18.0257
5200002.0,5.01207,22.6414,22.4722
5208002.0,5.696330000000001,22.6666,25.9425
5216002.0,6.1672400000000005,23.1081,30.171999999999997
5224002.0,6.77905,22.5918,33.8855
5232002.0,8.300469999999999,22.4588,38.1155
5240002.0,9.236460000000001,22.3693,42.5236
5248002.0,9.73372,22.1967,45.9525
5256002.0,9.69409,21.9125,49.2079
5264002.0,10.5514,21.8998,3.74411
5272002.0,11.4359,21.8239,7.423260000000001
5280002.0,12.3427,21.5668,12.0287
5288002.0,12.4365,21.0326,15.4196
5296002.0,13.1653,21.1786,19.6185
5304002.0,13.9905,21.531999999999996,23.6137
5312002.0,16.5261,21.9703,27.2563
5320002.0,16.325,21.8341,31.3852
5328002.0,16.3443,21.8164,34.1692
5336002.0,17.7619,21.8139,38.0721
5344002.0,19.7943,21.8187,41.6088
5352002.0,20.5266,22.1083,45.3366
5360002.0,20.6303,22.7526,47.97
5368002.0,21.2875,23.0309,2.95434
5376002.0,21.2849,22.9895,6.51619
5384002.0,22.2791,22.7598,11.2038
5392002.0,22.6284,23.2367,14.5391
5400002.0,23.119,23.0903,18.3049
5408002.0,23.162,23.6254,22.6955
5416002.0,24.6454,23.9277,26.9678
5424002.0,25.5678,23.8317,30.7923
5432002.0,26.1695,24.2415,33.5995
5440002.0,27.531999999999996,24.4263,36.3085
5448002.0,28.1144,24.5181,39.8006
5456002.0,28.5643,25.1523,44.0241
5464002.0,28.8141,25.3506,48.0094
5472002.0,28.7305,25.4975,3.8290300000000004
5480002.0,29.7235,25.4049,7.81151
5488002.0,30.4606,25.2076,11.0567
5496002.0,31.2551,25.1605,14.6582
5504002.0,31.9784,25.1219,18.0772
5512002.0,32.5408,26.0493,21.6995
5520002.0,33.3438,26.6171,25.7563
5528002.0,34.9691,26.4561,29.5413
5536002.0,35.5834,26.4114,32.8461
5544002.0,36.249,26.6339,36.7372
5552002.0,36.4693,27.0977,40.4786
5560002.0,37.3418,27.1013,45.1173
5568002.0,38.5586,27.4598,48.9804
5576002.0,39.5308,26.9936,2.24853
5584002.0,40.1226,27.006999999999998,7.3007100000000005
5592002.0,41.0137,27.2549,11.8124
5600002.0,41.5643,27.2412,16.4842
5608002.0,42.0527,27.1861,19.9261
5616002.0,42.2571,26.9237,23.4742
5624002.0,42.9881,26.8941,26.7861
5632002.0,44.0381,26.6334,30.8688
5640002.0,45.687,26.6217,35.0882
5648002.0,46.9575,26.4627,39.2958
5656002.0,47.702,25.86,43.9905
5664002.0,47.9493,26.0195,48.0767
5672002.0,49.0697,26.3463,2.28076
5680002.0,0.8260930000000001,26.6654,6.41139
5688002.0,1.33859,26.2494,9.23815
5696002.0,1.84684,26.4801,12.1945
5704002.0,3.3934,26.4217,16.7455
5712002.0,3.5457400000000003,26.0898,20.5228
5720002.0,3.1922200000000003,26.1041,24.8884
5728002.0,3.3671599999999997,26.3056,29.235
5736002.0,3.75659,26.4276,33.3049
5744002.0,4.69462,26.1425,38.7887
5752002.0,5.06449,26.1618,43.3169
5760002.0,5.70443,25.8663,46.7194
5768002.0,7.7665,26.0547,1.17464
5776002.0,9.332189999999999,25.8216,6.20567
5784002.0,9.503630000000001,25.9611,10.862
5792002.0,9.99434,25.6891,15.4536
5800002.0,10.6882,25.2321,20.9333
5808002.0,11.7759,25.4815,25.3345
5816002.0,12.6866,25.6997,29.7554
5824002.0,12.3471,25.6615,32.6561
5832002.0,12.1897,26.0109,36.1033
5840002.0,12.4228,25.7468,40.6071
5848002.0,13.0113,26.3724,44.3524
5856002.0,13.1898,26.6004,48.7089
5864002.0,14.5478,27.3135,3.03554
5872002.0,15.2618,27.0338,6.6727
5880002.0,15.9374,26.778000000000002,11.0645
5888002.0,17.1272,26.6018,15.9258
5896002.0,18.5509,26.6927,19.2492
5904002.0,20.0252,26.6177,23.2651
5912002.0,20.4606,26.659000000000002,27.79
5920002.0,20.819000000000003,26.3676,32.5165
5928002.0,20.9839,26.3935,36.7117
5936002.0,21.0587,26.5837,40.8624
5944002.0,21.774,26.2479,45.1404
5952002.0,22.2186,25.4785,49.0282
5960002.0,23.7767,24.8734,4.1896
5968002.0,24.4033,24.6978,8.58325
5976002.0,25.0022,24.7302,14.0319
5984002.0,25.5955,24.8987,17.3724
5992002.0,26.1812,24.8882,22.1252
6000002.0,26.84,24.9402,26.3281
6008002.0,27.0845,25.3076,29.8125
6016002.0,27.498,25.2287,32.58
6024002.0,28.0037,25.0487,37.6269
6032002.0,28.3826,25.3256,42.0329
6040002.0,28.5474,25.2344,46.2526
6048002.0,28.5422,25.6297,0.752375
6056002.0,28.8938,25.468000000000004,5.02688
6064002.0,30.4988,25.0949,10.0902
6072002.0,30.6931,25.0391,14.5127
6080002.0,31.433000000000003,25.0468,18.8104
6088002.0,31.9748,24.9227,22.5243
6096002.0,32.5941,24.9818,26.4347
6104002.0,33.0677,24.9891,30.8166
6112002.0,33.8547,24.7591,35.3874
6120002.0,34.0501,24.871,39.580999999999996
6128002.0,33.8663,24.7038,44.328
6136002.0,34.3131,24.6213,49.1067
6144002.0,34.7452,24.666999999999998,4.14328
6152002.0,34.891,24.5451,8.544789999999999
6160002.0,35.5087,24.3711,13.1965
6168002.0,36.2886,24.4424,17.7948
6176002.0,36.3188,24.5018,23.4762
6184002.0,36.5503,24.4464,27.3448
6192002.0,37.1832,24.5569,31.1457
6200002.0,37.5084,24.5602,35.0166
6208002.0,38.0444,24.8187,38.887
6216002.0,38.3124,25.0874,42.7836
6224002.0,39.2397,25.3083,47.1229
6232002.0,39.4801,25.3616,2.22284
6240002.0,40.4665,25.7458,7.2396899999999995
6248002.0,42.0393,26.0055,11.9535
6256002.0,43.8718,26.1814,16.5251
6264002.0,45.1502,26.006,19.8583
6272002.0,46.397,26.1891,23.7901
6280002.0,46.7106,26.0591,27.9997
6288002.0,47.2322,25.9696,32.6671
6296002.0,48.0005,26.2108,36.5785
6304002.0,49.1037,26.362,40.5939
6312002.0,1.08713,26.6319,44.7578
6320002.0,2.52979,26.6813,48.6858
6328002.0,4.1740699999999995,26.4967,3.23482
6336002.0,5.52517,26.6713,7.181360000000001
6344002.0,6.18269,26.3436,11.7175
6352002.0,6.51284,26.4235,16.3683
6360002.0,6.9713199999999995,26.4081,20.9793
6368002.0,7.30669,26.5698,25.6666
6376002.0,7.44918,26.4734,29.8453
6384002.0,7.73509,26.2818,34.001
6392002.0,8.2066,26.3448,37.4473
6400002.0,8.61331,26.2299,42.1538
6408002.0,9.07687,25.9178,46.6508
6416002.0,9.11595,25.3209,0.977505
6424002.0,9.338569999999999,25.6487,5.13861
6432002.0,9.48362,25.5094,9.28277
6440002.0,9.08264,25.5833,13.1309
6448002.0,9.95041,25.3013,16.749000000000002
6456002.0,11.7827,25.3703,20.1798
6464002.0,12.357000000000001,25.2767,23.7691
6472002.0,13.873,24.956,29.5311
6480002.0,14.575,24.5618,33.4224
6488002.0,15.065999999999999,24.4469,37.2294
6496002.0,15.5943,23.6589,41.3774
6504002.0,16.9831,23.8264,45.5927
6512002.0,17.4846,23.8476,0.1657
6520002.0,17.9429,24.409000000000002,4.04496
6528002.0,18.288,24.4403,8.50479
6536002.0,18.7012,24.1696,13.2408
6544002.0,19.2167,24.0446,16.4744
6552002.0,20.0563,24.0655,19.9411
6560002.0,21.0418,24.1985,23.9342
6568002.0,22.7771,25.175,27.4872
6576002.0,24.2867,24.8004,31.7184
6584002.0,25.5819,24.5565,36.3259
6592002.0,26.8956,24.4646,41.0351
6600002.0,28.3899,24.2149,44.7016
6608002.0,30.2289,24.7048,49.295
6616002.0,32.1081,24.9088,3.6425199999999998
6624002.0,34.2996,25.285,6.9847600000000005
6632002.0,36.83,25.2505,10.9907
6640002.0,37.2167,25.5596,15.6025
6648002.0,39.0558,26.4147,19.2362
6656002.0,40.7197,26.5605,23.1894
6664002.0,42.1322,26.6598,26.5526
6672002.0,44.1942,27.143,31.2991
6680002.0,45.6456,27.5212,35.8331
6688002.0,46.5603,27.8561,40.0065
6696002.0,48.5928,28.128,43.3557
6704002.0,0.589489,28.2708,47.8432
6712002.0,2.3872400000000003,27.9748,2.77113
6720002.0,4.560630000000001,27.9215,6.32978
6728002.0,6.0806,27.7653,10.4689
6736002.0,6.93855,27.7543,13.5769
6744002.0,7.49998,27.7124,18.0683
6752002.0,9.449489999999999,27.9475,22.8663
6760002.0,10.2304,27.9536,26.919
6768002.0,9.94759,28.1857,30.9889
6776002.0,9.888739999999999,28.0218,35.736
6784002.0,10.8543,27.9996,40.4712
6792002.0,11.4294,29.1801,44.6663
6800002.0,12.5445,29.6182,48.9157
6808002.0,13.0843,29.6839,4.08614
6816002.0,13.0621,29.2652,8.79823
6824002.0,14.3035,29.1907,13.8845
6832002.0,16.0409,29.1188,18.6262
6840002.0,17.0716,29.4916,24.4138
6848002.0,18.3624,29.6169,28.8033
6856002.0,19.0546,30.0062,33.145
6864002.0,19.9016,30.4243,37.169000000000004
6872002.0,20.3067,30.7186,41.6715
6880002.0,21.8842,29.9108,46.067
6888002.0,22.4142,29.9181,1.32702
6896002.0,23.6958,29.7776,4.75012
6904002.0,25.31,29.872,8.62914
6912002.0,27.7024,29.8176,13.7815
6920002.0,28.9635,29.5158,18.4109
6928002.0,30.9053,29.116,22.9866
6936002.0,31.3056,29.3316,25.8444
6944002.0,33.5763,29.3666,29.8705
6952002.0,37.1605,29.735,33.0969
6960002.0,38.9975,30.2857,35.6578
6968002.0,40.167,30.4856,39.5376
6976002.0,42.1941,30.814,43.7827
6984002.0,42.7121,30.8582,47.9135
6992002.0,44.2696,31.0956,2.88052
7000002.0,45.3188,31.0792,6.30596
7008002.0,47.3431,31.0111,10.025
7016002.0,48.1223,31.676,13.7616
7024002.0,47.9702,31.4271,18.4158
7032002.0,48.8973,32.0519,21.3006
7040002.0,0.0910319,31.8472,25.0641
7048002.0,1.2234200000000002,32.0316,29.0372
7056002.0,2.16305,32.0156,33.0497
7064002.0,3.8560000000000003,31.7672,37.2346
7072002.0,4.87082,31.9026,41.0501
7080002.0,5.4069199999999995,32.0667,45.0655
7088002.0,5.7932,32.1919,48.5144
7096002.0,6.05167,32.3214,1.85612
7104002.0,7.83317,32.8511,3.8898
7112002.0,6.92253,33.2326,8.882430000000001
7120002.0,10.0015,35.4125,12.5169
7128002.0,8.655569999999999,35.0244,18.3781
7136002.0,9.878960000000001,35.0191,22.8904
7144002.0,10.4562,34.6851,27.1977
7152002.0,11.5428,35.1586,31.6253
7160002.0,12.8693,35.4772,36.9356
7168002.0,14.1869,36.5672,41.6661
7176002.0,15.9378,37.7409,46.1275
7184002.0,16.3916,37.6963,1.09616
7192002.0,15.0871,37.2178,6.3879
7200002.0,16.2599,37.7351,10.9822
7204002.0,14.7374,37.4848,12.3541
7212002.0,17.2108,37.586,19.4581
7220002.0,18.0378,37.3171,23.6769
7228002.0,18.5924,36.7981,28.4234
7236002.0,19.2931,36.9052,33.0616
7244002.0,19.7323,37.0707,37.7247
7252002.0,19.910999999999998,37.0167,42.3781
7260002.0,20.6738,37.0845,47.0705
7268002.0,20.6461,37.1666,2.77579
7276002.0,21.4395,37.1326,7.111510000000001
7284002.0,21.5017,36.8132,12.6653
7292002.0,22.6403,36.7257,16.7533
7300002.0,24.0746,36.8077,21.7387
7308002.0,24.8453,36.7664,27.0
7316002.0,25.1777,37.35,30.4986
7324002.0,25.671,37.5711,34.4649
7332002.0,26.0039,37.7585,39.3055
7340002.0,26.5913,38.0115,43.3627
7348002.0,27.1982,38.5082,47.2357
7356002.0,27.8193,38.6657,1.28406
7364002.0,28.5273,39.2871,4.72472
7372002.0,28.9167,39.3811,9.162189999999999
7380002.0,28.7973,39.7679,13.0033
7388002.0,28.4663,40.0241,17.5566
7396002.0,28.701,40.274,21.7777
7404002.0,29.4612,40.4682,26.0324
7412002.0,29.9764,40.7511,30.6304
7420002.0,29.9513,40.9454,35.5449
7428002.0,30.3435,40.9734,40.3837
7436002.0,30.5093,40.8382,45.2612
7444002.0,30.8568,40.9886,0.738398
7452002.0,31.6003,41.2392,5.63428
7460002.0,31.6364,40.8972,10.5733
7468002.0,32.0373,41.0827,15.4859
7476002.0,32.51,40.9214,19.4422
7484002.0,32.7716,40.7896,24.0644
7492002.0,33.6723,41.0128,28.2127
7500002.0,33.9341,41.1818,33.0419
7508002.0,34.4651,41.2125,37.9248
7516002.0,34.3949,41.3006,43.2242
7524002.0,34.4422,41.2727,48.2016
7532002.0,34.6341,41.1527,3.5083
7540002.0,34.893,41.4281,8.472430000000001
7548002.0,35.0229,41.1671,12.1243
7556002.0,35.452,41.2991,17.2928
7564002.0,35.834,41.3145,21.8969
7572002.0,36.2411,41.4882,26.2097
7580002.0,36.6224,41.3597,31.4268
7588002.0,36.4514,41.3399,35.8672
7596002.0,36.7388,41.2904,40.4166
7604002.0,37.0474,41.2746,44.9914
7612002.0,37.3705,41.6955,0.483041
7620002.0,38.0517,41.8306,5.33378
7628002.0,38.1966,41.6148,9.470410000000001
7636002.0,38.9755,41.5331,13.5005
7644002.0,39.3373,41.5027,18.0928
7652002.0,39.8681,41.6824,22.4174
7660002.0,40.4247,41.3669,26.2344
7668002.0,41.8545,41.3625,31.533
7676002.0,42.4197,41.2063,36.2836
7684002.0,43.1575,40.9841,40.5186
7692002.0,44.8794,40.6822,45.4254
7700002.0,45.303999999999995,40.4359,49.4615
7708002.0,45.5035,40.1438,4.98266
7716002.0,46.4178,40.2991,9.277610000000001
7724002.0,46.7796,40.561,13.3137
7732002.0,47.4898,40.7015,18.0202
7740002.0,48.7064,40.689,22.5105
7748002.0,0.23879499999999998,41.0255,27.0005
7756002.0,1.09045,40.9742,31.2527
7764002.0,1.16855,41.0532,35.9901
7772002.0,1.1501700000000001,41.1081,40.6139
7780002.0,1.4068200000000002,41.2723,45.733999999999995
7788002.0,1.66723,41.3817,1.6996900000000001
7796002.0,1.82057,41.5316,6.94314
7804002.0,2.12344,41.3894,11.6227
7812002.0,2.4588799999999997,41.3176,16.6481
7820002.0,2.71223,41.1,21.6055
7828002.0,3.3399,40.9338,26.642
7836002.0,3.8431900000000003,41.1041,31.7203
7844002.0,4.209219999999999,41.0526,36.5472
7852002.0,3.84095,41.1846,41.24100000000001
7860002.0,3.57079,41.1731,46.1573
7868002.0,3.40279,41.0532,1.48637
7876002.0,3.73403,40.9863,6.15801
7884002.0,4.32792,40.723,10.6849
7892002.0,4.86679,40.8333,15.3503
7900002.0,5.13123,40.7908,20.3937
7908002.0,5.15141,40.6136,24.8997
7916002.0,4.86484,40.5859,29.9002
7924002.0,4.60815,40.8571,34.3324
7932002.0,4.69121,40.5929,39.2609
7940002.0,4.80882,40.5333,43.9091
7948002.0,4.99275,40.5492,48.5946
7956002.0,5.05681,40.6311,3.28632
7964002.0,5.14325,40.4329,7.630789999999999
7972002.0,5.26607,40.2947,12.1382
7980002.0,5.21434,40.0696,17.1981
7988002.0,5.23083,39.9598,21.55
7996002.0,5.19234,39.8987,25.9393
