2.0,32.0651,42.5185,1.25386
8002.0,35.7714,43.8624,5.72918
16002.0,37.5199,44.0207,9.86048
24002.0,37.6418,43.9576,14.8531
32002.0,37.9494,43.945,18.9451
40002.0,38.4487,43.8189,23.7456
48002.0,38.8687,43.6204,28.3139
56002.0,38.8244,43.3317,32.7227
64002.0,38.2831,43.5024,36.6833
72002.0,39.4092,43.0529,40.4532
80002.0,40.2516,43.1051,43.7
88002.0,40.9815,43.4008,48.6399
96002.0,41.506,43.4307,3.3289199999999997
104002.0,41.8885,43.183,7.35025
112002.0,41.6395,42.9709,10.0391
120002.0,42.0979,42.7823,13.8229
128002.0,42.7566,42.5934,18.4596
136002.0,42.6819,42.2126,22.9981
144002.0,42.8585,42.3515,27.2213
152002.0,43.1402,42.1833,31.4423
160002.0,45.6482,42.2221,35.6107
168002.0,46.0954,42.1449,40.2717
176002.0,45.7977,42.246,45.3505
184002.0,46.1874,42.0068,49.2287
192002.0,46.1014,42.2257,4.8842
200002.0,47.0122,42.4183,9.77396
208002.0,47.5502,42.0856,13.7302
216002.0,48.9037,42.2749,18.3441
224002.0,49.0,42.4347,23.1238
232002.0,0.270277,42.8809,28.1695
240002.0,0.913156,42.9503,32.8419
248002.0,1.37005,43.0545,37.5562
256002.0,2.55246,43.0046,42.6692
264002.0,3.62741,42.4313,48.0565
272002.0,4.39942,42.6207,3.5931699999999998
280002.0,4.59349,42.7127,8.31686
288002.0,5.61166,42.6502,13.6475
296002.0,6.1150400000000005,42.5622,17.9897
304002.0,7.00564,42.4654,22.4614
312002.0,8.27144,42.6406,26.4263
320002.0,9.72307,43.5906,31.4363
328002.0,11.2146,44.5859,37.8126
336002.0,12.1602,44.5033,42.0105
344002.0,12.1933,44.4765,46.9017
352002.0,12.4005,44.4619,1.39314
360002.0,12.3894,44.5246,6.4552
368002.0,12.7679,44.615,10.8379
376002.0,12.5696,44.6851,15.3979
384002.0,12.9787,44.6878,19.5912
392002.0,12.8916,44.7104,23.7153
400002.0,11.9813,44.5772,28.2474
408002.0,11.9586,44.6226,33.1626
416002.0,12.4643,44.4435,37.2512
424002.0,13.1528,44.552,42.1041
432002.0,13.5816,44.4083,46.2902
440002.0,13.7426,44.3098,1.7689400000000002
448002.0,13.5301,44.4262,6.18393
456002.0,13.6433,44.3866,10.5084
464002.0,14.0299,44.2256,14.0285
472002.0,14.7298,44.1553,19.2423
480002.0,15.3389,44.0746,24.3261
488002.0,15.7274,44.1469,28.9735
496002.0,16.4699,44.3109,33.8392
504002.0,16.395,44.251000000000005,38.7966
512002.0,16.5701,44.3144,43.721000000000004
520002.0,16.9106,44.3427,48.967
528002.0,17.1591,44.4577,4.55461
536002.0,18.1428,44.58,9.54089
544002.0,19.0907,44.4998,13.8757
552002.0,20.5096,44.2166,18.1504
560002.0,21.8256,43.949,22.396
568002.0,22.2674,43.9386,26.2815
576002.0,22.8315,43.9026,30.954
584002.0,22.8979,43.8503,35.9127
592002.0,23.7553,43.9735,40.4755
600002.0,24.2629,44.0034,45.2993
608002.0,24.6962,43.9651,0.334154
616002.0,25.1643,43.9557,4.90958
624002.0,25.1503,43.8168,10.0951
632002.0,25.05,44.0645,14.5247
640002.0,25.3704,44.0802,19.3449
648002.0,25.2507,44.1663,23.3954
656002.0,24.7994,44.1265,28.4011
664002.0,24.9875,44.1178,33.0004
672002.0,25.06,44.217,37.8719
680002.0,25.173000000000002,44.0379,42.3606
688002.0,25.0889,43.9243,47.4012
696002.0,25.1455,44.016999999999996,2.86308
704002.0,25.2511,43.9778,8.18961
712002.0,25.3752,44.0029,13.2619
720002.0,25.5095,44.1575,18.1668
728002.0,25.5721,44.2525,22.7492
736002.0,25.3106,44.0691,27.745
744002.0,25.2294,44.119,32.7443
752002.0,25.3793,44.1536,37.2684
760002.0,25.4438,44.0528,42.4484
768002.0,25.4325,44.0594,47.1281
776002.0,25.4448,44.0198,3.0117
784002.0,25.1741,44.105,7.33863
792002.0,25.4847,44.0226,11.8822
800002.0,25.445,43.9972,16.3952
808002.0,25.6236,43.7885,21.6501
816002.0,25.5134,43.8754,26.8179
824002.0,25.3299,44.0378,31.8112
832002.0,25.3311,44.2024,36.6049
840002.0,25.3385,44.1667,41.3568
848002.0,26.2093,43.9423,46.2211
856002.0,26.8699,43.9954,1.1846299999999998
864002.0,27.4161,44.2206,5.70487
872002.0,27.4496,44.4293,10.4339
880002.0,27.8966,44.2107,15.0441
888002.0,28.4573,44.086999999999996,20.2012
896002.0,29.0721,44.1011,24.5234
904002.0,29.6676,44.0502,29.3308
912002.0,29.9013,43.9033,33.7017
920002.0,30.3249,44.0904,38.4659
928002.0,30.5171,44.2148,43.3333
936002.0,30.5427,44.271,47.7643
944002.0,30.8096,44.5155,2.7258
952002.0,31.0364,44.5959,7.703460000000001
960002.0,31.1896,44.615,12.9041
968002.0,31.1694,44.7033,17.45
976002.0,31.1697,44.7999,22.1958
984002.0,31.4475,44.7626,27.186
992002.0,31.6071,44.957,31.5178
1000002.0,31.6143,45.2995,36.1093
1008002.0,31.9345,45.1928,40.6676
1016002.0,32.147,45.2112,45.6037
1024002.0,32.9682,45.1311,0.296622
1032002.0,33.5356,45.1543,4.94554
1040002.0,34.0322,44.8936,9.21906
1048002.0,34.3305,44.4624,13.9908
1056002.0,34.2724,44.3397,18.4757
1064002.0,34.6721,44.3092,23.2575
1072002.0,34.6659,44.5748,27.8845
1080002.0,34.6309,44.5782,32.628
1088002.0,34.4303,44.4895,37.2261
1096002.0,34.7613,44.4866,42.2572
1104002.0,34.5527,44.4599,46.8195
1112002.0,34.6804,44.4969,2.49132
1120002.0,34.7851,44.4175,7.26737
1128002.0,35.2436,44.2855,12.5372
1136002.0,35.5412,44.5386,17.3677
1144002.0,35.6397,44.35,21.8891
1152002.0,35.7762,44.1634,27.2607
1160002.0,35.7291,43.8951,32.0536
1168002.0,35.4283,43.4151,37.0707
1176002.0,35.2833,43.1203,42.2874
1184002.0,35.551,43.178000000000004,47.141000000000005
1192002.0,35.9661,43.8295,2.01479
1200002.0,36.3853,43.6742,6.71196
1208002.0,36.653,43.6414,11.6549
1216002.0,37.102,43.1116,15.9909
1224002.0,37.0916,43.1109,20.9148
1232002.0,37.6788,42.8857,25.9892
1240002.0,37.7772,43.2197,30.7
1248002.0,37.7052,43.2382,36.023
1256002.0,38.1815,43.1379,40.5343
1264002.0,38.3107,43.0486,45.3795
1272002.0,38.3179,42.7332,0.7034699999999999
1280002.0,38.8157,42.4598,5.49579
1288002.0,39.0037,42.0556,9.80424
1296002.0,38.872,41.8967,14.5225
1304002.0,38.6634,41.9084,19.5286
1312002.0,38.5873,42.0254,24.6161
1320002.0,39.5918,42.089,29.521
1328002.0,39.3362,42.026,34.1028
1336002.0,39.7043,41.8099,39.1028
1344002.0,39.7957,41.7594,43.803000000000004
1352002.0,40.4781,41.6398,49.3904
1360002.0,40.6398,41.6801,4.79031
1368002.0,40.7351,41.8031,9.77137
1376002.0,41.0541,42.0114,15.0711
1384002.0,41.0895,42.2198,19.8941
1392002.0,41.3388,42.0374,25.1992
1400002.0,42.0706,41.7903,30.5927
1408002.0,42.7367,41.5259,35.6736
1416002.0,43.1957,41.7954,40.7275
1424002.0,43.4734,41.8822,45.81
1432002.0,43.7701,41.7324,1.6696099999999998
1440002.0,44.821999999999996,41.8078,6.76368
1448002.0,45.1025,41.9428,11.501
1456002.0,45.6436,42.0135,16.4703
1464002.0,45.8852,41.9703,21.5126
1472002.0,46.3842,41.8143,26.4514
1480002.0,46.7668,41.6744,31.0803
1488002.0,46.5657,42.2006,35.4041
1496002.0,46.9088,42.0588,39.8038
1504002.0,46.6482,42.4457,44.9176
1512002.0,47.0649,42.4309,1.20801
1520002.0,47.7411,42.519,6.03161
1528002.0,48.1149,42.717,11.456
1536002.0,48.4597,42.6772,16.1996
1544002.0,49.1305,42.8832,20.9235
1552002.0,1.46318,42.5063,25.3929
1560002.0,2.19112,42.3781,31.0602
1568002.0,2.1372299999999997,42.2211,36.6499
1576002.0,2.2369,42.1289,41.598
1584002.0,2.40863,42.0154,46.8903
1592002.0,2.49077,42.0557,1.8635
1600002.0,2.92208,41.9893,6.57677
1608002.0,3.33721,41.68,11.6911
1616002.0,3.6091699999999998,41.6366,15.8269
1624002.0,3.9164800000000004,42.0713,20.2772
1632002.0,3.89802,42.088,25.2638
1640002.0,4.5234,41.6489,30.5604
1648002.0,4.78936,41.3985,35.3892
1656002.0,4.99788,41.5919,40.0796
1664002.0,5.04157,41.4758,45.0315
1672002.0,5.177980000000001,41.3706,0.081711
1680002.0,5.23489,41.5133,5.32682
1688002.0,5.26765,41.5387,9.65427
1696002.0,5.45996,41.4748,14.5132
1704002.0,5.26927,41.7224,19.5732
1712002.0,5.24425,41.5555,24.531
1720002.0,5.72659,41.5421,29.1334
1728002.0,5.98873,41.5444,33.5476
1736002.0,6.06834,41.5202,38.3516
1744002.0,6.20451,41.6285,42.8029
1752002.0,6.27904,40.6871,47.5669
1760002.0,6.2919,40.8923,2.8001099999999997
1768002.0,6.6092,40.7564,7.207039999999999
1776002.0,6.726939999999999,40.6202,12.2614
1784002.0,6.8282300000000005,40.891999999999996,16.4573
1792002.0,6.75311,40.774,21.3848
1800002.0,7.55165,40.8213,26.2533
1808002.0,7.48153,40.673,30.9204
1816002.0,8.01262,40.5838,35.4148
1824002.0,8.30326,40.3225,39.9974
1832002.0,8.56382,40.2412,44.5494
1840002.0,9.19256,40.5678,48.6041
1848002.0,9.3364,40.8211,3.9420300000000004
1856002.0,9.374889999999999,41.0365,8.37676
1864002.0,9.31456,41.2215,13.3441
1872002.0,10.0883,41.2621,17.6482
1880002.0,11.763,41.5771,22.7472
1888002.0,12.7928,41.6136,27.5034
1896002.0,13.3286,41.6216,32.4352
1904002.0,13.5448,41.3617,37.3264
1912002.0,13.5695,41.6259,42.0785
1920002.0,13.4597,41.4784,47.1186
1928002.0,14.263,41.4166,2.71276
1936002.0,14.3817,41.3696,7.411560000000001
1944002.0,14.4816,41.8438,12.6414
1952002.0,14.5117,41.6782,17.9293
1960002.0,14.7394,41.5921,23.548000000000002
1968002.0,14.8665,41.8316,28.2192
1976002.0,14.9646,42.0832,33.3674
1984002.0,15.2271,41.9866,38.6463
1992002.0,15.5487,41.5715,44.0309
2000002.0,15.6737,41.4805,48.6692
2008002.0,15.8305,41.4324,4.13465
2016002.0,16.0755,41.3893,8.96012
2024002.0,16.4573,41.6543,13.7949
2032002.0,16.784000000000002,42.1686,18.5804
2040002.0,18.1125,42.6097,23.5497
2048002.0,18.045,42.708,28.3213
2056002.0,18.1289,43.1257,32.7851
2064002.0,18.0562,43.1836,37.7101
2072002.0,18.3952,43.2868,42.5347
2080002.0,18.8595,43.431000000000004,47.0014
2088002.0,19.3027,43.5731,2.61373
2096002.0,19.4012,43.9302,8.0342
2104002.0,20.2613,43.9428,13.0208
2112002.0,21.595,43.8017,18.3321
2120002.0,22.3726,43.6675,23.5445
2128002.0,22.5535,43.7917,28.3162
2136002.0,23.1035,43.7372,33.1598
2144002.0,23.1934,43.867,38.1354
2152002.0,23.4879,43.8101,42.8779
2160002.0,23.9636,43.9998,47.8072
2168002.0,24.3497,44.2591,3.5723599999999998
2176002.0,24.2208,44.9597,8.64141
2184002.0,23.7295,45.0484,13.0589
2192002.0,23.4933,44.9243,17.8772
2200002.0,23.2267,44.9467,22.3192
2208002.0,23.0163,44.9474,26.5154
2216002.0,23.7424,44.7896,31.3586
2224002.0,23.6567,44.8349,36.7861
2232002.0,24.4272,45.1608,41.538999999999994
2240002.0,24.8621,45.0923,46.5854
2248002.0,25.36,45.4915,1.9620799999999998
2256002.0,25.1375,45.2475,6.6176
2264002.0,25.1506,45.313,11.3152
2272002.0,24.741999999999997,45.2223,16.2643
2280002.0,25.0831,45.3374,21.3375
2288002.0,25.1908,45.2669,26.3346
2296002.0,25.7182,45.1691,31.9154
2304002.0,26.1064,45.4452,36.5
2312002.0,26.0595,45.5557,41.2647
2320002.0,27.0093,45.5626,46.1064
2328002.0,27.9128,45.6862,1.2998299999999998
2336002.0,27.9477,45.7068,6.2278
2344002.0,27.8701,45.9345,11.3528
2352002.0,28.0043,45.8831,16.3218
2360002.0,28.3422,46.0877,21.1948
2368002.0,28.6139,45.9725,26.2643
2376002.0,28.8539,45.8887,31.0333
2384002.0,28.8927,45.9983,35.8996
2392002.0,28.7362,45.9886,40.8294
2400002.0,28.7298,45.9289,46.0918
2408002.0,28.8035,45.9551,1.52326
2414002.0,28.7801,45.9116,5.27008
2422002.0,29.6089,45.927,10.6709
2430002.0,31.7126,45.918,15.8355
2438002.0,33.2252,46.2759,20.4405
2446002.0,33.8862,46.7878,24.9371
2454002.0,33.9499,46.6616,30.2293
2462002.0,34.2589,46.8827,35.4926
2470002.0,35.1985,46.9843,40.0432
2478002.0,35.3202,46.8921,45.0773
2486002.0,35.7992,46.6529,0.297649
2494002.0,36.8697,46.9548,4.71127
2502002.0,37.0297,46.9142,9.68626
2510002.0,37.9996,46.8591,14.5319
2518002.0,38.1049,46.9075,19.313
2526002.0,39.5871,46.9009,23.2026
2534002.0,40.2919,46.4741,27.8
2542002.0,40.5705,46.5953,32.9123
2550002.0,41.2707,46.4054,37.7711
2558002.0,41.8723,46.5729,41.8213
2566002.0,42.4857,46.6607,45.961000000000006
2574002.0,44.2171,46.5596,0.555723
2582002.0,44.5351,46.3116,4.38679
2590002.0,45.8204,46.5288,9.36139
2598002.0,47.5916,46.4569,14.7813
2606002.0,47.8095,46.3638,19.7042
2614002.0,49.3117,46.4098,24.7515
2622002.0,49.4997,46.5925,29.7628
2630002.0,0.404488,46.5453,34.6165
2638002.0,1.38658,46.5777,39.3635
2646002.0,1.97853,46.4433,44.2351
2654002.0,1.7954299999999999,46.4493,49.2426
2662002.0,1.6399700000000001,46.6603,4.0343599999999995
2670002.0,1.78588,46.6782,9.02471
2678002.0,2.90415,46.6887,13.8393
2686002.0,4.0852699999999995,46.8367,18.9074
2694002.0,4.9981599999999995,46.4,23.1585
2702002.0,5.02334,46.5243,27.7415
2710002.0,5.50625,46.1535,32.5752
2718002.0,5.6701,46.1027,37.0934
2726002.0,6.275530000000001,46.531000000000006,41.5743
2734002.0,7.11804,46.6703,46.6205
2742002.0,8.91685,46.7721,1.98203
2750002.0,9.87778,46.8262,6.68385
2758002.0,10.7199,46.7296,11.4417
2766002.0,11.1671,46.7456,16.607
2774002.0,11.2018,46.7504,21.4113
2782002.0,11.3719,46.6544,26.241999999999997
2790002.0,11.5469,46.4474,30.9658
2798002.0,11.8447,46.8104,35.5416
2806002.0,12.0879,46.7175,40.8126
2814002.0,12.5288,46.2565,46.0082
2822002.0,12.6152,46.7896,1.44337
2830002.0,12.7068,46.95,6.02206
2838002.0,13.3007,46.8889,11.1713
2846002.0,14.6825,46.8251,15.2181
2854002.0,15.6413,46.8073,19.7251
2862002.0,16.7462,46.5655,25.1308
2870002.0,16.927,46.6595,28.6788
2878002.0,17.1578,46.7388,34.1174
2886002.0,17.0795,46.6413,38.2155
2894002.0,17.6056,46.2797,42.8929
2902002.0,18.1186,46.3052,48.7336
2910002.0,18.3536,46.3084,3.90666
2918002.0,18.5362,46.5727,9.19887
2926002.0,18.7594,46.3892,14.4638
2934002.0,18.8405,46.4867,19.8439
2942002.0,18.984,46.5029,24.8661
2950002.0,18.9952,46.5563,29.6844
2958002.0,18.9206,46.8287,34.652
2966002.0,19.004,46.913000000000004,39.4784
2974002.0,18.8568,46.933,44.1973
2982002.0,18.9269,46.8739,49.4039
2990002.0,19.2157,46.907,5.20868
2998002.0,19.5088,46.7476,10.1908
3006002.0,19.7479,46.82899999999999,15.2721
3014002.0,19.4595,46.9948,20.4032
3022002.0,19.2167,47.1041,25.3914
3030002.0,18.7744,47.3661,31.1126
3038002.0,18.8596,47.3733,35.9957
3046002.0,18.8773,47.3833,41.2322
3054002.0,19.2605,47.4673,46.1847
3062002.0,19.1734,47.5138,1.99115
3070002.0,19.6061,47.4688,7.11723
3078002.0,18.1362,47.6059,11.9504
3086002.0,18.215999999999998,47.254,17.5522
3094002.0,19.2585,47.418,23.7133
3102002.0,19.7444,47.5367,27.8072
3110002.0,19.7111,47.4487,32.5349
3118002.0,20.0378,47.4762,37.586
3126002.0,20.0244,47.6101,42.5549
3134002.0,19.8855,47.6118,47.5725
3142002.0,19.5828,47.3396,2.89889
3150002.0,20.5027,47.2154,7.652239999999999
3158002.0,21.5619,47.1456,12.3691
3166002.0,22.1347,47.1732,17.2014
3174002.0,22.2278,47.1691,21.6899
3182002.0,22.6986,47.1298,26.9912
3190002.0,23.3538,47.5323,31.5207
3198002.0,24.3395,47.4466,36.0404
3206002.0,24.9637,47.3764,40.2068
3214002.0,25.4008,47.2569,45.1256
3222002.0,26.0049,47.2883,0.8229270000000001
3230002.0,26.49,47.2122,5.54651
3238002.0,26.7392,47.2566,10.3987
3246002.0,27.2996,47.1751,15.07
3254002.0,27.2714,47.2668,19.7241
3262002.0,28.0293,47.0332,23.8292
3270002.0,28.3086,46.7403,29.0788
3278002.0,28.436999999999998,47.3072,33.2483
3286002.0,28.5886,47.5225,37.7704
3294002.0,28.9709,47.618,42.4627
3302002.0,28.8769,47.5975,47.3468
3310002.0,28.967,47.6552,2.36686
3318002.0,29.5591,47.5152,6.8328
3326002.0,30.4553,47.5691,11.8331
3334002.0,32.8859,46.574,17.0807
3342002.0,33.0612,46.7709,22.033
3350002.0,33.2137,46.6154,26.2192
3358002.0,34.7659,46.8558,31.1323
3366002.0,36.6325,46.8807,36.1882
3374002.0,36.6972,47.5831,41.0074
3382002.0,37.4283,47.6092,45.7979
3390002.0,39.5233,47.7597,0.502506
3398002.0,39.3736,47.3061,5.9928300000000005
3406002.0,39.4832,47.523999999999994,10.7397
3414002.0,41.0205,47.6961,15.8613
3422002.0,42.8122,47.7217,20.6205
3430002.0,44.2206,47.3539,24.8019
3438002.0,44.0619,47.3894,29.705
3446002.0,44.2733,47.3985,34.277
3454002.0,44.2697,47.5207,39.1914
3462002.0,43.9188,47.5502,43.8564
3470002.0,44.1774,47.5189,48.6079
3478002.0,44.4864,47.5069,3.9678400000000003
3486002.0,44.6061,47.5295,8.55232
3494002.0,44.6593,47.5263,13.4189
3502002.0,44.5899,47.5654,18.5256
3510002.0,44.5901,47.6229,23.5325
3518002.0,44.6464,47.574,28.4645
3526002.0,44.6091,47.5046,33.4266
3534002.0,44.6468,47.4777,38.394
3542002.0,44.2285,47.3088,43.4947
3550002.0,44.3285,47.2204,48.2764
3558002.0,44.251999999999995,47.1852,3.71958
3566002.0,44.275,47.2856,8.48895
3574002.0,44.4103,47.1955,13.6774
3582002.0,44.4148,47.1777,19.0251
3590002.0,44.8849,47.0614,23.609
3598002.0,45.1709,46.8747,28.81
3606002.0,45.7167,46.8932,33.7058
3614002.0,46.044,46.9298,38.6361
3622002.0,46.34,46.9213,43.4705
3630002.0,46.8204,46.9029,48.2424
3638002.0,46.9131,47.0199,3.84499
3646002.0,47.2716,47.0907,8.64232
3654002.0,47.3356,47.2351,13.5089
3662002.0,47.5032,47.2916,18.607
3670002.0,47.5421,47.4489,23.4096
3678002.0,47.7743,47.45,28.6477
3686002.0,48.1584,47.3919,33.4148
3694002.0,48.2481,47.3002,38.5771
3702002.0,48.4282,47.2314,43.4927
3710002.0,48.5514,47.2272,48.4514
3718002.0,48.8056,47.1847,4.003430000000001
3726002.0,48.751000000000005,47.1527,8.97315
3734002.0,48.9112,47.1662,14.0005
3742002.0,49.0169,47.2272,18.7397
3750002.0,49.1252,47.2037,23.733
3758002.0,0.28792199999999996,47.2807,27.997
3766002.0,1.04494,47.3296,32.2806
3774002.0,1.90147,47.3396,37.1514
3782002.0,2.1577599999999997,47.3215,41.715
3790002.0,2.39385,47.4982,46.8362
3798002.0,2.46318,47.519,2.4034
3806002.0,2.79142,47.5504,6.8644
3814002.0,3.7387699999999997,47.5278,11.8467
3822002.0,4.62022,47.5207,16.5385
3830002.0,4.454619999999999,47.5329,21.7494
3838002.0,4.55227,47.5126,26.7626
3846002.0,4.45595,47.4612,31.9112
3854002.0,4.45134,47.544,37.1426
3862002.0,4.3109,47.6941,42.2696
3870002.0,4.37558,47.7583,47.2786
3878002.0,4.32059,47.6087,2.65192
3886002.0,4.21526,47.5285,7.28344
3894002.0,4.61645,47.4908,12.0119
3902002.0,5.152880000000001,47.4603,16.9717
3910002.0,5.6555,47.4849,22.1053
3918002.0,6.67173,47.4622,27.1803
3926002.0,8.019060000000001,47.4874,31.801
3934002.0,8.81944,47.5324,36.891
3942002.0,9.32152,47.4299,41.7874
3950002.0,9.52488,47.4722,46.3644
3958002.0,9.74993,47.3852,1.9675900000000002
3966002.0,10.5253,47.3104,6.97818
3974002.0,10.9774,47.5864,12.3144
3982002.0,11.2369,47.5052,17.7362
3990002.0,11.4379,47.4827,22.6235
3998002.0,12.0772,47.5696,27.1788
4006002.0,12.5807,47.482,32.2268
4014002.0,13.3897,47.4753,37.2262
4022002.0,13.4783,47.4555,42.1636
4030002.0,13.6926,47.2808,47.0341
4038002.0,13.8997,47.1673,2.17572
4046002.0,15.0239,46.9573,6.49394
4054002.0,15.2979,46.7549,11.1728
4062002.0,16.0499,46.6916,16.0598
4070002.0,16.2283,46.6903,20.4739
4078002.0,16.2023,46.7386,25.4588
4086002.0,16.6791,46.8425,30.239
4094002.0,17.0339,46.77,34.499
4102002.0,17.2428,46.6381,39.0344
4110002.0,17.3651,46.6283,43.5193
4118002.0,17.7014,46.4646,48.3402
4126002.0,18.0588,46.4587,3.71196
4134002.0,18.5304,46.06,8.29349
4142002.0,18.9612,46.0694,12.7053
4150002.0,19.5989,46.2253,17.9363
4158002.0,19.942,46.1499,22.9361
4166002.0,20.2852,46.1168,27.9085
4174002.0,21.348000000000003,46.082,33.1367
4182002.0,21.3365,46.3423,37.858000000000004
4190002.0,21.9786,45.8537,42.882
4198002.0,22.535,45.5411,48.0351
4206002.0,22.8791,45.5544,3.37515
4214002.0,23.3307,45.8435,8.55728
4222002.0,23.461,46.155,14.3516
4230002.0,24.7172,46.375,19.6109
4238002.0,25.8164,46.5867,24.6887
4246002.0,26.1803,46.869,30.7088
4254002.0,27.0775,47.0522,36.1343
4262002.0,26.6995,47.1633,41.3644
4270002.0,26.8899,47.2612,46.8624
4278002.0,27.8569,47.3653,2.87422
4286002.0,28.0589,47.6646,8.24264
4294002.0,28.5733,47.692,13.5126
4302002.0,29.018,47.536,18.3595
4310002.0,29.2847,47.4464,23.3769
4318002.0,29.1577,47.5045,28.4041
4326002.0,29.1081,47.3799,33.4225
4334002.0,29.4301,47.3866,38.1141
4342002.0,29.7855,47.395,43.1516
4350002.0,30.174,47.4078,48.4015
4358002.0,30.3489,47.4346,3.8892
4366002.0,30.169,47.4718,8.317739999999999
4374002.0,30.0275,47.1801,13.3226
4382002.0,30.2758,47.1559,18.3294
4390002.0,30.4288,47.3551,23.6361
4398002.0,30.734,47.5324,29.2139
4406002.0,30.9332,47.5255,34.3203
4414002.0,31.223000000000003,47.5879,39.2041
4422002.0,31.1429,47.4833,44.2793
4430002.0,31.3372,47.3391,49.2266
4438002.0,31.3814,47.3562,4.8381099999999995
4446002.0,31.4504,47.3428,9.71221
4454002.0,31.6634,47.6679,14.8331
4462002.0,31.6374,47.7959,19.8813
4470002.0,32.0118,47.5404,24.6105
4478002.0,32.3549,47.1116,29.3596
4486002.0,32.955,47.2916,34.3987
4494002.0,33.0716,47.3667,39.6164
4502002.0,33.0553,47.3066,44.8306
4510002.0,32.8689,46.9849,0.0916293
4518002.0,33.025999999999996,47.152,4.5915099999999995
4526002.0,33.2587,47.2313,9.536389999999999
4534002.0,33.5731,47.2299,14.4447
4542002.0,33.5811,47.2459,19.2652
4550002.0,33.9434,47.3187,24.0143
4558002.0,34.2424,47.1642,28.7489
4566002.0,33.8382,47.2055,33.681
4574002.0,34.6664,47.3538,38.9174
4582002.0,35.679,47.1774,43.9234
4590002.0,36.964,47.0115,48.6146
4598002.0,38.0083,46.9617,4.0474
4606002.0,38.6543,46.9026,8.63689
4614002.0,39.9218,46.9289,13.1469
4622002.0,40.1471,47.1179,17.6887
4630002.0,40.2459,46.8746,22.1614
4638002.0,40.3889,46.6331,26.7813
4646002.0,40.0426,46.3449,31.4285
4654002.0,40.0148,46.4063,36.0503
4662002.0,40.9149,46.5902,40.715
4670002.0,40.9945,46.7635,45.3174
4678002.0,40.9885,46.7687,0.656985
4686002.0,41.4556,46.5598,5.28522
4694002.0,41.8795,46.8815,10.1176
4702002.0,41.8124,46.5065,14.1523
4710002.0,42.555,46.3814,17.8717
4718002.0,42.2644,46.2629,21.9621
4726002.0,42.3577,46.4265,26.7261
4734002.0,42.7179,46.2917,31.271
4742002.0,42.7269,46.1167,35.9957
4750002.0,42.861000000000004,46.5247,40.1697
4758002.0,42.8568,46.5187,44.6239
4760002.0,42.8774,46.4863,45.7478
4768002.0,41.7638,46.8004,1.20814
4776002.0,40.997,48.2042,5.04623
4784002.0,43.2441,47.7881,10.7351
4792002.0,44.7604,47.6051,17.5725
4800002.0,45.9942,47.415,23.4569
4808002.0,46.1562,47.138999999999996,27.8393
4816002.0,47.1266,47.4367,32.3934
4824002.0,48.4349,47.5261,36.4386
4832002.0,0.443704,47.6343,41.4849
4840002.0,1.26715,47.4984,46.5796
4848002.0,2.2380299999999997,47.666000000000004,1.99112
4856002.0,3.6512599999999997,47.6721,7.40862
4864002.0,3.72946,47.7047,12.7117
4872002.0,5.54873,47.7113,17.9209
4880002.0,5.10192,47.707,22.8049
4888002.0,5.10093,47.7298,26.9816
4896002.0,6.4002,47.6516,31.4618
4904002.0,7.0914,47.6443,35.8239
4912002.0,6.807930000000001,47.5735,40.0669
4920002.0,7.7175199999999995,47.5647,44.7822
4928002.0,8.67582,47.5227,49.1503
4936002.0,9.37248,47.3644,4.55933
4944002.0,9.69005,47.3786,9.46672
4952002.0,9.669939999999999,47.5387,14.3817
4960002.0,9.787889999999999,47.5615,19.395
4968002.0,10.0799,47.532,24.0987
4976002.0,10.283,47.4821,28.9
4984002.0,10.8394,47.5873,34.0956
4992002.0,11.6246,47.3626,38.1988
5000002.0,12.5469,47.5259,43.3829
5008002.0,12.9095,47.6396,48.3965
5016002.0,13.5579,47.5965,3.17477
5024002.0,13.8329,47.646,7.737589999999999
5032002.0,14.6138,47.6642,12.8028
5040002.0,15.2049,47.7178,17.7866
5048002.0,15.1526,47.7042,22.756
5056002.0,15.8684,47.7195,27.7692
5064002.0,17.3928,47.6547,32.8334
5072002.0,18.0569,47.4264,37.7952
5080002.0,19.0772,47.6222,42.5616
5088002.0,19.9086,47.6626,47.2594
5096002.0,21.2538,47.633,3.10228
5104002.0,22.1498,47.6107,8.43946
5112002.0,22.7295,47.6137,13.9748
5120002.0,22.8785,47.703,19.4205
5128002.0,23.1089,47.7295,25.0071
5136002.0,23.2566,47.5763,30.1345
5144002.0,23.5246,47.653999999999996,35.4825
5152002.0,23.7273,47.6178,40.3978
5160002.0,24.4482,47.835,45.5887
5168002.0,23.5175,47.7513,2.0676099999999997
5176002.0,23.6254,47.7205,7.07119
5184002.0,23.5051,47.8016,12.1191
5192002.0,24.1465,47.7152,16.9342
5200002.0,24.6984,47.3447,22.3619
5208002.0,24.6114,46.2615,28.7029
5216002.0,24.2457,46.3712,32.8913
5224002.0,24.7657,46.708,37.6759
5232002.0,25.1991,46.7674,42.229
5240002.0,26.0187,46.7824,46.7267
5248002.0,24.355,46.6548,1.1647299999999998
5256002.0,22.643,46.8711,4.71706
5264002.0,23.8274,46.3909,8.47322
5272002.0,25.105999999999998,46.1402,10.959000000000001
5280002.0,26.6321,46.0986,15.7318
5288002.0,26.8738,46.3263,20.5569
5296002.0,27.3651,46.3649,25.211
5304002.0,28.1032,46.1328,30.5848
5312002.0,29.7321,46.0699,35.6859
5320002.0,29.7334,46.1056,40.3289
5328002.0,30.1713,45.8901,45.6193
5336002.0,30.8796,45.9563,1.08111
5344002.0,31.7621,46.1766,5.54709
5352002.0,31.9404,46.1778,10.6029
5360002.0,32.8142,46.4969,14.9823
5368002.0,33.0858,46.428000000000004,20.2014
5376002.0,33.1996,46.4573,25.013
5384002.0,33.9591,46.5391,29.5727
5392002.0,34.0154,46.3434,33.6143
5400002.0,34.4898,46.5492,38.4612
5408002.0,34.4777,46.5421,43.1693
5416002.0,35.1151,46.4094,48.2664
5424002.0,35.3699,46.325,2.9574700000000003
5432002.0,35.1028,46.5038,6.5816
5440002.0,35.7168,46.3691,5.65268
5448002.0,33.5994,46.9939,10.5012
5456002.0,35.1335,46.3884,16.1702
5464002.0,38.7403,39.0806,19.8106
5472002.0,36.3243,39.9087,29.6671
5480002.0,36.5194,40.5168,34.6345
5488002.0,36.8697,43.8709,36.3588
5496002.0,36.7799,44.2986,40.622
5504002.0,37.1767,44.5536,45.9463
5512002.0,38.3408,44.5402,0.537284
5520002.0,38.9547,43.4881,5.39507
5528002.0,39.8356,43.762,9.84596
5536002.0,40.4836,43.9212,14.8677
5544002.0,40.8609,43.595,19.6166
5552002.0,41.1419,43.5652,24.285
5560002.0,42.1643,43.3976,29.2872
5568002.0,42.7398,43.2773,33.4584
5576002.0,43.1389,43.1562,37.7554
5584002.0,44.0192,43.0719,43.1353
5592002.0,44.1262,43.1539,47.9284
5600002.0,44.055,43.1242,3.37811
5608002.0,44.317,43.006,8.0505
5616002.0,44.7761,43.0931,13.0029
5624002.0,45.2717,43.1732,17.8828
5632002.0,46.1784,43.2806,23.0128
5640002.0,48.2927,43.082,28.3665
5648002.0,0.08657970000000001,43.3737,34.4971
5656002.0,0.684756,43.6859,40.0094
5664002.0,1.16765,43.855,44.846000000000004
5672002.0,1.43497,43.9033,0.347252
5680002.0,1.7634599999999998,43.8297,5.39882
5688002.0,1.89353,43.9194,10.3436
5696002.0,2.20561,44.0035,14.9819
5704002.0,2.52015,44.0397,20.1796
5712002.0,2.78784,44.0534,24.8439
5720002.0,2.8652900000000003,44.0047,29.8198
5728002.0,2.8423599999999998,44.0373,34.6261
5736002.0,2.92849,44.003,39.6123
5744002.0,3.18233,43.9114,44.5867
5752002.0,3.8799699999999997,43.9112,49.4072
5760002.0,4.58936,44.0649,4.35794
5768002.0,5.89768,44.187,9.612689999999999
5776002.0,7.22616,44.3696,14.4091
5784002.0,7.6102300000000005,44.5156,19.721
5792002.0,8.11143,44.3497,24.4954
5800002.0,8.774610000000001,44.3337,29.7508
5808002.0,9.47752,44.2199,34.7596
5816002.0,11.1352,44.0353,39.5478
5824002.0,11.7564,44.0393,43.7753
5832002.0,11.9531,44.1841,48.2265
5840002.0,12.610999999999999,44.0259,3.49312
5848002.0,13.9219,44.1539,8.22167
5856002.0,14.6754,44.1294,13.3003
5864002.0,15.6616,44.151,17.8715
5872002.0,16.2702,43.9218,22.7623
5880002.0,16.4284,44.2471,27.7539
5888002.0,17.2831,44.4237,33.094
5896002.0,17.8768,44.2775,37.9356
5904002.0,18.7087,44.7332,43.0105
5912002.0,19.147000000000002,44.9118,47.652
5920002.0,20.0224,45.0344,3.45171
5928002.0,20.8375,45.0421,8.27537
5936002.0,21.2601,45.1984,13.5997
5944002.0,21.6834,45.2452,18.4576
5952002.0,21.7402,45.4003,23.2905
5960002.0,21.834,45.5949,28.1352
5968002.0,22.2172,46.0786,32.8062
5976002.0,22.1961,46.0763,37.5527
5984002.0,22.3344,46.1254,42.6305
5992002.0,22.42,46.1205,47.7645
6000002.0,22.5891,46.0741,3.36311
6008002.0,22.8743,46.0412,8.1203
6016002.0,22.9239,46.0416,12.3417
6024002.0,22.9744,46.08,17.4881
6032002.0,23.2981,46.1488,22.3591
6040002.0,23.2534,46.2901,26.78
6048002.0,23.2326,46.4157,31.791999999999998
6056002.0,23.5444,46.6441,36.7713
6064002.0,23.7406,46.7938,41.5981
6072002.0,23.7729,46.8215,46.2005
6080002.0,23.8686,46.9176,1.85965
6088002.0,23.5101,47.5286,7.209289999999999
6096002.0,23.7573,47.5954,11.8995
6104002.0,23.889,47.617,16.8419
6112002.0,24.2146,47.6753,21.8473
6120002.0,24.5945,47.7096,26.4699
6128002.0,24.5135,47.7338,31.6846
6136002.0,24.5349,47.6865,36.7352
6144002.0,24.649,47.6586,41.7612
6152002.0,24.7038,47.5943,46.7366
6160002.0,24.7442,47.5818,2.38917
6168002.0,24.8173,47.5424,7.3582
6176002.0,24.8849,47.5388,12.5065
6184002.0,24.9736,47.5326,17.4425
6192002.0,25.0343,47.4496,22.4997
6200002.0,25.1013,47.391999999999996,27.4646
6208002.0,25.0288,47.4611,32.9395
6216002.0,25.0532,47.5634,37.8901
6224002.0,24.9868,47.5876,42.8184
6232002.0,25.2316,47.6262,47.8599
6240002.0,25.7765,47.4717,3.5796
6248002.0,26.9146,47.4411,8.48432
6256002.0,28.011,47.5634,13.3799
6264002.0,28.5897,47.5794,18.3385
6272002.0,29.2688,47.6206,23.2285
6280002.0,29.4921,47.6381,27.9938
6288002.0,29.6411,47.551,32.8061
6296002.0,30.0655,47.6149,37.8239
6304002.0,30.9166,47.3986,42.9585
6312002.0,31.6397,47.2013,47.7697
6320002.0,32.7196,47.0045,3.33625
6328002.0,33.7172,46.8966,8.37803
6336002.0,34.1368,46.6015,13.3247
6344002.0,34.202,46.6699,18.0829
6352002.0,34.1474,46.6091,23.0483
6360002.0,34.7783,46.5858,27.8823
6368002.0,35.4887,46.635,32.9009
6376002.0,35.7038,46.6732,37.7621
6384002.0,35.6796,46.7445,42.6675
6392002.0,35.7506,46.4897,47.6235
6400002.0,35.8393,46.4347,3.16597
6408002.0,36.0315,46.4203,8.15136
6416002.0,36.0343,46.3254,13.0516
6424002.0,36.0307,46.3124,17.9547
6432002.0,36.2239,46.3077,23.2312
6440002.0,36.0997,46.3309,28.0101
6448002.0,35.9599,46.3014,32.946
6456002.0,36.1867,46.3367,37.7402
6464002.0,37.1494,46.2549,42.7432
6472002.0,37.756,46.1232,48.3484
6480002.0,38.0854,45.953,3.70019
6488002.0,38.3442,45.9519,8.5782
6496002.0,38.2627,46.0369,13.5156
6504002.0,38.8073,46.0674,18.4469
6512002.0,39.0842,46.0105,23.4339
6520002.0,38.9216,45.8385,27.5023
6528002.0,39.0282,45.842,31.5231
6536002.0,39.7807,45.3276,36.7431
6544002.0,40.315,45.3913,41.9962
6552002.0,40.2606,45.3983,46.74100000000001
6560002.0,40.7218,45.4351,2.47802
6568002.0,41.3654,45.2134,6.8224100000000005
6576002.0,41.6189,44.9802,12.2303
6584002.0,41.9026,45.0041,17.8176
6592002.0,42.6634,45.0189,23.3216
6600002.0,43.5058,44.9919,28.291
6608002.0,43.9444,44.8967,33.5003
6616002.0,44.545,44.799,38.1787
6624002.0,46.3245,44.8713,42.7244
6632002.0,47.7189,44.757,47.9047
6640002.0,48.2741,44.74,3.42651
6648002.0,49.1189,45.1163,8.32887
6656002.0,0.5866399999999999,45.2735,12.929
6664002.0,1.08758,45.5281,17.1293
6672002.0,2.1586,45.6579,22.4748
6680002.0,2.67823,46.0654,27.8494
6688002.0,2.90775,46.3828,33.2001
6696002.0,4.1067,46.3411,37.5845
6704002.0,4.85506,46.2985,42.1683
6712002.0,5.2447099999999995,46.2954,46.6529
6720002.0,6.34627,46.5817,2.14121
6728002.0,7.26832,46.2787,6.7117
6736002.0,8.18102,46.2411,11.5239
6744002.0,8.33953,46.1397,17.0473
6752002.0,9.51962,46.7678,22.6003
6760002.0,9.942269999999999,46.9408,27.9339
6768002.0,9.870389999999999,46.9596,33.0272
6776002.0,9.6358,47.0798,37.9334
6784002.0,9.90208,47.2472,42.6751
6792002.0,9.9055,47.2838,47.1225
6800002.0,10.6296,47.7338,2.25407
6808002.0,10.6725,47.5952,6.49833
6816002.0,10.7987,47.408,11.3797
6824002.0,11.4758,47.3312,16.4751
6832002.0,12.6983,47.2396,21.3524
6840002.0,12.7746,47.1816,26.4188
6848002.0,13.2329,47.1883,31.5077
6856002.0,13.4989,47.2326,36.4642
6864002.0,14.1749,47.4473,41.4014
6872002.0,14.3939,47.6375,46.6448
6880002.0,14.5421,47.6717,1.9341700000000002
6888002.0,15.1684,47.6936,6.972410000000001
6896002.0,15.3501,47.5906,11.8552
6904002.0,15.924000000000001,47.5642,16.8397
6912002.0,16.9514,47.6652,21.871
6920002.0,17.2686,47.6749,26.8759
6928002.0,17.9513,47.669,31.5749
6936002.0,18.076,47.7517,36.3707
6944002.0,18.4863,47.7974,40.8831
6952002.0,19.602999999999998,47.7885,45.9015
6960002.0,20.4733,47.778,0.755066
6968002.0,20.6375,47.7907,5.1801900000000005
6976002.0,21.9192,47.318999999999996,9.7446
6984002.0,22.008000000000003,47.6699,14.6004
6992002.0,22.5352,47.607,19.2828
7000002.0,22.645,47.7424,24.1108
7008002.0,23.3497,47.6083,29.2029
7016002.0,23.8494,47.6165,34.0709
7024002.0,23.7838,47.5673,38.7406
7032002.0,24.109,47.5211,43.6098
7040002.0,24.609,47.3687,48.0806
7048002.0,24.9775,47.3178,3.26694
7056002.0,25.6696,47.2666,8.42152
7064002.0,26.3881,47.2184,12.9044
7072002.0,26.9002,47.5138,17.4464
7080002.0,27.5737,47.6616,22.1532
7088002.0,27.7109,47.5965,27.1607
7096002.0,27.5224,46.9604,31.6091
7104002.0,27.3759,46.9395,35.6702
7112002.0,27.4611,47.1121,40.3777
7120002.0,28.0225,46.9117,45.5897
7128002.0,28.8929,46.8544,0.545944
7136002.0,29.7904,46.9504,5.09813
7144002.0,29.9211,46.9788,10.0662
7152002.0,29.8411,46.836999999999996,15.3092
7160002.0,30.1555,46.6657,20.7884
7168002.0,30.2678,46.6151,25.8506
7176002.0,30.8828,46.2571,31.0943
7184002.0,31.5151,46.4843,35.9315
7192002.0,31.3274,46.4553,40.8203
7200002.0,32.0806,46.5932,46.1233
7204002.0,31.9752,46.5537,48.46
7212002.0,33.0924,45.5621,5.53694
7220002.0,33.8433,45.543,9.778960000000001
7228002.0,33.9764,46.0575,14.4656
7236002.0,34.3462,46.2283,18.8354
7244002.0,34.6373,47.1834,22.9485
7252002.0,35.3187,47.2966,27.5453
7260002.0,35.7114,47.5054,32.1292
7268002.0,35.584,47.4395,37.2375
7276002.0,36.4045,47.2731,42.1513
7284002.0,35.8968,47.7818,46.888999999999996
7292002.0,35.9022,47.3211,2.85679
7300002.0,36.7432,47.1022,7.780930000000001
7308002.0,36.8193,46.9415,13.2784
7316002.0,36.7096,46.7537,17.6332
7324002.0,36.0206,46.3071,22.7887
7332002.0,36.529,46.4113,27.4128
7340002.0,36.6315,46.4152,32.398
7348002.0,36.454,46.3127,37.2284
7356002.0,36.7026,46.4038,41.3663
7364002.0,37.6707,46.2463,45.4485
7372002.0,37.928000000000004,46.4662,0.9682069999999999
7380002.0,37.8543,46.556999999999995,5.33001
7388002.0,38.2343,46.5739,9.83335
7396002.0,38.4307,46.2756,14.3902
7404002.0,38.3986,46.2881,19.1775
7412002.0,38.078,46.4676,24.0153
7420002.0,38.38,46.3943,28.7541
7428002.0,38.6031,46.6181,33.6202
7436002.0,38.3516,46.4131,38.3507
7444002.0,38.2664,46.2598,43.0567
7452002.0,39.4659,46.8296,48.623999999999995
7460002.0,40.8411,47.5442,5.12944
7468002.0,41.7641,47.7295,10.0691
7476002.0,40.5921,47.7279,14.2297
7484002.0,39.5123,47.4983,18.923
7492002.0,39.5339,47.3945,23.6632
7500002.0,39.5908,47.2531,28.6395
7508002.0,39.6426,47.316,33.3496
7516002.0,39.8385,47.3777,38.5154
7524002.0,39.8277,47.1868,43.4629
7532002.0,39.742,47.2324,48.4033
7540002.0,39.3756,47.2083,4.7076
7548002.0,38.8366,47.1501,9.273530000000001
7556002.0,38.9714,47.2726,14.1292
7564002.0,39.2643,47.3612,18.917
7572002.0,39.2447,47.0529,23.9101
7580002.0,39.6992,47.0352,28.6364
7588002.0,40.0653,47.2732,33.6221
7596002.0,40.2332,47.5435,38.1985
7604002.0,40.3209,47.3874,42.7417
7612002.0,40.5546,47.549,47.3938
7620002.0,40.7621,47.4741,2.7404
7628002.0,41.0493,47.6164,7.15286
7636002.0,41.2166,47.6384,11.3636
7644002.0,40.9403,47.7243,16.2648
7652002.0,41.3392,47.6394,20.6792
7660002.0,41.9167,47.6569,25.3901
7668002.0,42.6971,47.662,30.4591
7676002.0,42.9415,47.6744,35.2993
7684002.0,43.0278,47.6782,40.0157
7692002.0,43.6852,47.7408,45.0302
7700002.0,43.6844,47.7336,0.29233400000000004
7708002.0,43.8242,47.7895,5.20737
7716002.0,43.9942,47.6847,9.65587
7724002.0,43.9307,47.7053,14.4082
7732002.0,43.9581,47.7035,19.3425
7740002.0,44.8481,47.8549,22.965
7748002.0,45.4478,47.7753,27.6574
7756002.0,45.4991,47.7558,31.5459
7764002.0,45.3452,47.3508,36.407
7772002.0,45.3159,47.2207,41.3336
7780002.0,45.745,47.3,47.1995
7788002.0,45.87,47.409,3.3858099999999998
7796002.0,46.2177,47.6488,8.46627
7804002.0,46.1699,47.5433,13.5806
7812002.0,46.6218,47.6286,18.8396
7820002.0,46.3401,47.4707,23.410999999999998
7828002.0,46.6247,47.5949,28.2214
7836002.0,47.5716,47.6275,33.1227
7844002.0,47.8152,47.6913,37.8637
7852002.0,47.1174,47.2403,42.6392
7860002.0,47.1082,47.3562,46.9673
7868002.0,47.3486,47.4983,2.67322
7876002.0,47.5073,47.2791,7.62374
7884002.0,47.7439,47.2071,12.7056
7892002.0,48.2082,47.3559,17.521
7900002.0,48.4116,47.293,22.4642
7908002.0,48.5284,47.2909,27.575
7916002.0,48.5902,47.228,32.3897
7924002.0,48.5155,47.1575,36.9243
7932002.0,48.6068,47.6795,41.9426
7940002.0,48.4298,47.6422,46.416000000000004
7948002.0,48.3267,47.6106,1.81095
7956002.0,48.4211,47.5763,6.2497300000000005
7964002.0,48.5734,47.5657,11.345
7972002.0,48.4095,47.651,16.4602
7980002.0,48.6914,47.2454,20.9277
7988002.0,48.9799,47.4439,25.4092
7996002.0,49.07,47.6101,29.785
