2.0,15.9052,24.3982,48.2974
8002.0,20.9337,24.6693,2.14518
16002.0,22.7913,25.0205,4.94201
24002.0,22.5863,24.7969,9.52464
32002.0,22.8006,25.0812,12.4741
40002.0,23.6107,24.6691,16.1643
48002.0,24.2732,24.5463,19.3695
56002.0,24.1939,23.7342,22.605
64002.0,23.1248,23.287,25.9568
72002.0,24.4085,23.035999999999998,28.4995
80002.0,24.6224,23.1887,31.0603
88002.0,25.8284,22.9012,35.2591
96002.0,26.2527,22.9176,38.5806
104002.0,26.2179,22.4902,42.4494
112002.0,26.3575,22.1766,43.5225
120002.0,26.7591,22.0237,45.8811
128002.0,27.3677,21.834,0.321862
136002.0,28.6161,21.4966,3.6934400000000003
144002.0,29.3626,21.6051,6.5317
152002.0,31.1131,21.5998,8.85893
160002.0,35.3768,21.5156,11.2193
168002.0,35.711999999999996,21.5693,12.9631
176002.0,35.7856,21.2772,15.4949
184002.0,36.1009,20.8975,17.987000000000002
192002.0,35.9333,20.4632,21.625
200002.0,36.5864,19.9793,25.5566
208002.0,36.92,19.5985,28.927
216002.0,37.5715,19.1276,33.7613
224002.0,37.4443,19.0189,38.266999999999996
232002.0,37.3493,18.7913,42.7708
240002.0,37.8972,18.8547,45.7934
248002.0,38.5294,19.1671,49.4049
256002.0,38.8389,19.2077,4.06785
264002.0,38.8435,19.4859,8.90865
272002.0,40.5367,19.1568,12.7214
280002.0,40.7619,18.9793,16.0249
288002.0,41.2863,19.0323,20.4696
296002.0,41.4233,19.173,23.9611
304002.0,42.2578,19.1101,27.7121
312002.0,42.8754,19.4663,30.7176
320002.0,44.3124,19.6595,34.82
328002.0,45.9981,19.8976,38.7712
336002.0,47.3447,19.7627,42.6552
344002.0,47.9043,19.7079,46.6622
352002.0,48.8689,19.363,0.37101300000000004
360002.0,0.7092890000000001,18.6783,3.60428
368002.0,1.9828599999999998,17.9765,5.77838
376002.0,2.06716,17.3584,9.2785
384002.0,3.5376300000000005,17.012,11.2104
392002.0,3.81089,16.794,14.7027
400002.0,4.3209800000000005,16.8453,18.5878
408002.0,5.04396,16.9665,22.3526
416002.0,5.443,17.1243,25.3958
424002.0,6.9670000000000005,17.7387,28.9784
432002.0,7.9038,17.7752,32.1735
440002.0,8.8938,17.907,36.3054
448002.0,9.44501,17.8847,40.4133
456002.0,9.860430000000001,18.4279,43.3216
464002.0,10.2908,18.8959,45.6175
472002.0,11.5662,19.2051,0.7911
480002.0,12.6773,19.5935,4.75804
488002.0,13.6265,19.595,7.8729
496002.0,14.9844,19.1374,11.1508
504002.0,14.3763,19.250999999999998,14.5437
512002.0,15.4848,18.2898,18.759
520002.0,17.7543,17.868,21.933000000000003
528002.0,18.4339,17.8588,26.1496
536002.0,19.7595,17.267,29.5799
544002.0,22.32,17.2142,32.5436
552002.0,24.0815,17.1757,35.2735
560002.0,25.6356,17.3597,37.6854
568002.0,26.1128,17.2105,40.3404
576002.0,26.6893,17.6954,44.4523
584002.0,27.4023,17.3521,48.42100000000001
592002.0,28.5807,17.6513,1.27987
600002.0,29.7701,17.8876,4.42427
608002.0,30.3299,18.0652,6.92077
616002.0,31.7424,18.32,9.93878
624002.0,32.7031,18.3732,13.3593
632002.0,33.1326,18.7333,17.0476
640002.0,33.5679,18.7423,19.9652
648002.0,34.3607,18.8702,21.1363
656002.0,33.9503,18.8038,24.7939
664002.0,34.5986,18.7877,28.0919
672002.0,35.3516,19.2063,31.6675
680002.0,35.8401,20.3395,35.0088
688002.0,36.5051,20.4481,39.0683
696002.0,36.7829,20.8495,41.923
704002.0,37.2447,20.1408,46.8306
712002.0,38.024,20.4735,1.16421
720002.0,40.2307,19.9499,4.30247
728002.0,39.9547,19.9117,7.90305
736002.0,40.1383,20.6061,10.8703
744002.0,41.2974,20.2347,14.2308
752002.0,40.997,20.3071,17.5547
760002.0,42.7682,21.0662,21.837
768002.0,43.2784,20.9298,25.5289
776002.0,44.1874,21.4153,30.5973
784002.0,42.9638,21.0479,33.583
792002.0,43.8986,21.0819,36.4396
800002.0,44.8041,20.7849,40.0656
808002.0,45.5459,20.8952,43.2755
816002.0,46.5448,20.8316,46.9656
824002.0,47.3573,20.4337,0.704965
832002.0,48.3034,19.9943,4.818890000000001
840002.0,48.2138,20.1564,7.92841
848002.0,49.3732,20.3998,10.9557
856002.0,2.49763,20.8239,14.0915
864002.0,4.23144,20.7129,16.997
872002.0,3.3153699999999997,20.5866,20.148
880002.0,3.57775,20.1315,23.6775
888002.0,5.37545,20.0449,27.541999999999998
896002.0,6.72629,19.6727,30.8102
904002.0,8.436869999999999,19.1624,33.481
912002.0,9.4157,18.5967,35.3562
920002.0,10.3645,18.023,38.8936
928002.0,10.985,17.8758,41.7474
936002.0,11.8261,17.0329,43.6336
944002.0,11.4418,17.315,45.7959
952002.0,12.991,17.5251,48.6857
960002.0,12.7085,17.7732,2.2103200000000003
968002.0,12.4142,17.612000000000002,4.95001
976002.0,13.3421,17.3709,7.98318
984002.0,14.3643,17.2885,11.4484
992002.0,14.7351,17.2899,13.4948
1000002.0,15.9117,17.2314,15.9757
1008002.0,17.0378,17.1352,18.711
1016002.0,17.5723,17.9283,22.241999999999997
1024002.0,19.1797,17.8296,24.6029
1032002.0,19.4106,17.7583,26.5368
1040002.0,19.8947,17.5346,30.2518
1048002.0,19.6894,17.177,34.1476
1056002.0,20.1376,16.3753,36.1901
1064002.0,20.3238,16.2414,39.9328
1072002.0,21.049,16.3301,43.2708
1080002.0,22.4179,16.2364,46.3382
1088002.0,23.5235,16.0743,48.7959
1096002.0,24.6088,15.339,1.8104200000000001
1104002.0,25.8513,15.0393,4.725140000000001
1112002.0,26.1091,14.8786,8.95295
1120002.0,27.3229,15.1745,12.5227
1128002.0,28.8075,15.3179,15.7091
1136002.0,30.201,15.3347,19.9148
1144002.0,31.4068,15.3394,22.1219
1152002.0,33.0529,15.227,26.115
1160002.0,33.6859,15.394,29.8561
1168002.0,34.979,16.625,32.1964
1176002.0,36.0419,16.8498,35.8372
1184002.0,36.7132,16.9578,39.2482
1192002.0,37.3833,15.9377,41.9487
1200002.0,38.8048,16.8293,45.3835
1208002.0,40.3659,17.1808,49.1076
1216002.0,41.4173,18.822,2.4041900000000003
1224002.0,41.4601,19.3593,5.79243
1232002.0,42.5956,19.1315,9.368960000000001
1240002.0,43.39,19.2699,12.9141
1248002.0,43.3767,19.4584,17.6205
1256002.0,45.2895,19.3481,20.3207
1264002.0,46.1978,19.1243,24.2426
1272002.0,46.2224,18.3905,28.756999999999998
1280002.0,48.5715,17.8813,32.6625
1288002.0,0.277625,17.8706,35.2044
1296002.0,0.475839,17.3411,39.0082
1304002.0,1.69882,17.1832,41.6677
1312002.0,2.16034,16.6877,45.0192
1320002.0,3.6737699999999998,15.5639,47.2779
1328002.0,4.152909999999999,14.772,48.7684
1336002.0,4.84879,14.4978,1.1313600000000001
1344002.0,5.84399,14.7387,3.4184300000000003
1352002.0,7.21755,14.751,7.33248
1360002.0,7.430860000000001,14.942,9.89858
1368002.0,8.12365,14.4054,13.0652
1376002.0,9.26938,14.5115,16.1836
1384002.0,9.62445,14.4874,18.3275
1392002.0,10.5378,14.4443,20.5483
1400002.0,12.402999999999999,14.1181,24.4201
1408002.0,13.2055,14.2148,26.9401
1416002.0,12.4334,14.4407,29.1175
1424002.0,12.7525,14.7904,32.6023
1432002.0,13.475,15.0461,35.8076
1440002.0,16.2498,15.5983,39.1108
1448002.0,16.9239,15.5053,41.718999999999994
1456002.0,17.5747,15.1999,45.5377
1464002.0,17.9151,15.3717,47.735
1472002.0,19.1022,15.7273,1.76387
1480002.0,20.0381,15.8118,4.1355
1488002.0,20.872,16.0516,7.14652
1496002.0,21.5595,15.7987,10.1519
1504002.0,23.039,15.9394,12.8861
1512002.0,24.0655,16.2999,17.1882
1520002.0,24.4778,17.0144,19.4288
1528002.0,25.9949,17.2593,23.2519
1536002.0,26.7805,17.3312,25.6435
1544002.0,27.8198,17.4263,28.3902
1552002.0,30.1124,17.913,30.8106
1560002.0,31.0964,18.0251,35.2981
1568002.0,32.2507,17.1619,39.3754
1576002.0,32.6016,17.2041,43.1851
1584002.0,33.4658,17.0913,47.8428
1592002.0,33.6445,17.7436,2.1077
1600002.0,35.1942,17.6558,6.638210000000001
1608002.0,34.83,17.7849,10.6987
1616002.0,35.957,17.6432,14.5275
1624002.0,36.8836,17.3124,18.903
1632002.0,37.4127,17.2721,22.7972
1640002.0,39.3433,17.2947,26.9792
1648002.0,40.3701,17.1273,29.8094
1656002.0,41.0968,17.1782,33.5619
1664002.0,42.7878,17.2712,37.3248
1672002.0,44.173,17.3988,40.4987
1680002.0,44.7112,17.6185,44.1876
1688002.0,45.105,17.0811,47.8178
1696002.0,45.66,16.7672,1.7138
1704002.0,46.078,16.6995,5.50539
1712002.0,45.6039,16.9621,9.95594
1720002.0,46.9052,16.6347,13.1789
1728002.0,48.7025,17.2349,16.4226
1736002.0,49.0904,17.2491,19.5352
1744002.0,49.2634,17.639,22.6432
1752002.0,0.336361,17.5489,24.9915
1760002.0,0.9914200000000001,17.5912,28.4964
1768002.0,2.07523,17.8852,30.9182
1776002.0,3.4926699999999995,17.7046,34.2716
1784002.0,2.96823,17.7908,35.5751
1792002.0,3.46074,19.2642,38.4949
1800002.0,5.23154,20.5236,42.7022
1808002.0,8.49062,19.0965,46.1387
1816002.0,9.17832,18.4103,46.8127
1824002.0,9.22592,17.6814,0.45823100000000005
1832002.0,10.833,16.7085,2.32212
1840002.0,13.7535,16.6773,2.53375
1848002.0,13.4393,16.8723,5.059130000000001
1856002.0,14.0903,16.8785,6.708289999999999
1864002.0,14.8741,16.7509,8.44622
1872002.0,15.4084,16.9665,10.0673
1880002.0,15.884,16.9127,12.6869
1888002.0,17.1717,16.9598,14.6022
1896002.0,18.4459,17.2315,16.5164
1904002.0,18.6331,17.15,19.0655
1912002.0,18.6972,17.0881,22.8796
1920002.0,18.0933,16.8712,26.7831
1928002.0,18.765,16.8063,30.0321
1936002.0,18.2598,16.8038,33.1217
1944002.0,17.9961,16.646,37.4396
1952002.0,18.5886,16.8532,40.8647
1960002.0,19.1983,16.5452,44.6156
1968002.0,19.5616,16.8341,47.8331
1976002.0,19.5464,16.566,1.04865
1984002.0,19.9705,15.9863,4.23151
1992002.0,20.2379,16.2049,7.86689
2000002.0,20.0882,17.066,11.8163
2008002.0,20.1054,17.9811,16.0016
2016002.0,21.6186,18.1804,20.525
2024002.0,22.4977,17.6986,22.5392
2032002.0,24.0699,17.3162,24.9792
2040002.0,25.6881,17.6299,27.8941
2048002.0,26.7693,17.6534,31.7034
2056002.0,28.3911,18.0193,34.175
2064002.0,29.6453,18.2273,36.8079
2072002.0,32.5592,18.6829,39.5993
2080002.0,33.3747,18.7229,42.1181
2088002.0,34.8408,18.9305,43.8025
2096002.0,35.7314,19.3077,46.5408
2104002.0,37.6504,19.6287,49.1491
2112002.0,39.5634,19.5839,3.89091
2120002.0,39.5566,18.9456,8.42526
2128002.0,39.2444,18.6927,10.6917
2136002.0,41.1784,18.304000000000002,13.716
2144002.0,41.5064,18.4075,17.8283
2152002.0,43.1646,18.1125,20.5887
2160002.0,43.6447,18.3264,24.293000000000003
2168002.0,44.5758,18.4476,27.1117
2176002.0,44.0817,18.4264,29.6356
2184002.0,45.196999999999996,18.6718,30.3944
2192002.0,45.4723,18.2833,31.7224
2200002.0,45.2637,17.6865,33.385999999999996
2208002.0,46.3467,17.2115,35.1587
2216002.0,48.3564,17.4304,37.343
2224002.0,0.0790411,17.7999,40.9756
2232002.0,0.179228,17.4976,43.5379
2240002.0,0.9409120000000001,17.4646,46.0949
2248002.0,0.9453219999999999,16.9282,48.3119
2256002.0,0.707759,16.8705,0.315477
2264002.0,0.9925379999999999,15.4957,1.4172
2272002.0,0.709747,15.4672,3.34838
2280002.0,0.746449,14.7878,4.90731
2288002.0,0.561258,14.7705,8.53985
2296002.0,0.976476,14.9363,12.5068
2304002.0,1.92402,14.8954,14.6376
2312002.0,49.4695,16.3072,17.3488
2320002.0,1.14174,16.5555,20.4378
2328002.0,1.33531,17.0741,22.9317
2336002.0,1.6974200000000002,16.9656,25.5855
2344002.0,2.4245200000000002,16.9075,29.0588
2352002.0,2.68955,17.3164,32.537
2360002.0,3.94119,18.147000000000002,34.5614
2368002.0,4.4017599999999995,18.5355,39.0062
2376002.0,4.18546,19.3393,43.5581
2384002.0,4.71795,19.6412,46.8688
2392002.0,5.63764,20.1269,0.508914
2400002.0,6.35186,20.8968,3.7992199999999996
2408002.0,6.984319999999999,21.1352,7.58322
2414002.0,7.472860000000001,21.5331,11.2828
2422002.0,8.42432,21.7493,18.4575
2430002.0,12.8703,21.4342,20.243
2438002.0,16.5113,21.4729,24.4347
2446002.0,18.0878,20.846,27.7686
2454002.0,18.5924,20.889,31.2354
2462002.0,20.47,20.7593,34.6426
2470002.0,21.8369,20.6529,37.5139
2478002.0,23.4699,20.9368,40.743
2486002.0,24.676,21.6189,43.9353
2494002.0,26.4437,22.624000000000002,47.4716
2502002.0,26.1802,22.7069,0.7730779999999999
2510002.0,27.9682,23.0995,5.02414
2518002.0,28.5776,23.7459,9.00206
2526002.0,30.5811,24.2977,11.7341
2534002.0,32.0074,24.7024,14.9312
2542002.0,32.5187,25.478,19.7689
2550002.0,33.6177,25.9579,24.4995
2558002.0,35.2061,26.2117,27.0783
2566002.0,36.546,26.2792,31.2331
2574002.0,37.9218,26.1166,34.4536
2582002.0,38.626999999999995,26.016,37.9698
2590002.0,41.3802,26.5468,41.8345
2598002.0,43.6333,26.6585,46.8837
2606002.0,44.2299,27.1495,1.6995099999999999
2614002.0,45.9962,27.6694,5.8327
2622002.0,46.2124,27.7846,10.6026
2630002.0,46.8422,27.5673,14.6034
2638002.0,47.9457,27.6609,18.4829
2646002.0,48.4772,27.7245,23.6419
2654002.0,0.189917,27.8327,28.2696
2662002.0,0.345002,27.4922,31.4214
2670002.0,1.02667,27.6949,36.4476
2678002.0,2.31735,27.7887,41.6324
2686002.0,6.52399,27.7527,44.8145
2694002.0,9.1199,27.2461,45.6347
2702002.0,10.2548,27.4783,0.19775299999999998
2710002.0,11.7977,27.4054,4.89471
2718002.0,13.8661,27.2307,9.06742
2726002.0,14.4556,27.271,11.0655
2734002.0,15.5671,27.5516,15.222999999999999
2742002.0,17.2279,27.2575,19.326
2750002.0,18.496,27.4473,23.5314
2758002.0,19.1281,27.7522,28.2529
2766002.0,19.629,27.8904,33.0951
2774002.0,19.9876,27.9156,36.4279
2782002.0,20.5002,27.6643,40.8645
2790002.0,20.2998,27.6501,44.8639
2798002.0,20.6503,27.8695,48.7976
2806002.0,21.9575,27.8323,3.85304
2814002.0,21.8917,27.6648,8.73455
2822002.0,22.5475,27.421999999999997,13.0817
2830002.0,21.9358,28.4295,15.9507
2838002.0,22.8237,26.1446,17.5364
2846002.0,25.2976,26.0877,21.6266
2854002.0,26.1663,26.8373,26.5624
2862002.0,27.831,26.5432,31.4151
2870002.0,28.225,26.9961,35.0217
2878002.0,29.1121,26.7744,39.338
2886002.0,29.1625,27.6497,42.7343
2894002.0,29.921999999999997,27.7739,46.7689
2902002.0,31.3586,27.6084,1.49676
2910002.0,31.4053,28.3055,5.44625
2918002.0,31.5623,28.2032,9.32722
2926002.0,32.0722,28.5311,14.7017
2934002.0,32.7759,28.5592,19.5203
2942002.0,32.7082,28.5142,24.1978
2950002.0,32.6909,28.3819,28.3784
2958002.0,32.9298,28.5532,32.5414
2966002.0,33.3017,28.4541,37.2868
2974002.0,33.5398,28.7922,41.1604
2982002.0,34.3313,28.7136,46.1059
2990002.0,34.9567,28.7384,0.797549
2998002.0,35.5547,28.5887,4.68118
3006002.0,36.6312,28.8083,8.93163
3014002.0,37.4307,28.3839,13.7077
3022002.0,38.5864,28.7721,17.7335
3030002.0,40.1312,28.8494,23.2497
3038002.0,40.0749,29.3525,27.3823
3046002.0,40.3397,29.6528,32.1606
3054002.0,42.7701,27.74,35.4092
3062002.0,44.1516,25.6091,37.4495
3070002.0,45.4425,25.9845,42.2757
3078002.0,46.1083,26.0332,45.3122
3086002.0,47.2204,25.9005,49.5004
3094002.0,48.9494,25.4755,4.55269
3102002.0,0.5816979999999999,25.3725,8.548919999999999
3110002.0,1.56921,25.3308,12.5666
3118002.0,2.51877,25.5305,16.7656
3126002.0,3.5722,25.6104,21.7006
3134002.0,5.05039,25.173000000000002,26.5034
3142002.0,5.054819999999999,25.3617,31.2521
3150002.0,6.7248,25.4368,34.843
3158002.0,10.3846,25.9084,38.7815
3166002.0,11.8849,25.9644,41.7195
3174002.0,14.0259,26.1706,43.6986
3182002.0,15.6826,26.309,48.8581
3190002.0,17.5312,24.5838,2.01303
3198002.0,17.8142,25.4381,7.300560000000001
3206002.0,20.3438,25.4791,11.2803
3214002.0,21.7322,25.0312,14.8827
3222002.0,24.3007,24.9541,19.5358
3230002.0,26.2581,25.247,23.9992
3238002.0,27.5489,25.3303,28.4319
3246002.0,27.9696,25.3026,32.4755
3254002.0,28.6551,25.0998,35.9908
3262002.0,29.4062,25.0374,39.0993
3270002.0,29.6918,24.7558,42.8163
3278002.0,29.6088,25.5282,46.3247
3286002.0,30.5714,25.5744,0.00668596
3294002.0,31.0813,24.9945,2.84
3302002.0,31.6926,24.1994,7.85876
3310002.0,32.29,24.7902,10.8918
3318002.0,32.6003,24.4801,14.3644
3326002.0,33.9153,24.0661,17.9217
3334002.0,35.3954,23.9927,21.9378
3342002.0,36.7183,24.3175,26.4948
3350002.0,37.5886,24.4692,30.229
3358002.0,40.187,24.4292,34.6817
3366002.0,43.5271,24.6264,39.6275
3374002.0,44.6339,24.8749,44.2095
3382002.0,46.0482,24.6179,48.4464
3390002.0,48.6447,25.2941,2.08701
3398002.0,0.5971569999999999,25.2412,6.23695
3406002.0,2.15686,25.338,10.3018
3414002.0,4.98675,25.2909,14.8469
3422002.0,7.911060000000001,25.3752,19.1744
3430002.0,10.4288,25.6641,24.2282
3438002.0,11.4194,26.0912,28.7722
3446002.0,11.6885,26.2519,32.5848
3454002.0,11.8753,26.3068,36.219
3462002.0,11.7227,26.4669,40.2404
3470002.0,11.1534,26.6587,44.5982
3478002.0,12.311,26.0086,48.9405
3486002.0,12.4249,26.2173,3.9149599999999998
3494002.0,12.8163,25.9734,8.431239999999999
3502002.0,12.4674,25.8202,12.7518
3510002.0,12.4929,25.8628,17.2276
3518002.0,12.4789,25.982,21.3489
3526002.0,12.8955,25.6262,25.8207
3534002.0,13.0715,26.3432,30.3689
3542002.0,12.9286,26.6715,34.4576
3550002.0,12.9775,27.0244,38.3081
3558002.0,12.9774,27.3527,42.4585
3566002.0,13.4287,27.4306,46.9713
3574002.0,13.8349,27.4224,2.48236
3582002.0,14.0257,27.3074,7.253260000000001
3590002.0,14.0149,27.19,11.8749
3598002.0,14.2117,26.863000000000003,16.7799
3606002.0,15.8206,26.2465,20.6819
3614002.0,17.3827,26.4932,24.0622
3622002.0,17.8655,26.976,28.0187
3630002.0,19.2176,27.233,32.1264
3638002.0,19.6916,27.2561,36.0728
3646002.0,20.0561,27.1013,40.6905
3654002.0,20.0122,27.5022,44.7889
3662002.0,20.362000000000002,28.0446,49.2018
3670002.0,20.4383,28.6512,4.00435
3678002.0,20.6378,28.7591,8.62844
3686002.0,21.6234,29.0345,13.6901
3694002.0,21.9173,29.333000000000002,18.4187
3702002.0,22.3273,29.7189,23.085
3710002.0,22.5443,30.0101,27.3068
3718002.0,22.5151,29.8023,31.9698
3726002.0,22.511999999999997,29.8978,36.5212
3734002.0,22.6856,29.8569,41.5793
3742002.0,23.636,29.9325,45.4988
3750002.0,24.6929,30.1782,0.22549499999999997
3758002.0,27.3629,30.8339,5.04744
3766002.0,29.6026,31.0338,9.2255
3774002.0,31.6464,31.2396,13.9372
3782002.0,32.7962,31.7475,18.1814
3790002.0,34.2912,31.7248,23.0378
3798002.0,34.8504,31.7957,26.5395
3806002.0,36.2304,31.9252,31.0756
3814002.0,38.2044,32.2555,35.0567
3822002.0,38.8516,32.1146,39.282
3830002.0,39.6342,32.3324,43.5082
3838002.0,40.1952,32.2822,48.5582
3846002.0,41.0479,32.1462,4.073169999999999
3854002.0,41.2729,32.1901,8.99859
3862002.0,41.4051,32.375,13.5804
3870002.0,42.3085,32.3567,18.7632
3878002.0,42.6653,32.0737,23.796999999999997
3886002.0,43.0684,32.1023,28.5079
3894002.0,44.2362,32.7436,33.0967
3902002.0,45.3475,32.7665,37.8028
3910002.0,47.0054,32.7647,42.4274
3918002.0,49.0695,32.9086,47.8176
3926002.0,1.6852599999999998,33.0495,2.39158
3934002.0,3.0703099999999997,33.2979,7.048430000000001
3942002.0,3.26448,33.7625,11.8734
3950002.0,3.98155,33.7451,16.896
3958002.0,4.37679,33.5203,21.2922
3966002.0,5.08595,33.7785,26.0088
3974002.0,6.80779,33.2363,31.2019
3982002.0,7.10382,32.9313,35.3384
3990002.0,8.119,32.5696,39.8385
3998002.0,9.0113,32.768,43.6785
4006002.0,10.6724,32.8943,47.8947
4014002.0,11.4583,33.0865,3.0402
4022002.0,12.0038,32.9896,7.139419999999999
4030002.0,12.0192,32.6786,11.7598
4038002.0,13.4886,32.7144,15.610999999999999
4046002.0,14.7408,33.5805,19.4841
4054002.0,15.3322,33.4937,24.1864
4062002.0,17.3525,33.1262,29.0906
4070002.0,17.5563,33.1293,32.893
4078002.0,17.7433,32.8682,37.9603
4086002.0,18.5535,32.6231,42.2011
4094002.0,19.4002,33.0419,46.278999999999996
4102002.0,19.4223,32.796,1.09853
4110002.0,19.9703,32.8439,5.1982099999999996
4118002.0,21.053,32.9989,9.555660000000001
4126002.0,22.1193,33.3953,14.1045
4134002.0,22.7982,33.1791,17.5568
4142002.0,23.6157,33.0749,21.6325
4150002.0,25.3203,33.3839,25.9804
4158002.0,26.6937,33.4788,30.4934
4166002.0,28.1223,33.6268,35.32
4174002.0,29.6138,33.6651,40.1002
4182002.0,29.3642,33.5105,44.5755
4190002.0,30.5484,33.5172,0.24129899999999999
4198002.0,31.8062,33.663000000000004,5.01803
4206002.0,32.3863,34.0154,9.98092
4214002.0,32.9548,33.8517,15.2296
4222002.0,33.5906,33.7207,20.8809
4230002.0,35.3667,33.6312,25.5297
4238002.0,37.1337,33.5202,30.6083
4246002.0,39.6425,33.2985,35.5092
4254002.0,43.0607,33.4598,40.5891
4262002.0,43.8962,33.2686,45.9106
4270002.0,42.4542,34.2173,0.451908
4278002.0,43.4625,33.971,5.62502
4286002.0,43.9095,34.1056,10.1608
4294002.0,44.6136,33.8291,14.6003
4302002.0,44.8328,33.8157,19.0327
4310002.0,45.6959,34.1439,24.0726
4318002.0,45.8,34.1993,28.3427
4326002.0,46.257,33.8071,32.4588
4334002.0,47.408,33.9742,36.0189
4342002.0,48.7036,34.3432,40.6114
4350002.0,48.9832,34.7927,45.538000000000004
4358002.0,48.8688,34.3689,0.693087
4366002.0,49.4055,34.2852,4.84675
4374002.0,0.362315,34.4947,8.558689999999999
4382002.0,0.9640610000000001,34.4313,13.1733
4390002.0,1.81106,34.5257,18.2304
4398002.0,2.19728,34.4732,24.3263
4406002.0,2.98332,33.993,29.1823
4414002.0,3.3268699999999995,33.9885,33.4801
4422002.0,3.93844,34.0732,38.0214
4430002.0,3.87849,33.857,43.1844
4438002.0,3.94193,33.7249,48.1505
4446002.0,4.31458,33.5669,2.7319299999999997
4454002.0,4.5861,33.7955,7.5814
4462002.0,4.9855599999999995,33.7884,12.6634
4470002.0,6.06762,34.1062,17.5867
4478002.0,6.48384,34.0071,21.8539
4486002.0,8.24714,34.2594,26.7404
4494002.0,8.70583,33.7342,30.8966
4502002.0,9.42713,33.659,35.5011
4510002.0,9.92145,33.1536,39.7164
4518002.0,10.0227,33.1304,42.5371
4526002.0,11.1426,32.5475,46.9469
4534002.0,11.8417,32.2788,1.92282
4542002.0,12.1635,31.476999999999997,5.7283599999999995
4550002.0,13.0928,31.1394,9.924619999999999
4558002.0,14.3443,31.4277,15.0454
4566002.0,14.0907,31.0719,20.0166
4574002.0,15.2298,31.0488,24.8471
4582002.0,17.2772,31.8593,29.8297
4590002.0,18.6258,31.4739,33.6019
4598002.0,20.9042,31.8112,38.0604
4606002.0,22.6463,32.1161,41.4961
4614002.0,24.0252,31.8619,45.2198
4622002.0,24.3817,31.4631,48.3334
4630002.0,25.156,31.2868,1.4933100000000001
4638002.0,26.0302,30.5576,4.54356
4646002.0,26.4834,30.4616,9.40686
4654002.0,27.0734,30.6696,12.626
4662002.0,29.154,31.3321,16.7326
4670002.0,30.1812,30.9082,20.4687
4678002.0,30.2951,30.6793,25.2623
4686002.0,31.9367,31.2553,29.0487
4694002.0,32.8516,31.2719,33.7932
4702002.0,34.2219,31.7851,37.3039
4710002.0,36.1497,32.4185,40.854
4718002.0,36.6542,32.5496,44.657
4726002.0,36.3896,33.3312,49.0066
4734002.0,37.9864,33.4991,3.8720800000000004
4742002.0,39.4083,34.4651,8.384789999999999
4750002.0,40.2061,35.204,12.1524
4758002.0,40.9758,35.7667,15.9107
4760002.0,41.0651,35.8761,16.8101
4768002.0,40.4046,35.5229,21.6854
4776002.0,41.4811,35.9398,24.7427
4784002.0,43.4351,35.705999999999996,29.5546
4792002.0,44.159,35.5118,33.3005
4800002.0,44.3178,35.4256,37.2272
4808002.0,45.0001,35.0974,41.1865
4816002.0,47.3323,35.6024,45.5886
4824002.0,0.113445,35.8392,0.288279
4832002.0,1.08111,35.4998,5.41165
4840002.0,2.04075,35.6237,10.812000000000001
4848002.0,3.5092,35.9892,15.022
4856002.0,5.72598,35.4263,18.8881
4864002.0,5.55538,35.4433,24.0089
4872002.0,7.7485,34.9868,27.7565
4880002.0,7.37131,35.0146,31.8391
4888002.0,8.132010000000001,35.3567,35.4935
4896002.0,10.19,35.3362,39.5099
4904002.0,12.0869,35.324,42.2041
4912002.0,12.6522,35.8625,46.1253
4920002.0,15.0269,36.0187,0.62295
4928002.0,17.225,35.9432,4.5679
4936002.0,18.8669,35.9113,9.04757
4944002.0,19.218,35.809,12.993
4952002.0,19.8251,36.2741,17.69
4960002.0,19.7256,36.3462,22.3369
4968002.0,19.8799,36.6186,26.2052
4976002.0,20.691999999999997,36.8078,30.7601
4984002.0,21.3231,36.928000000000004,35.2955
4992002.0,22.4013,37.1032,38.904
5000002.0,23.5717,36.7854,43.523
5008002.0,24.1983,36.7432,48.7835
5016002.0,24.5397,36.8798,2.76725
5024002.0,24.348000000000003,37.1712,6.5353
5032002.0,25.6776,37.2629,11.5292
5040002.0,26.8525,37.1201,16.369
5048002.0,27.4814,37.2948,20.5815
5056002.0,28.9521,37.1014,25.4589
5064002.0,31.1061,37.586999999999996,30.0119
5072002.0,32.0768,37.6834,34.8137
5080002.0,32.955,37.6179,39.8318
5088002.0,33.8353,37.9045,45.0916
5096002.0,36.711,37.9909,1.04077
5104002.0,38.7637,38.0143,6.18267
5112002.0,39.6598,37.9948,11.2659
5120002.0,40.9252,38.0721,17.0201
5128002.0,41.9145,38.0252,22.7776
5136002.0,41.9142,38.3623,27.5145
5144002.0,42.7597,38.4567,32.6036
5152002.0,43.2139,38.3969,37.7654
5160002.0,43.8706,38.5162,42.7655
5168002.0,44.305,38.1985,47.8855
5176002.0,44.5524,37.8994,3.86064
5184002.0,45.1818,37.8563,8.37208
5192002.0,45.4231,37.8898,12.4741
5200002.0,46.8334,37.6146,17.8003
5208002.0,46.8185,37.7975,22.2378
5216002.0,47.5706,38.0276,27.171999999999997
5224002.0,48.7197,38.345,31.6167
5232002.0,49.141000000000005,38.5108,36.8006
5240002.0,0.45908699999999997,38.4391,41.5404
5248002.0,0.584385,38.3688,45.5223
5256002.0,0.669752,38.2201,48.6115
5264002.0,1.8886900000000002,38.1932,3.66946
5272002.0,2.30144,38.2779,8.027330000000001
5280002.0,3.5879,38.0821,12.9873
5288002.0,3.7546699999999995,37.8331,17.38
5296002.0,4.67799,37.7788,22.0124
5304002.0,5.21137,38.02,27.0196
5312002.0,7.011880000000001,38.2857,31.410999999999998
5320002.0,7.4205,38.1739,35.9821
5328002.0,8.391160000000001,38.0473,39.9933
5336002.0,9.5857,38.0119,45.0018
5344002.0,10.7974,38.073,49.2673
5352002.0,11.2287,38.1775,4.8742
5360002.0,11.8998,38.1049,7.9531600000000005
5368002.0,11.9053,38.2075,12.8407
5376002.0,12.3696,38.3365,17.2561
5384002.0,13.3703,38.5278,22.305
5392002.0,13.597999999999999,38.6327,26.0834
5400002.0,14.4078,38.524,30.2953
5408002.0,14.5638,38.5375,34.7084
5416002.0,15.1474,38.6156,39.8033
5424002.0,15.4037,38.7923,44.131
5432002.0,15.7315,38.3858,48.4053
5440002.0,16.5514,38.3537,2.6299200000000003
5448002.0,16.6529,38.586,6.504630000000001
5456002.0,17.1355,38.8698,11.5563
5464002.0,17.2976,39.3263,16.3184
5472002.0,17.0817,38.9041,21.4096
5480002.0,18.3246,38.9435,26.1486
5488002.0,18.8757,38.6611,30.1617
5496002.0,20.0483,39.0884,35.1401
5504002.0,20.6061,39.0073,39.5143
5512002.0,21.3888,39.0441,44.0837
5520002.0,22.0723,39.0593,48.9157
5528002.0,23.4876,38.9601,3.5907699999999996
5536002.0,23.978,38.9285,8.333730000000001
5544002.0,24.5438,38.6022,12.8433
5552002.0,25.0482,38.7987,17.6375
5560002.0,26.1001,38.7273,22.2994
5568002.0,26.3948,38.5508,26.7975
5576002.0,26.7934,38.8163,30.5148
5584002.0,27.5217,38.9908,35.8486
5592002.0,27.8688,38.814,40.6171
5600002.0,28.1871,38.5301,45.5334
5608002.0,28.2473,38.8508,0.356324
5616002.0,28.6149,38.9206,5.07184
5624002.0,28.8508,39.0835,9.61016
5632002.0,29.2895,39.5171,14.4222
5640002.0,31.2675,39.83,19.128
5648002.0,32.5251,39.7919,24.2552
5656002.0,33.1139,39.7075,29.0144
5664002.0,33.0109,39.4673,33.0034
5672002.0,33.6852,39.7155,37.5558
5680002.0,33.1044,39.6996,41.9116
5688002.0,33.1312,39.7303,46.003
5696002.0,32.8155,39.6651,0.755322
5704002.0,33.3951,39.2291,5.96414
5712002.0,33.5605,39.137,10.7925
5720002.0,33.7149,39.0257,15.9277
5728002.0,33.8911,38.9819,20.3578
5736002.0,33.8485,39.1973,25.3836
5744002.0,33.9738,39.249,30.5628
5752002.0,33.995,39.7676,34.9488
5760002.0,34.1219,39.8284,39.7644
5768002.0,35.6514,39.7979,44.3928
5776002.0,36.9256,40.1551,49.3193
5784002.0,37.0416,40.0483,4.98936
5792002.0,36.9595,39.7453,9.98959
5800002.0,37.4957,39.8914,15.4457
5808002.0,38.5483,39.9268,20.0896
5816002.0,39.7762,40.0949,25.0746
5824002.0,40.1883,40.2742,29.4464
5832002.0,41.0759,39.9383,34.1066
5840002.0,42.2034,40.0576,39.1497
5848002.0,43.6629,39.9498,44.0525
5856002.0,44.8833,39.9908,49.2734
5864002.0,46.0945,40.0007,4.73343
5872002.0,46.3128,40.1618,9.574019999999999
5880002.0,46.5498,40.3702,13.985999999999999
5888002.0,47.1846,40.0207,19.7442
5896002.0,47.8532,40.0546,24.7164
5904002.0,48.8112,40.0665,29.8414
5912002.0,49.0898,40.3065,34.7799
5920002.0,49.3834,40.5111,40.11
5928002.0,0.34434000000000003,40.5165,45.3303
5936002.0,0.471221,40.7581,0.768837
5944002.0,0.95375,40.7612,6.04523
5952002.0,0.987266,40.7023,10.932
5960002.0,1.28484,40.7138,15.6777
5968002.0,1.79152,40.4099,20.3968
5976002.0,1.26013,40.5981,25.8386
5984002.0,1.38165,40.5637,30.6621
5992002.0,1.4663899999999999,40.4243,36.2598
6000002.0,1.69071,40.4472,41.1555
6008002.0,1.9989,40.3502,45.7769
6016002.0,2.51155,40.201,0.860503
6024002.0,2.95725,40.0031,5.58542
6032002.0,3.73494,39.7486,10.3759
6040002.0,3.99086,39.6232,15.0468
6048002.0,4.23301,39.5662,19.874000000000002
6056002.0,4.50132,39.7531,24.7494
6064002.0,4.8455,39.7408,29.7674
6072002.0,5.10452,39.679,34.9139
6080002.0,5.519340000000001,39.571,40.1798
6088002.0,6.18267,39.4881,44.8315
6096002.0,6.070469999999999,39.722,0.031492400000000004
6104002.0,6.29544,39.8542,4.872
6112002.0,6.8487800000000005,39.7827,9.897780000000001
6120002.0,6.95713,39.9222,14.6741
6128002.0,7.06755,40.0578,19.6481
6136002.0,7.53275,40.2258,24.3394
6144002.0,7.6898100000000005,40.3029,29.2322
6152002.0,7.900869999999999,40.0685,34.3691
6160002.0,8.16489,40.0405,39.9234
6168002.0,8.76878,39.9602,44.9681
6176002.0,9.15433,39.9186,0.9342540000000001
6184002.0,9.30234,39.9529,5.76697
6192002.0,9.36433,39.8857,10.4616
6200002.0,9.84328,40.1131,15.6551
6208002.0,10.2344,40.2401,20.9098
6216002.0,11.1105,40.157,25.4378
6224002.0,11.3697,40.2662,30.4558
6232002.0,11.6541,40.2849,35.5691
6240002.0,12.562000000000001,40.1782,40.7648
6248002.0,13.9542,40.1387,46.0864
6256002.0,15.4438,40.0601,1.46331
6264002.0,16.1493,40.2835,6.50387
6272002.0,16.4598,40.3123,11.1073
6280002.0,16.8572,40.3436,15.7439
6288002.0,16.8909,40.393,21.0307
6296002.0,17.1812,40.5111,25.7587
6304002.0,18.2955,40.0688,30.3673
6312002.0,19.4946,40.0317,35.2724
6320002.0,20.6056,39.8243,40.4907
6328002.0,21.915,39.6825,45.4862
6336002.0,22.3572,39.5279,0.828944
6344002.0,22.5577,39.3706,5.923690000000001
6352002.0,22.5271,39.4522,10.6583
6360002.0,22.7485,39.5514,15.0899
6368002.0,23.4738,39.7806,20.0153
6376002.0,23.7103,39.5551,25.1242
6384002.0,23.8448,39.6365,29.7929
6392002.0,24.3492,39.6661,34.2236
6400002.0,24.5054,39.8399,38.795
6408002.0,24.569000000000003,40.2278,43.7067
6416002.0,24.5547,40.4693,47.9711
6424002.0,24.8288,40.6944,3.63597
6432002.0,24.9204,40.5102,7.9375800000000005
6440002.0,24.4528,40.868,11.2258
6448002.0,24.5958,39.8337,16.4458
6456002.0,26.0335,39.2945,21.0464
6464002.0,26.6287,39.7462,25.7634
6472002.0,27.0029,40.1787,31.6751
6480002.0,26.9223,40.3445,36.4778
6488002.0,26.9292,40.6847,41.3848
6496002.0,26.3957,40.9936,46.6842
6504002.0,26.7463,40.9615,2.44725
6512002.0,27.0492,40.9278,7.4688
6520002.0,27.2024,41.1035,12.2472
6528002.0,27.613000000000003,41.0039,17.1181
6536002.0,28.2634,40.8999,22.1137
6544002.0,28.5148,40.7437,26.6115
6552002.0,28.7733,40.654,31.5145
6560002.0,28.6025,40.8008,37.0658
6568002.0,30.4698,40.6709,41.9113
6576002.0,31.0923,40.3662,46.8961
6584002.0,31.022,40.2871,3.04183
6592002.0,31.9002,40.4352,7.748760000000001
6600002.0,32.8784,40.5689,12.8543
6608002.0,33.6916,40.9452,18.073
6616002.0,34.4641,41.0104,21.8848
6624002.0,36.1733,40.9497,26.2982
6632002.0,37.5465,40.8773,31.5053
6640002.0,37.951,40.6316,37.6303
6648002.0,38.6005,40.5846,42.5378
6656002.0,39.2869,40.6015,47.5932
6664002.0,39.918,41.023999999999994,2.24877
6672002.0,41.4036,40.6375,7.27597
6680002.0,41.6361,40.4751,12.7472
6688002.0,41.8268,40.0463,18.2452
6696002.0,43.6153,39.6324,22.7236
6704002.0,44.5622,39.4762,27.6185
6712002.0,45.9082,39.4536,32.3318
6720002.0,47.2799,39.5893,37.0544
6728002.0,48.3613,39.2441,41.482
6736002.0,0.37958800000000004,38.3328,45.2662
6744002.0,1.28905,38.234,1.3510799999999998
6752002.0,2.06379,38.527,6.7214
6760002.0,2.03543,38.5292,11.859000000000002
6768002.0,2.2507599999999996,38.3193,17.0131
6776002.0,2.5648299999999997,38.3026,21.6673
6784002.0,3.24552,38.1808,26.46
6792002.0,3.3035900000000002,38.2444,30.804000000000002
6800002.0,3.74296,38.2522,35.0448
6808002.0,4.2929900000000005,37.8108,39.7607
6816002.0,4.35513,37.3844,44.5358
6824002.0,4.73794,37.4262,0.165049
6832002.0,6.04741,37.3355,5.21433
6840002.0,6.54371,37.4935,10.302999999999999
6848002.0,7.42041,37.5293,15.097000000000001
6856002.0,8.07478,37.2064,19.9831
6864002.0,9.22783,36.9745,24.7209
6872002.0,9.76604,37.2245,29.8566
6880002.0,10.7104,37.249,34.4522
6888002.0,11.3515,36.9802,39.0752
6896002.0,12.2923,37.3597,42.9559
6904002.0,13.8772,37.1655,47.2789
6912002.0,15.1256,37.4515,2.9113599999999997
6920002.0,16.0561,37.4273,7.93155
6928002.0,17.6042,36.9359,12.6803
6936002.0,17.9641,37.4388,16.4988
6944002.0,19.7328,37.3222,20.8121
6952002.0,22.6066,37.4749,25.1445
6960002.0,24.4682,37.4111,28.2897
6968002.0,25.3251,37.3268,32.4436
6976002.0,26.7066,37.0589,37.1395
6984002.0,26.6932,37.2662,41.813
6992002.0,27.9762,37.2799,46.7576
7000002.0,28.7325,37.0392,1.0647
7008002.0,30.0808,36.9984,5.29862
7016002.0,30.6787,36.9731,9.16479
7024002.0,30.559,36.7952,14.2497
7032002.0,32.0344,37.1354,18.4416
7040002.0,32.3935,36.6486,22.6831
7048002.0,32.7789,36.6158,27.421999999999997
7056002.0,33.5318,36.3743,31.774
7064002.0,35.2951,36.5731,36.1683
7072002.0,36.5288,35.6607,40.3902
7080002.0,37.4212,35.2983,44.5501
7088002.0,37.8542,35.3137,49.1451
7096002.0,37.836999999999996,35.4064,3.26077
7104002.0,38.3151,34.9092,6.64262
7112002.0,38.6669,34.7752,11.3652
7120002.0,39.4739,34.3018,16.4241
7128002.0,39.5006,34.4114,20.5868
7136002.0,39.2115,33.8131,24.7641
7144002.0,39.5284,34.0842,28.6261
7152002.0,39.1355,33.8673,33.8608
7160002.0,40.8649,33.1629,38.3941
7168002.0,41.0047,33.1668,42.0445
7176002.0,42.2188,32.6518,46.495
7184002.0,44.2273,32.8984,1.34392
7192002.0,42.9044,32.7059,6.33936
7200002.0,44.919,32.5292,11.1798
7204002.0,43.6847,32.2804,12.7403
7212002.0,46.4734,32.7241,17.4914
7220002.0,47.8672,33.0859,20.7794
7228002.0,48.992,32.8657,25.0703
7236002.0,0.30611,33.1323,29.5539
7244002.0,0.645197,33.1992,33.791
7252002.0,1.0332299999999999,33.0922,37.6471
7260002.0,2.00027,32.9548,41.5589
7268002.0,2.1684400000000004,32.7254,46.2439
7276002.0,3.1507400000000003,32.9843,0.5905100000000001
7284002.0,3.1773599999999997,33.2206,5.9974
7292002.0,3.89194,33.1432,10.3986
7300002.0,5.157030000000001,33.2758,14.4842
7308002.0,5.79627,33.0071,19.1729
7316002.0,6.518759999999999,33.13,22.3126
7324002.0,6.7813,32.9932,26.2664
7332002.0,7.042660000000001,32.7594,31.2206
7340002.0,7.7620000000000005,32.6721,35.4741
7348002.0,8.171560000000001,32.8181,38.7676
7356002.0,9.0269,32.7585,41.6088
7364002.0,10.1812,32.9366,44.5084
7372002.0,11.1325,32.8023,48.2962
7380002.0,11.8353,32.918,2.35965
7388002.0,11.8621,33.635999999999996,6.38376
7396002.0,12.0925,33.7507,10.4496
7404002.0,12.5049,33.5999,15.1539
7412002.0,13.1707,33.7782,19.5377
7420002.0,13.4935,34.1266,24.1577
7428002.0,13.8499,34.1794,28.1253
7436002.0,14.0684,34.6414,32.3524
7444002.0,14.0913,34.8616,36.9297
7452002.0,14.3923,35.0658,41.6437
7460002.0,14.5673,35.1915,46.5796
7468002.0,14.9255,35.1252,1.67008
7476002.0,15.7943,35.2563,5.7964400000000005
7484002.0,16.773,35.1123,10.0884
7492002.0,17.3055,35.5136,14.5688
7500002.0,17.8179,35.6457,19.5068
7508002.0,18.8221,35.4295,23.4802
7516002.0,19.0409,35.5137,28.8762
7524002.0,19.4991,35.0761,33.2373
7532002.0,20.1467,35.0006,37.6939
7540002.0,20.6653,34.4967,41.9276
7548002.0,20.913,34.3196,45.0421
7556002.0,21.8922,33.9914,0.07496130000000001
7564002.0,22.1784,34.8286,5.02005
7572002.0,22.1597,34.6843,9.441130000000001
7580002.0,22.4307,34.5475,14.003
7588002.0,22.785,34.7057,19.2972
7596002.0,23.7833,34.4315,23.9193
7604002.0,24.4465,34.2781,27.8569
7612002.0,24.7866,33.9062,32.8334
7620002.0,25.4858,33.7942,37.6892
7628002.0,26.0128,33.5338,41.8101
7636002.0,27.5027,32.9972,44.927
7644002.0,28.0952,32.9171,48.4777
7652002.0,28.9402,33.3262,2.9683900000000003
7660002.0,29.6538,33.5781,6.78488
7668002.0,31.4329,33.7155,12.2718
7676002.0,32.3454,33.4035,17.7306
7684002.0,33.1488,33.3446,22.0197
7692002.0,34.6355,33.9971,27.1674
7700002.0,34.9767,34.0411,31.6063
7708002.0,35.066,34.1471,36.2389
7716002.0,36.1147,34.5023,40.4999
7724002.0,36.8517,33.7386,44.2298
7732002.0,38.3998,34.1314,49.4282
7740002.0,40.5999,34.7523,4.53639
7748002.0,41.1578,34.813,8.92309
7756002.0,42.1479,34.8314,12.4627
7764002.0,42.5446,35.0833,17.1234
7772002.0,42.5031,34.6568,20.8468
7780002.0,42.4883,34.5796,25.5383
7788002.0,42.7526,34.5507,30.6378
7796002.0,43.5399,34.3808,35.2669
7804002.0,44.5148,34.2248,39.7494
7812002.0,45.2638,34.1523,45.1307
7820002.0,46.3372,34.0024,0.0722447
7828002.0,47.3991,34.3181,5.32505
7836002.0,48.0432,33.8417,10.5593
7844002.0,48.8234,33.6129,14.9245
7852002.0,49.0056,33.313,20.0249
7860002.0,49.4351,33.3067,24.7867
7868002.0,0.264678,33.3271,29.6696
7876002.0,0.682545,33.8228,34.8415
7884002.0,1.3027600000000001,33.9442,39.1122
7892002.0,3.4920699999999996,34.0487,44.011
7900002.0,3.64869,34.2692,48.6515
7908002.0,3.98446,34.439,3.70654
7916002.0,4.2476,33.8714,8.33888
7924002.0,4.10114,33.2717,12.4922
7932002.0,4.51058,33.3027,16.3688
7940002.0,4.95531,33.0235,20.2595
7948002.0,5.55949,32.8156,24.2648
7956002.0,5.86865,32.8259,28.6558
7964002.0,5.7203599999999994,32.8923,32.9027
7972002.0,5.36206,32.6275,37.7051
7980002.0,5.25055,32.6151,42.6674
7988002.0,5.220619999999999,32.5471,46.6209
7996002.0,5.12531,32.6255,0.587598
