2.0,10.2395,12.2531,42.6982
8002.0,13.0755,12.4905,44.3237
16002.0,14.4933,12.446,46.2817
24002.0,14.4877,12.2914,49.1667
32002.0,14.9235,11.9205,1.2955299999999998
40002.0,15.4869,11.5731,2.76871
48002.0,16.355999999999998,11.1253,5.69885
56002.0,16.3651,11.1489,8.31438
64002.0,15.6253,10.9465,9.77271
72002.0,16.0441,11.1626,11.6251
80002.0,16.0679,11.1988,13.4484
88002.0,16.2316,10.9951,16.2521
96002.0,16.393,10.8498,18.3138
104002.0,16.3335,10.6593,20.5458
112002.0,16.5052,10.1204,21.4203
120002.0,16.4986,10.1731,22.6915
128002.0,16.7728,10.0488,24.749000000000002
136002.0,17.5893,10.0567,26.6889
144002.0,17.9051,10.3479,27.9401
152002.0,18.6737,10.2769,29.189
160002.0,21.5246,10.0664,29.7043
168002.0,21.8739,9.44352,30.6196
176002.0,21.5041,8.94015,32.2534
184002.0,21.5538,9.20018,34.0005
192002.0,22.171,9.28992,35.9382
200002.0,22.4272,9.22675,38.5878
208002.0,22.6354,9.19316,40.8579
216002.0,22.7905,9.25347,43.7317
224002.0,22.7773,9.271939999999999,46.8783
232002.0,23.3993,9.41095,0.623287
240002.0,23.6246,9.21994,3.9752
248002.0,23.8176,8.91545,6.32828
256002.0,24.6635,8.865219999999999,8.70995
264002.0,25.0353,8.943060000000001,11.1528
272002.0,26.3892,8.936119999999999,13.485
280002.0,26.3487,8.35844,14.4882
288002.0,26.6625,8.31963,16.9508
296002.0,26.7355,8.303510000000001,18.7838
304002.0,27.054000000000002,8.04648,21.0442
312002.0,28.1502,8.07513,22.8255
320002.0,29.3956,8.184289999999999,24.7341
328002.0,30.8187,7.9992399999999995,26.8919
336002.0,32.1092,7.89653,28.5471
344002.0,32.7542,7.927739999999999,30.2218
352002.0,33.6109,7.72163,31.7906
360002.0,34.4901,7.51755,33.3172
368002.0,35.7859,7.401680000000001,34.6516
376002.0,36.2362,7.24034,35.7883
384002.0,37.0813,7.131819999999999,36.4524
392002.0,37.4806,6.86159,37.6992
400002.0,37.2831,6.7577300000000005,39.3602
408002.0,37.150999999999996,6.49523,41.0132
416002.0,36.9649,6.29197,42.2996
424002.0,37.2822,6.22383,43.9299
432002.0,37.764,6.28596,44.9852
440002.0,38.1057,6.166930000000001,47.3187
448002.0,38.2609,5.97945,0.05807280000000001
456002.0,38.8323,5.97769,1.84352
464002.0,38.8427,5.93121,2.89778
472002.0,39.1632,5.78801,5.22687
480002.0,39.8753,5.73684,6.744039999999999
488002.0,40.8232,5.73466,7.893839999999999
496002.0,42.1862,5.73223,8.92432
504002.0,41.9246,5.75654,9.72032
512002.0,42.4682,6.10353,10.5436
520002.0,44.4429,6.12753,11.5687
528002.0,46.6933,7.87703,14.0603
536002.0,45.1117,7.56723,16.7776
544002.0,46.2608,7.734780000000001,18.0103
552002.0,47.9174,8.17857,19.2837
560002.0,49.207,8.54332,20.6391
568002.0,0.541626,9.0172,22.226999999999997
576002.0,0.60465,8.91822,24.124000000000002
584002.0,1.13075,8.44041,26.0134
592002.0,2.23484,8.39653,27.2888
600002.0,2.65073,8.35977,28.4313
608002.0,2.59862,8.75704,28.9708
616002.0,3.21665,9.55543,30.9248
624002.0,3.75639,9.848930000000001,32.1925
632002.0,3.80261,9.83743,34.3459
640002.0,4.17395,10.1732,35.9303
648002.0,4.20592,10.3574,37.0929
656002.0,4.03595,10.5398,38.5681
664002.0,4.05765,10.7686,40.3031
672002.0,4.355569999999999,11.0683,43.1416
680002.0,4.2952,11.2572,46.1623
688002.0,5.27532,11.6657,0.461261
696002.0,6.12793,11.9868,2.79547
704002.0,6.31275,12.5626,6.66482
712002.0,7.12396,12.0365,9.741719999999999
720002.0,7.95487,12.1566,12.0507
728002.0,7.320539999999999,11.9662,14.5975
736002.0,7.1818,11.6481,17.4222
744002.0,8.50572,12.4595,18.9098
752002.0,8.03322,12.2374,21.7459
760002.0,9.81585,11.6873,25.0327
768002.0,10.7155,11.5931,28.9036
776002.0,12.1822,11.5166,32.7738
784002.0,11.9745,10.4982,34.7706
792002.0,13.0718,10.4134,35.9973
800002.0,13.3966,10.3243,38.7895
808002.0,13.9197,10.0338,41.0023
816002.0,14.4815,10.4316,44.108999999999995
824002.0,15.6746,10.7089,46.608000000000004
832002.0,17.3202,11.0424,0.12436400000000002
840002.0,17.1587,10.9942,3.29389
848002.0,17.8969,10.8411,5.39743
856002.0,19.4169,10.4169,7.695810000000001
864002.0,21.6334,11.0102,8.91915
872002.0,20.2681,10.6447,11.0387
880002.0,21.5175,11.5155,13.6853
888002.0,23.131999999999998,11.507,16.7138
896002.0,24.8616,11.2457,19.2326
904002.0,25.2529,10.491,21.7588
912002.0,25.8189,9.99208,23.8728
920002.0,26.6643,9.63855,26.8162
928002.0,26.3089,9.71418,28.9767
936002.0,27.0455,9.79504,30.6892
944002.0,27.0138,9.85032,31.5566
952002.0,29.9449,9.88429,33.5785
960002.0,31.1812,9.0174,34.9447
968002.0,32.1033,8.85784,36.7898
976002.0,32.7163,8.42727,38.5755
984002.0,33.6948,8.1938,41.1497
992002.0,33.2587,7.821619999999999,42.3121
1000002.0,34.2128,8.05316,43.8373
1008002.0,35.6146,7.929410000000001,46.1531
1016002.0,36.3526,8.04135,48.5622
1024002.0,37.0327,8.012030000000001,1.6731900000000002
1032002.0,37.4974,7.44645,2.79359
1040002.0,38.7914,7.67437,5.13514
1048002.0,39.0663,7.67968,7.3797
1056002.0,40.0286,7.8377,8.96247
1064002.0,40.4328,8.12981,11.4475
1072002.0,40.7423,8.07725,14.3086
1080002.0,41.748000000000005,7.79893,15.7734
1088002.0,42.408,7.776680000000001,17.5047
1096002.0,43.3951,7.88294,18.6942
1104002.0,44.2076,7.13094,20.7313
1112002.0,43.7856,6.744339999999999,23.7435
1120002.0,44.5634,6.26017,25.802
1128002.0,44.6606,6.08211,27.8843
1136002.0,44.9946,6.14489,30.039
1144002.0,46.6428,5.563280000000001,32.0279
1152002.0,47.8627,5.7068,34.2533
1160002.0,48.3496,5.26497,36.1319
1168002.0,0.0436725,5.09539,37.2831
1176002.0,2.0507,4.69454,38.8205
1184002.0,2.2856,4.30858,40.0054
1192002.0,2.8378,4.16319,40.9005
1200002.0,3.10117,4.09765,41.4989
1208002.0,4.85171,4.22892,42.863
1216002.0,5.76069,3.90392,42.8068
1224002.0,7.5934,3.9697400000000003,43.958
1232002.0,9.24424,4.12062,45.4793
1240002.0,10.1505,3.2868,46.3852
1248002.0,10.6132,3.12493,47.4862
1256002.0,11.5417,3.6396599999999997,47.4924
1264002.0,11.6384,3.47325,48.2912
1272002.0,12.205,3.71001,0.7917
1280002.0,13.4956,4.04551,3.02808
1288002.0,14.1863,3.61855,3.70319
1296002.0,14.5303,3.59816,5.43023
1304002.0,14.4756,4.03078,6.00453
1312002.0,14.9005,3.8317900000000003,7.3112
1320002.0,15.4255,3.5146,7.733210000000001
1328002.0,15.6119,3.5195,8.54873
1336002.0,15.8009,3.49954,9.2021
1344002.0,16.1364,3.4457,9.73638
1352002.0,16.4858,3.3554800000000005,11.0683
1360002.0,16.6641,3.50222,12.0677
1368002.0,17.1229,3.509,12.9145
1376002.0,17.6192,3.5550800000000002,13.8264
1384002.0,18.0753,3.47813,14.3016
1392002.0,18.605,3.48769,14.8804
1400002.0,19.3554,3.44236,15.8879
1408002.0,19.8435,3.4322,16.4835
1416002.0,19.7389,3.6069699999999996,17.4504
1424002.0,19.9349,3.5521,18.5354
1432002.0,19.7763,3.5949,19.7459
1440002.0,20.51,3.5511,21.0243
1448002.0,20.9684,3.5989,21.6295
1456002.0,21.8896,3.5837,22.1556
1464002.0,22.1367,3.62425,22.2326
1472002.0,23.8734,3.81429,23.1097
1480002.0,24.3267,3.6514900000000003,23.3435
1488002.0,25.5523,3.61475,23.9989
1496002.0,25.8844,3.4499699999999995,24.8097
1504002.0,27.0533,3.53396,25.0608
1512002.0,27.2466,3.67391,25.6089
1520002.0,27.338,3.59208,26.1093
1528002.0,27.4571,3.4266199999999998,26.9763
1536002.0,27.4828,3.16079,27.434
1544002.0,27.4346,3.1807,27.9652
1552002.0,28.2989,3.2147099999999997,28.1558
1560002.0,29.1024,3.09444,29.7971
1568002.0,29.7401,2.82418,30.7919
1576002.0,29.7209,2.79426,31.7043
1584002.0,29.6731,3.0853599999999997,33.2452
1592002.0,29.4493,3.26817,34.0217
1600002.0,29.5908,3.3404199999999995,35.118
1608002.0,29.6979,3.24785,36.1399
1616002.0,30.4202,3.12308,36.9978
1624002.0,31.0093,3.3533699999999995,38.7357
1632002.0,31.9318,3.322,39.8012
1640002.0,32.439,3.23332,41.0356
1648002.0,32.653,3.36659,41.6663
1656002.0,32.5805,3.09095,42.5805
1664002.0,32.8962,2.9324,43.8249
1672002.0,33.4425,3.06756,44.858999999999995
1680002.0,33.5261,2.8816200000000003,46.0869
1688002.0,33.2605,3.02528,47.086000000000006
1696002.0,33.4528,3.04887,47.7845
1704002.0,33.0819,3.19463,49.0011
1712002.0,32.6555,3.26231,0.510698
1720002.0,32.5286,3.4743199999999996,1.06641
1728002.0,33.2199,3.7288099999999997,1.3181399999999999
1736002.0,33.4161,3.5912300000000004,2.10708
1744002.0,33.4775,3.55974,3.3974599999999997
1752002.0,33.423,3.34789,4.13709
1760002.0,33.0967,3.16775,5.21526
1768002.0,33.1424,3.09577,5.541
1776002.0,33.409,3.0257099999999997,6.28803
1784002.0,33.8044,3.01821,7.03971
1792002.0,34.263000000000005,3.01117,7.51213
1800002.0,34.8699,2.97916,8.67977
1808002.0,35.391999999999996,2.83688,8.93259
1816002.0,35.7633,2.6548700000000003,8.95958
1824002.0,35.6769,2.5693099999999998,9.67015
1832002.0,36.1294,2.54997,10.3489
1840002.0,37.1489,2.65888,10.6298
1848002.0,37.6356,2.79462,11.378
1856002.0,37.8173,2.7741599999999997,11.7997
1864002.0,38.0801,2.78035,12.3027
1872002.0,38.2939,2.62949,12.9957
1880002.0,38.0623,2.7938099999999997,13.2213
1888002.0,38.364000000000004,3.18174,13.6351
1896002.0,38.724000000000004,3.29469,14.1311
1904002.0,38.8044,3.83932,14.4715
1912002.0,38.4568,3.94581,15.5984
1920002.0,37.6391,3.90297,16.8332
1928002.0,37.4444,3.5438400000000003,18.2007
1936002.0,36.9042,3.61116,18.8938
1944002.0,36.8345,3.9807900000000003,20.2998
1952002.0,36.6738,3.9946599999999997,21.581
1960002.0,35.7402,4.54645,22.6415
1968002.0,35.6534,4.50473,23.7541
1976002.0,35.5644,4.5323400000000005,24.6455
1984002.0,35.5952,4.67835,25.9076
1992002.0,35.578,4.76045,27.4289
2000002.0,35.9345,4.93775,28.4098
2008002.0,35.8475,4.99836,29.8353
2016002.0,36.1537,5.18765,30.6498
2024002.0,36.5891,4.946940000000001,30.5348
2032002.0,37.0311,4.89083,30.8965
2040002.0,37.5135,4.9192,31.5544
2048002.0,38.1463,4.96891,33.2914
2056002.0,39.1713,5.16058,33.7761
2064002.0,39.5787,5.37044,34.524
2072002.0,41.2601,5.70207,35.1789
2080002.0,41.6135,5.95258,35.6135
2088002.0,41.8657,5.8232800000000005,36.4827
2096002.0,41.5295,5.732819999999999,37.3354
2104002.0,42.1739,5.7745,38.3704
2112002.0,42.3716,5.76783,39.7987
2120002.0,42.7182,5.64914,41.9884
2128002.0,42.5323,5.60358,42.8449
2136002.0,43.0617,5.34542,44.6317
2144002.0,43.1164,5.396,45.6214
2152002.0,43.4303,5.23441,47.1793
2160002.0,43.5647,5.18185,48.8361
2168002.0,43.8065,4.87791,1.1113600000000001
2176002.0,44.1857,4.39225,2.20817
2184002.0,44.3531,4.2989999999999995,2.21953
2192002.0,44.2306,4.11653,2.2835099999999997
2200002.0,44.0109,4.0660099999999995,2.3263700000000003
2208002.0,43.9779,3.9937,2.7143200000000003
2216002.0,44.2009,3.9539699999999995,3.13765
2224002.0,44.7256,3.5605599999999997,4.30881
2232002.0,44.7214,3.54682,5.1208599999999995
2240002.0,45.1003,3.42429,5.94055
2248002.0,44.772,3.46644,7.08246
2256002.0,44.0438,3.49536,7.522930000000001
2264002.0,44.1689,3.4205400000000004,7.79295
2272002.0,43.7539,3.54605,8.31071
2280002.0,43.3017,3.48673,8.99505
2288002.0,43.2518,3.31954,10.1073
2296002.0,43.0838,3.6245300000000005,11.1601
2304002.0,42.9551,3.4779,12.0936
2312002.0,43.2371,3.5075199999999995,12.9981
2320002.0,43.8693,3.3796699999999995,13.3157
2328002.0,43.9649,2.91052,13.1124
2336002.0,43.7376,2.80822,7.99326
2344002.0,45.016000000000005,2.47755,9.9932
2352002.0,45.2121,2.69493,11.9691
2360002.0,46.1128,2.84424,13.1416
2368002.0,46.8885,2.72812,14.8147
2376002.0,46.5325,2.7021599999999997,15.6081
2384002.0,46.621,2.61502,16.314
2392002.0,46.8902,2.66735,17.2428
2400002.0,47.3427,2.71295,17.8476
2408002.0,47.4388,2.79318,18.3309
2414002.0,47.7034,2.8912,18.9701
2422002.0,48.3885,3.06397,20.56
2430002.0,0.07482330000000001,3.05979,21.1052
2438002.0,1.33362,3.01735,22.9415
2446002.0,2.01132,2.87245,23.7713
2454002.0,2.58262,2.6503400000000004,24.0566
2462002.0,2.9089,2.44225,24.5538
2470002.0,3.53986,2.46101,24.9882
2478002.0,3.8401300000000003,2.50412,25.9582
2486002.0,4.17547,2.6249700000000002,26.6139
2494002.0,4.15955,2.5179400000000003,27.9091
2502002.0,4.29579,2.53249,28.5275
2510002.0,4.59928,2.5602,29.2696
2518002.0,5.158869999999999,2.45554,30.6591
2526002.0,5.55932,2.49802,31.5501
2534002.0,5.57279,2.4418599999999997,31.5779
2542002.0,5.520169999999999,2.4224799999999997,32.5497
2550002.0,5.7455300000000005,2.44633,33.9489
2558002.0,6.08845,2.34965,34.6344
2566002.0,6.87839,2.2885,34.6789
2574002.0,7.3165,2.26938,36.0028
2582002.0,7.682910000000001,2.32823,36.7615
2590002.0,8.63294,2.3122700000000003,37.7341
2598002.0,9.185319999999999,2.38705,38.4944
2606002.0,9.89167,2.44108,39.5686
2614002.0,10.3484,2.41935,40.8162
2622002.0,10.7426,2.29597,41.934
2630002.0,11.782,2.43351,42.0906
2638002.0,11.8996,2.39181,42.1554
2646002.0,12.2571,2.35628,42.6123
2654002.0,12.9151,2.31771,43.0472
2662002.0,12.9496,2.37278,44.0924
2670002.0,13.0538,2.35031,45.9675
2678002.0,13.3059,2.36332,47.951
2686002.0,14.5305,2.4415,48.9948
2694002.0,15.2301,2.3811299999999997,0.14769000000000002
2702002.0,15.6275,2.41227,1.37396
2710002.0,16.4204,2.36573,2.23884
2718002.0,17.5888,2.50299,3.29431
2726002.0,17.945,2.37337,3.65239
2734002.0,18.1122,2.60927,4.59132
2742002.0,18.561,2.4241900000000003,5.17965
2750002.0,18.8977,2.5218700000000003,5.8275
2758002.0,18.788,2.44207,7.03826
2766002.0,18.9851,2.50422,8.27842
2774002.0,18.8187,2.50813,8.55575
2782002.0,19.0806,2.44227,9.32708
2790002.0,19.1275,2.50602,10.4591
2798002.0,19.208,2.53828,11.575999999999999
2806002.0,19.9804,2.76273,14.0935
2814002.0,20.320999999999998,2.92263,15.9793
2822002.0,20.5886,3.0407599999999997,17.2834
2830002.0,20.8658,3.2597400000000003,18.2963
2838002.0,21.0006,3.1082,19.4475
2846002.0,21.8421,3.33419,20.3338
2854002.0,22.0301,3.45664,21.9844
2862002.0,22.0785,3.4964,23.355
2870002.0,21.9617,3.41068,24.316999999999997
2878002.0,21.8093,3.2682599999999997,24.7129
2886002.0,21.8221,3.39725,25.3542
2894002.0,21.9988,3.33584,25.9366
2902002.0,22.3404,3.30524,27.4426
2910002.0,22.6037,3.42323,28.463
2918002.0,22.4437,3.2103599999999997,29.1595
2926002.0,22.8973,3.3138199999999998,30.553
2934002.0,23.1516,4.18893,31.9935
2942002.0,23.8111,5.17834,33.9612
2950002.0,23.8883,5.25873,35.3079
2958002.0,24.4429,5.3769599999999995,36.7555
2966002.0,25.0459,5.54782,38.0748
2974002.0,25.5181,5.6174800000000005,38.6729
2982002.0,25.9178,5.728280000000001,40.6506
2990002.0,26.1859,6.640969999999999,41.2178
2998002.0,26.8891,6.222580000000001,42.2115
3006002.0,27.3513,6.2887,43.558
3014002.0,28.1079,6.31146,45.2975
3022002.0,28.8877,6.43229,46.2515
3030002.0,29.7113,6.6420699999999995,0.192389
3038002.0,30.1393,6.713310000000001,2.29203
3046002.0,30.5656,6.727989999999999,4.0446800000000005
3054002.0,30.8011,6.4840599999999995,4.910880000000001
3062002.0,30.4364,6.26724,5.704969999999999
3070002.0,31.0715,6.44195,7.526680000000001
3078002.0,31.5942,6.587330000000001,9.369819999999999
3086002.0,32.2406,6.63088,11.2365
3094002.0,32.5812,6.50611,13.2558
3102002.0,32.373000000000005,6.28587,14.8764
3110002.0,33.4988,5.94449,17.3621
3118002.0,34.0829,5.63563,19.7368
3126002.0,34.879,5.36338,21.8724
3134002.0,36.1324,5.0486,23.4939
3142002.0,36.6934,4.88589,25.0915
3150002.0,37.8321,4.865880000000001,26.3367
3158002.0,40.2596,4.9275400000000005,27.7486
3166002.0,41.1875,4.95903,28.6257
3174002.0,41.542,4.88007,29.3919
3182002.0,42.4483,4.8617300000000006,31.4011
3190002.0,43.7542,4.9768,33.016
3198002.0,44.5059,4.84017,35.0514
3206002.0,46.0293,4.57774,37.1538
3214002.0,47.4247,4.17269,38.284
3222002.0,49.1288,3.8741800000000004,40.4729
3230002.0,0.393343,3.39566,42.2823
3238002.0,1.02176,3.18974,43.7418
3246002.0,1.4173200000000001,3.3816800000000002,44.6725
3254002.0,1.35172,3.35331,45.7082
3262002.0,1.67055,3.41764,46.7269
3270002.0,1.9779200000000001,3.4496599999999997,48.0346
3278002.0,1.62703,3.6535900000000003,49.0689
3286002.0,1.9777099999999999,3.8803900000000002,0.8311440000000001
3294002.0,2.10815,3.62071,1.8604599999999998
3302002.0,2.25495,3.28365,3.7297800000000003
3310002.0,2.51943,3.04217,4.84786
3318002.0,2.51133,2.96441,5.69724
3326002.0,3.02691,3.3011,7.040889999999999
3334002.0,3.39906,3.07246,8.1783
3342002.0,3.19207,3.1956900000000004,9.418989999999999
3350002.0,3.2961,3.29653,10.8609
3358002.0,3.65245,3.2989300000000004,11.9978
3366002.0,4.32707,3.2830699999999995,13.3865
3374002.0,4.7483699999999995,3.3896800000000002,14.6457
3382002.0,4.78191,3.57859,15.9879
3390002.0,5.16633,3.6547199999999997,16.77
3398002.0,5.27044,3.63455,18.0106
3406002.0,5.23568,3.6882099999999998,19.2578
3414002.0,5.80081,3.6307300000000002,20.6059
3422002.0,6.43521,3.8223,21.5056
3430002.0,6.77067,3.90421,23.1149
3438002.0,6.54243,3.90113,24.8458
3446002.0,6.02029,3.51232,26.7167
3454002.0,5.255780000000001,3.08466,27.4479
3462002.0,5.06535,3.4269800000000004,28.1168
3470002.0,4.8063,3.5563800000000003,28.8926
3478002.0,5.10795,3.7862400000000003,29.8518
3486002.0,4.965730000000001,3.8535,30.7599
3494002.0,5.6984699999999995,3.8031900000000003,32.3834
3502002.0,5.4896400000000005,3.64431,33.0758
3510002.0,6.628769999999999,3.63918,34.2339
3518002.0,6.58011,3.6350800000000003,35.554
3526002.0,7.3578600000000005,3.6284099999999997,37.219
3534002.0,7.4299,3.5468900000000003,38.2479
3542002.0,5.9602,4.67325,38.4646
3550002.0,5.77476,5.03481,39.2717
3558002.0,5.4582,5.10997,40.0243
3566002.0,5.76316,5.19695,40.9455
3574002.0,6.03183,5.20026,42.9291
3582002.0,6.340330000000001,5.19755,45.0268
3590002.0,6.19051,5.23134,47.2035
3598002.0,6.40019,5.06271,49.3877
3606002.0,6.6773,5.15379,1.10107
3614002.0,6.829089999999999,5.03072,1.9069999999999998
3622002.0,7.65835,4.835430000000001,1.68566
3630002.0,7.8711199999999995,4.86618,2.88477
3638002.0,8.07597,4.882630000000001,4.099559999999999
3646002.0,9.01704,4.95477,6.05724
3654002.0,8.84247,5.11345,7.77215
3662002.0,9.54337,5.046119999999999,9.28204
3670002.0,9.95541,4.97267,10.9699
3678002.0,9.6922,5.2161599999999995,13.1046
3686002.0,9.91715,5.42433,14.8133
3694002.0,10.5299,5.45087,16.5466
3702002.0,11.3201,5.50231,18.4964
3710002.0,11.7866,5.432840000000001,19.9973
3718002.0,11.9913,5.59836,21.4633
3726002.0,12.0735,5.71282,22.8538
3734002.0,12.3545,5.81192,24.221
3742002.0,12.5916,5.98233,25.0925
3750002.0,12.5234,6.05321,26.2924
3758002.0,13.0821,6.146809999999999,27.4316
3766002.0,13.6453,6.25462,29.1437
3774002.0,14.7346,6.42201,30.728
3782002.0,15.1299,6.66745,32.6187
3790002.0,15.9232,6.97233,33.8456
3798002.0,16.4454,7.1543399999999995,34.527
3806002.0,16.6084,7.21364,35.3508
3814002.0,17.0792,7.58171,36.2536
3822002.0,16.8558,7.78551,37.6897
3830002.0,16.5289,7.71673,39.0312
3838002.0,16.4846,8.06074,40.977
3846002.0,15.4422,9.06445,43.6177
3854002.0,14.9825,9.47826,45.0787
3862002.0,14.7691,9.0471,47.5402
3870002.0,15.2564,8.895769999999999,0.410774
3878002.0,15.3388,8.57268,2.82628
3886002.0,14.2094,8.23241,3.30819
3894002.0,14.085,9.096789999999999,3.6151800000000005
3902002.0,13.9914,7.9888699999999995,6.13874
3910002.0,14.3836,8.09323,7.81878
3918002.0,14.94,8.46396,9.43623
3926002.0,16.730999999999998,8.995460000000001,10.0195
3934002.0,17.3455,9.19111,10.9871
3942002.0,18.1572,9.1433,12.3531
3950002.0,18.4773,9.37027,14.2044
3958002.0,19.0707,9.130360000000001,16.7037
3966002.0,19.8,9.03068,18.5705
3974002.0,20.7774,8.490839999999999,20.072
3982002.0,21.1141,7.6462699999999995,21.4801
3990002.0,21.9596,7.641210000000001,23.0515
3998002.0,22.9555,7.92185,24.4442
4006002.0,23.5286,7.806660000000001,25.6651
4014002.0,24.0701,7.50661,27.2122
4022002.0,24.9008,6.96582,27.9072
4030002.0,25.3486,6.83745,29.2231
4038002.0,26.5996,6.9665,29.8915
4046002.0,27.8321,6.701289999999999,31.2255
4054002.0,28.7719,6.28019,33.0784
4062002.0,29.1166,5.76322,34.5885
4070002.0,29.0098,5.469609999999999,35.9477
4078002.0,28.9225,5.64216,37.8655
4086002.0,28.9312,5.70561,39.3864
4094002.0,28.9734,5.79052,40.3016
4102002.0,28.6985,5.72613,41.0338
4110002.0,28.815,5.70305,42.0049
4118002.0,29.1725,5.617030000000001,42.7981
4126002.0,29.5696,5.65186,44.1639
4134002.0,29.42,5.5209,44.7913
4142002.0,29.3277,5.431,45.8932
4150002.0,29.539,5.3602099999999995,46.7388
4158002.0,29.9234,5.26045,47.79600000000001
4166002.0,30.0814,5.08488,48.6744
4174002.0,30.074,5.0099599999999995,0.751075
4182002.0,30.1881,4.9046400000000006,1.36799
4190002.0,30.9991,5.15721,2.20741
4198002.0,31.7715,5.36551,3.98461
4206002.0,32.1278,5.45391,5.82556
4214002.0,33.0093,5.87625,8.44938
4222002.0,33.9872,6.14404,11.0872
4230002.0,35.0579,6.32297,12.7308
4238002.0,37.004,6.59658,15.0472
4246002.0,38.0081,6.93089,16.7912
4254002.0,39.4521,7.154560000000001,19.2346
4262002.0,40.1306,6.830769999999999,21.1657
4270002.0,40.7902,6.78414,22.1996
4278002.0,41.7585,6.866810000000001,23.7271
4286002.0,42.7345,7.00788,25.7832
4294002.0,43.0893,7.017410000000001,27.2482
4302002.0,43.5216,7.167039999999999,28.7291
4310002.0,44.2992,6.98375,30.1283
4318002.0,44.7598,7.057810000000001,31.1622
4326002.0,44.6627,6.894310000000001,32.5429
4334002.0,44.9361,6.7035,33.3339
4342002.0,45.1898,6.80368,34.4148
4350002.0,45.3695,6.58224,35.9104
4358002.0,45.5791,6.630160000000001,37.3127
4366002.0,45.8211,6.7091899999999995,38.2486
4374002.0,46.3115,6.91293,39.1684
4382002.0,46.3668,6.62965,39.9516
4390002.0,46.8316,6.78958,41.3761
4398002.0,46.4422,6.67385,42.7182
4406002.0,46.931000000000004,6.735860000000001,44.388000000000005
4414002.0,46.5411,6.439030000000001,45.2033
4422002.0,47.0502,5.5582,44.9003
4430002.0,45.1025,5.7798300000000005,47.0006
4438002.0,45.6875,5.46551,47.6917
4446002.0,46.3732,5.25662,48.4103
4454002.0,47.0442,5.34535,0.13380899999999998
4462002.0,47.2235,4.9722800000000005,0.8202280000000001
4470002.0,47.5033,4.97269,1.8544
4478002.0,47.9401,4.97422,2.61536
4486002.0,48.3559,5.11839,3.40254
4494002.0,48.9045,4.9544,4.98948
4502002.0,0.72749,5.22769,6.0438
4510002.0,0.5987359999999999,4.830419999999999,7.26353
4518002.0,0.292236,4.45929,7.196789999999999
4526002.0,1.00104,4.35122,8.17221
4534002.0,2.35621,4.67888,8.45116
4542002.0,2.60879,4.89829,8.74245
4550002.0,2.94876,4.73764,10.4041
4558002.0,3.73084,4.784330000000001,11.5475
4566002.0,4.49552,4.92966,12.1635
4574002.0,5.13057,5.09815,12.8137
4582002.0,6.43959,5.21103,13.4484
4590002.0,7.82293,5.38788,14.542
4598002.0,8.64248,5.61067,15.3683
4606002.0,9.62947,5.50398,15.5303
4614002.0,10.1557,5.77185,16.3762
4622002.0,10.4429,5.92676,16.9339
4630002.0,11.1378,6.155469999999999,17.5402
4638002.0,11.7389,6.0399,17.5926
4646002.0,11.8146,6.14856,18.0716
4654002.0,11.9638,6.01105,18.3415
4662002.0,12.609000000000002,5.97992,18.8401
4670002.0,12.796,6.2522199999999994,19.5295
4678002.0,13.4477,6.457409999999999,20.4144
4686002.0,13.7962,6.28619,20.97
4694002.0,14.3724,6.58754,22.8792
4702002.0,14.1582,6.95804,24.1558
4710002.0,14.3385,6.751510000000001,25.3242
4718002.0,14.2833,6.671360000000001,26.3687
4726002.0,14.3078,6.4251,26.9483
4734002.0,14.8607,6.2533,26.9265
4742002.0,15.3684,6.4814,28.2878
4750002.0,15.7022,6.494269999999999,29.5612
4758002.0,15.8856,6.31651,30.776
4760002.0,15.8113,6.3063199999999995,30.8477
4768002.0,16.9917,6.09485,34.4147
4776002.0,17.7545,5.8215699999999995,35.7678
4784002.0,18.8638,5.9153400000000005,37.3347
4792002.0,19.2297,6.06498,38.8052
4800002.0,19.9859,6.2426699999999995,40.268
4808002.0,20.8338,6.4650099999999995,42.3806
4816002.0,21.7624,6.51834,44.1327
4824002.0,23.0422,6.718389999999999,45.3832
4832002.0,23.4275,6.86821,46.9811
4840002.0,23.2534,6.94724,48.7945
4848002.0,22.9603,6.93918,0.6559470000000001
4856002.0,23.0427,6.570810000000001,2.13345
4864002.0,22.3535,6.4972900000000005,4.4686699999999995
4872002.0,23.676,6.36336,5.92513
4880002.0,23.7999,6.13015,7.432930000000001
4888002.0,23.6173,6.009469999999999,8.706760000000001
4896002.0,24.0898,5.85304,10.3377
4904002.0,25.2362,5.99571,11.2086
4912002.0,25.6241,5.88079,13.0063
4920002.0,27.4326,6.02008,14.2391
4928002.0,28.7255,5.7819400000000005,15.735
4936002.0,29.2318,5.97887,17.4876
4944002.0,29.5716,6.40331,19.0787
4952002.0,29.791999999999998,6.42748,21.1989
4960002.0,29.7695,6.21429,22.859
4968002.0,30.0629,6.19874,24.491999999999997
4976002.0,30.5858,6.34342,25.8101
4984002.0,30.9798,6.04651,27.1196
4992002.0,32.0613,6.2868,28.5434
5000002.0,32.7861,6.42705,29.4449
5008002.0,34.0708,6.48219,32.6121
5016002.0,34.3919,5.82105,33.7149
5024002.0,35.2258,6.4634,35.2464
5032002.0,35.4175,6.3153,36.6602
5040002.0,36.2409,6.154319999999999,37.976
5048002.0,37.0548,5.9693,38.4183
5056002.0,38.2165,5.97198,39.8071
5064002.0,38.7811,6.10417,40.7067
5072002.0,39.836999999999996,6.662889999999999,41.8675
5080002.0,40.9997,6.66512,43.6617
5088002.0,41.5424,6.32395,44.5378
5096002.0,42.5593,5.95349,45.3692
5104002.0,43.6573,6.37734,47.8546
5112002.0,43.7164,5.89046,0.156505
5120002.0,43.8739,6.33091,2.22922
5128002.0,44.6228,5.84676,3.1691700000000003
5136002.0,44.6773,5.7361699999999995,3.9924
5144002.0,44.7164,5.56902,5.51916
5152002.0,44.5151,5.504230000000001,7.445930000000001
5160002.0,44.9108,6.271719999999999,8.95071
5168002.0,45.8042,6.95282,10.3882
5176002.0,46.2428,6.891439999999999,12.8525
5184002.0,46.4789,7.080030000000001,14.9304
5192002.0,46.4362,7.27975,16.8526
5200002.0,46.8297,7.6062199999999995,18.945
5208002.0,47.1844,8.20962,20.8973
5216002.0,47.4777,8.4559,23.9536
5224002.0,48.6885,8.63032,26.6186
5232002.0,49.0721,8.81983,29.9321
5240002.0,49.1229,9.01496,32.191
5248002.0,0.691679,7.80018,34.4315
5256002.0,1.09576,7.383439999999999,36.1525
5264002.0,1.5619299999999998,7.132739999999999,38.2165
5272002.0,2.23942,7.207889999999999,40.1466
5280002.0,2.64316,7.20355,42.5313
5288002.0,2.61033,7.40602,44.2328
5296002.0,2.84269,7.56894,45.9284
5304002.0,3.9956,7.48358,48.3477
5312002.0,4.68499,7.6331,0.291732
5320002.0,4.91892,7.70777,1.58344
5328002.0,5.12568,7.471010000000001,2.69955
5336002.0,5.532019999999999,7.407780000000001,4.82144
5344002.0,6.77341,7.32654,6.74137
5352002.0,7.23175,7.0900300000000005,8.42382
5360002.0,7.07866,6.8901699999999995,9.709660000000001
5368002.0,7.273,6.73912,11.8155
5376002.0,7.4621699999999995,6.729489999999999,13.7076
5384002.0,7.6967300000000005,6.72403,15.3103
5392002.0,7.69268,6.7202,15.8229
5400002.0,7.717969999999999,6.46087,17.1522
5408002.0,7.86233,6.61976,18.0341
5416002.0,8.05926,6.6304,19.6566
5424002.0,8.32423,6.7838199999999995,20.6832
5432002.0,8.585,6.83573,21.9616
5440002.0,9.771460000000001,6.95891,23.2374
5448002.0,10.2598,6.96166,25.473000000000003
5456002.0,10.3158,6.89887,27.8762
5464002.0,10.8606,7.27988,29.6669
5472002.0,10.7949,7.5486699999999995,31.2515
5480002.0,11.4791,7.4489399999999995,32.5769
5488002.0,12.6987,8.04928,34.4524
5496002.0,13.0807,7.847689999999999,36.3481
5504002.0,13.7397,7.7698,38.0078
5512002.0,14.3725,7.412260000000001,39.0607
5520002.0,15.294,7.5173,40.6877
5528002.0,16.0373,7.6623600000000005,42.6633
5536002.0,16.3752,7.85306,43.809
5544002.0,16.8269,7.54241,45.341
5552002.0,17.3478,7.13775,47.3571
5560002.0,17.4116,6.724260000000001,49.3935
5568002.0,17.9492,6.5303,1.3045799999999999
5576002.0,18.4603,6.48157,2.16058
5584002.0,18.5694,6.30959,4.11698
5592002.0,19.1061,6.39764,6.52829
5600002.0,19.3458,6.0023599999999995,8.57207
5608002.0,19.8704,5.90739,10.7395
5616002.0,20.3722,5.73275,12.4742
5624002.0,20.7609,5.84445,12.9632
5632002.0,20.8158,5.954619999999999,13.1342
5640002.0,21.5242,6.6680399999999995,14.0922
5648002.0,21.5925,7.010860000000001,15.8166
5656002.0,21.8532,7.263089999999999,17.845
5664002.0,22.0095,7.4541699999999995,19.2866
5672002.0,22.5611,7.10182,20.4929
5680002.0,22.6546,7.02163,21.6978
5688002.0,23.2148,7.26807,23.2368
5696002.0,23.8608,7.380510000000001,24.3083
5704002.0,24.5726,7.39814,26.232
5712002.0,25.1436,7.418889999999999,27.9506
5720002.0,25.6737,7.7208,29.8112
5728002.0,26.2733,8.08343,31.3075
5736002.0,26.6944,8.106819999999999,33.1477
5744002.0,27.3643,7.89467,36.3204
5752002.0,27.7301,7.70425,38.5736
5760002.0,27.418000000000003,7.69026,40.4188
5768002.0,27.6334,8.02542,41.3804
5776002.0,28.0679,7.790610000000001,43.6288
5784002.0,28.6347,7.7476899999999995,45.812
5792002.0,29.4472,7.6307,47.9426
5800002.0,30.5597,7.741969999999999,1.72728
5808002.0,31.9014,7.6526,3.44164
5816002.0,33.6879,7.589919999999999,5.044169999999999
5824002.0,34.0253,7.53795,5.86825
5832002.0,34.3394,7.83241,6.97662
5840002.0,34.0494,7.83466,8.173960000000001
5848002.0,34.9588,8.288969999999999,9.61562
5856002.0,34.0635,8.385539999999999,10.8388
5864002.0,36.4504,8.2272,11.9958
5872002.0,36.9082,7.851780000000001,13.7095
5880002.0,37.3718,7.446960000000001,15.58
5888002.0,37.9159,7.216189999999999,17.7425
5896002.0,39.2064,6.89837,18.577
5904002.0,39.5248,6.70861,20.2887
5912002.0,39.834,6.807010000000001,21.9197
5920002.0,40.6925,6.93965,22.2447
5928002.0,41.965,6.94665,23.7894
5936002.0,42.4716,6.00303,26.875
5944002.0,44.402,5.90278,28.0474
5952002.0,45.788000000000004,7.448189999999999,29.4968
5960002.0,44.7986,10.3359,32.1975
5968002.0,45.4533,9.80433,34.5111
5976002.0,46.3288,9.752369999999999,37.4364
5984002.0,46.3945,9.44392,40.1515
5992002.0,47.6518,9.381860000000001,43.1499
6000002.0,48.1314,9.13718,46.1606
6008002.0,48.2435,9.07188,48.9356
6016002.0,49.3571,9.27947,0.545538
6024002.0,2.34166,9.78837,2.86963
6032002.0,2.4621299999999997,9.343910000000001,5.141030000000001
6040002.0,2.84023,9.770610000000001,6.67207
6048002.0,1.8279299999999998,9.23518,8.06944
6056002.0,2.7964700000000002,8.77599,10.4369
6064002.0,3.3006900000000003,9.24729,12.6695
6072002.0,3.97115,9.0809,13.1487
6080002.0,5.12613,8.786,14.7379
6088002.0,5.2435,8.23925,15.1884
6096002.0,5.77484,7.912539999999999,16.2073
6104002.0,6.58276,8.07826,17.8344
6112002.0,6.7838,7.8187,20.0553
6120002.0,7.16067,7.167110000000001,22.3399
6128002.0,7.4689,7.27141,24.3262
6136002.0,8.121089999999999,7.25442,26.103
6144002.0,8.2995,6.80815,27.8856
6152002.0,8.754380000000001,6.86759,29.7971
6160002.0,8.82578,7.04577,31.5821
6168002.0,9.51248,7.067010000000001,34.2437
6176002.0,9.40901,7.17323,37.1887
6184002.0,9.99549,7.429310000000001,38.5852
6192002.0,9.5735,7.551710000000001,39.8905
6200002.0,10.3046,7.52026,41.5444
6208002.0,10.6132,7.21875,43.7432
6216002.0,11.4009,6.64715,45.1159
6224002.0,11.299000000000001,6.52653,46.2778
6232002.0,11.2851,5.89309,47.3549
6240002.0,12.6515,5.93956,49.3787
6248002.0,13.8199,5.62447,1.03014
6256002.0,15.107999999999999,5.594119999999999,1.9838900000000002
6264002.0,15.7694,5.48634,3.5318699999999996
6272002.0,16.5849,5.59669,5.1792300000000004
6280002.0,16.5396,5.46001,6.82975
6288002.0,16.5846,5.39733,8.8142
6296002.0,17.5348,5.72618,10.4119
6304002.0,18.0759,6.18053,12.6272
6312002.0,18.6863,7.140969999999999,14.7582
6320002.0,19.6802,7.29092,16.3005
6328002.0,21.0586,7.455010000000001,18.6496
6336002.0,22.2938,6.99804,20.2213
6344002.0,22.4171,6.227,22.1609
6352002.0,22.2812,6.07139,24.1514
6360002.0,22.6191,6.1833,25.6393
6368002.0,22.2831,5.8341199999999995,27.7818
6376002.0,22.6529,5.7839,28.9038
6384002.0,22.8472,5.9073400000000005,30.717
6392002.0,22.9699,5.86369,32.8721
6400002.0,22.7999,6.01544,34.1939
6408002.0,22.8442,6.21415,35.6978
6416002.0,22.833000000000002,6.03641,37.5745
6424002.0,22.8158,6.211880000000001,38.7382
6432002.0,22.9192,6.3671,39.4623
6440002.0,22.7176,6.43276,40.1183
6448002.0,22.6079,6.4084900000000005,41.2971
6456002.0,22.7528,6.4930900000000005,41.8631
6464002.0,23.22,6.56203,42.5589
6472002.0,23.7012,6.50712,45.0336
6480002.0,24.5272,6.3942,46.2416
6488002.0,26.2003,6.01029,47.2238
6496002.0,27.0991,6.23223,48.4552
6504002.0,27.5435,5.6801900000000005,0.431774
6512002.0,27.8738,5.32414,1.78867
6520002.0,27.9772,5.21454,3.0316
6528002.0,27.9806,4.92331,4.99765
6536002.0,27.8065,4.86238,6.712210000000001
6544002.0,27.8584,4.611759999999999,7.62875
6552002.0,27.9893,4.3807,8.33338
6560002.0,28.2257,4.58756,9.17822
6568002.0,29.2543,5.0298099999999994,9.8556
6576002.0,29.5971,5.014390000000001,11.309000000000001
6584002.0,30.1699,5.25231,12.647
6592002.0,30.2087,5.3066699999999996,13.880999999999998
6600002.0,30.8227,5.52879,14.675
6608002.0,31.0268,5.58871,15.7953
6616002.0,31.2217,5.5662,16.156
6624002.0,31.9827,5.35235,16.8603
6632002.0,32.2672,5.62937,17.7313
6640002.0,32.2315,5.61151,18.4738
6648002.0,32.445,5.4512599999999996,19.316
6656002.0,33.7501,5.31114,20.2961
6664002.0,35.5247,5.10278,20.5982
6672002.0,36.9592,4.90305,21.0307
6680002.0,37.3047,5.0241,22.2749
6688002.0,38.0466,5.1035,23.3462
6696002.0,38.7856,5.18674,24.401
6704002.0,39.4363,5.59203,25.6191
6712002.0,40.0308,5.90079,26.8428
6720002.0,40.4651,5.996580000000001,27.9161
6728002.0,40.6311,5.76167,28.809
6736002.0,40.3699,5.41101,29.8984
6744002.0,41.1269,5.83839,31.496
6752002.0,42.3808,6.22233,33.0372
6760002.0,43.1762,6.65573,33.6503
6768002.0,43.3152,6.62107,34.7909
6776002.0,43.2272,6.646710000000001,36.1024
6784002.0,43.4955,6.87375,37.6468
6792002.0,43.9462,6.724289999999999,38.51
6800002.0,44.3358,6.66936,39.4754
6808002.0,44.5359,6.7114,40.3442
6816002.0,44.5529,6.53014,40.8753
6824002.0,44.9104,6.30117,42.0879
6832002.0,45.5972,6.61085,43.4839
6840002.0,45.5557,6.85162,45.1753
6848002.0,45.2656,6.76071,46.5391
6856002.0,45.3345,6.589169999999999,47.6368
6864002.0,45.4284,6.615189999999999,48.7671
6872002.0,45.6124,6.5612,1.16685
6880002.0,46.6042,6.39872,2.18269
6888002.0,47.0333,6.231269999999999,3.99195
6896002.0,46.9247,5.71535,4.99179
6904002.0,47.2848,5.7168,6.22005
6912002.0,48.8421,5.75045,8.35031
6920002.0,49.3726,5.45632,10.0289
6928002.0,0.8457969999999999,5.46109,12.6993
6936002.0,1.16806,5.3787199999999995,13.7007
6944002.0,2.09343,5.6050699999999996,15.4208
6952002.0,3.7345,5.43928,16.2956
6960002.0,5.0385599999999995,5.83035,17.2308
6968002.0,5.99293,6.14907,17.8645
6976002.0,7.008369999999999,6.44896,19.250999999999998
6984002.0,8.02588,6.7732399999999995,21.0258
6992002.0,8.82555,7.23937,22.5833
7000002.0,9.300510000000001,7.72496,23.8839
7008002.0,10.0097,8.037230000000001,25.1397
7016002.0,10.307,8.19769,26.4336
7024002.0,10.3495,8.160969999999999,27.741999999999997
7032002.0,11.2659,8.61258,30.5171
7040002.0,11.9399,8.652289999999999,33.1396
7048002.0,12.2473,8.63037,34.7751
7056002.0,12.9828,9.07703,36.8573
7064002.0,14.6799,8.905439999999999,37.2806
7072002.0,15.9055,8.72447,39.5352
7080002.0,16.3206,9.03408,41.146
7088002.0,16.6387,9.5378,42.8401
7096002.0,16.8779,9.721689999999999,43.776
7104002.0,17.4557,9.60851,44.4338
7112002.0,17.9851,9.59886,47.0582
7120002.0,19.4329,9.286589999999999,49.0693
7128002.0,19.8782,9.45566,0.499949
7136002.0,20.6564,9.18276,2.03496
7144002.0,21.0365,9.84486,4.17896
7152002.0,21.7418,9.96747,6.23073
7160002.0,23.1129,10.0946,8.091510000000001
7168002.0,23.4908,10.6077,9.942680000000001
7176002.0,22.4875,11.6894,11.9985
7184002.0,23.8461,11.5345,14.3623
7192002.0,23.8909,11.4386,16.5936
7200002.0,24.625999999999998,11.4489,19.4794
7204002.0,24.5012,11.5365,20.5559
7212002.0,26.9582,11.412,25.2077
7220002.0,29.1408,11.7326,28.1199
7228002.0,30.2738,11.5834,29.8212
7236002.0,30.8305,11.5551,31.2195
7244002.0,31.4668,11.6343,34.0695
7252002.0,31.2059,11.5475,36.5843
7260002.0,31.4888,11.4357,39.1356
7268002.0,31.0171,11.5319,42.4655
7276002.0,32.3391,11.363,44.3778
7284002.0,32.4456,11.6432,46.7239
7292002.0,34.4227,11.5136,48.68
7300002.0,35.6654,11.3491,1.27898
7308002.0,35.4927,11.6642,3.6533900000000004
7316002.0,36.09,12.0235,5.47697
7324002.0,35.5809,12.4714,7.6144300000000005
7332002.0,35.9325,12.504000000000001,10.8397
7340002.0,36.3689,12.8658,13.2197
7348002.0,36.4403,12.7394,15.3757
7356002.0,36.7346,12.4204,16.6732
7364002.0,37.6668,12.0396,18.1906
7372002.0,38.2817,11.829,19.8698
7380002.0,38.4963,11.9671,21.8569
7388002.0,38.4025,12.2588,24.5166
7396002.0,38.5361,12.1899,26.6741
7404002.0,38.8109,12.0382,29.6146
7412002.0,39.4989,12.0274,32.0653
7420002.0,39.8043,11.8981,35.7039
7428002.0,40.861999999999995,11.8776,38.413000000000004
7436002.0,41.4294,12.1103,41.2637
7444002.0,41.4382,11.8281,43.6992
7452002.0,42.1323,11.6419,47.0169
7460002.0,42.5949,11.3001,48.9919
7468002.0,43.1283,11.3787,1.45071
7476002.0,44.041000000000004,11.6316,3.6233800000000005
7484002.0,45.0446,11.2003,6.4204099999999995
7492002.0,46.583999999999996,10.314,8.3232
7500002.0,47.7773,10.0345,11.5624
7508002.0,49.0101,9.789,12.6403
7516002.0,0.08228400000000001,9.13078,14.5594
7524002.0,0.195498,8.77333,16.5095
7532002.0,0.955542,8.78134,18.2024
7540002.0,0.9917229999999999,8.71701,19.4145
7548002.0,1.32636,9.01269,19.8721
7556002.0,2.2549099999999997,9.17189,21.548000000000002
7564002.0,2.3136200000000002,9.56955,22.7384
7572002.0,2.8388299999999997,9.98024,23.6791
7580002.0,3.36931,10.1451,25.3886
7588002.0,3.5882199999999997,10.129,27.2661
7596002.0,4.13472,10.2798,28.1882
7604002.0,4.31626,10.5847,30.1466
7612002.0,4.1269,10.9687,32.6405
7620002.0,4.39248,11.0747,35.1793
7628002.0,4.94259,10.6936,38.1778
7636002.0,6.061719999999999,10.4953,39.8461
7644002.0,6.636139999999999,10.4068,41.9574
7652002.0,8.01782,10.2034,43.5339
7660002.0,7.82262,10.1534,45.8419
7668002.0,9.40812,9.9014,48.2499
7676002.0,9.11887,9.67273,1.8434
7684002.0,9.37462,9.2772,3.94101
7692002.0,10.6253,9.14225,5.90707
7700002.0,11.1351,9.332469999999999,7.54431
7708002.0,11.5514,9.18625,9.729510000000001
7716002.0,12.3352,9.08836,11.7684
7724002.0,13.1592,9.06765,13.6182
7732002.0,14.3686,8.64377,16.1175
7740002.0,16.3901,8.07948,17.8366
7748002.0,16.9869,7.856730000000001,19.7907
7756002.0,17.6621,7.46715,21.2007
7764002.0,18.0038,7.315239999999999,22.7148
7772002.0,17.9746,7.3795,24.5977
7780002.0,18.1771,7.296189999999999,26.1155
7788002.0,18.4169,7.311889999999999,27.9869
7796002.0,18.8015,7.3241,29.2575
7804002.0,19.3438,7.347760000000001,30.6358
7812002.0,19.6619,7.400519999999999,32.4865
7820002.0,20.0003,7.5331600000000005,34.052
7828002.0,20.2646,7.72695,35.8119
7836002.0,20.5303,7.88725,38.0773
7844002.0,19.8329,7.92415,39.3999
7852002.0,19.3034,7.90787,41.5765
7860002.0,19.3378,7.97423,43.2938
7868002.0,19.2542,8.0372,46.2875
7876002.0,19.2594,7.996739999999999,48.5519
7884002.0,19.9304,7.9515899999999995,1.18134
7892002.0,20.3772,7.94946,2.78315
7900002.0,20.2261,7.7519,4.31372
7908002.0,20.5977,7.82135,5.73079
7916002.0,20.2421,7.866410000000001,7.8108699999999995
7924002.0,19.6531,7.764539999999999,9.50285
7932002.0,19.5598,7.26505,10.0691
7940002.0,19.5934,6.9898,11.0807
7948002.0,20.5005,6.99966,12.1387
7956002.0,20.8937,7.135039999999999,12.9966
7964002.0,20.9638,7.34532,14.1961
7972002.0,20.93,7.32187,15.6729
7980002.0,20.9186,7.309880000000001,17.0593
7988002.0,21.2038,7.139639999999999,18.6863
7996002.0,21.3144,7.213589999999999,19.9316
