2.0,31.4048,27.2727,46.6705
8002.0,35.676,26.6026,0.300806
16002.0,37.6464,26.5038,3.9905699999999995
24002.0,37.741,26.9259,9.49164
32002.0,37.8805,26.8797,12.5532
40002.0,38.5949,26.7653,15.9242
48002.0,39.1254,27.0978,19.9028
56002.0,39.3991,27.0114,24.2018
64002.0,38.2441,27.028000000000002,27.48
72002.0,40.5966,27.3621,30.2368
80002.0,41.0621,27.3399,32.7729
88002.0,42.1882,27.2291,36.8548
96002.0,42.9647,27.2026,40.4482
104002.0,43.0551,27.0411,43.6626
112002.0,43.376000000000005,26.9025,45.0576
120002.0,43.9657,26.8741,47.6761
128002.0,44.0015,26.7768,1.97695
136002.0,45.5597,26.6503,5.98102
144002.0,46.1506,27.0601,9.619
152002.0,47.7804,27.2784,13.0048
160002.0,2.7231799999999997,27.2812,16.5156
168002.0,3.5099,27.3906,20.097
176002.0,3.5351800000000004,27.7447,23.5826
184002.0,4.06886,27.0554,26.5238
192002.0,4.290019999999999,26.8948,30.6513
200002.0,4.78441,26.8391,34.9021
208002.0,5.01813,27.0289,37.6033
216002.0,5.77431,26.8908,42.225
224002.0,5.7971699999999995,26.5137,46.8944
232002.0,6.43224,26.3526,1.99708
240002.0,6.4154599999999995,26.4129,6.71091
248002.0,6.825639999999999,26.3228,10.8139
256002.0,7.4782399999999996,26.5411,15.5118
264002.0,7.79255,26.7532,19.9853
272002.0,9.33057,26.7657,24.2369
280002.0,10.2252,26.6969,27.9398
288002.0,11.0106,26.6172,32.8422
296002.0,11.0075,26.5543,36.9466
304002.0,12.0311,26.8463,41.4653
312002.0,13.4638,26.8183,45.5839
320002.0,15.0602,26.8358,0.42278599999999994
328002.0,17.5971,26.6934,5.274769999999999
336002.0,18.9586,26.9931,9.80364
344002.0,19.3484,27.2144,14.6063
352002.0,20.1295,27.6092,18.0044
360002.0,21.2275,28.0139,21.4205
368002.0,22.0733,28.3283,24.5912
376002.0,21.7147,28.0738,29.1284
384002.0,23.410999999999998,27.9645,32.3323
392002.0,23.7877,27.9708,36.2489
400002.0,24.3037,27.7917,40.8806
408002.0,24.6204,27.9436,45.511
416002.0,24.9151,27.6256,49.3562
424002.0,25.249000000000002,27.4012,3.98573
432002.0,24.4764,28.1461,7.801769999999999
440002.0,23.0672,29.0268,13.0564
448002.0,23.3817,29.1435,17.1548
456002.0,21.9084,29.2398,26.114
464002.0,18.642,15.9332,19.0912
472002.0,19.0551,17.4575,24.2033
480002.0,20.7568,17.5603,27.5169
488002.0,23.6622,16.8946,30.8165
496002.0,25.8348,17.1819,33.6445
504002.0,26.2859,16.9149,36.4087
512002.0,26.4941,16.9359,40.3116
520002.0,27.5344,17.2889,43.1348
528002.0,28.3471,17.2804,47.6004
536002.0,29.4761,17.0886,0.9861280000000001
544002.0,31.2689,17.3988,3.9219800000000005
552002.0,33.8184,17.5063,6.2663
560002.0,34.7815,17.2612,9.06278
568002.0,35.8361,16.2869,11.0954
576002.0,35.8556,16.7204,14.3253
584002.0,36.2006,16.8712,18.4894
592002.0,37.054,16.9472,20.4286
600002.0,37.5961,17.0662,23.3281
608002.0,38.0632,17.1685,25.6182
616002.0,39.0167,17.570999999999998,29.0935
624002.0,39.5859,17.9,32.8775
632002.0,39.5406,18.1204,36.553000000000004
640002.0,40.1794,18.1425,39.628
648002.0,41.1666,18.8113,41.5236
656002.0,41.9706,18.9535,44.7738
664002.0,42.4745,19.0973,47.4595
672002.0,43.306000000000004,19.3106,1.6834099999999999
680002.0,43.5908,19.2932,5.4075
688002.0,44.9077,19.7703,9.63075
696002.0,45.6686,19.9726,12.4802
704002.0,45.7647,20.3428,16.9103
712002.0,47.271,20.884,20.8202
720002.0,48.0636,20.7542,23.6207
728002.0,48.0248,20.7656,27.1643
736002.0,47.7437,20.5578,29.5227
744002.0,48.5453,21.1868,32.3964
752002.0,48.7876,21.3437,35.4054
760002.0,0.638889,21.2851,39.6516
768002.0,1.22339,21.2967,43.5098
776002.0,1.69882,21.4752,49.1792
784002.0,1.6579,21.4304,2.63773
792002.0,3.22972,21.4845,5.3844
800002.0,3.94349,21.5636,9.70158
808002.0,5.234430000000001,21.8966,13.8812
816002.0,6.31369,22.1427,17.8689
824002.0,7.50006,22.1898,21.4382
832002.0,8.88987,22.2362,25.9688
840002.0,9.51101,22.1449,29.8938
848002.0,11.0493,22.3828,33.348
856002.0,13.6363,22.2526,37.1627
864002.0,14.8905,21.9443,40.2912
872002.0,14.3567,21.9465,43.7323
880002.0,15.5429,21.7022,47.942
888002.0,16.6156,21.8681,2.66824
896002.0,17.9597,21.8095,6.14331
904002.0,19.0693,21.9516,10.4001
912002.0,20.167,21.866999999999997,13.7243
920002.0,21.5122,21.9645,17.4984
928002.0,21.6507,21.9724,21.2441
936002.0,22.2178,21.9669,23.7386
944002.0,22.3088,22.0444,25.9222
952002.0,24.4296,21.5128,29.0492
960002.0,24.4855,21.6213,32.6464
968002.0,24.4106,21.5711,35.6022
976002.0,25.1012,21.0961,38.7705
984002.0,25.956999999999997,20.9289,42.2896
992002.0,25.2172,20.8867,45.1584
1000002.0,25.9317,21.3491,48.472
1008002.0,27.3853,21.0237,2.63009
1016002.0,28.0581,21.1713,6.41326
1024002.0,29.4351,20.8052,9.82863
1032002.0,31.4526,21.0943,12.6527
1040002.0,33.3909,22.0271,17.3661
1048002.0,33.205,21.6177,21.3599
1056002.0,33.8265,22.1236,25.0301
1064002.0,34.3496,22.0608,29.5716
1072002.0,34.3379,21.9281,33.2653
1080002.0,35.0917,21.9216,37.4183
1088002.0,36.1752,21.9367,41.148999999999994
1096002.0,37.8293,21.6053,45.1749
1104002.0,38.9854,21.4355,48.8947
1112002.0,38.7399,21.4274,4.14875
1120002.0,39.4234,21.3095,8.35225
1128002.0,40.8414,20.5294,12.4121
1136002.0,41.8522,20.4356,16.3946
1144002.0,43.2044,20.4894,19.5082
1152002.0,44.5719,20.7484,24.051
1160002.0,44.8692,20.6625,27.9762
1168002.0,46.2469,20.9335,31.7434
1176002.0,47.6037,20.4435,35.6527
1184002.0,48.468,20.7163,39.424
1192002.0,48.6114,20.9778,42.4403
1200002.0,49.2734,20.8204,45.6834
1208002.0,1.55951,20.7112,0.25196799999999997
1216002.0,3.34157,21.058000000000003,2.62946
1224002.0,4.91216,20.8785,6.35544
1232002.0,6.43443,20.6359,10.3615
1240002.0,7.36605,20.8336,15.0248
1248002.0,7.929010000000001,20.5538,19.1572
1256002.0,9.08567,19.4049,21.6953
1264002.0,10.3862,19.177,26.2559
1272002.0,11.129000000000001,19.2772,30.2628
1280002.0,13.2491,19.4227,35.0241
1288002.0,14.4882,19.9215,38.0336
1296002.0,14.4868,20.058,42.2546
1304002.0,16.2679,19.7938,44.797
1312002.0,16.8663,19.0947,48.2159
1320002.0,18.2255,18.9172,1.84769
1328002.0,19.0981,17.9868,5.23672
1336002.0,20.081,17.7532,7.88399
1344002.0,20.7677,17.9446,10.8182
1352002.0,21.5041,17.6963,15.4621
1360002.0,21.6094,17.1343,18.2501
1368002.0,22.0888,16.6765,21.3581
1376002.0,22.8802,16.7682,24.8372
1384002.0,23.2061,16.819000000000003,27.3864
1392002.0,23.961,17.3596,29.8175
1400002.0,25.7323,17.6745,33.9274
1408002.0,26.4774,18.2536,36.4508
1416002.0,26.12,18.9189,39.1698
1424002.0,26.7997,18.9303,43.4199
1432002.0,27.7002,19.0881,47.879
1440002.0,30.1214,19.1694,2.713
1448002.0,31.0962,19.5575,5.68093
1456002.0,32.15,19.6087,9.32293
1464002.0,33.0786,19.3759,12.6572
1472002.0,34.4075,19.7249,15.749
1480002.0,35.2411,19.3639,18.7089
1488002.0,37.0244,19.28,21.9278
1496002.0,37.3284,19.393,25.8514
1504002.0,38.5929,19.8907,28.8025
1512002.0,39.2229,20.2637,32.9967
1520002.0,39.0753,19.9101,35.9691
1528002.0,39.4835,19.6917,40.2834
1536002.0,40.6946,21.022,42.996
1544002.0,41.668,21.8048,47.3272
1552002.0,43.4759,22.441,0.7919579999999999
1560002.0,44.0208,22.0034,5.9356
1568002.0,44.4445,22.6685,11.1403
1576002.0,44.3131,22.3908,15.4812
1584002.0,45.1434,22.7563,19.8572
1592002.0,45.532,22.5213,23.8753
1600002.0,46.2497,22.7327,28.3854
1608002.0,46.5393,22.5326,33.5983
1616002.0,47.1009,22.7367,37.1933
1624002.0,47.4421,22.7922,41.7841
1632002.0,47.7397,23.1704,45.6885
1640002.0,48.869,22.9646,0.5949260000000001
1648002.0,0.284335,22.7203,3.8321
1656002.0,0.905883,22.7745,7.8211
1664002.0,2.56028,22.9912,12.2005
1672002.0,3.97664,22.903000000000002,16.0015
1680002.0,4.67971,23.447,20.5874
1688002.0,5.12535,24.3269,24.9764
1696002.0,5.32533,24.334,29.16
1704002.0,5.87962,24.5217,33.6793
1712002.0,5.126180000000001,24.5541,38.9819
1720002.0,5.88844,24.301,42.2649
1728002.0,7.54709,24.3371,46.0255
1736002.0,8.17811,24.0594,0.421808
1744002.0,8.29555,23.4292,4.37804
1752002.0,8.53393,23.0843,7.46581
1760002.0,7.94232,23.4841,11.3275
1768002.0,8.96213,23.6613,13.9349
1776002.0,9.257589999999999,23.7119,18.323
1784002.0,9.49503,24.0264,21.5765
1792002.0,9.62916,24.5677,25.177
1800002.0,10.1597,24.5014,29.4678
1808002.0,11.2941,24.8725,32.9955
1816002.0,12.0457,25.6475,34.5539
1824002.0,11.790999999999999,24.9123,38.9732
1832002.0,13.7666,25.0638,42.6776
1840002.0,16.2874,24.4677,45.9428
1848002.0,16.1678,24.3451,0.5131819999999999
1856002.0,16.7022,24.4614,3.1617
1864002.0,17.5055,24.9971,7.198810000000001
1872002.0,18.7704,25.3982,9.94549
1880002.0,19.6902,25.4395,14.4978
1888002.0,21.5498,25.5019,17.566
1896002.0,22.7927,25.7746,21.5266
1904002.0,23.0742,26.1771,25.1572
1912002.0,23.5339,26.4728,29.6029
1920002.0,23.5737,26.313000000000002,34.3508
1928002.0,24.9449,26.0825,37.7625
1936002.0,24.8775,25.8271,41.2979
1944002.0,25.5971,25.7542,45.9961
1952002.0,25.7404,25.4123,0.946506
1960002.0,25.3347,25.7422,5.43958
1968002.0,24.8629,25.4219,8.52133
1976002.0,25.5947,25.6561,12.7036
1984002.0,26.7447,25.8681,16.9672
1992002.0,27.474,25.572,22.6526
2000002.0,29.3274,25.4527,26.1422
2008002.0,31.7936,24.5709,31.2294
2016002.0,38.3383,28.6981,35.4199
2024002.0,39.8268,27.4573,38.4029
2032002.0,40.8681,27.8669,41.537
2040002.0,42.08,28.0205,45.6173
2048002.0,42.8182,28.2419,1.80401
2056002.0,44.6304,28.414,4.28108
2064002.0,45.4093,28.5349,8.74163
2072002.0,47.3457,28.6316,12.713
2080002.0,48.4211,28.4434,16.6005
2088002.0,49.2378,28.674,20.0614
2096002.0,0.6804680000000001,28.482,24.1403
2104002.0,2.54429,28.6936,27.4204
2112002.0,4.20581,28.3526,33.5776
2120002.0,4.43318,28.4877,38.8485
2128002.0,4.5601400000000005,28.6443,41.3618
2136002.0,5.2012599999999996,28.679000000000002,45.7643
2144002.0,5.6722,28.8763,1.26814
2152002.0,6.371,28.7214,4.77341
2160002.0,6.61425,28.2478,8.61999
2168002.0,7.430610000000001,28.2666,12.4871
2176002.0,7.312760000000001,28.3646,15.9394
2184002.0,8.42656,28.1672,18.0379
2192002.0,9.17932,27.8437,20.2832
2200002.0,9.0019,27.6634,23.0442
2208002.0,10.1525,27.4111,26.4169
2216002.0,11.7475,28.1287,30.1705
2224002.0,12.2683,28.8711,35.7289
2232002.0,13.119000000000002,28.5997,39.3469
2240002.0,14.4517,28.8722,43.4555
2248002.0,14.8088,28.8346,46.9668
2256002.0,14.0208,29.0302,0.0537924
2264002.0,14.8739,29.2818,2.5421099999999996
2272002.0,14.8487,29.2184,6.939989999999999
2280002.0,15.6246,29.6362,10.4108
2288002.0,15.468,30.0888,15.2762
2296002.0,17.0812,30.3585,20.9307
2304002.0,17.3654,30.8014,25.6365
2312002.0,17.3703,31.8145,31.3082
2320002.0,18.8355,31.8727,36.4978
2328002.0,19.9653,32.5033,41.4079
2336002.0,20.3854,32.6785,46.0332
2344002.0,21.0413,33.18,1.71967
2352002.0,21.1281,33.2026,5.95887
2360002.0,21.859,33.3782,10.0441
2368002.0,22.3819,33.2416,15.2388
2376002.0,22.125999999999998,33.3217,20.1597
2384002.0,22.2013,33.2082,24.7278
2392002.0,22.4623,33.2089,29.3109
2400002.0,22.7394,33.2258,33.6281
2408002.0,23.5095,33.5605,38.6494
2414002.0,23.6691,33.251,42.3649
2422002.0,24.9617,32.4102,0.130627
2430002.0,29.1121,31.9175,4.26464
2438002.0,31.5451,32.3405,9.4176
2446002.0,32.6511,32.7157,14.0273
2454002.0,33.5023,33.0375,18.3016
2462002.0,35.243,33.5542,23.531999999999996
2470002.0,37.2205,33.7554,27.0576
2478002.0,38.4473,34.2435,31.9668
2486002.0,38.9608,34.2445,36.485
2494002.0,40.389,34.1082,40.8042
2502002.0,41.498999999999995,33.4569,45.1192
2510002.0,43.1654,33.3056,0.8427600000000001
2518002.0,43.233999999999995,33.399,4.73336
2526002.0,45.8527,33.1434,7.7878300000000005
2534002.0,47.3301,32.5513,11.555
2542002.0,47.4081,32.7901,16.5962
2550002.0,48.1213,32.6703,21.5985
2558002.0,0.22960300000000003,32.9354,24.2711
2566002.0,1.3184,32.7163,27.756999999999998
2574002.0,2.54032,33.3026,30.6783
2582002.0,2.4209400000000003,32.2897,34.4273
2590002.0,4.99069,32.5616,38.5738
2598002.0,7.16649,32.2163,43.9594
2606002.0,7.63886,32.6966,49.2589
2614002.0,9.12247,32.2354,4.015619999999999
2622002.0,8.843760000000001,31.8049,8.76945
2630002.0,9.666360000000001,31.8684,12.6017
2638002.0,9.97274,31.8855,17.4066
2646002.0,10.3795,32.0744,22.533
2654002.0,11.2338,32.1624,27.0825
2662002.0,11.308,32.0578,30.8491
2670002.0,11.7448,32.1186,36.0727
2678002.0,13.1934,31.7603,41.7037
2686002.0,16.4227,31.7743,45.8817
2694002.0,18.0898,31.7855,49.347
2702002.0,18.903,32.0421,4.15781
2710002.0,20.1239,32.2038,9.165339999999999
2718002.0,21.4043,32.9146,14.0955
2726002.0,22.0417,33.5655,17.0987
2734002.0,22.6129,33.8884,22.6155
2742002.0,23.7588,33.8026,27.1041
2750002.0,25.1491,33.5213,31.7751
2758002.0,25.614,33.9944,37.0382
2766002.0,25.9248,33.6611,42.2589
2774002.0,26.2181,33.2546,46.2787
2782002.0,26.4896,32.9572,1.61727
2790002.0,26.4037,32.9012,5.92227
2798002.0,26.9185,33.4242,10.8388
2806002.0,27.8538,33.3201,16.1959
2814002.0,28.0018,33.3381,21.4718
2822002.0,28.5293,33.2887,26.5427
2830002.0,28.2313,33.3471,31.1171
2838002.0,28.0748,32.4327,34.3457
2846002.0,30.0871,32.5637,38.7981
2854002.0,31.3204,32.6482,44.2462
2862002.0,32.437,32.6911,0.106852
2870002.0,32.6834,32.4176,3.96139
2878002.0,33.7691,32.1512,8.33192
2886002.0,34.1858,31.9975,12.4904
2894002.0,35.4133,31.8847,17.2935
2902002.0,36.6411,31.8518,20.9433
2910002.0,36.7727,32.0409,25.8929
2918002.0,36.8489,32.0277,29.7462
2926002.0,37.4173,31.6416,35.4922
2934002.0,37.7712,31.8882,41.1379
2942002.0,38.305,32.0938,45.9466
2950002.0,38.4979,31.8551,1.24053
2958002.0,39.4085,31.4833,5.583130000000001
2966002.0,39.9287,31.6692,10.6544
2974002.0,39.8429,32.2804,14.3037
2982002.0,40.1976,32.4492,19.5344
2990002.0,40.6683,32.393,24.0807
2998002.0,40.7645,32.582,28.4759
3006002.0,41.3372,32.7775,33.1949
3014002.0,41.8895,32.7732,38.3525
3022002.0,42.5212,32.9364,42.9954
3030002.0,42.7066,32.8449,48.2979
3038002.0,43.1222,33.0657,3.21734
3046002.0,43.6881,33.0619,8.43637
3054002.0,45.3484,32.7081,13.0237
3062002.0,45.9931,32.9097,17.3897
3070002.0,47.0203,32.8037,23.9445
3078002.0,46.8852,32.8683,27.9154
3086002.0,47.5267,32.8461,33.0095
3094002.0,48.4838,32.643,37.9897
3102002.0,49.0662,32.1643,41.6954
3110002.0,0.38485199999999997,31.8828,46.2297
3118002.0,1.48005,31.6292,1.4794200000000002
3126002.0,2.18498,31.191,6.87905
3134002.0,3.5828,30.6863,12.2412
3142002.0,3.93623,30.2799,17.5345
3150002.0,5.33756,30.5253,21.3618
3158002.0,8.39506,30.7499,27.0667
3166002.0,9.23173,31.6108,30.5369
3174002.0,10.2824,31.4733,32.617
3182002.0,10.9383,31.4807,38.7362
3190002.0,12.8495,31.2547,42.5752
3198002.0,14.2919,30.7318,47.4306
3206002.0,16.5125,30.7656,1.58155
3214002.0,17.8831,30.3607,5.60254
3222002.0,19.9531,30.4932,11.7434
3230002.0,22.3033,30.2291,16.6536
3238002.0,23.569000000000003,30.2542,20.9801
3246002.0,24.315,30.266,24.6651
3254002.0,25.1481,30.5432,28.018
3262002.0,25.8681,30.6422,31.4198
3270002.0,26.1548,30.4823,35.5036
3278002.0,26.4872,30.4148,39.5077
3286002.0,27.5546,30.5891,43.1915
3294002.0,28.1059,30.3147,46.3243
3302002.0,28.4911,30.0646,2.01464
3310002.0,29.646,29.9282,4.5829
3318002.0,29.9822,30.2857,8.34459
3326002.0,31.5248,29.7485,12.927999999999999
3334002.0,33.3328,29.749000000000002,17.7051
3342002.0,34.6584,29.583000000000002,22.5952
3350002.0,35.638000000000005,29.4802,26.0017
3358002.0,38.4756,29.274,30.6325
3366002.0,41.9321,28.909000000000002,35.6213
3374002.0,42.9652,28.9388,40.0078
3382002.0,44.5993,28.9799,44.5908
3390002.0,47.0213,28.9448,47.7363
3398002.0,47.9707,28.7436,2.6614
3406002.0,49.0312,28.5963,6.9812899999999996
3414002.0,2.01883,28.4815,11.2431
3422002.0,4.4941,28.2178,15.4369
3430002.0,6.794919999999999,28.1088,20.0816
3438002.0,7.57155,28.1186,24.3802
3446002.0,7.74016,27.8665,27.6888
3454002.0,8.0917,27.8292,31.1129
3462002.0,7.853560000000001,27.8113,35.0769
3470002.0,7.087289999999999,27.7605,39.1815
3478002.0,9.012889999999999,27.325,43.147
3486002.0,8.71043,27.8513,47.951
3494002.0,9.13738,27.7647,2.91477
3502002.0,9.100760000000001,27.5037,7.3019
3510002.0,9.24817,27.2519,12.2125
3518002.0,9.32098,27.4038,16.749000000000002
3526002.0,9.80466,27.7379,21.4529
3534002.0,9.77505,27.8431,25.9002
3542002.0,9.65536,28.0446,30.5609
3550002.0,9.456,27.9695,34.951
3558002.0,9.53328,28.3787,39.2348
3566002.0,9.60103,28.7451,43.7602
3574002.0,9.79215,28.6373,48.5265
3582002.0,10.988,28.3762,3.65319
3590002.0,11.2577,28.5765,8.54486
3598002.0,11.3157,28.4578,13.7072
3606002.0,12.1093,28.4238,18.1705
3614002.0,12.3712,28.397,21.4799
3622002.0,13.0116,28.524,24.7769
3630002.0,14.2227,28.3578,29.1193
3638002.0,14.5849,28.655,33.2374
3646002.0,14.9211,28.6496,37.7664
3654002.0,14.9725,28.9367,41.8916
3662002.0,15.0416,29.0148,46.3303
3670002.0,15.1611,29.3166,1.08039
3678002.0,15.422,29.2279,6.24174
3686002.0,16.2588,29.3873,10.7776
3694002.0,16.9061,29.954,15.0485
3702002.0,17.1251,29.8979,20.0223
3710002.0,16.8464,29.9382,23.9585
3718002.0,16.7607,29.7249,28.7981
3726002.0,16.4597,30.0464,33.2524
3734002.0,16.6469,30.4235,38.455999999999996
3742002.0,17.1487,30.6607,42.1979
3750002.0,18.4785,31.0562,46.5106
3758002.0,20.5846,31.3367,1.46804
3766002.0,22.539,31.2819,5.45949
3774002.0,24.4337,31.1347,9.7931
3782002.0,25.5696,31.0253,13.8551
3790002.0,27.0361,31.163,18.5005
3798002.0,28.1686,31.5977,22.3234
3806002.0,29.6133,31.5497,26.539
3814002.0,31.8418,31.8791,30.1323
3822002.0,32.7634,32.2686,34.1224
3830002.0,33.4488,32.5679,38.0001
3838002.0,34.0218,32.7364,42.6065
3846002.0,34.4167,32.9067,47.6643
3854002.0,34.5738,32.7751,2.98349
3862002.0,34.7879,32.8714,7.50144
3870002.0,35.7303,32.9417,12.6027
3878002.0,36.9246,33.0349,17.8164
3886002.0,37.9486,33.2614,22.7128
3894002.0,39.0709,34.0753,27.5348
3902002.0,40.2914,34.4962,32.3425
3910002.0,41.5883,34.927,36.847
3918002.0,43.5358,35.266,42.4538
3926002.0,45.2294,34.9765,46.4164
3934002.0,46.3408,35.1103,1.6359
3942002.0,47.1825,35.6867,6.2632900000000005
3950002.0,48.0504,36.0817,11.3317
3958002.0,48.1204,36.0637,16.1236
3966002.0,48.8787,36.330999999999996,20.4166
3974002.0,0.9056270000000001,36.1133,24.7022
3982002.0,1.2214200000000002,35.9728,29.0317
3990002.0,2.70926,35.8261,33.8462
3998002.0,3.76799,35.5978,37.2921
4006002.0,5.81963,36.1653,41.2868
4014002.0,7.311660000000001,36.1303,45.699
4022002.0,8.454939999999999,36.148,0.359987
4030002.0,8.65524,36.1207,4.43163
4038002.0,9.468739999999999,36.1178,7.792089999999999
4046002.0,11.2617,36.0524,11.3774
4054002.0,11.557,36.2417,15.9227
4062002.0,13.1511,36.7095,20.3591
4070002.0,13.1295,36.4917,24.1516
4078002.0,12.8933,36.768,29.349
4086002.0,14.0031,36.4849,34.2206
4094002.0,14.6027,36.6705,38.6349
4102002.0,14.7397,35.8557,42.5066
4110002.0,15.373,35.701,46.6571
4118002.0,15.8591,35.2979,1.2408700000000001
4126002.0,16.4092,35.6355,6.1489199999999995
4134002.0,16.8296,35.7453,10.4584
4142002.0,17.3371,35.6558,14.6556
4150002.0,18.5639,35.4306,19.1099
4158002.0,19.8228,35.214,23.2837
4166002.0,20.9932,35.1034,27.6254
4174002.0,22.6503,34.9145,32.3665
4182002.0,23.0526,34.3959,36.1976
4190002.0,24.8355,33.7356,40.8007
4198002.0,25.4579,33.6619,45.3587
4206002.0,25.9877,33.1344,0.404587
4214002.0,26.7715,32.6836,5.60669
4222002.0,26.9854,32.6963,10.9127
4230002.0,27.8864,32.8668,15.2086
4238002.0,29.8499,33.2268,20.4201
4246002.0,32.2085,33.5004,25.0809
4254002.0,35.0014,33.5491,30.1702
4262002.0,35.7243,33.2816,34.1572
4270002.0,35.9814,32.9261,38.5398
4278002.0,37.71,32.5911,42.4181
4286002.0,37.9655,32.872,47.2623
4294002.0,33.9739,31.8426,0.941384
4302002.0,32.8889,30.0676,0.475229
4310002.0,33.6314,29.7266,5.40986
4318002.0,33.6182,29.9471,9.647110000000001
4326002.0,34.0097,29.9848,14.2436
4334002.0,34.6022,30.2837,18.2704
4342002.0,35.2748,29.8931,22.8951
4350002.0,35.2291,29.8683,27.4003
4358002.0,35.0349,29.8509,31.6989
4366002.0,35.8713,29.4659,34.8139
4374002.0,35.7118,27.8888,39.9539
4382002.0,36.6836,26.5863,44.1194
4390002.0,38.3853,26.6008,48.7945
4398002.0,38.7536,26.1072,4.67959
4406002.0,39.724000000000004,25.7676,8.954410000000001
4414002.0,40.1294,26.3831,12.6316
4422002.0,40.7534,26.554000000000002,16.3048
4430002.0,40.5749,27.2002,21.1365
4438002.0,41.3626,27.0785,26.2486
4446002.0,40.3212,28.2873,29.1573
4454002.0,40.7629,28.7804,33.5589
4462002.0,41.5103,28.6134,38.0196
4470002.0,43.0033,28.8003,42.2106
4478002.0,44.9322,27.7338,45.3253
4486002.0,45.6923,27.9821,49.1178
4494002.0,45.7065,28.3048,3.6271
4502002.0,46.8222,28.4822,7.7856
4510002.0,46.6375,28.4951,11.5616
4518002.0,46.5095,28.6465,13.9759
4526002.0,46.5289,29.4059,18.6352
4534002.0,47.0879,29.0201,22.3828
4542002.0,47.1782,29.4123,25.6515
4550002.0,47.5898,30.1049,30.5221
4558002.0,48.1547,30.9023,35.5578
4566002.0,48.5349,31.4758,40.4934
4574002.0,1.11589,30.8807,44.2723
4582002.0,2.1232900000000003,30.9783,48.5584
4590002.0,4.10264,31.2645,3.8328699999999998
4598002.0,5.69459,31.8659,8.7278
4606002.0,7.33822,31.4837,12.3057
4614002.0,8.541939999999999,31.1401,16.2759
4622002.0,9.13348,30.7277,19.5652
4630002.0,10.1886,30.6669,21.7866
4638002.0,10.8836,30.7783,24.7329
4646002.0,10.6225,31.0535,29.3036
4654002.0,10.8396,31.1845,32.764
4662002.0,12.0834,31.2229,36.3603
4670002.0,13.0775,31.0518,40.2401
4678002.0,12.9767,31.0762,45.2446
4686002.0,14.0122,30.8705,49.2103
4694002.0,14.8276,30.840999999999998,4.17703
4702002.0,15.6865,31.1194,7.3672
4710002.0,17.169,31.3332,10.6653
4718002.0,18.0816,31.3728,14.3158
4726002.0,18.1629,30.9186,18.0655
4734002.0,19.9629,30.8497,21.8437
4742002.0,20.5824,30.676,26.0927
4750002.0,20.7543,30.9963,30.7113
4758002.0,21.4267,31.235,34.9243
4760002.0,21.4408,31.3304,35.7455
4768002.0,21.7308,31.309,40.1562
4776002.0,23.7369,31.3775,42.505
4784002.0,25.4964,31.4756,47.1476
4792002.0,26.6585,31.4792,0.9603389999999999
4800002.0,27.4579,31.6205,4.7651900000000005
4808002.0,28.4905,31.8978,8.92961
4816002.0,30.4393,31.8813,13.1397
4824002.0,32.821999999999996,31.6197,17.2944
4832002.0,34.3939,31.5235,21.8827
4840002.0,35.6899,31.4616,26.9484
4848002.0,37.0496,31.5757,30.6017
4856002.0,39.5935,31.5085,35.3821
4864002.0,39.5558,31.4982,40.8418
4872002.0,42.0791,31.5204,44.9208
4880002.0,42.4036,31.8335,48.5651
4888002.0,42.9141,31.8629,2.79085
4896002.0,45.2891,31.6897,6.97173
4904002.0,47.2289,31.5107,9.25801
4912002.0,47.7792,31.5534,12.8043
4920002.0,1.0502,32.0977,15.5837
4928002.0,2.83347,32.8884,19.3492
4936002.0,3.26757,34.2192,22.5709
4944002.0,4.34344,36.1984,24.2695
4952002.0,6.24486,36.6317,27.6972
4960002.0,7.623939999999999,36.7643,31.8041
4968002.0,7.7499199999999995,37.0258,35.7766
4976002.0,7.65435,36.6857,39.5831
4984002.0,6.6917800000000005,36.9295,44.1266
4992002.0,7.7785899999999994,36.8435,47.4753
5000002.0,8.41724,36.9663,2.41642
5008002.0,8.54226,37.0692,7.13943
5016002.0,9.063880000000001,37.3004,10.9951
5024002.0,8.97499,37.2237,15.0496
5032002.0,9.855089999999999,37.2785,19.5776
5040002.0,10.8095,37.394,23.919
5048002.0,11.1015,37.5223,27.5787
5056002.0,12.4158,37.45,32.3992
5064002.0,14.2883,37.3343,37.1836
5072002.0,15.1272,37.3576,41.3875
5080002.0,16.2493,37.513000000000005,46.2524
5088002.0,17.2815,37.7973,1.7743900000000001
5096002.0,19.6758,37.5072,6.978839999999999
5104002.0,21.1948,37.6302,12.3381
5112002.0,22.2258,37.5625,17.2165
5120002.0,23.521,37.3156,22.1356
5128002.0,24.6362,37.4679,27.1613
5136002.0,25.333000000000002,36.9667,31.9465
5144002.0,26.2918,36.8393,37.3948
5152002.0,26.7632,36.304,42.5765
5160002.0,28.2313,36.4806,48.5723
5168002.0,29.0636,36.325,4.72909
5176002.0,29.7633,36.0801,9.71378
5184002.0,30.4372,36.1887,14.2318
5192002.0,30.8522,36.4743,18.230999999999998
5200002.0,31.5643,35.9069,23.4041
5208002.0,32.1808,36.2387,26.5877
5216002.0,33.4001,36.4646,31.728
5224002.0,34.5814,37.0448,35.9733
5232002.0,35.77,36.9947,41.0549
5240002.0,37.3198,36.4682,46.4056
5248002.0,36.6853,37.1412,0.471293
5256002.0,36.3324,37.5559,3.9159599999999997
5264002.0,37.1395,37.4036,8.3059
5272002.0,37.6923,37.6109,12.4008
5280002.0,38.8797,37.8252,17.215999999999998
5288002.0,38.9532,37.7994,21.3602
5296002.0,39.5091,38.0011,25.8791
5304002.0,39.9435,37.7653,30.5152
5312002.0,41.8037,38.1279,34.4819
5320002.0,42.2694,38.1559,39.3788
5328002.0,42.6043,38.0767,43.6181
5336002.0,43.6169,38.263000000000005,48.2572
5344002.0,44.6648,38.2082,2.3298900000000002
5352002.0,45.2506,38.2512,6.65158
5360002.0,45.8419,38.3254,9.91868
5368002.0,46.0925,38.3564,14.8384
5376002.0,45.968,38.3825,19.3075
5384002.0,47.1145,38.5411,24.3262
5392002.0,47.5045,37.9037,27.7413
5400002.0,48.0095,37.9267,32.515
5408002.0,48.1917,37.9632,36.556
5416002.0,48.9159,37.5761,41.6721
5424002.0,49.4338,37.4224,46.4998
5432002.0,0.707542,37.5271,0.998159
5440002.0,1.78512,37.6593,4.66608
5448002.0,1.9137099999999998,38.1223,9.56057
5456002.0,2.61713,38.1685,14.4952
5464002.0,2.72688,38.4001,18.6518
5472002.0,2.68531,38.6021,23.8918
5480002.0,3.8413,38.5355,28.5777
5488002.0,4.55085,38.3351,32.6571
5496002.0,5.69917,38.1941,37.2509
5504002.0,6.38754,38.0479,41.9943
5512002.0,7.27681,38.1364,45.8067
5520002.0,7.7295300000000005,38.369,1.05926
5528002.0,9.20473,38.4171,5.288469999999999
5536002.0,9.8063,38.325,10.1853
5544002.0,10.6453,37.7171,15.0593
5552002.0,11.7512,37.7949,19.4125
5560002.0,12.5064,37.4501,23.969
5568002.0,13.4845,36.9774,28.4796
5576002.0,14.1355,36.9136,32.0669
5584002.0,14.6403,36.623000000000005,37.0437
5592002.0,14.7802,36.6829,41.6422
5600002.0,14.7304,36.6691,46.4503
5608002.0,15.2066,36.3669,1.0660100000000001
5616002.0,15.1226,36.5478,6.075
5624002.0,15.1662,36.2769,10.4388
5632002.0,15.9873,36.205999999999996,14.8488
5640002.0,17.3904,36.2409,20.1361
5648002.0,18.4803,36.3848,25.0925
5656002.0,19.0914,36.3761,29.9231
5664002.0,19.2786,36.4364,34.9149
5672002.0,20.0014,36.5613,39.0786
5680002.0,20.5228,36.5751,43.8873
5688002.0,20.873,36.7918,47.9035
5696002.0,21.1112,36.8121,2.42758
5704002.0,21.6309,36.8359,7.0716399999999995
5712002.0,22.3662,36.943000000000005,11.9064
5720002.0,22.5614,36.7811,16.3809
5728002.0,22.7309,36.9147,21.0846
5736002.0,22.9386,36.9473,26.095
5744002.0,23.1392,36.8104,31.0258
5752002.0,23.2527,36.7475,35.7031
5760002.0,23.5286,36.568000000000005,40.2392
5768002.0,25.1408,36.5206,44.5753
5776002.0,26.4115,36.5288,0.128527
5784002.0,26.447,36.5253,5.21628
5792002.0,26.9203,36.5466,10.7282
5800002.0,27.5258,36.609,16.1105
5808002.0,28.4024,36.5277,20.8495
5816002.0,29.6144,36.4631,26.4139
5824002.0,29.9479,36.6785,30.6621
5832002.0,30.427,36.7202,35.0395
5840002.0,30.9074,36.8206,39.8252
5848002.0,32.5033,36.6465,44.7008
5856002.0,33.2843,36.4069,0.593684
5864002.0,34.7133,36.2141,5.2828599999999994
5872002.0,35.1313,36.3232,9.73511
5880002.0,35.8938,36.358000000000004,14.2845
5888002.0,36.8041,36.4121,19.4986
5896002.0,37.9064,36.3483,24.1089
5904002.0,39.1237,36.2746,29.0239
5912002.0,39.7309,36.1941,34.1063
5920002.0,40.3008,36.3716,39.2627
5928002.0,40.9062,36.5946,44.3247
5936002.0,41.1508,36.6994,49.0462
5944002.0,41.5808,36.899,4.05093
5952002.0,41.4834,36.7188,8.70433
5960002.0,41.7878,36.8331,13.4111
5968002.0,42.36,36.8198,17.8358
5976002.0,42.3033,36.833,22.8142
5984002.0,42.586000000000006,36.5871,27.6398
5992002.0,42.8526,36.6395,32.6637
6000002.0,43.3256,36.5764,37.3706
6008002.0,43.3775,36.4779,41.8427
6016002.0,43.6954,36.2122,45.9162
6024002.0,43.6983,36.0761,1.34159
6032002.0,43.916000000000004,36.0245,6.08571
6040002.0,44.092,36.1003,10.6377
6048002.0,44.4969,36.1592,15.4238
6056002.0,44.9687,36.3006,20.1113
6064002.0,45.4015,36.4577,25.1422
6072002.0,45.5962,36.5244,29.9702
6080002.0,45.9536,36.5894,34.8407
6088002.0,46.4771,36.5558,39.4132
6096002.0,47.2022,36.5937,44.1973
6104002.0,47.4673,36.4324,48.8578
6112002.0,47.8576,36.4679,4.18224
6120002.0,47.9689,36.3493,8.7676
6128002.0,48.2378,36.2016,13.7173
6136002.0,48.6684,36.1149,18.7881
6144002.0,48.7913,35.9094,23.8041
6152002.0,48.9705,35.7705,28.6082
6160002.0,49.3188,35.6486,33.6728
6168002.0,0.550524,35.5672,38.6431
6176002.0,0.908375,35.79,44.1579
6184002.0,0.933625,35.8584,48.8138
6192002.0,0.9516610000000001,36.3005,4.28648
6200002.0,1.3633,36.1685,8.85003
6208002.0,1.97147,36.1463,13.6678
6216002.0,2.56414,36.1976,18.7921
6224002.0,3.04719,36.2182,23.4811
6232002.0,3.6142300000000005,36.1758,28.0636
6240002.0,4.66291,35.9273,33.3286
6248002.0,6.12831,35.7311,38.1917
6256002.0,7.527810000000001,35.7388,42.7198
6264002.0,8.564919999999999,35.6933,47.347
6272002.0,9.18753,35.5604,2.1128099999999996
6280002.0,9.583639999999999,35.6193,6.7734
6288002.0,10.1142,35.5942,11.7481
6296002.0,10.6063,35.6043,16.3301
6304002.0,11.509,35.5786,21.1291
6312002.0,13.0352,35.567,25.6812
6320002.0,14.5305,35.5998,30.2655
6328002.0,16.1141,35.7704,35.1185
6336002.0,16.8542,36.0102,39.374
6344002.0,16.7146,35.6799,43.6411
6352002.0,16.5138,35.5054,48.3015
6360002.0,16.6306,35.3621,3.15524
6368002.0,17.5178,35.2118,8.22447
6376002.0,17.8147,34.9157,12.8359
6384002.0,18.0897,34.9723,17.9675
6392002.0,18.1268,34.91,22.3531
6400002.0,18.1252,35.0038,27.4803
6408002.0,18.4032,34.9537,32.5525
6416002.0,18.3436,35.0098,37.0289
6424002.0,18.2187,35.1952,41.8123
6432002.0,18.4499,34.8939,46.1481
6440002.0,18.3061,34.9873,0.720669
6448002.0,18.8131,35.5747,5.46189
6456002.0,19.4611,35.7433,9.60135
6464002.0,20.2231,35.8356,14.0434
6472002.0,20.839000000000002,35.8871,19.7073
6480002.0,21.0153,35.9112,24.6534
6488002.0,21.4419,35.9083,28.7316
6496002.0,21.4745,35.982,33.4554
6504002.0,22.1565,35.8132,38.327
6512002.0,22.4686,35.6972,43.1236
6520002.0,22.3024,35.3973,47.7743
6528002.0,22.4449,35.1291,3.07285
6536002.0,22.663,35.4025,8.24065
6544002.0,22.9919,35.1443,12.5466
6552002.0,23.7047,35.1915,16.5872
6560002.0,24.651999999999997,35.1695,21.6127
6568002.0,25.7385,35.1904,25.8416
6576002.0,27.4195,35.1675,30.7818
6584002.0,28.6215,34.983000000000004,35.7631
6592002.0,29.8987,34.842,40.9166
6600002.0,31.5703,34.4065,45.1255
6608002.0,33.1206,34.2833,0.33411399999999997
6616002.0,35.5016,34.0767,4.87006
6624002.0,38.2564,34.1557,9.113719999999999
6632002.0,40.819,34.1124,14.1388
6640002.0,41.4039,34.1307,19.6004
6648002.0,43.2656,34.2602,24.2271
6656002.0,44.6179,34.4462,29.3903
6664002.0,45.8036,34.3726,33.3053
6672002.0,47.9919,34.5382,38.4602
6680002.0,48.705,33.998000000000005,43.5395
6688002.0,49.413000000000004,34.0168,48.0658
6696002.0,1.60992,34.0739,2.24287
6704002.0,3.37715,34.7537,7.341310000000001
6712002.0,5.32914,35.0488,11.7621
6720002.0,7.29735,35.580999999999996,15.7587
6728002.0,8.75332,35.3975,19.7827
6736002.0,9.93188,35.2216,23.7969
6744002.0,10.1695,34.5976,28.9091
6752002.0,12.1406,34.5536,33.656
6760002.0,12.5262,34.3375,38.0485
6768002.0,13.1186,34.3714,42.9925
6776002.0,13.3174,34.3945,47.3704
6784002.0,14.6979,34.9733,2.69694
6792002.0,15.2767,35.207,7.351310000000001
6800002.0,16.2933,35.5359,11.5394
6808002.0,16.4083,35.7443,15.5783
6816002.0,16.4015,35.8728,19.9994
6824002.0,17.9365,36.1635,24.2902
6832002.0,19.0055,36.4124,28.9185
6840002.0,19.4192,36.2098,33.9771
6848002.0,20.6472,35.6842,38.1885
6856002.0,21.2999,35.5148,42.6609
6864002.0,22.3022,35.7099,47.2386
6872002.0,23.2057,35.637,2.3535
6880002.0,24.6368,34.9548,6.197
6888002.0,25.2009,34.7813,11.1189
6896002.0,26.1911,34.277,15.1544
6904002.0,27.4606,34.2389,19.7125
6912002.0,30.0975,34.1199,24.5377
6920002.0,31.6396,34.2507,28.9558
6928002.0,33.0793,34.5565,33.4792
6936002.0,33.5711,34.2884,36.8978
6944002.0,35.3182,34.2869,40.7263
6952002.0,37.900999999999996,34.3081,44.1425
6960002.0,39.396,34.3249,47.0578
6968002.0,40.2198,33.9844,1.27825
6976002.0,41.5319,34.229,6.03868
6984002.0,41.8085,34.109,10.6387
6992002.0,42.6558,33.985,15.4741
7000002.0,43.3965,34.2366,18.9726
7008002.0,45.1017,34.8222,23.1837
7016002.0,45.9685,35.3331,27.033
7024002.0,46.1803,35.0592,31.6311
7032002.0,46.8953,34.4737,34.7323
7040002.0,47.6574,33.9269,38.9691
7048002.0,48.3632,34.1744,43.9445
7056002.0,0.403057,33.6575,48.1521
7064002.0,2.54657,32.6061,2.7358700000000002
7072002.0,3.701,32.9945,6.7113
7080002.0,4.87138,32.27,10.6097
7088002.0,3.20764,28.5566,12.9321
7096002.0,2.45053,23.3525,14.2618
7104002.0,2.02442,25.2629,15.6153
7112002.0,3.5429,25.1279,19.3501
7120002.0,5.68406,26.8132,21.7568
7128002.0,7.4106,25.8231,24.3235
7136002.0,8.77064,26.1948,28.2595
7144002.0,7.38013,25.8316,32.6916
7152002.0,8.031930000000001,26.5434,37.5576
7160002.0,9.89673,27.5126,41.1528
7168002.0,13.2596,25.5327,41.6062
7176002.0,15.2418,24.7306,44.7743
7184002.0,17.0785,24.0945,46.5614
7192002.0,16.1802,24.8392,1.57545
7200002.0,17.8879,24.5027,5.68415
7204002.0,17.9037,24.3063,6.70395
7212002.0,21.7744,24.403000000000002,10.7773
7220002.0,22.9947,24.5679,14.3356
7228002.0,24.9041,24.6156,18.4022
7236002.0,24.9212,24.4134,21.4878
7244002.0,25.4377,24.5726,25.9953
7252002.0,25.5196,24.5839,29.9822
7260002.0,26.8179,24.3161,34.0914
7268002.0,26.6771,24.5846,39.2231
7276002.0,28.1163,24.4184,43.0862
7284002.0,28.6593,24.4632,47.6761
7292002.0,30.666,24.3417,1.50225
7300002.0,32.5109,24.349,4.63068
7308002.0,33.5428,24.7964,7.76134
7316002.0,33.945,24.6958,11.3472
7324002.0,33.6473,24.7372,14.86
7332002.0,34.632,24.2598,19.4001
7340002.0,35.3407,24.1573,22.8736
7348002.0,35.8216,23.758000000000003,25.6339
7356002.0,36.303000000000004,23.8913,28.4439
7364002.0,37.1543,23.671,30.8032
7372002.0,37.6506,23.7131,34.1572
7380002.0,38.2049,23.4216,36.6973
7388002.0,38.3693,23.3571,40.3478
7396002.0,39.1194,23.4356,43.4485
7404002.0,39.3981,23.4188,47.0536
7412002.0,40.4583,23.2016,0.810416
7420002.0,40.7145,23.1849,5.33991
7428002.0,41.6165,23.0393,9.6673
7436002.0,41.9549,23.182,13.8443
7444002.0,42.3639,23.1023,17.1789
7452002.0,42.9474,22.934,21.6054
7460002.0,43.4086,22.438000000000002,24.8913
7468002.0,44.1371,22.101999999999997,28.5438
7476002.0,44.7364,21.853,31.3979
7484002.0,45.7474,21.6852,35.3505
7492002.0,46.3752,22.061,38.1219
7500002.0,46.8202,22.3774,42.0068
7508002.0,48.2888,22.1829,44.5233
7516002.0,0.233897,22.4951,47.8785
7524002.0,0.9306049999999999,23.0624,2.02325
7532002.0,2.13859,22.8767,6.12254
7540002.0,2.60955,23.2466,9.799339999999999
7548002.0,2.95421,23.3995,11.2545
7556002.0,3.81736,23.0521,15.7466
7564002.0,4.07292,23.0236,18.6588
7572002.0,5.4295,22.802,22.1069
7580002.0,6.33718,22.9588,25.6143
7588002.0,6.848739999999999,22.7562,29.6743
7596002.0,7.19215,22.5314,32.5421
7604002.0,7.74361,22.9835,35.6783
7612002.0,7.7333300000000005,23.1212,39.7932
7620002.0,8.05515,23.146,43.382
7628002.0,8.5529,23.1848,47.4745
7636002.0,9.46745,23.5085,0.794392
7644002.0,10.2948,23.6244,4.46263
7652002.0,10.9517,23.6957,7.46405
7660002.0,11.067,23.61,10.765
7668002.0,12.8706,23.4971,14.8998
7676002.0,13.1005,24.2464,19.5798
7684002.0,13.8803,24.5488,23.5802
7692002.0,15.7541,24.3746,27.8241
7700002.0,16.9134,24.322,30.5557
7708002.0,17.4713,24.5621,34.349000000000004
7716002.0,18.4547,24.4554,37.7467
7724002.0,19.8557,24.7131,40.4184
7732002.0,21.4435,25.3198,43.951
7740002.0,23.0376,25.7053,47.7807
7748002.0,23.7075,25.6229,2.6175200000000003
7756002.0,24.098000000000003,25.8191,5.53199
7764002.0,24.5511,25.7065,9.92061
7772002.0,24.7828,25.7836,13.7752
7780002.0,25.0367,25.5768,17.8243
7788002.0,25.1935,25.7559,22.1852
7796002.0,25.2452,25.3462,26.5046
7804002.0,25.7921,25.4871,30.3331
7812002.0,26.5504,25.2863,35.0465
7820002.0,27.9286,25.155,38.8965
7828002.0,29.3988,24.9012,43.5797
7836002.0,30.2836,24.7685,48.0284
7844002.0,30.7087,24.261,1.04509
7852002.0,29.7888,24.5907,5.49191
7860002.0,30.2192,24.6844,9.07974
7868002.0,30.2695,24.5435,13.8543
7876002.0,31.0926,24.4409,17.7511
7884002.0,32.0765,24.5941,22.208000000000002
7892002.0,33.0853,24.4627,26.6095
7900002.0,33.4388,24.4019,30.6922
7908002.0,33.797,24.4255,34.4756
7916002.0,32.9233,24.4844,38.093
7924002.0,33.2142,24.6756,42.0264
7932002.0,33.7065,24.7268,44.5282
7940002.0,34.5901,24.9458,48.4645
7948002.0,35.2536,24.9976,2.95641
7956002.0,35.4341,25.1971,6.02016
7964002.0,34.4465,24.2932,8.98746
7972002.0,32.8156,24.8186,12.253
7980002.0,30.9724,29.2305,17.3442
7988002.0,27.910999999999998,28.4559,20.5575
7996002.0,26.0707,27.7998,23.1313
